[0.042s] Invoking command in '/home/chaung/f_ws/build/dynamixel_sdk_examples': AMENT_PREFIX_PATH=/home/chaung/f_ws/install/dynamixel_sdk_custom_interfaces:/home/chaung/f_ws/install/dynamixel_sdk:${AMENT_PREFIX_PATH} CMAKE_PREFIX_PATH=/home/chaung/f_ws/install/dynamixel_sdk_custom_interfaces:/home/chaung/f_ws/install/dynamixel_sdk:/opt/ros/foxy LD_LIBRARY_PATH=/home/chaung/f_ws/install/dynamixel_sdk_custom_interfaces/lib:/home/chaung/f_ws/install/dynamixel_sdk/lib:${LD_LIBRARY_PATH} PYTHONPATH=/home/chaung/f_ws/install/dynamixel_sdk_custom_interfaces/lib/python3.8/site-packages:${PYTHONPATH} /usr/bin/cmake --build /home/chaung/f_ws/build/dynamixel_sdk_examples -- -j12 -l12
[0.091s] [100%] Built target read_write_node
[0.108s] Invoked command in '/home/chaung/f_ws/build/dynamixel_sdk_examples' returned '0': AMENT_PREFIX_PATH=/home/chaung/f_ws/install/dynamixel_sdk_custom_interfaces:/home/chaung/f_ws/install/dynamixel_sdk:${AMENT_PREFIX_PATH} CMAKE_PREFIX_PATH=/home/chaung/f_ws/install/dynamixel_sdk_custom_interfaces:/home/chaung/f_ws/install/dynamixel_sdk:/opt/ros/foxy LD_LIBRARY_PATH=/home/chaung/f_ws/install/dynamixel_sdk_custom_interfaces/lib:/home/chaung/f_ws/install/dynamixel_sdk/lib:${LD_LIBRARY_PATH} PYTHONPATH=/home/chaung/f_ws/install/dynamixel_sdk_custom_interfaces/lib/python3.8/site-packages:${PYTHONPATH} /usr/bin/cmake --build /home/chaung/f_ws/build/dynamixel_sdk_examples -- -j12 -l12
[0.128s] Invoking command in '/home/chaung/f_ws/build/dynamixel_sdk_examples': AMENT_PREFIX_PATH=/home/chaung/f_ws/install/dynamixel_sdk_custom_interfaces:/home/chaung/f_ws/install/dynamixel_sdk:${AMENT_PREFIX_PATH} CMAKE_PREFIX_PATH=/home/chaung/f_ws/install/dynamixel_sdk_custom_interfaces:/home/chaung/f_ws/install/dynamixel_sdk:/opt/ros/foxy LD_LIBRARY_PATH=/home/chaung/f_ws/install/dynamixel_sdk_custom_interfaces/lib:/home/chaung/f_ws/install/dynamixel_sdk/lib:${LD_LIBRARY_PATH} PYTHONPATH=/home/chaung/f_ws/install/dynamixel_sdk_custom_interfaces/lib/python3.8/site-packages:${PYTHONPATH} /usr/bin/cmake --install /home/chaung/f_ws/build/dynamixel_sdk_examples
[0.136s] -- Install configuration: ""
[0.136s] -- Execute custom install script
[0.137s] -- Up-to-date symlink: /home/chaung/f_ws/install/dynamixel_sdk_examples/lib/dynamixel_sdk_examples/read_write_node
[0.137s] -- Up-to-date symlink: /home/chaung/f_ws/install/dynamixel_sdk_examples/share/ament_index/resource_index/package_run_dependencies/dynamixel_sdk_examples
[0.137s] -- Up-to-date symlink: /home/chaung/f_ws/install/dynamixel_sdk_examples/share/ament_index/resource_index/parent_prefix_path/dynamixel_sdk_examples
[0.138s] -- Up-to-date symlink: /home/chaung/f_ws/install/dynamixel_sdk_examples/share/dynamixel_sdk_examples/environment/ament_prefix_path.sh
[0.138s] -- Up-to-date symlink: /home/chaung/f_ws/install/dynamixel_sdk_examples/share/dynamixel_sdk_examples/environment/ament_prefix_path.dsv
[0.139s] -- Up-to-date symlink: /home/chaung/f_ws/install/dynamixel_sdk_examples/share/dynamixel_sdk_examples/environment/path.sh
[0.139s] -- Up-to-date symlink: /home/chaung/f_ws/install/dynamixel_sdk_examples/share/dynamixel_sdk_examples/environment/path.dsv
[0.139s] -- Up-to-date symlink: /home/chaung/f_ws/install/dynamixel_sdk_examples/share/dynamixel_sdk_examples/local_setup.bash
[0.139s] -- Up-to-date symlink: /home/chaung/f_ws/install/dynamixel_sdk_examples/share/dynamixel_sdk_examples/local_setup.sh
[0.139s] -- Up-to-date symlink: /home/chaung/f_ws/install/dynamixel_sdk_examples/share/dynamixel_sdk_examples/local_setup.zsh
[0.140s] -- Up-to-date symlink: /home/chaung/f_ws/install/dynamixel_sdk_examples/share/dynamixel_sdk_examples/local_setup.dsv
[0.140s] -- Symlinking: /home/chaung/f_ws/install/dynamixel_sdk_examples/share/dynamixel_sdk_examples/package.dsv
[0.148s] -- Up-to-date symlink: /home/chaung/f_ws/install/dynamixel_sdk_examples/share/ament_index/resource_index/packages/dynamixel_sdk_examples
[0.149s] -- Up-to-date symlink: /home/chaung/f_ws/install/dynamixel_sdk_examples/share/dynamixel_sdk_examples/cmake/dynamixel_sdk_examplesConfig.cmake
[0.149s] -- Up-to-date symlink: /home/chaung/f_ws/install/dynamixel_sdk_examples/share/dynamixel_sdk_examples/cmake/dynamixel_sdk_examplesConfig-version.cmake
[0.149s] -- Up-to-date symlink: /home/chaung/f_ws/install/dynamixel_sdk_examples/share/dynamixel_sdk_examples/package.xml
[0.153s] Invoked command in '/home/chaung/f_ws/build/dynamixel_sdk_examples' returned '0': AMENT_PREFIX_PATH=/home/chaung/f_ws/install/dynamixel_sdk_custom_interfaces:/home/chaung/f_ws/install/dynamixel_sdk:${AMENT_PREFIX_PATH} CMAKE_PREFIX_PATH=/home/chaung/f_ws/install/dynamixel_sdk_custom_interfaces:/home/chaung/f_ws/install/dynamixel_sdk:/opt/ros/foxy LD_LIBRARY_PATH=/home/chaung/f_ws/install/dynamixel_sdk_custom_interfaces/lib:/home/chaung/f_ws/install/dynamixel_sdk/lib:${LD_LIBRARY_PATH} PYTHONPATH=/home/chaung/f_ws/install/dynamixel_sdk_custom_interfaces/lib/python3.8/site-packages:${PYTHONPATH} /usr/bin/cmake --install /home/chaung/f_ws/build/dynamixel_sdk_examples
