[0.023s] Invoking command in '/home/chaung/f_ws/build/cartographer_ros': AMENT_PREFIX_PATH=/home/chaung/f_ws/install/cartographer_ros_msgs:${AMENT_PREFIX_PATH} CMAKE_PREFIX_PATH=/home/chaung/f_ws/install/cartographer_ros_msgs:/home/chaung/f_ws/install/cartographer:/opt/ros/foxy LD_LIBRARY_PATH=/home/chaung/f_ws/install/cartographer_ros_msgs/lib:${LD_LIBRARY_PATH} PATH=/home/chaung/f_ws/install/cartographer/bin:${PATH} PKG_CONFIG_PATH=/home/chaung/f_ws/install/cartographer/lib/x86_64-linux-gnu/pkgconfig:/home/chaung/f_ws/install/cartographer/lib/pkgconfig PYTHONPATH=/home/chaung/f_ws/install/cartographer_ros_msgs/lib/python3.8/site-packages:${PYTHONPATH} /usr/bin/cmake --build /home/chaung/f_ws/build/cartographer_ros -- -j12 -l12
[0.073s] -- Found ament_cmake: 0.9.11 (/opt/ros/foxy/share/ament_cmake/cmake)
[0.094s] -- Using PYTHON_EXECUTABLE: /usr/bin/python3
[0.232s] -- Found installed version of Eigen: /usr/lib/cmake/eigen3
[0.235s] -- Found required Ceres dependency: Eigen version 3.3.7 in /usr/include/eigen3
[0.237s] -- Found required Ceres dependency: glog
[0.240s] -- Found installed version of gflags: /usr/lib/x86_64-linux-gnu/cmake/gflags
[0.240s] -- Detected gflags version: 2.2.2
[0.241s] -- Found required Ceres dependency: gflags
[0.242s] -- Found Ceres version: 1.14.0 installed in: /usr with components: [EigenSparse, SparseLinearAlgebraLibrary, LAPACK, SuiteSparse, CXSparse, SchurSpecializations, OpenMP, Multithreading]
[0.244s] -- Build type: Release
[0.245s] -- Found cartographer_ros_msgs: 1.0.9003 (/home/chaung/f_ws/install/cartographer_ros_msgs/share/cartographer_ros_msgs/cmake)
[0.261s] -- Using all available rosidl_typesupport_c: rosidl_typesupport_fastrtps_c;rosidl_typesupport_introspection_c
[0.263s] -- Found rosidl_adapter: 1.3.0 (/opt/ros/foxy/share/rosidl_adapter/cmake)
[0.345s] -- Using all available rosidl_typesupport_cpp: rosidl_typesupport_fastrtps_cpp;rosidl_typesupport_introspection_cpp
[0.477s] -- Found nav_msgs: 2.0.5 (/opt/ros/foxy/share/nav_msgs/cmake)
[0.527s] -- Found pcl_conversions: 2.2.1 (/opt/ros/foxy/share/pcl_conversions/cmake)
[0.734s] -- Found rmw_implementation_cmake: 1.0.4 (/opt/ros/foxy/share/rmw_implementation_cmake/cmake)
[0.735s] -- Using RMW implementation 'rmw_fastrtps_cpp' as default
[0.856s] -- Found tf2: 0.13.14 (/opt/ros/foxy/share/tf2/cmake)
[0.872s] -- Found tf2_ros: 0.13.14 (/opt/ros/foxy/share/tf2_ros/cmake)
[1.141s] -- Found tf2_eigen: 0.13.14 (/opt/ros/foxy/share/tf2_eigen/cmake)
[1.144s] -- Found visualization_msgs: 2.0.5 (/opt/ros/foxy/share/visualization_msgs/cmake)
[1.211s] -- Eigen found (include: /usr/include/eigen3, version: 3.3.7)
[1.225s] -- looking for PCL_COMMON
[1.313s] -- Configuring done
[1.388s] -- Generating done
[1.389s] -- Build files have been written to: /home/chaung/f_ws/build/cartographer_ros
[1.452s] [  0%] Built target cartographer_ros_detect_changes
[1.485s] [ 68%] Built target cartographer_ros
[1.519s] [ 89%] Built target occupancy_grid_node
[1.519s] [ 89%] Built target pbstream_to_ros_map_node
[1.519s] [100%] Built target cartographer_node
[1.530s] Invoked command in '/home/chaung/f_ws/build/cartographer_ros' returned '0': AMENT_PREFIX_PATH=/home/chaung/f_ws/install/cartographer_ros_msgs:${AMENT_PREFIX_PATH} CMAKE_PREFIX_PATH=/home/chaung/f_ws/install/cartographer_ros_msgs:/home/chaung/f_ws/install/cartographer:/opt/ros/foxy LD_LIBRARY_PATH=/home/chaung/f_ws/install/cartographer_ros_msgs/lib:${LD_LIBRARY_PATH} PATH=/home/chaung/f_ws/install/cartographer/bin:${PATH} PKG_CONFIG_PATH=/home/chaung/f_ws/install/cartographer/lib/x86_64-linux-gnu/pkgconfig:/home/chaung/f_ws/install/cartographer/lib/pkgconfig PYTHONPATH=/home/chaung/f_ws/install/cartographer_ros_msgs/lib/python3.8/site-packages:${PYTHONPATH} /usr/bin/cmake --build /home/chaung/f_ws/build/cartographer_ros -- -j12 -l12
[1.579s] Invoking command in '/home/chaung/f_ws/build/cartographer_ros': AMENT_PREFIX_PATH=/home/chaung/f_ws/install/cartographer_ros_msgs:${AMENT_PREFIX_PATH} CMAKE_PREFIX_PATH=/home/chaung/f_ws/install/cartographer_ros_msgs:/home/chaung/f_ws/install/cartographer:/opt/ros/foxy LD_LIBRARY_PATH=/home/chaung/f_ws/install/cartographer_ros_msgs/lib:${LD_LIBRARY_PATH} PATH=/home/chaung/f_ws/install/cartographer/bin:${PATH} PKG_CONFIG_PATH=/home/chaung/f_ws/install/cartographer/lib/x86_64-linux-gnu/pkgconfig:/home/chaung/f_ws/install/cartographer/lib/pkgconfig PYTHONPATH=/home/chaung/f_ws/install/cartographer_ros_msgs/lib/python3.8/site-packages:${PYTHONPATH} /usr/bin/cmake --install /home/chaung/f_ws/build/cartographer_ros
[1.594s] -- Install configuration: "Release"
[1.602s] -- Up-to-date: /home/chaung/f_ws/install/cartographer_ros/share/cartographer_ros//configuration_files
[1.602s] -- Up-to-date: /home/chaung/f_ws/install/cartographer_ros/share/cartographer_ros//configuration_files/backpack_3d_localization.lua
[1.603s] -- Up-to-date: /home/chaung/f_ws/install/cartographer_ros/share/cartographer_ros//configuration_files/assets_writer_backpack_2d_ci.lua
[1.603s] -- Up-to-date: /home/chaung/f_ws/install/cartographer_ros/share/cartographer_ros//configuration_files/assets_writer_backpack_2d.lua
[1.603s] -- Up-to-date: /home/chaung/f_ws/install/cartographer_ros/share/cartographer_ros//configuration_files/assets_writer_backpack_3d.lua
[1.604s] -- Up-to-date: /home/chaung/f_ws/install/cartographer_ros/share/cartographer_ros//configuration_files/revo_lds.lua
[1.604s] -- Up-to-date: /home/chaung/f_ws/install/cartographer_ros/share/cartographer_ros//configuration_files/demo_2d.rviz
[1.604s] -- Up-to-date: /home/chaung/f_ws/install/cartographer_ros/share/cartographer_ros//configuration_files/visualize_pbstream.lua
[1.604s] -- Up-to-date: /home/chaung/f_ws/install/cartographer_ros/share/cartographer_ros//configuration_files/backpack_3d.lua
[1.604s] -- Up-to-date: /home/chaung/f_ws/install/cartographer_ros/share/cartographer_ros//configuration_files/demo_3d.rviz
[1.604s] -- Up-to-date: /home/chaung/f_ws/install/cartographer_ros/share/cartographer_ros//configuration_files/assets_writer_ros_map.lua
[1.604s] -- Up-to-date: /home/chaung/f_ws/install/cartographer_ros/share/cartographer_ros//configuration_files/transform.lua
[1.605s] -- Up-to-date: /home/chaung/f_ws/install/cartographer_ros/share/cartographer_ros//configuration_files/backpack_2d_localization.lua
[1.605s] -- Up-to-date: /home/chaung/f_ws/install/cartographer_ros/share/cartographer_ros//configuration_files/backpack_2d_localization_evaluation.lua
[1.605s] -- Up-to-date: /home/chaung/f_ws/install/cartographer_ros/share/cartographer_ros//configuration_files/taurob_tracker.lua
[1.605s] -- Up-to-date: /home/chaung/f_ws/install/cartographer_ros/share/cartographer_ros//configuration_files/backpack_2d_server.lua
[1.605s] -- Up-to-date: /home/chaung/f_ws/install/cartographer_ros/share/cartographer_ros//configuration_files/backpack_2d.lua
[1.605s] -- Up-to-date: /home/chaung/f_ws/install/cartographer_ros/share/cartographer_ros//configuration_files/turtlebot3_lds_2d.lua
[1.606s] -- Up-to-date: /home/chaung/f_ws/install/cartographer_ros/share/cartographer_ros//configuration_files/pr2.lua
[1.606s] -- Up-to-date: /home/chaung/f_ws/install/cartographer_ros/lib/libcartographer_ros.a
[1.606s] -- Up-to-date: /home/chaung/f_ws/install/cartographer_ros/share/ament_index/resource_index/package_run_dependencies/cartographer_ros
[1.606s] -- Installing: /home/chaung/f_ws/install/cartographer_ros/share/ament_index/resource_index/parent_prefix_path/cartographer_ros
[1.606s] -- Up-to-date: /home/chaung/f_ws/install/cartographer_ros/share/cartographer_ros/environment/ament_prefix_path.sh
[1.606s] -- Installing: /home/chaung/f_ws/install/cartographer_ros/share/cartographer_ros/environment/ament_prefix_path.dsv
[1.606s] -- Up-to-date: /home/chaung/f_ws/install/cartographer_ros/share/cartographer_ros/environment/path.sh
[1.607s] -- Installing: /home/chaung/f_ws/install/cartographer_ros/share/cartographer_ros/environment/path.dsv
[1.607s] -- Up-to-date: /home/chaung/f_ws/install/cartographer_ros/share/cartographer_ros/local_setup.bash
[1.607s] -- Up-to-date: /home/chaung/f_ws/install/cartographer_ros/share/cartographer_ros/local_setup.sh
[1.607s] -- Up-to-date: /home/chaung/f_ws/install/cartographer_ros/share/cartographer_ros/local_setup.zsh
[1.607s] -- Installing: /home/chaung/f_ws/install/cartographer_ros/share/cartographer_ros/local_setup.dsv
[1.608s] -- Installing: /home/chaung/f_ws/install/cartographer_ros/share/cartographer_ros/package.dsv
[1.608s] -- Up-to-date: /home/chaung/f_ws/install/cartographer_ros/share/ament_index/resource_index/packages/cartographer_ros
[1.608s] -- Up-to-date: /home/chaung/f_ws/install/cartographer_ros/share/cartographer_ros/cmake/cartographer_rosConfig.cmake
[1.608s] -- Up-to-date: /home/chaung/f_ws/install/cartographer_ros/share/cartographer_ros/cmake/cartographer_rosConfig-version.cmake
[1.608s] -- Up-to-date: /home/chaung/f_ws/install/cartographer_ros/share/cartographer_ros/package.xml
[1.609s] -- Up-to-date: /home/chaung/f_ws/install/cartographer_ros/lib/cartographer_ros/cartographer_node
[1.611s] -- Up-to-date: /home/chaung/f_ws/install/cartographer_ros/lib/cartographer_ros/occupancy_grid_node
[1.612s] -- Up-to-date: /home/chaung/f_ws/install/cartographer_ros/lib/cartographer_ros/pbstream_to_ros_map_node
[1.620s] Invoked command in '/home/chaung/f_ws/build/cartographer_ros' returned '0': AMENT_PREFIX_PATH=/home/chaung/f_ws/install/cartographer_ros_msgs:${AMENT_PREFIX_PATH} CMAKE_PREFIX_PATH=/home/chaung/f_ws/install/cartographer_ros_msgs:/home/chaung/f_ws/install/cartographer:/opt/ros/foxy LD_LIBRARY_PATH=/home/chaung/f_ws/install/cartographer_ros_msgs/lib:${LD_LIBRARY_PATH} PATH=/home/chaung/f_ws/install/cartographer/bin:${PATH} PKG_CONFIG_PATH=/home/chaung/f_ws/install/cartographer/lib/x86_64-linux-gnu/pkgconfig:/home/chaung/f_ws/install/cartographer/lib/pkgconfig PYTHONPATH=/home/chaung/f_ws/install/cartographer_ros_msgs/lib/python3.8/site-packages:${PYTHONPATH} /usr/bin/cmake --install /home/chaung/f_ws/build/cartographer_ros
