[0.021s] Invoking command in '/home/chaung/f_ws/build/rtabmap_util': AMENT_PREFIX_PATH=/home/chaung/f_ws/install/rtabmap_conversions:${AMENT_PREFIX_PATH} CMAKE_PREFIX_PATH=/home/chaung/f_ws/install/rtabmap_conversions:/home/chaung/f_ws/install/openslam_gmapping:/home/chaung/f_ws/install/bno055:/opt/ros/foxy:/home/chaung/f_ws/install/rtabmap_msgs:/home/chaung/f_ws/install/rtabmap:${CMAKE_PREFIX_PATH} LD_LIBRARY_PATH=/home/chaung/f_ws/install/rtabmap_conversions/lib:/home/chaung/f_ws/install/rtabmap_msgs/lib:/home/chaung/f_ws/install/rtabmap/lib:${LD_LIBRARY_PATH} PATH=/home/chaung/f_ws/install/rtabmap/bin:${PATH} PKG_CONFIG_PATH=/home/chaung/f_ws/install/rtabmap_msgs/lib/x86_64-linux-gnu/pkgconfig:/home/chaung/f_ws/install/rtabmap_msgs/lib/pkgconfig:/home/chaung/f_ws/install/rtabmap/lib/x86_64-linux-gnu/pkgconfig:/home/chaung/f_ws/install/rtabmap/lib/pkgconfig:${PKG_CONFIG_PATH} PYTHONPATH=/home/chaung/f_ws/install/rtabmap_msgs/lib/python3.8/site-packages:${PYTHONPATH} ROS_PACKAGE_PATH=/home/chaung/f_ws/install/rtabmap_msgs/share /usr/bin/cmake /home/chaung/f_ws/src/rtabmap_ros/rtabmap_util -DCMAKE_INSTALL_PREFIX=/home/chaung/f_ws/install/rtabmap_util
[0.049s] -- Eigen found (include: /usr/include/eigen3, version: 3.3.7)
[0.063s] -- OpenNI found (include: /usr/include/ni, lib: /usr/lib/libOpenNI.so)
[0.067s] -- OpenNI2 found (include: /usr/include/openni2, lib: /usr/lib/libOpenNI2.so)
[0.068s] ** WARNING ** io features related to pcap will be disabled
[0.068s] ** WARNING ** io features related to png will be disabled
[0.117s] -- The imported target "vtkParseOGLExt" references the file
[0.118s]    "/usr/bin/vtkParseOGLExt-7.1"
[0.118s] but this file does not exist.  Possible reasons include:
[0.118s] * The file was deleted, renamed, or moved to another location.
[0.118s] * An install or uninstall procedure did not complete successfully.
[0.118s] * The installation package was faulty and contained
[0.118s]    "/usr/lib/cmake/vtk-7.1/VTKTargets.cmake"
[0.118s] but not all the files it references.
[0.118s] 
[0.118s] -- The imported target "vtkRenderingPythonTkWidgets" references the file
[0.118s]    "/usr/lib/x86_64-linux-gnu/libvtkRenderingPythonTkWidgets.so"
[0.118s] but this file does not exist.  Possible reasons include:
[0.119s] * The file was deleted, renamed, or moved to another location.
[0.119s] * An install or uninstall procedure did not complete successfully.
[0.119s] * The installation package was faulty and contained
[0.119s]    "/usr/lib/cmake/vtk-7.1/VTKTargets.cmake"
[0.119s] but not all the files it references.
[0.119s] 
[0.119s] -- The imported target "vtk" references the file
[0.119s]    "/usr/bin/vtk"
[0.119s] but this file does not exist.  Possible reasons include:
[0.120s] * The file was deleted, renamed, or moved to another location.
[0.120s] * An install or uninstall procedure did not complete successfully.
[0.120s] * The installation package was faulty and contained
[0.120s]    "/usr/lib/cmake/vtk-7.1/VTKTargets.cmake"
[0.120s] but not all the files it references.
[0.120s] 
[0.120s] -- The imported target "pvtk" references the file
[0.120s]    "/usr/bin/pvtk"
[0.120s] but this file does not exist.  Possible reasons include:
[0.120s] * The file was deleted, renamed, or moved to another location.
[0.121s] * An install or uninstall procedure did not complete successfully.
[0.121s] * The installation package was faulty and contained
[0.121s]    "/usr/lib/cmake/vtk-7.1/VTKTargets.cmake"
[0.121s] but not all the files it references.
[0.121s] 
[0.134s] ** WARNING ** io features related to libusb-1.0 will be disabled
[0.156s] -- QHULL found (include: /usr/include, lib: optimized;/usr/lib/x86_64-linux-gnu/libqhull.so;debug;/usr/lib/x86_64-linux-gnu/libqhull.so)
[0.182s] -- OpenNI found (include: /usr/include/ni, lib: /usr/lib/libOpenNI.so)
[0.186s] -- OpenNI2 found (include: /usr/include/openni2, lib: /usr/lib/libOpenNI2.so)
[0.196s] -- looking for PCL_COMMON
[0.196s] -- looking for PCL_OCTREE
[0.196s] -- looking for PCL_IO
[0.197s] -- looking for PCL_KDTREE
[0.197s] -- looking for PCL_SEARCH
[0.198s] -- looking for PCL_SURFACE
[0.198s] -- looking for PCL_FILTERS
[0.199s] -- looking for PCL_2D
[0.199s] -- looking for PCL_FEATURES
[0.199s] -- looking for PCL_REGISTRATION
[0.200s] -- looking for PCL_SAMPLE_CONSENSUS
[0.200s] -- looking for PCL_GEOMETRY
[0.201s] -- looking for PCL_ML
[0.201s] -- looking for PCL_SEGMENTATION
[0.201s] -- looking for PCL_VISUALIZATION
[0.214s] -- RTABMap=rtabmap::utilite;rtabmap::core;rtabmap::gui
[0.215s] -- Found ament_cmake: 0.9.11 (/opt/ros/foxy/share/ament_cmake/cmake)
[0.237s] -- Using PYTHON_EXECUTABLE: /usr/bin/python3
[0.383s] -- Override CMake install command with custom implementation using symlinks instead of copying resources
[0.389s] -- Found cv_bridge: 3.0.7 (/opt/ros/foxy/share/cv_bridge/cmake)
[0.402s] -- Using all available rosidl_typesupport_c: rosidl_typesupport_fastrtps_c;rosidl_typesupport_introspection_c
[0.404s] -- Found rosidl_adapter: 1.3.0 (/opt/ros/foxy/share/rosidl_adapter/cmake)
[0.503s] -- Using all available rosidl_typesupport_cpp: rosidl_typesupport_fastrtps_cpp;rosidl_typesupport_introspection_cpp
[0.649s] -- Found image_transport: 2.4.0 (/opt/ros/foxy/share/image_transport/cmake)
[0.683s] -- Found rmw_implementation_cmake: 1.0.4 (/opt/ros/foxy/share/rmw_implementation_cmake/cmake)
[0.684s] -- Using RMW implementation 'rmw_fastrtps_cpp' as default
[0.829s] -- Found rclcpp_components: 2.4.2 (/opt/ros/foxy/share/rclcpp_components/cmake)
[0.869s] -- Found stereo_msgs: 2.0.5 (/opt/ros/foxy/share/stereo_msgs/cmake)
[0.965s] -- Found nav_msgs: 2.0.5 (/opt/ros/foxy/share/nav_msgs/cmake)
[1.025s] -- Found tf2: 0.13.14 (/opt/ros/foxy/share/tf2/cmake)
[1.033s] -- Found tf2_ros: 0.13.14 (/opt/ros/foxy/share/tf2_ros/cmake)
[1.284s] -- Found laser_geometry: 2.2.0 (/opt/ros/foxy/share/laser_geometry/cmake)
[1.288s] -- Found pcl_conversions: 2.2.1 (/opt/ros/foxy/share/pcl_conversions/cmake)
[1.435s] CMake Error at CMakeLists.txt:24 (find_package):
[1.435s]   By not providing "Findpcl_ros.cmake" in CMAKE_MODULE_PATH this project has
[1.435s]   asked CMake to find a package configuration file provided by "pcl_ros", but
[1.435s]   CMake did not find one.
[1.435s] 
[1.435s]   Could not find a package configuration file provided by "pcl_ros" with any
[1.435s]   of the following names:
[1.435s] 
[1.436s]     pcl_rosConfig.cmake
[1.436s]     pcl_ros-config.cmake
[1.436s] 
[1.436s]   Add the installation prefix of "pcl_ros" to CMAKE_PREFIX_PATH or set
[1.436s]   "pcl_ros_DIR" to a directory containing one of the above files.  If
[1.436s]   "pcl_ros" provides a separate development package or SDK, be sure it has
[1.436s]   been installed.
[1.436s] 
[1.436s] 
[1.437s] -- Configuring incomplete, errors occurred!
[1.437s] See also "/home/chaung/f_ws/build/rtabmap_util/CMakeFiles/CMakeOutput.log".
[1.437s] See also "/home/chaung/f_ws/build/rtabmap_util/CMakeFiles/CMakeError.log".
[1.446s] Invoked command in '/home/chaung/f_ws/build/rtabmap_util' returned '1': AMENT_PREFIX_PATH=/home/chaung/f_ws/install/rtabmap_conversions:${AMENT_PREFIX_PATH} CMAKE_PREFIX_PATH=/home/chaung/f_ws/install/rtabmap_conversions:/home/chaung/f_ws/install/openslam_gmapping:/home/chaung/f_ws/install/bno055:/opt/ros/foxy:/home/chaung/f_ws/install/rtabmap_msgs:/home/chaung/f_ws/install/rtabmap:${CMAKE_PREFIX_PATH} LD_LIBRARY_PATH=/home/chaung/f_ws/install/rtabmap_conversions/lib:/home/chaung/f_ws/install/rtabmap_msgs/lib:/home/chaung/f_ws/install/rtabmap/lib:${LD_LIBRARY_PATH} PATH=/home/chaung/f_ws/install/rtabmap/bin:${PATH} PKG_CONFIG_PATH=/home/chaung/f_ws/install/rtabmap_msgs/lib/x86_64-linux-gnu/pkgconfig:/home/chaung/f_ws/install/rtabmap_msgs/lib/pkgconfig:/home/chaung/f_ws/install/rtabmap/lib/x86_64-linux-gnu/pkgconfig:/home/chaung/f_ws/install/rtabmap/lib/pkgconfig:${PKG_CONFIG_PATH} PYTHONPATH=/home/chaung/f_ws/install/rtabmap_msgs/lib/python3.8/site-packages:${PYTHONPATH} ROS_PACKAGE_PATH=/home/chaung/f_ws/install/rtabmap_msgs/share /usr/bin/cmake /home/chaung/f_ws/src/rtabmap_ros/rtabmap_util -DCMAKE_INSTALL_PREFIX=/home/chaung/f_ws/install/rtabmap_util
