[0.016s] Invoking command in '/home/chaung/f_ws/build/rtabmap_sync': AMENT_PREFIX_PATH=/home/chaung/f_ws/install/rtabmap_conversions:${AMENT_PREFIX_PATH} CMAKE_PREFIX_PATH=/home/chaung/f_ws/install/rtabmap_conversions:/opt/ros/foxy:/home/chaung/f_ws/install/rtabmap_msgs:/home/chaung/f_ws/install/rtabmap LD_LIBRARY_PATH=/home/chaung/f_ws/install/rtabmap_conversions/lib:/home/chaung/f_ws/install/rtabmap_msgs/lib:/home/chaung/f_ws/install/rtabmap/lib:${LD_LIBRARY_PATH} PATH=/home/chaung/f_ws/install/rtabmap/bin:${PATH} PKG_CONFIG_PATH=/home/chaung/f_ws/install/rtabmap_msgs/lib/x86_64-linux-gnu/pkgconfig:/home/chaung/f_ws/install/rtabmap_msgs/lib/pkgconfig:/home/chaung/f_ws/install/rtabmap/lib/x86_64-linux-gnu/pkgconfig:/home/chaung/f_ws/install/rtabmap/lib/pkgconfig PYTHONPATH=/home/chaung/f_ws/install/rtabmap_msgs/lib/python3.8/site-packages:${PYTHONPATH} ROS_PACKAGE_PATH=/home/chaung/f_ws/install/rtabmap_msgs/share /usr/bin/cmake /home/chaung/f_ws/src/rtabmap_ros/rtabmap_sync -DCMAKE_INSTALL_PREFIX=/home/chaung/f_ws/install/rtabmap_sync
[0.030s] -- Found cv_bridge: 3.0.7 (/opt/ros/foxy/share/cv_bridge/cmake)
[0.046s] -- Using PYTHON_EXECUTABLE: /usr/bin/python3
[0.177s] -- Override CMake install command with custom implementation using symlinks instead of copying resources
[0.210s] -- Using all available rosidl_typesupport_c: rosidl_typesupport_fastrtps_c;rosidl_typesupport_introspection_c
[0.212s] -- Found rosidl_adapter: 1.3.0 (/opt/ros/foxy/share/rosidl_adapter/cmake)
[0.301s] -- Using all available rosidl_typesupport_cpp: rosidl_typesupport_fastrtps_cpp;rosidl_typesupport_introspection_cpp
[0.433s] -- Found image_transport: 2.4.0 (/opt/ros/foxy/share/image_transport/cmake)
[0.463s] -- Found rmw_implementation_cmake: 1.0.4 (/opt/ros/foxy/share/rmw_implementation_cmake/cmake)
[0.464s] -- Using RMW implementation 'rmw_fastrtps_cpp' as default
[0.596s] -- Found nav_msgs: 2.0.5 (/opt/ros/foxy/share/nav_msgs/cmake)
[0.650s] -- Found rclcpp_components: 2.4.2 (/opt/ros/foxy/share/rclcpp_components/cmake)
[0.687s] -- Found rtabmap_conversions: 0.21.1 (/home/chaung/f_ws/install/rtabmap_conversions/share/rtabmap_conversions/cmake)
[1.302s] -- Eigen found (include: /usr/include/eigen3, version: 3.3.7)
[1.315s] -- OpenNI found (include: /usr/include/ni, lib: /usr/lib/libOpenNI.so)
[1.319s] -- OpenNI2 found (include: /usr/include/openni2, lib: /usr/lib/libOpenNI2.so)
[1.361s] -- The imported target "vtkParseOGLExt" references the file
[1.361s]    "/usr/bin/vtkParseOGLExt-7.1"
[1.361s] but this file does not exist.  Possible reasons include:
[1.361s] * The file was deleted, renamed, or moved to another location.
[1.361s] * An install or uninstall procedure did not complete successfully.
[1.362s] * The installation package was faulty and contained
[1.362s]    "/usr/lib/cmake/vtk-7.1/VTKTargets.cmake"
[1.362s] but not all the files it references.
[1.362s] 
[1.362s] -- The imported target "vtkRenderingPythonTkWidgets" references the file
[1.362s]    "/usr/lib/x86_64-linux-gnu/libvtkRenderingPythonTkWidgets.so"
[1.362s] but this file does not exist.  Possible reasons include:
[1.362s] * The file was deleted, renamed, or moved to another location.
[1.362s] * An install or uninstall procedure did not complete successfully.
[1.362s] * The installation package was faulty and contained
[1.362s]    "/usr/lib/cmake/vtk-7.1/VTKTargets.cmake"
[1.362s] but not all the files it references.
[1.362s] 
[1.363s] -- The imported target "vtk" references the file
[1.363s]    "/usr/bin/vtk"
[1.363s] but this file does not exist.  Possible reasons include:
[1.363s] * The file was deleted, renamed, or moved to another location.
[1.363s] * An install or uninstall procedure did not complete successfully.
[1.363s] * The installation package was faulty and contained
[1.363s]    "/usr/lib/cmake/vtk-7.1/VTKTargets.cmake"
[1.363s] but not all the files it references.
[1.363s] 
[1.363s] -- The imported target "pvtk" references the file
[1.363s]    "/usr/bin/pvtk"
[1.363s] but this file does not exist.  Possible reasons include:
[1.363s] * The file was deleted, renamed, or moved to another location.
[1.363s] * An install or uninstall procedure did not complete successfully.
[1.363s] * The installation package was faulty and contained
[1.363s]    "/usr/lib/cmake/vtk-7.1/VTKTargets.cmake"
[1.363s] but not all the files it references.
[1.363s] 
[1.389s] -- QHULL found (include: /usr/include, lib: optimized;/usr/lib/x86_64-linux-gnu/libqhull.so;debug;/usr/lib/x86_64-linux-gnu/libqhull.so)
[1.412s] -- OpenNI found (include: /usr/include/ni, lib: /usr/lib/libOpenNI.so)
[1.416s] -- OpenNI2 found (include: /usr/include/openni2, lib: /usr/lib/libOpenNI2.so)
[1.451s] -- RTABMAP_SYNC_MULTI_RGBD = OFF
[1.451s] -- RTABMAP_SYNC_USER_DATA  = OFF
[1.626s] -- Configuring done
[1.653s] CMake Warning at CMakeLists.txt:90 (add_library):
[1.653s]   Cannot generate a safe runtime search path for target rtabmap_sync because
[1.653s]   files in some directories may conflict with libraries in implicit
[1.653s]   directories:
[1.653s] 
[1.653s]     runtime library [liboctomap.so.1.9] in /usr/lib/x86_64-linux-gnu may be hidden by files in:
[1.653s]       /opt/ros/foxy/lib
[1.654s]     runtime library [liboctomath.so.1.9] in /usr/lib/x86_64-linux-gnu may be hidden by files in:
[1.654s]       /opt/ros/foxy/lib
[1.654s] 
[1.654s]   Some of these libraries may not be found correctly.
[1.654s] 
[1.654s] 
[1.690s] CMake Warning at CMakeLists.txt:93 (add_library):
[1.690s]   Cannot generate a safe runtime search path for target rtabmap_sync_plugins
[1.690s]   because files in some directories may conflict with libraries in implicit
[1.690s]   directories:
[1.690s] 
[1.690s]     runtime library [liboctomap.so.1.9] in /usr/lib/x86_64-linux-gnu may be hidden by files in:
[1.690s]       /opt/ros/foxy/lib
[1.690s]     runtime library [liboctomath.so.1.9] in /usr/lib/x86_64-linux-gnu may be hidden by files in:
[1.690s]       /opt/ros/foxy/lib
[1.690s] 
[1.691s]   Some of these libraries may not be found correctly.
[1.691s] 
[1.691s] 
[1.731s] CMake Warning at CMakeLists.txt:111 (add_executable):
[1.731s]   Cannot generate a safe runtime search path for target rtabmap_rgbd_sync
[1.731s]   because files in some directories may conflict with libraries in implicit
[1.731s]   directories:
[1.731s] 
[1.731s]     runtime library [liboctomap.so.1.9] in /usr/lib/x86_64-linux-gnu may be hidden by files in:
[1.731s]       /opt/ros/foxy/lib
[1.731s]     runtime library [liboctomath.so.1.9] in /usr/lib/x86_64-linux-gnu may be hidden by files in:
[1.731s]       /opt/ros/foxy/lib
[1.731s] 
[1.731s]   Some of these libraries may not be found correctly.
[1.731s] 
[1.731s] 
[1.771s] CMake Warning at CMakeLists.txt:116 (add_executable):
[1.771s]   Cannot generate a safe runtime search path for target rtabmap_rgbdx_sync
[1.771s]   because files in some directories may conflict with libraries in implicit
[1.771s]   directories:
[1.772s] 
[1.772s]     runtime library [liboctomap.so.1.9] in /usr/lib/x86_64-linux-gnu may be hidden by files in:
[1.772s]       /opt/ros/foxy/lib
[1.772s]     runtime library [liboctomath.so.1.9] in /usr/lib/x86_64-linux-gnu may be hidden by files in:
[1.772s]       /opt/ros/foxy/lib
[1.772s] 
[1.772s]   Some of these libraries may not be found correctly.
[1.772s] 
[1.772s] 
[1.811s] CMake Warning at CMakeLists.txt:121 (add_executable):
[1.811s]   Cannot generate a safe runtime search path for target rtabmap_stereo_sync
[1.811s]   because files in some directories may conflict with libraries in implicit
[1.811s]   directories:
[1.811s] 
[1.811s]     runtime library [liboctomap.so.1.9] in /usr/lib/x86_64-linux-gnu may be hidden by files in:
[1.812s]       /opt/ros/foxy/lib
[1.812s]     runtime library [liboctomath.so.1.9] in /usr/lib/x86_64-linux-gnu may be hidden by files in:
[1.812s]       /opt/ros/foxy/lib
[1.812s] 
[1.812s]   Some of these libraries may not be found correctly.
[1.812s] 
[1.812s] 
[1.853s] CMake Warning at CMakeLists.txt:126 (add_executable):
[1.853s]   Cannot generate a safe runtime search path for target rtabmap_rgb_sync
[1.853s]   because files in some directories may conflict with libraries in implicit
[1.853s]   directories:
[1.853s] 
[1.853s]     runtime library [liboctomap.so.1.9] in /usr/lib/x86_64-linux-gnu may be hidden by files in:
[1.853s]       /opt/ros/foxy/lib
[1.853s]     runtime library [liboctomath.so.1.9] in /usr/lib/x86_64-linux-gnu may be hidden by files in:
[1.853s]       /opt/ros/foxy/lib
[1.853s] 
[1.853s]   Some of these libraries may not be found correctly.
[1.853s] 
[1.853s] 
[1.877s] -- Generating done
[1.878s] -- Build files have been written to: /home/chaung/f_ws/build/rtabmap_sync
[1.889s] Invoked command in '/home/chaung/f_ws/build/rtabmap_sync' returned '0': AMENT_PREFIX_PATH=/home/chaung/f_ws/install/rtabmap_conversions:${AMENT_PREFIX_PATH} CMAKE_PREFIX_PATH=/home/chaung/f_ws/install/rtabmap_conversions:/opt/ros/foxy:/home/chaung/f_ws/install/rtabmap_msgs:/home/chaung/f_ws/install/rtabmap LD_LIBRARY_PATH=/home/chaung/f_ws/install/rtabmap_conversions/lib:/home/chaung/f_ws/install/rtabmap_msgs/lib:/home/chaung/f_ws/install/rtabmap/lib:${LD_LIBRARY_PATH} PATH=/home/chaung/f_ws/install/rtabmap/bin:${PATH} PKG_CONFIG_PATH=/home/chaung/f_ws/install/rtabmap_msgs/lib/x86_64-linux-gnu/pkgconfig:/home/chaung/f_ws/install/rtabmap_msgs/lib/pkgconfig:/home/chaung/f_ws/install/rtabmap/lib/x86_64-linux-gnu/pkgconfig:/home/chaung/f_ws/install/rtabmap/lib/pkgconfig PYTHONPATH=/home/chaung/f_ws/install/rtabmap_msgs/lib/python3.8/site-packages:${PYTHONPATH} ROS_PACKAGE_PATH=/home/chaung/f_ws/install/rtabmap_msgs/share /usr/bin/cmake /home/chaung/f_ws/src/rtabmap_ros/rtabmap_sync -DCMAKE_INSTALL_PREFIX=/home/chaung/f_ws/install/rtabmap_sync
[1.891s] Invoking command in '/home/chaung/f_ws/build/rtabmap_sync': AMENT_PREFIX_PATH=/home/chaung/f_ws/install/rtabmap_conversions:${AMENT_PREFIX_PATH} CMAKE_PREFIX_PATH=/home/chaung/f_ws/install/rtabmap_conversions:/opt/ros/foxy:/home/chaung/f_ws/install/rtabmap_msgs:/home/chaung/f_ws/install/rtabmap LD_LIBRARY_PATH=/home/chaung/f_ws/install/rtabmap_conversions/lib:/home/chaung/f_ws/install/rtabmap_msgs/lib:/home/chaung/f_ws/install/rtabmap/lib:${LD_LIBRARY_PATH} PATH=/home/chaung/f_ws/install/rtabmap/bin:${PATH} PKG_CONFIG_PATH=/home/chaung/f_ws/install/rtabmap_msgs/lib/x86_64-linux-gnu/pkgconfig:/home/chaung/f_ws/install/rtabmap_msgs/lib/pkgconfig:/home/chaung/f_ws/install/rtabmap/lib/x86_64-linux-gnu/pkgconfig:/home/chaung/f_ws/install/rtabmap/lib/pkgconfig PYTHONPATH=/home/chaung/f_ws/install/rtabmap_msgs/lib/python3.8/site-packages:${PYTHONPATH} ROS_PACKAGE_PATH=/home/chaung/f_ws/install/rtabmap_msgs/share /usr/bin/cmake --build /home/chaung/f_ws/build/rtabmap_sync -- -j12 -l12
[1.966s] [ 22%] Built target rtabmap_sync_plugins
[1.968s] [ 63%] Built target rtabmap_sync
[1.991s] [ 72%] Built target rtabmap_stereo_sync
[1.992s] [ 81%] Built target rtabmap_rgbd_sync
[1.992s] [ 90%] Built target rtabmap_rgb_sync
[1.992s] [100%] Built target rtabmap_rgbdx_sync
[1.999s] Invoked command in '/home/chaung/f_ws/build/rtabmap_sync' returned '0': AMENT_PREFIX_PATH=/home/chaung/f_ws/install/rtabmap_conversions:${AMENT_PREFIX_PATH} CMAKE_PREFIX_PATH=/home/chaung/f_ws/install/rtabmap_conversions:/opt/ros/foxy:/home/chaung/f_ws/install/rtabmap_msgs:/home/chaung/f_ws/install/rtabmap LD_LIBRARY_PATH=/home/chaung/f_ws/install/rtabmap_conversions/lib:/home/chaung/f_ws/install/rtabmap_msgs/lib:/home/chaung/f_ws/install/rtabmap/lib:${LD_LIBRARY_PATH} PATH=/home/chaung/f_ws/install/rtabmap/bin:${PATH} PKG_CONFIG_PATH=/home/chaung/f_ws/install/rtabmap_msgs/lib/x86_64-linux-gnu/pkgconfig:/home/chaung/f_ws/install/rtabmap_msgs/lib/pkgconfig:/home/chaung/f_ws/install/rtabmap/lib/x86_64-linux-gnu/pkgconfig:/home/chaung/f_ws/install/rtabmap/lib/pkgconfig PYTHONPATH=/home/chaung/f_ws/install/rtabmap_msgs/lib/python3.8/site-packages:${PYTHONPATH} ROS_PACKAGE_PATH=/home/chaung/f_ws/install/rtabmap_msgs/share /usr/bin/cmake --build /home/chaung/f_ws/build/rtabmap_sync -- -j12 -l12
[2.030s] Invoking command in '/home/chaung/f_ws/build/rtabmap_sync': AMENT_PREFIX_PATH=/home/chaung/f_ws/install/rtabmap_conversions:${AMENT_PREFIX_PATH} CMAKE_PREFIX_PATH=/home/chaung/f_ws/install/rtabmap_conversions:/opt/ros/foxy:/home/chaung/f_ws/install/rtabmap_msgs:/home/chaung/f_ws/install/rtabmap LD_LIBRARY_PATH=/home/chaung/f_ws/install/rtabmap_conversions/lib:/home/chaung/f_ws/install/rtabmap_msgs/lib:/home/chaung/f_ws/install/rtabmap/lib:${LD_LIBRARY_PATH} PATH=/home/chaung/f_ws/install/rtabmap/bin:${PATH} PKG_CONFIG_PATH=/home/chaung/f_ws/install/rtabmap_msgs/lib/x86_64-linux-gnu/pkgconfig:/home/chaung/f_ws/install/rtabmap_msgs/lib/pkgconfig:/home/chaung/f_ws/install/rtabmap/lib/x86_64-linux-gnu/pkgconfig:/home/chaung/f_ws/install/rtabmap/lib/pkgconfig PYTHONPATH=/home/chaung/f_ws/install/rtabmap_msgs/lib/python3.8/site-packages:${PYTHONPATH} ROS_PACKAGE_PATH=/home/chaung/f_ws/install/rtabmap_msgs/share /usr/bin/cmake --install /home/chaung/f_ws/build/rtabmap_sync
[2.036s] -- Install configuration: ""
[2.036s] -- Execute custom install script
[2.036s] -- Up-to-date symlink: /home/chaung/f_ws/install/rtabmap_sync/share/rtabmap_sync/environment/library_path.sh
[2.036s] -- Up-to-date symlink: /home/chaung/f_ws/install/rtabmap_sync/share/rtabmap_sync/environment/library_path.dsv
[2.037s] -- Up-to-date symlink: /home/chaung/f_ws/install/rtabmap_sync/lib/rtabmap_sync/rgbd_sync
[2.037s] -- Up-to-date symlink: /home/chaung/f_ws/install/rtabmap_sync/lib/rtabmap_sync/rgbdx_sync
[2.037s] -- Up-to-date symlink: /home/chaung/f_ws/install/rtabmap_sync/lib/rtabmap_sync/stereo_sync
[2.037s] -- Up-to-date symlink: /home/chaung/f_ws/install/rtabmap_sync/lib/rtabmap_sync/rgb_sync
[2.037s] -- Up-to-date symlink: /home/chaung/f_ws/install/rtabmap_sync/share/ament_index/resource_index/package_run_dependencies/rtabmap_sync
[2.038s] -- Up-to-date symlink: /home/chaung/f_ws/install/rtabmap_sync/share/ament_index/resource_index/parent_prefix_path/rtabmap_sync
[2.038s] -- Up-to-date symlink: /home/chaung/f_ws/install/rtabmap_sync/share/rtabmap_sync/environment/ament_prefix_path.sh
[2.038s] -- Up-to-date symlink: /home/chaung/f_ws/install/rtabmap_sync/share/rtabmap_sync/environment/ament_prefix_path.dsv
[2.038s] -- Up-to-date symlink: /home/chaung/f_ws/install/rtabmap_sync/share/rtabmap_sync/environment/path.sh
[2.038s] -- Up-to-date symlink: /home/chaung/f_ws/install/rtabmap_sync/share/rtabmap_sync/environment/path.dsv
[2.038s] -- Up-to-date symlink: /home/chaung/f_ws/install/rtabmap_sync/share/rtabmap_sync/local_setup.bash
[2.038s] -- Up-to-date symlink: /home/chaung/f_ws/install/rtabmap_sync/share/rtabmap_sync/local_setup.sh
[2.039s] -- Up-to-date symlink: /home/chaung/f_ws/install/rtabmap_sync/share/rtabmap_sync/local_setup.zsh
[2.039s] -- Up-to-date symlink: /home/chaung/f_ws/install/rtabmap_sync/share/rtabmap_sync/local_setup.dsv
[2.039s] -- Symlinking: /home/chaung/f_ws/install/rtabmap_sync/share/rtabmap_sync/package.dsv
[2.046s] -- Up-to-date symlink: /home/chaung/f_ws/install/rtabmap_sync/share/ament_index/resource_index/packages/rtabmap_sync
[2.046s] -- Up-to-date symlink: /home/chaung/f_ws/install/rtabmap_sync/share/ament_index/resource_index/rclcpp_components/rtabmap_sync
[2.046s] -- Up-to-date symlink: /home/chaung/f_ws/install/rtabmap_sync/share/rtabmap_sync/cmake/extra_configs.cmake
[2.046s] -- Up-to-date symlink: /home/chaung/f_ws/install/rtabmap_sync/share/rtabmap_sync/cmake/ament_cmake_export_dependencies-extras.cmake
[2.046s] -- Up-to-date symlink: /home/chaung/f_ws/install/rtabmap_sync/share/rtabmap_sync/cmake/ament_cmake_export_include_directories-extras.cmake
[2.047s] -- Up-to-date symlink: /home/chaung/f_ws/install/rtabmap_sync/share/rtabmap_sync/cmake/ament_cmake_export_targets-extras.cmake
[2.047s] -- Up-to-date symlink: /home/chaung/f_ws/install/rtabmap_sync/share/rtabmap_sync/cmake/ament_cmake_export_libraries-extras.cmake
[2.047s] -- Up-to-date symlink: /home/chaung/f_ws/install/rtabmap_sync/share/rtabmap_sync/cmake/rtabmap_syncConfig.cmake
[2.047s] -- Up-to-date symlink: /home/chaung/f_ws/install/rtabmap_sync/share/rtabmap_sync/cmake/rtabmap_syncConfig-version.cmake
[2.047s] -- Up-to-date symlink: /home/chaung/f_ws/install/rtabmap_sync/share/rtabmap_sync/package.xml
[2.047s] -- Up-to-date: /home/chaung/f_ws/install/rtabmap_sync/lib/librtabmap_sync.so
[2.048s] -- Up-to-date: /home/chaung/f_ws/install/rtabmap_sync/lib/librtabmap_sync_plugins.so
[2.048s] -- Up-to-date: /home/chaung/f_ws/install/rtabmap_sync/include
[2.048s] -- Up-to-date: /home/chaung/f_ws/install/rtabmap_sync/include/rtabmap_sync
[2.048s] -- Up-to-date: /home/chaung/f_ws/install/rtabmap_sync/include/rtabmap_sync/CommonDataSubscriber.h
[2.048s] -- Up-to-date: /home/chaung/f_ws/install/rtabmap_sync/include/rtabmap_sync/visibility.h
[2.048s] -- Up-to-date: /home/chaung/f_ws/install/rtabmap_sync/include/rtabmap_sync/CommonDataSubscriberDefines.h
[2.048s] -- Up-to-date: /home/chaung/f_ws/install/rtabmap_sync/include/rtabmap_sync/GetTopicName.h
[2.048s] -- Up-to-date: /home/chaung/f_ws/install/rtabmap_sync/share/rtabmap_sync/cmake/rtabmap_syncExport.cmake
[2.048s] -- Installing: /home/chaung/f_ws/install/rtabmap_sync/share/rtabmap_sync/cmake/rtabmap_syncExport-noconfig.cmake
[2.052s] Invoked command in '/home/chaung/f_ws/build/rtabmap_sync' returned '0': AMENT_PREFIX_PATH=/home/chaung/f_ws/install/rtabmap_conversions:${AMENT_PREFIX_PATH} CMAKE_PREFIX_PATH=/home/chaung/f_ws/install/rtabmap_conversions:/opt/ros/foxy:/home/chaung/f_ws/install/rtabmap_msgs:/home/chaung/f_ws/install/rtabmap LD_LIBRARY_PATH=/home/chaung/f_ws/install/rtabmap_conversions/lib:/home/chaung/f_ws/install/rtabmap_msgs/lib:/home/chaung/f_ws/install/rtabmap/lib:${LD_LIBRARY_PATH} PATH=/home/chaung/f_ws/install/rtabmap/bin:${PATH} PKG_CONFIG_PATH=/home/chaung/f_ws/install/rtabmap_msgs/lib/x86_64-linux-gnu/pkgconfig:/home/chaung/f_ws/install/rtabmap_msgs/lib/pkgconfig:/home/chaung/f_ws/install/rtabmap/lib/x86_64-linux-gnu/pkgconfig:/home/chaung/f_ws/install/rtabmap/lib/pkgconfig PYTHONPATH=/home/chaung/f_ws/install/rtabmap_msgs/lib/python3.8/site-packages:${PYTHONPATH} ROS_PACKAGE_PATH=/home/chaung/f_ws/install/rtabmap_msgs/share /usr/bin/cmake --install /home/chaung/f_ws/build/rtabmap_sync
