[35m[1mScanning dependencies of target rtabmap_utilite[0m
[  0%] [32mBuilding CXX object utilite/src/CMakeFiles/rtabmap_utilite.dir/UEventsManager.cpp.o[0m
[  1%] [32mBuilding CXX object utilite/src/CMakeFiles/rtabmap_utilite.dir/UEventsHandler.cpp.o[0m
[  1%] [32mBuilding CXX object utilite/src/CMakeFiles/rtabmap_utilite.dir/UFile.cpp.o[0m
[  2%] [32mBuilding CXX object utilite/src/CMakeFiles/rtabmap_utilite.dir/UDirectory.cpp.o[0m
[  2%] [32mBuilding CXX object utilite/src/CMakeFiles/rtabmap_utilite.dir/UEventsSender.cpp.o[0m
[  2%] [32mBuilding CXX object utilite/src/CMakeFiles/rtabmap_utilite.dir/UConversion.cpp.o[0m
[  2%] [32mBuilding CXX object utilite/src/CMakeFiles/rtabmap_utilite.dir/ULogger.cpp.o[0m
[  3%] [32mBuilding CXX object utilite/src/CMakeFiles/rtabmap_utilite.dir/UThread.cpp.o[0m
[  3%] [32mBuilding CXX object utilite/src/CMakeFiles/rtabmap_utilite.dir/UTimer.cpp.o[0m
[  4%] [32mBuilding CXX object utilite/src/CMakeFiles/rtabmap_utilite.dir/UVariant.cpp.o[0m
[  4%] [32mBuilding CXX object utilite/src/CMakeFiles/rtabmap_utilite.dir/UProcessInfo.cpp.o[0m
[  4%] [32m[1mLinking CXX shared library ../../bin/librtabmap_utilite.so[0m
[  4%] Built target rtabmap_utilite
[35m[1mScanning dependencies of target res_tool[0m
[  5%] [32mBuilding CXX object utilite/resource_generator/CMakeFiles/res_tool.dir/main.cpp.o[0m
[  5%] [32m[1mLinking CXX executable ../../bin/rtabmap-res_tool[0m
[  5%] Built target res_tool
[  5%] [34m[1m[Creating resources][0m
 Using namespace=rtabmap
 Using target directory=/home/chaung/f_ws/build/rtabmap/corelib/src
Input file "/home/chaung/f_ws/src/rtabmap/corelib/src/resources/DatabaseSchema.sql" size = 5900 bytes
Output file "/home/chaung/f_ws/build/rtabmap/corelib/src/DatabaseSchema_sql.h" size = 12027 bytes
Input file "/home/chaung/f_ws/src/rtabmap/corelib/src/resources/backward_compatibility/DatabaseSchema_0_18_3.sql" size = 5749 bytes
Output file "/home/chaung/f_ws/build/rtabmap/corelib/src/DatabaseSchema_0_18_3_sql.h" size = 11753 bytes
Input file "/home/chaung/f_ws/src/rtabmap/corelib/src/resources/backward_compatibility/DatabaseSchema_0_18_0.sql" size = 5749 bytes
Output file "/home/chaung/f_ws/build/rtabmap/corelib/src/DatabaseSchema_0_18_0_sql.h" size = 11753 bytes
Input file "/home/chaung/f_ws/src/rtabmap/corelib/src/resources/backward_compatibility/DatabaseSchema_0_17_0.sql" size = 5432 bytes
Output file "/home/chaung/f_ws/build/rtabmap/corelib/src/DatabaseSchema_0_17_0_sql.h" size = 11119 bytes
Input file "/home/chaung/f_ws/src/rtabmap/corelib/src/resources/backward_compatibility/DatabaseSchema_0_16_2.sql" size = 5362 bytes
Output file "/home/chaung/f_ws/build/rtabmap/corelib/src/DatabaseSchema_0_16_2_sql.h" size = 10979 bytes
Input file "/home/chaung/f_ws/src/rtabmap/corelib/src/resources/backward_compatibility/DatabaseSchema_0_16_1.sql" size = 5286 bytes
Output file "/home/chaung/f_ws/build/rtabmap/corelib/src/DatabaseSchema_0_16_1_sql.h" size = 10827 bytes
Input file "/home/chaung/f_ws/src/rtabmap/corelib/src/resources/backward_compatibility/DatabaseSchema_0_16_0.sql" size = 5273 bytes
Output file "/home/chaung/f_ws/build/rtabmap/corelib/src/DatabaseSchema_0_16_0_sql.h" size = 10801 bytes
[35m[1mScanning dependencies of target rtabmap_core[0m
[  6%] [32mBuilding CXX object corelib/src/CMakeFiles/rtabmap_core.dir/Rtabmap.cpp.o[0m
[  6%] [32mBuilding CXX object corelib/src/CMakeFiles/rtabmap_core.dir/Statistics.cpp.o[0m
[  6%] [32mBuilding CXX object corelib/src/CMakeFiles/rtabmap_core.dir/RtabmapThread.cpp.o[0m
[  7%] [32mBuilding CXX object corelib/src/CMakeFiles/rtabmap_core.dir/Memory.cpp.o[0m
[  7%] [32mBuilding CXX object corelib/src/CMakeFiles/rtabmap_core.dir/DBDriver.cpp.o[0m
[  7%] [32mBuilding CXX object corelib/src/CMakeFiles/rtabmap_core.dir/DBDriverSqlite3.cpp.o[0m
[  8%] [32mBuilding CXX object corelib/src/CMakeFiles/rtabmap_core.dir/DBReader.cpp.o[0m
[  8%] [32mBuilding CXX object corelib/src/CMakeFiles/rtabmap_core.dir/Recovery.cpp.o[0m
[  8%] [32mBuilding CXX object corelib/src/CMakeFiles/rtabmap_core.dir/Camera.cpp.o[0m
[  9%] [32mBuilding CXX object corelib/src/CMakeFiles/rtabmap_core.dir/CameraThread.cpp.o[0m
[  9%] [32mBuilding CXX object corelib/src/CMakeFiles/rtabmap_core.dir/CameraModel.cpp.o[0m
[  9%] [32mBuilding CXX object corelib/src/CMakeFiles/rtabmap_core.dir/camera/CameraFreenect.cpp.o[0m
[ 10%] [32mBuilding CXX object corelib/src/CMakeFiles/rtabmap_core.dir/camera/CameraFreenect2.cpp.o[0m
[ 10%] [32mBuilding CXX object corelib/src/CMakeFiles/rtabmap_core.dir/camera/CameraImages.cpp.o[0m
[ 10%] [32mBuilding CXX object corelib/src/CMakeFiles/rtabmap_core.dir/camera/CameraK4W2.cpp.o[0m
[ 11%] [32mBuilding CXX object corelib/src/CMakeFiles/rtabmap_core.dir/camera/CameraK4A.cpp.o[0m
[ 11%] [32mBuilding CXX object corelib/src/CMakeFiles/rtabmap_core.dir/camera/CameraOpenni.cpp.o[0m
[ 11%] [32mBuilding CXX object corelib/src/CMakeFiles/rtabmap_core.dir/camera/CameraOpenNI2.cpp.o[0m
[ 12%] [32mBuilding CXX object corelib/src/CMakeFiles/rtabmap_core.dir/camera/CameraOpenNICV.cpp.o[0m
[ 12%] [32mBuilding CXX object corelib/src/CMakeFiles/rtabmap_core.dir/camera/CameraRealSense.cpp.o[0m
[ 12%] [32mBuilding CXX object corelib/src/CMakeFiles/rtabmap_core.dir/camera/CameraRealSense2.cpp.o[0m
[ 13%] [32mBuilding CXX object corelib/src/CMakeFiles/rtabmap_core.dir/camera/CameraRGBDImages.cpp.o[0m
[ 13%] [32mBuilding CXX object corelib/src/CMakeFiles/rtabmap_core.dir/camera/CameraStereoDC1394.cpp.o[0m
[ 13%] [32mBuilding CXX object corelib/src/CMakeFiles/rtabmap_core.dir/camera/CameraStereoFlyCapture2.cpp.o[0m
[ 14%] [32mBuilding CXX object corelib/src/CMakeFiles/rtabmap_core.dir/camera/CameraStereoImages.cpp.o[0m
[ 14%] [32mBuilding CXX object corelib/src/CMakeFiles/rtabmap_core.dir/camera/CameraStereoVideo.cpp.o[0m
[ 14%] [32mBuilding CXX object corelib/src/CMakeFiles/rtabmap_core.dir/camera/CameraStereoZed.cpp.o[0m
[ 14%] [32mBuilding CXX object corelib/src/CMakeFiles/rtabmap_core.dir/camera/CameraStereoZedOC.cpp.o[0m
[ 15%] [32mBuilding CXX object corelib/src/CMakeFiles/rtabmap_core.dir/camera/CameraStereoTara.cpp.o[0m
[ 15%] [32mBuilding CXX object corelib/src/CMakeFiles/rtabmap_core.dir/camera/CameraVideo.cpp.o[0m
[ 15%] [32mBuilding CXX object corelib/src/CMakeFiles/rtabmap_core.dir/camera/CameraMyntEye.cpp.o[0m
[ 16%] [32mBuilding CXX object corelib/src/CMakeFiles/rtabmap_core.dir/camera/CameraDepthAI.cpp.o[0m
[ 16%] [32mBuilding CXX object corelib/src/CMakeFiles/rtabmap_core.dir/EpipolarGeometry.cpp.o[0m
[ 16%] [32mBuilding CXX object corelib/src/CMakeFiles/rtabmap_core.dir/VisualWord.cpp.o[0m
[ 17%] [32mBuilding CXX object corelib/src/CMakeFiles/rtabmap_core.dir/VWDictionary.cpp.o[0m
[ 17%] [32mBuilding CXX object corelib/src/CMakeFiles/rtabmap_core.dir/BayesFilter.cpp.o[0m
[ 17%] [32mBuilding CXX object corelib/src/CMakeFiles/rtabmap_core.dir/Parameters.cpp.o[0m
[ 18%] [32mBuilding CXX object corelib/src/CMakeFiles/rtabmap_core.dir/Signature.cpp.o[0m
[ 18%] [32mBuilding CXX object corelib/src/CMakeFiles/rtabmap_core.dir/Features2d.cpp.o[0m
[ 18%] [32mBuilding CXX object corelib/src/CMakeFiles/rtabmap_core.dir/Transform.cpp.o[0m
[ 19%] [32mBuilding CXX object corelib/src/CMakeFiles/rtabmap_core.dir/GeodeticCoords.cpp.o[0m
[ 19%] [32mBuilding CXX object corelib/src/CMakeFiles/rtabmap_core.dir/util2d.cpp.o[0m
[ 19%] [32mBuilding CXX object corelib/src/CMakeFiles/rtabmap_core.dir/util3d.cpp.o[0m
[ 20%] [32mBuilding CXX object corelib/src/CMakeFiles/rtabmap_core.dir/util3d_filtering.cpp.o[0m
[ 20%] [32mBuilding CXX object corelib/src/CMakeFiles/rtabmap_core.dir/util3d_mapping.cpp.o[0m
[ 20%] [32mBuilding CXX object corelib/src/CMakeFiles/rtabmap_core.dir/util3d_transforms.cpp.o[0m
[ 21%] [32mBuilding CXX object corelib/src/CMakeFiles/rtabmap_core.dir/util3d_registration.cpp.o[0m
[ 21%] [32mBuilding CXX object corelib/src/CMakeFiles/rtabmap_core.dir/util3d_surface.cpp.o[0m
[ 21%] [32mBuilding CXX object corelib/src/CMakeFiles/rtabmap_core.dir/util3d_features.cpp.o[0m
[ 22%] [32mBuilding CXX object corelib/src/CMakeFiles/rtabmap_core.dir/util3d_correspondences.cpp.o[0m
[ 22%] [32mBuilding CXX object corelib/src/CMakeFiles/rtabmap_core.dir/util3d_motion_estimation.cpp.o[0m
[ 22%] [32mBuilding CXX object corelib/src/CMakeFiles/rtabmap_core.dir/SensorData.cpp.o[0m
[ 23%] [32mBuilding CXX object corelib/src/CMakeFiles/rtabmap_core.dir/Graph.cpp.o[0m
[ 23%] [32mBuilding CXX object corelib/src/CMakeFiles/rtabmap_core.dir/Compression.cpp.o[0m
[ 23%] [32mBuilding CXX object corelib/src/CMakeFiles/rtabmap_core.dir/Link.cpp.o[0m
[ 23%] [32mBuilding CXX object corelib/src/CMakeFiles/rtabmap_core.dir/LaserScan.cpp.o[0m
[ 24%] [32mBuilding CXX object corelib/src/CMakeFiles/rtabmap_core.dir/Optimizer.cpp.o[0m
[ 24%] [32mBuilding CXX object corelib/src/CMakeFiles/rtabmap_core.dir/optimizer/OptimizerTORO.cpp.o[0m
[ 24%] [32mBuilding CXX object corelib/src/CMakeFiles/rtabmap_core.dir/optimizer/OptimizerG2O.cpp.o[0m
[ 25%] [32mBuilding CXX object corelib/src/CMakeFiles/rtabmap_core.dir/optimizer/OptimizerGTSAM.cpp.o[0m
[ 25%] [32mBuilding CXX object corelib/src/CMakeFiles/rtabmap_core.dir/optimizer/OptimizerCVSBA.cpp.o[0m
[ 25%] [32mBuilding CXX object corelib/src/CMakeFiles/rtabmap_core.dir/optimizer/OptimizerCeres.cpp.o[0m
[ 26%] [32mBuilding CXX object corelib/src/CMakeFiles/rtabmap_core.dir/Registration.cpp.o[0m
[ 26%] [32mBuilding CXX object corelib/src/CMakeFiles/rtabmap_core.dir/RegistrationIcp.cpp.o[0m
[ 26%] [32mBuilding CXX object corelib/src/CMakeFiles/rtabmap_core.dir/RegistrationVis.cpp.o[0m
[ 27%] [32mBuilding CXX object corelib/src/CMakeFiles/rtabmap_core.dir/Odometry.cpp.o[0m
[ 27%] [32mBuilding CXX object corelib/src/CMakeFiles/rtabmap_core.dir/OdometryThread.cpp.o[0m
[ 27%] [32mBuilding CXX object corelib/src/CMakeFiles/rtabmap_core.dir/odometry/OdometryF2M.cpp.o[0m
[ 28%] [32mBuilding CXX object corelib/src/CMakeFiles/rtabmap_core.dir/odometry/OdometryMono.cpp.o[0m
[ 28%] [32mBuilding CXX object corelib/src/CMakeFiles/rtabmap_core.dir/odometry/OdometryF2F.cpp.o[0m
[ 28%] [32mBuilding CXX object corelib/src/CMakeFiles/rtabmap_core.dir/odometry/OdometryFovis.cpp.o[0m
[ 29%] [32mBuilding CXX object corelib/src/CMakeFiles/rtabmap_core.dir/odometry/OdometryViso2.cpp.o[0m
[ 29%] [32mBuilding CXX object corelib/src/CMakeFiles/rtabmap_core.dir/odometry/OdometryDVO.cpp.o[0m
[ 29%] [32mBuilding CXX object corelib/src/CMakeFiles/rtabmap_core.dir/odometry/OdometryOkvis.cpp.o[0m
[ 30%] [32mBuilding CXX object corelib/src/CMakeFiles/rtabmap_core.dir/odometry/OdometryORBSLAM.cpp.o[0m
[ 30%] [32mBuilding CXX object corelib/src/CMakeFiles/rtabmap_core.dir/odometry/OdometryLOAM.cpp.o[0m
[ 30%] [32mBuilding CXX object corelib/src/CMakeFiles/rtabmap_core.dir/odometry/OdometryFLOAM.cpp.o[0m
[ 31%] [32mBuilding CXX object corelib/src/CMakeFiles/rtabmap_core.dir/odometry/OdometryMSCKF.cpp.o[0m
[ 31%] [32mBuilding CXX object corelib/src/CMakeFiles/rtabmap_core.dir/odometry/OdometryVINS.cpp.o[0m
[ 31%] [32mBuilding CXX object corelib/src/CMakeFiles/rtabmap_core.dir/odometry/OdometryOpenVINS.cpp.o[0m
[ 32%] [32mBuilding CXX object corelib/src/CMakeFiles/rtabmap_core.dir/odometry/OdometryOpen3D.cpp.o[0m
[ 32%] [32mBuilding CXX object corelib/src/CMakeFiles/rtabmap_core.dir/IMU.cpp.o[0m
[ 32%] [32mBuilding CXX object corelib/src/CMakeFiles/rtabmap_core.dir/IMUThread.cpp.o[0m
[ 32%] [32mBuilding CXX object corelib/src/CMakeFiles/rtabmap_core.dir/IMUFilter.cpp.o[0m
[ 33%] [32mBuilding CXX object corelib/src/CMakeFiles/rtabmap_core.dir/imufilter/ComplementaryFilter.cpp.o[0m
[ 33%] [32mBuilding CXX object corelib/src/CMakeFiles/rtabmap_core.dir/Stereo.cpp.o[0m
[ 33%] [32mBuilding CXX object corelib/src/CMakeFiles/rtabmap_core.dir/StereoDense.cpp.o[0m
[ 34%] [32mBuilding CXX object corelib/src/CMakeFiles/rtabmap_core.dir/StereoCameraModel.cpp.o[0m
[ 34%] [32mBuilding CXX object corelib/src/CMakeFiles/rtabmap_core.dir/stereo/StereoBM.cpp.o[0m
[ 34%] [32mBuilding CXX object corelib/src/CMakeFiles/rtabmap_core.dir/stereo/StereoSGBM.cpp.o[0m
[ 35%] [32mBuilding CXX object corelib/src/CMakeFiles/rtabmap_core.dir/OccupancyGrid.cpp.o[0m
[ 35%] [32mBuilding CXX object corelib/src/CMakeFiles/rtabmap_core.dir/MarkerDetector.cpp.o[0m
[ 35%] [32mBuilding CXX object corelib/src/CMakeFiles/rtabmap_core.dir/GainCompensator.cpp.o[0m
[ 36%] [32mBuilding C object corelib/src/CMakeFiles/rtabmap_core.dir/rtflann/ext/lz4.c.o[0m
[ 36%] [32mBuilding C object corelib/src/CMakeFiles/rtabmap_core.dir/rtflann/ext/lz4hc.c.o[0m
[ 36%] [32mBuilding CXX object corelib/src/CMakeFiles/rtabmap_core.dir/FlannIndex.cpp.o[0m
[ 37%] [32mBuilding CXX object corelib/src/CMakeFiles/rtabmap_core.dir/clams/discrete_depth_distortion_model_helpers.cpp.o[0m
[ 37%] [32mBuilding CXX object corelib/src/CMakeFiles/rtabmap_core.dir/clams/discrete_depth_distortion_model.cpp.o[0m
[ 37%] [32mBuilding CXX object corelib/src/CMakeFiles/rtabmap_core.dir/clams/frame_projector.cpp.o[0m
[ 38%] [32mBuilding CXX object corelib/src/CMakeFiles/rtabmap_core.dir/clams/slam_calibrator.cpp.o[0m
[ 38%] [32mBuilding CXX object corelib/src/CMakeFiles/rtabmap_core.dir/opencv/ORBextractor.cc.o[0m
[ 38%] [32mBuilding CXX object corelib/src/CMakeFiles/rtabmap_core.dir/opencv/solvepnp.cpp.o[0m
[ 39%] [32mBuilding CXX object corelib/src/CMakeFiles/rtabmap_core.dir/opencv/five-point.cpp.o[0m
[ 39%] [32mBuilding CXX object corelib/src/CMakeFiles/rtabmap_core.dir/optimizer/toro3d/posegraph3.cpp.o[0m
[ 39%] [32mBuilding CXX object corelib/src/CMakeFiles/rtabmap_core.dir/optimizer/toro3d/treeoptimizer3_iteration.cpp.o[0m
[ 40%] [32mBuilding CXX object corelib/src/CMakeFiles/rtabmap_core.dir/optimizer/toro3d/treeoptimizer3.cpp.o[0m
[ 40%] [32mBuilding CXX object corelib/src/CMakeFiles/rtabmap_core.dir/optimizer/toro3d/posegraph2.cpp.o[0m
[ 40%] [32mBuilding CXX object corelib/src/CMakeFiles/rtabmap_core.dir/optimizer/toro3d/treeoptimizer2.cpp.o[0m
[ 41%] [32mBuilding CXX object corelib/src/CMakeFiles/rtabmap_core.dir/OctoMap.cpp.o[0m
[ 41%] [32mBuilding CXX object corelib/src/CMakeFiles/rtabmap_core.dir/imufilter/MadgwickFilter.cpp.o[0m
[ 41%] [32m[1mLinking CXX shared library ../../bin/librtabmap_core.so[0m
[ 41%] Built target rtabmap_core
[ 41%] [34m[1mGenerating qrc_GuiLib.cpp[0m
[35m[1mScanning dependencies of target extractObject[0m
[35m[1mScanning dependencies of target camera[0m
[35m[1mScanning dependencies of target consoleApp[0m
[35m[1mScanning dependencies of target stereoEval[0m
[35m[1mScanning dependencies of target imagesJoiner[0m
[ 41%] [32mBuilding CXX object tools/ImagesJoiner/CMakeFiles/imagesJoiner.dir/main.cpp.o[0m
[ 41%] [34m[1mGenerating __/include/rtabmap/gui/moc_MainWindow.cpp[0m
[ 41%] [32mBuilding CXX object tools/StereoEval/CMakeFiles/stereoEval.dir/main.cpp.o[0m
[ 41%] [32mBuilding CXX object tools/ExtractObject/CMakeFiles/extractObject.dir/main.cpp.o[0m
[ 41%] [32mBuilding CXX object tools/Camera/CMakeFiles/camera.dir/main.cpp.o[0m
[ 41%] [32mBuilding CXX object tools/ConsoleApp/CMakeFiles/consoleApp.dir/main.cpp.o[0m
[ 42%] [34m[1mGenerating __/include/rtabmap/gui/moc_PreferencesDialog.cpp[0m
[ 42%] [34m[1mGenerating __/include/rtabmap/gui/moc_DatabaseViewer.cpp[0m
[ 42%] [34m[1mGenerating __/include/rtabmap/gui/moc_AboutDialog.cpp[0m
[ 43%] [34m[1mGenerating __/include/rtabmap/gui/moc_ConsoleWidget.cpp[0m
[ 43%] [34m[1mGenerating __/include/rtabmap/gui/moc_ImageView.cpp[0m
[ 43%] [34m[1mGenerating __/include/rtabmap/gui/moc_PdfPlot.cpp[0m
[ 44%] [34m[1mGenerating __/include/rtabmap/gui/moc_StatsToolBox.cpp[0m
[ 44%] [34m[1mGenerating __/include/rtabmap/gui/moc_ProgressDialog.cpp[0m
[ 44%] [34m[1mGenerating __/include/rtabmap/utilite/moc_UPlot.cpp[0m
[ 45%] [34m[1mGenerating __/include/rtabmap/utilite/moc_UImageView.cpp[0m
[ 45%] [34m[1mGenerating __/include/rtabmap/gui/moc_CloudViewer.cpp[0m
[ 45%] [34m[1mGenerating __/include/rtabmap/gui/moc_OdometryViewer.cpp[0m
[ 46%] [34m[1mGenerating __/include/rtabmap/gui/moc_LoopClosureViewer.cpp[0m
[ 46%] [34m[1mGenerating __/include/rtabmap/gui/moc_DataRecorder.cpp[0m
[ 46%] [34m[1mGenerating __/include/rtabmap/gui/moc_CameraViewer.cpp[0m
[ 47%] [34m[1mGenerating __/include/rtabmap/gui/moc_CalibrationDialog.cpp[0m
[ 47%] [34m[1mGenerating __/include/rtabmap/gui/moc_ExportDialog.cpp[0m
[ 47%] [34m[1mGenerating __/include/rtabmap/gui/moc_PostProcessingDialog.cpp[0m
[ 48%] [34m[1mGenerating __/include/rtabmap/gui/moc_ExportCloudsDialog.cpp[0m
[ 48%] [34m[1mGenerating __/include/rtabmap/gui/moc_ExportBundlerDialog.cpp[0m
[ 48%] [34m[1mGenerating __/include/rtabmap/gui/moc_MapVisibilityWidget.cpp[0m
[ 49%] [34m[1mGenerating __/include/rtabmap/gui/moc_GraphViewer.cpp[0m
[ 49%] [34m[1mGenerating __/include/rtabmap/gui/moc_CreateSimpleCalibrationDialog.cpp[0m
[ 49%] [34m[1mGenerating __/include/rtabmap/gui/moc_ParametersToolBox.cpp[0m
[ 50%] [34m[1mGenerating __/include/rtabmap/gui/moc_DepthCalibrationDialog.cpp[0m
[ 50%] [34m[1mGenerating __/include/rtabmap/gui/moc_EditConstraintDialog.cpp[0m
[ 50%] [34m[1mGenerating 3rdParty/moc_QMultiComboBox.cpp[0m
[ 50%] [34m[1mGenerating __/include/rtabmap/gui/moc_TexturingState.cpp[0m
[ 51%] [34m[1mGenerating __/include/rtabmap/gui/moc_RecoveryState.cpp[0m
[ 51%] [34m[1mGenerating __/include/rtabmap/gui/moc_EditDepthArea.cpp[0m
[ 51%] [34m[1mGenerating __/include/rtabmap/gui/moc_EditMapArea.cpp[0m
[ 52%] [34m[1mGenerating __/include/rtabmap/gui/moc_MultiSessionLocWidget.cpp[0m
[ 52%] [34m[1mGenerating __/include/rtabmap/gui/moc_MultiSessionLocSubView.cpp[0m
[ 52%] [34m[1mGenerating ui_mainWindow.h[0m
[ 53%] [34m[1mGenerating ui_preferencesDialog.h[0m
[ 53%] [34m[1mGenerating ui_aboutDialog.h[0m
[ 53%] [34m[1mGenerating ui_consoleWidget.h[0m
[ 54%] [34m[1mGenerating ui_DatabaseViewer.h[0m
[ 54%] [34m[1mGenerating ui_loopClosureViewer.h[0m
[ 54%] [34m[1mGenerating ui_exportDialog.h[0m
[ 55%] [34m[1mGenerating ui_postProcessingDialog.h[0m
[ 55%] [34m[1mGenerating ui_exportCloudsDialog.h[0m
[ 55%] [34m[1mGenerating ui_calibrationDialog.h[0m
[ 56%] [34m[1mGenerating ui_createSimpleCalibrationDialog.h[0m
[ 56%] [34m[1mGenerating ui_depthCalibrationDialog.h[0m
[ 56%] [34m[1mGenerating ui_exportBundlerDialog.h[0m
[ 57%] [34m[1mGenerating ui_editConstraintDialog.h[0m
[ 57%] [34m[1mGenerating ui_multiSessionLocSubView.h[0m
[35m[1mScanning dependencies of target rtabmap_gui[0m
[ 58%] [32m[1mLinking CXX executable ../../bin/rtabmap-imagesJoiner[0m
[ 58%] Built target imagesJoiner
[35m[1mScanning dependencies of target kitti_dataset[0m
[ 58%] [32mBuilding CXX object tools/KittiDataset/CMakeFiles/kitti_dataset.dir/main.cpp.o[0m
[ 59%] [32mBuilding CXX object guilib/src/CMakeFiles/rtabmap_gui.dir/MainWindow.cpp.o[0m
[ 59%] [32m[1mLinking CXX executable ../../bin/rtabmap-camera[0m
[ 59%] Built target camera
[35m[1mScanning dependencies of target rgbd_dataset[0m
[ 59%] [32mBuilding CXX object tools/RgbdDataset/CMakeFiles/rgbd_dataset.dir/main.cpp.o[0m
[ 60%] [32m[1mLinking CXX executable ../../bin/rtabmap-stereoEval[0m
[ 60%] Built target stereoEval
[35m[1mScanning dependencies of target euroc_dataset[0m
[ 61%] [32mBuilding CXX object tools/EurocDataset/CMakeFiles/euroc_dataset.dir/main.cpp.o[0m
[ 62%] [32m[1mLinking CXX executable ../../bin/rtabmap-console[0m
[ 62%] Built target consoleApp
[35m[1mScanning dependencies of target recovery[0m
[ 63%] [32mBuilding CXX object tools/Recovery/CMakeFiles/recovery.dir/main.cpp.o[0m
[ 63%] [32m[1mLinking CXX executable ../../bin/rtabmap-recovery[0m
[ 64%] [32m[1mLinking CXX executable ../../bin/rtabmap-kitti_dataset[0m
[ 64%] Built target recovery
[35m[1mScanning dependencies of target reprocess[0m
[ 64%] [32mBuilding CXX object tools/Reprocess/CMakeFiles/reprocess.dir/main.cpp.o[0m
[ 64%] Built target kitti_dataset
[35m[1mScanning dependencies of target detectMoreLoopClosures[0m
[ 64%] [32mBuilding CXX object tools/DetectMoreLoopClosures/CMakeFiles/detectMoreLoopClosures.dir/main.cpp.o[0m
[ 64%] [32m[1mLinking CXX executable ../../bin/rtabmap-rgbd_dataset[0m
[ 64%] Built target rgbd_dataset
[ 64%] [32mBuilding CXX object guilib/src/CMakeFiles/rtabmap_gui.dir/PreferencesDialog.cpp.o[0m
[ 64%] [32m[1mLinking CXX executable ../../bin/rtabmap-euroc_dataset[0m
[ 64%] Built target euroc_dataset
[35m[1mScanning dependencies of target export[0m
[ 64%] [32mBuilding CXX object tools/Export/CMakeFiles/export.dir/main.cpp.o[0m
[ 64%] [32m[1mLinking CXX executable ../../bin/rtabmap-extractObject[0m
[ 64%] Built target extractObject
[35m[1mScanning dependencies of target info[0m
[ 64%] [32mBuilding CXX object tools/Info/CMakeFiles/info.dir/main.cpp.o[0m
[ 64%] [32m[1mLinking CXX executable ../../bin/rtabmap-reprocess[0m
[ 64%] Built target reprocess
[35m[1mScanning dependencies of target cleanupLocalGrids[0m
[ 65%] [32mBuilding CXX object tools/CleanupLocalGrids/CMakeFiles/cleanupLocalGrids.dir/main.cpp.o[0m
[ 66%] [32m[1mLinking CXX executable ../../bin/rtabmap-detectMoreLoopClosures[0m
[ 66%] Built target detectMoreLoopClosures
[35m[1mScanning dependencies of target globalBundleAdjustment[0m
[ 67%] [32mBuilding CXX object tools/GlobalBundleAdjustment/CMakeFiles/globalBundleAdjustment.dir/main.cpp.o[0m
[ 67%] [32m[1mLinking CXX executable ../../bin/rtabmap-info[0m
[ 67%] Built target info
[ 67%] [32mBuilding CXX object guilib/src/CMakeFiles/rtabmap_gui.dir/KeypointItem.cpp.o[0m
[ 68%] [32mBuilding CXX object guilib/src/CMakeFiles/rtabmap_gui.dir/ImageView.cpp.o[0m
[ 68%] [32m[1mLinking CXX executable ../../bin/rtabmap-cleanupLocalGrids[0m
[ 68%] Built target cleanupLocalGrids
[ 68%] [32mBuilding CXX object guilib/src/CMakeFiles/rtabmap_gui.dir/PdfPlot.cpp.o[0m
[ 68%] [32m[1mLinking CXX executable ../../bin/rtabmap-globalBundleAdjustment[0m
[ 68%] Built target globalBundleAdjustment
[ 68%] [32mBuilding CXX object guilib/src/CMakeFiles/rtabmap_gui.dir/StatsToolBox.cpp.o[0m
[ 68%] [32mBuilding CXX object guilib/src/CMakeFiles/rtabmap_gui.dir/ProgressDialog.cpp.o[0m
[ 69%] [32mBuilding CXX object guilib/src/CMakeFiles/rtabmap_gui.dir/AboutDialog.cpp.o[0m
[ 69%] [32mBuilding CXX object guilib/src/CMakeFiles/rtabmap_gui.dir/ConsoleWidget.cpp.o[0m
[ 69%] [32mBuilding CXX object guilib/src/CMakeFiles/rtabmap_gui.dir/DatabaseViewer.cpp.o[0m
[ 70%] [32m[1mLinking CXX executable ../../bin/rtabmap-export[0m
[ 71%] [32mBuilding CXX object guilib/src/CMakeFiles/rtabmap_gui.dir/utilite/UPlot.cpp.o[0m
[ 71%] [32mBuilding CXX object guilib/src/CMakeFiles/rtabmap_gui.dir/CloudViewer.cpp.o[0m
[ 71%] Built target export
[ 71%] [32mBuilding CXX object guilib/src/CMakeFiles/rtabmap_gui.dir/CloudViewerCellPicker.cpp.o[0m
[ 72%] [32mBuilding CXX object guilib/src/CMakeFiles/rtabmap_gui.dir/CloudViewerInteractorStyle.cpp.o[0m
[ 72%] [32mBuilding CXX object guilib/src/CMakeFiles/rtabmap_gui.dir/OdometryViewer.cpp.o[0m
[ 72%] [32mBuilding CXX object guilib/src/CMakeFiles/rtabmap_gui.dir/LoopClosureViewer.cpp.o[0m
[ 73%] [32mBuilding CXX object guilib/src/CMakeFiles/rtabmap_gui.dir/DataRecorder.cpp.o[0m
[ 73%] [32mBuilding CXX object guilib/src/CMakeFiles/rtabmap_gui.dir/CameraViewer.cpp.o[0m
[ 73%] [32mBuilding CXX object guilib/src/CMakeFiles/rtabmap_gui.dir/CalibrationDialog.cpp.o[0m
[ 74%] [32mBuilding CXX object guilib/src/CMakeFiles/rtabmap_gui.dir/ExportDialog.cpp.o[0m
[ 74%] [32mBuilding CXX object guilib/src/CMakeFiles/rtabmap_gui.dir/ExportBundlerDialog.cpp.o[0m
[ 74%] [32mBuilding CXX object guilib/src/CMakeFiles/rtabmap_gui.dir/PostProcessingDialog.cpp.o[0m
[ 75%] [32mBuilding CXX object guilib/src/CMakeFiles/rtabmap_gui.dir/ExportCloudsDialog.cpp.o[0m
[ 75%] [32mBuilding CXX object guilib/src/CMakeFiles/rtabmap_gui.dir/EditConstraintDialog.cpp.o[0m
[ 75%] [32mBuilding CXX object guilib/src/CMakeFiles/rtabmap_gui.dir/MapVisibilityWidget.cpp.o[0m
[ 76%] [32mBuilding CXX object guilib/src/CMakeFiles/rtabmap_gui.dir/GraphViewer.cpp.o[0m
[ 76%] [32mBuilding CXX object guilib/src/CMakeFiles/rtabmap_gui.dir/EditDepthArea.cpp.o[0m
[ 76%] [32mBuilding CXX object guilib/src/CMakeFiles/rtabmap_gui.dir/EditMapArea.cpp.o[0m
[ 77%] [32mBuilding CXX object guilib/src/CMakeFiles/rtabmap_gui.dir/MultiSessionLocWidget.cpp.o[0m
[ 77%] [32mBuilding CXX object guilib/src/CMakeFiles/rtabmap_gui.dir/MultiSessionLocSubView.cpp.o[0m
[ 77%] [32mBuilding CXX object guilib/src/CMakeFiles/rtabmap_gui.dir/CreateSimpleCalibrationDialog.cpp.o[0m
[ 78%] [32mBuilding CXX object guilib/src/CMakeFiles/rtabmap_gui.dir/ParametersToolBox.cpp.o[0m
[ 78%] [32mBuilding CXX object guilib/src/CMakeFiles/rtabmap_gui.dir/DepthCalibrationDialog.cpp.o[0m
[ 78%] [32mBuilding CXX object guilib/src/CMakeFiles/rtabmap_gui.dir/3rdParty/QMultiComboBox.cpp.o[0m
[ 78%] [32mBuilding CXX object guilib/src/CMakeFiles/rtabmap_gui.dir/opencv/vtkImageMatSource.cpp.o[0m
[ 79%] [32mBuilding CXX object guilib/src/CMakeFiles/rtabmap_gui.dir/__/include/rtabmap/gui/moc_MainWindow.cpp.o[0m
[ 79%] [32mBuilding CXX object guilib/src/CMakeFiles/rtabmap_gui.dir/__/include/rtabmap/gui/moc_PreferencesDialog.cpp.o[0m
[ 79%] [32mBuilding CXX object guilib/src/CMakeFiles/rtabmap_gui.dir/__/include/rtabmap/gui/moc_DatabaseViewer.cpp.o[0m
[ 80%] [32mBuilding CXX object guilib/src/CMakeFiles/rtabmap_gui.dir/__/include/rtabmap/gui/moc_AboutDialog.cpp.o[0m
[ 80%] [32mBuilding CXX object guilib/src/CMakeFiles/rtabmap_gui.dir/__/include/rtabmap/gui/moc_ConsoleWidget.cpp.o[0m
[ 80%] [32mBuilding CXX object guilib/src/CMakeFiles/rtabmap_gui.dir/__/include/rtabmap/gui/moc_ImageView.cpp.o[0m
[ 81%] [32mBuilding CXX object guilib/src/CMakeFiles/rtabmap_gui.dir/__/include/rtabmap/gui/moc_PdfPlot.cpp.o[0m
[ 81%] [32mBuilding CXX object guilib/src/CMakeFiles/rtabmap_gui.dir/__/include/rtabmap/gui/moc_StatsToolBox.cpp.o[0m
[ 81%] [32mBuilding CXX object guilib/src/CMakeFiles/rtabmap_gui.dir/__/include/rtabmap/gui/moc_ProgressDialog.cpp.o[0m
[ 82%] [32mBuilding CXX object guilib/src/CMakeFiles/rtabmap_gui.dir/__/include/rtabmap/utilite/moc_UPlot.cpp.o[0m
[ 82%] [32mBuilding CXX object guilib/src/CMakeFiles/rtabmap_gui.dir/__/include/rtabmap/utilite/moc_UImageView.cpp.o[0m
[ 82%] [32mBuilding CXX object guilib/src/CMakeFiles/rtabmap_gui.dir/__/include/rtabmap/gui/moc_CloudViewer.cpp.o[0m
[ 83%] [32mBuilding CXX object guilib/src/CMakeFiles/rtabmap_gui.dir/__/include/rtabmap/gui/moc_OdometryViewer.cpp.o[0m
[ 83%] [32mBuilding CXX object guilib/src/CMakeFiles/rtabmap_gui.dir/__/include/rtabmap/gui/moc_LoopClosureViewer.cpp.o[0m
[ 83%] [32mBuilding CXX object guilib/src/CMakeFiles/rtabmap_gui.dir/__/include/rtabmap/gui/moc_DataRecorder.cpp.o[0m
[ 84%] [32mBuilding CXX object guilib/src/CMakeFiles/rtabmap_gui.dir/__/include/rtabmap/gui/moc_CameraViewer.cpp.o[0m
[ 84%] [32mBuilding CXX object guilib/src/CMakeFiles/rtabmap_gui.dir/__/include/rtabmap/gui/moc_CalibrationDialog.cpp.o[0m
[ 84%] [32mBuilding CXX object guilib/src/CMakeFiles/rtabmap_gui.dir/__/include/rtabmap/gui/moc_ExportDialog.cpp.o[0m
[ 85%] [32mBuilding CXX object guilib/src/CMakeFiles/rtabmap_gui.dir/__/include/rtabmap/gui/moc_PostProcessingDialog.cpp.o[0m
[ 85%] [32mBuilding CXX object guilib/src/CMakeFiles/rtabmap_gui.dir/__/include/rtabmap/gui/moc_ExportCloudsDialog.cpp.o[0m
[ 85%] [32mBuilding CXX object guilib/src/CMakeFiles/rtabmap_gui.dir/__/include/rtabmap/gui/moc_ExportBundlerDialog.cpp.o[0m
[ 86%] [32mBuilding CXX object guilib/src/CMakeFiles/rtabmap_gui.dir/__/include/rtabmap/gui/moc_MapVisibilityWidget.cpp.o[0m
[ 86%] [32mBuilding CXX object guilib/src/CMakeFiles/rtabmap_gui.dir/__/include/rtabmap/gui/moc_GraphViewer.cpp.o[0m
[ 86%] [32mBuilding CXX object guilib/src/CMakeFiles/rtabmap_gui.dir/__/include/rtabmap/gui/moc_CreateSimpleCalibrationDialog.cpp.o[0m
[ 87%] [32mBuilding CXX object guilib/src/CMakeFiles/rtabmap_gui.dir/__/include/rtabmap/gui/moc_ParametersToolBox.cpp.o[0m
[ 87%] [32mBuilding CXX object guilib/src/CMakeFiles/rtabmap_gui.dir/__/include/rtabmap/gui/moc_DepthCalibrationDialog.cpp.o[0m
[ 87%] [32mBuilding CXX object guilib/src/CMakeFiles/rtabmap_gui.dir/__/include/rtabmap/gui/moc_EditConstraintDialog.cpp.o[0m
[ 87%] [32mBuilding CXX object guilib/src/CMakeFiles/rtabmap_gui.dir/3rdParty/moc_QMultiComboBox.cpp.o[0m
[ 88%] [32mBuilding CXX object guilib/src/CMakeFiles/rtabmap_gui.dir/__/include/rtabmap/gui/moc_TexturingState.cpp.o[0m
[ 88%] [32mBuilding CXX object guilib/src/CMakeFiles/rtabmap_gui.dir/__/include/rtabmap/gui/moc_RecoveryState.cpp.o[0m
[ 88%] [32mBuilding CXX object guilib/src/CMakeFiles/rtabmap_gui.dir/__/include/rtabmap/gui/moc_EditDepthArea.cpp.o[0m
[ 89%] [32mBuilding CXX object guilib/src/CMakeFiles/rtabmap_gui.dir/__/include/rtabmap/gui/moc_EditMapArea.cpp.o[0m
[ 89%] [32mBuilding CXX object guilib/src/CMakeFiles/rtabmap_gui.dir/__/include/rtabmap/gui/moc_MultiSessionLocWidget.cpp.o[0m
[ 89%] [32mBuilding CXX object guilib/src/CMakeFiles/rtabmap_gui.dir/__/include/rtabmap/gui/moc_MultiSessionLocSubView.cpp.o[0m
[ 90%] [32mBuilding CXX object guilib/src/CMakeFiles/rtabmap_gui.dir/qrc_GuiLib.cpp.o[0m
[ 90%] [32m[1mLinking CXX shared library ../../bin/librtabmap_gui.so[0m
[ 90%] Built target rtabmap_gui
[35m[1mScanning dependencies of target report[0m
[35m[1mScanning dependencies of target rtabmap_app[0m
[35m[1mScanning dependencies of target rgbd_camera[0m
[35m[1mScanning dependencies of target databaseViewer[0m
[35m[1mScanning dependencies of target epipolar_geometry[0m
[35m[1mScanning dependencies of target odometryViewer[0m
[ 90%] [32mBuilding CXX object tools/Report/CMakeFiles/report.dir/main.cpp.o[0m
[ 91%] [32mBuilding CXX object tools/EpipolarGeometry/CMakeFiles/epipolar_geometry.dir/main.cpp.o[0m
[ 91%] [32mBuilding CXX object tools/DatabaseViewer/CMakeFiles/databaseViewer.dir/main.cpp.o[0m
[ 91%] [32mBuilding CXX object app/src/CMakeFiles/rtabmap_app.dir/main.cpp.o[0m
[ 91%] [32mBuilding CXX object tools/OdometryViewer/CMakeFiles/odometryViewer.dir/main.cpp.o[0m
[ 91%] [32mBuilding CXX object tools/CameraRGBD/CMakeFiles/rgbd_camera.dir/main.cpp.o[0m
[ 91%] [32m[1mLinking CXX executable ../../bin/rtabmap-databaseViewer[0m
[ 91%] Built target databaseViewer
[35m[1mScanning dependencies of target dataRecorder[0m
[ 91%] [32mBuilding CXX object tools/DataRecorder/CMakeFiles/dataRecorder.dir/main.cpp.o[0m
[ 91%] [32m[1mLinking CXX executable ../../bin/rtabmap[0m
[ 91%] [32m[1mLinking CXX executable ../../bin/rtabmap-epipolar_geometry[0m
[ 91%] [32m[1mLinking CXX executable ../../bin/rtabmap-odometryViewer[0m
[ 91%] Built target epipolar_geometry
[35m[1mScanning dependencies of target calibration[0m
[ 91%] Built target rtabmap_app
[35m[1mScanning dependencies of target matcher[0m
[ 91%] [32mBuilding CXX object tools/Calibration/CMakeFiles/calibration.dir/main.cpp.o[0m
[ 91%] [32mBuilding CXX object tools/Matcher/CMakeFiles/matcher.dir/main.cpp.o[0m
[ 91%] Built target odometryViewer
[35m[1mScanning dependencies of target bow_mapping[0m
[ 91%] [32mBuilding CXX object examples/BOWMapping/CMakeFiles/bow_mapping.dir/main.cpp.o[0m
[ 92%] [32m[1mLinking CXX executable ../../bin/rtabmap-report[0m
[ 92%] Built target report
[ 93%] [34m[1mGenerating moc_MapBuilder.cpp[0m
[35m[1mScanning dependencies of target rgbd_mapping[0m
[ 93%] [32mBuilding CXX object examples/RGBDMapping/CMakeFiles/rgbd_mapping.dir/main.cpp.o[0m
[ 94%] [32m[1mLinking CXX executable ../../bin/rtabmap-rgbd_camera[0m
[ 94%] [32m[1mLinking CXX executable ../../bin/rtabmap-dataRecorder[0m
[ 94%] Built target rgbd_camera
[ 94%] [34m[1mGenerating moc_MapBuilderWifi.cpp[0m
[ 94%] [34m[1mGenerating moc_MapBuilder.cpp[0m
[35m[1mScanning dependencies of target wifi_mapping[0m
[ 95%] [32mBuilding CXX object examples/WifiMapping/CMakeFiles/wifi_mapping.dir/main.cpp.o[0m
[ 95%] Built target dataRecorder
[ 96%] [34m[1mGenerating moc_MapBuilder.cpp[0m
[35m[1mScanning dependencies of target noEventsExample[0m
[ 96%] [32mBuilding CXX object examples/NoEventsExample/CMakeFiles/noEventsExample.dir/main.cpp.o[0m
[ 96%] [32m[1mLinking CXX executable ../../bin/rtabmap-bow_mapping[0m
[ 97%] [32m[1mLinking CXX executable ../../bin/rtabmap-calibration[0m
[ 97%] Built target bow_mapping
[ 97%] [32mBuilding CXX object examples/WifiMapping/CMakeFiles/wifi_mapping.dir/moc_MapBuilder.cpp.o[0m
[ 97%] Built target calibration
[ 97%] [32mBuilding CXX object examples/WifiMapping/CMakeFiles/wifi_mapping.dir/moc_MapBuilderWifi.cpp.o[0m
[ 97%] [32m[1mLinking CXX executable ../../bin/rtabmap-matcher[0m
[ 97%] Built target matcher
[ 97%] [32mBuilding CXX object examples/RGBDMapping/CMakeFiles/rgbd_mapping.dir/moc_MapBuilder.cpp.o[0m
In file included from [01m[K/usr/include/string.h:495[m[K,
                 from [01m[K/usr/include/c++/9/cstring:42[m[K,
                 from [01m[K/usr/include/eigen3/Eigen/Core:283[m[K,
                 from [01m[K/home/chaung/f_ws/src/rtabmap/corelib/src/../include/rtabmap/core/Transform.h:35[m[K,
                 from [01m[K/home/chaung/f_ws/src/rtabmap/corelib/src/../include/rtabmap/core/Odometry.h:33[m[K,
                 from [01m[K/home/chaung/f_ws/src/rtabmap/examples/WifiMapping/main.cpp:28[m[K:
In function ‘[01m[Kchar* strncpy(char*, const char*, size_t)[m[K’,
    inlined from ‘[01m[Kvirtual void WifiThread::mainLoop()[m[K’ at [01m[K/home/chaung/f_ws/src/rtabmap/examples/WifiMapping/WifiThread.h:180:11[m[K:
[01m[K/usr/include/x86_64-linux-gnu/bits/string_fortified.h:106:34:[m[K [01;35m[Kwarning: [m[K‘[01m[Kchar* __builtin_strncpy(char*, const char*, long unsigned int)[m[K’ specified bound 16 equals destination size [[01;35m[K-Wstringop-truncation[m[K]
  106 |   return [01;35m[K__builtin___strncpy_chk (__dest, __src, __len, __bos (__dest))[m[K;
      |          [01;35m[K~~~~~~~~~~~~~~~~~~~~~~~~^~~~~~~~~~~~~~~~~~~~~~~~~~~~~~~~~~~~~~[m[K
[ 97%] [32mBuilding CXX object examples/NoEventsExample/CMakeFiles/noEventsExample.dir/moc_MapBuilder.cpp.o[0m
[ 98%] [32m[1mLinking CXX executable ../../bin/rtabmap-wifi_mapping[0m
[ 98%] Built target wifi_mapping
[ 99%] [32m[1mLinking CXX executable ../../bin/rtabmap-rgbd_mapping[0m
[ 99%] Built target rgbd_mapping
[100%] [32m[1mLinking CXX executable ../../bin/rtabmap-noEventsExample[0m
[100%] Built target noEventsExample
-- Install configuration: "Release"
-- Installing: /home/chaung/f_ws/install/rtabmap/lib/rtabmap-0.21/RTABMapTargets.cmake
-- Installing: /home/chaung/f_ws/install/rtabmap/lib/rtabmap-0.21/RTABMapConfig.cmake
-- Installing: /home/chaung/f_ws/install/rtabmap/lib/rtabmap-0.21/RTABMapConfigVersion.cmake
-- Installing: /home/chaung/f_ws/install/rtabmap/share/rtabmap/package.xml
-- Installing: /home/chaung/f_ws/install/rtabmap/lib/librtabmap_utilite.so.0.21.1
-- Installing: /home/chaung/f_ws/install/rtabmap/lib/librtabmap_utilite.so.0.21
-- Installing: /home/chaung/f_ws/install/rtabmap/lib/librtabmap_utilite.so
-- Installing: /home/chaung/f_ws/install/rtabmap/include/rtabmap-0.21/rtabmap
-- Installing: /home/chaung/f_ws/install/rtabmap/include/rtabmap-0.21/rtabmap/utilite
-- Installing: /home/chaung/f_ws/install/rtabmap/include/rtabmap-0.21/rtabmap/utilite/UTimer.h
-- Installing: /home/chaung/f_ws/install/rtabmap/include/rtabmap-0.21/rtabmap/utilite/Win32
-- Installing: /home/chaung/f_ws/install/rtabmap/include/rtabmap-0.21/rtabmap/utilite/Win32/UThreadC.h
-- Installing: /home/chaung/f_ws/install/rtabmap/include/rtabmap-0.21/rtabmap/utilite/Win32/UWin32.h
-- Installing: /home/chaung/f_ws/install/rtabmap/include/rtabmap-0.21/rtabmap/utilite/UProcessInfo.h
-- Installing: /home/chaung/f_ws/install/rtabmap/include/rtabmap-0.21/rtabmap/utilite/UFile.h
-- Installing: /home/chaung/f_ws/install/rtabmap/include/rtabmap-0.21/rtabmap/utilite/UMutex.h
-- Installing: /home/chaung/f_ws/install/rtabmap/include/rtabmap-0.21/rtabmap/utilite/UThreadC.h
-- Installing: /home/chaung/f_ws/install/rtabmap/include/rtabmap-0.21/rtabmap/utilite/UMath.h
-- Installing: /home/chaung/f_ws/install/rtabmap/include/rtabmap-0.21/rtabmap/utilite/UEventsManager.h
-- Installing: /home/chaung/f_ws/install/rtabmap/include/rtabmap-0.21/rtabmap/utilite/USemaphore.h
-- Installing: /home/chaung/f_ws/install/rtabmap/include/rtabmap-0.21/rtabmap/utilite/UDestroyer.h
-- Installing: /home/chaung/f_ws/install/rtabmap/include/rtabmap-0.21/rtabmap/utilite/UVariant.h
-- Installing: /home/chaung/f_ws/install/rtabmap/include/rtabmap-0.21/rtabmap/utilite/UConversion.h
-- Installing: /home/chaung/f_ws/install/rtabmap/include/rtabmap-0.21/rtabmap/utilite/UStl.h
-- Installing: /home/chaung/f_ws/install/rtabmap/include/rtabmap-0.21/rtabmap/utilite/UEventsHandler.h
-- Installing: /home/chaung/f_ws/install/rtabmap/include/rtabmap-0.21/rtabmap/utilite/UtiLite.h
-- Installing: /home/chaung/f_ws/install/rtabmap/include/rtabmap-0.21/rtabmap/utilite/UException.h
-- Installing: /home/chaung/f_ws/install/rtabmap/include/rtabmap-0.21/rtabmap/utilite/UObjDeletionThread.h
-- Installing: /home/chaung/f_ws/install/rtabmap/include/rtabmap-0.21/rtabmap/utilite/UEventsSender.h
-- Installing: /home/chaung/f_ws/install/rtabmap/include/rtabmap-0.21/rtabmap/utilite/UThreadNode.h
-- Installing: /home/chaung/f_ws/install/rtabmap/include/rtabmap-0.21/rtabmap/utilite/UDirectory.h
-- Installing: /home/chaung/f_ws/install/rtabmap/include/rtabmap-0.21/rtabmap/utilite/Posix
-- Installing: /home/chaung/f_ws/install/rtabmap/include/rtabmap-0.21/rtabmap/utilite/Posix/UThreadC.h
-- Installing: /home/chaung/f_ws/install/rtabmap/include/rtabmap-0.21/rtabmap/utilite/ULogger.h
-- Installing: /home/chaung/f_ws/install/rtabmap/include/rtabmap-0.21/rtabmap/utilite/UThread.h
-- Installing: /home/chaung/f_ws/install/rtabmap/include/rtabmap-0.21/rtabmap/utilite/UEvent.h
-- Up-to-date: /home/chaung/f_ws/install/rtabmap/include/rtabmap-0.21/rtabmap
-- Up-to-date: /home/chaung/f_ws/install/rtabmap/include/rtabmap-0.21/rtabmap/utilite
-- Installing: /home/chaung/f_ws/install/rtabmap/include/rtabmap-0.21/rtabmap/utilite/utilite_export.h
-- Installing: /home/chaung/f_ws/install/rtabmap/lib/rtabmap-0.21/RTABMap_utiliteTargets.cmake
-- Installing: /home/chaung/f_ws/install/rtabmap/lib/rtabmap-0.21/RTABMap_utiliteTargets-release.cmake
-- Installing: /home/chaung/f_ws/install/rtabmap/bin/rtabmap-res_tool-0.3.0
-- Installing: /home/chaung/f_ws/install/rtabmap/bin/rtabmap-res_tool
-- Set runtime path of "/home/chaung/f_ws/install/rtabmap/bin/rtabmap-res_tool-0.3.0" to ""
-- Installing: /home/chaung/f_ws/install/rtabmap/lib/librtabmap_core.so.0.21.1
-- Installing: /home/chaung/f_ws/install/rtabmap/lib/librtabmap_core.so.0.21
-- Set runtime path of "/home/chaung/f_ws/install/rtabmap/lib/librtabmap_core.so.0.21.1" to ""
-- Installing: /home/chaung/f_ws/install/rtabmap/lib/librtabmap_core.so
-- Up-to-date: /home/chaung/f_ws/install/rtabmap/include/rtabmap-0.21/rtabmap
-- Installing: /home/chaung/f_ws/install/rtabmap/include/rtabmap-0.21/rtabmap/core
-- Installing: /home/chaung/f_ws/install/rtabmap/include/rtabmap-0.21/rtabmap/core/OdometryInfo.h
-- Installing: /home/chaung/f_ws/install/rtabmap/include/rtabmap-0.21/rtabmap/core/CameraRGB.h
-- Installing: /home/chaung/f_ws/install/rtabmap/include/rtabmap-0.21/rtabmap/core/Landmark.h
-- Installing: /home/chaung/f_ws/install/rtabmap/include/rtabmap-0.21/rtabmap/core/SensorData.h
-- Installing: /home/chaung/f_ws/install/rtabmap/include/rtabmap-0.21/rtabmap/core/util3d_filtering.h
-- Installing: /home/chaung/f_ws/install/rtabmap/include/rtabmap-0.21/rtabmap/core/Odometry.h
-- Installing: /home/chaung/f_ws/install/rtabmap/include/rtabmap-0.21/rtabmap/core/CameraModel.h
-- Installing: /home/chaung/f_ws/install/rtabmap/include/rtabmap-0.21/rtabmap/core/ParamEvent.h
-- Installing: /home/chaung/f_ws/install/rtabmap/include/rtabmap-0.21/rtabmap/core/util3d_transforms.h
-- Installing: /home/chaung/f_ws/install/rtabmap/include/rtabmap-0.21/rtabmap/core/util3d_registration.h
-- Installing: /home/chaung/f_ws/install/rtabmap/include/rtabmap-0.21/rtabmap/core/ParticleFilter.h
-- Installing: /home/chaung/f_ws/install/rtabmap/include/rtabmap-0.21/rtabmap/core/stereo
-- Installing: /home/chaung/f_ws/install/rtabmap/include/rtabmap-0.21/rtabmap/core/stereo/StereoBM.h
-- Installing: /home/chaung/f_ws/install/rtabmap/include/rtabmap-0.21/rtabmap/core/stereo/StereoSGBM.h
-- Installing: /home/chaung/f_ws/install/rtabmap/include/rtabmap-0.21/rtabmap/core/stereo/stereoRectifyFisheye.h
-- Installing: /home/chaung/f_ws/install/rtabmap/include/rtabmap-0.21/rtabmap/core/VWDictionary.h
-- Installing: /home/chaung/f_ws/install/rtabmap/include/rtabmap-0.21/rtabmap/core/EnvSensor.h
-- Installing: /home/chaung/f_ws/install/rtabmap/include/rtabmap-0.21/rtabmap/core/OctoMap.h
-- Installing: /home/chaung/f_ws/install/rtabmap/include/rtabmap-0.21/rtabmap/core/util2d.h
-- Installing: /home/chaung/f_ws/install/rtabmap/include/rtabmap-0.21/rtabmap/core/OccupancyGrid.h
-- Installing: /home/chaung/f_ws/install/rtabmap/include/rtabmap-0.21/rtabmap/core/BayesFilter.h
-- Installing: /home/chaung/f_ws/install/rtabmap/include/rtabmap-0.21/rtabmap/core/impl
-- Installing: /home/chaung/f_ws/install/rtabmap/include/rtabmap-0.21/rtabmap/core/impl/util3d_mapping.hpp
-- Installing: /home/chaung/f_ws/install/rtabmap/include/rtabmap-0.21/rtabmap/core/impl/OccupancyGrid.hpp
-- Installing: /home/chaung/f_ws/install/rtabmap/include/rtabmap-0.21/rtabmap/core/impl/util3d.hpp
-- Installing: /home/chaung/f_ws/install/rtabmap/include/rtabmap-0.21/rtabmap/core/impl/util3d_surface.hpp
-- Installing: /home/chaung/f_ws/install/rtabmap/include/rtabmap-0.21/rtabmap/core/MarkerDetector.h
-- Installing: /home/chaung/f_ws/install/rtabmap/include/rtabmap-0.21/rtabmap/core/util3d.h
-- Installing: /home/chaung/f_ws/install/rtabmap/include/rtabmap-0.21/rtabmap/core/PDALWriter.h
-- Installing: /home/chaung/f_ws/install/rtabmap/include/rtabmap-0.21/rtabmap/core/GPS.h
-- Installing: /home/chaung/f_ws/install/rtabmap/include/rtabmap-0.21/rtabmap/core/CameraInfo.h
-- Installing: /home/chaung/f_ws/install/rtabmap/include/rtabmap-0.21/rtabmap/core/Registration.h
-- Installing: /home/chaung/f_ws/install/rtabmap/include/rtabmap-0.21/rtabmap/core/UserDataEvent.h
-- Installing: /home/chaung/f_ws/install/rtabmap/include/rtabmap-0.21/rtabmap/core/util3d_motion_estimation.h
-- Installing: /home/chaung/f_ws/install/rtabmap/include/rtabmap-0.21/rtabmap/core/util3d_correspondences.h
-- Installing: /home/chaung/f_ws/install/rtabmap/include/rtabmap-0.21/rtabmap/core/Link.h
-- Installing: /home/chaung/f_ws/install/rtabmap/include/rtabmap-0.21/rtabmap/core/util3d_features.h
-- Installing: /home/chaung/f_ws/install/rtabmap/include/rtabmap-0.21/rtabmap/core/RtabmapThread.h
-- Installing: /home/chaung/f_ws/install/rtabmap/include/rtabmap-0.21/rtabmap/core/Parameters.h
-- Installing: /home/chaung/f_ws/install/rtabmap/include/rtabmap-0.21/rtabmap/core/CameraRGBD.h
-- Installing: /home/chaung/f_ws/install/rtabmap/include/rtabmap-0.21/rtabmap/core/util3d_mapping.h
-- Installing: /home/chaung/f_ws/install/rtabmap/include/rtabmap-0.21/rtabmap/core/VisualWord.h
-- Installing: /home/chaung/f_ws/install/rtabmap/include/rtabmap-0.21/rtabmap/core/RegistrationVis.h
-- Installing: /home/chaung/f_ws/install/rtabmap/include/rtabmap-0.21/rtabmap/core/OdometryThread.h
-- Installing: /home/chaung/f_ws/install/rtabmap/include/rtabmap-0.21/rtabmap/core/CameraThread.h
-- Installing: /home/chaung/f_ws/install/rtabmap/include/rtabmap-0.21/rtabmap/core/IMU.h
-- Installing: /home/chaung/f_ws/install/rtabmap/include/rtabmap-0.21/rtabmap/core/Transform.h
-- Installing: /home/chaung/f_ws/install/rtabmap/include/rtabmap-0.21/rtabmap/core/Compression.h
-- Installing: /home/chaung/f_ws/install/rtabmap/include/rtabmap-0.21/rtabmap/core/FlannIndex.h
-- Installing: /home/chaung/f_ws/install/rtabmap/include/rtabmap-0.21/rtabmap/core/ProgressState.h
-- Installing: /home/chaung/f_ws/install/rtabmap/include/rtabmap-0.21/rtabmap/core/StereoDense.h
-- Installing: /home/chaung/f_ws/install/rtabmap/include/rtabmap-0.21/rtabmap/core/StereoCameraModel.h
-- Installing: /home/chaung/f_ws/install/rtabmap/include/rtabmap-0.21/rtabmap/core/optimizer
-- Installing: /home/chaung/f_ws/install/rtabmap/include/rtabmap-0.21/rtabmap/core/optimizer/OptimizerCeres.h
-- Installing: /home/chaung/f_ws/install/rtabmap/include/rtabmap-0.21/rtabmap/core/optimizer/OptimizerCVSBA.h
-- Installing: /home/chaung/f_ws/install/rtabmap/include/rtabmap-0.21/rtabmap/core/optimizer/OptimizerG2O.h
-- Installing: /home/chaung/f_ws/install/rtabmap/include/rtabmap-0.21/rtabmap/core/optimizer/OptimizerGTSAM.h
-- Installing: /home/chaung/f_ws/install/rtabmap/include/rtabmap-0.21/rtabmap/core/optimizer/OptimizerTORO.h
-- Installing: /home/chaung/f_ws/install/rtabmap/include/rtabmap-0.21/rtabmap/core/GeodeticCoords.h
-- Installing: /home/chaung/f_ws/install/rtabmap/include/rtabmap-0.21/rtabmap/core/GlobalDescriptor.h
-- Installing: /home/chaung/f_ws/install/rtabmap/include/rtabmap-0.21/rtabmap/core/Rtabmap.h
-- Installing: /home/chaung/f_ws/install/rtabmap/include/rtabmap-0.21/rtabmap/core/LaserScan.h
-- Installing: /home/chaung/f_ws/install/rtabmap/include/rtabmap-0.21/rtabmap/core/Signature.h
-- Installing: /home/chaung/f_ws/install/rtabmap/include/rtabmap-0.21/rtabmap/core/CameraEvent.h
-- Installing: /home/chaung/f_ws/install/rtabmap/include/rtabmap-0.21/rtabmap/core/RtabmapEvent.h
-- Installing: /home/chaung/f_ws/install/rtabmap/include/rtabmap-0.21/rtabmap/core/IMUThread.h
-- Installing: /home/chaung/f_ws/install/rtabmap/include/rtabmap-0.21/rtabmap/core/DBReader.h
-- Installing: /home/chaung/f_ws/install/rtabmap/include/rtabmap-0.21/rtabmap/core/RegistrationInfo.h
-- Installing: /home/chaung/f_ws/install/rtabmap/include/rtabmap-0.21/rtabmap/core/Statistics.h
-- Installing: /home/chaung/f_ws/install/rtabmap/include/rtabmap-0.21/rtabmap/core/Memory.h
-- Installing: /home/chaung/f_ws/install/rtabmap/include/rtabmap-0.21/rtabmap/core/DBDriverSqlite3.h
-- Installing: /home/chaung/f_ws/install/rtabmap/include/rtabmap-0.21/rtabmap/core/odometry
-- Installing: /home/chaung/f_ws/install/rtabmap/include/rtabmap-0.21/rtabmap/core/odometry/OdometryDVO.h
-- Installing: /home/chaung/f_ws/install/rtabmap/include/rtabmap-0.21/rtabmap/core/odometry/OdometryOkvis.h
-- Installing: /home/chaung/f_ws/install/rtabmap/include/rtabmap-0.21/rtabmap/core/odometry/OdometryViso2.h
-- Installing: /home/chaung/f_ws/install/rtabmap/include/rtabmap-0.21/rtabmap/core/odometry/OdometryLOAM.h
-- Installing: /home/chaung/f_ws/install/rtabmap/include/rtabmap-0.21/rtabmap/core/odometry/OdometryMSCKF.h
-- Installing: /home/chaung/f_ws/install/rtabmap/include/rtabmap-0.21/rtabmap/core/odometry/OdometryVINS.h
-- Installing: /home/chaung/f_ws/install/rtabmap/include/rtabmap-0.21/rtabmap/core/odometry/OdometryF2M.h
-- Installing: /home/chaung/f_ws/install/rtabmap/include/rtabmap-0.21/rtabmap/core/odometry/OdometryF2F.h
-- Installing: /home/chaung/f_ws/install/rtabmap/include/rtabmap-0.21/rtabmap/core/odometry/OdometryOpenVINS.h
-- Installing: /home/chaung/f_ws/install/rtabmap/include/rtabmap-0.21/rtabmap/core/odometry/OdometryFovis.h
-- Installing: /home/chaung/f_ws/install/rtabmap/include/rtabmap-0.21/rtabmap/core/odometry/OdometryOpen3D.h
-- Installing: /home/chaung/f_ws/install/rtabmap/include/rtabmap-0.21/rtabmap/core/odometry/OdometryORBSLAM.h
-- Installing: /home/chaung/f_ws/install/rtabmap/include/rtabmap-0.21/rtabmap/core/odometry/OdometryMono.h
-- Installing: /home/chaung/f_ws/install/rtabmap/include/rtabmap-0.21/rtabmap/core/odometry/OdometryFLOAM.h
-- Installing: /home/chaung/f_ws/install/rtabmap/include/rtabmap-0.21/rtabmap/core/Graph.h
-- Installing: /home/chaung/f_ws/install/rtabmap/include/rtabmap-0.21/rtabmap/core/camera
-- Installing: /home/chaung/f_ws/install/rtabmap/include/rtabmap-0.21/rtabmap/core/camera/CameraStereoImages.h
-- Installing: /home/chaung/f_ws/install/rtabmap/include/rtabmap-0.21/rtabmap/core/camera/CameraOpenNICV.h
-- Installing: /home/chaung/f_ws/install/rtabmap/include/rtabmap-0.21/rtabmap/core/camera/CameraOpenNI2.h
-- Installing: /home/chaung/f_ws/install/rtabmap/include/rtabmap-0.21/rtabmap/core/camera/CameraK4A.h
-- Installing: /home/chaung/f_ws/install/rtabmap/include/rtabmap-0.21/rtabmap/core/camera/CameraRGBDImages.h
-- Installing: /home/chaung/f_ws/install/rtabmap/include/rtabmap-0.21/rtabmap/core/camera/CameraStereoZedOC.h
-- Installing: /home/chaung/f_ws/install/rtabmap/include/rtabmap-0.21/rtabmap/core/camera/CameraVideo.h
-- Installing: /home/chaung/f_ws/install/rtabmap/include/rtabmap-0.21/rtabmap/core/camera/CameraRealSense2.h
-- Installing: /home/chaung/f_ws/install/rtabmap/include/rtabmap-0.21/rtabmap/core/camera/CameraRealSense.h
-- Installing: /home/chaung/f_ws/install/rtabmap/include/rtabmap-0.21/rtabmap/core/camera/CameraStereoDC1394.h
-- Installing: /home/chaung/f_ws/install/rtabmap/include/rtabmap-0.21/rtabmap/core/camera/CameraMyntEye.h
-- Installing: /home/chaung/f_ws/install/rtabmap/include/rtabmap-0.21/rtabmap/core/camera/CameraStereoTara.h
-- Installing: /home/chaung/f_ws/install/rtabmap/include/rtabmap-0.21/rtabmap/core/camera/CameraStereoZed.h
-- Installing: /home/chaung/f_ws/install/rtabmap/include/rtabmap-0.21/rtabmap/core/camera/CameraImages.h
-- Installing: /home/chaung/f_ws/install/rtabmap/include/rtabmap-0.21/rtabmap/core/camera/CameraFreenect2.h
-- Installing: /home/chaung/f_ws/install/rtabmap/include/rtabmap-0.21/rtabmap/core/camera/CameraK4W2.h
-- Installing: /home/chaung/f_ws/install/rtabmap/include/rtabmap-0.21/rtabmap/core/camera/CameraStereoFlyCapture2.h
-- Installing: /home/chaung/f_ws/install/rtabmap/include/rtabmap-0.21/rtabmap/core/camera/CameraDepthAI.h
-- Installing: /home/chaung/f_ws/install/rtabmap/include/rtabmap-0.21/rtabmap/core/camera/CameraOpenni.h
-- Installing: /home/chaung/f_ws/install/rtabmap/include/rtabmap-0.21/rtabmap/core/camera/CameraStereoVideo.h
-- Installing: /home/chaung/f_ws/install/rtabmap/include/rtabmap-0.21/rtabmap/core/camera/CameraFreenect.h
-- Installing: /home/chaung/f_ws/install/rtabmap/include/rtabmap-0.21/rtabmap/core/Recovery.h
-- Installing: /home/chaung/f_ws/install/rtabmap/include/rtabmap-0.21/rtabmap/core/CameraStereo.h
-- Installing: /home/chaung/f_ws/install/rtabmap/include/rtabmap-0.21/rtabmap/core/clams
-- Installing: /home/chaung/f_ws/install/rtabmap/include/rtabmap-0.21/rtabmap/core/clams/discrete_depth_distortion_model.h
-- Installing: /home/chaung/f_ws/install/rtabmap/include/rtabmap-0.21/rtabmap/core/clams/frame_projector.h
-- Installing: /home/chaung/f_ws/install/rtabmap/include/rtabmap-0.21/rtabmap/core/clams/slam_calibrator.h
-- Installing: /home/chaung/f_ws/install/rtabmap/include/rtabmap-0.21/rtabmap/core/PythonInterface.h
-- Installing: /home/chaung/f_ws/install/rtabmap/include/rtabmap-0.21/rtabmap/core/Features2d.h
-- Installing: /home/chaung/f_ws/install/rtabmap/include/rtabmap-0.21/rtabmap/core/Camera.h
-- Installing: /home/chaung/f_ws/install/rtabmap/include/rtabmap-0.21/rtabmap/core/Stereo.h
-- Installing: /home/chaung/f_ws/install/rtabmap/include/rtabmap-0.21/rtabmap/core/EpipolarGeometry.h
-- Installing: /home/chaung/f_ws/install/rtabmap/include/rtabmap-0.21/rtabmap/core/OdometryEvent.h
-- Installing: /home/chaung/f_ws/install/rtabmap/include/rtabmap-0.21/rtabmap/core/Image.h
-- Installing: /home/chaung/f_ws/install/rtabmap/include/rtabmap-0.21/rtabmap/core/Optimizer.h
-- Installing: /home/chaung/f_ws/install/rtabmap/include/rtabmap-0.21/rtabmap/core/GainCompensator.h
-- Installing: /home/chaung/f_ws/install/rtabmap/include/rtabmap-0.21/rtabmap/core/RegistrationIcp.h
-- Installing: /home/chaung/f_ws/install/rtabmap/include/rtabmap-0.21/rtabmap/core/util3d_surface.h
-- Installing: /home/chaung/f_ws/install/rtabmap/include/rtabmap-0.21/rtabmap/core/IMUFilter.h
-- Installing: /home/chaung/f_ws/install/rtabmap/include/rtabmap-0.21/rtabmap/core/DBDriver.h
-- Up-to-date: /home/chaung/f_ws/install/rtabmap/include/rtabmap-0.21/rtabmap
-- Up-to-date: /home/chaung/f_ws/install/rtabmap/include/rtabmap-0.21/rtabmap/core
-- Installing: /home/chaung/f_ws/install/rtabmap/include/rtabmap-0.21/rtabmap/core/rtabmap_core_export.h
-- Installing: /home/chaung/f_ws/install/rtabmap/include/rtabmap-0.21/rtabmap/core/Version.h
-- Installing: /home/chaung/f_ws/install/rtabmap/lib/rtabmap-0.21/RTABMap_coreTargets.cmake
-- Installing: /home/chaung/f_ws/install/rtabmap/lib/rtabmap-0.21/RTABMap_coreTargets-release.cmake
-- Installing: /home/chaung/f_ws/install/rtabmap/lib/librtabmap_gui.so.0.21.1
-- Installing: /home/chaung/f_ws/install/rtabmap/lib/librtabmap_gui.so.0.21
-- Set runtime path of "/home/chaung/f_ws/install/rtabmap/lib/librtabmap_gui.so.0.21.1" to ""
-- Installing: /home/chaung/f_ws/install/rtabmap/lib/librtabmap_gui.so
-- Up-to-date: /home/chaung/f_ws/install/rtabmap/include/rtabmap-0.21/rtabmap
-- Installing: /home/chaung/f_ws/install/rtabmap/include/rtabmap-0.21/rtabmap/gui
-- Installing: /home/chaung/f_ws/install/rtabmap/include/rtabmap-0.21/rtabmap/gui/PostProcessingDialog.h
-- Installing: /home/chaung/f_ws/install/rtabmap/include/rtabmap-0.21/rtabmap/gui/ParametersToolBox.h
-- Installing: /home/chaung/f_ws/install/rtabmap/include/rtabmap-0.21/rtabmap/gui/EditConstraintDialog.h
-- Installing: /home/chaung/f_ws/install/rtabmap/include/rtabmap-0.21/rtabmap/gui/CameraViewer.h
-- Installing: /home/chaung/f_ws/install/rtabmap/include/rtabmap-0.21/rtabmap/gui/PdfPlot.h
-- Installing: /home/chaung/f_ws/install/rtabmap/include/rtabmap-0.21/rtabmap/gui/ConsoleWidget.h
-- Installing: /home/chaung/f_ws/install/rtabmap/include/rtabmap-0.21/rtabmap/gui/CreateSimpleCalibrationDialog.h
-- Installing: /home/chaung/f_ws/install/rtabmap/include/rtabmap-0.21/rtabmap/gui/CloudViewer.h
-- Installing: /home/chaung/f_ws/install/rtabmap/include/rtabmap-0.21/rtabmap/gui/StatsToolBox.h
-- Installing: /home/chaung/f_ws/install/rtabmap/include/rtabmap-0.21/rtabmap/gui/DatabaseViewer.h
-- Installing: /home/chaung/f_ws/install/rtabmap/include/rtabmap-0.21/rtabmap/gui/LoopClosureViewer.h
-- Installing: /home/chaung/f_ws/install/rtabmap/include/rtabmap-0.21/rtabmap/gui/CalibrationDialog.h
-- Installing: /home/chaung/f_ws/install/rtabmap/include/rtabmap-0.21/rtabmap/gui/MultiSessionLocWidget.h
-- Installing: /home/chaung/f_ws/install/rtabmap/include/rtabmap-0.21/rtabmap/gui/ExportDialog.h
-- Installing: /home/chaung/f_ws/install/rtabmap/include/rtabmap-0.21/rtabmap/gui/DepthCalibrationDialog.h
-- Installing: /home/chaung/f_ws/install/rtabmap/include/rtabmap-0.21/rtabmap/gui/TexturingState.h
-- Installing: /home/chaung/f_ws/install/rtabmap/include/rtabmap-0.21/rtabmap/gui/MultiSessionLocSubView.h
-- Installing: /home/chaung/f_ws/install/rtabmap/include/rtabmap-0.21/rtabmap/gui/KeypointItem.h
-- Installing: /home/chaung/f_ws/install/rtabmap/include/rtabmap-0.21/rtabmap/gui/ImageView.h
-- Installing: /home/chaung/f_ws/install/rtabmap/include/rtabmap-0.21/rtabmap/gui/AboutDialog.h
-- Installing: /home/chaung/f_ws/install/rtabmap/include/rtabmap-0.21/rtabmap/gui/RecoveryState.h
-- Installing: /home/chaung/f_ws/install/rtabmap/include/rtabmap-0.21/rtabmap/gui/DataRecorder.h
-- Installing: /home/chaung/f_ws/install/rtabmap/include/rtabmap-0.21/rtabmap/gui/ExportBundlerDialog.h
-- Installing: /home/chaung/f_ws/install/rtabmap/include/rtabmap-0.21/rtabmap/gui/CloudViewerCellPicker.h
-- Installing: /home/chaung/f_ws/install/rtabmap/include/rtabmap-0.21/rtabmap/gui/CloudViewerInteractorStyle.h
-- Installing: /home/chaung/f_ws/install/rtabmap/include/rtabmap-0.21/rtabmap/gui/ProgressDialog.h
-- Installing: /home/chaung/f_ws/install/rtabmap/include/rtabmap-0.21/rtabmap/gui/EditDepthArea.h
-- Installing: /home/chaung/f_ws/install/rtabmap/include/rtabmap-0.21/rtabmap/gui/PreferencesDialog.h
-- Installing: /home/chaung/f_ws/install/rtabmap/include/rtabmap-0.21/rtabmap/gui/OdometryViewer.h
-- Installing: /home/chaung/f_ws/install/rtabmap/include/rtabmap-0.21/rtabmap/gui/GraphViewer.h
-- Installing: /home/chaung/f_ws/install/rtabmap/include/rtabmap-0.21/rtabmap/gui/ExportCloudsDialog.h
-- Installing: /home/chaung/f_ws/install/rtabmap/include/rtabmap-0.21/rtabmap/gui/EditMapArea.h
-- Installing: /home/chaung/f_ws/install/rtabmap/include/rtabmap-0.21/rtabmap/gui/MainWindow.h
-- Installing: /home/chaung/f_ws/install/rtabmap/include/rtabmap-0.21/rtabmap/gui/MapVisibilityWidget.h
-- Up-to-date: /home/chaung/f_ws/install/rtabmap/include/rtabmap-0.21/rtabmap/utilite
-- Installing: /home/chaung/f_ws/install/rtabmap/include/rtabmap-0.21/rtabmap/utilite/UPlot.h
-- Installing: /home/chaung/f_ws/install/rtabmap/include/rtabmap-0.21/rtabmap/utilite/UImageView.h
-- Installing: /home/chaung/f_ws/install/rtabmap/include/rtabmap-0.21/rtabmap/utilite/UCv2Qt.h
-- Up-to-date: /home/chaung/f_ws/install/rtabmap/include/rtabmap-0.21/rtabmap
-- Up-to-date: /home/chaung/f_ws/install/rtabmap/include/rtabmap-0.21/rtabmap/gui
-- Installing: /home/chaung/f_ws/install/rtabmap/include/rtabmap-0.21/rtabmap/gui/rtabmap_gui_export.h
-- Installing: /home/chaung/f_ws/install/rtabmap/lib/rtabmap-0.21/RTABMap_guiTargets.cmake
-- Installing: /home/chaung/f_ws/install/rtabmap/lib/rtabmap-0.21/RTABMap_guiTargets-release.cmake
-- Installing: /home/chaung/f_ws/install/rtabmap/bin/rtabmap
-- Set runtime path of "/home/chaung/f_ws/install/rtabmap/bin/rtabmap" to ""
-- Installing: /home/chaung/f_ws/install/rtabmap/bin/rtabmap-console
-- Set runtime path of "/home/chaung/f_ws/install/rtabmap/bin/rtabmap-console" to ""
-- Installing: /home/chaung/f_ws/install/rtabmap/bin/rtabmap-extractObject
-- Set runtime path of "/home/chaung/f_ws/install/rtabmap/bin/rtabmap-extractObject" to ""
-- Installing: /home/chaung/f_ws/install/rtabmap/bin/rtabmap-camera
-- Set runtime path of "/home/chaung/f_ws/install/rtabmap/bin/rtabmap-camera" to ""
-- Installing: /home/chaung/f_ws/install/rtabmap/bin/rtabmap-kitti_dataset
-- Set runtime path of "/home/chaung/f_ws/install/rtabmap/bin/rtabmap-kitti_dataset" to ""
-- Installing: /home/chaung/f_ws/install/rtabmap/bin/rtabmap-rgbd_dataset
-- Set runtime path of "/home/chaung/f_ws/install/rtabmap/bin/rtabmap-rgbd_dataset" to ""
-- Installing: /home/chaung/f_ws/install/rtabmap/bin/rtabmap-euroc_dataset
-- Set runtime path of "/home/chaung/f_ws/install/rtabmap/bin/rtabmap-euroc_dataset" to ""
-- Installing: /home/chaung/f_ws/install/rtabmap/bin/rtabmap-recovery
-- Set runtime path of "/home/chaung/f_ws/install/rtabmap/bin/rtabmap-recovery" to ""
-- Installing: /home/chaung/f_ws/install/rtabmap/bin/rtabmap-reprocess
-- Set runtime path of "/home/chaung/f_ws/install/rtabmap/bin/rtabmap-reprocess" to ""
-- Installing: /home/chaung/f_ws/install/rtabmap/bin/rtabmap-detectMoreLoopClosures
-- Set runtime path of "/home/chaung/f_ws/install/rtabmap/bin/rtabmap-detectMoreLoopClosures" to ""
-- Installing: /home/chaung/f_ws/install/rtabmap/bin/rtabmap-export
-- Set runtime path of "/home/chaung/f_ws/install/rtabmap/bin/rtabmap-export" to ""
-- Installing: /home/chaung/f_ws/install/rtabmap/bin/rtabmap-report
-- Set runtime path of "/home/chaung/f_ws/install/rtabmap/bin/rtabmap-report" to ""
-- Installing: /home/chaung/f_ws/install/rtabmap/bin/rtabmap-info
-- Set runtime path of "/home/chaung/f_ws/install/rtabmap/bin/rtabmap-info" to ""
-- Installing: /home/chaung/f_ws/install/rtabmap/bin/rtabmap-cleanupLocalGrids
-- Set runtime path of "/home/chaung/f_ws/install/rtabmap/bin/rtabmap-cleanupLocalGrids" to ""
-- Installing: /home/chaung/f_ws/install/rtabmap/bin/rtabmap-globalBundleAdjustment
-- Set runtime path of "/home/chaung/f_ws/install/rtabmap/bin/rtabmap-globalBundleAdjustment" to ""
-- Installing: /home/chaung/f_ws/install/rtabmap/bin/rtabmap-rgbd_camera
-- Set runtime path of "/home/chaung/f_ws/install/rtabmap/bin/rtabmap-rgbd_camera" to ""
-- Installing: /home/chaung/f_ws/install/rtabmap/bin/rtabmap-databaseViewer
-- Set runtime path of "/home/chaung/f_ws/install/rtabmap/bin/rtabmap-databaseViewer" to ""
-- Installing: /home/chaung/f_ws/install/rtabmap/bin/rtabmap-odometryViewer
-- Set runtime path of "/home/chaung/f_ws/install/rtabmap/bin/rtabmap-odometryViewer" to ""
-- Installing: /home/chaung/f_ws/install/rtabmap/bin/rtabmap-dataRecorder
-- Set runtime path of "/home/chaung/f_ws/install/rtabmap/bin/rtabmap-dataRecorder" to ""
-- Installing: /home/chaung/f_ws/install/rtabmap/bin/rtabmap-calibration
-- Set runtime path of "/home/chaung/f_ws/install/rtabmap/bin/rtabmap-calibration" to ""
