[0.020s] Invoking command in '/home/chaung/f_ws/build/rtabmap_util': AMENT_PREFIX_PATH=/home/chaung/f_ws/install/rtabmap_conversions:${AMENT_PREFIX_PATH} CMAKE_PREFIX_PATH=/home/chaung/f_ws/install/rtabmap_conversions:/home/chaung/f_ws/install/openslam_gmapping:/home/chaung/f_ws/install/bno055:/opt/ros/foxy:/home/chaung/f_ws/install/rtabmap_msgs:/home/chaung/f_ws/install/rtabmap:${CMAKE_PREFIX_PATH} LD_LIBRARY_PATH=/home/chaung/f_ws/install/rtabmap_conversions/lib:/home/chaung/f_ws/install/rtabmap_msgs/lib:/home/chaung/f_ws/install/rtabmap/lib:${LD_LIBRARY_PATH} PATH=/home/chaung/f_ws/install/rtabmap/bin:${PATH} PKG_CONFIG_PATH=/home/chaung/f_ws/install/rtabmap_msgs/lib/x86_64-linux-gnu/pkgconfig:/home/chaung/f_ws/install/rtabmap_msgs/lib/pkgconfig:/home/chaung/f_ws/install/rtabmap/lib/x86_64-linux-gnu/pkgconfig:/home/chaung/f_ws/install/rtabmap/lib/pkgconfig:${PKG_CONFIG_PATH} PYTHONPATH=/home/chaung/f_ws/install/rtabmap_msgs/lib/python3.8/site-packages:${PYTHONPATH} ROS_PACKAGE_PATH=/home/chaung/f_ws/install/rtabmap_msgs/share /usr/bin/cmake /home/chaung/f_ws/src/rtabmap_ros/rtabmap_util -DAMENT_CMAKE_SYMLINK_INSTALL=1 -DCMAKE_INSTALL_PREFIX=/home/chaung/f_ws/install/rtabmap_util
[0.057s] -- The C compiler identification is GNU 9.4.0
[0.100s] -- The CXX compiler identification is GNU 9.4.0
[0.103s] -- Check for working C compiler: /usr/bin/cc
[0.151s] -- Check for working C compiler: /usr/bin/cc -- works
[0.151s] -- Detecting C compiler ABI info
[0.198s] -- Detecting C compiler ABI info - done
[0.208s] -- Detecting C compile features
[0.208s] -- Detecting C compile features - done
[0.210s] -- Check for working CXX compiler: /usr/bin/c++
[0.262s] -- Check for working CXX compiler: /usr/bin/c++ -- works
[0.263s] -- Detecting CXX compiler ABI info
[0.321s] -- Detecting CXX compiler ABI info - done
[0.330s] -- Detecting CXX compile features
[0.330s] -- Detecting CXX compile features - done
[0.340s] -- Found OpenCV: /usr (found version "4.2.0") found components: core calib3d imgproc highgui stitching photo video aruco missing components: xfeatures2d nonfree gpu cudafeatures2d
[0.351s] -- Checking for module 'eigen3'
[0.361s] --   Found eigen3, version 3.3.7
[0.383s] -- Found Eigen: /usr/include/eigen3 (Required is at least version "3.1") 
[0.383s] -- Eigen found (include: /usr/include/eigen3, version: 3.3.7)
[0.432s] -- Found Boost: /usr/include (found suitable version "1.71.0", minimum required is "1.55.0") found components: system filesystem date_time iostreams regex 
[0.437s] -- Checking for module 'libusb-1.0'
[0.448s] --   Found libusb-1.0, version 1.0.23
[0.472s] -- Found USB_10: /usr/lib/x86_64-linux-gnu/libusb-1.0.so  
[0.508s] -- Found OpenNI: /usr/lib/libOpenNI.so  
[0.508s] -- OpenNI found (include: /usr/include/ni, lib: /usr/lib/libOpenNI.so)
[0.551s] -- Found OpenNI2: /usr/lib/libOpenNI2.so  
[0.551s] -- OpenNI2 found (include: /usr/include/openni2, lib: /usr/lib/libOpenNI2.so)
[0.551s] ** WARNING ** io features related to pcap will be disabled
[0.551s] ** WARNING ** io features related to png will be disabled
[0.594s] -- The imported target "vtkParseOGLExt" references the file
[0.594s]    "/usr/bin/vtkParseOGLExt-7.1"
[0.594s] but this file does not exist.  Possible reasons include:
[0.594s] * The file was deleted, renamed, or moved to another location.
[0.594s] * An install or uninstall procedure did not complete successfully.
[0.594s] * The installation package was faulty and contained
[0.594s]    "/usr/lib/cmake/vtk-7.1/VTKTargets.cmake"
[0.594s] but not all the files it references.
[0.594s] 
[0.595s] -- The imported target "vtkRenderingPythonTkWidgets" references the file
[0.595s]    "/usr/lib/x86_64-linux-gnu/libvtkRenderingPythonTkWidgets.so"
[0.595s] but this file does not exist.  Possible reasons include:
[0.595s] * The file was deleted, renamed, or moved to another location.
[0.595s] * An install or uninstall procedure did not complete successfully.
[0.595s] * The installation package was faulty and contained
[0.595s]    "/usr/lib/cmake/vtk-7.1/VTKTargets.cmake"
[0.595s] but not all the files it references.
[0.595s] 
[0.595s] -- The imported target "vtk" references the file
[0.595s]    "/usr/bin/vtk"
[0.595s] but this file does not exist.  Possible reasons include:
[0.596s] * The file was deleted, renamed, or moved to another location.
[0.596s] * An install or uninstall procedure did not complete successfully.
[0.596s] * The installation package was faulty and contained
[0.596s]    "/usr/lib/cmake/vtk-7.1/VTKTargets.cmake"
[0.596s] but not all the files it references.
[0.596s] 
[0.596s] -- The imported target "pvtk" references the file
[0.596s]    "/usr/bin/pvtk"
[0.596s] but this file does not exist.  Possible reasons include:
[0.596s] * The file was deleted, renamed, or moved to another location.
[0.596s] * An install or uninstall procedure did not complete successfully.
[0.596s] * The installation package was faulty and contained
[0.596s]    "/usr/lib/cmake/vtk-7.1/VTKTargets.cmake"
[0.596s] but not all the files it references.
[0.596s] 
[0.608s] -- Found libusb-1.0: /usr/include  
[0.608s] ** WARNING ** io features related to libusb-1.0 will be disabled
[0.619s] -- Checking for module 'flann'
[0.630s] --   Found flann, version 1.9.1
[0.662s] -- Found FLANN: /usr/lib/x86_64-linux-gnu/libflann_cpp.so  
[0.680s] -- Found Qhull: optimized;/usr/lib/x86_64-linux-gnu/libqhull.so;debug;/usr/lib/x86_64-linux-gnu/libqhull.so  
[0.680s] -- QHULL found (include: /usr/include, lib: optimized;/usr/lib/x86_64-linux-gnu/libqhull.so;debug;/usr/lib/x86_64-linux-gnu/libqhull.so)
[0.704s] -- OpenNI found (include: /usr/include/ni, lib: /usr/lib/libOpenNI.so)
[0.708s] -- OpenNI2 found (include: /usr/include/openni2, lib: /usr/lib/libOpenNI2.so)
[0.717s] -- looking for PCL_COMMON
[0.718s] -- Found PCL_COMMON: /usr/lib/x86_64-linux-gnu/libpcl_common.so  
[0.718s] -- looking for PCL_OCTREE
[0.719s] -- Found PCL_OCTREE: /usr/lib/x86_64-linux-gnu/libpcl_octree.so  
[0.719s] -- looking for PCL_IO
[0.720s] -- Found PCL_IO: /usr/lib/x86_64-linux-gnu/libpcl_io.so  
[0.720s] -- looking for PCL_KDTREE
[0.721s] -- Found PCL_KDTREE: /usr/lib/x86_64-linux-gnu/libpcl_kdtree.so  
[0.721s] -- looking for PCL_SEARCH
[0.722s] -- Found PCL_SEARCH: /usr/lib/x86_64-linux-gnu/libpcl_search.so  
[0.722s] -- looking for PCL_SURFACE
[0.723s] -- Found PCL_SURFACE: /usr/lib/x86_64-linux-gnu/libpcl_surface.so  
[0.723s] -- looking for PCL_FILTERS
[0.724s] -- Found PCL_FILTERS: /usr/lib/x86_64-linux-gnu/libpcl_filters.so  
[0.724s] -- looking for PCL_2D
[0.724s] -- Found PCL_2D: /usr/include/pcl-1.10  
[0.724s] -- looking for PCL_FEATURES
[0.725s] -- Found PCL_FEATURES: /usr/lib/x86_64-linux-gnu/libpcl_features.so  
[0.725s] -- looking for PCL_REGISTRATION
[0.726s] -- Found PCL_REGISTRATION: /usr/lib/x86_64-linux-gnu/libpcl_registration.so  
[0.726s] -- looking for PCL_SAMPLE_CONSENSUS
[0.727s] -- Found PCL_SAMPLE_CONSENSUS: /usr/lib/x86_64-linux-gnu/libpcl_sample_consensus.so  
[0.727s] -- looking for PCL_GEOMETRY
[0.727s] -- Found PCL_GEOMETRY: /usr/include/pcl-1.10  
[0.728s] -- looking for PCL_ML
[0.728s] -- Found PCL_ML: /usr/lib/x86_64-linux-gnu/libpcl_ml.so  
[0.728s] -- looking for PCL_SEGMENTATION
[0.729s] -- Found PCL_SEGMENTATION: /usr/lib/x86_64-linux-gnu/libpcl_segmentation.so  
[0.729s] -- looking for PCL_VISUALIZATION
[0.730s] -- Found PCL_VISUALIZATION: /usr/lib/x86_64-linux-gnu/libpcl_visualization.so  
[0.731s] -- Found PCL: pcl_common;pcl_octree;pcl_io;pcl_kdtree;pcl_search;pcl_surface;pcl_filters;pcl_features;pcl_registration;pcl_sample_consensus;pcl_ml;pcl_segmentation;pcl_visualization;/usr/lib/x86_64-linux-gnu/libboost_system.so;/usr/lib/x86_64-linux-gnu/libboost_filesystem.so;/usr/lib/x86_64-linux-gnu/libboost_date_time.so;/usr/lib/x86_64-linux-gnu/libboost_iostreams.so;/usr/lib/x86_64-linux-gnu/libboost_regex.so;optimized;/usr/lib/x86_64-linux-gnu/libqhull.so;debug;/usr/lib/x86_64-linux-gnu/libqhull.so;/usr/lib/libOpenNI.so;/usr/lib/libOpenNI2.so;vtkChartsCore;vtkCommonColor;vtkCommonCore;vtksys;vtkCommonDataModel;vtkCommonMath;vtkCommonMisc;vtkCommonSystem;vtkCommonTransforms;vtkCommonExecutionModel;vtkFiltersGeneral;vtkCommonComputationalGeometry;vtkFiltersCore;vtkInfovisCore;vtkFiltersExtraction;vtkFiltersStatistics;vtkImagingFourier;vtkImagingCore;vtkalglib;vtkRenderingContext2D;vtkRenderingCore;vtkFiltersGeometry;vtkFiltersSources;vtkRenderingFreeType;/usr/lib/x86_64-linux-gnu/libfreetype.so;/usr/lib/x86_64-linux-gnu/libz.so;vtkFiltersModeling;vtkImagingSources;vtkInteractionStyle;vtkInteractionWidgets;vtkFiltersHybrid;vtkImagingColor;vtkImagingGeneral;vtkImagingHybrid;vtkIOImage;vtkDICOMParser;vtkmetaio;/usr/lib/x86_64-linux-gnu/libjpeg.so;/usr/lib/x86_64-linux-gnu/libpng.so;/usr/lib/x86_64-linux-gnu/libtiff.so;vtkRenderingAnnotation;vtkRenderingVolume;vtkIOXML;vtkIOCore;vtkIOXMLParser;/usr/lib/x86_64-linux-gnu/libexpat.so;vtkIOGeometry;vtkIOLegacy;vtkIOPLY;vtkRenderingLOD;vtkViewsContext2D;vtkViewsCore;vtkRenderingContextOpenGL2;vtkRenderingOpenGL2;FLANN::FLANN (Required is at least version "1.7") 
[0.746s] -- RTABMap=rtabmap::utilite;rtabmap::core;rtabmap::gui
[0.747s] -- Found ament_cmake: 0.9.11 (/opt/ros/foxy/share/ament_cmake/cmake)
[0.769s] -- Found PythonInterp: /usr/bin/python3 (found suitable version "3.8.10", minimum required is "3") 
[0.769s] -- Using PYTHON_EXECUTABLE: /usr/bin/python3
[0.896s] -- Override CMake install command with custom implementation using symlinks instead of copying resources
[0.918s] -- Found cv_bridge: 3.0.7 (/opt/ros/foxy/share/cv_bridge/cmake)
[0.938s] -- Using all available rosidl_typesupport_c: rosidl_typesupport_fastrtps_c;rosidl_typesupport_introspection_c
[0.943s] -- Found rosidl_adapter: 1.3.0 (/opt/ros/foxy/share/rosidl_adapter/cmake)
[1.007s] -- Found OpenSSL: /usr/lib/x86_64-linux-gnu/libcrypto.so (found version "1.1.1f")  
[1.029s] -- Found FastRTPS: /opt/ros/foxy/include  
[1.089s] -- Using all available rosidl_typesupport_cpp: rosidl_typesupport_fastrtps_cpp;rosidl_typesupport_introspection_cpp
[1.229s] -- Found image_transport: 2.4.0 (/opt/ros/foxy/share/image_transport/cmake)
[1.267s] -- Found rmw_implementation_cmake: 1.0.4 (/opt/ros/foxy/share/rmw_implementation_cmake/cmake)
[1.269s] -- Using RMW implementation 'rmw_fastrtps_cpp' as default
[1.269s] -- Looking for pthread.h
[1.325s] -- Looking for pthread.h - found
[1.325s] -- Performing Test CMAKE_HAVE_LIBC_PTHREAD
[1.379s] -- Performing Test CMAKE_HAVE_LIBC_PTHREAD - Failed
[1.379s] -- Looking for pthread_create in pthreads
[1.422s] -- Looking for pthread_create in pthreads - not found
[1.422s] -- Looking for pthread_create in pthread
[1.474s] -- Looking for pthread_create in pthread - found
[1.475s] -- Found Threads: TRUE  
[1.627s] -- Found rclcpp_components: 2.4.2 (/opt/ros/foxy/share/rclcpp_components/cmake)
[1.668s] -- Found stereo_msgs: 2.0.5 (/opt/ros/foxy/share/stereo_msgs/cmake)
[1.769s] -- Found nav_msgs: 2.0.5 (/opt/ros/foxy/share/nav_msgs/cmake)
[1.825s] -- Found tf2: 0.13.14 (/opt/ros/foxy/share/tf2/cmake)
[1.832s] -- Found tf2_ros: 0.13.14 (/opt/ros/foxy/share/tf2_ros/cmake)
[2.043s] -- Found laser_geometry: 2.2.0 (/opt/ros/foxy/share/laser_geometry/cmake)
[2.050s] -- Found pcl_conversions: 2.2.1 (/opt/ros/foxy/share/pcl_conversions/cmake)
[2.188s] CMake Error at CMakeLists.txt:24 (find_package):
[2.188s]   By not providing "Findpcl_ros.cmake" in CMAKE_MODULE_PATH this project has
[2.188s]   asked CMake to find a package configuration file provided by "pcl_ros", but
[2.188s]   CMake did not find one.
[2.188s] 
[2.188s]   Could not find a package configuration file provided by "pcl_ros" with any
[2.188s]   of the following names:
[2.188s] 
[2.188s]     pcl_rosConfig.cmake
[2.188s]     pcl_ros-config.cmake
[2.188s] 
[2.189s]   Add the installation prefix of "pcl_ros" to CMAKE_PREFIX_PATH or set
[2.189s]   "pcl_ros_DIR" to a directory containing one of the above files.  If
[2.189s]   "pcl_ros" provides a separate development package or SDK, be sure it has
[2.189s]   been installed.
[2.189s] 
[2.189s] 
[2.190s] -- Configuring incomplete, errors occurred!
[2.190s] See also "/home/chaung/f_ws/build/rtabmap_util/CMakeFiles/CMakeOutput.log".
[2.190s] See also "/home/chaung/f_ws/build/rtabmap_util/CMakeFiles/CMakeError.log".
[2.202s] Invoked command in '/home/chaung/f_ws/build/rtabmap_util' returned '1': AMENT_PREFIX_PATH=/home/chaung/f_ws/install/rtabmap_conversions:${AMENT_PREFIX_PATH} CMAKE_PREFIX_PATH=/home/chaung/f_ws/install/rtabmap_conversions:/home/chaung/f_ws/install/openslam_gmapping:/home/chaung/f_ws/install/bno055:/opt/ros/foxy:/home/chaung/f_ws/install/rtabmap_msgs:/home/chaung/f_ws/install/rtabmap:${CMAKE_PREFIX_PATH} LD_LIBRARY_PATH=/home/chaung/f_ws/install/rtabmap_conversions/lib:/home/chaung/f_ws/install/rtabmap_msgs/lib:/home/chaung/f_ws/install/rtabmap/lib:${LD_LIBRARY_PATH} PATH=/home/chaung/f_ws/install/rtabmap/bin:${PATH} PKG_CONFIG_PATH=/home/chaung/f_ws/install/rtabmap_msgs/lib/x86_64-linux-gnu/pkgconfig:/home/chaung/f_ws/install/rtabmap_msgs/lib/pkgconfig:/home/chaung/f_ws/install/rtabmap/lib/x86_64-linux-gnu/pkgconfig:/home/chaung/f_ws/install/rtabmap/lib/pkgconfig:${PKG_CONFIG_PATH} PYTHONPATH=/home/chaung/f_ws/install/rtabmap_msgs/lib/python3.8/site-packages:${PYTHONPATH} ROS_PACKAGE_PATH=/home/chaung/f_ws/install/rtabmap_msgs/share /usr/bin/cmake /home/chaung/f_ws/src/rtabmap_ros/rtabmap_util -DAMENT_CMAKE_SYMLINK_INSTALL=1 -DCMAKE_INSTALL_PREFIX=/home/chaung/f_ws/install/rtabmap_util
