[0.054s] Invoking command in '/home/chaung/f_ws/build/turtlebot3_description': /usr/bin/cmake /home/chaung/f_ws/src/turtlebot3/turtlebot3/turtlebot3_description -DCMAKE_INSTALL_PREFIX=/home/chaung/f_ws/install/turtlebot3_description
[0.304s] -- The C compiler identification is GNU 9.4.0
[0.418s] -- The CXX compiler identification is GNU 9.4.0
[0.424s] -- Check for working C compiler: /usr/bin/cc
[0.528s] -- Check for working C compiler: /usr/bin/cc -- works
[0.529s] -- Detecting C compiler ABI info
[0.615s] -- Detecting C compiler ABI info - done
[0.629s] -- Detecting C compile features
[0.629s] -- Detecting C compile features - done
[0.632s] -- Check for working CXX compiler: /usr/bin/c++
[0.742s] -- Check for working CXX compiler: /usr/bin/c++ -- works
[0.743s] -- Detecting CXX compiler ABI info
[0.838s] -- Detecting CXX compiler ABI info - done
[0.855s] -- Detecting CXX compile features
[0.856s] -- Detecting CXX compile features - done
[0.858s] -- Found ament_cmake: 0.9.11 (/opt/ros/foxy/share/ament_cmake/cmake)
[0.884s] -- Found PythonInterp: /usr/bin/python3 (found suitable version "3.8.10", minimum required is "3") 
[0.885s] -- Using PYTHON_EXECUTABLE: /usr/bin/python3
[1.124s] -- Found urdf: 2.4.0 (/opt/ros/foxy/share/urdf/cmake)
[1.164s] CMake Error: File /home/chaung/f_ws/src/turtlebot3/turtlebot3/turtlebot3_description/package.xml does not exist.
[1.165s] CMake Error at /opt/ros/foxy/share/ament_cmake_core/cmake/core/stamp.cmake:24 (configure_file):
[1.165s]   configure_file Problem configuring file
[1.165s] Call Stack (most recent call first):
[1.165s]   /opt/ros/foxy/share/ament_cmake_core/cmake/core/ament_package_xml.cmake:73 (stamp)
[1.165s]   /opt/ros/foxy/share/ament_cmake_core/cmake/core/ament_package_xml.cmake:49 (_ament_package_xml)
[1.165s]   /opt/ros/foxy/share/ament_cmake_core/cmake/core/ament_package.cmake:63 (ament_package_xml)
[1.165s]   CMakeLists.txt:31 (ament_package)
[1.165s] 
[1.165s] 
[1.170s] -- Configuring incomplete, errors occurred!
[1.170s] See also "/home/chaung/f_ws/build/turtlebot3_description/CMakeFiles/CMakeOutput.log".
[1.175s] Invoked command in '/home/chaung/f_ws/build/turtlebot3_description' returned '1': /usr/bin/cmake /home/chaung/f_ws/src/turtlebot3/turtlebot3/turtlebot3_description -DCMAKE_INSTALL_PREFIX=/home/chaung/f_ws/install/turtlebot3_description
