[0.024s] Invoking command in '/home/chaung/f_ws/build/rtabmap_examples': CMAKE_PREFIX_PATH=/home/chaung/f_ws/install/rtabmap_viz:/home/chaung/f_ws/install/rtabmap_slam:/home/chaung/f_ws/install/rtabmap_odom:/home/chaung/f_ws/install/rtabmap_util:/home/chaung/f_ws/install/rtabmap_sync:/home/chaung/f_ws/install/rtabmap_rviz_plugins:/home/chaung/f_ws/install/rtabmap_conversions:/home/chaung/f_ws/install/rtabmap_python:/home/chaung/f_ws/install/bno055:/opt/ros/foxy:/home/chaung/f_ws/install/rtabmap_msgs:/home/chaung/f_ws/install/rtabmap:/home/chaung/f_ws/install/sllidar_ros2:/home/chaung/f_ws/install/slam_gmapping:/home/chaung/f_ws/install/rtabmap_ros:/home/chaung/f_ws/install/rtabmap_launch:/home/chaung/f_ws/install/rtabmap_examples:/home/chaung/f_ws/install/rtabmap_demos:/home/chaung/f_ws/install/openslam_gmapping:/home/chaung/f_ws/install/hls_lfcd_lds_driver:/home/chaung/f_ws/install/dynamixel_sdk_examples:/home/chaung/f_ws/install/dynamixel_sdk_custom_interfaces:/home/chaung/f_ws/install/dynamixel_sdk PYTHONPATH=/home/chaung/f_ws/install/rtabmap_msgs/lib/python3.8/site-packages:/home/chaung/f_ws/install/rtabmap_python/lib/python3.8/site-packages:/home/chaung/f_ws/install/dynamixel_sdk_custom_interfaces/lib/python3.8/site-packages:/home/chaung/f_ws/install/bno055/lib/python3.8/site-packages:/opt/ros/foxy/lib/python3.8/site-packages /usr/bin/cmake --build /home/chaung/f_ws/build/rtabmap_examples -- -j12 -l12
[0.055s] Invoked command in '/home/chaung/f_ws/build/rtabmap_examples' returned '0': CMAKE_PREFIX_PATH=/home/chaung/f_ws/install/rtabmap_viz:/home/chaung/f_ws/install/rtabmap_slam:/home/chaung/f_ws/install/rtabmap_odom:/home/chaung/f_ws/install/rtabmap_util:/home/chaung/f_ws/install/rtabmap_sync:/home/chaung/f_ws/install/rtabmap_rviz_plugins:/home/chaung/f_ws/install/rtabmap_conversions:/home/chaung/f_ws/install/rtabmap_python:/home/chaung/f_ws/install/bno055:/opt/ros/foxy:/home/chaung/f_ws/install/rtabmap_msgs:/home/chaung/f_ws/install/rtabmap:/home/chaung/f_ws/install/sllidar_ros2:/home/chaung/f_ws/install/slam_gmapping:/home/chaung/f_ws/install/rtabmap_ros:/home/chaung/f_ws/install/rtabmap_launch:/home/chaung/f_ws/install/rtabmap_examples:/home/chaung/f_ws/install/rtabmap_demos:/home/chaung/f_ws/install/openslam_gmapping:/home/chaung/f_ws/install/hls_lfcd_lds_driver:/home/chaung/f_ws/install/dynamixel_sdk_examples:/home/chaung/f_ws/install/dynamixel_sdk_custom_interfaces:/home/chaung/f_ws/install/dynamixel_sdk PYTHONPATH=/home/chaung/f_ws/install/rtabmap_msgs/lib/python3.8/site-packages:/home/chaung/f_ws/install/rtabmap_python/lib/python3.8/site-packages:/home/chaung/f_ws/install/dynamixel_sdk_custom_interfaces/lib/python3.8/site-packages:/home/chaung/f_ws/install/bno055/lib/python3.8/site-packages:/opt/ros/foxy/lib/python3.8/site-packages /usr/bin/cmake --build /home/chaung/f_ws/build/rtabmap_examples -- -j12 -l12
[0.074s] Invoking command in '/home/chaung/f_ws/build/rtabmap_examples': CMAKE_PREFIX_PATH=/home/chaung/f_ws/install/rtabmap_viz:/home/chaung/f_ws/install/rtabmap_slam:/home/chaung/f_ws/install/rtabmap_odom:/home/chaung/f_ws/install/rtabmap_util:/home/chaung/f_ws/install/rtabmap_sync:/home/chaung/f_ws/install/rtabmap_rviz_plugins:/home/chaung/f_ws/install/rtabmap_conversions:/home/chaung/f_ws/install/rtabmap_python:/home/chaung/f_ws/install/bno055:/opt/ros/foxy:/home/chaung/f_ws/install/rtabmap_msgs:/home/chaung/f_ws/install/rtabmap:/home/chaung/f_ws/install/sllidar_ros2:/home/chaung/f_ws/install/slam_gmapping:/home/chaung/f_ws/install/rtabmap_ros:/home/chaung/f_ws/install/rtabmap_launch:/home/chaung/f_ws/install/rtabmap_examples:/home/chaung/f_ws/install/rtabmap_demos:/home/chaung/f_ws/install/openslam_gmapping:/home/chaung/f_ws/install/hls_lfcd_lds_driver:/home/chaung/f_ws/install/dynamixel_sdk_examples:/home/chaung/f_ws/install/dynamixel_sdk_custom_interfaces:/home/chaung/f_ws/install/dynamixel_sdk PYTHONPATH=/home/chaung/f_ws/install/rtabmap_msgs/lib/python3.8/site-packages:/home/chaung/f_ws/install/rtabmap_python/lib/python3.8/site-packages:/home/chaung/f_ws/install/dynamixel_sdk_custom_interfaces/lib/python3.8/site-packages:/home/chaung/f_ws/install/bno055/lib/python3.8/site-packages:/opt/ros/foxy/lib/python3.8/site-packages /usr/bin/cmake --install /home/chaung/f_ws/build/rtabmap_examples
[0.082s] -- Install configuration: ""
[0.082s] -- Execute custom install script
[0.083s] -- Up-to-date symlink: /home/chaung/f_ws/install/rtabmap_examples/share/rtabmap_examples/launch/config/euroc_left.yaml
[0.083s] -- Up-to-date symlink: /home/chaung/f_ws/install/rtabmap_examples/share/rtabmap_examples/launch/config/euroc_right.yaml
[0.083s] -- Up-to-date symlink: /home/chaung/f_ws/install/rtabmap_examples/share/rtabmap_examples/launch/euroc_datasets.launch.py
[0.083s] -- Up-to-date symlink: /home/chaung/f_ws/install/rtabmap_examples/share/rtabmap_examples/launch/k4a.launch.py
[0.083s] -- Up-to-date symlink: /home/chaung/f_ws/install/rtabmap_examples/share/rtabmap_examples/launch/realsense_d400.launch.py
[0.084s] -- Up-to-date symlink: /home/chaung/f_ws/install/rtabmap_examples/share/rtabmap_examples/launch/realsense_d435i_color.launch.py
[0.084s] -- Up-to-date symlink: /home/chaung/f_ws/install/rtabmap_examples/share/rtabmap_examples/launch/realsense_d435i_infra.launch.py
[0.084s] -- Up-to-date symlink: /home/chaung/f_ws/install/rtabmap_examples/share/rtabmap_examples/launch/realsense_d435i_stereo.launch.py
[0.084s] -- Up-to-date symlink: /home/chaung/f_ws/install/rtabmap_examples/share/rtabmap_examples/launch/rgbdslam_datasets.launch.py
[0.084s] -- Up-to-date symlink: /home/chaung/f_ws/install/rtabmap_examples/share/rtabmap_examples/launch/vlp16.launch.py
[0.085s] -- Up-to-date symlink: /home/chaung/f_ws/install/rtabmap_examples/share/ament_index/resource_index/package_run_dependencies/rtabmap_examples
[0.085s] -- Up-to-date symlink: /home/chaung/f_ws/install/rtabmap_examples/share/ament_index/resource_index/parent_prefix_path/rtabmap_examples
[0.085s] -- Up-to-date symlink: /home/chaung/f_ws/install/rtabmap_examples/share/rtabmap_examples/environment/ament_prefix_path.sh
[0.085s] -- Up-to-date symlink: /home/chaung/f_ws/install/rtabmap_examples/share/rtabmap_examples/environment/ament_prefix_path.dsv
[0.085s] -- Up-to-date symlink: /home/chaung/f_ws/install/rtabmap_examples/share/rtabmap_examples/environment/path.sh
[0.086s] -- Up-to-date symlink: /home/chaung/f_ws/install/rtabmap_examples/share/rtabmap_examples/environment/path.dsv
[0.086s] -- Up-to-date symlink: /home/chaung/f_ws/install/rtabmap_examples/share/rtabmap_examples/local_setup.bash
[0.086s] -- Up-to-date symlink: /home/chaung/f_ws/install/rtabmap_examples/share/rtabmap_examples/local_setup.sh
[0.091s] -- Up-to-date symlink: /home/chaung/f_ws/install/rtabmap_examples/share/rtabmap_examples/local_setup.zsh
[0.091s] -- Up-to-date symlink: /home/chaung/f_ws/install/rtabmap_examples/share/rtabmap_examples/local_setup.dsv
[0.091s] -- Symlinking: /home/chaung/f_ws/install/rtabmap_examples/share/rtabmap_examples/package.dsv
[0.095s] -- Up-to-date symlink: /home/chaung/f_ws/install/rtabmap_examples/share/ament_index/resource_index/packages/rtabmap_examples
[0.095s] -- Up-to-date symlink: /home/chaung/f_ws/install/rtabmap_examples/share/rtabmap_examples/cmake/rtabmap_examplesConfig.cmake
[0.097s] -- Up-to-date symlink: /home/chaung/f_ws/install/rtabmap_examples/share/rtabmap_examples/cmake/rtabmap_examplesConfig-version.cmake
[0.097s] -- Up-to-date symlink: /home/chaung/f_ws/install/rtabmap_examples/share/rtabmap_examples/package.xml
[0.114s] Invoked command in '/home/chaung/f_ws/build/rtabmap_examples' returned '0': CMAKE_PREFIX_PATH=/home/chaung/f_ws/install/rtabmap_viz:/home/chaung/f_ws/install/rtabmap_slam:/home/chaung/f_ws/install/rtabmap_odom:/home/chaung/f_ws/install/rtabmap_util:/home/chaung/f_ws/install/rtabmap_sync:/home/chaung/f_ws/install/rtabmap_rviz_plugins:/home/chaung/f_ws/install/rtabmap_conversions:/home/chaung/f_ws/install/rtabmap_python:/home/chaung/f_ws/install/bno055:/opt/ros/foxy:/home/chaung/f_ws/install/rtabmap_msgs:/home/chaung/f_ws/install/rtabmap:/home/chaung/f_ws/install/sllidar_ros2:/home/chaung/f_ws/install/slam_gmapping:/home/chaung/f_ws/install/rtabmap_ros:/home/chaung/f_ws/install/rtabmap_launch:/home/chaung/f_ws/install/rtabmap_examples:/home/chaung/f_ws/install/rtabmap_demos:/home/chaung/f_ws/install/openslam_gmapping:/home/chaung/f_ws/install/hls_lfcd_lds_driver:/home/chaung/f_ws/install/dynamixel_sdk_examples:/home/chaung/f_ws/install/dynamixel_sdk_custom_interfaces:/home/chaung/f_ws/install/dynamixel_sdk PYTHONPATH=/home/chaung/f_ws/install/rtabmap_msgs/lib/python3.8/site-packages:/home/chaung/f_ws/install/rtabmap_python/lib/python3.8/site-packages:/home/chaung/f_ws/install/dynamixel_sdk_custom_interfaces/lib/python3.8/site-packages:/home/chaung/f_ws/install/bno055/lib/python3.8/site-packages:/opt/ros/foxy/lib/python3.8/site-packages /usr/bin/cmake --install /home/chaung/f_ws/build/rtabmap_examples
