[0.013s] Invoking command in '/home/chaung/f_ws/build/rtabmap_odom': AMENT_PREFIX_PATH=/home/chaung/f_ws/install/rtabmap_util:/home/chaung/f_ws/install/rtabmap_conversions:${AMENT_PREFIX_PATH} CMAKE_PREFIX_PATH=/home/chaung/f_ws/install/rtabmap_util:/home/chaung/f_ws/install/rtabmap_conversions:/opt/ros/foxy:/home/chaung/f_ws/install/rtabmap_msgs:/home/chaung/f_ws/install/rtabmap LD_LIBRARY_PATH=/home/chaung/f_ws/install/rtabmap_util/lib:/home/chaung/f_ws/install/rtabmap_conversions/lib:/home/chaung/f_ws/install/rtabmap_msgs/lib:/home/chaung/f_ws/install/rtabmap/lib:${LD_LIBRARY_PATH} PATH=/home/chaung/f_ws/install/rtabmap/bin:${PATH} PKG_CONFIG_PATH=/home/chaung/f_ws/install/rtabmap_msgs/lib/x86_64-linux-gnu/pkgconfig:/home/chaung/f_ws/install/rtabmap_msgs/lib/pkgconfig:/home/chaung/f_ws/install/rtabmap/lib/x86_64-linux-gnu/pkgconfig:/home/chaung/f_ws/install/rtabmap/lib/pkgconfig PYTHONPATH=/home/chaung/f_ws/install/rtabmap_msgs/lib/python3.8/site-packages:${PYTHONPATH} ROS_PACKAGE_PATH=/home/chaung/f_ws/install/rtabmap_msgs/share /usr/bin/cmake /home/chaung/f_ws/src/rtabmap_ros/rtabmap_odom -DCMAKE_INSTALL_PREFIX=/home/chaung/f_ws/install/rtabmap_odom
[0.024s] -- Found ament_cmake_ros: 0.9.2 (/opt/ros/foxy/share/ament_cmake_ros/cmake)
[0.042s] -- Using PYTHON_EXECUTABLE: /usr/bin/python3
[0.174s] -- Override CMake install command with custom implementation using symlinks instead of copying resources
[0.181s] -- Found cv_bridge: 3.0.7 (/opt/ros/foxy/share/cv_bridge/cmake)
[0.208s] -- Using all available rosidl_typesupport_c: rosidl_typesupport_fastrtps_c;rosidl_typesupport_introspection_c
[0.210s] -- Found rosidl_adapter: 1.3.0 (/opt/ros/foxy/share/rosidl_adapter/cmake)
[0.302s] -- Using all available rosidl_typesupport_cpp: rosidl_typesupport_fastrtps_cpp;rosidl_typesupport_introspection_cpp
[0.431s] -- Found image_geometry: 3.0.7 (/opt/ros/foxy/share/image_geometry/cmake)
[0.433s] -- Found laser_geometry: 2.2.0 (/opt/ros/foxy/share/laser_geometry/cmake)
[0.437s] -- Found message_filters: 3.2.5 (/opt/ros/foxy/share/message_filters/cmake)
[0.438s] -- Found nav_msgs: 2.0.5 (/opt/ros/foxy/share/nav_msgs/cmake)
[0.491s] -- Found pcl_conversions: 2.2.1 (/opt/ros/foxy/share/pcl_conversions/cmake)
[0.630s] -- Found rmw_implementation_cmake: 1.0.4 (/opt/ros/foxy/share/rmw_implementation_cmake/cmake)
[0.631s] -- Using RMW implementation 'rmw_fastrtps_cpp' as default
[0.765s] -- Found pcl_ros: 2.2.1 (/opt/ros/foxy/share/pcl_ros/cmake)
[1.155s] -- Eigen found (include: /usr/include/eigen3, version: 3.3.7)
[1.219s] -- The imported target "vtkParseOGLExt" references the file
[1.219s]    "/usr/bin/vtkParseOGLExt-7.1"
[1.219s] but this file does not exist.  Possible reasons include:
[1.219s] * The file was deleted, renamed, or moved to another location.
[1.219s] * An install or uninstall procedure did not complete successfully.
[1.219s] * The installation package was faulty and contained
[1.219s]    "/usr/lib/cmake/vtk-7.1/VTKTargets.cmake"
[1.219s] but not all the files it references.
[1.219s] 
[1.219s] -- The imported target "vtkRenderingPythonTkWidgets" references the file
[1.219s]    "/usr/lib/x86_64-linux-gnu/libvtkRenderingPythonTkWidgets.so"
[1.219s] but this file does not exist.  Possible reasons include:
[1.220s] * The file was deleted, renamed, or moved to another location.
[1.220s] * An install or uninstall procedure did not complete successfully.
[1.220s] * The installation package was faulty and contained
[1.220s]    "/usr/lib/cmake/vtk-7.1/VTKTargets.cmake"
[1.220s] but not all the files it references.
[1.220s] 
[1.220s] -- The imported target "vtk" references the file
[1.220s]    "/usr/bin/vtk"
[1.220s] but this file does not exist.  Possible reasons include:
[1.220s] * The file was deleted, renamed, or moved to another location.
[1.220s] * An install or uninstall procedure did not complete successfully.
[1.220s] * The installation package was faulty and contained
[1.220s]    "/usr/lib/cmake/vtk-7.1/VTKTargets.cmake"
[1.221s] but not all the files it references.
[1.221s] 
[1.221s] -- The imported target "pvtk" references the file
[1.221s]    "/usr/bin/pvtk"
[1.221s] but this file does not exist.  Possible reasons include:
[1.221s] * The file was deleted, renamed, or moved to another location.
[1.221s] * An install or uninstall procedure did not complete successfully.
[1.221s] * The installation package was faulty and contained
[1.221s]    "/usr/lib/cmake/vtk-7.1/VTKTargets.cmake"
[1.221s] but not all the files it references.
[1.221s] 
[1.236s] -- OpenNI found (include: /usr/include/ni, lib: /usr/lib/libOpenNI.so)
[1.241s] -- OpenNI2 found (include: /usr/include/openni2, lib: /usr/lib/libOpenNI2.so)
[1.256s] -- OpenNI found (include: /usr/include/ni, lib: /usr/lib/libOpenNI.so)
[1.260s] -- OpenNI2 found (include: /usr/include/openni2, lib: /usr/lib/libOpenNI2.so)
[1.269s] -- QHULL found (include: /usr/include, lib: optimized;/usr/lib/x86_64-linux-gnu/libqhull.so;debug;/usr/lib/x86_64-linux-gnu/libqhull.so)
[1.274s] -- OpenNI found (include: /usr/include/ni, lib: /usr/lib/libOpenNI.so)
[1.484s] -- Found pluginlib: 2.5.4 (/opt/ros/foxy/share/pluginlib/cmake)
[1.496s] -- Found rtabmap_conversions: 0.21.1 (/home/chaung/f_ws/install/rtabmap_conversions/share/rtabmap_conversions/cmake)
[1.750s] -- Found rtabmap_util: 0.21.1 (/home/chaung/f_ws/install/rtabmap_util/share/rtabmap_util/cmake)
[2.429s] -- Configuring done
[2.463s] CMake Warning at CMakeLists.txt:65 (add_library):
[2.464s]   Cannot generate a safe runtime search path for target rtabmap_odom because
[2.464s]   files in some directories may conflict with libraries in implicit
[2.464s]   directories:
[2.464s] 
[2.464s]     runtime library [liboctomap.so.1.9] in /usr/lib/x86_64-linux-gnu may be hidden by files in:
[2.464s]       /opt/ros/foxy/lib
[2.464s]     runtime library [liboctomath.so.1.9] in /usr/lib/x86_64-linux-gnu may be hidden by files in:
[2.464s]       /opt/ros/foxy/lib
[2.464s] 
[2.464s]   Some of these libraries may not be found correctly.
[2.464s] 
[2.464s] 
[2.511s] CMake Warning at CMakeLists.txt:71 (add_library):
[2.511s]   Cannot generate a safe runtime search path for target rtabmap_odom_plugins
[2.511s]   because files in some directories may conflict with libraries in implicit
[2.511s]   directories:
[2.511s] 
[2.511s]     runtime library [liboctomap.so.1.9] in /usr/lib/x86_64-linux-gnu may be hidden by files in:
[2.511s]       /opt/ros/foxy/lib
[2.511s]     runtime library [liboctomath.so.1.9] in /usr/lib/x86_64-linux-gnu may be hidden by files in:
[2.511s]       /opt/ros/foxy/lib
[2.511s] 
[2.511s]   Some of these libraries may not be found correctly.
[2.511s] 
[2.511s] 
[2.558s] CMake Warning at CMakeLists.txt:83 (add_executable):
[2.558s]   Cannot generate a safe runtime search path for target rtabmap_rgbd_odometry
[2.558s]   because files in some directories may conflict with libraries in implicit
[2.558s]   directories:
[2.559s] 
[2.559s]     runtime library [liboctomap.so.1.9] in /usr/lib/x86_64-linux-gnu may be hidden by files in:
[2.559s]       /opt/ros/foxy/lib
[2.559s]     runtime library [liboctomath.so.1.9] in /usr/lib/x86_64-linux-gnu may be hidden by files in:
[2.559s]       /opt/ros/foxy/lib
[2.559s] 
[2.559s]   Some of these libraries may not be found correctly.
[2.559s] 
[2.559s] 
[2.606s] CMake Warning at CMakeLists.txt:93 (add_executable):
[2.606s]   Cannot generate a safe runtime search path for target rtabmap_icp_odometry
[2.606s]   because files in some directories may conflict with libraries in implicit
[2.606s]   directories:
[2.606s] 
[2.607s]     runtime library [liboctomap.so.1.9] in /usr/lib/x86_64-linux-gnu may be hidden by files in:
[2.607s]       /opt/ros/foxy/lib
[2.607s]     runtime library [liboctomath.so.1.9] in /usr/lib/x86_64-linux-gnu may be hidden by files in:
[2.607s]       /opt/ros/foxy/lib
[2.607s] 
[2.607s]   Some of these libraries may not be found correctly.
[2.607s] 
[2.607s] 
[2.654s] CMake Warning at CMakeLists.txt:88 (add_executable):
[2.655s]   Cannot generate a safe runtime search path for target
[2.655s]   rtabmap_stereo_odometry because files in some directories may conflict with
[2.655s]   libraries in implicit directories:
[2.655s] 
[2.655s]     runtime library [liboctomap.so.1.9] in /usr/lib/x86_64-linux-gnu may be hidden by files in:
[2.655s]       /opt/ros/foxy/lib
[2.655s]     runtime library [liboctomath.so.1.9] in /usr/lib/x86_64-linux-gnu may be hidden by files in:
[2.655s]       /opt/ros/foxy/lib
[2.655s] 
[2.655s]   Some of these libraries may not be found correctly.
[2.655s] 
[2.655s] 
[2.679s] -- Generating done
[2.681s] -- Build files have been written to: /home/chaung/f_ws/build/rtabmap_odom
[2.692s] Invoked command in '/home/chaung/f_ws/build/rtabmap_odom' returned '0': AMENT_PREFIX_PATH=/home/chaung/f_ws/install/rtabmap_util:/home/chaung/f_ws/install/rtabmap_conversions:${AMENT_PREFIX_PATH} CMAKE_PREFIX_PATH=/home/chaung/f_ws/install/rtabmap_util:/home/chaung/f_ws/install/rtabmap_conversions:/opt/ros/foxy:/home/chaung/f_ws/install/rtabmap_msgs:/home/chaung/f_ws/install/rtabmap LD_LIBRARY_PATH=/home/chaung/f_ws/install/rtabmap_util/lib:/home/chaung/f_ws/install/rtabmap_conversions/lib:/home/chaung/f_ws/install/rtabmap_msgs/lib:/home/chaung/f_ws/install/rtabmap/lib:${LD_LIBRARY_PATH} PATH=/home/chaung/f_ws/install/rtabmap/bin:${PATH} PKG_CONFIG_PATH=/home/chaung/f_ws/install/rtabmap_msgs/lib/x86_64-linux-gnu/pkgconfig:/home/chaung/f_ws/install/rtabmap_msgs/lib/pkgconfig:/home/chaung/f_ws/install/rtabmap/lib/x86_64-linux-gnu/pkgconfig:/home/chaung/f_ws/install/rtabmap/lib/pkgconfig PYTHONPATH=/home/chaung/f_ws/install/rtabmap_msgs/lib/python3.8/site-packages:${PYTHONPATH} ROS_PACKAGE_PATH=/home/chaung/f_ws/install/rtabmap_msgs/share /usr/bin/cmake /home/chaung/f_ws/src/rtabmap_ros/rtabmap_odom -DCMAKE_INSTALL_PREFIX=/home/chaung/f_ws/install/rtabmap_odom
[2.694s] Invoking command in '/home/chaung/f_ws/build/rtabmap_odom': AMENT_PREFIX_PATH=/home/chaung/f_ws/install/rtabmap_util:/home/chaung/f_ws/install/rtabmap_conversions:${AMENT_PREFIX_PATH} CMAKE_PREFIX_PATH=/home/chaung/f_ws/install/rtabmap_util:/home/chaung/f_ws/install/rtabmap_conversions:/opt/ros/foxy:/home/chaung/f_ws/install/rtabmap_msgs:/home/chaung/f_ws/install/rtabmap LD_LIBRARY_PATH=/home/chaung/f_ws/install/rtabmap_util/lib:/home/chaung/f_ws/install/rtabmap_conversions/lib:/home/chaung/f_ws/install/rtabmap_msgs/lib:/home/chaung/f_ws/install/rtabmap/lib:${LD_LIBRARY_PATH} PATH=/home/chaung/f_ws/install/rtabmap/bin:${PATH} PKG_CONFIG_PATH=/home/chaung/f_ws/install/rtabmap_msgs/lib/x86_64-linux-gnu/pkgconfig:/home/chaung/f_ws/install/rtabmap_msgs/lib/pkgconfig:/home/chaung/f_ws/install/rtabmap/lib/x86_64-linux-gnu/pkgconfig:/home/chaung/f_ws/install/rtabmap/lib/pkgconfig PYTHONPATH=/home/chaung/f_ws/install/rtabmap_msgs/lib/python3.8/site-packages:${PYTHONPATH} ROS_PACKAGE_PATH=/home/chaung/f_ws/install/rtabmap_msgs/share /usr/bin/cmake --build /home/chaung/f_ws/build/rtabmap_odom -- -j12 -l12
[2.753s] [ 16%] Built target rtabmap_odom
[2.798s] [ 50%] Built target rtabmap_odom_plugins
[2.830s] [ 66%] Built target rtabmap_icp_odometry
[2.830s] [ 83%] Built target rtabmap_rgbd_odometry
[2.833s] [100%] Built target rtabmap_stereo_odometry
[2.840s] Invoked command in '/home/chaung/f_ws/build/rtabmap_odom' returned '0': AMENT_PREFIX_PATH=/home/chaung/f_ws/install/rtabmap_util:/home/chaung/f_ws/install/rtabmap_conversions:${AMENT_PREFIX_PATH} CMAKE_PREFIX_PATH=/home/chaung/f_ws/install/rtabmap_util:/home/chaung/f_ws/install/rtabmap_conversions:/opt/ros/foxy:/home/chaung/f_ws/install/rtabmap_msgs:/home/chaung/f_ws/install/rtabmap LD_LIBRARY_PATH=/home/chaung/f_ws/install/rtabmap_util/lib:/home/chaung/f_ws/install/rtabmap_conversions/lib:/home/chaung/f_ws/install/rtabmap_msgs/lib:/home/chaung/f_ws/install/rtabmap/lib:${LD_LIBRARY_PATH} PATH=/home/chaung/f_ws/install/rtabmap/bin:${PATH} PKG_CONFIG_PATH=/home/chaung/f_ws/install/rtabmap_msgs/lib/x86_64-linux-gnu/pkgconfig:/home/chaung/f_ws/install/rtabmap_msgs/lib/pkgconfig:/home/chaung/f_ws/install/rtabmap/lib/x86_64-linux-gnu/pkgconfig:/home/chaung/f_ws/install/rtabmap/lib/pkgconfig PYTHONPATH=/home/chaung/f_ws/install/rtabmap_msgs/lib/python3.8/site-packages:${PYTHONPATH} ROS_PACKAGE_PATH=/home/chaung/f_ws/install/rtabmap_msgs/share /usr/bin/cmake --build /home/chaung/f_ws/build/rtabmap_odom -- -j12 -l12
[2.873s] Invoking command in '/home/chaung/f_ws/build/rtabmap_odom': AMENT_PREFIX_PATH=/home/chaung/f_ws/install/rtabmap_util:/home/chaung/f_ws/install/rtabmap_conversions:${AMENT_PREFIX_PATH} CMAKE_PREFIX_PATH=/home/chaung/f_ws/install/rtabmap_util:/home/chaung/f_ws/install/rtabmap_conversions:/opt/ros/foxy:/home/chaung/f_ws/install/rtabmap_msgs:/home/chaung/f_ws/install/rtabmap LD_LIBRARY_PATH=/home/chaung/f_ws/install/rtabmap_util/lib:/home/chaung/f_ws/install/rtabmap_conversions/lib:/home/chaung/f_ws/install/rtabmap_msgs/lib:/home/chaung/f_ws/install/rtabmap/lib:${LD_LIBRARY_PATH} PATH=/home/chaung/f_ws/install/rtabmap/bin:${PATH} PKG_CONFIG_PATH=/home/chaung/f_ws/install/rtabmap_msgs/lib/x86_64-linux-gnu/pkgconfig:/home/chaung/f_ws/install/rtabmap_msgs/lib/pkgconfig:/home/chaung/f_ws/install/rtabmap/lib/x86_64-linux-gnu/pkgconfig:/home/chaung/f_ws/install/rtabmap/lib/pkgconfig PYTHONPATH=/home/chaung/f_ws/install/rtabmap_msgs/lib/python3.8/site-packages:${PYTHONPATH} ROS_PACKAGE_PATH=/home/chaung/f_ws/install/rtabmap_msgs/share /usr/bin/cmake --install /home/chaung/f_ws/build/rtabmap_odom
[2.879s] -- Install configuration: ""
[2.879s] -- Execute custom install script
[2.879s] -- Up-to-date symlink: /home/chaung/f_ws/install/rtabmap_odom/share/rtabmap_odom/environment/library_path.sh
[2.879s] -- Up-to-date symlink: /home/chaung/f_ws/install/rtabmap_odom/share/rtabmap_odom/environment/library_path.dsv
[2.879s] -- Up-to-date symlink: /home/chaung/f_ws/install/rtabmap_odom/lib/rtabmap_odom/rgbd_odometry
[2.879s] -- Up-to-date symlink: /home/chaung/f_ws/install/rtabmap_odom/lib/rtabmap_odom/icp_odometry
[2.880s] -- Up-to-date symlink: /home/chaung/f_ws/install/rtabmap_odom/lib/rtabmap_odom/stereo_odometry
[2.880s] -- Up-to-date symlink: /home/chaung/f_ws/install/rtabmap_odom/share/ament_index/resource_index/package_run_dependencies/rtabmap_odom
[2.880s] -- Up-to-date symlink: /home/chaung/f_ws/install/rtabmap_odom/share/ament_index/resource_index/parent_prefix_path/rtabmap_odom
[2.880s] -- Up-to-date symlink: /home/chaung/f_ws/install/rtabmap_odom/share/rtabmap_odom/environment/ament_prefix_path.sh
[2.880s] -- Up-to-date symlink: /home/chaung/f_ws/install/rtabmap_odom/share/rtabmap_odom/environment/ament_prefix_path.dsv
[2.880s] -- Up-to-date symlink: /home/chaung/f_ws/install/rtabmap_odom/share/rtabmap_odom/environment/path.sh
[2.880s] -- Up-to-date symlink: /home/chaung/f_ws/install/rtabmap_odom/share/rtabmap_odom/environment/path.dsv
[2.881s] -- Up-to-date symlink: /home/chaung/f_ws/install/rtabmap_odom/share/rtabmap_odom/local_setup.bash
[2.882s] -- Up-to-date symlink: /home/chaung/f_ws/install/rtabmap_odom/share/rtabmap_odom/local_setup.sh
[2.883s] -- Up-to-date symlink: /home/chaung/f_ws/install/rtabmap_odom/share/rtabmap_odom/local_setup.zsh
[2.883s] -- Up-to-date symlink: /home/chaung/f_ws/install/rtabmap_odom/share/rtabmap_odom/local_setup.dsv
[2.883s] -- Symlinking: /home/chaung/f_ws/install/rtabmap_odom/share/rtabmap_odom/package.dsv
[2.892s] -- Up-to-date symlink: /home/chaung/f_ws/install/rtabmap_odom/share/ament_index/resource_index/packages/rtabmap_odom
[2.892s] -- Up-to-date symlink: /home/chaung/f_ws/install/rtabmap_odom/share/ament_index/resource_index/rclcpp_components/rtabmap_odom
[2.892s] -- Up-to-date symlink: /home/chaung/f_ws/install/rtabmap_odom/share/rtabmap_odom/cmake/ament_cmake_export_dependencies-extras.cmake
[2.893s] -- Up-to-date symlink: /home/chaung/f_ws/install/rtabmap_odom/share/rtabmap_odom/cmake/ament_cmake_export_include_directories-extras.cmake
[2.893s] -- Up-to-date symlink: /home/chaung/f_ws/install/rtabmap_odom/share/rtabmap_odom/cmake/ament_cmake_export_targets-extras.cmake
[2.893s] -- Up-to-date symlink: /home/chaung/f_ws/install/rtabmap_odom/share/rtabmap_odom/cmake/ament_cmake_export_libraries-extras.cmake
[2.893s] -- Up-to-date symlink: /home/chaung/f_ws/install/rtabmap_odom/share/rtabmap_odom/cmake/rtabmap_odomConfig.cmake
[2.893s] -- Up-to-date symlink: /home/chaung/f_ws/install/rtabmap_odom/share/rtabmap_odom/cmake/rtabmap_odomConfig-version.cmake
[2.894s] -- Up-to-date symlink: /home/chaung/f_ws/install/rtabmap_odom/share/rtabmap_odom/package.xml
[2.894s] -- Up-to-date: /home/chaung/f_ws/install/rtabmap_odom/lib/librtabmap_odom.so
[2.895s] -- Up-to-date: /home/chaung/f_ws/install/rtabmap_odom/lib/librtabmap_odom_plugins.so
[2.896s] -- Up-to-date: /home/chaung/f_ws/install/rtabmap_odom/include
[2.896s] -- Up-to-date: /home/chaung/f_ws/install/rtabmap_odom/include/rtabmap_odom
[2.896s] -- Up-to-date: /home/chaung/f_ws/install/rtabmap_odom/include/rtabmap_odom/visibility.h
[2.896s] -- Up-to-date: /home/chaung/f_ws/install/rtabmap_odom/include/rtabmap_odom/OdometryROS.h
[2.896s] -- Up-to-date: /home/chaung/f_ws/install/rtabmap_odom/share/rtabmap_odom/cmake/rtabmap_odomExport.cmake
[2.896s] -- Installing: /home/chaung/f_ws/install/rtabmap_odom/share/rtabmap_odom/cmake/rtabmap_odomExport-noconfig.cmake
[2.899s] Invoked command in '/home/chaung/f_ws/build/rtabmap_odom' returned '0': AMENT_PREFIX_PATH=/home/chaung/f_ws/install/rtabmap_util:/home/chaung/f_ws/install/rtabmap_conversions:${AMENT_PREFIX_PATH} CMAKE_PREFIX_PATH=/home/chaung/f_ws/install/rtabmap_util:/home/chaung/f_ws/install/rtabmap_conversions:/opt/ros/foxy:/home/chaung/f_ws/install/rtabmap_msgs:/home/chaung/f_ws/install/rtabmap LD_LIBRARY_PATH=/home/chaung/f_ws/install/rtabmap_util/lib:/home/chaung/f_ws/install/rtabmap_conversions/lib:/home/chaung/f_ws/install/rtabmap_msgs/lib:/home/chaung/f_ws/install/rtabmap/lib:${LD_LIBRARY_PATH} PATH=/home/chaung/f_ws/install/rtabmap/bin:${PATH} PKG_CONFIG_PATH=/home/chaung/f_ws/install/rtabmap_msgs/lib/x86_64-linux-gnu/pkgconfig:/home/chaung/f_ws/install/rtabmap_msgs/lib/pkgconfig:/home/chaung/f_ws/install/rtabmap/lib/x86_64-linux-gnu/pkgconfig:/home/chaung/f_ws/install/rtabmap/lib/pkgconfig PYTHONPATH=/home/chaung/f_ws/install/rtabmap_msgs/lib/python3.8/site-packages:${PYTHONPATH} ROS_PACKAGE_PATH=/home/chaung/f_ws/install/rtabmap_msgs/share /usr/bin/cmake --install /home/chaung/f_ws/build/rtabmap_odom
