[1.192s] Invoking command in '/home/chaung/f_ws/build/rtabmap_python': PYTHONPATH=/home/chaung/f_ws/build/rtabmap_python/prefix_override:/home/chaung/f_ws/install/rtabmap_python/lib/python3.8/site-packages:${PYTHONPATH} /usr/bin/python3 setup.py develop --uninstall --editable --build-directory /home/chaung/f_ws/build/rtabmap_python/build
[1.378s] running develop
[1.508s] Invoked command in '/home/chaung/f_ws/build/rtabmap_python' returned '0': PYTHONPATH=/home/chaung/f_ws/build/rtabmap_python/prefix_override:/home/chaung/f_ws/install/rtabmap_python/lib/python3.8/site-packages:${PYTHONPATH} /usr/bin/python3 setup.py develop --uninstall --editable --build-directory /home/chaung/f_ws/build/rtabmap_python/build
[1.510s] Invoking command in '/home/chaung/f_ws/src/rtabmap_ros/rtabmap_python': PYTHONPATH=/home/chaung/f_ws/build/rtabmap_python/prefix_override:/home/chaung/f_ws/install/rtabmap_python/lib/python3.8/site-packages:${PYTHONPATH} /usr/bin/python3 setup.py egg_info --egg-base ../../../build/rtabmap_python build --build-base /home/chaung/f_ws/build/rtabmap_python/build install --record /home/chaung/f_ws/build/rtabmap_python/install.log --single-version-externally-managed
[1.674s] running egg_info
[1.675s] writing ../../../build/rtabmap_python/rtabmap_python.egg-info/PKG-INFO
[1.675s] writing dependency_links to ../../../build/rtabmap_python/rtabmap_python.egg-info/dependency_links.txt
[1.675s] writing entry points to ../../../build/rtabmap_python/rtabmap_python.egg-info/entry_points.txt
[1.675s] writing requirements to ../../../build/rtabmap_python/rtabmap_python.egg-info/requires.txt
[1.675s] writing top-level names to ../../../build/rtabmap_python/rtabmap_python.egg-info/top_level.txt
[1.703s] reading manifest file '../../../build/rtabmap_python/rtabmap_python.egg-info/SOURCES.txt'
[1.703s] writing manifest file '../../../build/rtabmap_python/rtabmap_python.egg-info/SOURCES.txt'
[1.704s] running build
[1.704s] running build_py
[1.704s] running install
[1.704s] running install_lib
[1.705s] running install_data
[1.706s] running install_egg_info
[1.707s] removing '/home/chaung/f_ws/install/rtabmap_python/lib/python3.8/site-packages/rtabmap_python-0.1.0-py3.8.egg-info' (and everything under it)
[1.707s] Copying ../../../build/rtabmap_python/rtabmap_python.egg-info to /home/chaung/f_ws/install/rtabmap_python/lib/python3.8/site-packages/rtabmap_python-0.1.0-py3.8.egg-info
[1.708s] running install_scripts
[1.721s] writing list of installed files to '/home/chaung/f_ws/build/rtabmap_python/install.log'
[1.742s] Invoked command in '/home/chaung/f_ws/src/rtabmap_ros/rtabmap_python' returned '0': PYTHONPATH=/home/chaung/f_ws/build/rtabmap_python/prefix_override:/home/chaung/f_ws/install/rtabmap_python/lib/python3.8/site-packages:${PYTHONPATH} /usr/bin/python3 setup.py egg_info --egg-base ../../../build/rtabmap_python build --build-base /home/chaung/f_ws/build/rtabmap_python/build install --record /home/chaung/f_ws/build/rtabmap_python/install.log --single-version-externally-managed
