[0.108s] Invoking command in '/home/chaung/f_ws/build/slam_gmapping': AMENT_PREFIX_PATH=/home/chaung/f_ws/install/openslam_gmapping:${AMENT_PREFIX_PATH} CMAKE_PREFIX_PATH=/home/chaung/f_ws/install/openslam_gmapping:/home/chaung/half/install/cartographer_ros_msgs:/home/chaung/half/install/v_bot_control:/home/chaung/half/install/sllidar_ros2:/home/chaung/half/install/openslam_gmapping:/home/chaung/half/install/nav_2d_msgs:/home/chaung/half/install/nav2_common:/home/chaung/half/install/cartographer_ros:/home/chaung/half/install/cartographer:/home/chaung/half/install/slam_gmapping:/home/chaung/half/install/bno055:/opt/ros/foxy LD_LIBRARY_PATH=/home/chaung/f_ws/install/openslam_gmapping/lib:${LD_LIBRARY_PATH} /usr/bin/cmake /home/chaung/f_ws/src/slam_gmapping -DCMAKE_INSTALL_PREFIX=/home/chaung/f_ws/install/slam_gmapping
[0.423s] -- The C compiler identification is GNU 9.4.0
[0.633s] -- The CXX compiler identification is GNU 9.4.0
[0.639s] -- Check for working C compiler: /usr/bin/cc
[1.030s] -- Check for working C compiler: /usr/bin/cc -- works
[1.031s] -- Detecting C compiler ABI info
[1.402s] -- Detecting C compiler ABI info - done
[1.427s] -- Detecting C compile features
[1.427s] -- Detecting C compile features - done
[1.431s] -- Check for working CXX compiler: /usr/bin/c++
[1.805s] -- Check for working CXX compiler: /usr/bin/c++ -- works
[1.806s] -- Detecting CXX compiler ABI info
[2.230s] -- Detecting CXX compiler ABI info - done
[2.263s] -- Detecting CXX compile features
[2.263s] -- Detecting CXX compile features - done
[2.264s]  -fuse-ld=lld -Wl,--disable-new-dtags
[2.283s] -- Found ament_cmake: 0.9.11 (/opt/ros/foxy/share/ament_cmake/cmake)
[2.348s] -- Found PythonInterp: /usr/bin/python3 (found suitable version "3.8.10", minimum required is "3") 
[2.348s] -- Using PYTHON_EXECUTABLE: /usr/bin/python3
[2.842s] -- Found std_msgs: 2.0.5 (/opt/ros/foxy/share/std_msgs/cmake)
[2.923s] -- Using all available rosidl_typesupport_c: rosidl_typesupport_fastrtps_c;rosidl_typesupport_introspection_c
[2.946s] -- Found rosidl_adapter: 1.3.0 (/opt/ros/foxy/share/rosidl_adapter/cmake)
[3.483s] -- Found OpenSSL: /usr/lib/x86_64-linux-gnu/libcrypto.so (found version "1.1.1f")  
[3.578s] -- Found FastRTPS: /opt/ros/foxy/include  
[3.799s] -- Using all available rosidl_typesupport_cpp: rosidl_typesupport_fastrtps_cpp;rosidl_typesupport_introspection_cpp
[3.934s] -- Found nav_msgs: 2.0.5 (/opt/ros/foxy/share/nav_msgs/cmake)
[4.245s] -- Found tf2: 0.13.14 (/opt/ros/foxy/share/tf2/cmake)
[4.264s] -- Found tf2_ros: 0.13.14 (/opt/ros/foxy/share/tf2_ros/cmake)
[4.363s] -- Found rmw_implementation_cmake: 1.0.4 (/opt/ros/foxy/share/rmw_implementation_cmake/cmake)
[4.365s] -- Using RMW implementation 'rmw_fastrtps_cpp' as default
[4.366s] -- Looking for pthread.h
[4.669s] -- Looking for pthread.h - found
[4.670s] -- Performing Test CMAKE_HAVE_LIBC_PTHREAD
[4.993s] -- Performing Test CMAKE_HAVE_LIBC_PTHREAD - Failed
[4.993s] -- Looking for pthread_create in pthreads
[5.306s] -- Looking for pthread_create in pthreads - not found
[5.306s] -- Looking for pthread_create in pthread
[5.627s] -- Looking for pthread_create in pthread - found
[5.628s] -- Found Threads: TRUE  
[6.577s] -- Found tf2_geometry_msgs: 0.13.14 (/opt/ros/foxy/share/tf2_geometry_msgs/cmake)
[6.605s] -- Found eigen3_cmake_module: 0.1.1 (/opt/ros/foxy/share/eigen3_cmake_module/cmake)
[6.610s] -- Found Eigen3: TRUE (found version "3.3.7") 
[6.699s] -- Found sensor_msgs: 2.0.5 (/opt/ros/foxy/share/sensor_msgs/cmake)
[6.828s] -- Found visualization_msgs: 2.0.5 (/opt/ros/foxy/share/visualization_msgs/cmake)
[6.943s] -- Found openslam_gmapping: 0.1.2 (/home/chaung/f_ws/install/openslam_gmapping/share/openslam_gmapping/cmake)
[6.956s] -- Found ament_lint_auto: 0.9.8 (/opt/ros/foxy/share/ament_lint_auto/cmake)
[7.175s] -- Added test 'cppcheck' to perform static code analysis on C / C++ code
[7.176s] -- Configured cppcheck include dirs: /home/chaung/f_ws/src/slam_gmapping/include
[7.176s] -- Configured cppcheck exclude dirs and/or files: 
[7.177s] -- Added test 'flake8' to check Python code syntax and style conventions
[7.182s] -- Added test 'lint_cmake' to check CMake code style
[7.183s] -- Added test 'pep257' to check Python code against some of the style conventions in PEP 257
[7.196s] -- Added test 'uncrustify' to check C / C++ code style
[7.196s] -- Configured uncrustify additional arguments: 
[7.197s] -- Added test 'xmllint' to check XML markup files
[7.201s] -- Configuring done
[7.269s] -- Generating done
[7.279s] -- Build files have been written to: /home/chaung/f_ws/build/slam_gmapping
