[35m[1mScanning dependencies of target sllidar_node[0m
[ 14%] Built target sllidar_client
[ 21%] [32mBuilding CXX object CMakeFiles/sllidar_node.dir/src/sllidar_node.cpp.o[0m
In file included from [01m[K/home/chaung/f_ws/src/sllidar_ros2/./sdk/include/sl_lidar_cmd.h:36[m[K,
                 from [01m[K/home/chaung/f_ws/src/sllidar_ros2/./sdk/include/sl_lidar_driver.h:54[m[K,
                 from [01m[K/home/chaung/f_ws/src/sllidar_ros2/./sdk/include/sl_lidar.h:36[m[K,
                 from [01m[K/home/chaung/f_ws/src/sllidar_ros2/src/sllidar_node.cpp:38[m[K:
[01m[K/home/chaung/f_ws/src/sllidar_ros2/./sdk/include/sl_lidar_protocol.h:58:16:[m[K [01;35m[Kwarning: [m[KISO C++ forbids zero-size array ‘[01m[Kdata[m[K’ [[01;35m[K-Wpedantic[m[K]
   58 |     sl_u8 data[[01;35m[K0[m[K];
      |                [01;35m[K^[m[K
In file included from [01m[K/home/chaung/f_ws/src/sllidar_ros2/./sdk/include/sl_lidar_driver.h:54[m[K,
                 from [01m[K/home/chaung/f_ws/src/sllidar_ros2/./sdk/include/sl_lidar.h:36[m[K,
                 from [01m[K/home/chaung/f_ws/src/sllidar_ros2/src/sllidar_node.cpp:38[m[K:
[01m[K/home/chaung/f_ws/src/sllidar_ros2/./sdk/include/sl_lidar_cmd.h:295:20:[m[K [01;35m[Kwarning: [m[KISO C++ forbids zero-size array ‘[01m[Kpayload[m[K’ [[01;35m[K-Wpedantic[m[K]
  295 |     sl_u8  payload[[01;35m[K0[m[K];
      |                    [01;35m[K^[m[K
[01m[K/home/chaung/f_ws/src/sllidar_ros2/src/sllidar_node.cpp:[m[K In member function ‘[01m[Kbool SLlidarNode::checkSLLIDARHealth(sl::ILidarDriver*)[m[K’:
[01m[K/home/chaung/f_ws/src/sllidar_ros2/src/sllidar_node.cpp:147:5:[m[K [01;35m[Kwarning: [m[Kcontrol reaches end of non-void function [[01;35m[K-Wreturn-type[m[K]
  147 |     [01;35m[K}[m[K
      |     [01;35m[K^[m[K
[ 28%] [32m[1mLinking CXX executable sllidar_node[0m
[100%] Built target sllidar_node
-- Install configuration: ""
-- Installing: /home/chaung/f_ws/install/sllidar_ros2/share/sllidar_ros2/launch
-- Installing: /home/chaung/f_ws/install/sllidar_ros2/share/sllidar_ros2/launch/sllidar_launch.py
-- Installing: /home/chaung/f_ws/install/sllidar_ros2/share/sllidar_ros2/launch/view_sllidar_s1_launch.py
-- Installing: /home/chaung/f_ws/install/sllidar_ros2/share/sllidar_ros2/launch/sllidar_s1_tcp_launch.py
-- Installing: /home/chaung/f_ws/install/sllidar_ros2/share/sllidar_ros2/launch/sllidar_s2_launch.py
-- Installing: /home/chaung/f_ws/install/sllidar_ros2/share/sllidar_ros2/launch/view_sllidar_a3_launch.py
-- Installing: /home/chaung/f_ws/install/sllidar_ros2/share/sllidar_ros2/launch/view_sllidar_t1_launch.py
-- Installing: /home/chaung/f_ws/install/sllidar_ros2/share/sllidar_ros2/launch/view_sllidar_s2_launch.py
-- Installing: /home/chaung/f_ws/install/sllidar_ros2/share/sllidar_ros2/launch/sllidar_t1_launch.py
-- Installing: /home/chaung/f_ws/install/sllidar_ros2/share/sllidar_ros2/launch/view_sllidar_s1_tcp_launch.py
-- Installing: /home/chaung/f_ws/install/sllidar_ros2/share/sllidar_ros2/launch/gmapping_s2_launch.py
-- Installing: /home/chaung/f_ws/install/sllidar_ros2/share/sllidar_ros2/launch/sllidar_a3_launch.py
-- Installing: /home/chaung/f_ws/install/sllidar_ros2/share/sllidar_ros2/launch/view_sllidar_launch.py
-- Installing: /home/chaung/f_ws/install/sllidar_ros2/share/sllidar_ros2/launch/gmapping_launch.py
-- Installing: /home/chaung/f_ws/install/sllidar_ros2/share/sllidar_ros2/launch/sllidar_s1_launch.py
-- Installing: /home/chaung/f_ws/install/sllidar_ros2/share/sllidar_ros2/rviz
-- Installing: /home/chaung/f_ws/install/sllidar_ros2/share/sllidar_ros2/rviz/sllidar_ros2.rviz
-- Installing: /home/chaung/f_ws/install/sllidar_ros2/share/sllidar_ros2/rviz/sllidar_gmapping_ros2.rviz
-- Installing: /home/chaung/f_ws/install/sllidar_ros2/lib/sllidar_ros2/sllidar_node
-- Set runtime path of "/home/chaung/f_ws/install/sllidar_ros2/lib/sllidar_ros2/sllidar_node" to ""
-- Installing: /home/chaung/f_ws/install/sllidar_ros2/lib/sllidar_ros2/sllidar_client
-- Set runtime path of "/home/chaung/f_ws/install/sllidar_ros2/lib/sllidar_ros2/sllidar_client" to ""
-- Installing: /home/chaung/f_ws/install/sllidar_ros2/share/ament_index/resource_index/package_run_dependencies/sllidar_ros2
-- Installing: /home/chaung/f_ws/install/sllidar_ros2/share/ament_index/resource_index/parent_prefix_path/sllidar_ros2
-- Installing: /home/chaung/f_ws/install/sllidar_ros2/share/sllidar_ros2/environment/ament_prefix_path.sh
-- Installing: /home/chaung/f_ws/install/sllidar_ros2/share/sllidar_ros2/environment/ament_prefix_path.dsv
-- Installing: /home/chaung/f_ws/install/sllidar_ros2/share/sllidar_ros2/environment/path.sh
-- Installing: /home/chaung/f_ws/install/sllidar_ros2/share/sllidar_ros2/environment/path.dsv
-- Installing: /home/chaung/f_ws/install/sllidar_ros2/share/sllidar_ros2/local_setup.bash
-- Installing: /home/chaung/f_ws/install/sllidar_ros2/share/sllidar_ros2/local_setup.sh
-- Installing: /home/chaung/f_ws/install/sllidar_ros2/share/sllidar_ros2/local_setup.zsh
-- Installing: /home/chaung/f_ws/install/sllidar_ros2/share/sllidar_ros2/local_setup.dsv
-- Installing: /home/chaung/f_ws/install/sllidar_ros2/share/sllidar_ros2/package.dsv
-- Installing: /home/chaung/f_ws/install/sllidar_ros2/share/ament_index/resource_index/packages/sllidar_ros2
-- Installing: /home/chaung/f_ws/install/sllidar_ros2/share/sllidar_ros2/cmake/ament_cmake_export_dependencies-extras.cmake
-- Installing: /home/chaung/f_ws/install/sllidar_ros2/share/sllidar_ros2/cmake/ament_cmake_export_include_directories-extras.cmake
-- Installing: /home/chaung/f_ws/install/sllidar_ros2/share/sllidar_ros2/cmake/sllidar_ros2Config.cmake
-- Installing: /home/chaung/f_ws/install/sllidar_ros2/share/sllidar_ros2/cmake/sllidar_ros2Config-version.cmake
-- Installing: /home/chaung/f_ws/install/sllidar_ros2/share/sllidar_ros2/package.xml
