[0.068s] Invoking command in '/home/chaung/f_ws/build/slam_gmapping': CMAKE_PREFIX_PATH=/home/chaung/f_ws/install/openslam_gmapping:/home/chaung/f_ws/install/sllidar_ros2:/home/chaung/f_ws/install/slam_gmapping:/home/chaung/f_ws/install/rtabmap_ros:/home/chaung/f_ws/install/rtabmap_launch:/home/chaung/f_ws/install/rtabmap_examples:/home/chaung/f_ws/install/rtabmap_demos:/home/chaung/f_ws/install/rtabmap_viz:/home/chaung/f_ws/install/rtabmap_slam:/home/chaung/f_ws/install/rtabmap_odom:/home/chaung/f_ws/install/rtabmap_util:/home/chaung/f_ws/install/rtabmap_sync:/home/chaung/f_ws/install/rtabmap_rviz_plugins:/home/chaung/f_ws/install/rtabmap_conversions:/home/chaung/f_ws/install/rtabmap_python:/home/chaung/f_ws/install/bno055:/opt/ros/foxy:/home/chaung/f_ws/install/rtabmap_msgs:/home/chaung/f_ws/install/rtabmap:/home/chaung/f_ws/install/hls_lfcd_lds_driver:/home/chaung/f_ws/install/dynamixel_sdk_examples:/home/chaung/f_ws/install/dynamixel_sdk_custom_interfaces:/home/chaung/f_ws/install/dynamixel_sdk /usr/bin/cmake --build /home/chaung/f_ws/build/slam_gmapping -- -j12 -l12
[0.122s] [ 33%] Built target transform
[0.123s] [ 66%] Built target slam_gmapping
[0.123s] [100%] Built target scan_dilute
[0.139s] Invoked command in '/home/chaung/f_ws/build/slam_gmapping' returned '0': CMAKE_PREFIX_PATH=/home/chaung/f_ws/install/openslam_gmapping:/home/chaung/f_ws/install/sllidar_ros2:/home/chaung/f_ws/install/slam_gmapping:/home/chaung/f_ws/install/rtabmap_ros:/home/chaung/f_ws/install/rtabmap_launch:/home/chaung/f_ws/install/rtabmap_examples:/home/chaung/f_ws/install/rtabmap_demos:/home/chaung/f_ws/install/rtabmap_viz:/home/chaung/f_ws/install/rtabmap_slam:/home/chaung/f_ws/install/rtabmap_odom:/home/chaung/f_ws/install/rtabmap_util:/home/chaung/f_ws/install/rtabmap_sync:/home/chaung/f_ws/install/rtabmap_rviz_plugins:/home/chaung/f_ws/install/rtabmap_conversions:/home/chaung/f_ws/install/rtabmap_python:/home/chaung/f_ws/install/bno055:/opt/ros/foxy:/home/chaung/f_ws/install/rtabmap_msgs:/home/chaung/f_ws/install/rtabmap:/home/chaung/f_ws/install/hls_lfcd_lds_driver:/home/chaung/f_ws/install/dynamixel_sdk_examples:/home/chaung/f_ws/install/dynamixel_sdk_custom_interfaces:/home/chaung/f_ws/install/dynamixel_sdk /usr/bin/cmake --build /home/chaung/f_ws/build/slam_gmapping -- -j12 -l12
[0.163s] Invoking command in '/home/chaung/f_ws/build/slam_gmapping': CMAKE_PREFIX_PATH=/home/chaung/f_ws/install/openslam_gmapping:/home/chaung/f_ws/install/sllidar_ros2:/home/chaung/f_ws/install/slam_gmapping:/home/chaung/f_ws/install/rtabmap_ros:/home/chaung/f_ws/install/rtabmap_launch:/home/chaung/f_ws/install/rtabmap_examples:/home/chaung/f_ws/install/rtabmap_demos:/home/chaung/f_ws/install/rtabmap_viz:/home/chaung/f_ws/install/rtabmap_slam:/home/chaung/f_ws/install/rtabmap_odom:/home/chaung/f_ws/install/rtabmap_util:/home/chaung/f_ws/install/rtabmap_sync:/home/chaung/f_ws/install/rtabmap_rviz_plugins:/home/chaung/f_ws/install/rtabmap_conversions:/home/chaung/f_ws/install/rtabmap_python:/home/chaung/f_ws/install/bno055:/opt/ros/foxy:/home/chaung/f_ws/install/rtabmap_msgs:/home/chaung/f_ws/install/rtabmap:/home/chaung/f_ws/install/hls_lfcd_lds_driver:/home/chaung/f_ws/install/dynamixel_sdk_examples:/home/chaung/f_ws/install/dynamixel_sdk_custom_interfaces:/home/chaung/f_ws/install/dynamixel_sdk /usr/bin/cmake --install /home/chaung/f_ws/build/slam_gmapping
[0.171s] -- Install configuration: ""
[0.171s] -- Execute custom install script
[0.171s] -- Up-to-date symlink: /home/chaung/f_ws/install/slam_gmapping/lib/slam_gmapping/slam_gmapping
[0.172s] -- Up-to-date symlink: /home/chaung/f_ws/install/slam_gmapping/lib/slam_gmapping/transform
[0.172s] -- Up-to-date symlink: /home/chaung/f_ws/install/slam_gmapping/lib/slam_gmapping/scan_dilute
[0.172s] -- Up-to-date symlink: /home/chaung/f_ws/install/slam_gmapping/share/slam_gmapping/launch/slam_gmapping.launch.py
[0.173s] -- Up-to-date symlink: /home/chaung/f_ws/install/slam_gmapping/share/ament_index/resource_index/package_run_dependencies/slam_gmapping
[0.173s] -- Up-to-date symlink: /home/chaung/f_ws/install/slam_gmapping/share/ament_index/resource_index/parent_prefix_path/slam_gmapping
[0.173s] -- Up-to-date symlink: /home/chaung/f_ws/install/slam_gmapping/share/slam_gmapping/environment/ament_prefix_path.sh
[0.173s] -- Up-to-date symlink: /home/chaung/f_ws/install/slam_gmapping/share/slam_gmapping/environment/ament_prefix_path.dsv
[0.173s] -- Up-to-date symlink: /home/chaung/f_ws/install/slam_gmapping/share/slam_gmapping/environment/path.sh
[0.173s] -- Up-to-date symlink: /home/chaung/f_ws/install/slam_gmapping/share/slam_gmapping/environment/path.dsv
[0.173s] -- Up-to-date symlink: /home/chaung/f_ws/install/slam_gmapping/share/slam_gmapping/local_setup.bash
[0.173s] -- Up-to-date symlink: /home/chaung/f_ws/install/slam_gmapping/share/slam_gmapping/local_setup.sh
[0.173s] -- Up-to-date symlink: /home/chaung/f_ws/install/slam_gmapping/share/slam_gmapping/local_setup.zsh
[0.174s] -- Up-to-date symlink: /home/chaung/f_ws/install/slam_gmapping/share/slam_gmapping/local_setup.dsv
[0.175s] -- Symlinking: /home/chaung/f_ws/install/slam_gmapping/share/slam_gmapping/package.dsv
[0.181s] -- Up-to-date symlink: /home/chaung/f_ws/install/slam_gmapping/share/ament_index/resource_index/packages/slam_gmapping
[0.181s] -- Up-to-date symlink: /home/chaung/f_ws/install/slam_gmapping/share/slam_gmapping/cmake/slam_gmappingConfig.cmake
[0.181s] -- Up-to-date symlink: /home/chaung/f_ws/install/slam_gmapping/share/slam_gmapping/cmake/slam_gmappingConfig-version.cmake
[0.181s] -- Up-to-date symlink: /home/chaung/f_ws/install/slam_gmapping/share/slam_gmapping/package.xml
[0.198s] Invoked command in '/home/chaung/f_ws/build/slam_gmapping' returned '0': CMAKE_PREFIX_PATH=/home/chaung/f_ws/install/openslam_gmapping:/home/chaung/f_ws/install/sllidar_ros2:/home/chaung/f_ws/install/slam_gmapping:/home/chaung/f_ws/install/rtabmap_ros:/home/chaung/f_ws/install/rtabmap_launch:/home/chaung/f_ws/install/rtabmap_examples:/home/chaung/f_ws/install/rtabmap_demos:/home/chaung/f_ws/install/rtabmap_viz:/home/chaung/f_ws/install/rtabmap_slam:/home/chaung/f_ws/install/rtabmap_odom:/home/chaung/f_ws/install/rtabmap_util:/home/chaung/f_ws/install/rtabmap_sync:/home/chaung/f_ws/install/rtabmap_rviz_plugins:/home/chaung/f_ws/install/rtabmap_conversions:/home/chaung/f_ws/install/rtabmap_python:/home/chaung/f_ws/install/bno055:/opt/ros/foxy:/home/chaung/f_ws/install/rtabmap_msgs:/home/chaung/f_ws/install/rtabmap:/home/chaung/f_ws/install/hls_lfcd_lds_driver:/home/chaung/f_ws/install/dynamixel_sdk_examples:/home/chaung/f_ws/install/dynamixel_sdk_custom_interfaces:/home/chaung/f_ws/install/dynamixel_sdk /usr/bin/cmake --install /home/chaung/f_ws/build/slam_gmapping
