[0.015s] Invoking command in '/home/chaung/f_ws/build/rtabmap_odom': AMENT_PREFIX_PATH=/home/chaung/f_ws/install/rtabmap_util:/home/chaung/f_ws/install/rtabmap_conversions:${AMENT_PREFIX_PATH} CMAKE_PREFIX_PATH=/home/chaung/f_ws/install/rtabmap_util:/home/chaung/f_ws/install/rtabmap_conversions:/home/chaung/f_ws/install/openslam_gmapping:/home/chaung/f_ws/install/bno055:/opt/ros/foxy:/home/chaung/f_ws/install/rtabmap_msgs:/home/chaung/f_ws/install/rtabmap:${CMAKE_PREFIX_PATH} LD_LIBRARY_PATH=/home/chaung/f_ws/install/rtabmap_util/lib:/home/chaung/f_ws/install/rtabmap_conversions/lib:/home/chaung/f_ws/install/rtabmap_msgs/lib:/home/chaung/f_ws/install/rtabmap/lib:${LD_LIBRARY_PATH} PATH=/home/chaung/f_ws/install/rtabmap/bin:${PATH} PKG_CONFIG_PATH=/home/chaung/f_ws/install/rtabmap_msgs/lib/x86_64-linux-gnu/pkgconfig:/home/chaung/f_ws/install/rtabmap_msgs/lib/pkgconfig:/home/chaung/f_ws/install/rtabmap/lib/x86_64-linux-gnu/pkgconfig:/home/chaung/f_ws/install/rtabmap/lib/pkgconfig:${PKG_CONFIG_PATH} PYTHONPATH=/home/chaung/f_ws/install/rtabmap_msgs/lib/python3.8/site-packages:${PYTHONPATH} ROS_PACKAGE_PATH=/home/chaung/f_ws/install/rtabmap_msgs/share /usr/bin/cmake /home/chaung/f_ws/src/rtabmap_ros/rtabmap_odom -DCMAKE_INSTALL_PREFIX=/home/chaung/f_ws/install/rtabmap_odom
[0.066s] -- The C compiler identification is GNU 9.4.0
[0.117s] -- The CXX compiler identification is GNU 9.4.0
[0.122s] -- Check for working C compiler: /usr/bin/cc
[0.181s] -- Check for working C compiler: /usr/bin/cc -- works
[0.183s] -- Detecting C compiler ABI info
[0.243s] -- Detecting C compiler ABI info - done
[0.255s] -- Detecting C compile features
[0.255s] -- Detecting C compile features - done
[0.257s] -- Check for working CXX compiler: /usr/bin/c++
[0.316s] -- Check for working CXX compiler: /usr/bin/c++ -- works
[0.317s] -- Detecting CXX compiler ABI info
[0.384s] -- Detecting CXX compiler ABI info - done
[0.397s] -- Detecting CXX compile features
[0.398s] -- Detecting CXX compile features - done
[0.399s] -- Found ament_cmake_ros: 0.9.2 (/opt/ros/foxy/share/ament_cmake_ros/cmake)
[0.428s] -- Found PythonInterp: /usr/bin/python3 (found suitable version "3.8.10", minimum required is "3") 
[0.428s] -- Using PYTHON_EXECUTABLE: /usr/bin/python3
[0.584s] -- Found cv_bridge: 3.0.7 (/opt/ros/foxy/share/cv_bridge/cmake)
[0.617s] -- Using all available rosidl_typesupport_c: rosidl_typesupport_fastrtps_c;rosidl_typesupport_introspection_c
[0.624s] -- Found rosidl_adapter: 1.3.0 (/opt/ros/foxy/share/rosidl_adapter/cmake)
[0.680s] -- Found OpenSSL: /usr/lib/x86_64-linux-gnu/libcrypto.so (found version "1.1.1f")  
[0.702s] -- Found FastRTPS: /opt/ros/foxy/include  
[0.760s] -- Using all available rosidl_typesupport_cpp: rosidl_typesupport_fastrtps_cpp;rosidl_typesupport_introspection_cpp
[0.894s] -- Found image_geometry: 3.0.7 (/opt/ros/foxy/share/image_geometry/cmake)
[0.897s] -- Found laser_geometry: 2.2.0 (/opt/ros/foxy/share/laser_geometry/cmake)
[0.904s] -- Found message_filters: 3.2.5 (/opt/ros/foxy/share/message_filters/cmake)
[0.906s] -- Found nav_msgs: 2.0.5 (/opt/ros/foxy/share/nav_msgs/cmake)
[0.961s] -- Found pcl_conversions: 2.2.1 (/opt/ros/foxy/share/pcl_conversions/cmake)
[1.095s] -- Found rmw_implementation_cmake: 1.0.4 (/opt/ros/foxy/share/rmw_implementation_cmake/cmake)
[1.096s] -- Using RMW implementation 'rmw_fastrtps_cpp' as default
[1.097s] -- Looking for pthread.h
[1.152s] -- Looking for pthread.h - found
[1.153s] -- Performing Test CMAKE_HAVE_LIBC_PTHREAD
[1.211s] -- Performing Test CMAKE_HAVE_LIBC_PTHREAD - Failed
[1.211s] -- Looking for pthread_create in pthreads
[1.267s] -- Looking for pthread_create in pthreads - not found
[1.267s] -- Looking for pthread_create in pthread
[1.332s] -- Looking for pthread_create in pthread - found
[1.333s] -- Found Threads: TRUE  
[1.461s] -- Found pcl_ros: 2.2.1 (/opt/ros/foxy/share/pcl_ros/cmake)
[1.534s] -- Found Eigen3: TRUE (found version "3.3.7") 
[1.844s] -- Checking for module 'eigen3'
[1.855s] --   Found eigen3, version 3.3.7
[1.881s] -- Found Eigen: /usr/include/eigen3 (Required is at least version "3.1") 
[1.881s] -- Eigen found (include: /usr/include/eigen3, version: 3.3.7)
[1.937s] -- Checking for module 'flann'
[1.948s] --   Found flann, version 1.9.1
[1.978s] -- Found FLANN: /usr/lib/x86_64-linux-gnu/libflann_cpp.so  
[2.020s] -- The imported target "vtkParseOGLExt" references the file
[2.020s]    "/usr/bin/vtkParseOGLExt-7.1"
[2.020s] but this file does not exist.  Possible reasons include:
[2.021s] * The file was deleted, renamed, or moved to another location.
[2.021s] * An install or uninstall procedure did not complete successfully.
[2.021s] * The installation package was faulty and contained
[2.021s]    "/usr/lib/cmake/vtk-7.1/VTKTargets.cmake"
[2.021s] but not all the files it references.
[2.021s] 
[2.021s] -- The imported target "vtkRenderingPythonTkWidgets" references the file
[2.021s]    "/usr/lib/x86_64-linux-gnu/libvtkRenderingPythonTkWidgets.so"
[2.021s] but this file does not exist.  Possible reasons include:
[2.021s] * The file was deleted, renamed, or moved to another location.
[2.021s] * An install or uninstall procedure did not complete successfully.
[2.021s] * The installation package was faulty and contained
[2.021s]    "/usr/lib/cmake/vtk-7.1/VTKTargets.cmake"
[2.022s] but not all the files it references.
[2.022s] 
[2.022s] -- The imported target "vtk" references the file
[2.022s]    "/usr/bin/vtk"
[2.022s] but this file does not exist.  Possible reasons include:
[2.022s] * The file was deleted, renamed, or moved to another location.
[2.022s] * An install or uninstall procedure did not complete successfully.
[2.022s] * The installation package was faulty and contained
[2.022s]    "/usr/lib/cmake/vtk-7.1/VTKTargets.cmake"
[2.022s] but not all the files it references.
[2.022s] 
[2.022s] -- The imported target "pvtk" references the file
[2.022s]    "/usr/bin/pvtk"
[2.022s] but this file does not exist.  Possible reasons include:
[2.022s] * The file was deleted, renamed, or moved to another location.
[2.022s] * An install or uninstall procedure did not complete successfully.
[2.023s] * The installation package was faulty and contained
[2.023s]    "/usr/lib/cmake/vtk-7.1/VTKTargets.cmake"
[2.023s] but not all the files it references.
[2.023s] 
[2.036s] -- Checking for module 'libusb-1.0'
[2.047s] --   Found libusb-1.0, version 1.0.23
[2.073s] -- Found USB_10: /usr/lib/x86_64-linux-gnu/libusb-1.0.so  
[2.111s] -- OpenNI found (include: /usr/include/ni, lib: /usr/lib/libOpenNI.so)
[2.153s] -- OpenNI2 found (include: /usr/include/openni2, lib: /usr/lib/libOpenNI2.so)
[2.163s] -- Found libusb-1.0: /usr/include  
[2.168s] -- OpenNI found (include: /usr/include/ni, lib: /usr/lib/libOpenNI.so)
[2.172s] -- OpenNI2 found (include: /usr/include/openni2, lib: /usr/lib/libOpenNI2.so)
[2.193s] -- Found Qhull: optimized;/usr/lib/x86_64-linux-gnu/libqhull.so;debug;/usr/lib/x86_64-linux-gnu/libqhull.so  
[2.193s] -- QHULL found (include: /usr/include, lib: optimized;/usr/lib/x86_64-linux-gnu/libqhull.so;debug;/usr/lib/x86_64-linux-gnu/libqhull.so)
[2.197s] -- OpenNI found (include: /usr/include/ni, lib: /usr/lib/libOpenNI.so)
[2.207s] -- Found PCL_COMMON: /usr/lib/x86_64-linux-gnu/libpcl_common.so  
[2.208s] -- Found PCL_KDTREE: /usr/lib/x86_64-linux-gnu/libpcl_kdtree.so  
[2.209s] -- Found PCL_OCTREE: /usr/lib/x86_64-linux-gnu/libpcl_octree.so  
[2.210s] -- Found PCL_SEARCH: /usr/lib/x86_64-linux-gnu/libpcl_search.so  
[2.211s] -- Found PCL_SAMPLE_CONSENSUS: /usr/lib/x86_64-linux-gnu/libpcl_sample_consensus.so  
[2.211s] -- Found PCL_FILTERS: /usr/lib/x86_64-linux-gnu/libpcl_filters.so  
[2.212s] -- Found PCL_2D: /usr/include/pcl-1.10  
[2.212s] -- Found PCL_GEOMETRY: /usr/include/pcl-1.10  
[2.213s] -- Found PCL_IO: /usr/lib/x86_64-linux-gnu/libpcl_io.so  
[2.214s] -- Found PCL_FEATURES: /usr/lib/x86_64-linux-gnu/libpcl_features.so  
[2.215s] -- Found PCL_ML: /usr/lib/x86_64-linux-gnu/libpcl_ml.so  
[2.216s] -- Found PCL_SEGMENTATION: /usr/lib/x86_64-linux-gnu/libpcl_segmentation.so  
[2.217s] -- Found PCL_VISUALIZATION: /usr/lib/x86_64-linux-gnu/libpcl_visualization.so  
[2.218s] -- Found PCL_SURFACE: /usr/lib/x86_64-linux-gnu/libpcl_surface.so  
[2.219s] -- Found PCL_REGISTRATION: /usr/lib/x86_64-linux-gnu/libpcl_registration.so  
[2.220s] -- Found PCL_KEYPOINTS: /usr/lib/x86_64-linux-gnu/libpcl_keypoints.so  
[2.221s] -- Found PCL_TRACKING: /usr/lib/x86_64-linux-gnu/libpcl_tracking.so  
[2.222s] -- Found PCL_RECOGNITION: /usr/lib/x86_64-linux-gnu/libpcl_recognition.so  
[2.223s] -- Found PCL_STEREO: /usr/lib/x86_64-linux-gnu/libpcl_stereo.so  
[2.224s] -- Found PCL_APPS: /usr/lib/x86_64-linux-gnu/libpcl_apps.so  
[2.225s] -- Found PCL_IN_HAND_SCANNER: /usr/include/pcl-1.10  
[2.233s] -- Found PCL_POINT_CLOUD_EDITOR: /usr/include/pcl-1.10  
[2.234s] -- Found PCL_OUTOFCORE: /usr/lib/x86_64-linux-gnu/libpcl_outofcore.so  
[2.235s] -- Found PCL_PEOPLE: /usr/lib/x86_64-linux-gnu/libpcl_people.so  
[2.431s] -- Found pluginlib: 2.5.4 (/opt/ros/foxy/share/pluginlib/cmake)
[2.447s] -- Found rtabmap_conversions: 0.21.1 (/home/chaung/f_ws/install/rtabmap_conversions/share/rtabmap_conversions/cmake)
[2.711s] -- Found rtabmap_util: 0.21.1 (/home/chaung/f_ws/install/rtabmap_util/share/rtabmap_util/cmake)
[3.320s] -- Configuring done
[3.561s] -- Generating done
[3.563s] -- Build files have been written to: /home/chaung/f_ws/build/rtabmap_odom
[3.576s] Invoked command in '/home/chaung/f_ws/build/rtabmap_odom' returned '0': AMENT_PREFIX_PATH=/home/chaung/f_ws/install/rtabmap_util:/home/chaung/f_ws/install/rtabmap_conversions:${AMENT_PREFIX_PATH} CMAKE_PREFIX_PATH=/home/chaung/f_ws/install/rtabmap_util:/home/chaung/f_ws/install/rtabmap_conversions:/home/chaung/f_ws/install/openslam_gmapping:/home/chaung/f_ws/install/bno055:/opt/ros/foxy:/home/chaung/f_ws/install/rtabmap_msgs:/home/chaung/f_ws/install/rtabmap:${CMAKE_PREFIX_PATH} LD_LIBRARY_PATH=/home/chaung/f_ws/install/rtabmap_util/lib:/home/chaung/f_ws/install/rtabmap_conversions/lib:/home/chaung/f_ws/install/rtabmap_msgs/lib:/home/chaung/f_ws/install/rtabmap/lib:${LD_LIBRARY_PATH} PATH=/home/chaung/f_ws/install/rtabmap/bin:${PATH} PKG_CONFIG_PATH=/home/chaung/f_ws/install/rtabmap_msgs/lib/x86_64-linux-gnu/pkgconfig:/home/chaung/f_ws/install/rtabmap_msgs/lib/pkgconfig:/home/chaung/f_ws/install/rtabmap/lib/x86_64-linux-gnu/pkgconfig:/home/chaung/f_ws/install/rtabmap/lib/pkgconfig:${PKG_CONFIG_PATH} PYTHONPATH=/home/chaung/f_ws/install/rtabmap_msgs/lib/python3.8/site-packages:${PYTHONPATH} ROS_PACKAGE_PATH=/home/chaung/f_ws/install/rtabmap_msgs/share /usr/bin/cmake /home/chaung/f_ws/src/rtabmap_ros/rtabmap_odom -DCMAKE_INSTALL_PREFIX=/home/chaung/f_ws/install/rtabmap_odom
[3.579s] Invoking command in '/home/chaung/f_ws/build/rtabmap_odom': AMENT_PREFIX_PATH=/home/chaung/f_ws/install/rtabmap_util:/home/chaung/f_ws/install/rtabmap_conversions:${AMENT_PREFIX_PATH} CMAKE_PREFIX_PATH=/home/chaung/f_ws/install/rtabmap_util:/home/chaung/f_ws/install/rtabmap_conversions:/home/chaung/f_ws/install/openslam_gmapping:/home/chaung/f_ws/install/bno055:/opt/ros/foxy:/home/chaung/f_ws/install/rtabmap_msgs:/home/chaung/f_ws/install/rtabmap:${CMAKE_PREFIX_PATH} LD_LIBRARY_PATH=/home/chaung/f_ws/install/rtabmap_util/lib:/home/chaung/f_ws/install/rtabmap_conversions/lib:/home/chaung/f_ws/install/rtabmap_msgs/lib:/home/chaung/f_ws/install/rtabmap/lib:${LD_LIBRARY_PATH} PATH=/home/chaung/f_ws/install/rtabmap/bin:${PATH} PKG_CONFIG_PATH=/home/chaung/f_ws/install/rtabmap_msgs/lib/x86_64-linux-gnu/pkgconfig:/home/chaung/f_ws/install/rtabmap_msgs/lib/pkgconfig:/home/chaung/f_ws/install/rtabmap/lib/x86_64-linux-gnu/pkgconfig:/home/chaung/f_ws/install/rtabmap/lib/pkgconfig:${PKG_CONFIG_PATH} PYTHONPATH=/home/chaung/f_ws/install/rtabmap_msgs/lib/python3.8/site-packages:${PYTHONPATH} ROS_PACKAGE_PATH=/home/chaung/f_ws/install/rtabmap_msgs/share /usr/bin/cmake --build /home/chaung/f_ws/build/rtabmap_odom
[3.614s] [35m[1mScanning dependencies of target rtabmap_odom[0m
[3.689s] [  8%] [32mBuilding CXX object CMakeFiles/rtabmap_odom.dir/src/OdometryROS.cpp.o[0m
[18.737s] [ 16%] [32m[1mLinking CXX shared library librtabmap_odom.so[0m
[19.892s] [ 16%] Built target rtabmap_odom
[19.901s] [35m[1mScanning dependencies of target rtabmap_odom_plugins[0m
[19.997s] [ 33%] [32mBuilding CXX object CMakeFiles/rtabmap_odom_plugins.dir/src/nodelets/stereo_odometry.cpp.o[0m
[19.997s] [ 33%] [32mBuilding CXX object CMakeFiles/rtabmap_odom_plugins.dir/src/nodelets/rgbd_odometry.cpp.o[0m
[19.997s] [ 41%] [32mBuilding CXX object CMakeFiles/rtabmap_odom_plugins.dir/src/nodelets/icp_odometry.cpp.o[0m
[40.698s] [ 50%] [32m[1mLinking CXX shared library librtabmap_odom_plugins.so[0m
[44.245s] [ 50%] Built target rtabmap_odom_plugins
[44.254s] [35m[1mScanning dependencies of target rtabmap_icp_odometry[0m
[44.255s] [35m[1mScanning dependencies of target rtabmap_stereo_odometry[0m
[44.255s] [35m[1mScanning dependencies of target rtabmap_rgbd_odometry[0m
[44.327s] [ 66%] [32mBuilding CXX object CMakeFiles/rtabmap_icp_odometry.dir/src/ICPOdometryNode.cpp.o[0m
[44.328s] [ 66%] [32mBuilding CXX object CMakeFiles/rtabmap_stereo_odometry.dir/src/StereoOdometryNode.cpp.o[0m
[44.330s] [ 75%] [32mBuilding CXX object CMakeFiles/rtabmap_rgbd_odometry.dir/src/RGBDOdometryNode.cpp.o[0m
[51.383s] [ 83%] [32m[1mLinking CXX executable icp_odometry[0m
[51.569s] [ 91%] [32m[1mLinking CXX executable stereo_odometry[0m
[51.627s] [100%] [32m[1mLinking CXX executable rgbd_odometry[0m
[54.783s] [100%] Built target rtabmap_icp_odometry
[54.956s] [100%] Built target rtabmap_stereo_odometry
[55.002s] [100%] Built target rtabmap_rgbd_odometry
[55.012s] Invoked command in '/home/chaung/f_ws/build/rtabmap_odom' returned '0': AMENT_PREFIX_PATH=/home/chaung/f_ws/install/rtabmap_util:/home/chaung/f_ws/install/rtabmap_conversions:${AMENT_PREFIX_PATH} CMAKE_PREFIX_PATH=/home/chaung/f_ws/install/rtabmap_util:/home/chaung/f_ws/install/rtabmap_conversions:/home/chaung/f_ws/install/openslam_gmapping:/home/chaung/f_ws/install/bno055:/opt/ros/foxy:/home/chaung/f_ws/install/rtabmap_msgs:/home/chaung/f_ws/install/rtabmap:${CMAKE_PREFIX_PATH} LD_LIBRARY_PATH=/home/chaung/f_ws/install/rtabmap_util/lib:/home/chaung/f_ws/install/rtabmap_conversions/lib:/home/chaung/f_ws/install/rtabmap_msgs/lib:/home/chaung/f_ws/install/rtabmap/lib:${LD_LIBRARY_PATH} PATH=/home/chaung/f_ws/install/rtabmap/bin:${PATH} PKG_CONFIG_PATH=/home/chaung/f_ws/install/rtabmap_msgs/lib/x86_64-linux-gnu/pkgconfig:/home/chaung/f_ws/install/rtabmap_msgs/lib/pkgconfig:/home/chaung/f_ws/install/rtabmap/lib/x86_64-linux-gnu/pkgconfig:/home/chaung/f_ws/install/rtabmap/lib/pkgconfig:${PKG_CONFIG_PATH} PYTHONPATH=/home/chaung/f_ws/install/rtabmap_msgs/lib/python3.8/site-packages:${PYTHONPATH} ROS_PACKAGE_PATH=/home/chaung/f_ws/install/rtabmap_msgs/share /usr/bin/cmake --build /home/chaung/f_ws/build/rtabmap_odom
[55.040s] Invoking command in '/home/chaung/f_ws/build/rtabmap_odom': AMENT_PREFIX_PATH=/home/chaung/f_ws/install/rtabmap_util:/home/chaung/f_ws/install/rtabmap_conversions:${AMENT_PREFIX_PATH} CMAKE_PREFIX_PATH=/home/chaung/f_ws/install/rtabmap_util:/home/chaung/f_ws/install/rtabmap_conversions:/home/chaung/f_ws/install/openslam_gmapping:/home/chaung/f_ws/install/bno055:/opt/ros/foxy:/home/chaung/f_ws/install/rtabmap_msgs:/home/chaung/f_ws/install/rtabmap:${CMAKE_PREFIX_PATH} LD_LIBRARY_PATH=/home/chaung/f_ws/install/rtabmap_util/lib:/home/chaung/f_ws/install/rtabmap_conversions/lib:/home/chaung/f_ws/install/rtabmap_msgs/lib:/home/chaung/f_ws/install/rtabmap/lib:${LD_LIBRARY_PATH} PATH=/home/chaung/f_ws/install/rtabmap/bin:${PATH} PKG_CONFIG_PATH=/home/chaung/f_ws/install/rtabmap_msgs/lib/x86_64-linux-gnu/pkgconfig:/home/chaung/f_ws/install/rtabmap_msgs/lib/pkgconfig:/home/chaung/f_ws/install/rtabmap/lib/x86_64-linux-gnu/pkgconfig:/home/chaung/f_ws/install/rtabmap/lib/pkgconfig:${PKG_CONFIG_PATH} PYTHONPATH=/home/chaung/f_ws/install/rtabmap_msgs/lib/python3.8/site-packages:${PYTHONPATH} ROS_PACKAGE_PATH=/home/chaung/f_ws/install/rtabmap_msgs/share /usr/bin/cmake --install /home/chaung/f_ws/build/rtabmap_odom
[55.049s] -- Install configuration: ""
[55.049s] -- Installing: /home/chaung/f_ws/install/rtabmap_odom/share/rtabmap_odom/environment/library_path.sh
[55.050s] -- Installing: /home/chaung/f_ws/install/rtabmap_odom/share/rtabmap_odom/environment/library_path.dsv
[55.050s] -- Installing: /home/chaung/f_ws/install/rtabmap_odom/lib/librtabmap_odom.so
[55.055s] -- Set runtime path of "/home/chaung/f_ws/install/rtabmap_odom/lib/librtabmap_odom.so" to ""
[55.055s] -- Installing: /home/chaung/f_ws/install/rtabmap_odom/lib/librtabmap_odom_plugins.so
[55.067s] -- Set runtime path of "/home/chaung/f_ws/install/rtabmap_odom/lib/librtabmap_odom_plugins.so" to ""
[55.067s] -- Installing: /home/chaung/f_ws/install/rtabmap_odom/lib/rtabmap_odom/rgbd_odometry
[55.068s] -- Set runtime path of "/home/chaung/f_ws/install/rtabmap_odom/lib/rtabmap_odom/rgbd_odometry" to ""
[55.068s] -- Installing: /home/chaung/f_ws/install/rtabmap_odom/lib/rtabmap_odom/icp_odometry
[55.068s] -- Set runtime path of "/home/chaung/f_ws/install/rtabmap_odom/lib/rtabmap_odom/icp_odometry" to ""
[55.068s] -- Installing: /home/chaung/f_ws/install/rtabmap_odom/lib/rtabmap_odom/stereo_odometry
[55.069s] -- Set runtime path of "/home/chaung/f_ws/install/rtabmap_odom/lib/rtabmap_odom/stereo_odometry" to ""
[55.069s] -- Installing: /home/chaung/f_ws/install/rtabmap_odom/include
[55.069s] -- Installing: /home/chaung/f_ws/install/rtabmap_odom/include/rtabmap_odom
[55.069s] -- Installing: /home/chaung/f_ws/install/rtabmap_odom/include/rtabmap_odom/visibility.h
[55.069s] -- Installing: /home/chaung/f_ws/install/rtabmap_odom/include/rtabmap_odom/OdometryROS.h
[55.069s] -- Installing: /home/chaung/f_ws/install/rtabmap_odom/share/ament_index/resource_index/package_run_dependencies/rtabmap_odom
[55.069s] -- Installing: /home/chaung/f_ws/install/rtabmap_odom/share/ament_index/resource_index/parent_prefix_path/rtabmap_odom
[55.069s] -- Installing: /home/chaung/f_ws/install/rtabmap_odom/share/rtabmap_odom/environment/ament_prefix_path.sh
[55.069s] -- Installing: /home/chaung/f_ws/install/rtabmap_odom/share/rtabmap_odom/environment/ament_prefix_path.dsv
[55.070s] -- Installing: /home/chaung/f_ws/install/rtabmap_odom/share/rtabmap_odom/environment/path.sh
[55.070s] -- Installing: /home/chaung/f_ws/install/rtabmap_odom/share/rtabmap_odom/environment/path.dsv
[55.070s] -- Installing: /home/chaung/f_ws/install/rtabmap_odom/share/rtabmap_odom/local_setup.bash
[55.070s] -- Installing: /home/chaung/f_ws/install/rtabmap_odom/share/rtabmap_odom/local_setup.sh
[55.070s] -- Installing: /home/chaung/f_ws/install/rtabmap_odom/share/rtabmap_odom/local_setup.zsh
[55.070s] -- Installing: /home/chaung/f_ws/install/rtabmap_odom/share/rtabmap_odom/local_setup.dsv
[55.070s] -- Installing: /home/chaung/f_ws/install/rtabmap_odom/share/rtabmap_odom/package.dsv
[55.070s] -- Installing: /home/chaung/f_ws/install/rtabmap_odom/share/ament_index/resource_index/packages/rtabmap_odom
[55.070s] -- Installing: /home/chaung/f_ws/install/rtabmap_odom/share/ament_index/resource_index/rclcpp_components/rtabmap_odom
[55.070s] -- Installing: /home/chaung/f_ws/install/rtabmap_odom/share/rtabmap_odom/cmake/rtabmap_odomExport.cmake
[55.070s] -- Installing: /home/chaung/f_ws/install/rtabmap_odom/share/rtabmap_odom/cmake/rtabmap_odomExport-noconfig.cmake
[55.071s] -- Installing: /home/chaung/f_ws/install/rtabmap_odom/share/rtabmap_odom/cmake/ament_cmake_export_dependencies-extras.cmake
[55.071s] -- Installing: /home/chaung/f_ws/install/rtabmap_odom/share/rtabmap_odom/cmake/ament_cmake_export_include_directories-extras.cmake
[55.071s] -- Installing: /home/chaung/f_ws/install/rtabmap_odom/share/rtabmap_odom/cmake/ament_cmake_export_targets-extras.cmake
[55.071s] -- Installing: /home/chaung/f_ws/install/rtabmap_odom/share/rtabmap_odom/cmake/ament_cmake_export_libraries-extras.cmake
[55.071s] -- Installing: /home/chaung/f_ws/install/rtabmap_odom/share/rtabmap_odom/cmake/rtabmap_odomConfig.cmake
[55.071s] -- Installing: /home/chaung/f_ws/install/rtabmap_odom/share/rtabmap_odom/cmake/rtabmap_odomConfig-version.cmake
[55.071s] -- Installing: /home/chaung/f_ws/install/rtabmap_odom/share/rtabmap_odom/package.xml
[55.075s] Invoked command in '/home/chaung/f_ws/build/rtabmap_odom' returned '0': AMENT_PREFIX_PATH=/home/chaung/f_ws/install/rtabmap_util:/home/chaung/f_ws/install/rtabmap_conversions:${AMENT_PREFIX_PATH} CMAKE_PREFIX_PATH=/home/chaung/f_ws/install/rtabmap_util:/home/chaung/f_ws/install/rtabmap_conversions:/home/chaung/f_ws/install/openslam_gmapping:/home/chaung/f_ws/install/bno055:/opt/ros/foxy:/home/chaung/f_ws/install/rtabmap_msgs:/home/chaung/f_ws/install/rtabmap:${CMAKE_PREFIX_PATH} LD_LIBRARY_PATH=/home/chaung/f_ws/install/rtabmap_util/lib:/home/chaung/f_ws/install/rtabmap_conversions/lib:/home/chaung/f_ws/install/rtabmap_msgs/lib:/home/chaung/f_ws/install/rtabmap/lib:${LD_LIBRARY_PATH} PATH=/home/chaung/f_ws/install/rtabmap/bin:${PATH} PKG_CONFIG_PATH=/home/chaung/f_ws/install/rtabmap_msgs/lib/x86_64-linux-gnu/pkgconfig:/home/chaung/f_ws/install/rtabmap_msgs/lib/pkgconfig:/home/chaung/f_ws/install/rtabmap/lib/x86_64-linux-gnu/pkgconfig:/home/chaung/f_ws/install/rtabmap/lib/pkgconfig:${PKG_CONFIG_PATH} PYTHONPATH=/home/chaung/f_ws/install/rtabmap_msgs/lib/python3.8/site-packages:${PYTHONPATH} ROS_PACKAGE_PATH=/home/chaung/f_ws/install/rtabmap_msgs/share /usr/bin/cmake --install /home/chaung/f_ws/build/rtabmap_odom
