[0.020s] Invoking command in '/home/chaung/f_ws/build/rtabmap_sync': AMENT_PREFIX_PATH=/home/chaung/f_ws/install/rtabmap_conversions:${AMENT_PREFIX_PATH} CMAKE_PREFIX_PATH=/home/chaung/f_ws/install/rtabmap_conversions:/home/chaung/f_ws/install/openslam_gmapping:/home/chaung/f_ws/install/bno055:/opt/ros/foxy:/home/chaung/f_ws/install/rtabmap_msgs:/home/chaung/f_ws/install/rtabmap:${CMAKE_PREFIX_PATH} LD_LIBRARY_PATH=/home/chaung/f_ws/install/rtabmap_conversions/lib:/home/chaung/f_ws/install/rtabmap_msgs/lib:/home/chaung/f_ws/install/rtabmap/lib:${LD_LIBRARY_PATH} PATH=/home/chaung/f_ws/install/rtabmap/bin:${PATH} PKG_CONFIG_PATH=/home/chaung/f_ws/install/rtabmap_msgs/lib/x86_64-linux-gnu/pkgconfig:/home/chaung/f_ws/install/rtabmap_msgs/lib/pkgconfig:/home/chaung/f_ws/install/rtabmap/lib/x86_64-linux-gnu/pkgconfig:/home/chaung/f_ws/install/rtabmap/lib/pkgconfig:${PKG_CONFIG_PATH} PYTHONPATH=/home/chaung/f_ws/install/rtabmap_msgs/lib/python3.8/site-packages:${PYTHONPATH} ROS_PACKAGE_PATH=/home/chaung/f_ws/install/rtabmap_msgs/share /usr/bin/cmake /home/chaung/f_ws/src/rtabmap_ros/rtabmap_sync -DCMAKE_INSTALL_PREFIX=/home/chaung/f_ws/install/rtabmap_sync
[0.031s] -- Found cv_bridge: 3.0.7 (/opt/ros/foxy/share/cv_bridge/cmake)
[0.052s] -- Using PYTHON_EXECUTABLE: /usr/bin/python3
[0.182s] -- Override CMake install command with custom implementation using symlinks instead of copying resources
[0.214s] -- Using all available rosidl_typesupport_c: rosidl_typesupport_fastrtps_c;rosidl_typesupport_introspection_c
[0.216s] -- Found rosidl_adapter: 1.3.0 (/opt/ros/foxy/share/rosidl_adapter/cmake)
[0.306s] -- Using all available rosidl_typesupport_cpp: rosidl_typesupport_fastrtps_cpp;rosidl_typesupport_introspection_cpp
[0.436s] -- Found image_transport: 2.4.0 (/opt/ros/foxy/share/image_transport/cmake)
[0.465s] -- Found rmw_implementation_cmake: 1.0.4 (/opt/ros/foxy/share/rmw_implementation_cmake/cmake)
[0.466s] -- Using RMW implementation 'rmw_fastrtps_cpp' as default
[0.596s] -- Found nav_msgs: 2.0.5 (/opt/ros/foxy/share/nav_msgs/cmake)
[0.650s] -- Found rclcpp_components: 2.4.2 (/opt/ros/foxy/share/rclcpp_components/cmake)
[0.687s] -- Found rtabmap_conversions: 0.21.1 (/home/chaung/f_ws/install/rtabmap_conversions/share/rtabmap_conversions/cmake)
[1.296s] -- Eigen found (include: /usr/include/eigen3, version: 3.3.7)
[1.308s] -- OpenNI found (include: /usr/include/ni, lib: /usr/lib/libOpenNI.so)
[1.312s] -- OpenNI2 found (include: /usr/include/openni2, lib: /usr/lib/libOpenNI2.so)
[1.355s] -- The imported target "vtkParseOGLExt" references the file
[1.355s]    "/usr/bin/vtkParseOGLExt-7.1"
[1.355s] but this file does not exist.  Possible reasons include:
[1.355s] * The file was deleted, renamed, or moved to another location.
[1.355s] * An install or uninstall procedure did not complete successfully.
[1.355s] * The installation package was faulty and contained
[1.355s]    "/usr/lib/cmake/vtk-7.1/VTKTargets.cmake"
[1.355s] but not all the files it references.
[1.355s] 
[1.355s] -- The imported target "vtkRenderingPythonTkWidgets" references the file
[1.355s]    "/usr/lib/x86_64-linux-gnu/libvtkRenderingPythonTkWidgets.so"
[1.355s] but this file does not exist.  Possible reasons include:
[1.356s] * The file was deleted, renamed, or moved to another location.
[1.356s] * An install or uninstall procedure did not complete successfully.
[1.356s] * The installation package was faulty and contained
[1.356s]    "/usr/lib/cmake/vtk-7.1/VTKTargets.cmake"
[1.356s] but not all the files it references.
[1.356s] 
[1.356s] -- The imported target "vtk" references the file
[1.356s]    "/usr/bin/vtk"
[1.356s] but this file does not exist.  Possible reasons include:
[1.356s] * The file was deleted, renamed, or moved to another location.
[1.356s] * An install or uninstall procedure did not complete successfully.
[1.356s] * The installation package was faulty and contained
[1.356s]    "/usr/lib/cmake/vtk-7.1/VTKTargets.cmake"
[1.356s] but not all the files it references.
[1.356s] 
[1.356s] -- The imported target "pvtk" references the file
[1.357s]    "/usr/bin/pvtk"
[1.357s] but this file does not exist.  Possible reasons include:
[1.357s] * The file was deleted, renamed, or moved to another location.
[1.357s] * An install or uninstall procedure did not complete successfully.
[1.357s] * The installation package was faulty and contained
[1.357s]    "/usr/lib/cmake/vtk-7.1/VTKTargets.cmake"
[1.357s] but not all the files it references.
[1.357s] 
[1.385s] -- QHULL found (include: /usr/include, lib: optimized;/usr/lib/x86_64-linux-gnu/libqhull.so;debug;/usr/lib/x86_64-linux-gnu/libqhull.so)
[1.407s] -- OpenNI found (include: /usr/include/ni, lib: /usr/lib/libOpenNI.so)
[1.411s] -- OpenNI2 found (include: /usr/include/openni2, lib: /usr/lib/libOpenNI2.so)
[1.447s] -- RTABMAP_SYNC_MULTI_RGBD = OFF
[1.447s] -- RTABMAP_SYNC_USER_DATA  = OFF
[1.625s] -- Configuring done
[1.870s] -- Generating done
[1.872s] -- Build files have been written to: /home/chaung/f_ws/build/rtabmap_sync
