[0.013s] Invoking command in '/home/chaung/f_ws/build/rtabmap_odom': AMENT_PREFIX_PATH=/home/chaung/f_ws/install/rtabmap_util:/home/chaung/f_ws/install/rtabmap_conversions:${AMENT_PREFIX_PATH} CMAKE_PREFIX_PATH=/home/chaung/f_ws/install/rtabmap_util:/home/chaung/f_ws/install/rtabmap_conversions:/opt/ros/foxy:/home/chaung/f_ws/install/rtabmap_msgs:/home/chaung/f_ws/install/rtabmap LD_LIBRARY_PATH=/home/chaung/f_ws/install/rtabmap_util/lib:/home/chaung/f_ws/install/rtabmap_conversions/lib:/home/chaung/f_ws/install/rtabmap_msgs/lib:/home/chaung/f_ws/install/rtabmap/lib:${LD_LIBRARY_PATH} PATH=/home/chaung/f_ws/install/rtabmap/bin:${PATH} PKG_CONFIG_PATH=/home/chaung/f_ws/install/rtabmap_msgs/lib/x86_64-linux-gnu/pkgconfig:/home/chaung/f_ws/install/rtabmap_msgs/lib/pkgconfig:/home/chaung/f_ws/install/rtabmap/lib/x86_64-linux-gnu/pkgconfig:/home/chaung/f_ws/install/rtabmap/lib/pkgconfig PYTHONPATH=/home/chaung/f_ws/install/rtabmap_msgs/lib/python3.8/site-packages:${PYTHONPATH} ROS_PACKAGE_PATH=/home/chaung/f_ws/install/rtabmap_msgs/share /usr/bin/cmake /home/chaung/f_ws/src/rtabmap_ros/rtabmap_odom -DCMAKE_INSTALL_PREFIX=/home/chaung/f_ws/install/rtabmap_odom
[0.025s] -- Found ament_cmake_ros: 0.9.2 (/opt/ros/foxy/share/ament_cmake_ros/cmake)
[0.044s] -- Using PYTHON_EXECUTABLE: /usr/bin/python3
[0.174s] -- Override CMake install command with custom implementation using symlinks instead of copying resources
[0.182s] -- Found cv_bridge: 3.0.7 (/opt/ros/foxy/share/cv_bridge/cmake)
[0.208s] -- Using all available rosidl_typesupport_c: rosidl_typesupport_fastrtps_c;rosidl_typesupport_introspection_c
[0.211s] -- Found rosidl_adapter: 1.3.0 (/opt/ros/foxy/share/rosidl_adapter/cmake)
[0.300s] -- Using all available rosidl_typesupport_cpp: rosidl_typesupport_fastrtps_cpp;rosidl_typesupport_introspection_cpp
[0.432s] -- Found image_geometry: 3.0.7 (/opt/ros/foxy/share/image_geometry/cmake)
[0.434s] -- Found laser_geometry: 2.2.0 (/opt/ros/foxy/share/laser_geometry/cmake)
[0.438s] -- Found message_filters: 3.2.5 (/opt/ros/foxy/share/message_filters/cmake)
[0.439s] -- Found nav_msgs: 2.0.5 (/opt/ros/foxy/share/nav_msgs/cmake)
[0.493s] -- Found pcl_conversions: 2.2.1 (/opt/ros/foxy/share/pcl_conversions/cmake)
[0.621s] -- Found rmw_implementation_cmake: 1.0.4 (/opt/ros/foxy/share/rmw_implementation_cmake/cmake)
[0.622s] -- Using RMW implementation 'rmw_fastrtps_cpp' as default
[0.742s] -- Found pcl_ros: 2.2.1 (/opt/ros/foxy/share/pcl_ros/cmake)
[1.115s] -- Eigen found (include: /usr/include/eigen3, version: 3.3.7)
[1.183s] -- The imported target "vtkParseOGLExt" references the file
[1.183s]    "/usr/bin/vtkParseOGLExt-7.1"
[1.183s] but this file does not exist.  Possible reasons include:
[1.183s] * The file was deleted, renamed, or moved to another location.
[1.183s] * An install or uninstall procedure did not complete successfully.
[1.183s] * The installation package was faulty and contained
[1.183s]    "/usr/lib/cmake/vtk-7.1/VTKTargets.cmake"
[1.183s] but not all the files it references.
[1.183s] 
[1.183s] -- The imported target "vtkRenderingPythonTkWidgets" references the file
[1.183s]    "/usr/lib/x86_64-linux-gnu/libvtkRenderingPythonTkWidgets.so"
[1.183s] but this file does not exist.  Possible reasons include:
[1.183s] * The file was deleted, renamed, or moved to another location.
[1.184s] * An install or uninstall procedure did not complete successfully.
[1.184s] * The installation package was faulty and contained
[1.184s]    "/usr/lib/cmake/vtk-7.1/VTKTargets.cmake"
[1.184s] but not all the files it references.
[1.184s] 
[1.184s] -- The imported target "vtk" references the file
[1.184s]    "/usr/bin/vtk"
[1.184s] but this file does not exist.  Possible reasons include:
[1.184s] * The file was deleted, renamed, or moved to another location.
[1.184s] * An install or uninstall procedure did not complete successfully.
[1.184s] * The installation package was faulty and contained
[1.184s]    "/usr/lib/cmake/vtk-7.1/VTKTargets.cmake"
[1.184s] but not all the files it references.
[1.184s] 
[1.184s] -- The imported target "pvtk" references the file
[1.184s]    "/usr/bin/pvtk"
[1.185s] but this file does not exist.  Possible reasons include:
[1.185s] * The file was deleted, renamed, or moved to another location.
[1.185s] * An install or uninstall procedure did not complete successfully.
[1.185s] * The installation package was faulty and contained
[1.185s]    "/usr/lib/cmake/vtk-7.1/VTKTargets.cmake"
[1.185s] but not all the files it references.
[1.185s] 
[1.201s] -- OpenNI found (include: /usr/include/ni, lib: /usr/lib/libOpenNI.so)
[1.205s] -- OpenNI2 found (include: /usr/include/openni2, lib: /usr/lib/libOpenNI2.so)
[1.221s] -- OpenNI found (include: /usr/include/ni, lib: /usr/lib/libOpenNI.so)
[1.225s] -- OpenNI2 found (include: /usr/include/openni2, lib: /usr/lib/libOpenNI2.so)
[1.236s] -- QHULL found (include: /usr/include, lib: optimized;/usr/lib/x86_64-linux-gnu/libqhull.so;debug;/usr/lib/x86_64-linux-gnu/libqhull.so)
[1.241s] -- OpenNI found (include: /usr/include/ni, lib: /usr/lib/libOpenNI.so)
[1.462s] -- Found pluginlib: 2.5.4 (/opt/ros/foxy/share/pluginlib/cmake)
[1.475s] -- Found rtabmap_conversions: 0.21.1 (/home/chaung/f_ws/install/rtabmap_conversions/share/rtabmap_conversions/cmake)
[1.734s] -- Found rtabmap_util: 0.21.1 (/home/chaung/f_ws/install/rtabmap_util/share/rtabmap_util/cmake)
[2.395s] -- Configuring done
[2.427s] CMake Warning at CMakeLists.txt:65 (add_library):
[2.427s]   Cannot generate a safe runtime search path for target rtabmap_odom because
[2.427s]   files in some directories may conflict with libraries in implicit
[2.427s]   directories:
[2.427s] 
[2.427s]     runtime library [liboctomap.so.1.9] in /usr/lib/x86_64-linux-gnu may be hidden by files in:
[2.427s]       /opt/ros/foxy/lib
[2.428s]     runtime library [liboctomath.so.1.9] in /usr/lib/x86_64-linux-gnu may be hidden by files in:
[2.428s]       /opt/ros/foxy/lib
[2.428s] 
[2.428s]   Some of these libraries may not be found correctly.
[2.428s] 
[2.428s] 
[2.469s] CMake Warning at CMakeLists.txt:71 (add_library):
[2.469s]   Cannot generate a safe runtime search path for target rtabmap_odom_plugins
[2.469s]   because files in some directories may conflict with libraries in implicit
[2.469s]   directories:
[2.469s] 
[2.469s]     runtime library [liboctomap.so.1.9] in /usr/lib/x86_64-linux-gnu may be hidden by files in:
[2.469s]       /opt/ros/foxy/lib
[2.470s]     runtime library [liboctomath.so.1.9] in /usr/lib/x86_64-linux-gnu may be hidden by files in:
[2.470s]       /opt/ros/foxy/lib
[2.470s] 
[2.470s]   Some of these libraries may not be found correctly.
[2.470s] 
[2.470s] 
[2.515s] CMake Warning at CMakeLists.txt:83 (add_executable):
[2.515s]   Cannot generate a safe runtime search path for target rtabmap_rgbd_odometry
[2.515s]   because files in some directories may conflict with libraries in implicit
[2.515s]   directories:
[2.515s] 
[2.515s]     runtime library [liboctomap.so.1.9] in /usr/lib/x86_64-linux-gnu may be hidden by files in:
[2.515s]       /opt/ros/foxy/lib
[2.515s]     runtime library [liboctomath.so.1.9] in /usr/lib/x86_64-linux-gnu may be hidden by files in:
[2.515s]       /opt/ros/foxy/lib
[2.515s] 
[2.515s]   Some of these libraries may not be found correctly.
[2.516s] 
[2.516s] 
[2.559s] CMake Warning at CMakeLists.txt:93 (add_executable):
[2.559s]   Cannot generate a safe runtime search path for target rtabmap_icp_odometry
[2.559s]   because files in some directories may conflict with libraries in implicit
[2.559s]   directories:
[2.559s] 
[2.559s]     runtime library [liboctomap.so.1.9] in /usr/lib/x86_64-linux-gnu may be hidden by files in:
[2.559s]       /opt/ros/foxy/lib
[2.559s]     runtime library [liboctomath.so.1.9] in /usr/lib/x86_64-linux-gnu may be hidden by files in:
[2.559s]       /opt/ros/foxy/lib
[2.559s] 
[2.559s]   Some of these libraries may not be found correctly.
[2.559s] 
[2.559s] 
[2.603s] CMake Warning at CMakeLists.txt:88 (add_executable):
[2.603s]   Cannot generate a safe runtime search path for target
[2.603s]   rtabmap_stereo_odometry because files in some directories may conflict with
[2.603s]   libraries in implicit directories:
[2.603s] 
[2.603s]     runtime library [liboctomap.so.1.9] in /usr/lib/x86_64-linux-gnu may be hidden by files in:
[2.604s]       /opt/ros/foxy/lib
[2.604s]     runtime library [liboctomath.so.1.9] in /usr/lib/x86_64-linux-gnu may be hidden by files in:
[2.604s]       /opt/ros/foxy/lib
[2.604s] 
[2.604s]   Some of these libraries may not be found correctly.
[2.604s] 
[2.604s] 
[2.628s] -- Generating done
[2.630s] -- Build files have been written to: /home/chaung/f_ws/build/rtabmap_odom
[2.640s] Invoked command in '/home/chaung/f_ws/build/rtabmap_odom' returned '0': AMENT_PREFIX_PATH=/home/chaung/f_ws/install/rtabmap_util:/home/chaung/f_ws/install/rtabmap_conversions:${AMENT_PREFIX_PATH} CMAKE_PREFIX_PATH=/home/chaung/f_ws/install/rtabmap_util:/home/chaung/f_ws/install/rtabmap_conversions:/opt/ros/foxy:/home/chaung/f_ws/install/rtabmap_msgs:/home/chaung/f_ws/install/rtabmap LD_LIBRARY_PATH=/home/chaung/f_ws/install/rtabmap_util/lib:/home/chaung/f_ws/install/rtabmap_conversions/lib:/home/chaung/f_ws/install/rtabmap_msgs/lib:/home/chaung/f_ws/install/rtabmap/lib:${LD_LIBRARY_PATH} PATH=/home/chaung/f_ws/install/rtabmap/bin:${PATH} PKG_CONFIG_PATH=/home/chaung/f_ws/install/rtabmap_msgs/lib/x86_64-linux-gnu/pkgconfig:/home/chaung/f_ws/install/rtabmap_msgs/lib/pkgconfig:/home/chaung/f_ws/install/rtabmap/lib/x86_64-linux-gnu/pkgconfig:/home/chaung/f_ws/install/rtabmap/lib/pkgconfig PYTHONPATH=/home/chaung/f_ws/install/rtabmap_msgs/lib/python3.8/site-packages:${PYTHONPATH} ROS_PACKAGE_PATH=/home/chaung/f_ws/install/rtabmap_msgs/share /usr/bin/cmake /home/chaung/f_ws/src/rtabmap_ros/rtabmap_odom -DCMAKE_INSTALL_PREFIX=/home/chaung/f_ws/install/rtabmap_odom
[2.642s] Invoking command in '/home/chaung/f_ws/build/rtabmap_odom': AMENT_PREFIX_PATH=/home/chaung/f_ws/install/rtabmap_util:/home/chaung/f_ws/install/rtabmap_conversions:${AMENT_PREFIX_PATH} CMAKE_PREFIX_PATH=/home/chaung/f_ws/install/rtabmap_util:/home/chaung/f_ws/install/rtabmap_conversions:/opt/ros/foxy:/home/chaung/f_ws/install/rtabmap_msgs:/home/chaung/f_ws/install/rtabmap LD_LIBRARY_PATH=/home/chaung/f_ws/install/rtabmap_util/lib:/home/chaung/f_ws/install/rtabmap_conversions/lib:/home/chaung/f_ws/install/rtabmap_msgs/lib:/home/chaung/f_ws/install/rtabmap/lib:${LD_LIBRARY_PATH} PATH=/home/chaung/f_ws/install/rtabmap/bin:${PATH} PKG_CONFIG_PATH=/home/chaung/f_ws/install/rtabmap_msgs/lib/x86_64-linux-gnu/pkgconfig:/home/chaung/f_ws/install/rtabmap_msgs/lib/pkgconfig:/home/chaung/f_ws/install/rtabmap/lib/x86_64-linux-gnu/pkgconfig:/home/chaung/f_ws/install/rtabmap/lib/pkgconfig PYTHONPATH=/home/chaung/f_ws/install/rtabmap_msgs/lib/python3.8/site-packages:${PYTHONPATH} ROS_PACKAGE_PATH=/home/chaung/f_ws/install/rtabmap_msgs/share /usr/bin/cmake --build /home/chaung/f_ws/build/rtabmap_odom -- -j12 -l12
[2.715s] [ 16%] Built target rtabmap_odom
[2.766s] [ 50%] Built target rtabmap_odom_plugins
[2.800s] [ 83%] Built target rtabmap_stereo_odometry
[2.800s] [ 83%] Built target rtabmap_icp_odometry
[2.803s] [100%] Built target rtabmap_rgbd_odometry
[2.811s] Invoked command in '/home/chaung/f_ws/build/rtabmap_odom' returned '0': AMENT_PREFIX_PATH=/home/chaung/f_ws/install/rtabmap_util:/home/chaung/f_ws/install/rtabmap_conversions:${AMENT_PREFIX_PATH} CMAKE_PREFIX_PATH=/home/chaung/f_ws/install/rtabmap_util:/home/chaung/f_ws/install/rtabmap_conversions:/opt/ros/foxy:/home/chaung/f_ws/install/rtabmap_msgs:/home/chaung/f_ws/install/rtabmap LD_LIBRARY_PATH=/home/chaung/f_ws/install/rtabmap_util/lib:/home/chaung/f_ws/install/rtabmap_conversions/lib:/home/chaung/f_ws/install/rtabmap_msgs/lib:/home/chaung/f_ws/install/rtabmap/lib:${LD_LIBRARY_PATH} PATH=/home/chaung/f_ws/install/rtabmap/bin:${PATH} PKG_CONFIG_PATH=/home/chaung/f_ws/install/rtabmap_msgs/lib/x86_64-linux-gnu/pkgconfig:/home/chaung/f_ws/install/rtabmap_msgs/lib/pkgconfig:/home/chaung/f_ws/install/rtabmap/lib/x86_64-linux-gnu/pkgconfig:/home/chaung/f_ws/install/rtabmap/lib/pkgconfig PYTHONPATH=/home/chaung/f_ws/install/rtabmap_msgs/lib/python3.8/site-packages:${PYTHONPATH} ROS_PACKAGE_PATH=/home/chaung/f_ws/install/rtabmap_msgs/share /usr/bin/cmake --build /home/chaung/f_ws/build/rtabmap_odom -- -j12 -l12
[2.839s] Invoking command in '/home/chaung/f_ws/build/rtabmap_odom': AMENT_PREFIX_PATH=/home/chaung/f_ws/install/rtabmap_util:/home/chaung/f_ws/install/rtabmap_conversions:${AMENT_PREFIX_PATH} CMAKE_PREFIX_PATH=/home/chaung/f_ws/install/rtabmap_util:/home/chaung/f_ws/install/rtabmap_conversions:/opt/ros/foxy:/home/chaung/f_ws/install/rtabmap_msgs:/home/chaung/f_ws/install/rtabmap LD_LIBRARY_PATH=/home/chaung/f_ws/install/rtabmap_util/lib:/home/chaung/f_ws/install/rtabmap_conversions/lib:/home/chaung/f_ws/install/rtabmap_msgs/lib:/home/chaung/f_ws/install/rtabmap/lib:${LD_LIBRARY_PATH} PATH=/home/chaung/f_ws/install/rtabmap/bin:${PATH} PKG_CONFIG_PATH=/home/chaung/f_ws/install/rtabmap_msgs/lib/x86_64-linux-gnu/pkgconfig:/home/chaung/f_ws/install/rtabmap_msgs/lib/pkgconfig:/home/chaung/f_ws/install/rtabmap/lib/x86_64-linux-gnu/pkgconfig:/home/chaung/f_ws/install/rtabmap/lib/pkgconfig PYTHONPATH=/home/chaung/f_ws/install/rtabmap_msgs/lib/python3.8/site-packages:${PYTHONPATH} ROS_PACKAGE_PATH=/home/chaung/f_ws/install/rtabmap_msgs/share /usr/bin/cmake --install /home/chaung/f_ws/build/rtabmap_odom
[2.847s] -- Install configuration: ""
[2.848s] -- Execute custom install script
[2.849s] -- Up-to-date symlink: /home/chaung/f_ws/install/rtabmap_odom/share/rtabmap_odom/environment/library_path.sh
[2.850s] -- Up-to-date symlink: /home/chaung/f_ws/install/rtabmap_odom/share/rtabmap_odom/environment/library_path.dsv
[2.851s] -- Up-to-date symlink: /home/chaung/f_ws/install/rtabmap_odom/lib/rtabmap_odom/rgbd_odometry
[2.851s] -- Up-to-date symlink: /home/chaung/f_ws/install/rtabmap_odom/lib/rtabmap_odom/icp_odometry
[2.852s] -- Up-to-date symlink: /home/chaung/f_ws/install/rtabmap_odom/lib/rtabmap_odom/stereo_odometry
[2.852s] -- Up-to-date symlink: /home/chaung/f_ws/install/rtabmap_odom/share/ament_index/resource_index/package_run_dependencies/rtabmap_odom
[2.852s] -- Up-to-date symlink: /home/chaung/f_ws/install/rtabmap_odom/share/ament_index/resource_index/parent_prefix_path/rtabmap_odom
[2.852s] -- Up-to-date symlink: /home/chaung/f_ws/install/rtabmap_odom/share/rtabmap_odom/environment/ament_prefix_path.sh
[2.852s] -- Up-to-date symlink: /home/chaung/f_ws/install/rtabmap_odom/share/rtabmap_odom/environment/ament_prefix_path.dsv
[2.853s] -- Up-to-date symlink: /home/chaung/f_ws/install/rtabmap_odom/share/rtabmap_odom/environment/path.sh
[2.853s] -- Up-to-date symlink: /home/chaung/f_ws/install/rtabmap_odom/share/rtabmap_odom/environment/path.dsv
[2.853s] -- Up-to-date symlink: /home/chaung/f_ws/install/rtabmap_odom/share/rtabmap_odom/local_setup.bash
[2.853s] -- Up-to-date symlink: /home/chaung/f_ws/install/rtabmap_odom/share/rtabmap_odom/local_setup.sh
[2.854s] -- Up-to-date symlink: /home/chaung/f_ws/install/rtabmap_odom/share/rtabmap_odom/local_setup.zsh
[2.854s] -- Up-to-date symlink: /home/chaung/f_ws/install/rtabmap_odom/share/rtabmap_odom/local_setup.dsv
[2.854s] -- Symlinking: /home/chaung/f_ws/install/rtabmap_odom/share/rtabmap_odom/package.dsv
[2.866s] -- Up-to-date symlink: /home/chaung/f_ws/install/rtabmap_odom/share/ament_index/resource_index/packages/rtabmap_odom
[2.867s] -- Up-to-date symlink: /home/chaung/f_ws/install/rtabmap_odom/share/ament_index/resource_index/rclcpp_components/rtabmap_odom
[2.869s] -- Up-to-date symlink: /home/chaung/f_ws/install/rtabmap_odom/share/rtabmap_odom/cmake/ament_cmake_export_dependencies-extras.cmake
[2.869s] -- Up-to-date symlink: /home/chaung/f_ws/install/rtabmap_odom/share/rtabmap_odom/cmake/ament_cmake_export_include_directories-extras.cmake
[2.870s] -- Up-to-date symlink: /home/chaung/f_ws/install/rtabmap_odom/share/rtabmap_odom/cmake/ament_cmake_export_targets-extras.cmake
[2.870s] -- Up-to-date symlink: /home/chaung/f_ws/install/rtabmap_odom/share/rtabmap_odom/cmake/ament_cmake_export_libraries-extras.cmake
[2.871s] -- Up-to-date symlink: /home/chaung/f_ws/install/rtabmap_odom/share/rtabmap_odom/cmake/rtabmap_odomConfig.cmake
[2.871s] -- Up-to-date symlink: /home/chaung/f_ws/install/rtabmap_odom/share/rtabmap_odom/cmake/rtabmap_odomConfig-version.cmake
[2.871s] -- Up-to-date symlink: /home/chaung/f_ws/install/rtabmap_odom/share/rtabmap_odom/package.xml
[2.871s] -- Up-to-date: /home/chaung/f_ws/install/rtabmap_odom/lib/librtabmap_odom.so
[2.871s] -- Up-to-date: /home/chaung/f_ws/install/rtabmap_odom/lib/librtabmap_odom_plugins.so
[2.871s] -- Up-to-date: /home/chaung/f_ws/install/rtabmap_odom/include
[2.871s] -- Up-to-date: /home/chaung/f_ws/install/rtabmap_odom/include/rtabmap_odom
[2.871s] -- Up-to-date: /home/chaung/f_ws/install/rtabmap_odom/include/rtabmap_odom/visibility.h
[2.871s] -- Up-to-date: /home/chaung/f_ws/install/rtabmap_odom/include/rtabmap_odom/OdometryROS.h
[2.871s] -- Up-to-date: /home/chaung/f_ws/install/rtabmap_odom/share/rtabmap_odom/cmake/rtabmap_odomExport.cmake
[2.871s] -- Installing: /home/chaung/f_ws/install/rtabmap_odom/share/rtabmap_odom/cmake/rtabmap_odomExport-noconfig.cmake
[2.874s] Invoked command in '/home/chaung/f_ws/build/rtabmap_odom' returned '0': AMENT_PREFIX_PATH=/home/chaung/f_ws/install/rtabmap_util:/home/chaung/f_ws/install/rtabmap_conversions:${AMENT_PREFIX_PATH} CMAKE_PREFIX_PATH=/home/chaung/f_ws/install/rtabmap_util:/home/chaung/f_ws/install/rtabmap_conversions:/opt/ros/foxy:/home/chaung/f_ws/install/rtabmap_msgs:/home/chaung/f_ws/install/rtabmap LD_LIBRARY_PATH=/home/chaung/f_ws/install/rtabmap_util/lib:/home/chaung/f_ws/install/rtabmap_conversions/lib:/home/chaung/f_ws/install/rtabmap_msgs/lib:/home/chaung/f_ws/install/rtabmap/lib:${LD_LIBRARY_PATH} PATH=/home/chaung/f_ws/install/rtabmap/bin:${PATH} PKG_CONFIG_PATH=/home/chaung/f_ws/install/rtabmap_msgs/lib/x86_64-linux-gnu/pkgconfig:/home/chaung/f_ws/install/rtabmap_msgs/lib/pkgconfig:/home/chaung/f_ws/install/rtabmap/lib/x86_64-linux-gnu/pkgconfig:/home/chaung/f_ws/install/rtabmap/lib/pkgconfig PYTHONPATH=/home/chaung/f_ws/install/rtabmap_msgs/lib/python3.8/site-packages:${PYTHONPATH} ROS_PACKAGE_PATH=/home/chaung/f_ws/install/rtabmap_msgs/share /usr/bin/cmake --install /home/chaung/f_ws/build/rtabmap_odom
