[0.016s] Invoking command in '/home/chaung/f_ws/build/rtabmap_viz': CMAKE_PREFIX_PATH=/home/chaung/f_ws/install/rtabmap_sync:/home/chaung/f_ws/install/rtabmap_conversions:/home/chaung/f_ws/install/rtabmap_python:/home/chaung/f_ws/install/bno055:/opt/ros/foxy:/home/chaung/f_ws/install/rtabmap_msgs:/home/chaung/f_ws/install/rtabmap:/home/chaung/f_ws/install/sllidar_ros2:/home/chaung/f_ws/install/slam_gmapping:/home/chaung/f_ws/install/rtabmap_ros:/home/chaung/f_ws/install/rtabmap_launch:/home/chaung/f_ws/install/rtabmap_examples:/home/chaung/f_ws/install/rtabmap_demos:/home/chaung/f_ws/install/rtabmap_viz:/home/chaung/f_ws/install/rtabmap_slam:/home/chaung/f_ws/install/rtabmap_odom:/home/chaung/f_ws/install/rtabmap_util:/home/chaung/f_ws/install/rtabmap_rviz_plugins:/home/chaung/f_ws/install/openslam_gmapping:/home/chaung/f_ws/install/hls_lfcd_lds_driver:/home/chaung/f_ws/install/dynamixel_sdk_examples:/home/chaung/f_ws/install/dynamixel_sdk_custom_interfaces:/home/chaung/f_ws/install/dynamixel_sdk LD_LIBRARY_PATH=/home/chaung/f_ws/install/rtabmap_sync/lib:/home/chaung/f_ws/install/rtabmap_conversions/lib:/home/chaung/f_ws/install/rtabmap_msgs/lib:/home/chaung/f_ws/install/rtabmap/lib:/home/chaung/f_ws/install/rtabmap_slam/lib:/home/chaung/f_ws/install/rtabmap_odom/lib:/home/chaung/f_ws/install/rtabmap_util/lib:/home/chaung/f_ws/install/rtabmap_rviz_plugins/lib:/home/chaung/f_ws/install/openslam_gmapping/lib:/home/chaung/f_ws/install/dynamixel_sdk_custom_interfaces/lib:/home/chaung/f_ws/install/dynamixel_sdk/lib:/usr/lib/x86_64-linux-gnu/gazebo-11/plugins:/opt/ros/foxy/opt/yaml_cpp_vendor/lib:/opt/ros/foxy/opt/rviz_ogre_vendor/lib:/opt/ros/foxy/lib/x86_64-linux-gnu:/opt/ros/foxy/lib PYTHONPATH=/home/chaung/f_ws/install/rtabmap_msgs/lib/python3.8/site-packages:/home/chaung/f_ws/install/rtabmap_python/lib/python3.8/site-packages:/home/chaung/f_ws/install/dynamixel_sdk_custom_interfaces/lib/python3.8/site-packages:/home/chaung/f_ws/install/bno055/lib/python3.8/site-packages:/opt/ros/foxy/lib/python3.8/site-packages /usr/bin/cmake /home/chaung/f_ws/src/rtabmap_ros/rtabmap_viz -DAMENT_CMAKE_SYMLINK_INSTALL=1 -DCMAKE_INSTALL_PREFIX=/home/chaung/f_ws/install/rtabmap_viz
[0.028s] -- Found ament_cmake: 0.9.11 (/opt/ros/foxy/share/ament_cmake/cmake)
[0.048s] -- Using PYTHON_EXECUTABLE: /usr/bin/python3
[0.178s] -- Override CMake install command with custom implementation using symlinks instead of copying resources
[0.184s] -- Found cv_bridge: 3.0.7 (/opt/ros/foxy/share/cv_bridge/cmake)
[0.211s] -- Using all available rosidl_typesupport_c: rosidl_typesupport_fastrtps_c;rosidl_typesupport_introspection_c
[0.213s] -- Found rosidl_adapter: 1.3.0 (/opt/ros/foxy/share/rosidl_adapter/cmake)
[0.300s] -- Using all available rosidl_typesupport_cpp: rosidl_typesupport_fastrtps_cpp;rosidl_typesupport_introspection_cpp
[0.427s] -- Found rclcpp: 2.4.2 (/opt/ros/foxy/share/rclcpp/cmake)
[0.453s] -- Found rmw_implementation_cmake: 1.0.4 (/opt/ros/foxy/share/rmw_implementation_cmake/cmake)
[0.454s] -- Using RMW implementation 'rmw_fastrtps_cpp' as default
[0.553s] -- Found std_srvs: 2.0.5 (/opt/ros/foxy/share/std_srvs/cmake)
[0.560s] -- Found nav_msgs: 2.0.5 (/opt/ros/foxy/share/nav_msgs/cmake)
[0.613s] -- Found rtabmap_msgs: 0.21.1 (/home/chaung/f_ws/install/rtabmap_msgs/share/rtabmap_msgs/cmake)
[0.717s] -- Found rtabmap_sync: 0.21.1 (/home/chaung/f_ws/install/rtabmap_sync/share/rtabmap_sync/cmake)
[1.306s] -- Eigen found (include: /usr/include/eigen3, version: 3.3.7)
[1.319s] -- OpenNI found (include: /usr/include/ni, lib: /usr/lib/libOpenNI.so)
[1.323s] -- OpenNI2 found (include: /usr/include/openni2, lib: /usr/lib/libOpenNI2.so)
[1.364s] -- The imported target "vtkParseOGLExt" references the file
[1.364s]    "/usr/bin/vtkParseOGLExt-7.1"
[1.364s] but this file does not exist.  Possible reasons include:
[1.364s] * The file was deleted, renamed, or moved to another location.
[1.364s] * An install or uninstall procedure did not complete successfully.
[1.364s] * The installation package was faulty and contained
[1.364s]    "/usr/lib/cmake/vtk-7.1/VTKTargets.cmake"
[1.364s] but not all the files it references.
[1.364s] 
[1.364s] -- The imported target "vtkRenderingPythonTkWidgets" references the file
[1.364s]    "/usr/lib/x86_64-linux-gnu/libvtkRenderingPythonTkWidgets.so"
[1.364s] but this file does not exist.  Possible reasons include:
[1.365s] * The file was deleted, renamed, or moved to another location.
[1.365s] * An install or uninstall procedure did not complete successfully.
[1.365s] * The installation package was faulty and contained
[1.365s]    "/usr/lib/cmake/vtk-7.1/VTKTargets.cmake"
[1.365s] but not all the files it references.
[1.365s] 
[1.365s] -- The imported target "vtk" references the file
[1.365s]    "/usr/bin/vtk"
[1.365s] but this file does not exist.  Possible reasons include:
[1.365s] * The file was deleted, renamed, or moved to another location.
[1.365s] * An install or uninstall procedure did not complete successfully.
[1.365s] * The installation package was faulty and contained
[1.365s]    "/usr/lib/cmake/vtk-7.1/VTKTargets.cmake"
[1.365s] but not all the files it references.
[1.366s] 
[1.366s] -- The imported target "pvtk" references the file
[1.366s]    "/usr/bin/pvtk"
[1.366s] but this file does not exist.  Possible reasons include:
[1.366s] * The file was deleted, renamed, or moved to another location.
[1.366s] * An install or uninstall procedure did not complete successfully.
[1.366s] * The installation package was faulty and contained
[1.366s]    "/usr/lib/cmake/vtk-7.1/VTKTargets.cmake"
[1.366s] but not all the files it references.
[1.366s] 
[1.391s] -- QHULL found (include: /usr/include, lib: optimized;/usr/lib/x86_64-linux-gnu/libqhull.so;debug;/usr/lib/x86_64-linux-gnu/libqhull.so)
[1.414s] -- OpenNI found (include: /usr/include/ni, lib: /usr/lib/libOpenNI.so)
[1.418s] -- OpenNI2 found (include: /usr/include/openni2, lib: /usr/lib/libOpenNI2.so)
[1.634s] -- Configuring done
[1.660s] CMake Warning at CMakeLists.txt:40 (add_executable):
[1.660s]   Cannot generate a safe runtime search path for target rtabmap_viz because
[1.660s]   files in some directories may conflict with libraries in implicit
[1.660s]   directories:
[1.660s] 
[1.660s]     runtime library [liboctomap.so.1.9] in /usr/lib/x86_64-linux-gnu may be hidden by files in:
[1.660s]       /opt/ros/foxy/lib
[1.660s]     runtime library [liboctomath.so.1.9] in /usr/lib/x86_64-linux-gnu may be hidden by files in:
[1.660s]       /opt/ros/foxy/lib
[1.660s] 
[1.660s]   Some of these libraries may not be found correctly.
[1.660s] 
[1.660s] 
[1.679s] -- Generating done
[1.681s] -- Build files have been written to: /home/chaung/f_ws/build/rtabmap_viz
[1.690s] Invoked command in '/home/chaung/f_ws/build/rtabmap_viz' returned '0': CMAKE_PREFIX_PATH=/home/chaung/f_ws/install/rtabmap_sync:/home/chaung/f_ws/install/rtabmap_conversions:/home/chaung/f_ws/install/rtabmap_python:/home/chaung/f_ws/install/bno055:/opt/ros/foxy:/home/chaung/f_ws/install/rtabmap_msgs:/home/chaung/f_ws/install/rtabmap:/home/chaung/f_ws/install/sllidar_ros2:/home/chaung/f_ws/install/slam_gmapping:/home/chaung/f_ws/install/rtabmap_ros:/home/chaung/f_ws/install/rtabmap_launch:/home/chaung/f_ws/install/rtabmap_examples:/home/chaung/f_ws/install/rtabmap_demos:/home/chaung/f_ws/install/rtabmap_viz:/home/chaung/f_ws/install/rtabmap_slam:/home/chaung/f_ws/install/rtabmap_odom:/home/chaung/f_ws/install/rtabmap_util:/home/chaung/f_ws/install/rtabmap_rviz_plugins:/home/chaung/f_ws/install/openslam_gmapping:/home/chaung/f_ws/install/hls_lfcd_lds_driver:/home/chaung/f_ws/install/dynamixel_sdk_examples:/home/chaung/f_ws/install/dynamixel_sdk_custom_interfaces:/home/chaung/f_ws/install/dynamixel_sdk LD_LIBRARY_PATH=/home/chaung/f_ws/install/rtabmap_sync/lib:/home/chaung/f_ws/install/rtabmap_conversions/lib:/home/chaung/f_ws/install/rtabmap_msgs/lib:/home/chaung/f_ws/install/rtabmap/lib:/home/chaung/f_ws/install/rtabmap_slam/lib:/home/chaung/f_ws/install/rtabmap_odom/lib:/home/chaung/f_ws/install/rtabmap_util/lib:/home/chaung/f_ws/install/rtabmap_rviz_plugins/lib:/home/chaung/f_ws/install/openslam_gmapping/lib:/home/chaung/f_ws/install/dynamixel_sdk_custom_interfaces/lib:/home/chaung/f_ws/install/dynamixel_sdk/lib:/usr/lib/x86_64-linux-gnu/gazebo-11/plugins:/opt/ros/foxy/opt/yaml_cpp_vendor/lib:/opt/ros/foxy/opt/rviz_ogre_vendor/lib:/opt/ros/foxy/lib/x86_64-linux-gnu:/opt/ros/foxy/lib PYTHONPATH=/home/chaung/f_ws/install/rtabmap_msgs/lib/python3.8/site-packages:/home/chaung/f_ws/install/rtabmap_python/lib/python3.8/site-packages:/home/chaung/f_ws/install/dynamixel_sdk_custom_interfaces/lib/python3.8/site-packages:/home/chaung/f_ws/install/bno055/lib/python3.8/site-packages:/opt/ros/foxy/lib/python3.8/site-packages /usr/bin/cmake /home/chaung/f_ws/src/rtabmap_ros/rtabmap_viz -DAMENT_CMAKE_SYMLINK_INSTALL=1 -DCMAKE_INSTALL_PREFIX=/home/chaung/f_ws/install/rtabmap_viz
[1.692s] Invoking command in '/home/chaung/f_ws/build/rtabmap_viz': CMAKE_PREFIX_PATH=/home/chaung/f_ws/install/rtabmap_sync:/home/chaung/f_ws/install/rtabmap_conversions:/home/chaung/f_ws/install/rtabmap_python:/home/chaung/f_ws/install/bno055:/opt/ros/foxy:/home/chaung/f_ws/install/rtabmap_msgs:/home/chaung/f_ws/install/rtabmap:/home/chaung/f_ws/install/sllidar_ros2:/home/chaung/f_ws/install/slam_gmapping:/home/chaung/f_ws/install/rtabmap_ros:/home/chaung/f_ws/install/rtabmap_launch:/home/chaung/f_ws/install/rtabmap_examples:/home/chaung/f_ws/install/rtabmap_demos:/home/chaung/f_ws/install/rtabmap_viz:/home/chaung/f_ws/install/rtabmap_slam:/home/chaung/f_ws/install/rtabmap_odom:/home/chaung/f_ws/install/rtabmap_util:/home/chaung/f_ws/install/rtabmap_rviz_plugins:/home/chaung/f_ws/install/openslam_gmapping:/home/chaung/f_ws/install/hls_lfcd_lds_driver:/home/chaung/f_ws/install/dynamixel_sdk_examples:/home/chaung/f_ws/install/dynamixel_sdk_custom_interfaces:/home/chaung/f_ws/install/dynamixel_sdk LD_LIBRARY_PATH=/home/chaung/f_ws/install/rtabmap_sync/lib:/home/chaung/f_ws/install/rtabmap_conversions/lib:/home/chaung/f_ws/install/rtabmap_msgs/lib:/home/chaung/f_ws/install/rtabmap/lib:/home/chaung/f_ws/install/rtabmap_slam/lib:/home/chaung/f_ws/install/rtabmap_odom/lib:/home/chaung/f_ws/install/rtabmap_util/lib:/home/chaung/f_ws/install/rtabmap_rviz_plugins/lib:/home/chaung/f_ws/install/openslam_gmapping/lib:/home/chaung/f_ws/install/dynamixel_sdk_custom_interfaces/lib:/home/chaung/f_ws/install/dynamixel_sdk/lib:/usr/lib/x86_64-linux-gnu/gazebo-11/plugins:/opt/ros/foxy/opt/yaml_cpp_vendor/lib:/opt/ros/foxy/opt/rviz_ogre_vendor/lib:/opt/ros/foxy/lib/x86_64-linux-gnu:/opt/ros/foxy/lib PYTHONPATH=/home/chaung/f_ws/install/rtabmap_msgs/lib/python3.8/site-packages:/home/chaung/f_ws/install/rtabmap_python/lib/python3.8/site-packages:/home/chaung/f_ws/install/dynamixel_sdk_custom_interfaces/lib/python3.8/site-packages:/home/chaung/f_ws/install/bno055/lib/python3.8/site-packages:/opt/ros/foxy/lib/python3.8/site-packages /usr/bin/cmake --build /home/chaung/f_ws/build/rtabmap_viz -- -j12 -l12
[1.764s] [100%] Built target rtabmap_viz
[1.773s] Invoked command in '/home/chaung/f_ws/build/rtabmap_viz' returned '0': CMAKE_PREFIX_PATH=/home/chaung/f_ws/install/rtabmap_sync:/home/chaung/f_ws/install/rtabmap_conversions:/home/chaung/f_ws/install/rtabmap_python:/home/chaung/f_ws/install/bno055:/opt/ros/foxy:/home/chaung/f_ws/install/rtabmap_msgs:/home/chaung/f_ws/install/rtabmap:/home/chaung/f_ws/install/sllidar_ros2:/home/chaung/f_ws/install/slam_gmapping:/home/chaung/f_ws/install/rtabmap_ros:/home/chaung/f_ws/install/rtabmap_launch:/home/chaung/f_ws/install/rtabmap_examples:/home/chaung/f_ws/install/rtabmap_demos:/home/chaung/f_ws/install/rtabmap_viz:/home/chaung/f_ws/install/rtabmap_slam:/home/chaung/f_ws/install/rtabmap_odom:/home/chaung/f_ws/install/rtabmap_util:/home/chaung/f_ws/install/rtabmap_rviz_plugins:/home/chaung/f_ws/install/openslam_gmapping:/home/chaung/f_ws/install/hls_lfcd_lds_driver:/home/chaung/f_ws/install/dynamixel_sdk_examples:/home/chaung/f_ws/install/dynamixel_sdk_custom_interfaces:/home/chaung/f_ws/install/dynamixel_sdk LD_LIBRARY_PATH=/home/chaung/f_ws/install/rtabmap_sync/lib:/home/chaung/f_ws/install/rtabmap_conversions/lib:/home/chaung/f_ws/install/rtabmap_msgs/lib:/home/chaung/f_ws/install/rtabmap/lib:/home/chaung/f_ws/install/rtabmap_slam/lib:/home/chaung/f_ws/install/rtabmap_odom/lib:/home/chaung/f_ws/install/rtabmap_util/lib:/home/chaung/f_ws/install/rtabmap_rviz_plugins/lib:/home/chaung/f_ws/install/openslam_gmapping/lib:/home/chaung/f_ws/install/dynamixel_sdk_custom_interfaces/lib:/home/chaung/f_ws/install/dynamixel_sdk/lib:/usr/lib/x86_64-linux-gnu/gazebo-11/plugins:/opt/ros/foxy/opt/yaml_cpp_vendor/lib:/opt/ros/foxy/opt/rviz_ogre_vendor/lib:/opt/ros/foxy/lib/x86_64-linux-gnu:/opt/ros/foxy/lib PYTHONPATH=/home/chaung/f_ws/install/rtabmap_msgs/lib/python3.8/site-packages:/home/chaung/f_ws/install/rtabmap_python/lib/python3.8/site-packages:/home/chaung/f_ws/install/dynamixel_sdk_custom_interfaces/lib/python3.8/site-packages:/home/chaung/f_ws/install/bno055/lib/python3.8/site-packages:/opt/ros/foxy/lib/python3.8/site-packages /usr/bin/cmake --build /home/chaung/f_ws/build/rtabmap_viz -- -j12 -l12
[1.797s] Invoking command in '/home/chaung/f_ws/build/rtabmap_viz': CMAKE_PREFIX_PATH=/home/chaung/f_ws/install/rtabmap_sync:/home/chaung/f_ws/install/rtabmap_conversions:/home/chaung/f_ws/install/rtabmap_python:/home/chaung/f_ws/install/bno055:/opt/ros/foxy:/home/chaung/f_ws/install/rtabmap_msgs:/home/chaung/f_ws/install/rtabmap:/home/chaung/f_ws/install/sllidar_ros2:/home/chaung/f_ws/install/slam_gmapping:/home/chaung/f_ws/install/rtabmap_ros:/home/chaung/f_ws/install/rtabmap_launch:/home/chaung/f_ws/install/rtabmap_examples:/home/chaung/f_ws/install/rtabmap_demos:/home/chaung/f_ws/install/rtabmap_viz:/home/chaung/f_ws/install/rtabmap_slam:/home/chaung/f_ws/install/rtabmap_odom:/home/chaung/f_ws/install/rtabmap_util:/home/chaung/f_ws/install/rtabmap_rviz_plugins:/home/chaung/f_ws/install/openslam_gmapping:/home/chaung/f_ws/install/hls_lfcd_lds_driver:/home/chaung/f_ws/install/dynamixel_sdk_examples:/home/chaung/f_ws/install/dynamixel_sdk_custom_interfaces:/home/chaung/f_ws/install/dynamixel_sdk LD_LIBRARY_PATH=/home/chaung/f_ws/install/rtabmap_sync/lib:/home/chaung/f_ws/install/rtabmap_conversions/lib:/home/chaung/f_ws/install/rtabmap_msgs/lib:/home/chaung/f_ws/install/rtabmap/lib:/home/chaung/f_ws/install/rtabmap_slam/lib:/home/chaung/f_ws/install/rtabmap_odom/lib:/home/chaung/f_ws/install/rtabmap_util/lib:/home/chaung/f_ws/install/rtabmap_rviz_plugins/lib:/home/chaung/f_ws/install/openslam_gmapping/lib:/home/chaung/f_ws/install/dynamixel_sdk_custom_interfaces/lib:/home/chaung/f_ws/install/dynamixel_sdk/lib:/usr/lib/x86_64-linux-gnu/gazebo-11/plugins:/opt/ros/foxy/opt/yaml_cpp_vendor/lib:/opt/ros/foxy/opt/rviz_ogre_vendor/lib:/opt/ros/foxy/lib/x86_64-linux-gnu:/opt/ros/foxy/lib PYTHONPATH=/home/chaung/f_ws/install/rtabmap_msgs/lib/python3.8/site-packages:/home/chaung/f_ws/install/rtabmap_python/lib/python3.8/site-packages:/home/chaung/f_ws/install/dynamixel_sdk_custom_interfaces/lib/python3.8/site-packages:/home/chaung/f_ws/install/bno055/lib/python3.8/site-packages:/opt/ros/foxy/lib/python3.8/site-packages /usr/bin/cmake --install /home/chaung/f_ws/build/rtabmap_viz
[1.804s] -- Install configuration: ""
[1.804s] -- Execute custom install script
[1.804s] -- Up-to-date symlink: /home/chaung/f_ws/install/rtabmap_viz/lib/rtabmap_viz/rtabmap_viz
[1.805s] -- Up-to-date symlink: /home/chaung/f_ws/install/rtabmap_viz/share/ament_index/resource_index/package_run_dependencies/rtabmap_viz
[1.805s] -- Up-to-date symlink: /home/chaung/f_ws/install/rtabmap_viz/share/ament_index/resource_index/parent_prefix_path/rtabmap_viz
[1.805s] -- Up-to-date symlink: /home/chaung/f_ws/install/rtabmap_viz/share/rtabmap_viz/environment/ament_prefix_path.sh
[1.805s] -- Up-to-date symlink: /home/chaung/f_ws/install/rtabmap_viz/share/rtabmap_viz/environment/ament_prefix_path.dsv
[1.805s] -- Up-to-date symlink: /home/chaung/f_ws/install/rtabmap_viz/share/rtabmap_viz/environment/path.sh
[1.805s] -- Up-to-date symlink: /home/chaung/f_ws/install/rtabmap_viz/share/rtabmap_viz/environment/path.dsv
[1.806s] -- Up-to-date symlink: /home/chaung/f_ws/install/rtabmap_viz/share/rtabmap_viz/local_setup.bash
[1.806s] -- Up-to-date symlink: /home/chaung/f_ws/install/rtabmap_viz/share/rtabmap_viz/local_setup.sh
[1.806s] -- Up-to-date symlink: /home/chaung/f_ws/install/rtabmap_viz/share/rtabmap_viz/local_setup.zsh
[1.806s] -- Up-to-date symlink: /home/chaung/f_ws/install/rtabmap_viz/share/rtabmap_viz/local_setup.dsv
[1.806s] -- Symlinking: /home/chaung/f_ws/install/rtabmap_viz/share/rtabmap_viz/package.dsv
[1.813s] -- Up-to-date symlink: /home/chaung/f_ws/install/rtabmap_viz/share/ament_index/resource_index/packages/rtabmap_viz
[1.813s] -- Up-to-date symlink: /home/chaung/f_ws/install/rtabmap_viz/share/rtabmap_viz/cmake/rtabmap_vizConfig.cmake
[1.813s] -- Up-to-date symlink: /home/chaung/f_ws/install/rtabmap_viz/share/rtabmap_viz/cmake/rtabmap_vizConfig-version.cmake
[1.814s] -- Up-to-date symlink: /home/chaung/f_ws/install/rtabmap_viz/share/rtabmap_viz/package.xml
[1.817s] Invoked command in '/home/chaung/f_ws/build/rtabmap_viz' returned '0': CMAKE_PREFIX_PATH=/home/chaung/f_ws/install/rtabmap_sync:/home/chaung/f_ws/install/rtabmap_conversions:/home/chaung/f_ws/install/rtabmap_python:/home/chaung/f_ws/install/bno055:/opt/ros/foxy:/home/chaung/f_ws/install/rtabmap_msgs:/home/chaung/f_ws/install/rtabmap:/home/chaung/f_ws/install/sllidar_ros2:/home/chaung/f_ws/install/slam_gmapping:/home/chaung/f_ws/install/rtabmap_ros:/home/chaung/f_ws/install/rtabmap_launch:/home/chaung/f_ws/install/rtabmap_examples:/home/chaung/f_ws/install/rtabmap_demos:/home/chaung/f_ws/install/rtabmap_viz:/home/chaung/f_ws/install/rtabmap_slam:/home/chaung/f_ws/install/rtabmap_odom:/home/chaung/f_ws/install/rtabmap_util:/home/chaung/f_ws/install/rtabmap_rviz_plugins:/home/chaung/f_ws/install/openslam_gmapping:/home/chaung/f_ws/install/hls_lfcd_lds_driver:/home/chaung/f_ws/install/dynamixel_sdk_examples:/home/chaung/f_ws/install/dynamixel_sdk_custom_interfaces:/home/chaung/f_ws/install/dynamixel_sdk LD_LIBRARY_PATH=/home/chaung/f_ws/install/rtabmap_sync/lib:/home/chaung/f_ws/install/rtabmap_conversions/lib:/home/chaung/f_ws/install/rtabmap_msgs/lib:/home/chaung/f_ws/install/rtabmap/lib:/home/chaung/f_ws/install/rtabmap_slam/lib:/home/chaung/f_ws/install/rtabmap_odom/lib:/home/chaung/f_ws/install/rtabmap_util/lib:/home/chaung/f_ws/install/rtabmap_rviz_plugins/lib:/home/chaung/f_ws/install/openslam_gmapping/lib:/home/chaung/f_ws/install/dynamixel_sdk_custom_interfaces/lib:/home/chaung/f_ws/install/dynamixel_sdk/lib:/usr/lib/x86_64-linux-gnu/gazebo-11/plugins:/opt/ros/foxy/opt/yaml_cpp_vendor/lib:/opt/ros/foxy/opt/rviz_ogre_vendor/lib:/opt/ros/foxy/lib/x86_64-linux-gnu:/opt/ros/foxy/lib PYTHONPATH=/home/chaung/f_ws/install/rtabmap_msgs/lib/python3.8/site-packages:/home/chaung/f_ws/install/rtabmap_python/lib/python3.8/site-packages:/home/chaung/f_ws/install/dynamixel_sdk_custom_interfaces/lib/python3.8/site-packages:/home/chaung/f_ws/install/bno055/lib/python3.8/site-packages:/opt/ros/foxy/lib/python3.8/site-packages /usr/bin/cmake --install /home/chaung/f_ws/build/rtabmap_viz
