[0.050s] Invoking command in '/home/chaung/f_ws/build/dynamixel_sdk': CMAKE_PREFIX_PATH=/opt/ros/foxy /usr/bin/cmake /home/chaung/f_ws/src/utils/DynamixelSDK/dynamixel_sdk -DAMENT_CMAKE_SYMLINK_INSTALL=1 -DCMAKE_INSTALL_PREFIX=/home/chaung/f_ws/install/dynamixel_sdk
[0.281s] -- The C compiler identification is GNU 9.4.0
[0.394s] -- The CXX compiler identification is GNU 9.4.0
[0.399s] -- Check for working C compiler: /usr/bin/cc
[0.486s] -- Check for working C compiler: /usr/bin/cc -- works
[0.487s] -- Detecting C compiler ABI info
[0.583s] -- Detecting C compiler ABI info - done
[0.598s] -- Detecting C compile features
[0.598s] -- Detecting C compile features - done
[0.601s] -- Check for working CXX compiler: /usr/bin/c++
[0.690s] -- Check for working CXX compiler: /usr/bin/c++ -- works
[0.693s] -- Detecting CXX compiler ABI info
[0.789s] -- Detecting CXX compiler ABI info - done
[0.804s] -- Detecting CXX compile features
[0.804s] -- Detecting CXX compile features - done
[0.808s] -- Found ament_cmake: 0.9.11 (/opt/ros/foxy/share/ament_cmake/cmake)
[0.834s] -- Found PythonInterp: /usr/bin/python3 (found suitable version "3.8.10", minimum required is "3") 
[0.835s] -- Using PYTHON_EXECUTABLE: /usr/bin/python3
[1.051s] -- Override CMake install command with custom implementation using symlinks instead of copying resources
[1.145s] -- Configuring done
[1.149s] -- Generating done
[1.150s] -- Build files have been written to: /home/chaung/f_ws/build/dynamixel_sdk
