[0.012s] Invoking command in '/home/chaung/f_ws/build/dynamixel_sdk_examples': AMENT_PREFIX_PATH=/home/chaung/f_ws/install/dynamixel_sdk_custom_interfaces:/home/chaung/f_ws/install/dynamixel_sdk:${AMENT_PREFIX_PATH} CMAKE_PREFIX_PATH=/home/chaung/f_ws/install/dynamixel_sdk_custom_interfaces:/home/chaung/f_ws/install/dynamixel_sdk:/opt/ros/foxy LD_LIBRARY_PATH=/home/chaung/f_ws/install/dynamixel_sdk_custom_interfaces/lib:/home/chaung/f_ws/install/dynamixel_sdk/lib:${LD_LIBRARY_PATH} PYTHONPATH=/home/chaung/f_ws/install/dynamixel_sdk_custom_interfaces/lib/python3.8/site-packages:${PYTHONPATH} /usr/bin/cmake /home/chaung/f_ws/src/utils/DynamixelSDK/dynamixel_sdk_examples -DCMAKE_INSTALL_PREFIX=/home/chaung/f_ws/install/dynamixel_sdk_examples
[0.023s] -- Found ament_cmake: 0.9.11 (/opt/ros/foxy/share/ament_cmake/cmake)
[0.039s] -- Using PYTHON_EXECUTABLE: /usr/bin/python3
[0.190s] -- Override CMake install command with custom implementation using symlinks instead of copying resources
[0.193s] -- Found dynamixel_sdk: 3.7.40 (/home/chaung/f_ws/install/dynamixel_sdk/share/dynamixel_sdk/cmake)
[0.197s] -- Found dynamixel_sdk_custom_interfaces: 3.7.40 (/home/chaung/f_ws/install/dynamixel_sdk_custom_interfaces/share/dynamixel_sdk_custom_interfaces/cmake)
[0.214s] -- Using all available rosidl_typesupport_c: rosidl_typesupport_fastrtps_c;rosidl_typesupport_introspection_c
[0.217s] -- Found rosidl_adapter: 1.3.0 (/opt/ros/foxy/share/rosidl_adapter/cmake)
[0.307s] -- Using all available rosidl_typesupport_cpp: rosidl_typesupport_fastrtps_cpp;rosidl_typesupport_introspection_cpp
[0.339s] -- Found rclcpp: 2.4.2 (/opt/ros/foxy/share/rclcpp/cmake)
[0.366s] -- Found rmw_implementation_cmake: 1.0.4 (/opt/ros/foxy/share/rmw_implementation_cmake/cmake)
[0.367s] -- Using RMW implementation 'rmw_fastrtps_cpp' as default
[0.479s] -- Found ament_lint_auto: 0.9.8 (/opt/ros/foxy/share/ament_lint_auto/cmake)
[0.529s] -- Added test 'copyright' to check source files copyright and LICENSE
[0.529s] -- Added test 'cppcheck' to perform static code analysis on C / C++ code
[0.529s] -- Configured cppcheck include dirs: /home/chaung/f_ws/src/utils/DynamixelSDK/dynamixel_sdk_examples/include
[0.530s] -- Configured cppcheck exclude dirs and/or files: 
[0.530s] -- Added test 'cpplint' to check C / C++ code against the Google style
[0.530s] -- Configured cpplint exclude dirs and/or files: 
[0.530s] -- Added test 'lint_cmake' to check CMake code style
[0.531s] -- Added test 'uncrustify' to check C / C++ code style
[0.531s] -- Configured uncrustify additional arguments: 
[0.531s] -- Added test 'xmllint' to check XML markup files
[0.533s] -- Configuring done
[0.538s] -- Generating done
[0.539s] -- Build files have been written to: /home/chaung/f_ws/build/dynamixel_sdk_examples
[0.544s] Invoked command in '/home/chaung/f_ws/build/dynamixel_sdk_examples' returned '0': AMENT_PREFIX_PATH=/home/chaung/f_ws/install/dynamixel_sdk_custom_interfaces:/home/chaung/f_ws/install/dynamixel_sdk:${AMENT_PREFIX_PATH} CMAKE_PREFIX_PATH=/home/chaung/f_ws/install/dynamixel_sdk_custom_interfaces:/home/chaung/f_ws/install/dynamixel_sdk:/opt/ros/foxy LD_LIBRARY_PATH=/home/chaung/f_ws/install/dynamixel_sdk_custom_interfaces/lib:/home/chaung/f_ws/install/dynamixel_sdk/lib:${LD_LIBRARY_PATH} PYTHONPATH=/home/chaung/f_ws/install/dynamixel_sdk_custom_interfaces/lib/python3.8/site-packages:${PYTHONPATH} /usr/bin/cmake /home/chaung/f_ws/src/utils/DynamixelSDK/dynamixel_sdk_examples -DCMAKE_INSTALL_PREFIX=/home/chaung/f_ws/install/dynamixel_sdk_examples
[0.546s] Invoking command in '/home/chaung/f_ws/build/dynamixel_sdk_examples': AMENT_PREFIX_PATH=/home/chaung/f_ws/install/dynamixel_sdk_custom_interfaces:/home/chaung/f_ws/install/dynamixel_sdk:${AMENT_PREFIX_PATH} CMAKE_PREFIX_PATH=/home/chaung/f_ws/install/dynamixel_sdk_custom_interfaces:/home/chaung/f_ws/install/dynamixel_sdk:/opt/ros/foxy LD_LIBRARY_PATH=/home/chaung/f_ws/install/dynamixel_sdk_custom_interfaces/lib:/home/chaung/f_ws/install/dynamixel_sdk/lib:${LD_LIBRARY_PATH} PYTHONPATH=/home/chaung/f_ws/install/dynamixel_sdk_custom_interfaces/lib/python3.8/site-packages:${PYTHONPATH} /usr/bin/cmake --build /home/chaung/f_ws/build/dynamixel_sdk_examples -- -j12 -l12
[0.591s] [100%] Built target read_write_node
[0.598s] Invoked command in '/home/chaung/f_ws/build/dynamixel_sdk_examples' returned '0': AMENT_PREFIX_PATH=/home/chaung/f_ws/install/dynamixel_sdk_custom_interfaces:/home/chaung/f_ws/install/dynamixel_sdk:${AMENT_PREFIX_PATH} CMAKE_PREFIX_PATH=/home/chaung/f_ws/install/dynamixel_sdk_custom_interfaces:/home/chaung/f_ws/install/dynamixel_sdk:/opt/ros/foxy LD_LIBRARY_PATH=/home/chaung/f_ws/install/dynamixel_sdk_custom_interfaces/lib:/home/chaung/f_ws/install/dynamixel_sdk/lib:${LD_LIBRARY_PATH} PYTHONPATH=/home/chaung/f_ws/install/dynamixel_sdk_custom_interfaces/lib/python3.8/site-packages:${PYTHONPATH} /usr/bin/cmake --build /home/chaung/f_ws/build/dynamixel_sdk_examples -- -j12 -l12
[0.616s] Invoking command in '/home/chaung/f_ws/build/dynamixel_sdk_examples': AMENT_PREFIX_PATH=/home/chaung/f_ws/install/dynamixel_sdk_custom_interfaces:/home/chaung/f_ws/install/dynamixel_sdk:${AMENT_PREFIX_PATH} CMAKE_PREFIX_PATH=/home/chaung/f_ws/install/dynamixel_sdk_custom_interfaces:/home/chaung/f_ws/install/dynamixel_sdk:/opt/ros/foxy LD_LIBRARY_PATH=/home/chaung/f_ws/install/dynamixel_sdk_custom_interfaces/lib:/home/chaung/f_ws/install/dynamixel_sdk/lib:${LD_LIBRARY_PATH} PYTHONPATH=/home/chaung/f_ws/install/dynamixel_sdk_custom_interfaces/lib/python3.8/site-packages:${PYTHONPATH} /usr/bin/cmake --install /home/chaung/f_ws/build/dynamixel_sdk_examples
[0.620s] -- Install configuration: ""
[0.621s] -- Execute custom install script
[0.621s] -- Up-to-date symlink: /home/chaung/f_ws/install/dynamixel_sdk_examples/lib/dynamixel_sdk_examples/read_write_node
[0.621s] -- Up-to-date symlink: /home/chaung/f_ws/install/dynamixel_sdk_examples/share/ament_index/resource_index/package_run_dependencies/dynamixel_sdk_examples
[0.622s] -- Up-to-date symlink: /home/chaung/f_ws/install/dynamixel_sdk_examples/share/ament_index/resource_index/parent_prefix_path/dynamixel_sdk_examples
[0.622s] -- Up-to-date symlink: /home/chaung/f_ws/install/dynamixel_sdk_examples/share/dynamixel_sdk_examples/environment/ament_prefix_path.sh
[0.622s] -- Up-to-date symlink: /home/chaung/f_ws/install/dynamixel_sdk_examples/share/dynamixel_sdk_examples/environment/ament_prefix_path.dsv
[0.622s] -- Up-to-date symlink: /home/chaung/f_ws/install/dynamixel_sdk_examples/share/dynamixel_sdk_examples/environment/path.sh
[0.622s] -- Up-to-date symlink: /home/chaung/f_ws/install/dynamixel_sdk_examples/share/dynamixel_sdk_examples/environment/path.dsv
[0.622s] -- Up-to-date symlink: /home/chaung/f_ws/install/dynamixel_sdk_examples/share/dynamixel_sdk_examples/local_setup.bash
[0.623s] -- Up-to-date symlink: /home/chaung/f_ws/install/dynamixel_sdk_examples/share/dynamixel_sdk_examples/local_setup.sh
[0.623s] -- Up-to-date symlink: /home/chaung/f_ws/install/dynamixel_sdk_examples/share/dynamixel_sdk_examples/local_setup.zsh
[0.623s] -- Up-to-date symlink: /home/chaung/f_ws/install/dynamixel_sdk_examples/share/dynamixel_sdk_examples/local_setup.dsv
[0.623s] -- Symlinking: /home/chaung/f_ws/install/dynamixel_sdk_examples/share/dynamixel_sdk_examples/package.dsv
[0.630s] -- Up-to-date symlink: /home/chaung/f_ws/install/dynamixel_sdk_examples/share/ament_index/resource_index/packages/dynamixel_sdk_examples
[0.630s] -- Up-to-date symlink: /home/chaung/f_ws/install/dynamixel_sdk_examples/share/dynamixel_sdk_examples/cmake/dynamixel_sdk_examplesConfig.cmake
[0.630s] -- Up-to-date symlink: /home/chaung/f_ws/install/dynamixel_sdk_examples/share/dynamixel_sdk_examples/cmake/dynamixel_sdk_examplesConfig-version.cmake
[0.630s] -- Up-to-date symlink: /home/chaung/f_ws/install/dynamixel_sdk_examples/share/dynamixel_sdk_examples/package.xml
[0.634s] Invoked command in '/home/chaung/f_ws/build/dynamixel_sdk_examples' returned '0': AMENT_PREFIX_PATH=/home/chaung/f_ws/install/dynamixel_sdk_custom_interfaces:/home/chaung/f_ws/install/dynamixel_sdk:${AMENT_PREFIX_PATH} CMAKE_PREFIX_PATH=/home/chaung/f_ws/install/dynamixel_sdk_custom_interfaces:/home/chaung/f_ws/install/dynamixel_sdk:/opt/ros/foxy LD_LIBRARY_PATH=/home/chaung/f_ws/install/dynamixel_sdk_custom_interfaces/lib:/home/chaung/f_ws/install/dynamixel_sdk/lib:${LD_LIBRARY_PATH} PYTHONPATH=/home/chaung/f_ws/install/dynamixel_sdk_custom_interfaces/lib/python3.8/site-packages:${PYTHONPATH} /usr/bin/cmake --install /home/chaung/f_ws/build/dynamixel_sdk_examples
