[0.016s] Invoking command in '/home/chaung/f_ws/build/rtabmap_sync': AMENT_PREFIX_PATH=/home/chaung/f_ws/install/rtabmap_conversions:${AMENT_PREFIX_PATH} CMAKE_PREFIX_PATH=/home/chaung/f_ws/install/rtabmap_conversions:/opt/ros/foxy:/home/chaung/f_ws/install/rtabmap_msgs:/home/chaung/f_ws/install/rtabmap LD_LIBRARY_PATH=/home/chaung/f_ws/install/rtabmap_conversions/lib:/home/chaung/f_ws/install/rtabmap_msgs/lib:/home/chaung/f_ws/install/rtabmap/lib:${LD_LIBRARY_PATH} PATH=/home/chaung/f_ws/install/rtabmap/bin:${PATH} PKG_CONFIG_PATH=/home/chaung/f_ws/install/rtabmap_msgs/lib/x86_64-linux-gnu/pkgconfig:/home/chaung/f_ws/install/rtabmap_msgs/lib/pkgconfig:/home/chaung/f_ws/install/rtabmap/lib/x86_64-linux-gnu/pkgconfig:/home/chaung/f_ws/install/rtabmap/lib/pkgconfig PYTHONPATH=/home/chaung/f_ws/install/rtabmap_msgs/lib/python3.8/site-packages:${PYTHONPATH} ROS_PACKAGE_PATH=/home/chaung/f_ws/install/rtabmap_msgs/share /usr/bin/cmake /home/chaung/f_ws/src/rtabmap_ros/rtabmap_sync -DCMAKE_INSTALL_PREFIX=/home/chaung/f_ws/install/rtabmap_sync
[0.026s] -- Found cv_bridge: 3.0.7 (/opt/ros/foxy/share/cv_bridge/cmake)
[0.042s] -- Using PYTHON_EXECUTABLE: /usr/bin/python3
[0.173s] -- Override CMake install command with custom implementation using symlinks instead of copying resources
[0.215s] -- Using all available rosidl_typesupport_c: rosidl_typesupport_fastrtps_c;rosidl_typesupport_introspection_c
[0.218s] -- Found rosidl_adapter: 1.3.0 (/opt/ros/foxy/share/rosidl_adapter/cmake)
[0.306s] -- Using all available rosidl_typesupport_cpp: rosidl_typesupport_fastrtps_cpp;rosidl_typesupport_introspection_cpp
[0.442s] -- Found image_transport: 2.4.0 (/opt/ros/foxy/share/image_transport/cmake)
[0.471s] -- Found rmw_implementation_cmake: 1.0.4 (/opt/ros/foxy/share/rmw_implementation_cmake/cmake)
[0.472s] -- Using RMW implementation 'rmw_fastrtps_cpp' as default
[0.602s] -- Found nav_msgs: 2.0.5 (/opt/ros/foxy/share/nav_msgs/cmake)
[0.655s] -- Found rclcpp_components: 2.4.2 (/opt/ros/foxy/share/rclcpp_components/cmake)
[0.692s] -- Found rtabmap_conversions: 0.21.1 (/home/chaung/f_ws/install/rtabmap_conversions/share/rtabmap_conversions/cmake)
[1.297s] -- Eigen found (include: /usr/include/eigen3, version: 3.3.7)
[1.310s] -- OpenNI found (include: /usr/include/ni, lib: /usr/lib/libOpenNI.so)
[1.314s] -- OpenNI2 found (include: /usr/include/openni2, lib: /usr/lib/libOpenNI2.so)
[1.356s] -- The imported target "vtkParseOGLExt" references the file
[1.356s]    "/usr/bin/vtkParseOGLExt-7.1"
[1.356s] but this file does not exist.  Possible reasons include:
[1.356s] * The file was deleted, renamed, or moved to another location.
[1.357s] * An install or uninstall procedure did not complete successfully.
[1.357s] * The installation package was faulty and contained
[1.357s]    "/usr/lib/cmake/vtk-7.1/VTKTargets.cmake"
[1.357s] but not all the files it references.
[1.357s] 
[1.357s] -- The imported target "vtkRenderingPythonTkWidgets" references the file
[1.357s]    "/usr/lib/x86_64-linux-gnu/libvtkRenderingPythonTkWidgets.so"
[1.357s] but this file does not exist.  Possible reasons include:
[1.357s] * The file was deleted, renamed, or moved to another location.
[1.357s] * An install or uninstall procedure did not complete successfully.
[1.357s] * The installation package was faulty and contained
[1.357s]    "/usr/lib/cmake/vtk-7.1/VTKTargets.cmake"
[1.357s] but not all the files it references.
[1.357s] 
[1.358s] -- The imported target "vtk" references the file
[1.358s]    "/usr/bin/vtk"
[1.358s] but this file does not exist.  Possible reasons include:
[1.358s] * The file was deleted, renamed, or moved to another location.
[1.358s] * An install or uninstall procedure did not complete successfully.
[1.358s] * The installation package was faulty and contained
[1.358s]    "/usr/lib/cmake/vtk-7.1/VTKTargets.cmake"
[1.358s] but not all the files it references.
[1.358s] 
[1.358s] -- The imported target "pvtk" references the file
[1.358s]    "/usr/bin/pvtk"
[1.358s] but this file does not exist.  Possible reasons include:
[1.358s] * The file was deleted, renamed, or moved to another location.
[1.358s] * An install or uninstall procedure did not complete successfully.
[1.358s] * The installation package was faulty and contained
[1.358s]    "/usr/lib/cmake/vtk-7.1/VTKTargets.cmake"
[1.358s] but not all the files it references.
[1.359s] 
[1.383s] -- QHULL found (include: /usr/include, lib: optimized;/usr/lib/x86_64-linux-gnu/libqhull.so;debug;/usr/lib/x86_64-linux-gnu/libqhull.so)
[1.406s] -- OpenNI found (include: /usr/include/ni, lib: /usr/lib/libOpenNI.so)
[1.411s] -- OpenNI2 found (include: /usr/include/openni2, lib: /usr/lib/libOpenNI2.so)
[1.445s] -- RTABMAP_SYNC_MULTI_RGBD = OFF
[1.445s] -- RTABMAP_SYNC_USER_DATA  = OFF
[1.616s] -- Configuring done
[1.645s] CMake Warning at CMakeLists.txt:90 (add_library):
[1.645s]   Cannot generate a safe runtime search path for target rtabmap_sync because
[1.645s]   files in some directories may conflict with libraries in implicit
[1.645s]   directories:
[1.645s] 
[1.645s]     runtime library [liboctomap.so.1.9] in /usr/lib/x86_64-linux-gnu may be hidden by files in:
[1.645s]       /opt/ros/foxy/lib
[1.645s]     runtime library [liboctomath.so.1.9] in /usr/lib/x86_64-linux-gnu may be hidden by files in:
[1.645s]       /opt/ros/foxy/lib
[1.645s] 
[1.646s]   Some of these libraries may not be found correctly.
[1.646s] 
[1.646s] 
[1.682s] CMake Warning at CMakeLists.txt:93 (add_library):
[1.682s]   Cannot generate a safe runtime search path for target rtabmap_sync_plugins
[1.682s]   because files in some directories may conflict with libraries in implicit
[1.682s]   directories:
[1.682s] 
[1.682s]     runtime library [liboctomap.so.1.9] in /usr/lib/x86_64-linux-gnu may be hidden by files in:
[1.683s]       /opt/ros/foxy/lib
[1.683s]     runtime library [liboctomath.so.1.9] in /usr/lib/x86_64-linux-gnu may be hidden by files in:
[1.683s]       /opt/ros/foxy/lib
[1.683s] 
[1.683s]   Some of these libraries may not be found correctly.
[1.683s] 
[1.683s] 
[1.721s] CMake Warning at CMakeLists.txt:111 (add_executable):
[1.721s]   Cannot generate a safe runtime search path for target rtabmap_rgbd_sync
[1.721s]   because files in some directories may conflict with libraries in implicit
[1.721s]   directories:
[1.721s] 
[1.721s]     runtime library [liboctomap.so.1.9] in /usr/lib/x86_64-linux-gnu may be hidden by files in:
[1.721s]       /opt/ros/foxy/lib
[1.721s]     runtime library [liboctomath.so.1.9] in /usr/lib/x86_64-linux-gnu may be hidden by files in:
[1.721s]       /opt/ros/foxy/lib
[1.721s] 
[1.721s]   Some of these libraries may not be found correctly.
[1.721s] 
[1.721s] 
[1.760s] CMake Warning at CMakeLists.txt:116 (add_executable):
[1.760s]   Cannot generate a safe runtime search path for target rtabmap_rgbdx_sync
[1.760s]   because files in some directories may conflict with libraries in implicit
[1.760s]   directories:
[1.760s] 
[1.760s]     runtime library [liboctomap.so.1.9] in /usr/lib/x86_64-linux-gnu may be hidden by files in:
[1.760s]       /opt/ros/foxy/lib
[1.760s]     runtime library [liboctomath.so.1.9] in /usr/lib/x86_64-linux-gnu may be hidden by files in:
[1.761s]       /opt/ros/foxy/lib
[1.761s] 
[1.761s]   Some of these libraries may not be found correctly.
[1.761s] 
[1.761s] 
[1.800s] CMake Warning at CMakeLists.txt:121 (add_executable):
[1.800s]   Cannot generate a safe runtime search path for target rtabmap_stereo_sync
[1.800s]   because files in some directories may conflict with libraries in implicit
[1.800s]   directories:
[1.800s] 
[1.800s]     runtime library [liboctomap.so.1.9] in /usr/lib/x86_64-linux-gnu may be hidden by files in:
[1.800s]       /opt/ros/foxy/lib
[1.800s]     runtime library [liboctomath.so.1.9] in /usr/lib/x86_64-linux-gnu may be hidden by files in:
[1.800s]       /opt/ros/foxy/lib
[1.800s] 
[1.800s]   Some of these libraries may not be found correctly.
[1.800s] 
[1.800s] 
[1.840s] CMake Warning at CMakeLists.txt:126 (add_executable):
[1.840s]   Cannot generate a safe runtime search path for target rtabmap_rgb_sync
[1.840s]   because files in some directories may conflict with libraries in implicit
[1.840s]   directories:
[1.840s] 
[1.840s]     runtime library [liboctomap.so.1.9] in /usr/lib/x86_64-linux-gnu may be hidden by files in:
[1.840s]       /opt/ros/foxy/lib
[1.841s]     runtime library [liboctomath.so.1.9] in /usr/lib/x86_64-linux-gnu may be hidden by files in:
[1.841s]       /opt/ros/foxy/lib
[1.841s] 
[1.841s]   Some of these libraries may not be found correctly.
[1.841s] 
[1.841s] 
[1.863s] -- Generating done
[1.865s] -- Build files have been written to: /home/chaung/f_ws/build/rtabmap_sync
[1.875s] Invoked command in '/home/chaung/f_ws/build/rtabmap_sync' returned '0': AMENT_PREFIX_PATH=/home/chaung/f_ws/install/rtabmap_conversions:${AMENT_PREFIX_PATH} CMAKE_PREFIX_PATH=/home/chaung/f_ws/install/rtabmap_conversions:/opt/ros/foxy:/home/chaung/f_ws/install/rtabmap_msgs:/home/chaung/f_ws/install/rtabmap LD_LIBRARY_PATH=/home/chaung/f_ws/install/rtabmap_conversions/lib:/home/chaung/f_ws/install/rtabmap_msgs/lib:/home/chaung/f_ws/install/rtabmap/lib:${LD_LIBRARY_PATH} PATH=/home/chaung/f_ws/install/rtabmap/bin:${PATH} PKG_CONFIG_PATH=/home/chaung/f_ws/install/rtabmap_msgs/lib/x86_64-linux-gnu/pkgconfig:/home/chaung/f_ws/install/rtabmap_msgs/lib/pkgconfig:/home/chaung/f_ws/install/rtabmap/lib/x86_64-linux-gnu/pkgconfig:/home/chaung/f_ws/install/rtabmap/lib/pkgconfig PYTHONPATH=/home/chaung/f_ws/install/rtabmap_msgs/lib/python3.8/site-packages:${PYTHONPATH} ROS_PACKAGE_PATH=/home/chaung/f_ws/install/rtabmap_msgs/share /usr/bin/cmake /home/chaung/f_ws/src/rtabmap_ros/rtabmap_sync -DCMAKE_INSTALL_PREFIX=/home/chaung/f_ws/install/rtabmap_sync
[1.878s] Invoking command in '/home/chaung/f_ws/build/rtabmap_sync': AMENT_PREFIX_PATH=/home/chaung/f_ws/install/rtabmap_conversions:${AMENT_PREFIX_PATH} CMAKE_PREFIX_PATH=/home/chaung/f_ws/install/rtabmap_conversions:/opt/ros/foxy:/home/chaung/f_ws/install/rtabmap_msgs:/home/chaung/f_ws/install/rtabmap LD_LIBRARY_PATH=/home/chaung/f_ws/install/rtabmap_conversions/lib:/home/chaung/f_ws/install/rtabmap_msgs/lib:/home/chaung/f_ws/install/rtabmap/lib:${LD_LIBRARY_PATH} PATH=/home/chaung/f_ws/install/rtabmap/bin:${PATH} PKG_CONFIG_PATH=/home/chaung/f_ws/install/rtabmap_msgs/lib/x86_64-linux-gnu/pkgconfig:/home/chaung/f_ws/install/rtabmap_msgs/lib/pkgconfig:/home/chaung/f_ws/install/rtabmap/lib/x86_64-linux-gnu/pkgconfig:/home/chaung/f_ws/install/rtabmap/lib/pkgconfig PYTHONPATH=/home/chaung/f_ws/install/rtabmap_msgs/lib/python3.8/site-packages:${PYTHONPATH} ROS_PACKAGE_PATH=/home/chaung/f_ws/install/rtabmap_msgs/share /usr/bin/cmake --build /home/chaung/f_ws/build/rtabmap_sync -- -j12 -l12
[1.949s] [ 22%] Built target rtabmap_sync_plugins
[1.953s] [ 63%] Built target rtabmap_sync
[1.977s] [ 72%] Built target rtabmap_stereo_sync
[1.979s] [ 81%] Built target rtabmap_rgbdx_sync
[1.979s] [ 90%] Built target rtabmap_rgb_sync
[1.979s] [100%] Built target rtabmap_rgbd_sync
[1.988s] Invoked command in '/home/chaung/f_ws/build/rtabmap_sync' returned '0': AMENT_PREFIX_PATH=/home/chaung/f_ws/install/rtabmap_conversions:${AMENT_PREFIX_PATH} CMAKE_PREFIX_PATH=/home/chaung/f_ws/install/rtabmap_conversions:/opt/ros/foxy:/home/chaung/f_ws/install/rtabmap_msgs:/home/chaung/f_ws/install/rtabmap LD_LIBRARY_PATH=/home/chaung/f_ws/install/rtabmap_conversions/lib:/home/chaung/f_ws/install/rtabmap_msgs/lib:/home/chaung/f_ws/install/rtabmap/lib:${LD_LIBRARY_PATH} PATH=/home/chaung/f_ws/install/rtabmap/bin:${PATH} PKG_CONFIG_PATH=/home/chaung/f_ws/install/rtabmap_msgs/lib/x86_64-linux-gnu/pkgconfig:/home/chaung/f_ws/install/rtabmap_msgs/lib/pkgconfig:/home/chaung/f_ws/install/rtabmap/lib/x86_64-linux-gnu/pkgconfig:/home/chaung/f_ws/install/rtabmap/lib/pkgconfig PYTHONPATH=/home/chaung/f_ws/install/rtabmap_msgs/lib/python3.8/site-packages:${PYTHONPATH} ROS_PACKAGE_PATH=/home/chaung/f_ws/install/rtabmap_msgs/share /usr/bin/cmake --build /home/chaung/f_ws/build/rtabmap_sync -- -j12 -l12
[2.025s] Invoking command in '/home/chaung/f_ws/build/rtabmap_sync': AMENT_PREFIX_PATH=/home/chaung/f_ws/install/rtabmap_conversions:${AMENT_PREFIX_PATH} CMAKE_PREFIX_PATH=/home/chaung/f_ws/install/rtabmap_conversions:/opt/ros/foxy:/home/chaung/f_ws/install/rtabmap_msgs:/home/chaung/f_ws/install/rtabmap LD_LIBRARY_PATH=/home/chaung/f_ws/install/rtabmap_conversions/lib:/home/chaung/f_ws/install/rtabmap_msgs/lib:/home/chaung/f_ws/install/rtabmap/lib:${LD_LIBRARY_PATH} PATH=/home/chaung/f_ws/install/rtabmap/bin:${PATH} PKG_CONFIG_PATH=/home/chaung/f_ws/install/rtabmap_msgs/lib/x86_64-linux-gnu/pkgconfig:/home/chaung/f_ws/install/rtabmap_msgs/lib/pkgconfig:/home/chaung/f_ws/install/rtabmap/lib/x86_64-linux-gnu/pkgconfig:/home/chaung/f_ws/install/rtabmap/lib/pkgconfig PYTHONPATH=/home/chaung/f_ws/install/rtabmap_msgs/lib/python3.8/site-packages:${PYTHONPATH} ROS_PACKAGE_PATH=/home/chaung/f_ws/install/rtabmap_msgs/share /usr/bin/cmake --install /home/chaung/f_ws/build/rtabmap_sync
[2.032s] -- Install configuration: ""
[2.033s] -- Execute custom install script
[2.033s] -- Up-to-date symlink: /home/chaung/f_ws/install/rtabmap_sync/share/rtabmap_sync/environment/library_path.sh
[2.033s] -- Up-to-date symlink: /home/chaung/f_ws/install/rtabmap_sync/share/rtabmap_sync/environment/library_path.dsv
[2.034s] -- Up-to-date symlink: /home/chaung/f_ws/install/rtabmap_sync/lib/rtabmap_sync/rgbd_sync
[2.034s] -- Up-to-date symlink: /home/chaung/f_ws/install/rtabmap_sync/lib/rtabmap_sync/rgbdx_sync
[2.034s] -- Up-to-date symlink: /home/chaung/f_ws/install/rtabmap_sync/lib/rtabmap_sync/stereo_sync
[2.034s] -- Up-to-date symlink: /home/chaung/f_ws/install/rtabmap_sync/lib/rtabmap_sync/rgb_sync
[2.034s] -- Up-to-date symlink: /home/chaung/f_ws/install/rtabmap_sync/share/ament_index/resource_index/package_run_dependencies/rtabmap_sync
[2.035s] -- Up-to-date symlink: /home/chaung/f_ws/install/rtabmap_sync/share/ament_index/resource_index/parent_prefix_path/rtabmap_sync
[2.035s] -- Up-to-date symlink: /home/chaung/f_ws/install/rtabmap_sync/share/rtabmap_sync/environment/ament_prefix_path.sh
[2.035s] -- Up-to-date symlink: /home/chaung/f_ws/install/rtabmap_sync/share/rtabmap_sync/environment/ament_prefix_path.dsv
[2.035s] -- Up-to-date symlink: /home/chaung/f_ws/install/rtabmap_sync/share/rtabmap_sync/environment/path.sh
[2.036s] -- Up-to-date symlink: /home/chaung/f_ws/install/rtabmap_sync/share/rtabmap_sync/environment/path.dsv
[2.036s] -- Up-to-date symlink: /home/chaung/f_ws/install/rtabmap_sync/share/rtabmap_sync/local_setup.bash
[2.036s] -- Up-to-date symlink: /home/chaung/f_ws/install/rtabmap_sync/share/rtabmap_sync/local_setup.sh
[2.036s] -- Up-to-date symlink: /home/chaung/f_ws/install/rtabmap_sync/share/rtabmap_sync/local_setup.zsh
[2.036s] -- Up-to-date symlink: /home/chaung/f_ws/install/rtabmap_sync/share/rtabmap_sync/local_setup.dsv
[2.036s] -- Symlinking: /home/chaung/f_ws/install/rtabmap_sync/share/rtabmap_sync/package.dsv
[2.044s] -- Up-to-date symlink: /home/chaung/f_ws/install/rtabmap_sync/share/ament_index/resource_index/packages/rtabmap_sync
[2.044s] -- Up-to-date symlink: /home/chaung/f_ws/install/rtabmap_sync/share/ament_index/resource_index/rclcpp_components/rtabmap_sync
[2.044s] -- Up-to-date symlink: /home/chaung/f_ws/install/rtabmap_sync/share/rtabmap_sync/cmake/extra_configs.cmake
[2.044s] -- Up-to-date symlink: /home/chaung/f_ws/install/rtabmap_sync/share/rtabmap_sync/cmake/ament_cmake_export_dependencies-extras.cmake
[2.044s] -- Up-to-date symlink: /home/chaung/f_ws/install/rtabmap_sync/share/rtabmap_sync/cmake/ament_cmake_export_include_directories-extras.cmake
[2.045s] -- Up-to-date symlink: /home/chaung/f_ws/install/rtabmap_sync/share/rtabmap_sync/cmake/ament_cmake_export_targets-extras.cmake
[2.045s] -- Up-to-date symlink: /home/chaung/f_ws/install/rtabmap_sync/share/rtabmap_sync/cmake/ament_cmake_export_libraries-extras.cmake
[2.045s] -- Up-to-date symlink: /home/chaung/f_ws/install/rtabmap_sync/share/rtabmap_sync/cmake/rtabmap_syncConfig.cmake
[2.045s] -- Up-to-date symlink: /home/chaung/f_ws/install/rtabmap_sync/share/rtabmap_sync/cmake/rtabmap_syncConfig-version.cmake
[2.045s] -- Up-to-date symlink: /home/chaung/f_ws/install/rtabmap_sync/share/rtabmap_sync/package.xml
[2.046s] -- Up-to-date: /home/chaung/f_ws/install/rtabmap_sync/lib/librtabmap_sync.so
[2.046s] -- Up-to-date: /home/chaung/f_ws/install/rtabmap_sync/lib/librtabmap_sync_plugins.so
[2.046s] -- Up-to-date: /home/chaung/f_ws/install/rtabmap_sync/include
[2.046s] -- Up-to-date: /home/chaung/f_ws/install/rtabmap_sync/include/rtabmap_sync
[2.046s] -- Up-to-date: /home/chaung/f_ws/install/rtabmap_sync/include/rtabmap_sync/CommonDataSubscriber.h
[2.046s] -- Up-to-date: /home/chaung/f_ws/install/rtabmap_sync/include/rtabmap_sync/visibility.h
[2.046s] -- Up-to-date: /home/chaung/f_ws/install/rtabmap_sync/include/rtabmap_sync/CommonDataSubscriberDefines.h
[2.046s] -- Up-to-date: /home/chaung/f_ws/install/rtabmap_sync/include/rtabmap_sync/GetTopicName.h
[2.047s] -- Up-to-date: /home/chaung/f_ws/install/rtabmap_sync/share/rtabmap_sync/cmake/rtabmap_syncExport.cmake
[2.047s] -- Installing: /home/chaung/f_ws/install/rtabmap_sync/share/rtabmap_sync/cmake/rtabmap_syncExport-noconfig.cmake
[2.051s] Invoked command in '/home/chaung/f_ws/build/rtabmap_sync' returned '0': AMENT_PREFIX_PATH=/home/chaung/f_ws/install/rtabmap_conversions:${AMENT_PREFIX_PATH} CMAKE_PREFIX_PATH=/home/chaung/f_ws/install/rtabmap_conversions:/opt/ros/foxy:/home/chaung/f_ws/install/rtabmap_msgs:/home/chaung/f_ws/install/rtabmap LD_LIBRARY_PATH=/home/chaung/f_ws/install/rtabmap_conversions/lib:/home/chaung/f_ws/install/rtabmap_msgs/lib:/home/chaung/f_ws/install/rtabmap/lib:${LD_LIBRARY_PATH} PATH=/home/chaung/f_ws/install/rtabmap/bin:${PATH} PKG_CONFIG_PATH=/home/chaung/f_ws/install/rtabmap_msgs/lib/x86_64-linux-gnu/pkgconfig:/home/chaung/f_ws/install/rtabmap_msgs/lib/pkgconfig:/home/chaung/f_ws/install/rtabmap/lib/x86_64-linux-gnu/pkgconfig:/home/chaung/f_ws/install/rtabmap/lib/pkgconfig PYTHONPATH=/home/chaung/f_ws/install/rtabmap_msgs/lib/python3.8/site-packages:${PYTHONPATH} ROS_PACKAGE_PATH=/home/chaung/f_ws/install/rtabmap_msgs/share /usr/bin/cmake --install /home/chaung/f_ws/build/rtabmap_sync
