[  0%] Built target cartographer_ros_msgs__cpp
[ 12%] Built target cartographer_ros_msgs__rosidl_generator_c
[ 24%] Built target cartographer_ros_msgs__rosidl_typesupport_cpp
[ 36%] Built target cartographer_ros_msgs__rosidl_typesupport_fastrtps_cpp
[ 48%] Built target cartographer_ros_msgs__rosidl_typesupport_introspection_cpp
[ 60%] Built target cartographer_ros_msgs__rosidl_typesupport_introspection_c
[ 72%] Built target cartographer_ros_msgs__rosidl_typesupport_c
[ 84%] Built target cartographer_ros_msgs__rosidl_typesupport_fastrtps_c
[ 84%] Built target cartographer_ros_msgs
[ 85%] Built target cartographer_ros_msgs__py
[ 96%] Built target cartographer_ros_msgs__python
[ 97%] Built target cartographer_ros_msgs__rosidl_typesupport_fastrtps_c__pyext
[ 98%] Built target cartographer_ros_msgs__rosidl_typesupport_c__pyext
[100%] Built target cartographer_ros_msgs__rosidl_typesupport_introspection_c__pyext
-- Install configuration: ""
-- Execute custom install script
-- Symlinking: /home/chaung/f_ws/install/cartographer_ros_msgs/share/ament_index/resource_index/rosidl_interfaces/cartographer_ros_msgs
-- Symlinking: /home/chaung/f_ws/install/cartographer_ros_msgs/include/cartographer_ros_msgs/msg/detail/landmark_entry__functions.h
-- Symlinking: /home/chaung/f_ws/install/cartographer_ros_msgs/include/cartographer_ros_msgs/msg/detail/landmark_entry__struct.h
-- Symlinking: /home/chaung/f_ws/install/cartographer_ros_msgs/include/cartographer_ros_msgs/msg/detail/landmark_entry__type_support.h
-- Symlinking: /home/chaung/f_ws/install/cartographer_ros_msgs/include/cartographer_ros_msgs/msg/detail/landmark_list__functions.h
-- Symlinking: /home/chaung/f_ws/install/cartographer_ros_msgs/include/cartographer_ros_msgs/msg/detail/landmark_list__struct.h
-- Symlinking: /home/chaung/f_ws/install/cartographer_ros_msgs/include/cartographer_ros_msgs/msg/detail/landmark_list__type_support.h
-- Symlinking: /home/chaung/f_ws/install/cartographer_ros_msgs/include/cartographer_ros_msgs/msg/detail/sensor_topics__functions.h
-- Symlinking: /home/chaung/f_ws/install/cartographer_ros_msgs/include/cartographer_ros_msgs/msg/detail/sensor_topics__struct.h
-- Symlinking: /home/chaung/f_ws/install/cartographer_ros_msgs/include/cartographer_ros_msgs/msg/detail/sensor_topics__type_support.h
-- Symlinking: /home/chaung/f_ws/install/cartographer_ros_msgs/include/cartographer_ros_msgs/msg/detail/status_code__functions.h
-- Symlinking: /home/chaung/f_ws/install/cartographer_ros_msgs/include/cartographer_ros_msgs/msg/detail/status_code__struct.h
-- Symlinking: /home/chaung/f_ws/install/cartographer_ros_msgs/include/cartographer_ros_msgs/msg/detail/status_code__type_support.h
-- Symlinking: /home/chaung/f_ws/install/cartographer_ros_msgs/include/cartographer_ros_msgs/msg/detail/status_response__functions.h
-- Symlinking: /home/chaung/f_ws/install/cartographer_ros_msgs/include/cartographer_ros_msgs/msg/detail/status_response__struct.h
-- Symlinking: /home/chaung/f_ws/install/cartographer_ros_msgs/include/cartographer_ros_msgs/msg/detail/status_response__type_support.h
-- Symlinking: /home/chaung/f_ws/install/cartographer_ros_msgs/include/cartographer_ros_msgs/msg/detail/submap_entry__functions.h
-- Symlinking: /home/chaung/f_ws/install/cartographer_ros_msgs/include/cartographer_ros_msgs/msg/detail/submap_entry__struct.h
-- Symlinking: /home/chaung/f_ws/install/cartographer_ros_msgs/include/cartographer_ros_msgs/msg/detail/submap_entry__type_support.h
-- Symlinking: /home/chaung/f_ws/install/cartographer_ros_msgs/include/cartographer_ros_msgs/msg/detail/submap_list__functions.h
-- Symlinking: /home/chaung/f_ws/install/cartographer_ros_msgs/include/cartographer_ros_msgs/msg/detail/submap_list__struct.h
-- Symlinking: /home/chaung/f_ws/install/cartographer_ros_msgs/include/cartographer_ros_msgs/msg/detail/submap_list__type_support.h
-- Symlinking: /home/chaung/f_ws/install/cartographer_ros_msgs/include/cartographer_ros_msgs/msg/detail/submap_texture__functions.h
-- Symlinking: /home/chaung/f_ws/install/cartographer_ros_msgs/include/cartographer_ros_msgs/msg/detail/submap_texture__struct.h
-- Symlinking: /home/chaung/f_ws/install/cartographer_ros_msgs/include/cartographer_ros_msgs/msg/detail/submap_texture__type_support.h
-- Symlinking: /home/chaung/f_ws/install/cartographer_ros_msgs/include/cartographer_ros_msgs/msg/detail/trajectory_options__functions.h
-- Symlinking: /home/chaung/f_ws/install/cartographer_ros_msgs/include/cartographer_ros_msgs/msg/detail/trajectory_options__struct.h
-- Symlinking: /home/chaung/f_ws/install/cartographer_ros_msgs/include/cartographer_ros_msgs/msg/detail/trajectory_options__type_support.h
-- Symlinking: /home/chaung/f_ws/install/cartographer_ros_msgs/include/cartographer_ros_msgs/msg/landmark_entry.h
-- Symlinking: /home/chaung/f_ws/install/cartographer_ros_msgs/include/cartographer_ros_msgs/msg/landmark_list.h
-- Symlinking: /home/chaung/f_ws/install/cartographer_ros_msgs/include/cartographer_ros_msgs/msg/rosidl_generator_c__visibility_control.h
-- Symlinking: /home/chaung/f_ws/install/cartographer_ros_msgs/include/cartographer_ros_msgs/msg/sensor_topics.h
-- Symlinking: /home/chaung/f_ws/install/cartographer_ros_msgs/include/cartographer_ros_msgs/msg/status_code.h
-- Symlinking: /home/chaung/f_ws/install/cartographer_ros_msgs/include/cartographer_ros_msgs/msg/status_response.h
-- Symlinking: /home/chaung/f_ws/install/cartographer_ros_msgs/include/cartographer_ros_msgs/msg/submap_entry.h
-- Symlinking: /home/chaung/f_ws/install/cartographer_ros_msgs/include/cartographer_ros_msgs/msg/submap_list.h
-- Symlinking: /home/chaung/f_ws/install/cartographer_ros_msgs/include/cartographer_ros_msgs/msg/submap_texture.h
-- Symlinking: /home/chaung/f_ws/install/cartographer_ros_msgs/include/cartographer_ros_msgs/msg/trajectory_options.h
-- Symlinking: /home/chaung/f_ws/install/cartographer_ros_msgs/include/cartographer_ros_msgs/srv/detail/finish_trajectory__functions.h
-- Symlinking: /home/chaung/f_ws/install/cartographer_ros_msgs/include/cartographer_ros_msgs/srv/detail/finish_trajectory__struct.h
-- Symlinking: /home/chaung/f_ws/install/cartographer_ros_msgs/include/cartographer_ros_msgs/srv/detail/finish_trajectory__type_support.h
-- Symlinking: /home/chaung/f_ws/install/cartographer_ros_msgs/include/cartographer_ros_msgs/srv/detail/start_trajectory__functions.h
-- Symlinking: /home/chaung/f_ws/install/cartographer_ros_msgs/include/cartographer_ros_msgs/srv/detail/start_trajectory__struct.h
-- Symlinking: /home/chaung/f_ws/install/cartographer_ros_msgs/include/cartographer_ros_msgs/srv/detail/start_trajectory__type_support.h
-- Symlinking: /home/chaung/f_ws/install/cartographer_ros_msgs/include/cartographer_ros_msgs/srv/detail/submap_query__functions.h
-- Symlinking: /home/chaung/f_ws/install/cartographer_ros_msgs/include/cartographer_ros_msgs/srv/detail/submap_query__struct.h
-- Symlinking: /home/chaung/f_ws/install/cartographer_ros_msgs/include/cartographer_ros_msgs/srv/detail/submap_query__type_support.h
-- Symlinking: /home/chaung/f_ws/install/cartographer_ros_msgs/include/cartographer_ros_msgs/srv/detail/write_state__functions.h
-- Symlinking: /home/chaung/f_ws/install/cartographer_ros_msgs/include/cartographer_ros_msgs/srv/detail/write_state__struct.h
-- Symlinking: /home/chaung/f_ws/install/cartographer_ros_msgs/include/cartographer_ros_msgs/srv/detail/write_state__type_support.h
-- Symlinking: /home/chaung/f_ws/install/cartographer_ros_msgs/include/cartographer_ros_msgs/srv/finish_trajectory.h
-- Symlinking: /home/chaung/f_ws/install/cartographer_ros_msgs/include/cartographer_ros_msgs/srv/start_trajectory.h
-- Symlinking: /home/chaung/f_ws/install/cartographer_ros_msgs/include/cartographer_ros_msgs/srv/submap_query.h
-- Symlinking: /home/chaung/f_ws/install/cartographer_ros_msgs/include/cartographer_ros_msgs/srv/write_state.h
-- Symlinking: /home/chaung/f_ws/install/cartographer_ros_msgs/share/cartographer_ros_msgs/environment/library_path.sh
-- Symlinking: /home/chaung/f_ws/install/cartographer_ros_msgs/share/cartographer_ros_msgs/environment/library_path.dsv
-- Symlinking: /home/chaung/f_ws/install/cartographer_ros_msgs/include/cartographer_ros_msgs/msg/detail/landmark_entry__rosidl_typesupport_fastrtps_c.h
-- Symlinking: /home/chaung/f_ws/install/cartographer_ros_msgs/include/cartographer_ros_msgs/msg/detail/landmark_list__rosidl_typesupport_fastrtps_c.h
-- Symlinking: /home/chaung/f_ws/install/cartographer_ros_msgs/include/cartographer_ros_msgs/msg/detail/sensor_topics__rosidl_typesupport_fastrtps_c.h
-- Symlinking: /home/chaung/f_ws/install/cartographer_ros_msgs/include/cartographer_ros_msgs/msg/detail/status_code__rosidl_typesupport_fastrtps_c.h
-- Symlinking: /home/chaung/f_ws/install/cartographer_ros_msgs/include/cartographer_ros_msgs/msg/detail/status_response__rosidl_typesupport_fastrtps_c.h
-- Symlinking: /home/chaung/f_ws/install/cartographer_ros_msgs/include/cartographer_ros_msgs/msg/detail/submap_entry__rosidl_typesupport_fastrtps_c.h
-- Symlinking: /home/chaung/f_ws/install/cartographer_ros_msgs/include/cartographer_ros_msgs/msg/detail/submap_list__rosidl_typesupport_fastrtps_c.h
-- Symlinking: /home/chaung/f_ws/install/cartographer_ros_msgs/include/cartographer_ros_msgs/msg/detail/submap_texture__rosidl_typesupport_fastrtps_c.h
-- Symlinking: /home/chaung/f_ws/install/cartographer_ros_msgs/include/cartographer_ros_msgs/msg/detail/trajectory_options__rosidl_typesupport_fastrtps_c.h
-- Symlinking: /home/chaung/f_ws/install/cartographer_ros_msgs/include/cartographer_ros_msgs/msg/rosidl_typesupport_fastrtps_c__visibility_control.h
-- Symlinking: /home/chaung/f_ws/install/cartographer_ros_msgs/include/cartographer_ros_msgs/srv/detail/finish_trajectory__rosidl_typesupport_fastrtps_c.h
-- Symlinking: /home/chaung/f_ws/install/cartographer_ros_msgs/include/cartographer_ros_msgs/srv/detail/start_trajectory__rosidl_typesupport_fastrtps_c.h
-- Symlinking: /home/chaung/f_ws/install/cartographer_ros_msgs/include/cartographer_ros_msgs/srv/detail/submap_query__rosidl_typesupport_fastrtps_c.h
-- Symlinking: /home/chaung/f_ws/install/cartographer_ros_msgs/include/cartographer_ros_msgs/srv/detail/write_state__rosidl_typesupport_fastrtps_c.h
-- Symlinking: /home/chaung/f_ws/install/cartographer_ros_msgs/lib/libcartographer_ros_msgs__rosidl_typesupport_fastrtps_c.so
-- Symlinking: /home/chaung/f_ws/install/cartographer_ros_msgs/include/cartographer_ros_msgs/msg/detail/landmark_entry__rosidl_typesupport_fastrtps_cpp.hpp
-- Symlinking: /home/chaung/f_ws/install/cartographer_ros_msgs/include/cartographer_ros_msgs/msg/detail/landmark_list__rosidl_typesupport_fastrtps_cpp.hpp
-- Symlinking: /home/chaung/f_ws/install/cartographer_ros_msgs/include/cartographer_ros_msgs/msg/detail/sensor_topics__rosidl_typesupport_fastrtps_cpp.hpp
-- Symlinking: /home/chaung/f_ws/install/cartographer_ros_msgs/include/cartographer_ros_msgs/msg/detail/status_code__rosidl_typesupport_fastrtps_cpp.hpp
-- Symlinking: /home/chaung/f_ws/install/cartographer_ros_msgs/include/cartographer_ros_msgs/msg/detail/status_response__rosidl_typesupport_fastrtps_cpp.hpp
-- Symlinking: /home/chaung/f_ws/install/cartographer_ros_msgs/include/cartographer_ros_msgs/msg/detail/submap_entry__rosidl_typesupport_fastrtps_cpp.hpp
-- Symlinking: /home/chaung/f_ws/install/cartographer_ros_msgs/include/cartographer_ros_msgs/msg/detail/submap_list__rosidl_typesupport_fastrtps_cpp.hpp
-- Symlinking: /home/chaung/f_ws/install/cartographer_ros_msgs/include/cartographer_ros_msgs/msg/detail/submap_texture__rosidl_typesupport_fastrtps_cpp.hpp
-- Symlinking: /home/chaung/f_ws/install/cartographer_ros_msgs/include/cartographer_ros_msgs/msg/detail/trajectory_options__rosidl_typesupport_fastrtps_cpp.hpp
-- Symlinking: /home/chaung/f_ws/install/cartographer_ros_msgs/include/cartographer_ros_msgs/msg/rosidl_typesupport_fastrtps_cpp__visibility_control.h
-- Symlinking: /home/chaung/f_ws/install/cartographer_ros_msgs/include/cartographer_ros_msgs/srv/detail/finish_trajectory__rosidl_typesupport_fastrtps_cpp.hpp
-- Symlinking: /home/chaung/f_ws/install/cartographer_ros_msgs/include/cartographer_ros_msgs/srv/detail/start_trajectory__rosidl_typesupport_fastrtps_cpp.hpp
-- Symlinking: /home/chaung/f_ws/install/cartographer_ros_msgs/include/cartographer_ros_msgs/srv/detail/submap_query__rosidl_typesupport_fastrtps_cpp.hpp
-- Symlinking: /home/chaung/f_ws/install/cartographer_ros_msgs/include/cartographer_ros_msgs/srv/detail/write_state__rosidl_typesupport_fastrtps_cpp.hpp
-- Symlinking: /home/chaung/f_ws/install/cartographer_ros_msgs/lib/libcartographer_ros_msgs__rosidl_typesupport_fastrtps_cpp.so
-- Symlinking: /home/chaung/f_ws/install/cartographer_ros_msgs/include/cartographer_ros_msgs/msg/detail/landmark_entry__rosidl_typesupport_introspection_c.h
-- Symlinking: /home/chaung/f_ws/install/cartographer_ros_msgs/include/cartographer_ros_msgs/msg/detail/landmark_list__rosidl_typesupport_introspection_c.h
-- Symlinking: /home/chaung/f_ws/install/cartographer_ros_msgs/include/cartographer_ros_msgs/msg/detail/sensor_topics__rosidl_typesupport_introspection_c.h
-- Symlinking: /home/chaung/f_ws/install/cartographer_ros_msgs/include/cartographer_ros_msgs/msg/detail/status_code__rosidl_typesupport_introspection_c.h
-- Symlinking: /home/chaung/f_ws/install/cartographer_ros_msgs/include/cartographer_ros_msgs/msg/detail/status_response__rosidl_typesupport_introspection_c.h
-- Symlinking: /home/chaung/f_ws/install/cartographer_ros_msgs/include/cartographer_ros_msgs/msg/detail/submap_entry__rosidl_typesupport_introspection_c.h
-- Symlinking: /home/chaung/f_ws/install/cartographer_ros_msgs/include/cartographer_ros_msgs/msg/detail/submap_list__rosidl_typesupport_introspection_c.h
-- Symlinking: /home/chaung/f_ws/install/cartographer_ros_msgs/include/cartographer_ros_msgs/msg/detail/submap_texture__rosidl_typesupport_introspection_c.h
-- Symlinking: /home/chaung/f_ws/install/cartographer_ros_msgs/include/cartographer_ros_msgs/msg/detail/trajectory_options__rosidl_typesupport_introspection_c.h
-- Symlinking: /home/chaung/f_ws/install/cartographer_ros_msgs/include/cartographer_ros_msgs/msg/rosidl_typesupport_introspection_c__visibility_control.h
-- Symlinking: /home/chaung/f_ws/install/cartographer_ros_msgs/include/cartographer_ros_msgs/srv/detail/finish_trajectory__rosidl_typesupport_introspection_c.h
-- Symlinking: /home/chaung/f_ws/install/cartographer_ros_msgs/include/cartographer_ros_msgs/srv/detail/start_trajectory__rosidl_typesupport_introspection_c.h
-- Symlinking: /home/chaung/f_ws/install/cartographer_ros_msgs/include/cartographer_ros_msgs/srv/detail/submap_query__rosidl_typesupport_introspection_c.h
-- Symlinking: /home/chaung/f_ws/install/cartographer_ros_msgs/include/cartographer_ros_msgs/srv/detail/write_state__rosidl_typesupport_introspection_c.h
-- Symlinking: /home/chaung/f_ws/install/cartographer_ros_msgs/include/cartographer_ros_msgs/msg/detail/landmark_entry__builder.hpp
-- Symlinking: /home/chaung/f_ws/install/cartographer_ros_msgs/include/cartographer_ros_msgs/msg/detail/landmark_entry__struct.hpp
-- Symlinking: /home/chaung/f_ws/install/cartographer_ros_msgs/include/cartographer_ros_msgs/msg/detail/landmark_entry__traits.hpp
-- Symlinking: /home/chaung/f_ws/install/cartographer_ros_msgs/include/cartographer_ros_msgs/msg/detail/landmark_list__builder.hpp
-- Symlinking: /home/chaung/f_ws/install/cartographer_ros_msgs/include/cartographer_ros_msgs/msg/detail/landmark_list__struct.hpp
-- Symlinking: /home/chaung/f_ws/install/cartographer_ros_msgs/include/cartographer_ros_msgs/msg/detail/landmark_list__traits.hpp
-- Symlinking: /home/chaung/f_ws/install/cartographer_ros_msgs/include/cartographer_ros_msgs/msg/detail/sensor_topics__builder.hpp
-- Symlinking: /home/chaung/f_ws/install/cartographer_ros_msgs/include/cartographer_ros_msgs/msg/detail/sensor_topics__struct.hpp
-- Symlinking: /home/chaung/f_ws/install/cartographer_ros_msgs/include/cartographer_ros_msgs/msg/detail/sensor_topics__traits.hpp
-- Symlinking: /home/chaung/f_ws/install/cartographer_ros_msgs/include/cartographer_ros_msgs/msg/detail/status_code__builder.hpp
-- Symlinking: /home/chaung/f_ws/install/cartographer_ros_msgs/include/cartographer_ros_msgs/msg/detail/status_code__struct.hpp
-- Symlinking: /home/chaung/f_ws/install/cartographer_ros_msgs/include/cartographer_ros_msgs/msg/detail/status_code__traits.hpp
-- Symlinking: /home/chaung/f_ws/install/cartographer_ros_msgs/include/cartographer_ros_msgs/msg/detail/status_response__builder.hpp
-- Symlinking: /home/chaung/f_ws/install/cartographer_ros_msgs/include/cartographer_ros_msgs/msg/detail/status_response__struct.hpp
-- Symlinking: /home/chaung/f_ws/install/cartographer_ros_msgs/include/cartographer_ros_msgs/msg/detail/status_response__traits.hpp
-- Symlinking: /home/chaung/f_ws/install/cartographer_ros_msgs/include/cartographer_ros_msgs/msg/detail/submap_entry__builder.hpp
-- Symlinking: /home/chaung/f_ws/install/cartographer_ros_msgs/include/cartographer_ros_msgs/msg/detail/submap_entry__struct.hpp
-- Symlinking: /home/chaung/f_ws/install/cartographer_ros_msgs/include/cartographer_ros_msgs/msg/detail/submap_entry__traits.hpp
-- Symlinking: /home/chaung/f_ws/install/cartographer_ros_msgs/include/cartographer_ros_msgs/msg/detail/submap_list__builder.hpp
-- Symlinking: /home/chaung/f_ws/install/cartographer_ros_msgs/include/cartographer_ros_msgs/msg/detail/submap_list__struct.hpp
-- Symlinking: /home/chaung/f_ws/install/cartographer_ros_msgs/include/cartographer_ros_msgs/msg/detail/submap_list__traits.hpp
-- Symlinking: /home/chaung/f_ws/install/cartographer_ros_msgs/include/cartographer_ros_msgs/msg/detail/submap_texture__builder.hpp
-- Symlinking: /home/chaung/f_ws/install/cartographer_ros_msgs/include/cartographer_ros_msgs/msg/detail/submap_texture__struct.hpp
-- Symlinking: /home/chaung/f_ws/install/cartographer_ros_msgs/include/cartographer_ros_msgs/msg/detail/submap_texture__traits.hpp
-- Symlinking: /home/chaung/f_ws/install/cartographer_ros_msgs/include/cartographer_ros_msgs/msg/detail/trajectory_options__builder.hpp
-- Symlinking: /home/chaung/f_ws/install/cartographer_ros_msgs/include/cartographer_ros_msgs/msg/detail/trajectory_options__struct.hpp
-- Symlinking: /home/chaung/f_ws/install/cartographer_ros_msgs/include/cartographer_ros_msgs/msg/detail/trajectory_options__traits.hpp
-- Symlinking: /home/chaung/f_ws/install/cartographer_ros_msgs/include/cartographer_ros_msgs/msg/landmark_entry.hpp
-- Symlinking: /home/chaung/f_ws/install/cartographer_ros_msgs/include/cartographer_ros_msgs/msg/landmark_list.hpp
-- Symlinking: /home/chaung/f_ws/install/cartographer_ros_msgs/include/cartographer_ros_msgs/msg/sensor_topics.hpp
-- Symlinking: /home/chaung/f_ws/install/cartographer_ros_msgs/include/cartographer_ros_msgs/msg/status_code.hpp
-- Symlinking: /home/chaung/f_ws/install/cartographer_ros_msgs/include/cartographer_ros_msgs/msg/status_response.hpp
-- Symlinking: /home/chaung/f_ws/install/cartographer_ros_msgs/include/cartographer_ros_msgs/msg/submap_entry.hpp
-- Symlinking: /home/chaung/f_ws/install/cartographer_ros_msgs/include/cartographer_ros_msgs/msg/submap_list.hpp
-- Symlinking: /home/chaung/f_ws/install/cartographer_ros_msgs/include/cartographer_ros_msgs/msg/submap_texture.hpp
-- Symlinking: /home/chaung/f_ws/install/cartographer_ros_msgs/include/cartographer_ros_msgs/msg/trajectory_options.hpp
-- Symlinking: /home/chaung/f_ws/install/cartographer_ros_msgs/include/cartographer_ros_msgs/srv/detail/finish_trajectory__builder.hpp
-- Symlinking: /home/chaung/f_ws/install/cartographer_ros_msgs/include/cartographer_ros_msgs/srv/detail/finish_trajectory__struct.hpp
-- Symlinking: /home/chaung/f_ws/install/cartographer_ros_msgs/include/cartographer_ros_msgs/srv/detail/finish_trajectory__traits.hpp
-- Symlinking: /home/chaung/f_ws/install/cartographer_ros_msgs/include/cartographer_ros_msgs/srv/detail/start_trajectory__builder.hpp
-- Symlinking: /home/chaung/f_ws/install/cartographer_ros_msgs/include/cartographer_ros_msgs/srv/detail/start_trajectory__struct.hpp
-- Symlinking: /home/chaung/f_ws/install/cartographer_ros_msgs/include/cartographer_ros_msgs/srv/detail/start_trajectory__traits.hpp
-- Symlinking: /home/chaung/f_ws/install/cartographer_ros_msgs/include/cartographer_ros_msgs/srv/detail/submap_query__builder.hpp
-- Symlinking: /home/chaung/f_ws/install/cartographer_ros_msgs/include/cartographer_ros_msgs/srv/detail/submap_query__struct.hpp
-- Symlinking: /home/chaung/f_ws/install/cartographer_ros_msgs/include/cartographer_ros_msgs/srv/detail/submap_query__traits.hpp
-- Symlinking: /home/chaung/f_ws/install/cartographer_ros_msgs/include/cartographer_ros_msgs/srv/detail/write_state__builder.hpp
-- Symlinking: /home/chaung/f_ws/install/cartographer_ros_msgs/include/cartographer_ros_msgs/srv/detail/write_state__struct.hpp
-- Symlinking: /home/chaung/f_ws/install/cartographer_ros_msgs/include/cartographer_ros_msgs/srv/detail/write_state__traits.hpp
-- Symlinking: /home/chaung/f_ws/install/cartographer_ros_msgs/include/cartographer_ros_msgs/srv/finish_trajectory.hpp
-- Symlinking: /home/chaung/f_ws/install/cartographer_ros_msgs/include/cartographer_ros_msgs/srv/start_trajectory.hpp
-- Symlinking: /home/chaung/f_ws/install/cartographer_ros_msgs/include/cartographer_ros_msgs/srv/submap_query.hpp
-- Symlinking: /home/chaung/f_ws/install/cartographer_ros_msgs/include/cartographer_ros_msgs/srv/write_state.hpp
-- Symlinking: /home/chaung/f_ws/install/cartographer_ros_msgs/include/cartographer_ros_msgs/msg/detail/landmark_entry__rosidl_typesupport_introspection_cpp.hpp
-- Symlinking: /home/chaung/f_ws/install/cartographer_ros_msgs/include/cartographer_ros_msgs/msg/detail/landmark_list__rosidl_typesupport_introspection_cpp.hpp
-- Symlinking: /home/chaung/f_ws/install/cartographer_ros_msgs/include/cartographer_ros_msgs/msg/detail/sensor_topics__rosidl_typesupport_introspection_cpp.hpp
-- Symlinking: /home/chaung/f_ws/install/cartographer_ros_msgs/include/cartographer_ros_msgs/msg/detail/status_code__rosidl_typesupport_introspection_cpp.hpp
-- Symlinking: /home/chaung/f_ws/install/cartographer_ros_msgs/include/cartographer_ros_msgs/msg/detail/status_response__rosidl_typesupport_introspection_cpp.hpp
-- Symlinking: /home/chaung/f_ws/install/cartographer_ros_msgs/include/cartographer_ros_msgs/msg/detail/submap_entry__rosidl_typesupport_introspection_cpp.hpp
-- Symlinking: /home/chaung/f_ws/install/cartographer_ros_msgs/include/cartographer_ros_msgs/msg/detail/submap_list__rosidl_typesupport_introspection_cpp.hpp
-- Symlinking: /home/chaung/f_ws/install/cartographer_ros_msgs/include/cartographer_ros_msgs/msg/detail/submap_texture__rosidl_typesupport_introspection_cpp.hpp
-- Symlinking: /home/chaung/f_ws/install/cartographer_ros_msgs/include/cartographer_ros_msgs/msg/detail/trajectory_options__rosidl_typesupport_introspection_cpp.hpp
-- Symlinking: /home/chaung/f_ws/install/cartographer_ros_msgs/include/cartographer_ros_msgs/srv/detail/finish_trajectory__rosidl_typesupport_introspection_cpp.hpp
-- Symlinking: /home/chaung/f_ws/install/cartographer_ros_msgs/include/cartographer_ros_msgs/srv/detail/start_trajectory__rosidl_typesupport_introspection_cpp.hpp
-- Symlinking: /home/chaung/f_ws/install/cartographer_ros_msgs/include/cartographer_ros_msgs/srv/detail/submap_query__rosidl_typesupport_introspection_cpp.hpp
-- Symlinking: /home/chaung/f_ws/install/cartographer_ros_msgs/include/cartographer_ros_msgs/srv/detail/write_state__rosidl_typesupport_introspection_cpp.hpp
-- Symlinking: /home/chaung/f_ws/install/cartographer_ros_msgs/share/cartographer_ros_msgs/environment/pythonpath.sh
-- Symlinking: /home/chaung/f_ws/install/cartographer_ros_msgs/share/cartographer_ros_msgs/environment/pythonpath.dsv
-- Symlinking: /home/chaung/f_ws/install/cartographer_ros_msgs/lib/python3.8/site-packages/cartographer_ros_msgs/__init__.py
-- Symlinking: /home/chaung/f_ws/install/cartographer_ros_msgs/lib/python3.8/site-packages/cartographer_ros_msgs/msg/__init__.py
-- Symlinking: /home/chaung/f_ws/install/cartographer_ros_msgs/lib/python3.8/site-packages/cartographer_ros_msgs/msg/_landmark_entry.py
-- Symlinking: /home/chaung/f_ws/install/cartographer_ros_msgs/lib/python3.8/site-packages/cartographer_ros_msgs/msg/_landmark_list.py
-- Symlinking: /home/chaung/f_ws/install/cartographer_ros_msgs/lib/python3.8/site-packages/cartographer_ros_msgs/msg/_sensor_topics.py
-- Symlinking: /home/chaung/f_ws/install/cartographer_ros_msgs/lib/python3.8/site-packages/cartographer_ros_msgs/msg/_status_code.py
-- Symlinking: /home/chaung/f_ws/install/cartographer_ros_msgs/lib/python3.8/site-packages/cartographer_ros_msgs/msg/_status_response.py
-- Symlinking: /home/chaung/f_ws/install/cartographer_ros_msgs/lib/python3.8/site-packages/cartographer_ros_msgs/msg/_submap_entry.py
-- Symlinking: /home/chaung/f_ws/install/cartographer_ros_msgs/lib/python3.8/site-packages/cartographer_ros_msgs/msg/_submap_list.py
-- Symlinking: /home/chaung/f_ws/install/cartographer_ros_msgs/lib/python3.8/site-packages/cartographer_ros_msgs/msg/_submap_texture.py
-- Symlinking: /home/chaung/f_ws/install/cartographer_ros_msgs/lib/python3.8/site-packages/cartographer_ros_msgs/msg/_trajectory_options.py
-- Symlinking: /home/chaung/f_ws/install/cartographer_ros_msgs/lib/python3.8/site-packages/cartographer_ros_msgs/srv/__init__.py
-- Symlinking: /home/chaung/f_ws/install/cartographer_ros_msgs/lib/python3.8/site-packages/cartographer_ros_msgs/srv/_finish_trajectory.py
-- Symlinking: /home/chaung/f_ws/install/cartographer_ros_msgs/lib/python3.8/site-packages/cartographer_ros_msgs/srv/_start_trajectory.py
-- Symlinking: /home/chaung/f_ws/install/cartographer_ros_msgs/lib/python3.8/site-packages/cartographer_ros_msgs/srv/_submap_query.py
-- Symlinking: /home/chaung/f_ws/install/cartographer_ros_msgs/lib/python3.8/site-packages/cartographer_ros_msgs/srv/_write_state.py
-- Symlinking: /home/chaung/f_ws/install/cartographer_ros_msgs/lib/python3.8/site-packages/cartographer_ros_msgs/cartographer_ros_msgs_s__rosidl_typesupport_fastrtps_c.cpython-38-x86_64-linux-gnu.so
-- Symlinking: /home/chaung/f_ws/install/cartographer_ros_msgs/lib/python3.8/site-packages/cartographer_ros_msgs/cartographer_ros_msgs_s__rosidl_typesupport_introspection_c.cpython-38-x86_64-linux-gnu.so
-- Symlinking: /home/chaung/f_ws/install/cartographer_ros_msgs/lib/python3.8/site-packages/cartographer_ros_msgs/cartographer_ros_msgs_s__rosidl_typesupport_c.cpython-38-x86_64-linux-gnu.so
-- Symlinking: /home/chaung/f_ws/install/cartographer_ros_msgs/lib/libcartographer_ros_msgs__python.so
-- Symlinking: /home/chaung/f_ws/install/cartographer_ros_msgs/share/cartographer_ros_msgs/msg/LandmarkEntry.idl
-- Symlinking: /home/chaung/f_ws/install/cartographer_ros_msgs/share/cartographer_ros_msgs/msg/LandmarkList.idl
-- Symlinking: /home/chaung/f_ws/install/cartographer_ros_msgs/share/cartographer_ros_msgs/msg/SensorTopics.idl
-- Symlinking: /home/chaung/f_ws/install/cartographer_ros_msgs/share/cartographer_ros_msgs/msg/StatusCode.idl
-- Symlinking: /home/chaung/f_ws/install/cartographer_ros_msgs/share/cartographer_ros_msgs/msg/StatusResponse.idl
-- Symlinking: /home/chaung/f_ws/install/cartographer_ros_msgs/share/cartographer_ros_msgs/msg/SubmapEntry.idl
-- Symlinking: /home/chaung/f_ws/install/cartographer_ros_msgs/share/cartographer_ros_msgs/msg/SubmapList.idl
-- Symlinking: /home/chaung/f_ws/install/cartographer_ros_msgs/share/cartographer_ros_msgs/msg/SubmapTexture.idl
-- Symlinking: /home/chaung/f_ws/install/cartographer_ros_msgs/share/cartographer_ros_msgs/msg/TrajectoryOptions.idl
-- Symlinking: /home/chaung/f_ws/install/cartographer_ros_msgs/share/cartographer_ros_msgs/srv/FinishTrajectory.idl
-- Symlinking: /home/chaung/f_ws/install/cartographer_ros_msgs/share/cartographer_ros_msgs/srv/StartTrajectory.idl
-- Symlinking: /home/chaung/f_ws/install/cartographer_ros_msgs/share/cartographer_ros_msgs/srv/SubmapQuery.idl
-- Symlinking: /home/chaung/f_ws/install/cartographer_ros_msgs/share/cartographer_ros_msgs/srv/WriteState.idl
-- Symlinking: /home/chaung/f_ws/install/cartographer_ros_msgs/share/cartographer_ros_msgs/msg/LandmarkEntry.msg
-- Symlinking: /home/chaung/f_ws/install/cartographer_ros_msgs/share/cartographer_ros_msgs/msg/LandmarkList.msg
-- Symlinking: /home/chaung/f_ws/install/cartographer_ros_msgs/share/cartographer_ros_msgs/msg/SensorTopics.msg
-- Symlinking: /home/chaung/f_ws/install/cartographer_ros_msgs/share/cartographer_ros_msgs/msg/StatusCode.msg
-- Symlinking: /home/chaung/f_ws/install/cartographer_ros_msgs/share/cartographer_ros_msgs/msg/StatusResponse.msg
-- Symlinking: /home/chaung/f_ws/install/cartographer_ros_msgs/share/cartographer_ros_msgs/msg/SubmapEntry.msg
-- Symlinking: /home/chaung/f_ws/install/cartographer_ros_msgs/share/cartographer_ros_msgs/msg/SubmapList.msg
-- Symlinking: /home/chaung/f_ws/install/cartographer_ros_msgs/share/cartographer_ros_msgs/msg/SubmapTexture.msg
-- Symlinking: /home/chaung/f_ws/install/cartographer_ros_msgs/share/cartographer_ros_msgs/msg/TrajectoryOptions.msg
-- Symlinking: /home/chaung/f_ws/install/cartographer_ros_msgs/share/cartographer_ros_msgs/srv/FinishTrajectory.srv
-- Symlinking: /home/chaung/f_ws/install/cartographer_ros_msgs/share/cartographer_ros_msgs/srv/FinishTrajectory_Request.msg
-- Symlinking: /home/chaung/f_ws/install/cartographer_ros_msgs/share/cartographer_ros_msgs/srv/FinishTrajectory_Response.msg
-- Symlinking: /home/chaung/f_ws/install/cartographer_ros_msgs/share/cartographer_ros_msgs/srv/StartTrajectory.srv
-- Symlinking: /home/chaung/f_ws/install/cartographer_ros_msgs/share/cartographer_ros_msgs/srv/StartTrajectory_Request.msg
-- Symlinking: /home/chaung/f_ws/install/cartographer_ros_msgs/share/cartographer_ros_msgs/srv/StartTrajectory_Response.msg
-- Symlinking: /home/chaung/f_ws/install/cartographer_ros_msgs/share/cartographer_ros_msgs/srv/SubmapQuery.srv
-- Symlinking: /home/chaung/f_ws/install/cartographer_ros_msgs/share/cartographer_ros_msgs/srv/SubmapQuery_Request.msg
-- Symlinking: /home/chaung/f_ws/install/cartographer_ros_msgs/share/cartographer_ros_msgs/srv/SubmapQuery_Response.msg
-- Symlinking: /home/chaung/f_ws/install/cartographer_ros_msgs/share/cartographer_ros_msgs/srv/WriteState.srv
-- Symlinking: /home/chaung/f_ws/install/cartographer_ros_msgs/share/cartographer_ros_msgs/srv/WriteState_Request.msg
-- Symlinking: /home/chaung/f_ws/install/cartographer_ros_msgs/share/cartographer_ros_msgs/srv/WriteState_Response.msg
-- Symlinking: /home/chaung/f_ws/install/cartographer_ros_msgs/share/ament_index/resource_index/package_run_dependencies/cartographer_ros_msgs
-- Symlinking: /home/chaung/f_ws/install/cartographer_ros_msgs/share/ament_index/resource_index/parent_prefix_path/cartographer_ros_msgs
-- Symlinking: /home/chaung/f_ws/install/cartographer_ros_msgs/share/cartographer_ros_msgs/environment/ament_prefix_path.sh
-- Symlinking: /home/chaung/f_ws/install/cartographer_ros_msgs/share/cartographer_ros_msgs/environment/ament_prefix_path.dsv
-- Symlinking: /home/chaung/f_ws/install/cartographer_ros_msgs/share/cartographer_ros_msgs/environment/path.sh
-- Symlinking: /home/chaung/f_ws/install/cartographer_ros_msgs/share/cartographer_ros_msgs/environment/path.dsv
-- Symlinking: /home/chaung/f_ws/install/cartographer_ros_msgs/share/cartographer_ros_msgs/local_setup.bash
-- Symlinking: /home/chaung/f_ws/install/cartographer_ros_msgs/share/cartographer_ros_msgs/local_setup.sh
-- Symlinking: /home/chaung/f_ws/install/cartographer_ros_msgs/share/cartographer_ros_msgs/local_setup.zsh
-- Symlinking: /home/chaung/f_ws/install/cartographer_ros_msgs/share/cartographer_ros_msgs/local_setup.dsv
-- Symlinking: /home/chaung/f_ws/install/cartographer_ros_msgs/share/cartographer_ros_msgs/package.dsv
-- Symlinking: /home/chaung/f_ws/install/cartographer_ros_msgs/share/ament_index/resource_index/packages/cartographer_ros_msgs
-- Symlinking: /home/chaung/f_ws/install/cartographer_ros_msgs/share/cartographer_ros_msgs/cmake/rosidl_cmake-extras.cmake
-- Symlinking: /home/chaung/f_ws/install/cartographer_ros_msgs/share/cartographer_ros_msgs/cmake/ament_cmake_export_dependencies-extras.cmake
-- Symlinking: /home/chaung/f_ws/install/cartographer_ros_msgs/share/cartographer_ros_msgs/cmake/ament_cmake_export_libraries-extras.cmake
-- Symlinking: /home/chaung/f_ws/install/cartographer_ros_msgs/share/cartographer_ros_msgs/cmake/ament_cmake_export_targets-extras.cmake
-- Symlinking: /home/chaung/f_ws/install/cartographer_ros_msgs/share/cartographer_ros_msgs/cmake/ament_cmake_export_include_directories-extras.cmake
-- Symlinking: /home/chaung/f_ws/install/cartographer_ros_msgs/share/cartographer_ros_msgs/cmake/rosidl_cmake_export_typesupport_libraries-extras.cmake
-- Symlinking: /home/chaung/f_ws/install/cartographer_ros_msgs/share/cartographer_ros_msgs/cmake/rosidl_cmake_export_typesupport_targets-extras.cmake
-- Symlinking: /home/chaung/f_ws/install/cartographer_ros_msgs/share/cartographer_ros_msgs/cmake/cartographer_ros_msgsConfig.cmake
-- Symlinking: /home/chaung/f_ws/install/cartographer_ros_msgs/share/cartographer_ros_msgs/cmake/cartographer_ros_msgsConfig-version.cmake
-- Symlinking: /home/chaung/f_ws/install/cartographer_ros_msgs/share/cartographer_ros_msgs/package.xml
-- Up-to-date: /home/chaung/f_ws/install/cartographer_ros_msgs/lib/libcartographer_ros_msgs__rosidl_generator_c.so
-- Up-to-date: /home/chaung/f_ws/install/cartographer_ros_msgs/lib/libcartographer_ros_msgs__rosidl_typesupport_introspection_c.so
-- Up-to-date: /home/chaung/f_ws/install/cartographer_ros_msgs/lib/libcartographer_ros_msgs__rosidl_typesupport_c.so
-- Up-to-date: /home/chaung/f_ws/install/cartographer_ros_msgs/lib/libcartographer_ros_msgs__rosidl_typesupport_introspection_cpp.so
-- Up-to-date: /home/chaung/f_ws/install/cartographer_ros_msgs/lib/libcartographer_ros_msgs__rosidl_typesupport_cpp.so
Compiling '/home/chaung/f_ws/install/cartographer_ros_msgs/lib/python3.8/site-packages/cartographer_ros_msgs/__init__.py'...
-- Up-to-date: /home/chaung/f_ws/install/cartographer_ros_msgs/share/cartographer_ros_msgs/cmake/cartographer_ros_msgs__rosidl_generator_cExport.cmake
-- Installing: /home/chaung/f_ws/install/cartographer_ros_msgs/share/cartographer_ros_msgs/cmake/cartographer_ros_msgs__rosidl_generator_cExport-noconfig.cmake
-- Up-to-date: /home/chaung/f_ws/install/cartographer_ros_msgs/share/cartographer_ros_msgs/cmake/cartographer_ros_msgs__rosidl_typesupport_introspection_cExport.cmake
-- Installing: /home/chaung/f_ws/install/cartographer_ros_msgs/share/cartographer_ros_msgs/cmake/cartographer_ros_msgs__rosidl_typesupport_introspection_cExport-noconfig.cmake
-- Up-to-date: /home/chaung/f_ws/install/cartographer_ros_msgs/share/cartographer_ros_msgs/cmake/cartographer_ros_msgs__rosidl_typesupport_cExport.cmake
-- Installing: /home/chaung/f_ws/install/cartographer_ros_msgs/share/cartographer_ros_msgs/cmake/cartographer_ros_msgs__rosidl_typesupport_cExport-noconfig.cmake
-- Up-to-date: /home/chaung/f_ws/install/cartographer_ros_msgs/share/cartographer_ros_msgs/cmake/cartographer_ros_msgs__rosidl_generator_cppExport.cmake
-- Up-to-date: /home/chaung/f_ws/install/cartographer_ros_msgs/share/cartographer_ros_msgs/cmake/cartographer_ros_msgs__rosidl_typesupport_introspection_cppExport.cmake
-- Installing: /home/chaung/f_ws/install/cartographer_ros_msgs/share/cartographer_ros_msgs/cmake/cartographer_ros_msgs__rosidl_typesupport_introspection_cppExport-noconfig.cmake
-- Up-to-date: /home/chaung/f_ws/install/cartographer_ros_msgs/share/cartographer_ros_msgs/cmake/cartographer_ros_msgs__rosidl_typesupport_cppExport.cmake
-- Installing: /home/chaung/f_ws/install/cartographer_ros_msgs/share/cartographer_ros_msgs/cmake/cartographer_ros_msgs__rosidl_typesupport_cppExport-noconfig.cmake
