[0.022s] Invoking command in '/home/chaung/f_ws/build/slam_gmapping': AMENT_PREFIX_PATH=/home/chaung/f_ws/install/openslam_gmapping:${AMENT_PREFIX_PATH} CMAKE_PREFIX_PATH=/home/chaung/f_ws/install/openslam_gmapping:/opt/ros/foxy LD_LIBRARY_PATH=/home/chaung/f_ws/install/openslam_gmapping/lib:${LD_LIBRARY_PATH} /usr/bin/cmake --build /home/chaung/f_ws/build/slam_gmapping -- -j12 -l12
[0.089s] [ 66%] Built target slam_gmapping
[0.089s] [ 66%] Built target scan_dilute
[0.089s] [100%] Built target transform
[0.097s] Invoked command in '/home/chaung/f_ws/build/slam_gmapping' returned '0': AMENT_PREFIX_PATH=/home/chaung/f_ws/install/openslam_gmapping:${AMENT_PREFIX_PATH} CMAKE_PREFIX_PATH=/home/chaung/f_ws/install/openslam_gmapping:/opt/ros/foxy LD_LIBRARY_PATH=/home/chaung/f_ws/install/openslam_gmapping/lib:${LD_LIBRARY_PATH} /usr/bin/cmake --build /home/chaung/f_ws/build/slam_gmapping -- -j12 -l12
[0.141s] Invoking command in '/home/chaung/f_ws/build/slam_gmapping': AMENT_PREFIX_PATH=/home/chaung/f_ws/install/openslam_gmapping:${AMENT_PREFIX_PATH} CMAKE_PREFIX_PATH=/home/chaung/f_ws/install/openslam_gmapping:/opt/ros/foxy LD_LIBRARY_PATH=/home/chaung/f_ws/install/openslam_gmapping/lib:${LD_LIBRARY_PATH} /usr/bin/cmake --install /home/chaung/f_ws/build/slam_gmapping
[0.142s] -- Install configuration: ""
[0.144s] -- Up-to-date: /home/chaung/f_ws/install/slam_gmapping/lib/slam_gmapping/slam_gmapping
[0.145s] -- Up-to-date: /home/chaung/f_ws/install/slam_gmapping/lib/slam_gmapping/transform
[0.145s] -- Up-to-date: /home/chaung/f_ws/install/slam_gmapping/lib/slam_gmapping/scan_dilute
[0.145s] -- Up-to-date: /home/chaung/f_ws/install/slam_gmapping/share/slam_gmapping/launch
[0.145s] -- Up-to-date: /home/chaung/f_ws/install/slam_gmapping/share/slam_gmapping/launch/slam_gmapping.launch.py
[0.146s] -- Up-to-date: /home/chaung/f_ws/install/slam_gmapping/share/ament_index/resource_index/package_run_dependencies/slam_gmapping
[0.146s] -- Up-to-date: /home/chaung/f_ws/install/slam_gmapping/share/ament_index/resource_index/parent_prefix_path/slam_gmapping
[0.146s] -- Up-to-date: /home/chaung/f_ws/install/slam_gmapping/share/slam_gmapping/environment/ament_prefix_path.sh
[0.146s] -- Up-to-date: /home/chaung/f_ws/install/slam_gmapping/share/slam_gmapping/environment/ament_prefix_path.dsv
[0.146s] -- Up-to-date: /home/chaung/f_ws/install/slam_gmapping/share/slam_gmapping/environment/path.sh
[0.147s] -- Up-to-date: /home/chaung/f_ws/install/slam_gmapping/share/slam_gmapping/environment/path.dsv
[0.148s] -- Up-to-date: /home/chaung/f_ws/install/slam_gmapping/share/slam_gmapping/local_setup.bash
[0.149s] -- Up-to-date: /home/chaung/f_ws/install/slam_gmapping/share/slam_gmapping/local_setup.sh
[0.150s] -- Up-to-date: /home/chaung/f_ws/install/slam_gmapping/share/slam_gmapping/local_setup.zsh
[0.150s] -- Up-to-date: /home/chaung/f_ws/install/slam_gmapping/share/slam_gmapping/local_setup.dsv
[0.150s] -- Installing: /home/chaung/f_ws/install/slam_gmapping/share/slam_gmapping/package.dsv
[0.150s] -- Up-to-date: /home/chaung/f_ws/install/slam_gmapping/share/ament_index/resource_index/packages/slam_gmapping
[0.150s] -- Up-to-date: /home/chaung/f_ws/install/slam_gmapping/share/slam_gmapping/cmake/slam_gmappingConfig.cmake
[0.150s] -- Up-to-date: /home/chaung/f_ws/install/slam_gmapping/share/slam_gmapping/cmake/slam_gmappingConfig-version.cmake
[0.150s] -- Up-to-date: /home/chaung/f_ws/install/slam_gmapping/share/slam_gmapping/package.xml
[0.151s] Invoked command in '/home/chaung/f_ws/build/slam_gmapping' returned '0': AMENT_PREFIX_PATH=/home/chaung/f_ws/install/openslam_gmapping:${AMENT_PREFIX_PATH} CMAKE_PREFIX_PATH=/home/chaung/f_ws/install/openslam_gmapping:/opt/ros/foxy LD_LIBRARY_PATH=/home/chaung/f_ws/install/openslam_gmapping/lib:${LD_LIBRARY_PATH} /usr/bin/cmake --install /home/chaung/f_ws/build/slam_gmapping
