[0.081s] Invoking command in '/home/chaung/f_ws/build/cartographer': CMAKE_PREFIX_PATH=${CMAKE_PREFIX_PATH}:/home/chaung/f_ws/install/openslam_gmapping:/home/chaung/f_ws/install/bno055:/opt/ros/foxy /usr/bin/cmake --build /home/chaung/f_ws/build/cartographer
[0.782s] [  1%] Built target gtest
[0.782s] [  1%] Built target cartographer_detect_changes
[0.782s] [  2%] Built target gmock
[0.782s] [  2%] Built target gmock_main
[0.782s] [ 55%] Built target cartographer
[0.782s] [ 56%] Built target cartographer_test_library
[0.783s] [ 57%] Built target cartographer_compute_relations_metrics
[0.783s] [ 57%] Built target cartographer_migrate_serialization_format
[0.783s] [ 58%] Built target cartographer_autogenerate_ground_truth
[0.783s] [ 58%] Built target cartographer.transform.transform_test
[0.783s] [ 58%] Built target cartographer.sensor.range_data_test
[0.783s] [ 59%] Built target cartographer.mapping.3d.range_data_inserter_3d_test
[0.783s] [ 59%] Built target cartographer.sensor.internal.voxel_filter_test
[0.783s] [ 60%] Built target cartographer.mapping.2d.probability_grid_test
[0.783s] [ 61%] Built target cartographer.mapping.pose_graph_test
[0.783s] [ 63%] Built target cartographer.sensor.landmark_data_test
[0.784s] [ 63%] Built target cartographer.mapping.3d.hybrid_grid_test
[0.784s] [ 65%] Built target cartographer.io.points_processor_pipeline_builder_test
[0.784s] [ 65%] Built target cartographer.common.fixed_ratio_sampler_test
[0.784s] [ 65%] Built target cartographer.io.serialization_format_migration_test
[0.784s] [ 66%] Built target cartographer.common.rate_timer_test
[0.784s] [ 68%] Built target cartographer.mapping.trajectory_node_test
[0.784s] [ 68%] Built target cartographer.mapping.2d.map_limits_test
[0.784s] [ 68%] Built target cartographer.mapping.submaps_test
[0.784s] [ 68%] Built target cartographer.mapping.3d.submap_3d_test
[0.784s] [ 68%] Built target cartographer.io.proto_stream_deserializer_test
[0.785s] [ 69%] Built target cartographer.mapping.internal.constraints.constraint_builder_3d_test
[0.785s] [ 69%] Built target cartographer.common.lockless_queue_test
[0.785s] [ 69%] Built target cartographer.mapping.2d.range_data_inserter_2d_test
[0.785s] [ 70%] Built target cartographer.common.blocking_queue_test
[0.785s] [ 70%] Built target cartographer.mapping.internal.2d.scan_matching.ceres_scan_matcher_2d_test
[0.785s] [ 71%] Built target cartographer.mapping.internal.motion_filter_test
[0.785s] [ 72%] Built target cartographer.sensor.point_cloud_test
[0.785s] [ 73%] Built target cartographer.io.proto_stream_test
[0.785s] [ 73%] Built target cartographer.mapping.internal.optimization.cost_functions.spa_cost_function_2d_test
[0.786s] [ 74%] Built target cartographer.transform.transform_interpolation_buffer_test
[0.786s] [ 75%] Built target cartographer.common.lua_parameter_dictionary_test
[0.786s] [ 76%] Built target cartographer.io.fake_file_writer_test
[0.788s] [ 77%] Built target cartographer.common.math_test
[0.789s] [ 78%] Built target cartographer.mapping.internal.3d.scan_matching.ceres_scan_matcher_3d_test
[0.789s] [ 78%] Built target cartographer.io.internal.in_memory_proto_stream_test
[0.790s] [ 78%] Built target cartographer.common.optional_test
[0.790s] [ 79%] Built target cartographer.mapping.id_test
[0.792s] [ 79%] Built target cartographer.mapping.internal.3d.scan_matching.fast_correlative_scan_matcher_3d_test
[0.792s] [ 80%] Built target cartographer.mapping.2d.submap_2d_test
[0.792s] [ 81%] Built target cartographer.mapping.internal.2d.overlapping_submaps_trimmer_2d_test
[0.792s] [ 82%] Built target cartographer.mapping.internal.2d.scan_matching.correlative_scan_matcher_test
[0.792s] [ 82%] Built target cartographer.common.configuration_files_test
[0.792s] [ 83%] Built target cartographer.mapping.internal.optimization.optimization_problem_3d_test
[0.792s] [ 84%] Built target cartographer.common.thread_pool_test
[0.793s] [ 85%] Built target cartographer.mapping.internal.2d.pose_graph_2d_test
[0.793s] [ 85%] Built target cartographer.mapping.pose_graph_trimmer_test
[0.793s] [ 85%] Built target cartographer.mapping.internal.range_data_collator_test
[0.794s] [ 87%] Built target cartographer.mapping.internal.2d.scan_matching.real_time_correlative_scan_matcher_2d_test
[0.794s] [ 87%] Built target cartographer.mapping.internal.3d.local_trajectory_builder_3d_test
[0.794s] [ 87%] Built target cartographer.mapping.internal.3d.pose_graph_3d_test
[0.796s] [ 88%] Built target cartographer.mapping.internal.3d.scan_matching.rotation_delta_cost_functor_3d_test
[0.796s] [ 89%] Built target cartographer.mapping.probability_values_test
[0.796s] [ 90%] Built target cartographer.mapping.internal.3d.scan_matching.real_time_correlative_scan_matcher_3d_test
[0.796s] [ 90%] Built target cartographer.mapping.internal.3d.scan_matching.precomputation_grid_3d_test
[0.796s] [ 91%] Built target cartographer.mapping.internal.3d.scan_matching.interpolated_grid_test
[0.796s] [ 92%] Built target cartographer.sensor.internal.trajectory_collator_test
[0.797s] [ 93%] Built target cartographer.mapping.map_builder_test
[0.797s] [ 93%] Built target cartographer.sensor.map_by_time_test
[0.797s] [ 94%] Built target cartographer.sensor.internal.ordered_multi_queue_test
[0.797s] [ 94%] Built target cartographer.mapping.internal.3d.scan_matching.rotational_scan_matcher_test
[0.797s] [ 95%] Built target cartographer.mapping.internal.connected_components_test
[0.797s] [ 96%] Built target cartographer.sensor.compressed_point_cloud_test
[0.797s] [ 96%] Built target cartographer.mapping.internal.2d.scan_matching.fast_correlative_scan_matcher_2d_test
[0.797s] [ 96%] Built target cartographer.common.task_test
[0.797s] [ 97%] Built target cartographer.transform.rigid_transform_test
[0.797s] [ 97%] Built target cartographer.mapping.internal.constraints.constraint_builder_2d_test
[0.798s] [ 97%] Built target cartographer.mapping.imu_tracker_test
[0.798s] [ 97%] Built target cartographer.mapping.internal.optimization.cost_functions.landmark_cost_function_2d_test
[0.798s] [ 97%] Built target cartographer.sensor.internal.collator_test
[0.798s] [ 97%] Built target cartographer.mapping.2d.xy_index_test
[0.798s] [ 98%] Built target cartographer.mapping.internal.trajectory_connectivity_state_test
[0.798s] [100%] Built target cartographer.mapping.internal.optimization.cost_functions.landmark_cost_function_3d_test
[0.798s] [100%] Built target cartographer.mapping.pose_extrapolator_test
[0.803s] Invoked command in '/home/chaung/f_ws/build/cartographer' returned '0': CMAKE_PREFIX_PATH=${CMAKE_PREFIX_PATH}:/home/chaung/f_ws/install/openslam_gmapping:/home/chaung/f_ws/install/bno055:/opt/ros/foxy /usr/bin/cmake --build /home/chaung/f_ws/build/cartographer
[1.290s] Invoking command in '/home/chaung/f_ws/build/cartographer': CMAKE_PREFIX_PATH=${CMAKE_PREFIX_PATH}:/home/chaung/f_ws/install/openslam_gmapping:/home/chaung/f_ws/install/bno055:/opt/ros/foxy /usr/bin/cmake --install /home/chaung/f_ws/build/cartographer
[1.304s] -- Install configuration: "Release"
[1.304s] -- Up-to-date: /home/chaung/f_ws/install/cartographer/share/cartographer/package.xml
[1.304s] -- Up-to-date: /home/chaung/f_ws/install/cartographer/share/cartographer//configuration_files
[1.304s] -- Up-to-date: /home/chaung/f_ws/install/cartographer/share/cartographer//configuration_files/trajectory_builder.lua
[1.305s] -- Up-to-date: /home/chaung/f_ws/install/cartographer/share/cartographer//configuration_files/pose_graph.lua
[1.305s] -- Up-to-date: /home/chaung/f_ws/install/cartographer/share/cartographer//configuration_files/trajectory_builder_3d.lua
[1.305s] -- Up-to-date: /home/chaung/f_ws/install/cartographer/share/cartographer//configuration_files/map_builder_server.lua
[1.305s] -- Up-to-date: /home/chaung/f_ws/install/cartographer/share/cartographer//configuration_files/map_builder.lua
[1.306s] -- Up-to-date: /home/chaung/f_ws/install/cartographer/share/cartographer//configuration_files/trajectory_builder_2d.lua
[1.306s] -- Up-to-date: /home/chaung/f_ws/install/cartographer/share/cartographer//cmake
[1.306s] -- Up-to-date: /home/chaung/f_ws/install/cartographer/share/cartographer//cmake/functions.cmake
[1.306s] -- Up-to-date: /home/chaung/f_ws/install/cartographer/share/cartographer//cmake/modules
[1.306s] -- Up-to-date: /home/chaung/f_ws/install/cartographer/share/cartographer//cmake/modules/FindSphinx.cmake
[1.306s] -- Up-to-date: /home/chaung/f_ws/install/cartographer/share/cartographer//cmake/modules/FindGMock.cmake
[1.307s] -- Up-to-date: /home/chaung/f_ws/install/cartographer/share/cartographer//cmake/modules/FindLuaGoogle.cmake
[1.307s] -- Up-to-date: /home/chaung/f_ws/install/cartographer/bin/cartographer_autogenerate_ground_truth
[1.307s] -- Up-to-date: /home/chaung/f_ws/install/cartographer/bin/cartographer_compute_relations_metrics
[1.308s] -- Up-to-date: /home/chaung/f_ws/install/cartographer/bin/cartographer_migrate_serialization_format
[1.311s] -- Up-to-date: /home/chaung/f_ws/install/cartographer/lib/libcartographer.a
[1.311s] -- Up-to-date: /home/chaung/f_ws/install/cartographer/include/cartographer/common/blocking_queue.h
[1.311s] -- Up-to-date: /home/chaung/f_ws/install/cartographer/include/cartographer/common/ceres_solver_options.h
[1.312s] -- Up-to-date: /home/chaung/f_ws/install/cartographer/include/cartographer/common/configuration_file_resolver.h
[1.312s] -- Up-to-date: /home/chaung/f_ws/install/cartographer/include/cartographer/common/fixed_ratio_sampler.h
[1.312s] -- Up-to-date: /home/chaung/f_ws/install/cartographer/include/cartographer/common/histogram.h
[1.312s] -- Up-to-date: /home/chaung/f_ws/install/cartographer/include/cartographer/common/lockless_queue.h
[1.312s] -- Up-to-date: /home/chaung/f_ws/install/cartographer/include/cartographer/common/lua.h
[1.312s] -- Up-to-date: /home/chaung/f_ws/install/cartographer/include/cartographer/common/lua_parameter_dictionary.h
[1.313s] -- Up-to-date: /home/chaung/f_ws/install/cartographer/include/cartographer/common/make_unique.h
[1.313s] -- Up-to-date: /home/chaung/f_ws/install/cartographer/include/cartographer/common/math.h
[1.313s] -- Up-to-date: /home/chaung/f_ws/install/cartographer/include/cartographer/common/mutex.h
[1.313s] -- Up-to-date: /home/chaung/f_ws/install/cartographer/include/cartographer/common/optional.h
[1.314s] -- Up-to-date: /home/chaung/f_ws/install/cartographer/include/cartographer/common/port.h
[1.315s] -- Up-to-date: /home/chaung/f_ws/install/cartographer/include/cartographer/common/rate_timer.h
[1.315s] -- Up-to-date: /home/chaung/f_ws/install/cartographer/include/cartographer/common/task.h
[1.315s] -- Up-to-date: /home/chaung/f_ws/install/cartographer/include/cartographer/common/thread_pool.h
[1.315s] -- Up-to-date: /home/chaung/f_ws/install/cartographer/include/cartographer/common/time.h
[1.316s] -- Up-to-date: /home/chaung/f_ws/install/cartographer/include/cartographer/ground_truth/relations_text_file.h
[1.316s] -- Up-to-date: /home/chaung/f_ws/install/cartographer/include/cartographer/io/color.h
[1.316s] -- Up-to-date: /home/chaung/f_ws/install/cartographer/include/cartographer/io/coloring_points_processor.h
[1.316s] -- Up-to-date: /home/chaung/f_ws/install/cartographer/include/cartographer/io/counting_points_processor.h
[1.316s] -- Up-to-date: /home/chaung/f_ws/install/cartographer/include/cartographer/io/draw_trajectories.h
[1.316s] -- Up-to-date: /home/chaung/f_ws/install/cartographer/include/cartographer/io/file_writer.h
[1.316s] -- Up-to-date: /home/chaung/f_ws/install/cartographer/include/cartographer/io/fixed_ratio_sampling_points_processor.h
[1.317s] -- Up-to-date: /home/chaung/f_ws/install/cartographer/include/cartographer/io/frame_id_filtering_points_processor.h
[1.317s] -- Up-to-date: /home/chaung/f_ws/install/cartographer/include/cartographer/io/hybrid_grid_points_processor.h
[1.317s] -- Up-to-date: /home/chaung/f_ws/install/cartographer/include/cartographer/io/image.h
[1.317s] -- Up-to-date: /home/chaung/f_ws/install/cartographer/include/cartographer/io/intensity_to_color_points_processor.h
[1.317s] -- Up-to-date: /home/chaung/f_ws/install/cartographer/include/cartographer/io/min_max_range_filtering_points_processor.h
[1.317s] -- Up-to-date: /home/chaung/f_ws/install/cartographer/include/cartographer/io/null_points_processor.h
[1.317s] -- Up-to-date: /home/chaung/f_ws/install/cartographer/include/cartographer/io/outlier_removing_points_processor.h
[1.317s] -- Up-to-date: /home/chaung/f_ws/install/cartographer/include/cartographer/io/pcd_writing_points_processor.h
[1.317s] -- Up-to-date: /home/chaung/f_ws/install/cartographer/include/cartographer/io/ply_writing_points_processor.h
[1.317s] -- Up-to-date: /home/chaung/f_ws/install/cartographer/include/cartographer/io/points_batch.h
[1.317s] -- Up-to-date: /home/chaung/f_ws/install/cartographer/include/cartographer/io/points_processor.h
[1.318s] -- Up-to-date: /home/chaung/f_ws/install/cartographer/include/cartographer/io/points_processor_pipeline_builder.h
[1.318s] -- Up-to-date: /home/chaung/f_ws/install/cartographer/include/cartographer/io/probability_grid_points_processor.h
[1.318s] -- Up-to-date: /home/chaung/f_ws/install/cartographer/include/cartographer/io/proto_stream.h
[1.318s] -- Up-to-date: /home/chaung/f_ws/install/cartographer/include/cartographer/io/proto_stream_deserializer.h
[1.318s] -- Up-to-date: /home/chaung/f_ws/install/cartographer/include/cartographer/io/proto_stream_interface.h
[1.318s] -- Up-to-date: /home/chaung/f_ws/install/cartographer/include/cartographer/io/serialization_format_migration.h
[1.318s] -- Up-to-date: /home/chaung/f_ws/install/cartographer/include/cartographer/io/submap_painter.h
[1.318s] -- Up-to-date: /home/chaung/f_ws/install/cartographer/include/cartographer/io/xray_points_processor.h
[1.318s] -- Up-to-date: /home/chaung/f_ws/install/cartographer/include/cartographer/io/xyz_writing_points_processor.h
[1.319s] -- Up-to-date: /home/chaung/f_ws/install/cartographer/include/cartographer/mapping/2d/grid_2d.h
[1.319s] -- Up-to-date: /home/chaung/f_ws/install/cartographer/include/cartographer/mapping/2d/map_limits.h
[1.319s] -- Up-to-date: /home/chaung/f_ws/install/cartographer/include/cartographer/mapping/2d/probability_grid.h
[1.319s] -- Up-to-date: /home/chaung/f_ws/install/cartographer/include/cartographer/mapping/2d/probability_grid_range_data_inserter_2d.h
[1.319s] -- Up-to-date: /home/chaung/f_ws/install/cartographer/include/cartographer/mapping/2d/submap_2d.h
[1.319s] -- Up-to-date: /home/chaung/f_ws/install/cartographer/include/cartographer/mapping/2d/xy_index.h
[1.319s] -- Up-to-date: /home/chaung/f_ws/install/cartographer/include/cartographer/mapping/3d/hybrid_grid.h
[1.319s] -- Up-to-date: /home/chaung/f_ws/install/cartographer/include/cartographer/mapping/3d/range_data_inserter_3d.h
[1.319s] -- Up-to-date: /home/chaung/f_ws/install/cartographer/include/cartographer/mapping/3d/submap_3d.h
[1.319s] -- Up-to-date: /home/chaung/f_ws/install/cartographer/include/cartographer/mapping/detect_floors.h
[1.320s] -- Up-to-date: /home/chaung/f_ws/install/cartographer/include/cartographer/mapping/grid_interface.h
[1.320s] -- Up-to-date: /home/chaung/f_ws/install/cartographer/include/cartographer/mapping/id.h
[1.320s] -- Up-to-date: /home/chaung/f_ws/install/cartographer/include/cartographer/mapping/imu_tracker.h
[1.320s] -- Up-to-date: /home/chaung/f_ws/install/cartographer/include/cartographer/mapping/local_slam_result_data.h
[1.320s] -- Up-to-date: /home/chaung/f_ws/install/cartographer/include/cartographer/mapping/map_builder.h
[1.320s] -- Up-to-date: /home/chaung/f_ws/install/cartographer/include/cartographer/mapping/map_builder_interface.h
[1.320s] -- Up-to-date: /home/chaung/f_ws/install/cartographer/include/cartographer/mapping/pose_extrapolator.h
[1.320s] -- Up-to-date: /home/chaung/f_ws/install/cartographer/include/cartographer/mapping/pose_graph.h
[1.321s] -- Up-to-date: /home/chaung/f_ws/install/cartographer/include/cartographer/mapping/pose_graph_interface.h
[1.321s] -- Up-to-date: /home/chaung/f_ws/install/cartographer/include/cartographer/mapping/pose_graph_trimmer.h
[1.321s] -- Up-to-date: /home/chaung/f_ws/install/cartographer/include/cartographer/mapping/probability_values.h
[1.321s] -- Up-to-date: /home/chaung/f_ws/install/cartographer/include/cartographer/mapping/range_data_inserter_interface.h
[1.321s] -- Up-to-date: /home/chaung/f_ws/install/cartographer/include/cartographer/mapping/submaps.h
[1.321s] -- Up-to-date: /home/chaung/f_ws/install/cartographer/include/cartographer/mapping/trajectory_builder_interface.h
[1.321s] -- Up-to-date: /home/chaung/f_ws/install/cartographer/include/cartographer/mapping/trajectory_node.h
[1.321s] -- Up-to-date: /home/chaung/f_ws/install/cartographer/include/cartographer/metrics/counter.h
[1.321s] -- Up-to-date: /home/chaung/f_ws/install/cartographer/include/cartographer/metrics/family_factory.h
[1.322s] -- Up-to-date: /home/chaung/f_ws/install/cartographer/include/cartographer/metrics/gauge.h
[1.322s] -- Up-to-date: /home/chaung/f_ws/install/cartographer/include/cartographer/metrics/histogram.h
[1.322s] -- Up-to-date: /home/chaung/f_ws/install/cartographer/include/cartographer/metrics/register.h
[1.322s] -- Up-to-date: /home/chaung/f_ws/install/cartographer/include/cartographer/sensor/collator_interface.h
[1.322s] -- Up-to-date: /home/chaung/f_ws/install/cartographer/include/cartographer/sensor/compressed_point_cloud.h
[1.322s] -- Up-to-date: /home/chaung/f_ws/install/cartographer/include/cartographer/sensor/data.h
[1.322s] -- Up-to-date: /home/chaung/f_ws/install/cartographer/include/cartographer/sensor/fixed_frame_pose_data.h
[1.322s] -- Up-to-date: /home/chaung/f_ws/install/cartographer/include/cartographer/sensor/imu_data.h
[1.322s] -- Up-to-date: /home/chaung/f_ws/install/cartographer/include/cartographer/sensor/landmark_data.h
[1.323s] -- Up-to-date: /home/chaung/f_ws/install/cartographer/include/cartographer/sensor/map_by_time.h
[1.323s] -- Up-to-date: /home/chaung/f_ws/install/cartographer/include/cartographer/sensor/odometry_data.h
[1.323s] -- Up-to-date: /home/chaung/f_ws/install/cartographer/include/cartographer/sensor/point_cloud.h
[1.323s] -- Up-to-date: /home/chaung/f_ws/install/cartographer/include/cartographer/sensor/range_data.h
[1.323s] -- Up-to-date: /home/chaung/f_ws/install/cartographer/include/cartographer/sensor/timed_point_cloud_data.h
[1.323s] -- Up-to-date: /home/chaung/f_ws/install/cartographer/include/cartographer/transform/rigid_transform.h
[1.323s] -- Up-to-date: /home/chaung/f_ws/install/cartographer/include/cartographer/transform/timestamped_transform.h
[1.323s] -- Up-to-date: /home/chaung/f_ws/install/cartographer/include/cartographer/transform/transform.h
[1.323s] -- Up-to-date: /home/chaung/f_ws/install/cartographer/include/cartographer/transform/transform_interpolation_buffer.h
[1.323s] -- Up-to-date: /home/chaung/f_ws/install/cartographer/include/cartographer/common/lua_parameter_dictionary_test_helpers.h
[1.323s] -- Up-to-date: /home/chaung/f_ws/install/cartographer/include/cartographer/io/fake_file_writer.h
[1.323s] -- Up-to-date: /home/chaung/f_ws/install/cartographer/include/cartographer/transform/rigid_transform_test_helpers.h
[1.324s] -- Up-to-date: /home/chaung/f_ws/install/cartographer/include/cartographer/common/proto/ceres_solver_options.pb.h
[1.324s] -- Up-to-date: /home/chaung/f_ws/install/cartographer/include/cartographer/ground_truth/proto/relations.pb.h
[1.324s] -- Up-to-date: /home/chaung/f_ws/install/cartographer/include/cartographer/mapping/proto/2d/cell_limits.pb.h
[1.324s] -- Up-to-date: /home/chaung/f_ws/install/cartographer/include/cartographer/mapping/proto/2d/grid_2d.pb.h
[1.324s] -- Up-to-date: /home/chaung/f_ws/install/cartographer/include/cartographer/mapping/proto/2d/grid_2d_options.pb.h
[1.324s] -- Up-to-date: /home/chaung/f_ws/install/cartographer/include/cartographer/mapping/proto/2d/local_trajectory_builder_options_2d.pb.h
[1.324s] -- Up-to-date: /home/chaung/f_ws/install/cartographer/include/cartographer/mapping/proto/2d/map_limits.pb.h
[1.324s] -- Up-to-date: /home/chaung/f_ws/install/cartographer/include/cartographer/mapping/proto/2d/probability_grid.pb.h
[1.324s] -- Up-to-date: /home/chaung/f_ws/install/cartographer/include/cartographer/mapping/proto/2d/probability_grid_range_data_inserter_options_2d.pb.h
[1.324s] -- Up-to-date: /home/chaung/f_ws/install/cartographer/include/cartographer/mapping/proto/2d/submaps_options_2d.pb.h
[1.324s] -- Up-to-date: /home/chaung/f_ws/install/cartographer/include/cartographer/mapping/proto/3d/hybrid_grid.pb.h
[1.324s] -- Up-to-date: /home/chaung/f_ws/install/cartographer/include/cartographer/mapping/proto/3d/local_trajectory_builder_options_3d.pb.h
[1.324s] -- Up-to-date: /home/chaung/f_ws/install/cartographer/include/cartographer/mapping/proto/3d/range_data_inserter_options_3d.pb.h
[1.324s] -- Up-to-date: /home/chaung/f_ws/install/cartographer/include/cartographer/mapping/proto/3d/submaps_options_3d.pb.h
[1.325s] -- Up-to-date: /home/chaung/f_ws/install/cartographer/include/cartographer/mapping/proto/connected_components.pb.h
[1.325s] -- Up-to-date: /home/chaung/f_ws/install/cartographer/include/cartographer/mapping/proto/internal/legacy_serialized_data.pb.h
[1.325s] -- Up-to-date: /home/chaung/f_ws/install/cartographer/include/cartographer/mapping/proto/map_builder_options.pb.h
[1.325s] -- Up-to-date: /home/chaung/f_ws/install/cartographer/include/cartographer/mapping/proto/motion_filter_options.pb.h
[1.325s] -- Up-to-date: /home/chaung/f_ws/install/cartographer/include/cartographer/mapping/proto/pose_graph.pb.h
[1.325s] -- Up-to-date: /home/chaung/f_ws/install/cartographer/include/cartographer/mapping/proto/pose_graph/constraint_builder_options.pb.h
[1.325s] -- Up-to-date: /home/chaung/f_ws/install/cartographer/include/cartographer/mapping/proto/pose_graph/optimization_problem_options.pb.h
[1.325s] -- Up-to-date: /home/chaung/f_ws/install/cartographer/include/cartographer/mapping/proto/pose_graph_options.pb.h
[1.325s] -- Up-to-date: /home/chaung/f_ws/install/cartographer/include/cartographer/mapping/proto/range_data_inserter_options.pb.h
[1.325s] -- Up-to-date: /home/chaung/f_ws/install/cartographer/include/cartographer/mapping/proto/scan_matching/ceres_scan_matcher_options_2d.pb.h
[1.325s] -- Up-to-date: /home/chaung/f_ws/install/cartographer/include/cartographer/mapping/proto/scan_matching/ceres_scan_matcher_options_3d.pb.h
[1.325s] -- Up-to-date: /home/chaung/f_ws/install/cartographer/include/cartographer/mapping/proto/scan_matching/fast_correlative_scan_matcher_options_2d.pb.h
[1.326s] -- Up-to-date: /home/chaung/f_ws/install/cartographer/include/cartographer/mapping/proto/scan_matching/fast_correlative_scan_matcher_options_3d.pb.h
[1.326s] -- Up-to-date: /home/chaung/f_ws/install/cartographer/include/cartographer/mapping/proto/scan_matching/real_time_correlative_scan_matcher_options.pb.h
[1.326s] -- Up-to-date: /home/chaung/f_ws/install/cartographer/include/cartographer/mapping/proto/serialization.pb.h
[1.326s] -- Up-to-date: /home/chaung/f_ws/install/cartographer/include/cartographer/mapping/proto/submap.pb.h
[1.326s] -- Up-to-date: /home/chaung/f_ws/install/cartographer/include/cartographer/mapping/proto/submap_visualization.pb.h
[1.326s] -- Up-to-date: /home/chaung/f_ws/install/cartographer/include/cartographer/mapping/proto/trajectory.pb.h
[1.326s] -- Up-to-date: /home/chaung/f_ws/install/cartographer/include/cartographer/mapping/proto/trajectory_builder_options.pb.h
[1.326s] -- Up-to-date: /home/chaung/f_ws/install/cartographer/include/cartographer/mapping/proto/trajectory_node_data.pb.h
[1.326s] -- Up-to-date: /home/chaung/f_ws/install/cartographer/include/cartographer/sensor/proto/adaptive_voxel_filter_options.pb.h
[1.326s] -- Up-to-date: /home/chaung/f_ws/install/cartographer/include/cartographer/sensor/proto/sensor.pb.h
[1.327s] -- Up-to-date: /home/chaung/f_ws/install/cartographer/include/cartographer/transform/proto/transform.pb.h
[1.327s] -- Up-to-date: /home/chaung/f_ws/install/cartographer/share/cartographer/cmake/CartographerTargets.cmake
[1.327s] -- Up-to-date: /home/chaung/f_ws/install/cartographer/share/cartographer/cmake/CartographerTargets-release.cmake
[1.327s] -- Up-to-date: /home/chaung/f_ws/install/cartographer/share/cartographer/cartographer-config.cmake
[1.328s] Invoked command in '/home/chaung/f_ws/build/cartographer' returned '0': CMAKE_PREFIX_PATH=${CMAKE_PREFIX_PATH}:/home/chaung/f_ws/install/openslam_gmapping:/home/chaung/f_ws/install/bno055:/opt/ros/foxy /usr/bin/cmake --install /home/chaung/f_ws/build/cartographer
