[0.060s] Invoking command in '/home/chaung/f_ws/build/cartographer_ros_msgs': CMAKE_PREFIX_PATH=${CMAKE_PREFIX_PATH}:/home/chaung/f_ws/install/openslam_gmapping:/home/chaung/f_ws/install/bno055:/opt/ros/foxy /usr/bin/cmake /home/chaung/f_ws/src/cartographer_ros/cartographer_ros_msgs -DAMENT_CMAKE_SYMLINK_INSTALL=1 -DCMAKE_INSTALL_PREFIX=/home/chaung/f_ws/install/cartographer_ros_msgs
[0.678s] -- Found ament_cmake: 0.9.11 (/opt/ros/foxy/share/ament_cmake/cmake)
[0.678s] -- Found PythonInterp: /usr/bin/python3 (found suitable version "3.8.10", minimum required is "3") 
[0.678s] -- Using PYTHON_EXECUTABLE: /usr/bin/python3
[0.678s] -- Override CMake install command with custom implementation using symlinks instead of copying resources
[0.678s] -- Found geometry_msgs: 2.0.5 (/opt/ros/foxy/share/geometry_msgs/cmake)
[0.678s] -- Using all available rosidl_typesupport_c: rosidl_typesupport_fastrtps_c;rosidl_typesupport_introspection_c
[0.678s] -- Found rosidl_adapter: 1.3.0 (/opt/ros/foxy/share/rosidl_adapter/cmake)
[0.678s] -- Using all available rosidl_typesupport_cpp: rosidl_typesupport_fastrtps_cpp;rosidl_typesupport_introspection_cpp
[0.678s] -- Found rosidl_default_generators: 1.0.1 (/opt/ros/foxy/share/rosidl_default_generators/cmake)
[0.678s] -- Found PythonInterp: /usr/bin/python3 (found version "3.8.10") 
[0.918s] -- Found ament_cmake_cppcheck: 0.9.8 (/opt/ros/foxy/share/ament_cmake_cppcheck/cmake)
[0.918s] -- Found ament_cmake_cpplint: 0.9.8 (/opt/ros/foxy/share/ament_cmake_cpplint/cmake)
[0.919s] -- Found ament_cmake_uncrustify: 0.9.8 (/opt/ros/foxy/share/ament_cmake_uncrustify/cmake)
[0.919s] -- Found ament_cmake_ros: 0.9.2 (/opt/ros/foxy/share/ament_cmake_ros/cmake)
[1.204s] -- Using all available rosidl_typesupport_c: rosidl_typesupport_fastrtps_c;rosidl_typesupport_introspection_c
[1.336s] -- Using all available rosidl_typesupport_cpp: rosidl_typesupport_fastrtps_cpp;rosidl_typesupport_introspection_cpp
[1.363s] -- Found PythonInterp: /usr/bin/python3 (found suitable version "3.8.10", minimum required is "3.5") 
[1.364s] -- Found python_cmake_module: 0.8.1 (/opt/ros/foxy/share/python_cmake_module/cmake)
[1.385s] -- Using PYTHON_EXECUTABLE: /usr/bin/python3
[1.385s] -- Using PYTHON_INCLUDE_DIRS: /usr/include/python3.8
[1.386s] -- Using PYTHON_LIBRARIES: /usr/lib/x86_64-linux-gnu/libpython3.8.so
[1.435s] -- Found ament_cmake_flake8: 0.9.8 (/opt/ros/foxy/share/ament_cmake_flake8/cmake)
[1.436s] -- Found ament_cmake_pep257: 0.9.8 (/opt/ros/foxy/share/ament_cmake_pep257/cmake)
[1.455s] -- Configuring done
[1.524s] -- Generating done
[1.527s] -- Build files have been written to: /home/chaung/f_ws/build/cartographer_ros_msgs
[1.538s] Invoked command in '/home/chaung/f_ws/build/cartographer_ros_msgs' returned '0': CMAKE_PREFIX_PATH=${CMAKE_PREFIX_PATH}:/home/chaung/f_ws/install/openslam_gmapping:/home/chaung/f_ws/install/bno055:/opt/ros/foxy /usr/bin/cmake /home/chaung/f_ws/src/cartographer_ros/cartographer_ros_msgs -DAMENT_CMAKE_SYMLINK_INSTALL=1 -DCMAKE_INSTALL_PREFIX=/home/chaung/f_ws/install/cartographer_ros_msgs
[1.541s] Invoking command in '/home/chaung/f_ws/build/cartographer_ros_msgs': CMAKE_PREFIX_PATH=${CMAKE_PREFIX_PATH}:/home/chaung/f_ws/install/openslam_gmapping:/home/chaung/f_ws/install/bno055:/opt/ros/foxy /usr/bin/cmake --build /home/chaung/f_ws/build/cartographer_ros_msgs
[1.600s] [  0%] Built target cartographer_ros_msgs__cpp
[1.604s] [ 12%] Built target cartographer_ros_msgs__rosidl_generator_c
[1.630s] [ 24%] Built target cartographer_ros_msgs__rosidl_typesupport_cpp
[1.638s] [ 46%] Built target cartographer_ros_msgs__rosidl_typesupport_introspection_cpp
[1.638s] [ 48%] Built target cartographer_ros_msgs__rosidl_typesupport_introspection_c
[1.639s] [ 60%] Built target cartographer_ros_msgs__rosidl_typesupport_c
[1.644s] [ 72%] Built target cartographer_ros_msgs__rosidl_typesupport_fastrtps_cpp
[1.670s] [ 84%] Built target cartographer_ros_msgs__rosidl_typesupport_fastrtps_c
[1.684s] [ 84%] Built target cartographer_ros_msgs
[1.702s] [ 85%] Built target cartographer_ros_msgs__py
[1.735s] [ 96%] Built target cartographer_ros_msgs__python
[1.754s] [ 98%] Built target cartographer_ros_msgs__rosidl_typesupport_fastrtps_c__pyext
[1.754s] [ 99%] Built target cartographer_ros_msgs__rosidl_typesupport_introspection_c__pyext
[1.755s] [100%] Built target cartographer_ros_msgs__rosidl_typesupport_c__pyext
[1.764s] Invoked command in '/home/chaung/f_ws/build/cartographer_ros_msgs' returned '0': CMAKE_PREFIX_PATH=${CMAKE_PREFIX_PATH}:/home/chaung/f_ws/install/openslam_gmapping:/home/chaung/f_ws/install/bno055:/opt/ros/foxy /usr/bin/cmake --build /home/chaung/f_ws/build/cartographer_ros_msgs
[1.902s] Invoking command in '/home/chaung/f_ws/build/cartographer_ros_msgs': CMAKE_PREFIX_PATH=${CMAKE_PREFIX_PATH}:/home/chaung/f_ws/install/openslam_gmapping:/home/chaung/f_ws/install/bno055:/opt/ros/foxy /usr/bin/cmake --install /home/chaung/f_ws/build/cartographer_ros_msgs
[1.908s] -- Install configuration: ""
[1.909s] -- Execute custom install script
[1.909s] -- Up-to-date symlink: /home/chaung/f_ws/install/cartographer_ros_msgs/share/ament_index/resource_index/rosidl_interfaces/cartographer_ros_msgs
[1.909s] -- Up-to-date symlink: /home/chaung/f_ws/install/cartographer_ros_msgs/include/cartographer_ros_msgs/msg/detail/landmark_entry__functions.h
[1.910s] -- Up-to-date symlink: /home/chaung/f_ws/install/cartographer_ros_msgs/include/cartographer_ros_msgs/msg/detail/landmark_entry__struct.h
[1.910s] -- Up-to-date symlink: /home/chaung/f_ws/install/cartographer_ros_msgs/include/cartographer_ros_msgs/msg/detail/landmark_entry__type_support.h
[1.910s] -- Up-to-date symlink: /home/chaung/f_ws/install/cartographer_ros_msgs/include/cartographer_ros_msgs/msg/detail/landmark_list__functions.h
[1.910s] -- Up-to-date symlink: /home/chaung/f_ws/install/cartographer_ros_msgs/include/cartographer_ros_msgs/msg/detail/landmark_list__struct.h
[1.910s] -- Up-to-date symlink: /home/chaung/f_ws/install/cartographer_ros_msgs/include/cartographer_ros_msgs/msg/detail/landmark_list__type_support.h
[1.910s] -- Up-to-date symlink: /home/chaung/f_ws/install/cartographer_ros_msgs/include/cartographer_ros_msgs/msg/detail/sensor_topics__functions.h
[1.910s] -- Up-to-date symlink: /home/chaung/f_ws/install/cartographer_ros_msgs/include/cartographer_ros_msgs/msg/detail/sensor_topics__struct.h
[1.911s] -- Up-to-date symlink: /home/chaung/f_ws/install/cartographer_ros_msgs/include/cartographer_ros_msgs/msg/detail/sensor_topics__type_support.h
[1.911s] -- Up-to-date symlink: /home/chaung/f_ws/install/cartographer_ros_msgs/include/cartographer_ros_msgs/msg/detail/status_code__functions.h
[1.911s] -- Up-to-date symlink: /home/chaung/f_ws/install/cartographer_ros_msgs/include/cartographer_ros_msgs/msg/detail/status_code__struct.h
[1.911s] -- Up-to-date symlink: /home/chaung/f_ws/install/cartographer_ros_msgs/include/cartographer_ros_msgs/msg/detail/status_code__type_support.h
[1.911s] -- Up-to-date symlink: /home/chaung/f_ws/install/cartographer_ros_msgs/include/cartographer_ros_msgs/msg/detail/status_response__functions.h
[1.911s] -- Up-to-date symlink: /home/chaung/f_ws/install/cartographer_ros_msgs/include/cartographer_ros_msgs/msg/detail/status_response__struct.h
[1.911s] -- Up-to-date symlink: /home/chaung/f_ws/install/cartographer_ros_msgs/include/cartographer_ros_msgs/msg/detail/status_response__type_support.h
[1.911s] -- Up-to-date symlink: /home/chaung/f_ws/install/cartographer_ros_msgs/include/cartographer_ros_msgs/msg/detail/submap_entry__functions.h
[1.911s] -- Up-to-date symlink: /home/chaung/f_ws/install/cartographer_ros_msgs/include/cartographer_ros_msgs/msg/detail/submap_entry__struct.h
[1.911s] -- Up-to-date symlink: /home/chaung/f_ws/install/cartographer_ros_msgs/include/cartographer_ros_msgs/msg/detail/submap_entry__type_support.h
[1.912s] -- Up-to-date symlink: /home/chaung/f_ws/install/cartographer_ros_msgs/include/cartographer_ros_msgs/msg/detail/submap_list__functions.h
[1.912s] -- Up-to-date symlink: /home/chaung/f_ws/install/cartographer_ros_msgs/include/cartographer_ros_msgs/msg/detail/submap_list__struct.h
[1.912s] -- Up-to-date symlink: /home/chaung/f_ws/install/cartographer_ros_msgs/include/cartographer_ros_msgs/msg/detail/submap_list__type_support.h
[1.912s] -- Up-to-date symlink: /home/chaung/f_ws/install/cartographer_ros_msgs/include/cartographer_ros_msgs/msg/detail/submap_texture__functions.h
[1.912s] -- Up-to-date symlink: /home/chaung/f_ws/install/cartographer_ros_msgs/include/cartographer_ros_msgs/msg/detail/submap_texture__struct.h
[1.912s] -- Up-to-date symlink: /home/chaung/f_ws/install/cartographer_ros_msgs/include/cartographer_ros_msgs/msg/detail/submap_texture__type_support.h
[1.912s] -- Up-to-date symlink: /home/chaung/f_ws/install/cartographer_ros_msgs/include/cartographer_ros_msgs/msg/detail/trajectory_options__functions.h
[1.912s] -- Up-to-date symlink: /home/chaung/f_ws/install/cartographer_ros_msgs/include/cartographer_ros_msgs/msg/detail/trajectory_options__struct.h
[1.912s] -- Up-to-date symlink: /home/chaung/f_ws/install/cartographer_ros_msgs/include/cartographer_ros_msgs/msg/detail/trajectory_options__type_support.h
[1.912s] -- Up-to-date symlink: /home/chaung/f_ws/install/cartographer_ros_msgs/include/cartographer_ros_msgs/msg/landmark_entry.h
[1.912s] -- Up-to-date symlink: /home/chaung/f_ws/install/cartographer_ros_msgs/include/cartographer_ros_msgs/msg/landmark_list.h
[1.912s] -- Up-to-date symlink: /home/chaung/f_ws/install/cartographer_ros_msgs/include/cartographer_ros_msgs/msg/rosidl_generator_c__visibility_control.h
[1.912s] -- Up-to-date symlink: /home/chaung/f_ws/install/cartographer_ros_msgs/include/cartographer_ros_msgs/msg/sensor_topics.h
[1.913s] -- Up-to-date symlink: /home/chaung/f_ws/install/cartographer_ros_msgs/include/cartographer_ros_msgs/msg/status_code.h
[1.913s] -- Up-to-date symlink: /home/chaung/f_ws/install/cartographer_ros_msgs/include/cartographer_ros_msgs/msg/status_response.h
[1.913s] -- Up-to-date symlink: /home/chaung/f_ws/install/cartographer_ros_msgs/include/cartographer_ros_msgs/msg/submap_entry.h
[1.913s] -- Up-to-date symlink: /home/chaung/f_ws/install/cartographer_ros_msgs/include/cartographer_ros_msgs/msg/submap_list.h
[1.913s] -- Up-to-date symlink: /home/chaung/f_ws/install/cartographer_ros_msgs/include/cartographer_ros_msgs/msg/submap_texture.h
[1.913s] -- Up-to-date symlink: /home/chaung/f_ws/install/cartographer_ros_msgs/include/cartographer_ros_msgs/msg/trajectory_options.h
[1.913s] -- Up-to-date symlink: /home/chaung/f_ws/install/cartographer_ros_msgs/include/cartographer_ros_msgs/srv/detail/finish_trajectory__functions.h
[1.913s] -- Up-to-date symlink: /home/chaung/f_ws/install/cartographer_ros_msgs/include/cartographer_ros_msgs/srv/detail/finish_trajectory__struct.h
[1.913s] -- Up-to-date symlink: /home/chaung/f_ws/install/cartographer_ros_msgs/include/cartographer_ros_msgs/srv/detail/finish_trajectory__type_support.h
[1.913s] -- Up-to-date symlink: /home/chaung/f_ws/install/cartographer_ros_msgs/include/cartographer_ros_msgs/srv/detail/start_trajectory__functions.h
[1.913s] -- Up-to-date symlink: /home/chaung/f_ws/install/cartographer_ros_msgs/include/cartographer_ros_msgs/srv/detail/start_trajectory__struct.h
[1.914s] -- Up-to-date symlink: /home/chaung/f_ws/install/cartographer_ros_msgs/include/cartographer_ros_msgs/srv/detail/start_trajectory__type_support.h
[1.914s] -- Up-to-date symlink: /home/chaung/f_ws/install/cartographer_ros_msgs/include/cartographer_ros_msgs/srv/detail/submap_query__functions.h
[1.914s] -- Up-to-date symlink: /home/chaung/f_ws/install/cartographer_ros_msgs/include/cartographer_ros_msgs/srv/detail/submap_query__struct.h
[1.914s] -- Up-to-date symlink: /home/chaung/f_ws/install/cartographer_ros_msgs/include/cartographer_ros_msgs/srv/detail/submap_query__type_support.h
[1.914s] -- Up-to-date symlink: /home/chaung/f_ws/install/cartographer_ros_msgs/include/cartographer_ros_msgs/srv/detail/write_state__functions.h
[1.914s] -- Up-to-date symlink: /home/chaung/f_ws/install/cartographer_ros_msgs/include/cartographer_ros_msgs/srv/detail/write_state__struct.h
[1.914s] -- Up-to-date symlink: /home/chaung/f_ws/install/cartographer_ros_msgs/include/cartographer_ros_msgs/srv/detail/write_state__type_support.h
[1.914s] -- Up-to-date symlink: /home/chaung/f_ws/install/cartographer_ros_msgs/include/cartographer_ros_msgs/srv/finish_trajectory.h
[1.914s] -- Up-to-date symlink: /home/chaung/f_ws/install/cartographer_ros_msgs/include/cartographer_ros_msgs/srv/start_trajectory.h
[1.914s] -- Up-to-date symlink: /home/chaung/f_ws/install/cartographer_ros_msgs/include/cartographer_ros_msgs/srv/submap_query.h
[1.915s] -- Up-to-date symlink: /home/chaung/f_ws/install/cartographer_ros_msgs/include/cartographer_ros_msgs/srv/write_state.h
[1.915s] -- Up-to-date symlink: /home/chaung/f_ws/install/cartographer_ros_msgs/share/cartographer_ros_msgs/environment/library_path.sh
[1.915s] -- Up-to-date symlink: /home/chaung/f_ws/install/cartographer_ros_msgs/share/cartographer_ros_msgs/environment/library_path.dsv
[1.916s] -- Up-to-date symlink: /home/chaung/f_ws/install/cartographer_ros_msgs/include/cartographer_ros_msgs/msg/detail/landmark_entry__rosidl_typesupport_fastrtps_c.h
[1.916s] -- Up-to-date symlink: /home/chaung/f_ws/install/cartographer_ros_msgs/include/cartographer_ros_msgs/msg/detail/landmark_list__rosidl_typesupport_fastrtps_c.h
[1.916s] -- Up-to-date symlink: /home/chaung/f_ws/install/cartographer_ros_msgs/include/cartographer_ros_msgs/msg/detail/sensor_topics__rosidl_typesupport_fastrtps_c.h
[1.916s] -- Up-to-date symlink: /home/chaung/f_ws/install/cartographer_ros_msgs/include/cartographer_ros_msgs/msg/detail/status_code__rosidl_typesupport_fastrtps_c.h
[1.916s] -- Up-to-date symlink: /home/chaung/f_ws/install/cartographer_ros_msgs/include/cartographer_ros_msgs/msg/detail/status_response__rosidl_typesupport_fastrtps_c.h
[1.916s] -- Up-to-date symlink: /home/chaung/f_ws/install/cartographer_ros_msgs/include/cartographer_ros_msgs/msg/detail/submap_entry__rosidl_typesupport_fastrtps_c.h
[1.916s] -- Up-to-date symlink: /home/chaung/f_ws/install/cartographer_ros_msgs/include/cartographer_ros_msgs/msg/detail/submap_list__rosidl_typesupport_fastrtps_c.h
[1.916s] -- Up-to-date symlink: /home/chaung/f_ws/install/cartographer_ros_msgs/include/cartographer_ros_msgs/msg/detail/submap_texture__rosidl_typesupport_fastrtps_c.h
[1.916s] -- Up-to-date symlink: /home/chaung/f_ws/install/cartographer_ros_msgs/include/cartographer_ros_msgs/msg/detail/trajectory_options__rosidl_typesupport_fastrtps_c.h
[1.916s] -- Up-to-date symlink: /home/chaung/f_ws/install/cartographer_ros_msgs/include/cartographer_ros_msgs/msg/rosidl_typesupport_fastrtps_c__visibility_control.h
[1.917s] -- Up-to-date symlink: /home/chaung/f_ws/install/cartographer_ros_msgs/include/cartographer_ros_msgs/srv/detail/finish_trajectory__rosidl_typesupport_fastrtps_c.h
[1.917s] -- Up-to-date symlink: /home/chaung/f_ws/install/cartographer_ros_msgs/include/cartographer_ros_msgs/srv/detail/start_trajectory__rosidl_typesupport_fastrtps_c.h
[1.917s] -- Up-to-date symlink: /home/chaung/f_ws/install/cartographer_ros_msgs/include/cartographer_ros_msgs/srv/detail/submap_query__rosidl_typesupport_fastrtps_c.h
[1.917s] -- Up-to-date symlink: /home/chaung/f_ws/install/cartographer_ros_msgs/include/cartographer_ros_msgs/srv/detail/write_state__rosidl_typesupport_fastrtps_c.h
[1.917s] -- Up-to-date symlink: /home/chaung/f_ws/install/cartographer_ros_msgs/lib/libcartographer_ros_msgs__rosidl_typesupport_fastrtps_c.so
[1.918s] -- Up-to-date symlink: /home/chaung/f_ws/install/cartographer_ros_msgs/include/cartographer_ros_msgs/msg/detail/landmark_entry__rosidl_typesupport_fastrtps_cpp.hpp
[1.918s] -- Up-to-date symlink: /home/chaung/f_ws/install/cartographer_ros_msgs/include/cartographer_ros_msgs/msg/detail/landmark_list__rosidl_typesupport_fastrtps_cpp.hpp
[1.918s] -- Up-to-date symlink: /home/chaung/f_ws/install/cartographer_ros_msgs/include/cartographer_ros_msgs/msg/detail/sensor_topics__rosidl_typesupport_fastrtps_cpp.hpp
[1.918s] -- Up-to-date symlink: /home/chaung/f_ws/install/cartographer_ros_msgs/include/cartographer_ros_msgs/msg/detail/status_code__rosidl_typesupport_fastrtps_cpp.hpp
[1.918s] -- Up-to-date symlink: /home/chaung/f_ws/install/cartographer_ros_msgs/include/cartographer_ros_msgs/msg/detail/status_response__rosidl_typesupport_fastrtps_cpp.hpp
[1.918s] -- Up-to-date symlink: /home/chaung/f_ws/install/cartographer_ros_msgs/include/cartographer_ros_msgs/msg/detail/submap_entry__rosidl_typesupport_fastrtps_cpp.hpp
[1.918s] -- Up-to-date symlink: /home/chaung/f_ws/install/cartographer_ros_msgs/include/cartographer_ros_msgs/msg/detail/submap_list__rosidl_typesupport_fastrtps_cpp.hpp
[1.918s] -- Up-to-date symlink: /home/chaung/f_ws/install/cartographer_ros_msgs/include/cartographer_ros_msgs/msg/detail/submap_texture__rosidl_typesupport_fastrtps_cpp.hpp
[1.918s] -- Up-to-date symlink: /home/chaung/f_ws/install/cartographer_ros_msgs/include/cartographer_ros_msgs/msg/detail/trajectory_options__rosidl_typesupport_fastrtps_cpp.hpp
[1.919s] -- Up-to-date symlink: /home/chaung/f_ws/install/cartographer_ros_msgs/include/cartographer_ros_msgs/msg/rosidl_typesupport_fastrtps_cpp__visibility_control.h
[1.919s] -- Up-to-date symlink: /home/chaung/f_ws/install/cartographer_ros_msgs/include/cartographer_ros_msgs/srv/detail/finish_trajectory__rosidl_typesupport_fastrtps_cpp.hpp
[1.919s] -- Up-to-date symlink: /home/chaung/f_ws/install/cartographer_ros_msgs/include/cartographer_ros_msgs/srv/detail/start_trajectory__rosidl_typesupport_fastrtps_cpp.hpp
[1.919s] -- Up-to-date symlink: /home/chaung/f_ws/install/cartographer_ros_msgs/include/cartographer_ros_msgs/srv/detail/submap_query__rosidl_typesupport_fastrtps_cpp.hpp
[1.919s] -- Up-to-date symlink: /home/chaung/f_ws/install/cartographer_ros_msgs/include/cartographer_ros_msgs/srv/detail/write_state__rosidl_typesupport_fastrtps_cpp.hpp
[1.919s] -- Up-to-date symlink: /home/chaung/f_ws/install/cartographer_ros_msgs/lib/libcartographer_ros_msgs__rosidl_typesupport_fastrtps_cpp.so
[1.920s] -- Up-to-date symlink: /home/chaung/f_ws/install/cartographer_ros_msgs/include/cartographer_ros_msgs/msg/detail/landmark_entry__rosidl_typesupport_introspection_c.h
[1.920s] -- Up-to-date symlink: /home/chaung/f_ws/install/cartographer_ros_msgs/include/cartographer_ros_msgs/msg/detail/landmark_list__rosidl_typesupport_introspection_c.h
[1.920s] -- Up-to-date symlink: /home/chaung/f_ws/install/cartographer_ros_msgs/include/cartographer_ros_msgs/msg/detail/sensor_topics__rosidl_typesupport_introspection_c.h
[1.920s] -- Up-to-date symlink: /home/chaung/f_ws/install/cartographer_ros_msgs/include/cartographer_ros_msgs/msg/detail/status_code__rosidl_typesupport_introspection_c.h
[1.920s] -- Up-to-date symlink: /home/chaung/f_ws/install/cartographer_ros_msgs/include/cartographer_ros_msgs/msg/detail/status_response__rosidl_typesupport_introspection_c.h
[1.920s] -- Up-to-date symlink: /home/chaung/f_ws/install/cartographer_ros_msgs/include/cartographer_ros_msgs/msg/detail/submap_entry__rosidl_typesupport_introspection_c.h
[1.920s] -- Up-to-date symlink: /home/chaung/f_ws/install/cartographer_ros_msgs/include/cartographer_ros_msgs/msg/detail/submap_list__rosidl_typesupport_introspection_c.h
[1.920s] -- Up-to-date symlink: /home/chaung/f_ws/install/cartographer_ros_msgs/include/cartographer_ros_msgs/msg/detail/submap_texture__rosidl_typesupport_introspection_c.h
[1.920s] -- Up-to-date symlink: /home/chaung/f_ws/install/cartographer_ros_msgs/include/cartographer_ros_msgs/msg/detail/trajectory_options__rosidl_typesupport_introspection_c.h
[1.921s] -- Up-to-date symlink: /home/chaung/f_ws/install/cartographer_ros_msgs/include/cartographer_ros_msgs/msg/rosidl_typesupport_introspection_c__visibility_control.h
[1.921s] -- Up-to-date symlink: /home/chaung/f_ws/install/cartographer_ros_msgs/include/cartographer_ros_msgs/srv/detail/finish_trajectory__rosidl_typesupport_introspection_c.h
[1.921s] -- Up-to-date symlink: /home/chaung/f_ws/install/cartographer_ros_msgs/include/cartographer_ros_msgs/srv/detail/start_trajectory__rosidl_typesupport_introspection_c.h
[1.921s] -- Up-to-date symlink: /home/chaung/f_ws/install/cartographer_ros_msgs/include/cartographer_ros_msgs/srv/detail/submap_query__rosidl_typesupport_introspection_c.h
[1.921s] -- Up-to-date symlink: /home/chaung/f_ws/install/cartographer_ros_msgs/include/cartographer_ros_msgs/srv/detail/write_state__rosidl_typesupport_introspection_c.h
[1.922s] -- Up-to-date symlink: /home/chaung/f_ws/install/cartographer_ros_msgs/include/cartographer_ros_msgs/msg/detail/landmark_entry__builder.hpp
[1.922s] -- Up-to-date symlink: /home/chaung/f_ws/install/cartographer_ros_msgs/include/cartographer_ros_msgs/msg/detail/landmark_entry__struct.hpp
[1.922s] -- Up-to-date symlink: /home/chaung/f_ws/install/cartographer_ros_msgs/include/cartographer_ros_msgs/msg/detail/landmark_entry__traits.hpp
[1.922s] -- Up-to-date symlink: /home/chaung/f_ws/install/cartographer_ros_msgs/include/cartographer_ros_msgs/msg/detail/landmark_list__builder.hpp
[1.922s] -- Up-to-date symlink: /home/chaung/f_ws/install/cartographer_ros_msgs/include/cartographer_ros_msgs/msg/detail/landmark_list__struct.hpp
[1.922s] -- Up-to-date symlink: /home/chaung/f_ws/install/cartographer_ros_msgs/include/cartographer_ros_msgs/msg/detail/landmark_list__traits.hpp
[1.922s] -- Up-to-date symlink: /home/chaung/f_ws/install/cartographer_ros_msgs/include/cartographer_ros_msgs/msg/detail/sensor_topics__builder.hpp
[1.922s] -- Up-to-date symlink: /home/chaung/f_ws/install/cartographer_ros_msgs/include/cartographer_ros_msgs/msg/detail/sensor_topics__struct.hpp
[1.922s] -- Up-to-date symlink: /home/chaung/f_ws/install/cartographer_ros_msgs/include/cartographer_ros_msgs/msg/detail/sensor_topics__traits.hpp
[1.922s] -- Up-to-date symlink: /home/chaung/f_ws/install/cartographer_ros_msgs/include/cartographer_ros_msgs/msg/detail/status_code__builder.hpp
[1.922s] -- Up-to-date symlink: /home/chaung/f_ws/install/cartographer_ros_msgs/include/cartographer_ros_msgs/msg/detail/status_code__struct.hpp
[1.923s] -- Up-to-date symlink: /home/chaung/f_ws/install/cartographer_ros_msgs/include/cartographer_ros_msgs/msg/detail/status_code__traits.hpp
[1.923s] -- Up-to-date symlink: /home/chaung/f_ws/install/cartographer_ros_msgs/include/cartographer_ros_msgs/msg/detail/status_response__builder.hpp
[1.923s] -- Up-to-date symlink: /home/chaung/f_ws/install/cartographer_ros_msgs/include/cartographer_ros_msgs/msg/detail/status_response__struct.hpp
[1.923s] -- Up-to-date symlink: /home/chaung/f_ws/install/cartographer_ros_msgs/include/cartographer_ros_msgs/msg/detail/status_response__traits.hpp
[1.923s] -- Up-to-date symlink: /home/chaung/f_ws/install/cartographer_ros_msgs/include/cartographer_ros_msgs/msg/detail/submap_entry__builder.hpp
[1.923s] -- Up-to-date symlink: /home/chaung/f_ws/install/cartographer_ros_msgs/include/cartographer_ros_msgs/msg/detail/submap_entry__struct.hpp
[1.924s] -- Up-to-date symlink: /home/chaung/f_ws/install/cartographer_ros_msgs/include/cartographer_ros_msgs/msg/detail/submap_entry__traits.hpp
[1.924s] -- Up-to-date symlink: /home/chaung/f_ws/install/cartographer_ros_msgs/include/cartographer_ros_msgs/msg/detail/submap_list__builder.hpp
[1.924s] -- Up-to-date symlink: /home/chaung/f_ws/install/cartographer_ros_msgs/include/cartographer_ros_msgs/msg/detail/submap_list__struct.hpp
[1.924s] -- Up-to-date symlink: /home/chaung/f_ws/install/cartographer_ros_msgs/include/cartographer_ros_msgs/msg/detail/submap_list__traits.hpp
[1.924s] -- Up-to-date symlink: /home/chaung/f_ws/install/cartographer_ros_msgs/include/cartographer_ros_msgs/msg/detail/submap_texture__builder.hpp
[1.924s] -- Up-to-date symlink: /home/chaung/f_ws/install/cartographer_ros_msgs/include/cartographer_ros_msgs/msg/detail/submap_texture__struct.hpp
[1.924s] -- Up-to-date symlink: /home/chaung/f_ws/install/cartographer_ros_msgs/include/cartographer_ros_msgs/msg/detail/submap_texture__traits.hpp
[1.924s] -- Up-to-date symlink: /home/chaung/f_ws/install/cartographer_ros_msgs/include/cartographer_ros_msgs/msg/detail/trajectory_options__builder.hpp
[1.925s] -- Up-to-date symlink: /home/chaung/f_ws/install/cartographer_ros_msgs/include/cartographer_ros_msgs/msg/detail/trajectory_options__struct.hpp
[1.925s] -- Up-to-date symlink: /home/chaung/f_ws/install/cartographer_ros_msgs/include/cartographer_ros_msgs/msg/detail/trajectory_options__traits.hpp
[1.925s] -- Up-to-date symlink: /home/chaung/f_ws/install/cartographer_ros_msgs/include/cartographer_ros_msgs/msg/landmark_entry.hpp
[1.925s] -- Up-to-date symlink: /home/chaung/f_ws/install/cartographer_ros_msgs/include/cartographer_ros_msgs/msg/landmark_list.hpp
[1.925s] -- Up-to-date symlink: /home/chaung/f_ws/install/cartographer_ros_msgs/include/cartographer_ros_msgs/msg/sensor_topics.hpp
[1.925s] -- Up-to-date symlink: /home/chaung/f_ws/install/cartographer_ros_msgs/include/cartographer_ros_msgs/msg/status_code.hpp
[1.925s] -- Up-to-date symlink: /home/chaung/f_ws/install/cartographer_ros_msgs/include/cartographer_ros_msgs/msg/status_response.hpp
[1.925s] -- Up-to-date symlink: /home/chaung/f_ws/install/cartographer_ros_msgs/include/cartographer_ros_msgs/msg/submap_entry.hpp
[1.925s] -- Up-to-date symlink: /home/chaung/f_ws/install/cartographer_ros_msgs/include/cartographer_ros_msgs/msg/submap_list.hpp
[1.925s] -- Up-to-date symlink: /home/chaung/f_ws/install/cartographer_ros_msgs/include/cartographer_ros_msgs/msg/submap_texture.hpp
[1.925s] -- Up-to-date symlink: /home/chaung/f_ws/install/cartographer_ros_msgs/include/cartographer_ros_msgs/msg/trajectory_options.hpp
[1.926s] -- Up-to-date symlink: /home/chaung/f_ws/install/cartographer_ros_msgs/include/cartographer_ros_msgs/srv/detail/finish_trajectory__builder.hpp
[1.926s] -- Up-to-date symlink: /home/chaung/f_ws/install/cartographer_ros_msgs/include/cartographer_ros_msgs/srv/detail/finish_trajectory__struct.hpp
[1.926s] -- Up-to-date symlink: /home/chaung/f_ws/install/cartographer_ros_msgs/include/cartographer_ros_msgs/srv/detail/finish_trajectory__traits.hpp
[1.926s] -- Up-to-date symlink: /home/chaung/f_ws/install/cartographer_ros_msgs/include/cartographer_ros_msgs/srv/detail/start_trajectory__builder.hpp
[1.926s] -- Up-to-date symlink: /home/chaung/f_ws/install/cartographer_ros_msgs/include/cartographer_ros_msgs/srv/detail/start_trajectory__struct.hpp
[1.926s] -- Up-to-date symlink: /home/chaung/f_ws/install/cartographer_ros_msgs/include/cartographer_ros_msgs/srv/detail/start_trajectory__traits.hpp
[1.926s] -- Up-to-date symlink: /home/chaung/f_ws/install/cartographer_ros_msgs/include/cartographer_ros_msgs/srv/detail/submap_query__builder.hpp
[1.926s] -- Up-to-date symlink: /home/chaung/f_ws/install/cartographer_ros_msgs/include/cartographer_ros_msgs/srv/detail/submap_query__struct.hpp
[1.927s] -- Up-to-date symlink: /home/chaung/f_ws/install/cartographer_ros_msgs/include/cartographer_ros_msgs/srv/detail/submap_query__traits.hpp
[1.927s] -- Up-to-date symlink: /home/chaung/f_ws/install/cartographer_ros_msgs/include/cartographer_ros_msgs/srv/detail/write_state__builder.hpp
[1.927s] -- Up-to-date symlink: /home/chaung/f_ws/install/cartographer_ros_msgs/include/cartographer_ros_msgs/srv/detail/write_state__struct.hpp
[1.927s] -- Up-to-date symlink: /home/chaung/f_ws/install/cartographer_ros_msgs/include/cartographer_ros_msgs/srv/detail/write_state__traits.hpp
[1.927s] -- Up-to-date symlink: /home/chaung/f_ws/install/cartographer_ros_msgs/include/cartographer_ros_msgs/srv/finish_trajectory.hpp
[1.927s] -- Up-to-date symlink: /home/chaung/f_ws/install/cartographer_ros_msgs/include/cartographer_ros_msgs/srv/start_trajectory.hpp
[1.927s] -- Up-to-date symlink: /home/chaung/f_ws/install/cartographer_ros_msgs/include/cartographer_ros_msgs/srv/submap_query.hpp
[1.927s] -- Up-to-date symlink: /home/chaung/f_ws/install/cartographer_ros_msgs/include/cartographer_ros_msgs/srv/write_state.hpp
[1.928s] -- Up-to-date symlink: /home/chaung/f_ws/install/cartographer_ros_msgs/include/cartographer_ros_msgs/msg/detail/landmark_entry__rosidl_typesupport_introspection_cpp.hpp
[1.928s] -- Up-to-date symlink: /home/chaung/f_ws/install/cartographer_ros_msgs/include/cartographer_ros_msgs/msg/detail/landmark_list__rosidl_typesupport_introspection_cpp.hpp
[1.928s] -- Up-to-date symlink: /home/chaung/f_ws/install/cartographer_ros_msgs/include/cartographer_ros_msgs/msg/detail/sensor_topics__rosidl_typesupport_introspection_cpp.hpp
[1.928s] -- Up-to-date symlink: /home/chaung/f_ws/install/cartographer_ros_msgs/include/cartographer_ros_msgs/msg/detail/status_code__rosidl_typesupport_introspection_cpp.hpp
[1.928s] -- Up-to-date symlink: /home/chaung/f_ws/install/cartographer_ros_msgs/include/cartographer_ros_msgs/msg/detail/status_response__rosidl_typesupport_introspection_cpp.hpp
[1.928s] -- Up-to-date symlink: /home/chaung/f_ws/install/cartographer_ros_msgs/include/cartographer_ros_msgs/msg/detail/submap_entry__rosidl_typesupport_introspection_cpp.hpp
[1.928s] -- Up-to-date symlink: /home/chaung/f_ws/install/cartographer_ros_msgs/include/cartographer_ros_msgs/msg/detail/submap_list__rosidl_typesupport_introspection_cpp.hpp
[1.928s] -- Up-to-date symlink: /home/chaung/f_ws/install/cartographer_ros_msgs/include/cartographer_ros_msgs/msg/detail/submap_texture__rosidl_typesupport_introspection_cpp.hpp
[1.929s] -- Up-to-date symlink: /home/chaung/f_ws/install/cartographer_ros_msgs/include/cartographer_ros_msgs/msg/detail/trajectory_options__rosidl_typesupport_introspection_cpp.hpp
[1.929s] -- Up-to-date symlink: /home/chaung/f_ws/install/cartographer_ros_msgs/include/cartographer_ros_msgs/srv/detail/finish_trajectory__rosidl_typesupport_introspection_cpp.hpp
[1.929s] -- Up-to-date symlink: /home/chaung/f_ws/install/cartographer_ros_msgs/include/cartographer_ros_msgs/srv/detail/start_trajectory__rosidl_typesupport_introspection_cpp.hpp
[1.929s] -- Up-to-date symlink: /home/chaung/f_ws/install/cartographer_ros_msgs/include/cartographer_ros_msgs/srv/detail/submap_query__rosidl_typesupport_introspection_cpp.hpp
[1.929s] -- Up-to-date symlink: /home/chaung/f_ws/install/cartographer_ros_msgs/include/cartographer_ros_msgs/srv/detail/write_state__rosidl_typesupport_introspection_cpp.hpp
[1.929s] -- Up-to-date symlink: /home/chaung/f_ws/install/cartographer_ros_msgs/share/cartographer_ros_msgs/environment/pythonpath.sh
[1.929s] -- Up-to-date symlink: /home/chaung/f_ws/install/cartographer_ros_msgs/share/cartographer_ros_msgs/environment/pythonpath.dsv
[1.930s] -- Up-to-date symlink: /home/chaung/f_ws/install/cartographer_ros_msgs/lib/python3.8/site-packages/cartographer_ros_msgs/__init__.py
[1.930s] -- Up-to-date symlink: /home/chaung/f_ws/install/cartographer_ros_msgs/lib/python3.8/site-packages/cartographer_ros_msgs/msg/__init__.py
[1.930s] -- Up-to-date symlink: /home/chaung/f_ws/install/cartographer_ros_msgs/lib/python3.8/site-packages/cartographer_ros_msgs/msg/_landmark_entry.py
[1.930s] -- Up-to-date symlink: /home/chaung/f_ws/install/cartographer_ros_msgs/lib/python3.8/site-packages/cartographer_ros_msgs/msg/_landmark_list.py
[1.930s] -- Up-to-date symlink: /home/chaung/f_ws/install/cartographer_ros_msgs/lib/python3.8/site-packages/cartographer_ros_msgs/msg/_sensor_topics.py
[1.930s] -- Up-to-date symlink: /home/chaung/f_ws/install/cartographer_ros_msgs/lib/python3.8/site-packages/cartographer_ros_msgs/msg/_status_code.py
[1.931s] -- Up-to-date symlink: /home/chaung/f_ws/install/cartographer_ros_msgs/lib/python3.8/site-packages/cartographer_ros_msgs/msg/_status_response.py
[1.931s] -- Up-to-date symlink: /home/chaung/f_ws/install/cartographer_ros_msgs/lib/python3.8/site-packages/cartographer_ros_msgs/msg/_submap_entry.py
[1.931s] -- Up-to-date symlink: /home/chaung/f_ws/install/cartographer_ros_msgs/lib/python3.8/site-packages/cartographer_ros_msgs/msg/_submap_list.py
[1.931s] -- Up-to-date symlink: /home/chaung/f_ws/install/cartographer_ros_msgs/lib/python3.8/site-packages/cartographer_ros_msgs/msg/_submap_texture.py
[1.931s] -- Up-to-date symlink: /home/chaung/f_ws/install/cartographer_ros_msgs/lib/python3.8/site-packages/cartographer_ros_msgs/msg/_trajectory_options.py
[1.931s] -- Up-to-date symlink: /home/chaung/f_ws/install/cartographer_ros_msgs/lib/python3.8/site-packages/cartographer_ros_msgs/srv/__init__.py
[1.931s] -- Up-to-date symlink: /home/chaung/f_ws/install/cartographer_ros_msgs/lib/python3.8/site-packages/cartographer_ros_msgs/srv/_finish_trajectory.py
[1.932s] -- Up-to-date symlink: /home/chaung/f_ws/install/cartographer_ros_msgs/lib/python3.8/site-packages/cartographer_ros_msgs/srv/_start_trajectory.py
[1.932s] -- Up-to-date symlink: /home/chaung/f_ws/install/cartographer_ros_msgs/lib/python3.8/site-packages/cartographer_ros_msgs/srv/_submap_query.py
[1.932s] -- Up-to-date symlink: /home/chaung/f_ws/install/cartographer_ros_msgs/lib/python3.8/site-packages/cartographer_ros_msgs/srv/_write_state.py
[1.932s] -- Up-to-date symlink: /home/chaung/f_ws/install/cartographer_ros_msgs/lib/python3.8/site-packages/cartographer_ros_msgs/cartographer_ros_msgs_s__rosidl_typesupport_fastrtps_c.cpython-38-x86_64-linux-gnu.so
[1.932s] -- Up-to-date symlink: /home/chaung/f_ws/install/cartographer_ros_msgs/lib/python3.8/site-packages/cartographer_ros_msgs/cartographer_ros_msgs_s__rosidl_typesupport_introspection_c.cpython-38-x86_64-linux-gnu.so
[1.933s] -- Up-to-date symlink: /home/chaung/f_ws/install/cartographer_ros_msgs/lib/python3.8/site-packages/cartographer_ros_msgs/cartographer_ros_msgs_s__rosidl_typesupport_c.cpython-38-x86_64-linux-gnu.so
[1.933s] -- Up-to-date symlink: /home/chaung/f_ws/install/cartographer_ros_msgs/lib/libcartographer_ros_msgs__python.so
[1.933s] -- Up-to-date symlink: /home/chaung/f_ws/install/cartographer_ros_msgs/share/cartographer_ros_msgs/msg/LandmarkEntry.idl
[1.933s] -- Up-to-date symlink: /home/chaung/f_ws/install/cartographer_ros_msgs/share/cartographer_ros_msgs/msg/LandmarkList.idl
[1.933s] -- Up-to-date symlink: /home/chaung/f_ws/install/cartographer_ros_msgs/share/cartographer_ros_msgs/msg/SensorTopics.idl
[1.934s] -- Up-to-date symlink: /home/chaung/f_ws/install/cartographer_ros_msgs/share/cartographer_ros_msgs/msg/StatusCode.idl
[1.934s] -- Up-to-date symlink: /home/chaung/f_ws/install/cartographer_ros_msgs/share/cartographer_ros_msgs/msg/StatusResponse.idl
[1.934s] -- Up-to-date symlink: /home/chaung/f_ws/install/cartographer_ros_msgs/share/cartographer_ros_msgs/msg/SubmapEntry.idl
[1.934s] -- Up-to-date symlink: /home/chaung/f_ws/install/cartographer_ros_msgs/share/cartographer_ros_msgs/msg/SubmapList.idl
[1.934s] -- Up-to-date symlink: /home/chaung/f_ws/install/cartographer_ros_msgs/share/cartographer_ros_msgs/msg/SubmapTexture.idl
[1.934s] -- Up-to-date symlink: /home/chaung/f_ws/install/cartographer_ros_msgs/share/cartographer_ros_msgs/msg/TrajectoryOptions.idl
[1.935s] -- Up-to-date symlink: /home/chaung/f_ws/install/cartographer_ros_msgs/share/cartographer_ros_msgs/srv/FinishTrajectory.idl
[1.935s] -- Up-to-date symlink: /home/chaung/f_ws/install/cartographer_ros_msgs/share/cartographer_ros_msgs/srv/StartTrajectory.idl
[1.935s] -- Up-to-date symlink: /home/chaung/f_ws/install/cartographer_ros_msgs/share/cartographer_ros_msgs/srv/SubmapQuery.idl
[1.935s] -- Up-to-date symlink: /home/chaung/f_ws/install/cartographer_ros_msgs/share/cartographer_ros_msgs/srv/WriteState.idl
[1.935s] -- Up-to-date symlink: /home/chaung/f_ws/install/cartographer_ros_msgs/share/cartographer_ros_msgs/msg/LandmarkEntry.msg
[1.936s] -- Up-to-date symlink: /home/chaung/f_ws/install/cartographer_ros_msgs/share/cartographer_ros_msgs/msg/LandmarkList.msg
[1.936s] -- Up-to-date symlink: /home/chaung/f_ws/install/cartographer_ros_msgs/share/cartographer_ros_msgs/msg/SensorTopics.msg
[1.936s] -- Up-to-date symlink: /home/chaung/f_ws/install/cartographer_ros_msgs/share/cartographer_ros_msgs/msg/StatusCode.msg
[1.936s] -- Up-to-date symlink: /home/chaung/f_ws/install/cartographer_ros_msgs/share/cartographer_ros_msgs/msg/StatusResponse.msg
[1.936s] -- Up-to-date symlink: /home/chaung/f_ws/install/cartographer_ros_msgs/share/cartographer_ros_msgs/msg/SubmapEntry.msg
[1.936s] -- Up-to-date symlink: /home/chaung/f_ws/install/cartographer_ros_msgs/share/cartographer_ros_msgs/msg/SubmapList.msg
[1.937s] -- Up-to-date symlink: /home/chaung/f_ws/install/cartographer_ros_msgs/share/cartographer_ros_msgs/msg/SubmapTexture.msg
[1.937s] -- Up-to-date symlink: /home/chaung/f_ws/install/cartographer_ros_msgs/share/cartographer_ros_msgs/msg/TrajectoryOptions.msg
[1.937s] -- Up-to-date symlink: /home/chaung/f_ws/install/cartographer_ros_msgs/share/cartographer_ros_msgs/srv/FinishTrajectory.srv
[1.937s] -- Up-to-date symlink: /home/chaung/f_ws/install/cartographer_ros_msgs/share/cartographer_ros_msgs/srv/FinishTrajectory_Request.msg
[1.937s] -- Up-to-date symlink: /home/chaung/f_ws/install/cartographer_ros_msgs/share/cartographer_ros_msgs/srv/FinishTrajectory_Response.msg
[1.937s] -- Up-to-date symlink: /home/chaung/f_ws/install/cartographer_ros_msgs/share/cartographer_ros_msgs/srv/StartTrajectory.srv
[1.938s] -- Up-to-date symlink: /home/chaung/f_ws/install/cartographer_ros_msgs/share/cartographer_ros_msgs/srv/StartTrajectory_Request.msg
[1.938s] -- Up-to-date symlink: /home/chaung/f_ws/install/cartographer_ros_msgs/share/cartographer_ros_msgs/srv/StartTrajectory_Response.msg
[1.938s] -- Up-to-date symlink: /home/chaung/f_ws/install/cartographer_ros_msgs/share/cartographer_ros_msgs/srv/SubmapQuery.srv
[1.938s] -- Up-to-date symlink: /home/chaung/f_ws/install/cartographer_ros_msgs/share/cartographer_ros_msgs/srv/SubmapQuery_Request.msg
[1.938s] -- Up-to-date symlink: /home/chaung/f_ws/install/cartographer_ros_msgs/share/cartographer_ros_msgs/srv/SubmapQuery_Response.msg
[1.938s] -- Up-to-date symlink: /home/chaung/f_ws/install/cartographer_ros_msgs/share/cartographer_ros_msgs/srv/WriteState.srv
[1.939s] -- Up-to-date symlink: /home/chaung/f_ws/install/cartographer_ros_msgs/share/cartographer_ros_msgs/srv/WriteState_Request.msg
[1.939s] -- Up-to-date symlink: /home/chaung/f_ws/install/cartographer_ros_msgs/share/cartographer_ros_msgs/srv/WriteState_Response.msg
[1.939s] -- Up-to-date symlink: /home/chaung/f_ws/install/cartographer_ros_msgs/share/ament_index/resource_index/package_run_dependencies/cartographer_ros_msgs
[1.939s] -- Up-to-date symlink: /home/chaung/f_ws/install/cartographer_ros_msgs/share/ament_index/resource_index/parent_prefix_path/cartographer_ros_msgs
[1.939s] -- Up-to-date symlink: /home/chaung/f_ws/install/cartographer_ros_msgs/share/cartographer_ros_msgs/environment/ament_prefix_path.sh
[1.940s] -- Up-to-date symlink: /home/chaung/f_ws/install/cartographer_ros_msgs/share/cartographer_ros_msgs/environment/ament_prefix_path.dsv
[1.940s] -- Up-to-date symlink: /home/chaung/f_ws/install/cartographer_ros_msgs/share/cartographer_ros_msgs/environment/path.sh
[1.940s] -- Up-to-date symlink: /home/chaung/f_ws/install/cartographer_ros_msgs/share/cartographer_ros_msgs/environment/path.dsv
[1.940s] -- Up-to-date symlink: /home/chaung/f_ws/install/cartographer_ros_msgs/share/cartographer_ros_msgs/local_setup.bash
[1.940s] -- Up-to-date symlink: /home/chaung/f_ws/install/cartographer_ros_msgs/share/cartographer_ros_msgs/local_setup.sh
[1.940s] -- Up-to-date symlink: /home/chaung/f_ws/install/cartographer_ros_msgs/share/cartographer_ros_msgs/local_setup.zsh
[1.941s] -- Up-to-date symlink: /home/chaung/f_ws/install/cartographer_ros_msgs/share/cartographer_ros_msgs/local_setup.dsv
[1.941s] -- Symlinking: /home/chaung/f_ws/install/cartographer_ros_msgs/share/cartographer_ros_msgs/package.dsv
[1.949s] -- Up-to-date symlink: /home/chaung/f_ws/install/cartographer_ros_msgs/share/ament_index/resource_index/packages/cartographer_ros_msgs
[1.949s] -- Up-to-date symlink: /home/chaung/f_ws/install/cartographer_ros_msgs/share/cartographer_ros_msgs/cmake/rosidl_cmake-extras.cmake
[1.949s] -- Up-to-date symlink: /home/chaung/f_ws/install/cartographer_ros_msgs/share/cartographer_ros_msgs/cmake/ament_cmake_export_dependencies-extras.cmake
[1.949s] -- Up-to-date symlink: /home/chaung/f_ws/install/cartographer_ros_msgs/share/cartographer_ros_msgs/cmake/ament_cmake_export_libraries-extras.cmake
[1.949s] -- Up-to-date symlink: /home/chaung/f_ws/install/cartographer_ros_msgs/share/cartographer_ros_msgs/cmake/ament_cmake_export_targets-extras.cmake
[1.949s] -- Up-to-date symlink: /home/chaung/f_ws/install/cartographer_ros_msgs/share/cartographer_ros_msgs/cmake/ament_cmake_export_include_directories-extras.cmake
[1.950s] -- Up-to-date symlink: /home/chaung/f_ws/install/cartographer_ros_msgs/share/cartographer_ros_msgs/cmake/rosidl_cmake_export_typesupport_libraries-extras.cmake
[1.950s] -- Up-to-date symlink: /home/chaung/f_ws/install/cartographer_ros_msgs/share/cartographer_ros_msgs/cmake/rosidl_cmake_export_typesupport_targets-extras.cmake
[1.950s] -- Up-to-date symlink: /home/chaung/f_ws/install/cartographer_ros_msgs/share/cartographer_ros_msgs/cmake/cartographer_ros_msgsConfig.cmake
[1.950s] -- Up-to-date symlink: /home/chaung/f_ws/install/cartographer_ros_msgs/share/cartographer_ros_msgs/cmake/cartographer_ros_msgsConfig-version.cmake
[1.950s] -- Up-to-date symlink: /home/chaung/f_ws/install/cartographer_ros_msgs/share/cartographer_ros_msgs/package.xml
[1.950s] -- Up-to-date: /home/chaung/f_ws/install/cartographer_ros_msgs/lib/libcartographer_ros_msgs__rosidl_generator_c.so
[1.951s] -- Up-to-date: /home/chaung/f_ws/install/cartographer_ros_msgs/lib/libcartographer_ros_msgs__rosidl_typesupport_introspection_c.so
[1.951s] -- Up-to-date: /home/chaung/f_ws/install/cartographer_ros_msgs/lib/libcartographer_ros_msgs__rosidl_typesupport_c.so
[1.951s] -- Up-to-date: /home/chaung/f_ws/install/cartographer_ros_msgs/lib/libcartographer_ros_msgs__rosidl_typesupport_introspection_cpp.so
[1.952s] -- Up-to-date: /home/chaung/f_ws/install/cartographer_ros_msgs/lib/libcartographer_ros_msgs__rosidl_typesupport_cpp.so
[1.975s] Compiling '/home/chaung/f_ws/install/cartographer_ros_msgs/lib/python3.8/site-packages/cartographer_ros_msgs/__init__.py'...
[1.978s] -- Up-to-date: /home/chaung/f_ws/install/cartographer_ros_msgs/share/cartographer_ros_msgs/cmake/cartographer_ros_msgs__rosidl_generator_cExport.cmake
[1.978s] -- Installing: /home/chaung/f_ws/install/cartographer_ros_msgs/share/cartographer_ros_msgs/cmake/cartographer_ros_msgs__rosidl_generator_cExport-noconfig.cmake
[1.979s] -- Up-to-date: /home/chaung/f_ws/install/cartographer_ros_msgs/share/cartographer_ros_msgs/cmake/cartographer_ros_msgs__rosidl_typesupport_introspection_cExport.cmake
[1.979s] -- Installing: /home/chaung/f_ws/install/cartographer_ros_msgs/share/cartographer_ros_msgs/cmake/cartographer_ros_msgs__rosidl_typesupport_introspection_cExport-noconfig.cmake
[1.979s] -- Up-to-date: /home/chaung/f_ws/install/cartographer_ros_msgs/share/cartographer_ros_msgs/cmake/cartographer_ros_msgs__rosidl_typesupport_cExport.cmake
[1.979s] -- Installing: /home/chaung/f_ws/install/cartographer_ros_msgs/share/cartographer_ros_msgs/cmake/cartographer_ros_msgs__rosidl_typesupport_cExport-noconfig.cmake
[1.979s] -- Up-to-date: /home/chaung/f_ws/install/cartographer_ros_msgs/share/cartographer_ros_msgs/cmake/cartographer_ros_msgs__rosidl_generator_cppExport.cmake
[1.979s] -- Up-to-date: /home/chaung/f_ws/install/cartographer_ros_msgs/share/cartographer_ros_msgs/cmake/cartographer_ros_msgs__rosidl_typesupport_introspection_cppExport.cmake
[1.980s] -- Installing: /home/chaung/f_ws/install/cartographer_ros_msgs/share/cartographer_ros_msgs/cmake/cartographer_ros_msgs__rosidl_typesupport_introspection_cppExport-noconfig.cmake
[1.980s] -- Up-to-date: /home/chaung/f_ws/install/cartographer_ros_msgs/share/cartographer_ros_msgs/cmake/cartographer_ros_msgs__rosidl_typesupport_cppExport.cmake
[1.980s] -- Installing: /home/chaung/f_ws/install/cartographer_ros_msgs/share/cartographer_ros_msgs/cmake/cartographer_ros_msgs__rosidl_typesupport_cppExport-noconfig.cmake
[1.984s] Invoked command in '/home/chaung/f_ws/build/cartographer_ros_msgs' returned '0': CMAKE_PREFIX_PATH=${CMAKE_PREFIX_PATH}:/home/chaung/f_ws/install/openslam_gmapping:/home/chaung/f_ws/install/bno055:/opt/ros/foxy /usr/bin/cmake --install /home/chaung/f_ws/build/cartographer_ros_msgs
