[0.058s] Invoking command in '/home/chaung/f_ws/build/dynamixel_sdk': CMAKE_PREFIX_PATH=${CMAKE_PREFIX_PATH}:/home/chaung/f_ws/install/openslam_gmapping:/home/chaung/f_ws/install/bno055:/opt/ros/foxy /usr/bin/cmake /home/chaung/f_ws/src/utils/DynamixelSDK/dynamixel_sdk -DAMENT_CMAKE_SYMLINK_INSTALL=1 -DCMAKE_INSTALL_PREFIX=/home/chaung/f_ws/install/dynamixel_sdk
[0.696s] -- Found ament_cmake: 0.9.11 (/opt/ros/foxy/share/ament_cmake/cmake)
[0.696s] -- Using PYTHON_EXECUTABLE: /usr/bin/python3
[0.696s] -- Override CMake install command with custom implementation using symlinks instead of copying resources
[0.696s] -- Configuring done
[0.696s] -- Generating done
[0.697s] -- Build files have been written to: /home/chaung/f_ws/build/dynamixel_sdk
[0.723s] Invoked command in '/home/chaung/f_ws/build/dynamixel_sdk' returned '0': CMAKE_PREFIX_PATH=${CMAKE_PREFIX_PATH}:/home/chaung/f_ws/install/openslam_gmapping:/home/chaung/f_ws/install/bno055:/opt/ros/foxy /usr/bin/cmake /home/chaung/f_ws/src/utils/DynamixelSDK/dynamixel_sdk -DAMENT_CMAKE_SYMLINK_INSTALL=1 -DCMAKE_INSTALL_PREFIX=/home/chaung/f_ws/install/dynamixel_sdk
[0.724s] Invoking command in '/home/chaung/f_ws/build/dynamixel_sdk': CMAKE_PREFIX_PATH=${CMAKE_PREFIX_PATH}:/home/chaung/f_ws/install/openslam_gmapping:/home/chaung/f_ws/install/bno055:/opt/ros/foxy /usr/bin/cmake --build /home/chaung/f_ws/build/dynamixel_sdk
[0.795s] [100%] Built target dynamixel_sdk
[0.809s] Invoked command in '/home/chaung/f_ws/build/dynamixel_sdk' returned '0': CMAKE_PREFIX_PATH=${CMAKE_PREFIX_PATH}:/home/chaung/f_ws/install/openslam_gmapping:/home/chaung/f_ws/install/bno055:/opt/ros/foxy /usr/bin/cmake --build /home/chaung/f_ws/build/dynamixel_sdk
[0.868s] Invoking command in '/home/chaung/f_ws/build/dynamixel_sdk': CMAKE_PREFIX_PATH=${CMAKE_PREFIX_PATH}:/home/chaung/f_ws/install/openslam_gmapping:/home/chaung/f_ws/install/bno055:/opt/ros/foxy /usr/bin/cmake --install /home/chaung/f_ws/build/dynamixel_sdk
[0.878s] -- Install configuration: ""
[0.878s] -- Execute custom install script
[0.878s] -- Up-to-date symlink: /home/chaung/f_ws/install/dynamixel_sdk/include//dynamixel_sdk/dynamixel_sdk.h
[0.879s] -- Up-to-date symlink: /home/chaung/f_ws/install/dynamixel_sdk/include//dynamixel_sdk/group_bulk_read.h
[0.879s] -- Up-to-date symlink: /home/chaung/f_ws/install/dynamixel_sdk/include//dynamixel_sdk/group_bulk_write.h
[0.879s] -- Up-to-date symlink: /home/chaung/f_ws/install/dynamixel_sdk/include//dynamixel_sdk/group_sync_read.h
[0.879s] -- Up-to-date symlink: /home/chaung/f_ws/install/dynamixel_sdk/include//dynamixel_sdk/group_sync_write.h
[0.879s] -- Up-to-date symlink: /home/chaung/f_ws/install/dynamixel_sdk/include//dynamixel_sdk/packet_handler.h
[0.879s] -- Up-to-date symlink: /home/chaung/f_ws/install/dynamixel_sdk/include//dynamixel_sdk/port_handler.h
[0.880s] -- Up-to-date symlink: /home/chaung/f_ws/install/dynamixel_sdk/include//dynamixel_sdk/port_handler_arduino.h
[0.880s] -- Up-to-date symlink: /home/chaung/f_ws/install/dynamixel_sdk/include//dynamixel_sdk/port_handler_linux.h
[0.880s] -- Up-to-date symlink: /home/chaung/f_ws/install/dynamixel_sdk/include//dynamixel_sdk/port_handler_mac.h
[0.880s] -- Up-to-date symlink: /home/chaung/f_ws/install/dynamixel_sdk/include//dynamixel_sdk/port_handler_windows.h
[0.881s] -- Up-to-date symlink: /home/chaung/f_ws/install/dynamixel_sdk/include//dynamixel_sdk/protocol1_packet_handler.h
[0.881s] -- Up-to-date symlink: /home/chaung/f_ws/install/dynamixel_sdk/include//dynamixel_sdk/protocol2_packet_handler.h
[0.881s] -- Up-to-date symlink: /home/chaung/f_ws/install/dynamixel_sdk/lib/libdynamixel_sdk.so
[0.881s] -- Up-to-date symlink: /home/chaung/f_ws/install/dynamixel_sdk/share/dynamixel_sdk/environment/library_path.sh
[0.882s] -- Up-to-date symlink: /home/chaung/f_ws/install/dynamixel_sdk/share/dynamixel_sdk/environment/library_path.dsv
[0.882s] -- Up-to-date symlink: /home/chaung/f_ws/install/dynamixel_sdk/share/ament_index/resource_index/package_run_dependencies/dynamixel_sdk
[0.882s] -- Up-to-date symlink: /home/chaung/f_ws/install/dynamixel_sdk/share/ament_index/resource_index/parent_prefix_path/dynamixel_sdk
[0.883s] -- Up-to-date symlink: /home/chaung/f_ws/install/dynamixel_sdk/share/dynamixel_sdk/environment/ament_prefix_path.sh
[0.883s] -- Up-to-date symlink: /home/chaung/f_ws/install/dynamixel_sdk/share/dynamixel_sdk/environment/ament_prefix_path.dsv
[0.883s] -- Up-to-date symlink: /home/chaung/f_ws/install/dynamixel_sdk/share/dynamixel_sdk/environment/path.sh
[0.884s] -- Up-to-date symlink: /home/chaung/f_ws/install/dynamixel_sdk/share/dynamixel_sdk/environment/path.dsv
[0.884s] -- Up-to-date symlink: /home/chaung/f_ws/install/dynamixel_sdk/share/dynamixel_sdk/local_setup.bash
[0.884s] -- Up-to-date symlink: /home/chaung/f_ws/install/dynamixel_sdk/share/dynamixel_sdk/local_setup.sh
[0.884s] -- Up-to-date symlink: /home/chaung/f_ws/install/dynamixel_sdk/share/dynamixel_sdk/local_setup.zsh
[0.885s] -- Up-to-date symlink: /home/chaung/f_ws/install/dynamixel_sdk/share/dynamixel_sdk/local_setup.dsv
[0.885s] -- Symlinking: /home/chaung/f_ws/install/dynamixel_sdk/share/dynamixel_sdk/package.dsv
[0.897s] -- Up-to-date symlink: /home/chaung/f_ws/install/dynamixel_sdk/share/ament_index/resource_index/packages/dynamixel_sdk
[0.897s] -- Up-to-date symlink: /home/chaung/f_ws/install/dynamixel_sdk/share/dynamixel_sdk/cmake/ament_cmake_export_include_directories-extras.cmake
[0.898s] -- Up-to-date symlink: /home/chaung/f_ws/install/dynamixel_sdk/share/dynamixel_sdk/cmake/ament_cmake_export_libraries-extras.cmake
[0.898s] -- Up-to-date symlink: /home/chaung/f_ws/install/dynamixel_sdk/share/dynamixel_sdk/cmake/dynamixel_sdkConfig.cmake
[0.898s] -- Up-to-date symlink: /home/chaung/f_ws/install/dynamixel_sdk/share/dynamixel_sdk/cmake/dynamixel_sdkConfig-version.cmake
[0.899s] -- Up-to-date symlink: /home/chaung/f_ws/install/dynamixel_sdk/share/dynamixel_sdk/package.xml
[0.937s] Invoked command in '/home/chaung/f_ws/build/dynamixel_sdk' returned '0': CMAKE_PREFIX_PATH=${CMAKE_PREFIX_PATH}:/home/chaung/f_ws/install/openslam_gmapping:/home/chaung/f_ws/install/bno055:/opt/ros/foxy /usr/bin/cmake --install /home/chaung/f_ws/build/dynamixel_sdk
