[0.069s] Invoking command in '/home/chaung/f_ws/build/cartographer_ros_msgs': CMAKE_PREFIX_PATH=${CMAKE_PREFIX_PATH}:/home/chaung/f_ws/install/openslam_gmapping:/home/chaung/f_ws/install/bno055:/opt/ros/foxy /usr/bin/cmake --build /home/chaung/f_ws/build/cartographer_ros_msgs
[0.821s] [  0%] Built target cartographer_ros_msgs__cpp
[0.822s] [ 12%] Built target cartographer_ros_msgs__rosidl_generator_c
[0.822s] [ 24%] Built target cartographer_ros_msgs__rosidl_typesupport_introspection_c
[0.822s] [ 36%] Built target cartographer_ros_msgs__rosidl_typesupport_introspection_cpp
[0.822s] [ 48%] Built target cartographer_ros_msgs__rosidl_typesupport_cpp
[0.822s] [ 60%] Built target cartographer_ros_msgs__rosidl_typesupport_c
[0.822s] [ 48%] [32m[1mLinking CXX shared library libcartographer_ros_msgs__rosidl_typesupport_fastrtps_cpp.so[0m
[0.822s] [ 72%] Built target cartographer_ros_msgs__rosidl_typesupport_fastrtps_cpp
[0.822s] [ 73%] [32m[1mLinking CXX shared library libcartographer_ros_msgs__rosidl_typesupport_fastrtps_c.so[0m
[0.822s] [ 84%] Built target cartographer_ros_msgs__rosidl_typesupport_fastrtps_c
[0.823s] [ 84%] Built target cartographer_ros_msgs
[0.843s] [ 85%] Built target cartographer_ros_msgs__py
[0.918s] [ 86%] [32m[1mLinking C shared library rosidl_generator_py/cartographer_ros_msgs/libcartographer_ros_msgs__python.so[0m
[0.995s] [ 96%] Built target cartographer_ros_msgs__python
[1.045s] [ 96%] [32m[1mLinking C shared library rosidl_generator_py/cartographer_ros_msgs/cartographer_ros_msgs_s__rosidl_typesupport_c.cpython-38-x86_64-linux-gnu.so[0m
[1.046s] [ 97%] [32m[1mLinking C shared library rosidl_generator_py/cartographer_ros_msgs/cartographer_ros_msgs_s__rosidl_typesupport_introspection_c.cpython-38-x86_64-linux-gnu.so[0m
[1.054s] [ 97%] [32m[1mLinking CXX shared library rosidl_generator_py/cartographer_ros_msgs/cartographer_ros_msgs_s__rosidl_typesupport_fastrtps_c.cpython-38-x86_64-linux-gnu.so[0m
[1.115s] [ 99%] Built target cartographer_ros_msgs__rosidl_typesupport_c__pyext
[1.115s] [ 99%] Built target cartographer_ros_msgs__rosidl_typesupport_introspection_c__pyext
[1.190s] [100%] Built target cartographer_ros_msgs__rosidl_typesupport_fastrtps_c__pyext
