[0.976s] Invoking command in '/home/chaung/f_ws/build/rtabmap_python': PYTHONPATH=/home/chaung/f_ws/build/rtabmap_python/prefix_override:/home/chaung/f_ws/install/rtabmap_python/lib/python3.8/site-packages:${PYTHONPATH} /usr/bin/python3 setup.py develop --uninstall --editable --build-directory /home/chaung/f_ws/build/rtabmap_python/build
[1.178s] running develop
[1.320s] Removing /home/chaung/f_ws/install/rtabmap_python/lib/python3.8/site-packages/rtabmap-python.egg-link (link to .)
[1.354s] Invoked command in '/home/chaung/f_ws/build/rtabmap_python' returned '0': PYTHONPATH=/home/chaung/f_ws/build/rtabmap_python/prefix_override:/home/chaung/f_ws/install/rtabmap_python/lib/python3.8/site-packages:${PYTHONPATH} /usr/bin/python3 setup.py develop --uninstall --editable --build-directory /home/chaung/f_ws/build/rtabmap_python/build
[1.355s] Invoking command in '/home/chaung/f_ws/src/rtabmap_ros/rtabmap_python': PYTHONPATH=/home/chaung/f_ws/build/rtabmap_python/prefix_override:/home/chaung/f_ws/install/rtabmap_python/lib/python3.8/site-packages:${PYTHONPATH} /usr/bin/python3 setup.py egg_info --egg-base ../../../build/rtabmap_python build --build-base /home/chaung/f_ws/build/rtabmap_python/build install --record /home/chaung/f_ws/build/rtabmap_python/install.log --single-version-externally-managed
[1.521s] running egg_info
[1.521s] writing ../../../build/rtabmap_python/rtabmap_python.egg-info/PKG-INFO
[1.521s] writing dependency_links to ../../../build/rtabmap_python/rtabmap_python.egg-info/dependency_links.txt
[1.521s] writing entry points to ../../../build/rtabmap_python/rtabmap_python.egg-info/entry_points.txt
[1.521s] writing requirements to ../../../build/rtabmap_python/rtabmap_python.egg-info/requires.txt
[1.522s] writing top-level names to ../../../build/rtabmap_python/rtabmap_python.egg-info/top_level.txt
[1.547s] reading manifest file '../../../build/rtabmap_python/rtabmap_python.egg-info/SOURCES.txt'
[1.548s] writing manifest file '../../../build/rtabmap_python/rtabmap_python.egg-info/SOURCES.txt'
[1.548s] running build
[1.548s] running build_py
[1.548s] running install
[1.549s] running install_lib
[1.549s] creating /home/chaung/f_ws/install/rtabmap_python/lib/python3.8/site-packages/rtabmap_python
[1.549s] copying /home/chaung/f_ws/build/rtabmap_python/build/lib/rtabmap_python/__init__.py -> /home/chaung/f_ws/install/rtabmap_python/lib/python3.8/site-packages/rtabmap_python
[1.549s] copying /home/chaung/f_ws/build/rtabmap_python/build/lib/rtabmap_python/compression.py -> /home/chaung/f_ws/install/rtabmap_python/lib/python3.8/site-packages/rtabmap_python
[1.550s] byte-compiling /home/chaung/f_ws/install/rtabmap_python/lib/python3.8/site-packages/rtabmap_python/__init__.py to __init__.cpython-38.pyc
[1.551s] byte-compiling /home/chaung/f_ws/install/rtabmap_python/lib/python3.8/site-packages/rtabmap_python/compression.py to compression.cpython-38.pyc
[1.551s] running install_data
[1.551s] running install_egg_info
[1.552s] Copying ../../../build/rtabmap_python/rtabmap_python.egg-info to /home/chaung/f_ws/install/rtabmap_python/lib/python3.8/site-packages/rtabmap_python-0.1.0-py3.8.egg-info
[1.553s] running install_scripts
[1.566s] writing list of installed files to '/home/chaung/f_ws/build/rtabmap_python/install.log'
[1.586s] Invoked command in '/home/chaung/f_ws/src/rtabmap_ros/rtabmap_python' returned '0': PYTHONPATH=/home/chaung/f_ws/build/rtabmap_python/prefix_override:/home/chaung/f_ws/install/rtabmap_python/lib/python3.8/site-packages:${PYTHONPATH} /usr/bin/python3 setup.py egg_info --egg-base ../../../build/rtabmap_python build --build-base /home/chaung/f_ws/build/rtabmap_python/build install --record /home/chaung/f_ws/build/rtabmap_python/install.log --single-version-externally-managed
