[0.022s] Invoking command in '/home/chaung/f_ws/build/rtabmap_util': CMAKE_PREFIX_PATH=/home/chaung/f_ws/install/rtabmap_conversions:/home/chaung/f_ws/install/rtabmap_python:/home/chaung/f_ws/install/bno055:/opt/ros/foxy:/home/chaung/f_ws/install/rtabmap_msgs:/home/chaung/f_ws/install/rtabmap:/home/chaung/f_ws/install/sllidar_ros2:/home/chaung/f_ws/install/slam_gmapping:/home/chaung/f_ws/install/rtabmap_ros:/home/chaung/f_ws/install/rtabmap_launch:/home/chaung/f_ws/install/rtabmap_examples:/home/chaung/f_ws/install/rtabmap_demos:/home/chaung/f_ws/install/rtabmap_viz:/home/chaung/f_ws/install/rtabmap_slam:/home/chaung/f_ws/install/rtabmap_odom:/home/chaung/f_ws/install/rtabmap_util:/home/chaung/f_ws/install/rtabmap_sync:/home/chaung/f_ws/install/rtabmap_rviz_plugins:/home/chaung/f_ws/install/openslam_gmapping:/home/chaung/f_ws/install/hls_lfcd_lds_driver:/home/chaung/f_ws/install/dynamixel_sdk_examples:/home/chaung/f_ws/install/dynamixel_sdk_custom_interfaces:/home/chaung/f_ws/install/dynamixel_sdk LD_LIBRARY_PATH=/home/chaung/f_ws/install/rtabmap_conversions/lib:/home/chaung/f_ws/install/rtabmap_msgs/lib:/home/chaung/f_ws/install/rtabmap/lib:/home/chaung/f_ws/install/rtabmap_slam/lib:/home/chaung/f_ws/install/rtabmap_odom/lib:/home/chaung/f_ws/install/rtabmap_util/lib:/home/chaung/f_ws/install/rtabmap_sync/lib:/home/chaung/f_ws/install/rtabmap_rviz_plugins/lib:/home/chaung/f_ws/install/openslam_gmapping/lib:/home/chaung/f_ws/install/dynamixel_sdk_custom_interfaces/lib:/home/chaung/f_ws/install/dynamixel_sdk/lib:/usr/lib/x86_64-linux-gnu/gazebo-11/plugins:/opt/ros/foxy/opt/yaml_cpp_vendor/lib:/opt/ros/foxy/opt/rviz_ogre_vendor/lib:/opt/ros/foxy/lib/x86_64-linux-gnu:/opt/ros/foxy/lib PYTHONPATH=/home/chaung/f_ws/install/rtabmap_msgs/lib/python3.8/site-packages:/home/chaung/f_ws/install/rtabmap_python/lib/python3.8/site-packages:/home/chaung/f_ws/install/dynamixel_sdk_custom_interfaces/lib/python3.8/site-packages:/home/chaung/f_ws/install/bno055/lib/python3.8/site-packages:/opt/ros/foxy/lib/python3.8/site-packages /usr/bin/cmake --build /home/chaung/f_ws/build/rtabmap_util -- -j12 -l12
[0.124s] [ 37%] Built target rtabmap_util_plugins
[0.171s] [ 51%] Built target rtabmap_rgbd_split
[0.171s] [ 51%] Built target rtabmap_rgbd_relay
[0.172s] [ 68%] Built target rtabmap_point_cloud_aggregator
[0.172s] [ 72%] Built target rtabmap_pointcloud_to_depthimage
[0.172s] [ 72%] Built target rtabmap_lidar_deskewing
[0.176s] [ 79%] Built target rtabmap_point_cloud_xyz
[0.178s] [ 86%] Built target rtabmap_point_cloud_xyzrgb
[0.181s] [ 93%] Built target rtabmap_obstacles_detection
[0.188s] [100%] Built target rtabmap_point_cloud_assembler
[0.197s] Invoked command in '/home/chaung/f_ws/build/rtabmap_util' returned '0': CMAKE_PREFIX_PATH=/home/chaung/f_ws/install/rtabmap_conversions:/home/chaung/f_ws/install/rtabmap_python:/home/chaung/f_ws/install/bno055:/opt/ros/foxy:/home/chaung/f_ws/install/rtabmap_msgs:/home/chaung/f_ws/install/rtabmap:/home/chaung/f_ws/install/sllidar_ros2:/home/chaung/f_ws/install/slam_gmapping:/home/chaung/f_ws/install/rtabmap_ros:/home/chaung/f_ws/install/rtabmap_launch:/home/chaung/f_ws/install/rtabmap_examples:/home/chaung/f_ws/install/rtabmap_demos:/home/chaung/f_ws/install/rtabmap_viz:/home/chaung/f_ws/install/rtabmap_slam:/home/chaung/f_ws/install/rtabmap_odom:/home/chaung/f_ws/install/rtabmap_util:/home/chaung/f_ws/install/rtabmap_sync:/home/chaung/f_ws/install/rtabmap_rviz_plugins:/home/chaung/f_ws/install/openslam_gmapping:/home/chaung/f_ws/install/hls_lfcd_lds_driver:/home/chaung/f_ws/install/dynamixel_sdk_examples:/home/chaung/f_ws/install/dynamixel_sdk_custom_interfaces:/home/chaung/f_ws/install/dynamixel_sdk LD_LIBRARY_PATH=/home/chaung/f_ws/install/rtabmap_conversions/lib:/home/chaung/f_ws/install/rtabmap_msgs/lib:/home/chaung/f_ws/install/rtabmap/lib:/home/chaung/f_ws/install/rtabmap_slam/lib:/home/chaung/f_ws/install/rtabmap_odom/lib:/home/chaung/f_ws/install/rtabmap_util/lib:/home/chaung/f_ws/install/rtabmap_sync/lib:/home/chaung/f_ws/install/rtabmap_rviz_plugins/lib:/home/chaung/f_ws/install/openslam_gmapping/lib:/home/chaung/f_ws/install/dynamixel_sdk_custom_interfaces/lib:/home/chaung/f_ws/install/dynamixel_sdk/lib:/usr/lib/x86_64-linux-gnu/gazebo-11/plugins:/opt/ros/foxy/opt/yaml_cpp_vendor/lib:/opt/ros/foxy/opt/rviz_ogre_vendor/lib:/opt/ros/foxy/lib/x86_64-linux-gnu:/opt/ros/foxy/lib PYTHONPATH=/home/chaung/f_ws/install/rtabmap_msgs/lib/python3.8/site-packages:/home/chaung/f_ws/install/rtabmap_python/lib/python3.8/site-packages:/home/chaung/f_ws/install/dynamixel_sdk_custom_interfaces/lib/python3.8/site-packages:/home/chaung/f_ws/install/bno055/lib/python3.8/site-packages:/opt/ros/foxy/lib/python3.8/site-packages /usr/bin/cmake --build /home/chaung/f_ws/build/rtabmap_util -- -j12 -l12
[0.246s] Invoking command in '/home/chaung/f_ws/build/rtabmap_util': CMAKE_PREFIX_PATH=/home/chaung/f_ws/install/rtabmap_conversions:/home/chaung/f_ws/install/rtabmap_python:/home/chaung/f_ws/install/bno055:/opt/ros/foxy:/home/chaung/f_ws/install/rtabmap_msgs:/home/chaung/f_ws/install/rtabmap:/home/chaung/f_ws/install/sllidar_ros2:/home/chaung/f_ws/install/slam_gmapping:/home/chaung/f_ws/install/rtabmap_ros:/home/chaung/f_ws/install/rtabmap_launch:/home/chaung/f_ws/install/rtabmap_examples:/home/chaung/f_ws/install/rtabmap_demos:/home/chaung/f_ws/install/rtabmap_viz:/home/chaung/f_ws/install/rtabmap_slam:/home/chaung/f_ws/install/rtabmap_odom:/home/chaung/f_ws/install/rtabmap_util:/home/chaung/f_ws/install/rtabmap_sync:/home/chaung/f_ws/install/rtabmap_rviz_plugins:/home/chaung/f_ws/install/openslam_gmapping:/home/chaung/f_ws/install/hls_lfcd_lds_driver:/home/chaung/f_ws/install/dynamixel_sdk_examples:/home/chaung/f_ws/install/dynamixel_sdk_custom_interfaces:/home/chaung/f_ws/install/dynamixel_sdk LD_LIBRARY_PATH=/home/chaung/f_ws/install/rtabmap_conversions/lib:/home/chaung/f_ws/install/rtabmap_msgs/lib:/home/chaung/f_ws/install/rtabmap/lib:/home/chaung/f_ws/install/rtabmap_slam/lib:/home/chaung/f_ws/install/rtabmap_odom/lib:/home/chaung/f_ws/install/rtabmap_util/lib:/home/chaung/f_ws/install/rtabmap_sync/lib:/home/chaung/f_ws/install/rtabmap_rviz_plugins/lib:/home/chaung/f_ws/install/openslam_gmapping/lib:/home/chaung/f_ws/install/dynamixel_sdk_custom_interfaces/lib:/home/chaung/f_ws/install/dynamixel_sdk/lib:/usr/lib/x86_64-linux-gnu/gazebo-11/plugins:/opt/ros/foxy/opt/yaml_cpp_vendor/lib:/opt/ros/foxy/opt/rviz_ogre_vendor/lib:/opt/ros/foxy/lib/x86_64-linux-gnu:/opt/ros/foxy/lib PYTHONPATH=/home/chaung/f_ws/install/rtabmap_msgs/lib/python3.8/site-packages:/home/chaung/f_ws/install/rtabmap_python/lib/python3.8/site-packages:/home/chaung/f_ws/install/dynamixel_sdk_custom_interfaces/lib/python3.8/site-packages:/home/chaung/f_ws/install/bno055/lib/python3.8/site-packages:/opt/ros/foxy/lib/python3.8/site-packages /usr/bin/cmake --install /home/chaung/f_ws/build/rtabmap_util
[0.257s] -- Install configuration: ""
[0.257s] -- Execute custom install script
[0.257s] -- Up-to-date symlink: /home/chaung/f_ws/install/rtabmap_util/share/rtabmap_util/environment/library_path.sh
[0.257s] -- Up-to-date symlink: /home/chaung/f_ws/install/rtabmap_util/share/rtabmap_util/environment/library_path.dsv
[0.257s] -- Up-to-date symlink: /home/chaung/f_ws/install/rtabmap_util/lib/rtabmap_util/transform_to_tf.py
[0.257s] -- Up-to-date symlink: /home/chaung/f_ws/install/rtabmap_util/lib/rtabmap_util/yaml_to_camera_info.py
[0.257s] -- Up-to-date symlink: /home/chaung/f_ws/install/rtabmap_util/lib/rtabmap_util/rgbd_relay
[0.257s] -- Up-to-date symlink: /home/chaung/f_ws/install/rtabmap_util/lib/rtabmap_util/rgbd_split
[0.257s] -- Up-to-date symlink: /home/chaung/f_ws/install/rtabmap_util/lib/rtabmap_util/lidar_deskewing
[0.257s] -- Up-to-date symlink: /home/chaung/f_ws/install/rtabmap_util/lib/rtabmap_util/point_cloud_xyz
[0.257s] -- Up-to-date symlink: /home/chaung/f_ws/install/rtabmap_util/lib/rtabmap_util/point_cloud_xyzrgb
[0.257s] -- Up-to-date symlink: /home/chaung/f_ws/install/rtabmap_util/lib/rtabmap_util/pointcloud_to_depthimage
[0.258s] -- Up-to-date symlink: /home/chaung/f_ws/install/rtabmap_util/lib/rtabmap_util/obstacles_detection
[0.258s] -- Up-to-date symlink: /home/chaung/f_ws/install/rtabmap_util/lib/rtabmap_util/point_cloud_aggregator
[0.258s] -- Up-to-date symlink: /home/chaung/f_ws/install/rtabmap_util/lib/rtabmap_util/point_cloud_assembler
[0.258s] -- Up-to-date symlink: /home/chaung/f_ws/install/rtabmap_util/share/ament_index/resource_index/package_run_dependencies/rtabmap_util
[0.258s] -- Up-to-date symlink: /home/chaung/f_ws/install/rtabmap_util/share/ament_index/resource_index/parent_prefix_path/rtabmap_util
[0.258s] -- Up-to-date symlink: /home/chaung/f_ws/install/rtabmap_util/share/rtabmap_util/environment/ament_prefix_path.sh
[0.258s] -- Up-to-date symlink: /home/chaung/f_ws/install/rtabmap_util/share/rtabmap_util/environment/ament_prefix_path.dsv
[0.258s] -- Up-to-date symlink: /home/chaung/f_ws/install/rtabmap_util/share/rtabmap_util/environment/path.sh
[0.258s] -- Up-to-date symlink: /home/chaung/f_ws/install/rtabmap_util/share/rtabmap_util/environment/path.dsv
[0.258s] -- Up-to-date symlink: /home/chaung/f_ws/install/rtabmap_util/share/rtabmap_util/local_setup.bash
[0.258s] -- Up-to-date symlink: /home/chaung/f_ws/install/rtabmap_util/share/rtabmap_util/local_setup.sh
[0.258s] -- Up-to-date symlink: /home/chaung/f_ws/install/rtabmap_util/share/rtabmap_util/local_setup.zsh
[0.259s] -- Up-to-date symlink: /home/chaung/f_ws/install/rtabmap_util/share/rtabmap_util/local_setup.dsv
[0.259s] -- Symlinking: /home/chaung/f_ws/install/rtabmap_util/share/rtabmap_util/package.dsv
[0.267s] -- Up-to-date symlink: /home/chaung/f_ws/install/rtabmap_util/share/ament_index/resource_index/packages/rtabmap_util
[0.268s] -- Up-to-date symlink: /home/chaung/f_ws/install/rtabmap_util/share/ament_index/resource_index/rclcpp_components/rtabmap_util
[0.268s] -- Up-to-date symlink: /home/chaung/f_ws/install/rtabmap_util/share/rtabmap_util/cmake/ament_cmake_export_dependencies-extras.cmake
[0.268s] -- Up-to-date symlink: /home/chaung/f_ws/install/rtabmap_util/share/rtabmap_util/cmake/ament_cmake_export_include_directories-extras.cmake
[0.268s] -- Up-to-date symlink: /home/chaung/f_ws/install/rtabmap_util/share/rtabmap_util/cmake/ament_cmake_export_targets-extras.cmake
[0.269s] -- Up-to-date symlink: /home/chaung/f_ws/install/rtabmap_util/share/rtabmap_util/cmake/ament_cmake_export_libraries-extras.cmake
[0.269s] -- Up-to-date symlink: /home/chaung/f_ws/install/rtabmap_util/share/rtabmap_util/cmake/rtabmap_utilConfig.cmake
[0.269s] -- Up-to-date symlink: /home/chaung/f_ws/install/rtabmap_util/share/rtabmap_util/cmake/rtabmap_utilConfig-version.cmake
[0.270s] -- Up-to-date symlink: /home/chaung/f_ws/install/rtabmap_util/share/rtabmap_util/package.xml
[0.270s] -- Up-to-date: /home/chaung/f_ws/install/rtabmap_util/lib/librtabmap_util_plugins.so
[0.270s] -- Up-to-date: /home/chaung/f_ws/install/rtabmap_util/include
[0.270s] -- Up-to-date: /home/chaung/f_ws/install/rtabmap_util/include/rtabmap_util
[0.271s] -- Up-to-date: /home/chaung/f_ws/install/rtabmap_util/include/rtabmap_util/MapsManager.h
[0.271s] -- Up-to-date: /home/chaung/f_ws/install/rtabmap_util/include/rtabmap_util/visibility.h
[0.271s] -- Up-to-date: /home/chaung/f_ws/install/rtabmap_util/include/rtabmap_util/ULogToRosout.h
[0.271s] -- Up-to-date: /home/chaung/f_ws/install/rtabmap_util/share/rtabmap_util/cmake/rtabmap_utilExport.cmake
[0.271s] -- Up-to-date: /home/chaung/f_ws/install/rtabmap_util/share/rtabmap_util/cmake/rtabmap_utilExport-noconfig.cmake
[0.274s] Invoked command in '/home/chaung/f_ws/build/rtabmap_util' returned '0': CMAKE_PREFIX_PATH=/home/chaung/f_ws/install/rtabmap_conversions:/home/chaung/f_ws/install/rtabmap_python:/home/chaung/f_ws/install/bno055:/opt/ros/foxy:/home/chaung/f_ws/install/rtabmap_msgs:/home/chaung/f_ws/install/rtabmap:/home/chaung/f_ws/install/sllidar_ros2:/home/chaung/f_ws/install/slam_gmapping:/home/chaung/f_ws/install/rtabmap_ros:/home/chaung/f_ws/install/rtabmap_launch:/home/chaung/f_ws/install/rtabmap_examples:/home/chaung/f_ws/install/rtabmap_demos:/home/chaung/f_ws/install/rtabmap_viz:/home/chaung/f_ws/install/rtabmap_slam:/home/chaung/f_ws/install/rtabmap_odom:/home/chaung/f_ws/install/rtabmap_util:/home/chaung/f_ws/install/rtabmap_sync:/home/chaung/f_ws/install/rtabmap_rviz_plugins:/home/chaung/f_ws/install/openslam_gmapping:/home/chaung/f_ws/install/hls_lfcd_lds_driver:/home/chaung/f_ws/install/dynamixel_sdk_examples:/home/chaung/f_ws/install/dynamixel_sdk_custom_interfaces:/home/chaung/f_ws/install/dynamixel_sdk LD_LIBRARY_PATH=/home/chaung/f_ws/install/rtabmap_conversions/lib:/home/chaung/f_ws/install/rtabmap_msgs/lib:/home/chaung/f_ws/install/rtabmap/lib:/home/chaung/f_ws/install/rtabmap_slam/lib:/home/chaung/f_ws/install/rtabmap_odom/lib:/home/chaung/f_ws/install/rtabmap_util/lib:/home/chaung/f_ws/install/rtabmap_sync/lib:/home/chaung/f_ws/install/rtabmap_rviz_plugins/lib:/home/chaung/f_ws/install/openslam_gmapping/lib:/home/chaung/f_ws/install/dynamixel_sdk_custom_interfaces/lib:/home/chaung/f_ws/install/dynamixel_sdk/lib:/usr/lib/x86_64-linux-gnu/gazebo-11/plugins:/opt/ros/foxy/opt/yaml_cpp_vendor/lib:/opt/ros/foxy/opt/rviz_ogre_vendor/lib:/opt/ros/foxy/lib/x86_64-linux-gnu:/opt/ros/foxy/lib PYTHONPATH=/home/chaung/f_ws/install/rtabmap_msgs/lib/python3.8/site-packages:/home/chaung/f_ws/install/rtabmap_python/lib/python3.8/site-packages:/home/chaung/f_ws/install/dynamixel_sdk_custom_interfaces/lib/python3.8/site-packages:/home/chaung/f_ws/install/bno055/lib/python3.8/site-packages:/opt/ros/foxy/lib/python3.8/site-packages /usr/bin/cmake --install /home/chaung/f_ws/build/rtabmap_util
