[0.067s] Invoking command in '/home/chaung/f_ws/build/turtlebot3_msgs': CMAKE_PREFIX_PATH=${CMAKE_PREFIX_PATH}:/home/chaung/f_ws/install/openslam_gmapping:/home/chaung/f_ws/install/bno055:/opt/ros/foxy /usr/bin/cmake --build /home/chaung/f_ws/build/turtlebot3_msgs
[0.826s] [  1%] Built target turtlebot3_msgs__cpp
[0.826s] [ 12%] Built target turtlebot3_msgs__rosidl_generator_c
[0.826s] [ 14%] [32m[1mLinking CXX shared library libturtlebot3_msgs__rosidl_typesupport_fastrtps_cpp.so[0m
[0.827s] [ 25%] Built target turtlebot3_msgs__rosidl_typesupport_cpp
[0.827s] [ 36%] Built target turtlebot3_msgs__rosidl_typesupport_introspection_cpp
[0.827s] [ 47%] Built target turtlebot3_msgs__rosidl_typesupport_c
[0.827s] [ 59%] Built target turtlebot3_msgs__rosidl_typesupport_introspection_c
[0.827s] [ 69%] Built target turtlebot3_msgs__rosidl_typesupport_fastrtps_cpp
[0.827s] [ 70%] [32m[1mLinking CXX shared library libturtlebot3_msgs__rosidl_typesupport_fastrtps_c.so[0m
[0.827s] [ 80%] Built target turtlebot3_msgs__rosidl_typesupport_fastrtps_c
[0.863s] [ 80%] Built target turtlebot3_msgs
[0.901s] [ 81%] Built target turtlebot3_msgs__py
[0.968s] [ 83%] [32m[1mLinking C shared library rosidl_generator_py/turtlebot3_msgs/libturtlebot3_msgs__python.so[0m
[1.050s] [ 91%] Built target turtlebot3_msgs__python
[1.111s] [ 92%] [32m[1mLinking CXX shared library rosidl_generator_py/turtlebot3_msgs/turtlebot3_msgs_s__rosidl_typesupport_fastrtps_c.cpython-38-x86_64-linux-gnu.so[0m
[1.124s] [ 94%] [32m[1mLinking C shared library rosidl_generator_py/turtlebot3_msgs/turtlebot3_msgs_s__rosidl_typesupport_c.cpython-38-x86_64-linux-gnu.so[0m
[1.125s] [ 95%] [32m[1mLinking C shared library rosidl_generator_py/turtlebot3_msgs/turtlebot3_msgs_s__rosidl_typesupport_introspection_c.cpython-38-x86_64-linux-gnu.so[0m
[1.178s] [ 97%] Built target turtlebot3_msgs__rosidl_typesupport_c__pyext
[1.206s] [ 98%] Built target turtlebot3_msgs__rosidl_typesupport_fastrtps_c__pyext
[1.219s] [100%] Built target turtlebot3_msgs__rosidl_typesupport_introspection_c__pyext
