[0.762s] Invoking command in '/home/chaung/f_ws/src/bno055': PYTHONPATH=/home/chaung/f_ws/build/bno055/prefix_override:/home/chaung/f_ws/install/bno055/lib/python3.8/site-packages:${PYTHONPATH} /usr/bin/python3 setup.py egg_info --egg-base ../../build/bno055 build --build-base /home/chaung/f_ws/build/bno055/build install --record /home/chaung/f_ws/build/bno055/install.log --single-version-externally-managed
[0.922s] running egg_info
[0.922s] writing ../../build/bno055/bno055.egg-info/PKG-INFO
[0.922s] writing dependency_links to ../../build/bno055/bno055.egg-info/dependency_links.txt
[0.922s] writing entry points to ../../build/bno055/bno055.egg-info/entry_points.txt
[0.922s] writing requirements to ../../build/bno055/bno055.egg-info/requires.txt
[0.922s] writing top-level names to ../../build/bno055/bno055.egg-info/top_level.txt
[0.949s] reading manifest file '../../build/bno055/bno055.egg-info/SOURCES.txt'
[0.950s] writing manifest file '../../build/bno055/bno055.egg-info/SOURCES.txt'
[0.950s] running build
[0.950s] running build_py
[0.952s] running install
[0.953s] running install_lib
[0.956s] running install_data
[0.957s] running install_egg_info
[0.958s] removing '/home/chaung/f_ws/install/bno055/lib/python3.8/site-packages/bno055-0.4.1-py3.8.egg-info' (and everything under it)
[0.959s] Copying ../../build/bno055/bno055.egg-info to /home/chaung/f_ws/install/bno055/lib/python3.8/site-packages/bno055-0.4.1-py3.8.egg-info
[0.959s] running install_scripts
[0.972s] Installing bno055 script to /home/chaung/f_ws/install/bno055/lib/bno055
[0.973s] writing list of installed files to '/home/chaung/f_ws/build/bno055/install.log'
[0.997s] Invoked command in '/home/chaung/f_ws/src/bno055' returned '0': PYTHONPATH=/home/chaung/f_ws/build/bno055/prefix_override:/home/chaung/f_ws/install/bno055/lib/python3.8/site-packages:${PYTHONPATH} /usr/bin/python3 setup.py egg_info --egg-base ../../build/bno055 build --build-base /home/chaung/f_ws/build/bno055/build install --record /home/chaung/f_ws/build/bno055/install.log --single-version-externally-managed
