[0.027s] Invoking command in '/home/chaung/f_ws/build/openslam_gmapping': CMAKE_PREFIX_PATH=${CMAKE_PREFIX_PATH}:/home/chaung/half/install/slam_gmapping:/home/chaung/half/install/bno055:/opt/ros/foxy /usr/bin/cmake /home/chaung/f_ws/src/openslam_gmapping -DCMAKE_INSTALL_PREFIX=/home/chaung/f_ws/install/openslam_gmapping
[0.199s] -- The C compiler identification is GNU 9.4.0
[0.199s] -- The CXX compiler identification is GNU 9.4.0
[0.199s] -- Check for working C compiler: /usr/bin/cc
[0.199s] -- Check for working C compiler: /usr/bin/cc -- works
[0.199s] -- Detecting C compiler ABI info
[0.207s] -- Detecting C compiler ABI info - done
[0.217s] -- Detecting C compile features
[0.217s] -- Detecting C compile features - done
[0.219s] -- Check for working CXX compiler: /usr/bin/c++
[0.272s] -- Check for working CXX compiler: /usr/bin/c++ -- works
[0.272s] -- Detecting CXX compiler ABI info
[0.328s] -- Detecting CXX compiler ABI info - done
[0.336s] -- Detecting CXX compile features
[0.337s] -- Detecting CXX compile features - done
[0.338s] -- Found ament_cmake: 0.9.11 (/opt/ros/foxy/share/ament_cmake/cmake)
[0.358s] -- Found PythonInterp: /usr/bin/python3 (found suitable version "3.8.10", minimum required is "3") 
[0.358s] -- Using PYTHON_EXECUTABLE: /usr/bin/python3
[0.575s] -- Configuring done
[0.583s] -- Generating done
[0.585s] -- Build files have been written to: /home/chaung/f_ws/build/openslam_gmapping
[0.588s] Invoked command in '/home/chaung/f_ws/build/openslam_gmapping' returned '0': CMAKE_PREFIX_PATH=${CMAKE_PREFIX_PATH}:/home/chaung/half/install/slam_gmapping:/home/chaung/half/install/bno055:/opt/ros/foxy /usr/bin/cmake /home/chaung/f_ws/src/openslam_gmapping -DCMAKE_INSTALL_PREFIX=/home/chaung/f_ws/install/openslam_gmapping
[0.591s] Invoking command in '/home/chaung/f_ws/build/openslam_gmapping': CMAKE_PREFIX_PATH=${CMAKE_PREFIX_PATH}:/home/chaung/half/install/slam_gmapping:/home/chaung/half/install/bno055:/opt/ros/foxy /usr/bin/cmake --build /home/chaung/f_ws/build/openslam_gmapping -- -j12 -l12
[0.620s] [35m[1mScanning dependencies of target utils[0m
[0.620s] [35m[1mScanning dependencies of target sensor_base[0m
[0.628s] [  4%] [32mBuilding CXX object utils/CMakeFiles/utils.dir/stat.cpp.o[0m
[0.629s] [ 13%] [32mBuilding CXX object sensor/sensor_base/CMakeFiles/sensor_base.dir/sensor.cpp.o[0m
[0.629s] [ 13%] [32mBuilding CXX object sensor/sensor_base/CMakeFiles/sensor_base.dir/sensorreading.cpp.o[0m
[0.629s] [ 18%] [32mBuilding CXX object utils/CMakeFiles/utils.dir/movement.cpp.o[0m
[0.843s] [ 22%] [32m[1mLinking CXX static library libsensor_base.a[0m
[0.866s] [ 22%] Built target sensor_base
[0.874s] [35m[1mScanning dependencies of target sensor_odometry[0m
[0.874s] [35m[1mScanning dependencies of target sensor_range[0m
[0.882s] [ 31%] [32mBuilding CXX object sensor/sensor_range/CMakeFiles/sensor_range.dir/rangereading.cpp.o[0m
[0.882s] [ 31%] [32mBuilding CXX object sensor/sensor_odometry/CMakeFiles/sensor_odometry.dir/odometrysensor.cpp.o[0m
[0.883s] [ 36%] [32mBuilding CXX object sensor/sensor_range/CMakeFiles/sensor_range.dir/rangesensor.cpp.o[0m
[0.883s] [ 40%] [32mBuilding CXX object sensor/sensor_odometry/CMakeFiles/sensor_odometry.dir/odometryreading.cpp.o[0m
[0.936s] [ 45%] [32m[1mLinking CXX static library libutils.a[0m
[0.982s] [ 45%] Built target utils
[1.264s] [ 50%] [32m[1mLinking CXX static library libsensor_odometry.a[0m
[1.286s] [ 50%] Built target sensor_odometry
[1.330s] [ 54%] [32m[1mLinking CXX static library libsensor_range.a[0m
[1.353s] [ 54%] Built target sensor_range
[1.361s] [35m[1mScanning dependencies of target scanmatcher[0m
[1.370s] [ 63%] [32mBuilding CXX object scanmatcher/CMakeFiles/scanmatcher.dir/scanmatcher.cpp.o[0m
[1.370s] [ 63%] [32mBuilding CXX object scanmatcher/CMakeFiles/scanmatcher.dir/eig3.cpp.o[0m
[1.372s] [ 68%] [32mBuilding CXX object scanmatcher/CMakeFiles/scanmatcher.dir/scanmatcherprocessor.cpp.o[0m
[1.373s] [ 72%] [32mBuilding CXX object scanmatcher/CMakeFiles/scanmatcher.dir/smmap.cpp.o[0m
[3.793s] [ 77%] [32m[1mLinking CXX static library libscanmatcher.a[0m
[3.957s] [ 77%] Built target scanmatcher
[4.026s] [35m[1mScanning dependencies of target gridfastslam[0m
[4.111s] [ 81%] [32mBuilding CXX object gridfastslam/CMakeFiles/gridfastslam.dir/gfsreader.cpp.o[0m
[4.124s] [ 86%] [32mBuilding CXX object gridfastslam/CMakeFiles/gridfastslam.dir/gridslamprocessor.cpp.o[0m
[4.140s] [ 90%] [32mBuilding CXX object gridfastslam/CMakeFiles/gridfastslam.dir/gridslamprocessor_tree.cpp.o[0m
[4.140s] [ 95%] [32mBuilding CXX object gridfastslam/CMakeFiles/gridfastslam.dir/motionmodel.cpp.o[0m
[7.152s] [100%] [32m[1mLinking CXX static library libgridfastslam.a[0m
[7.264s] [100%] Built target gridfastslam
[7.301s] Invoked command in '/home/chaung/f_ws/build/openslam_gmapping' returned '0': CMAKE_PREFIX_PATH=${CMAKE_PREFIX_PATH}:/home/chaung/half/install/slam_gmapping:/home/chaung/half/install/bno055:/opt/ros/foxy /usr/bin/cmake --build /home/chaung/f_ws/build/openslam_gmapping -- -j12 -l12
[7.465s] Invoking command in '/home/chaung/f_ws/build/openslam_gmapping': CMAKE_PREFIX_PATH=${CMAKE_PREFIX_PATH}:/home/chaung/half/install/slam_gmapping:/home/chaung/half/install/bno055:/opt/ros/foxy /usr/bin/cmake --install /home/chaung/f_ws/build/openslam_gmapping
[7.486s] -- Install configuration: ""
[7.486s] -- Installing: /home/chaung/f_ws/install/openslam_gmapping/share/openslam_gmapping/environment/library_path.sh
[7.486s] -- Installing: /home/chaung/f_ws/install/openslam_gmapping/share/openslam_gmapping/environment/library_path.dsv
[7.486s] -- Installing: /home/chaung/f_ws/install/openslam_gmapping/include/
[7.486s] -- Installing: /home/chaung/f_ws/install/openslam_gmapping/include//gmapping
[7.486s] -- Installing: /home/chaung/f_ws/install/openslam_gmapping/include//gmapping/particlefilter
[7.486s] -- Installing: /home/chaung/f_ws/install/openslam_gmapping/include//gmapping/particlefilter/particlefilter.h
[7.486s] -- Installing: /home/chaung/f_ws/install/openslam_gmapping/include//gmapping/grid
[7.487s] -- Installing: /home/chaung/f_ws/install/openslam_gmapping/include//gmapping/grid/array2d.h
[7.487s] -- Installing: /home/chaung/f_ws/install/openslam_gmapping/include//gmapping/grid/accessstate.h
[7.487s] -- Installing: /home/chaung/f_ws/install/openslam_gmapping/include//gmapping/grid/map.h
[7.487s] -- Installing: /home/chaung/f_ws/install/openslam_gmapping/include//gmapping/grid/harray2d.h
[7.487s] -- Installing: /home/chaung/f_ws/install/openslam_gmapping/include//gmapping/utils
[7.487s] -- Installing: /home/chaung/f_ws/install/openslam_gmapping/include//gmapping/utils/commandline.h
[7.487s] -- Installing: /home/chaung/f_ws/install/openslam_gmapping/include//gmapping/utils/stat.h
[7.487s] -- Installing: /home/chaung/f_ws/install/openslam_gmapping/include//gmapping/utils/point.h
[7.488s] -- Installing: /home/chaung/f_ws/install/openslam_gmapping/include//gmapping/utils/gvalues.h
[7.488s] -- Installing: /home/chaung/f_ws/install/openslam_gmapping/include//gmapping/utils/autoptr.h
[7.488s] -- Installing: /home/chaung/f_ws/install/openslam_gmapping/include//gmapping/utils/macro_params.h
[7.488s] -- Installing: /home/chaung/f_ws/install/openslam_gmapping/include//gmapping/sensor
[7.488s] -- Installing: /home/chaung/f_ws/install/openslam_gmapping/include//gmapping/sensor/sensor_odometry
[7.488s] -- Installing: /home/chaung/f_ws/install/openslam_gmapping/include//gmapping/sensor/sensor_odometry/odometryreading.h
[7.488s] -- Installing: /home/chaung/f_ws/install/openslam_gmapping/include//gmapping/sensor/sensor_odometry/odometrysensor.h
[7.488s] -- Installing: /home/chaung/f_ws/install/openslam_gmapping/include//gmapping/sensor/sensor_base
[7.488s] -- Installing: /home/chaung/f_ws/install/openslam_gmapping/include//gmapping/sensor/sensor_base/sensor.h
[7.488s] -- Installing: /home/chaung/f_ws/install/openslam_gmapping/include//gmapping/sensor/sensor_base/sensorreading.h
[7.488s] -- Installing: /home/chaung/f_ws/install/openslam_gmapping/include//gmapping/sensor/sensor_range
[7.488s] -- Installing: /home/chaung/f_ws/install/openslam_gmapping/include//gmapping/sensor/sensor_range/rangesensor.h
[7.488s] -- Installing: /home/chaung/f_ws/install/openslam_gmapping/include//gmapping/sensor/sensor_range/rangereading.h
[7.488s] -- Installing: /home/chaung/f_ws/install/openslam_gmapping/include//gmapping/log
[7.489s] -- Installing: /home/chaung/f_ws/install/openslam_gmapping/include//gmapping/log/sensorlog.h
[7.489s] -- Installing: /home/chaung/f_ws/install/openslam_gmapping/include//gmapping/log/configuration.h
[7.489s] -- Installing: /home/chaung/f_ws/install/openslam_gmapping/include//gmapping/gridfastslam
[7.489s] -- Installing: /home/chaung/f_ws/install/openslam_gmapping/include//gmapping/gridfastslam/gridslamprocessor.hxx
[7.489s] -- Installing: /home/chaung/f_ws/install/openslam_gmapping/include//gmapping/gridfastslam/motionmodel.h
[7.489s] -- Installing: /home/chaung/f_ws/install/openslam_gmapping/include//gmapping/gridfastslam/gridslamprocessor.h
[7.489s] -- Installing: /home/chaung/f_ws/install/openslam_gmapping/include//gmapping/scanmatcher
[7.489s] -- Installing: /home/chaung/f_ws/install/openslam_gmapping/include//gmapping/scanmatcher/smmap.h
[7.489s] -- Installing: /home/chaung/f_ws/install/openslam_gmapping/include//gmapping/scanmatcher/scanmatcher.h
[7.489s] -- Installing: /home/chaung/f_ws/install/openslam_gmapping/include//gmapping/scanmatcher/icp.h
[7.489s] -- Installing: /home/chaung/f_ws/install/openslam_gmapping/share/ament_index/resource_index/package_run_dependencies/openslam_gmapping
[7.489s] -- Installing: /home/chaung/f_ws/install/openslam_gmapping/share/ament_index/resource_index/parent_prefix_path/openslam_gmapping
[7.489s] -- Installing: /home/chaung/f_ws/install/openslam_gmapping/share/openslam_gmapping/environment/ament_prefix_path.sh
[7.490s] -- Installing: /home/chaung/f_ws/install/openslam_gmapping/share/openslam_gmapping/environment/ament_prefix_path.dsv
[7.490s] -- Installing: /home/chaung/f_ws/install/openslam_gmapping/share/openslam_gmapping/environment/path.sh
[7.490s] -- Installing: /home/chaung/f_ws/install/openslam_gmapping/share/openslam_gmapping/environment/path.dsv
[7.490s] -- Installing: /home/chaung/f_ws/install/openslam_gmapping/share/openslam_gmapping/local_setup.bash
[7.490s] -- Installing: /home/chaung/f_ws/install/openslam_gmapping/share/openslam_gmapping/local_setup.sh
[7.490s] -- Installing: /home/chaung/f_ws/install/openslam_gmapping/share/openslam_gmapping/local_setup.zsh
[7.490s] -- Installing: /home/chaung/f_ws/install/openslam_gmapping/share/openslam_gmapping/local_setup.dsv
[7.490s] -- Installing: /home/chaung/f_ws/install/openslam_gmapping/share/openslam_gmapping/package.dsv
[7.490s] -- Installing: /home/chaung/f_ws/install/openslam_gmapping/share/ament_index/resource_index/packages/openslam_gmapping
[7.490s] -- Installing: /home/chaung/f_ws/install/openslam_gmapping/share/openslam_gmapping/cmake/ament_cmake_export_libraries-extras.cmake
[7.490s] -- Installing: /home/chaung/f_ws/install/openslam_gmapping/share/openslam_gmapping/cmake/ament_cmake_export_include_directories-extras.cmake
[7.490s] -- Installing: /home/chaung/f_ws/install/openslam_gmapping/share/openslam_gmapping/cmake/openslam_gmappingConfig.cmake
[7.490s] -- Installing: /home/chaung/f_ws/install/openslam_gmapping/share/openslam_gmapping/cmake/openslam_gmappingConfig-version.cmake
[7.491s] -- Installing: /home/chaung/f_ws/install/openslam_gmapping/share/openslam_gmapping/package.xml
[7.491s] -- Installing: /home/chaung/f_ws/install/openslam_gmapping/lib/libgridfastslam.a
[7.491s] -- Installing: /home/chaung/f_ws/install/openslam_gmapping/lib/libscanmatcher.a
[7.491s] -- Up-to-date: /home/chaung/f_ws/install/openslam_gmapping/share/openslam_gmapping/environment/library_path.sh
[7.491s] -- Up-to-date: /home/chaung/f_ws/install/openslam_gmapping/share/openslam_gmapping/environment/library_path.dsv
[7.491s] -- Installing: /home/chaung/f_ws/install/openslam_gmapping/lib/libsensor_base.a
[7.491s] -- Up-to-date: /home/chaung/f_ws/install/openslam_gmapping/share/openslam_gmapping/environment/library_path.sh
[7.491s] -- Up-to-date: /home/chaung/f_ws/install/openslam_gmapping/share/openslam_gmapping/environment/library_path.dsv
[7.491s] -- Installing: /home/chaung/f_ws/install/openslam_gmapping/lib/libsensor_odometry.a
[7.491s] -- Installing: /home/chaung/f_ws/install/openslam_gmapping/lib/libsensor_range.a
[7.504s] -- Installing: /home/chaung/f_ws/install/openslam_gmapping/lib/libutils.a
[7.504s] -- Up-to-date: /home/chaung/f_ws/install/openslam_gmapping/share/openslam_gmapping/environment/library_path.sh
[7.504s] -- Up-to-date: /home/chaung/f_ws/install/openslam_gmapping/share/openslam_gmapping/environment/library_path.dsv
[7.504s] Invoked command in '/home/chaung/f_ws/build/openslam_gmapping' returned '0': CMAKE_PREFIX_PATH=${CMAKE_PREFIX_PATH}:/home/chaung/half/install/slam_gmapping:/home/chaung/half/install/bno055:/opt/ros/foxy /usr/bin/cmake --install /home/chaung/f_ws/build/openslam_gmapping
