[0.015s] Invoking command in '/home/chaung/f_ws/build/rtabmap_odom': AMENT_PREFIX_PATH=/home/chaung/f_ws/install/rtabmap_util:/home/chaung/f_ws/install/rtabmap_conversions:${AMENT_PREFIX_PATH} CMAKE_PREFIX_PATH=/home/chaung/f_ws/install/rtabmap_util:/home/chaung/f_ws/install/rtabmap_conversions:/home/chaung/f_ws/install/openslam_gmapping:/home/chaung/f_ws/install/bno055:/opt/ros/foxy:/home/chaung/f_ws/install/rtabmap_msgs:/home/chaung/f_ws/install/rtabmap:${CMAKE_PREFIX_PATH} LD_LIBRARY_PATH=/home/chaung/f_ws/install/rtabmap_util/lib:/home/chaung/f_ws/install/rtabmap_conversions/lib:/home/chaung/f_ws/install/rtabmap_msgs/lib:/home/chaung/f_ws/install/rtabmap/lib:${LD_LIBRARY_PATH} PATH=/home/chaung/f_ws/install/rtabmap/bin:${PATH} PKG_CONFIG_PATH=/home/chaung/f_ws/install/rtabmap_msgs/lib/x86_64-linux-gnu/pkgconfig:/home/chaung/f_ws/install/rtabmap_msgs/lib/pkgconfig:/home/chaung/f_ws/install/rtabmap/lib/x86_64-linux-gnu/pkgconfig:/home/chaung/f_ws/install/rtabmap/lib/pkgconfig:${PKG_CONFIG_PATH} PYTHONPATH=/home/chaung/f_ws/install/rtabmap_msgs/lib/python3.8/site-packages:${PYTHONPATH} ROS_PACKAGE_PATH=/home/chaung/f_ws/install/rtabmap_msgs/share /usr/bin/cmake /home/chaung/f_ws/src/rtabmap_ros/rtabmap_odom -DAMENT_CMAKE_SYMLINK_INSTALL=1 -DCMAKE_INSTALL_PREFIX=/home/chaung/f_ws/install/rtabmap_odom
[0.030s] -- Found ament_cmake_ros: 0.9.2 (/opt/ros/foxy/share/ament_cmake_ros/cmake)
[0.052s] -- Using PYTHON_EXECUTABLE: /usr/bin/python3
[0.184s] -- Override CMake install command with custom implementation using symlinks instead of copying resources
[0.192s] -- Found cv_bridge: 3.0.7 (/opt/ros/foxy/share/cv_bridge/cmake)
[0.217s] -- Using all available rosidl_typesupport_c: rosidl_typesupport_fastrtps_c;rosidl_typesupport_introspection_c
[0.220s] -- Found rosidl_adapter: 1.3.0 (/opt/ros/foxy/share/rosidl_adapter/cmake)
[0.308s] -- Using all available rosidl_typesupport_cpp: rosidl_typesupport_fastrtps_cpp;rosidl_typesupport_introspection_cpp
[0.437s] -- Found image_geometry: 3.0.7 (/opt/ros/foxy/share/image_geometry/cmake)
[0.440s] -- Found laser_geometry: 2.2.0 (/opt/ros/foxy/share/laser_geometry/cmake)
[0.443s] -- Found message_filters: 3.2.5 (/opt/ros/foxy/share/message_filters/cmake)
[0.444s] -- Found nav_msgs: 2.0.5 (/opt/ros/foxy/share/nav_msgs/cmake)
[0.506s] -- Found pcl_conversions: 2.2.1 (/opt/ros/foxy/share/pcl_conversions/cmake)
[0.632s] -- Found rmw_implementation_cmake: 1.0.4 (/opt/ros/foxy/share/rmw_implementation_cmake/cmake)
[0.634s] -- Using RMW implementation 'rmw_fastrtps_cpp' as default
[0.751s] -- Found pcl_ros: 2.2.1 (/opt/ros/foxy/share/pcl_ros/cmake)
[1.121s] -- Eigen found (include: /usr/include/eigen3, version: 3.3.7)
[1.187s] -- The imported target "vtkParseOGLExt" references the file
[1.187s]    "/usr/bin/vtkParseOGLExt-7.1"
[1.187s] but this file does not exist.  Possible reasons include:
[1.188s] * The file was deleted, renamed, or moved to another location.
[1.188s] * An install or uninstall procedure did not complete successfully.
[1.188s] * The installation package was faulty and contained
[1.188s]    "/usr/lib/cmake/vtk-7.1/VTKTargets.cmake"
[1.188s] but not all the files it references.
[1.188s] 
[1.188s] -- The imported target "vtkRenderingPythonTkWidgets" references the file
[1.188s]    "/usr/lib/x86_64-linux-gnu/libvtkRenderingPythonTkWidgets.so"
[1.188s] but this file does not exist.  Possible reasons include:
[1.188s] * The file was deleted, renamed, or moved to another location.
[1.188s] * An install or uninstall procedure did not complete successfully.
[1.188s] * The installation package was faulty and contained
[1.189s]    "/usr/lib/cmake/vtk-7.1/VTKTargets.cmake"
[1.189s] but not all the files it references.
[1.189s] 
[1.189s] -- The imported target "vtk" references the file
[1.189s]    "/usr/bin/vtk"
[1.189s] but this file does not exist.  Possible reasons include:
[1.189s] * The file was deleted, renamed, or moved to another location.
[1.189s] * An install or uninstall procedure did not complete successfully.
[1.189s] * The installation package was faulty and contained
[1.189s]    "/usr/lib/cmake/vtk-7.1/VTKTargets.cmake"
[1.189s] but not all the files it references.
[1.189s] 
[1.189s] -- The imported target "pvtk" references the file
[1.189s]    "/usr/bin/pvtk"
[1.189s] but this file does not exist.  Possible reasons include:
[1.190s] * The file was deleted, renamed, or moved to another location.
[1.190s] * An install or uninstall procedure did not complete successfully.
[1.190s] * The installation package was faulty and contained
[1.190s]    "/usr/lib/cmake/vtk-7.1/VTKTargets.cmake"
[1.190s] but not all the files it references.
[1.190s] 
[1.204s] -- OpenNI found (include: /usr/include/ni, lib: /usr/lib/libOpenNI.so)
[1.209s] -- OpenNI2 found (include: /usr/include/openni2, lib: /usr/lib/libOpenNI2.so)
[1.223s] -- OpenNI found (include: /usr/include/ni, lib: /usr/lib/libOpenNI.so)
[1.227s] -- OpenNI2 found (include: /usr/include/openni2, lib: /usr/lib/libOpenNI2.so)
[1.237s] -- QHULL found (include: /usr/include, lib: optimized;/usr/lib/x86_64-linux-gnu/libqhull.so;debug;/usr/lib/x86_64-linux-gnu/libqhull.so)
[1.241s] -- OpenNI found (include: /usr/include/ni, lib: /usr/lib/libOpenNI.so)
[1.451s] -- Found pluginlib: 2.5.4 (/opt/ros/foxy/share/pluginlib/cmake)
[1.464s] -- Found rtabmap_conversions: 0.21.1 (/home/chaung/f_ws/install/rtabmap_conversions/share/rtabmap_conversions/cmake)
[1.713s] -- Found rtabmap_util: 0.21.1 (/home/chaung/f_ws/install/rtabmap_util/share/rtabmap_util/cmake)
[2.381s] -- Configuring done
[2.411s] CMake Warning at CMakeLists.txt:65 (add_library):
[2.411s]   Cannot generate a safe runtime search path for target rtabmap_odom because
[2.411s]   files in some directories may conflict with libraries in implicit
[2.411s]   directories:
[2.411s] 
[2.412s]     runtime library [liboctomap.so.1.9] in /usr/lib/x86_64-linux-gnu may be hidden by files in:
[2.412s]       /opt/ros/foxy/lib
[2.412s]     runtime library [liboctomath.so.1.9] in /usr/lib/x86_64-linux-gnu may be hidden by files in:
[2.412s]       /opt/ros/foxy/lib
[2.412s] 
[2.412s]   Some of these libraries may not be found correctly.
[2.412s] 
[2.412s] 
[2.453s] CMake Warning at CMakeLists.txt:71 (add_library):
[2.453s]   Cannot generate a safe runtime search path for target rtabmap_odom_plugins
[2.454s]   because files in some directories may conflict with libraries in implicit
[2.454s]   directories:
[2.454s] 
[2.454s]     runtime library [liboctomap.so.1.9] in /usr/lib/x86_64-linux-gnu may be hidden by files in:
[2.454s]       /opt/ros/foxy/lib
[2.454s]     runtime library [liboctomath.so.1.9] in /usr/lib/x86_64-linux-gnu may be hidden by files in:
[2.454s]       /opt/ros/foxy/lib
[2.454s] 
[2.454s]   Some of these libraries may not be found correctly.
[2.454s] 
[2.454s] 
[2.497s] CMake Warning at CMakeLists.txt:83 (add_executable):
[2.497s]   Cannot generate a safe runtime search path for target rtabmap_rgbd_odometry
[2.497s]   because files in some directories may conflict with libraries in implicit
[2.497s]   directories:
[2.497s] 
[2.497s]     runtime library [liboctomap.so.1.9] in /usr/lib/x86_64-linux-gnu may be hidden by files in:
[2.497s]       /opt/ros/foxy/lib
[2.497s]     runtime library [liboctomath.so.1.9] in /usr/lib/x86_64-linux-gnu may be hidden by files in:
[2.497s]       /opt/ros/foxy/lib
[2.497s] 
[2.497s]   Some of these libraries may not be found correctly.
[2.498s] 
[2.498s] 
[2.543s] CMake Warning at CMakeLists.txt:93 (add_executable):
[2.543s]   Cannot generate a safe runtime search path for target rtabmap_icp_odometry
[2.543s]   because files in some directories may conflict with libraries in implicit
[2.543s]   directories:
[2.543s] 
[2.543s]     runtime library [liboctomap.so.1.9] in /usr/lib/x86_64-linux-gnu may be hidden by files in:
[2.543s]       /opt/ros/foxy/lib
[2.543s]     runtime library [liboctomath.so.1.9] in /usr/lib/x86_64-linux-gnu may be hidden by files in:
[2.543s]       /opt/ros/foxy/lib
[2.543s] 
[2.543s]   Some of these libraries may not be found correctly.
[2.543s] 
[2.543s] 
[2.589s] CMake Warning at CMakeLists.txt:88 (add_executable):
[2.589s]   Cannot generate a safe runtime search path for target
[2.589s]   rtabmap_stereo_odometry because files in some directories may conflict with
[2.589s]   libraries in implicit directories:
[2.589s] 
[2.590s]     runtime library [liboctomap.so.1.9] in /usr/lib/x86_64-linux-gnu may be hidden by files in:
[2.590s]       /opt/ros/foxy/lib
[2.590s]     runtime library [liboctomath.so.1.9] in /usr/lib/x86_64-linux-gnu may be hidden by files in:
[2.590s]       /opt/ros/foxy/lib
[2.590s] 
[2.590s]   Some of these libraries may not be found correctly.
[2.590s] 
[2.590s] 
[2.614s] -- Generating done
[2.616s] -- Build files have been written to: /home/chaung/f_ws/build/rtabmap_odom
[2.626s] Invoked command in '/home/chaung/f_ws/build/rtabmap_odom' returned '0': AMENT_PREFIX_PATH=/home/chaung/f_ws/install/rtabmap_util:/home/chaung/f_ws/install/rtabmap_conversions:${AMENT_PREFIX_PATH} CMAKE_PREFIX_PATH=/home/chaung/f_ws/install/rtabmap_util:/home/chaung/f_ws/install/rtabmap_conversions:/home/chaung/f_ws/install/openslam_gmapping:/home/chaung/f_ws/install/bno055:/opt/ros/foxy:/home/chaung/f_ws/install/rtabmap_msgs:/home/chaung/f_ws/install/rtabmap:${CMAKE_PREFIX_PATH} LD_LIBRARY_PATH=/home/chaung/f_ws/install/rtabmap_util/lib:/home/chaung/f_ws/install/rtabmap_conversions/lib:/home/chaung/f_ws/install/rtabmap_msgs/lib:/home/chaung/f_ws/install/rtabmap/lib:${LD_LIBRARY_PATH} PATH=/home/chaung/f_ws/install/rtabmap/bin:${PATH} PKG_CONFIG_PATH=/home/chaung/f_ws/install/rtabmap_msgs/lib/x86_64-linux-gnu/pkgconfig:/home/chaung/f_ws/install/rtabmap_msgs/lib/pkgconfig:/home/chaung/f_ws/install/rtabmap/lib/x86_64-linux-gnu/pkgconfig:/home/chaung/f_ws/install/rtabmap/lib/pkgconfig:${PKG_CONFIG_PATH} PYTHONPATH=/home/chaung/f_ws/install/rtabmap_msgs/lib/python3.8/site-packages:${PYTHONPATH} ROS_PACKAGE_PATH=/home/chaung/f_ws/install/rtabmap_msgs/share /usr/bin/cmake /home/chaung/f_ws/src/rtabmap_ros/rtabmap_odom -DAMENT_CMAKE_SYMLINK_INSTALL=1 -DCMAKE_INSTALL_PREFIX=/home/chaung/f_ws/install/rtabmap_odom
[2.627s] Invoking command in '/home/chaung/f_ws/build/rtabmap_odom': AMENT_PREFIX_PATH=/home/chaung/f_ws/install/rtabmap_util:/home/chaung/f_ws/install/rtabmap_conversions:${AMENT_PREFIX_PATH} CMAKE_PREFIX_PATH=/home/chaung/f_ws/install/rtabmap_util:/home/chaung/f_ws/install/rtabmap_conversions:/home/chaung/f_ws/install/openslam_gmapping:/home/chaung/f_ws/install/bno055:/opt/ros/foxy:/home/chaung/f_ws/install/rtabmap_msgs:/home/chaung/f_ws/install/rtabmap:${CMAKE_PREFIX_PATH} LD_LIBRARY_PATH=/home/chaung/f_ws/install/rtabmap_util/lib:/home/chaung/f_ws/install/rtabmap_conversions/lib:/home/chaung/f_ws/install/rtabmap_msgs/lib:/home/chaung/f_ws/install/rtabmap/lib:${LD_LIBRARY_PATH} PATH=/home/chaung/f_ws/install/rtabmap/bin:${PATH} PKG_CONFIG_PATH=/home/chaung/f_ws/install/rtabmap_msgs/lib/x86_64-linux-gnu/pkgconfig:/home/chaung/f_ws/install/rtabmap_msgs/lib/pkgconfig:/home/chaung/f_ws/install/rtabmap/lib/x86_64-linux-gnu/pkgconfig:/home/chaung/f_ws/install/rtabmap/lib/pkgconfig:${PKG_CONFIG_PATH} PYTHONPATH=/home/chaung/f_ws/install/rtabmap_msgs/lib/python3.8/site-packages:${PYTHONPATH} ROS_PACKAGE_PATH=/home/chaung/f_ws/install/rtabmap_msgs/share /usr/bin/cmake --build /home/chaung/f_ws/build/rtabmap_odom
[2.698s] [  8%] [32m[1mLinking CXX shared library librtabmap_odom.so[0m
[3.784s] [ 16%] Built target rtabmap_odom
[3.832s] [ 25%] [32m[1mLinking CXX shared library librtabmap_odom_plugins.so[0m
[6.448s] [ 50%] Built target rtabmap_odom_plugins
[6.481s] [ 66%] [32m[1mLinking CXX executable icp_odometry[0m
[6.481s] [ 66%] [32m[1mLinking CXX executable stereo_odometry[0m
[6.482s] [ 75%] [32m[1mLinking CXX executable rgbd_odometry[0m
[9.553s] [ 83%] Built target rtabmap_rgbd_odometry
[9.650s] [ 91%] Built target rtabmap_stereo_odometry
[9.708s] [100%] Built target rtabmap_icp_odometry
[9.716s] Invoked command in '/home/chaung/f_ws/build/rtabmap_odom' returned '0': AMENT_PREFIX_PATH=/home/chaung/f_ws/install/rtabmap_util:/home/chaung/f_ws/install/rtabmap_conversions:${AMENT_PREFIX_PATH} CMAKE_PREFIX_PATH=/home/chaung/f_ws/install/rtabmap_util:/home/chaung/f_ws/install/rtabmap_conversions:/home/chaung/f_ws/install/openslam_gmapping:/home/chaung/f_ws/install/bno055:/opt/ros/foxy:/home/chaung/f_ws/install/rtabmap_msgs:/home/chaung/f_ws/install/rtabmap:${CMAKE_PREFIX_PATH} LD_LIBRARY_PATH=/home/chaung/f_ws/install/rtabmap_util/lib:/home/chaung/f_ws/install/rtabmap_conversions/lib:/home/chaung/f_ws/install/rtabmap_msgs/lib:/home/chaung/f_ws/install/rtabmap/lib:${LD_LIBRARY_PATH} PATH=/home/chaung/f_ws/install/rtabmap/bin:${PATH} PKG_CONFIG_PATH=/home/chaung/f_ws/install/rtabmap_msgs/lib/x86_64-linux-gnu/pkgconfig:/home/chaung/f_ws/install/rtabmap_msgs/lib/pkgconfig:/home/chaung/f_ws/install/rtabmap/lib/x86_64-linux-gnu/pkgconfig:/home/chaung/f_ws/install/rtabmap/lib/pkgconfig:${PKG_CONFIG_PATH} PYTHONPATH=/home/chaung/f_ws/install/rtabmap_msgs/lib/python3.8/site-packages:${PYTHONPATH} ROS_PACKAGE_PATH=/home/chaung/f_ws/install/rtabmap_msgs/share /usr/bin/cmake --build /home/chaung/f_ws/build/rtabmap_odom
[9.743s] Invoking command in '/home/chaung/f_ws/build/rtabmap_odom': AMENT_PREFIX_PATH=/home/chaung/f_ws/install/rtabmap_util:/home/chaung/f_ws/install/rtabmap_conversions:${AMENT_PREFIX_PATH} CMAKE_PREFIX_PATH=/home/chaung/f_ws/install/rtabmap_util:/home/chaung/f_ws/install/rtabmap_conversions:/home/chaung/f_ws/install/openslam_gmapping:/home/chaung/f_ws/install/bno055:/opt/ros/foxy:/home/chaung/f_ws/install/rtabmap_msgs:/home/chaung/f_ws/install/rtabmap:${CMAKE_PREFIX_PATH} LD_LIBRARY_PATH=/home/chaung/f_ws/install/rtabmap_util/lib:/home/chaung/f_ws/install/rtabmap_conversions/lib:/home/chaung/f_ws/install/rtabmap_msgs/lib:/home/chaung/f_ws/install/rtabmap/lib:${LD_LIBRARY_PATH} PATH=/home/chaung/f_ws/install/rtabmap/bin:${PATH} PKG_CONFIG_PATH=/home/chaung/f_ws/install/rtabmap_msgs/lib/x86_64-linux-gnu/pkgconfig:/home/chaung/f_ws/install/rtabmap_msgs/lib/pkgconfig:/home/chaung/f_ws/install/rtabmap/lib/x86_64-linux-gnu/pkgconfig:/home/chaung/f_ws/install/rtabmap/lib/pkgconfig:${PKG_CONFIG_PATH} PYTHONPATH=/home/chaung/f_ws/install/rtabmap_msgs/lib/python3.8/site-packages:${PYTHONPATH} ROS_PACKAGE_PATH=/home/chaung/f_ws/install/rtabmap_msgs/share /usr/bin/cmake --install /home/chaung/f_ws/build/rtabmap_odom
[9.750s] -- Install configuration: ""
[9.750s] -- Execute custom install script
[9.751s] -- Symlinking: /home/chaung/f_ws/install/rtabmap_odom/share/rtabmap_odom/environment/library_path.sh
[9.758s] -- Symlinking: /home/chaung/f_ws/install/rtabmap_odom/share/rtabmap_odom/environment/library_path.dsv
[9.765s] -- Symlinking: /home/chaung/f_ws/install/rtabmap_odom/lib/rtabmap_odom/rgbd_odometry
[9.772s] -- Symlinking: /home/chaung/f_ws/install/rtabmap_odom/lib/rtabmap_odom/icp_odometry
[9.778s] -- Symlinking: /home/chaung/f_ws/install/rtabmap_odom/lib/rtabmap_odom/stereo_odometry
[9.784s] -- Symlinking: /home/chaung/f_ws/install/rtabmap_odom/share/ament_index/resource_index/package_run_dependencies/rtabmap_odom
[9.791s] -- Symlinking: /home/chaung/f_ws/install/rtabmap_odom/share/ament_index/resource_index/parent_prefix_path/rtabmap_odom
[9.797s] -- Symlinking: /home/chaung/f_ws/install/rtabmap_odom/share/rtabmap_odom/environment/ament_prefix_path.sh
[9.803s] -- Symlinking: /home/chaung/f_ws/install/rtabmap_odom/share/rtabmap_odom/environment/ament_prefix_path.dsv
[9.809s] -- Symlinking: /home/chaung/f_ws/install/rtabmap_odom/share/rtabmap_odom/environment/path.sh
[9.815s] -- Symlinking: /home/chaung/f_ws/install/rtabmap_odom/share/rtabmap_odom/environment/path.dsv
[9.822s] -- Symlinking: /home/chaung/f_ws/install/rtabmap_odom/share/rtabmap_odom/local_setup.bash
[9.829s] -- Symlinking: /home/chaung/f_ws/install/rtabmap_odom/share/rtabmap_odom/local_setup.sh
[9.836s] -- Symlinking: /home/chaung/f_ws/install/rtabmap_odom/share/rtabmap_odom/local_setup.zsh
[9.843s] -- Symlinking: /home/chaung/f_ws/install/rtabmap_odom/share/rtabmap_odom/local_setup.dsv
[9.850s] -- Symlinking: /home/chaung/f_ws/install/rtabmap_odom/share/rtabmap_odom/package.dsv
[9.856s] -- Symlinking: /home/chaung/f_ws/install/rtabmap_odom/share/ament_index/resource_index/packages/rtabmap_odom
[9.863s] -- Symlinking: /home/chaung/f_ws/install/rtabmap_odom/share/ament_index/resource_index/rclcpp_components/rtabmap_odom
[9.871s] -- Symlinking: /home/chaung/f_ws/install/rtabmap_odom/share/rtabmap_odom/cmake/ament_cmake_export_dependencies-extras.cmake
[9.877s] -- Symlinking: /home/chaung/f_ws/install/rtabmap_odom/share/rtabmap_odom/cmake/ament_cmake_export_include_directories-extras.cmake
[9.883s] -- Symlinking: /home/chaung/f_ws/install/rtabmap_odom/share/rtabmap_odom/cmake/ament_cmake_export_targets-extras.cmake
[9.889s] -- Symlinking: /home/chaung/f_ws/install/rtabmap_odom/share/rtabmap_odom/cmake/ament_cmake_export_libraries-extras.cmake
[9.895s] -- Symlinking: /home/chaung/f_ws/install/rtabmap_odom/share/rtabmap_odom/cmake/rtabmap_odomConfig.cmake
[9.901s] -- Symlinking: /home/chaung/f_ws/install/rtabmap_odom/share/rtabmap_odom/cmake/rtabmap_odomConfig-version.cmake
[9.908s] -- Symlinking: /home/chaung/f_ws/install/rtabmap_odom/share/rtabmap_odom/package.xml
[9.915s] -- Installing: /home/chaung/f_ws/install/rtabmap_odom/lib/librtabmap_odom.so
[9.920s] -- Set runtime path of "/home/chaung/f_ws/install/rtabmap_odom/lib/librtabmap_odom.so" to ""
[9.920s] -- Installing: /home/chaung/f_ws/install/rtabmap_odom/lib/librtabmap_odom_plugins.so
[9.933s] -- Set runtime path of "/home/chaung/f_ws/install/rtabmap_odom/lib/librtabmap_odom_plugins.so" to ""
[9.933s] -- Up-to-date: /home/chaung/f_ws/install/rtabmap_odom/include
[9.933s] -- Up-to-date: /home/chaung/f_ws/install/rtabmap_odom/include/rtabmap_odom
[9.933s] -- Up-to-date: /home/chaung/f_ws/install/rtabmap_odom/include/rtabmap_odom/visibility.h
[9.933s] -- Up-to-date: /home/chaung/f_ws/install/rtabmap_odom/include/rtabmap_odom/OdometryROS.h
[9.933s] -- Up-to-date: /home/chaung/f_ws/install/rtabmap_odom/share/rtabmap_odom/cmake/rtabmap_odomExport.cmake
[9.933s] -- Installing: /home/chaung/f_ws/install/rtabmap_odom/share/rtabmap_odom/cmake/rtabmap_odomExport-noconfig.cmake
[9.937s] Invoked command in '/home/chaung/f_ws/build/rtabmap_odom' returned '0': AMENT_PREFIX_PATH=/home/chaung/f_ws/install/rtabmap_util:/home/chaung/f_ws/install/rtabmap_conversions:${AMENT_PREFIX_PATH} CMAKE_PREFIX_PATH=/home/chaung/f_ws/install/rtabmap_util:/home/chaung/f_ws/install/rtabmap_conversions:/home/chaung/f_ws/install/openslam_gmapping:/home/chaung/f_ws/install/bno055:/opt/ros/foxy:/home/chaung/f_ws/install/rtabmap_msgs:/home/chaung/f_ws/install/rtabmap:${CMAKE_PREFIX_PATH} LD_LIBRARY_PATH=/home/chaung/f_ws/install/rtabmap_util/lib:/home/chaung/f_ws/install/rtabmap_conversions/lib:/home/chaung/f_ws/install/rtabmap_msgs/lib:/home/chaung/f_ws/install/rtabmap/lib:${LD_LIBRARY_PATH} PATH=/home/chaung/f_ws/install/rtabmap/bin:${PATH} PKG_CONFIG_PATH=/home/chaung/f_ws/install/rtabmap_msgs/lib/x86_64-linux-gnu/pkgconfig:/home/chaung/f_ws/install/rtabmap_msgs/lib/pkgconfig:/home/chaung/f_ws/install/rtabmap/lib/x86_64-linux-gnu/pkgconfig:/home/chaung/f_ws/install/rtabmap/lib/pkgconfig:${PKG_CONFIG_PATH} PYTHONPATH=/home/chaung/f_ws/install/rtabmap_msgs/lib/python3.8/site-packages:${PYTHONPATH} ROS_PACKAGE_PATH=/home/chaung/f_ws/install/rtabmap_msgs/share /usr/bin/cmake --install /home/chaung/f_ws/build/rtabmap_odom
