[0.532s] Invoking command in '/home/chaung/f_ws/build/sllidar_ros2': CMAKE_PREFIX_PATH=${CMAKE_PREFIX_PATH}:/home/chaung/f_ws/install/openslam_gmapping:/home/chaung/f_ws/install/bno055:/opt/ros/foxy /usr/bin/cmake --build /home/chaung/f_ws/build/sllidar_ros2
[0.595s] [ 85%] Built target sllidar_node
[0.599s] [100%] Built target sllidar_client
[0.635s] Invoked command in '/home/chaung/f_ws/build/sllidar_ros2' returned '0': CMAKE_PREFIX_PATH=${CMAKE_PREFIX_PATH}:/home/chaung/f_ws/install/openslam_gmapping:/home/chaung/f_ws/install/bno055:/opt/ros/foxy /usr/bin/cmake --build /home/chaung/f_ws/build/sllidar_ros2
[0.695s] Invoking command in '/home/chaung/f_ws/build/sllidar_ros2': CMAKE_PREFIX_PATH=${CMAKE_PREFIX_PATH}:/home/chaung/f_ws/install/openslam_gmapping:/home/chaung/f_ws/install/bno055:/opt/ros/foxy /usr/bin/cmake --install /home/chaung/f_ws/build/sllidar_ros2
[0.708s] -- Install configuration: ""
[0.709s] -- Execute custom install script
[0.710s] -- Up-to-date symlink: /home/chaung/f_ws/install/sllidar_ros2/share/sllidar_ros2/launch/gmapping_launch.py
[0.710s] -- Up-to-date symlink: /home/chaung/f_ws/install/sllidar_ros2/share/sllidar_ros2/launch/gmapping_s2_launch.py
[0.717s] -- Up-to-date symlink: /home/chaung/f_ws/install/sllidar_ros2/share/sllidar_ros2/launch/sllidar_a3_launch.py
[0.717s] -- Up-to-date symlink: /home/chaung/f_ws/install/sllidar_ros2/share/sllidar_ros2/launch/sllidar_launch.py
[0.718s] -- Up-to-date symlink: /home/chaung/f_ws/install/sllidar_ros2/share/sllidar_ros2/launch/sllidar_s1_launch.py
[0.718s] -- Up-to-date symlink: /home/chaung/f_ws/install/sllidar_ros2/share/sllidar_ros2/launch/sllidar_s1_tcp_launch.py
[0.718s] -- Up-to-date symlink: /home/chaung/f_ws/install/sllidar_ros2/share/sllidar_ros2/launch/sllidar_s2_launch.py
[0.718s] -- Up-to-date symlink: /home/chaung/f_ws/install/sllidar_ros2/share/sllidar_ros2/launch/sllidar_t1_launch.py
[0.718s] -- Up-to-date symlink: /home/chaung/f_ws/install/sllidar_ros2/share/sllidar_ros2/launch/view_sllidar_a3_launch.py
[0.719s] -- Up-to-date symlink: /home/chaung/f_ws/install/sllidar_ros2/share/sllidar_ros2/launch/view_sllidar_launch.py
[0.719s] -- Up-to-date symlink: /home/chaung/f_ws/install/sllidar_ros2/share/sllidar_ros2/launch/view_sllidar_s1_launch.py
[0.719s] -- Up-to-date symlink: /home/chaung/f_ws/install/sllidar_ros2/share/sllidar_ros2/launch/view_sllidar_s1_tcp_launch.py
[0.719s] -- Up-to-date symlink: /home/chaung/f_ws/install/sllidar_ros2/share/sllidar_ros2/launch/view_sllidar_s2_launch.py
[0.720s] -- Up-to-date symlink: /home/chaung/f_ws/install/sllidar_ros2/share/sllidar_ros2/launch/view_sllidar_t1_launch.py
[0.720s] -- Up-to-date symlink: /home/chaung/f_ws/install/sllidar_ros2/share/sllidar_ros2/rviz/sllidar_gmapping_ros2.rviz
[0.720s] -- Up-to-date symlink: /home/chaung/f_ws/install/sllidar_ros2/share/sllidar_ros2/rviz/sllidar_ros2.rviz
[0.720s] -- Up-to-date symlink: /home/chaung/f_ws/install/sllidar_ros2/lib/sllidar_ros2/sllidar_node
[0.723s] -- Up-to-date symlink: /home/chaung/f_ws/install/sllidar_ros2/lib/sllidar_ros2/sllidar_client
[0.724s] -- Up-to-date symlink: /home/chaung/f_ws/install/sllidar_ros2/share/ament_index/resource_index/package_run_dependencies/sllidar_ros2
[0.724s] -- Up-to-date symlink: /home/chaung/f_ws/install/sllidar_ros2/share/ament_index/resource_index/parent_prefix_path/sllidar_ros2
[0.730s] -- Up-to-date symlink: /home/chaung/f_ws/install/sllidar_ros2/share/sllidar_ros2/environment/ament_prefix_path.sh
[0.730s] -- Up-to-date symlink: /home/chaung/f_ws/install/sllidar_ros2/share/sllidar_ros2/environment/ament_prefix_path.dsv
[0.730s] -- Up-to-date symlink: /home/chaung/f_ws/install/sllidar_ros2/share/sllidar_ros2/environment/path.sh
[0.730s] -- Up-to-date symlink: /home/chaung/f_ws/install/sllidar_ros2/share/sllidar_ros2/environment/path.dsv
[0.733s] -- Up-to-date symlink: /home/chaung/f_ws/install/sllidar_ros2/share/sllidar_ros2/local_setup.bash
[0.733s] -- Up-to-date symlink: /home/chaung/f_ws/install/sllidar_ros2/share/sllidar_ros2/local_setup.sh
[0.734s] -- Up-to-date symlink: /home/chaung/f_ws/install/sllidar_ros2/share/sllidar_ros2/local_setup.zsh
[0.734s] -- Up-to-date symlink: /home/chaung/f_ws/install/sllidar_ros2/share/sllidar_ros2/local_setup.dsv
[0.734s] -- Symlinking: /home/chaung/f_ws/install/sllidar_ros2/share/sllidar_ros2/package.dsv
[0.752s] -- Up-to-date symlink: /home/chaung/f_ws/install/sllidar_ros2/share/ament_index/resource_index/packages/sllidar_ros2
[0.753s] -- Up-to-date symlink: /home/chaung/f_ws/install/sllidar_ros2/share/sllidar_ros2/cmake/ament_cmake_export_dependencies-extras.cmake
[0.753s] -- Up-to-date symlink: /home/chaung/f_ws/install/sllidar_ros2/share/sllidar_ros2/cmake/ament_cmake_export_include_directories-extras.cmake
[0.753s] -- Up-to-date symlink: /home/chaung/f_ws/install/sllidar_ros2/share/sllidar_ros2/cmake/sllidar_ros2Config.cmake
[0.754s] -- Up-to-date symlink: /home/chaung/f_ws/install/sllidar_ros2/share/sllidar_ros2/cmake/sllidar_ros2Config-version.cmake
[0.755s] -- Up-to-date symlink: /home/chaung/f_ws/install/sllidar_ros2/share/sllidar_ros2/package.xml
[0.762s] Invoked command in '/home/chaung/f_ws/build/sllidar_ros2' returned '0': CMAKE_PREFIX_PATH=${CMAKE_PREFIX_PATH}:/home/chaung/f_ws/install/openslam_gmapping:/home/chaung/f_ws/install/bno055:/opt/ros/foxy /usr/bin/cmake --install /home/chaung/f_ws/build/sllidar_ros2
