[1.078s] Invoking command in '/home/chaung/f_ws/build/bno055': PYTHONPATH=/home/chaung/f_ws/build/bno055/prefix_override:/home/chaung/f_ws/install/bno055/lib/python3.8/site-packages:${PYTHONPATH} /usr/bin/python3 setup.py develop --uninstall --editable --build-directory /home/chaung/f_ws/build/bno055/build
[1.268s] running develop
[1.401s] Invoked command in '/home/chaung/f_ws/build/bno055' returned '0': PYTHONPATH=/home/chaung/f_ws/build/bno055/prefix_override:/home/chaung/f_ws/install/bno055/lib/python3.8/site-packages:${PYTHONPATH} /usr/bin/python3 setup.py develop --uninstall --editable --build-directory /home/chaung/f_ws/build/bno055/build
[1.402s] Invoking command in '/home/chaung/f_ws/src/bno055': PYTHONPATH=/home/chaung/f_ws/build/bno055/prefix_override:/home/chaung/f_ws/install/bno055/lib/python3.8/site-packages:${PYTHONPATH} /usr/bin/python3 setup.py egg_info --egg-base ../../build/bno055 build --build-base /home/chaung/f_ws/build/bno055/build install --record /home/chaung/f_ws/build/bno055/install.log --single-version-externally-managed
[1.583s] running egg_info
[1.584s] writing ../../build/bno055/bno055.egg-info/PKG-INFO
[1.584s] writing dependency_links to ../../build/bno055/bno055.egg-info/dependency_links.txt
[1.584s] writing entry points to ../../build/bno055/bno055.egg-info/entry_points.txt
[1.584s] writing requirements to ../../build/bno055/bno055.egg-info/requires.txt
[1.584s] writing top-level names to ../../build/bno055/bno055.egg-info/top_level.txt
[1.617s] reading manifest file '../../build/bno055/bno055.egg-info/SOURCES.txt'
[1.618s] writing manifest file '../../build/bno055/bno055.egg-info/SOURCES.txt'
[1.618s] running build
[1.618s] running build_py
[1.619s] running install
[1.619s] running install_lib
[1.620s] running install_data
[1.621s] running install_egg_info
[1.622s] removing '/home/chaung/f_ws/install/bno055/lib/python3.8/site-packages/bno055-0.4.1-py3.8.egg-info' (and everything under it)
[1.622s] Copying ../../build/bno055/bno055.egg-info to /home/chaung/f_ws/install/bno055/lib/python3.8/site-packages/bno055-0.4.1-py3.8.egg-info
[1.623s] running install_scripts
[1.637s] Installing bno055 script to /home/chaung/f_ws/install/bno055/lib/bno055
[1.638s] writing list of installed files to '/home/chaung/f_ws/build/bno055/install.log'
[1.660s] Invoked command in '/home/chaung/f_ws/src/bno055' returned '0': PYTHONPATH=/home/chaung/f_ws/build/bno055/prefix_override:/home/chaung/f_ws/install/bno055/lib/python3.8/site-packages:${PYTHONPATH} /usr/bin/python3 setup.py egg_info --egg-base ../../build/bno055 build --build-base /home/chaung/f_ws/build/bno055/build install --record /home/chaung/f_ws/build/bno055/install.log --single-version-externally-managed
