[0.018s] Invoking command in '/home/chaung/f_ws/build/rtabmap_util': AMENT_PREFIX_PATH=/home/chaung/f_ws/install/rtabmap_conversions:${AMENT_PREFIX_PATH} CMAKE_PREFIX_PATH=/home/chaung/f_ws/install/rtabmap_conversions:/home/chaung/f_ws/install/openslam_gmapping:/home/chaung/f_ws/install/bno055:/opt/ros/foxy:/home/chaung/f_ws/install/rtabmap_msgs:/home/chaung/f_ws/install/rtabmap:${CMAKE_PREFIX_PATH} LD_LIBRARY_PATH=/home/chaung/f_ws/install/rtabmap_conversions/lib:/home/chaung/f_ws/install/rtabmap_msgs/lib:/home/chaung/f_ws/install/rtabmap/lib:${LD_LIBRARY_PATH} PATH=/home/chaung/f_ws/install/rtabmap/bin:${PATH} PKG_CONFIG_PATH=/home/chaung/f_ws/install/rtabmap_msgs/lib/x86_64-linux-gnu/pkgconfig:/home/chaung/f_ws/install/rtabmap_msgs/lib/pkgconfig:/home/chaung/f_ws/install/rtabmap/lib/x86_64-linux-gnu/pkgconfig:/home/chaung/f_ws/install/rtabmap/lib/pkgconfig:${PKG_CONFIG_PATH} PYTHONPATH=/home/chaung/f_ws/install/rtabmap_msgs/lib/python3.8/site-packages:${PYTHONPATH} ROS_PACKAGE_PATH=/home/chaung/f_ws/install/rtabmap_msgs/share /usr/bin/cmake /home/chaung/f_ws/src/rtabmap_ros/rtabmap_util -DCMAKE_INSTALL_PREFIX=/home/chaung/f_ws/install/rtabmap_util
[0.045s] -- Eigen found (include: /usr/include/eigen3, version: 3.3.7)
[0.058s] -- OpenNI found (include: /usr/include/ni, lib: /usr/lib/libOpenNI.so)
[0.062s] -- OpenNI2 found (include: /usr/include/openni2, lib: /usr/lib/libOpenNI2.so)
[0.062s] ** WARNING ** io features related to pcap will be disabled
[0.062s] ** WARNING ** io features related to png will be disabled
[0.105s] -- The imported target "vtkParseOGLExt" references the file
[0.105s]    "/usr/bin/vtkParseOGLExt-7.1"
[0.105s] but this file does not exist.  Possible reasons include:
[0.105s] * The file was deleted, renamed, or moved to another location.
[0.105s] * An install or uninstall procedure did not complete successfully.
[0.105s] * The installation package was faulty and contained
[0.105s]    "/usr/lib/cmake/vtk-7.1/VTKTargets.cmake"
[0.105s] but not all the files it references.
[0.105s] 
[0.106s] -- The imported target "vtkRenderingPythonTkWidgets" references the file
[0.106s]    "/usr/lib/x86_64-linux-gnu/libvtkRenderingPythonTkWidgets.so"
[0.106s] but this file does not exist.  Possible reasons include:
[0.106s] * The file was deleted, renamed, or moved to another location.
[0.106s] * An install or uninstall procedure did not complete successfully.
[0.106s] * The installation package was faulty and contained
[0.106s]    "/usr/lib/cmake/vtk-7.1/VTKTargets.cmake"
[0.106s] but not all the files it references.
[0.106s] 
[0.106s] -- The imported target "vtk" references the file
[0.106s]    "/usr/bin/vtk"
[0.106s] but this file does not exist.  Possible reasons include:
[0.106s] * The file was deleted, renamed, or moved to another location.
[0.106s] * An install or uninstall procedure did not complete successfully.
[0.106s] * The installation package was faulty and contained
[0.106s]    "/usr/lib/cmake/vtk-7.1/VTKTargets.cmake"
[0.106s] but not all the files it references.
[0.107s] 
[0.107s] -- The imported target "pvtk" references the file
[0.107s]    "/usr/bin/pvtk"
[0.107s] but this file does not exist.  Possible reasons include:
[0.107s] * The file was deleted, renamed, or moved to another location.
[0.107s] * An install or uninstall procedure did not complete successfully.
[0.107s] * The installation package was faulty and contained
[0.107s]    "/usr/lib/cmake/vtk-7.1/VTKTargets.cmake"
[0.107s] but not all the files it references.
[0.107s] 
[0.117s] ** WARNING ** io features related to libusb-1.0 will be disabled
[0.139s] -- QHULL found (include: /usr/include, lib: optimized;/usr/lib/x86_64-linux-gnu/libqhull.so;debug;/usr/lib/x86_64-linux-gnu/libqhull.so)
[0.162s] -- OpenNI found (include: /usr/include/ni, lib: /usr/lib/libOpenNI.so)
[0.166s] -- OpenNI2 found (include: /usr/include/openni2, lib: /usr/lib/libOpenNI2.so)
[0.176s] -- looking for PCL_COMMON
[0.176s] -- looking for PCL_OCTREE
[0.177s] -- looking for PCL_IO
[0.177s] -- looking for PCL_KDTREE
[0.177s] -- looking for PCL_SEARCH
[0.178s] -- looking for PCL_SURFACE
[0.178s] -- looking for PCL_FILTERS
[0.179s] -- looking for PCL_2D
[0.179s] -- looking for PCL_FEATURES
[0.179s] -- looking for PCL_REGISTRATION
[0.180s] -- looking for PCL_SAMPLE_CONSENSUS
[0.180s] -- looking for PCL_GEOMETRY
[0.180s] -- looking for PCL_ML
[0.181s] -- looking for PCL_SEGMENTATION
[0.181s] -- looking for PCL_VISUALIZATION
[0.193s] -- RTABMap=rtabmap::utilite;rtabmap::core;rtabmap::gui
[0.193s] -- Found ament_cmake: 0.9.11 (/opt/ros/foxy/share/ament_cmake/cmake)
[0.213s] -- Using PYTHON_EXECUTABLE: /usr/bin/python3
[0.345s] -- Override CMake install command with custom implementation using symlinks instead of copying resources
[0.351s] -- Found cv_bridge: 3.0.7 (/opt/ros/foxy/share/cv_bridge/cmake)
[0.364s] -- Using all available rosidl_typesupport_c: rosidl_typesupport_fastrtps_c;rosidl_typesupport_introspection_c
[0.366s] -- Found rosidl_adapter: 1.3.0 (/opt/ros/foxy/share/rosidl_adapter/cmake)
[0.455s] -- Using all available rosidl_typesupport_cpp: rosidl_typesupport_fastrtps_cpp;rosidl_typesupport_introspection_cpp
[0.585s] -- Found image_transport: 2.4.0 (/opt/ros/foxy/share/image_transport/cmake)
[0.614s] -- Found rmw_implementation_cmake: 1.0.4 (/opt/ros/foxy/share/rmw_implementation_cmake/cmake)
[0.616s] -- Using RMW implementation 'rmw_fastrtps_cpp' as default
[0.747s] -- Found rclcpp_components: 2.4.2 (/opt/ros/foxy/share/rclcpp_components/cmake)
[0.784s] -- Found stereo_msgs: 2.0.5 (/opt/ros/foxy/share/stereo_msgs/cmake)
[0.872s] -- Found nav_msgs: 2.0.5 (/opt/ros/foxy/share/nav_msgs/cmake)
[0.927s] -- Found tf2: 0.13.14 (/opt/ros/foxy/share/tf2/cmake)
[0.934s] -- Found tf2_ros: 0.13.14 (/opt/ros/foxy/share/tf2_ros/cmake)
[1.138s] -- Found laser_geometry: 2.2.0 (/opt/ros/foxy/share/laser_geometry/cmake)
[1.141s] -- Found pcl_conversions: 2.2.1 (/opt/ros/foxy/share/pcl_conversions/cmake)
[1.277s] CMake Error at CMakeLists.txt:24 (find_package):
[1.277s]   By not providing "Findpcl_ros.cmake" in CMAKE_MODULE_PATH this project has
[1.277s]   asked CMake to find a package configuration file provided by "pcl_ros", but
[1.277s]   CMake did not find one.
[1.277s] 
[1.277s]   Could not find a package configuration file provided by "pcl_ros" with any
[1.277s]   of the following names:
[1.277s] 
[1.277s]     pcl_rosConfig.cmake
[1.277s]     pcl_ros-config.cmake
[1.277s] 
[1.277s]   Add the installation prefix of "pcl_ros" to CMAKE_PREFIX_PATH or set
[1.277s]   "pcl_ros_DIR" to a directory containing one of the above files.  If
[1.278s]   "pcl_ros" provides a separate development package or SDK, be sure it has
[1.278s]   been installed.
[1.278s] 
[1.278s] 
[1.278s] -- Configuring incomplete, errors occurred!
[1.278s] See also "/home/chaung/f_ws/build/rtabmap_util/CMakeFiles/CMakeOutput.log".
[1.278s] See also "/home/chaung/f_ws/build/rtabmap_util/CMakeFiles/CMakeError.log".
[1.289s] Invoked command in '/home/chaung/f_ws/build/rtabmap_util' returned '1': AMENT_PREFIX_PATH=/home/chaung/f_ws/install/rtabmap_conversions:${AMENT_PREFIX_PATH} CMAKE_PREFIX_PATH=/home/chaung/f_ws/install/rtabmap_conversions:/home/chaung/f_ws/install/openslam_gmapping:/home/chaung/f_ws/install/bno055:/opt/ros/foxy:/home/chaung/f_ws/install/rtabmap_msgs:/home/chaung/f_ws/install/rtabmap:${CMAKE_PREFIX_PATH} LD_LIBRARY_PATH=/home/chaung/f_ws/install/rtabmap_conversions/lib:/home/chaung/f_ws/install/rtabmap_msgs/lib:/home/chaung/f_ws/install/rtabmap/lib:${LD_LIBRARY_PATH} PATH=/home/chaung/f_ws/install/rtabmap/bin:${PATH} PKG_CONFIG_PATH=/home/chaung/f_ws/install/rtabmap_msgs/lib/x86_64-linux-gnu/pkgconfig:/home/chaung/f_ws/install/rtabmap_msgs/lib/pkgconfig:/home/chaung/f_ws/install/rtabmap/lib/x86_64-linux-gnu/pkgconfig:/home/chaung/f_ws/install/rtabmap/lib/pkgconfig:${PKG_CONFIG_PATH} PYTHONPATH=/home/chaung/f_ws/install/rtabmap_msgs/lib/python3.8/site-packages:${PYTHONPATH} ROS_PACKAGE_PATH=/home/chaung/f_ws/install/rtabmap_msgs/share /usr/bin/cmake /home/chaung/f_ws/src/rtabmap_ros/rtabmap_util -DCMAKE_INSTALL_PREFIX=/home/chaung/f_ws/install/rtabmap_util
