[0.706s] Invoking command in '/home/chaung/f_ws/build/hls_lfcd_lds_driver': CMAKE_PREFIX_PATH=${CMAKE_PREFIX_PATH}:/home/chaung/f_ws/install/openslam_gmapping:/home/chaung/f_ws/install/bno055:/opt/ros/foxy /usr/bin/cmake --build /home/chaung/f_ws/build/hls_lfcd_lds_driver
[0.791s] [100%] Built target hlds_laser_publisher
[0.820s] Invoked command in '/home/chaung/f_ws/build/hls_lfcd_lds_driver' returned '0': CMAKE_PREFIX_PATH=${CMAKE_PREFIX_PATH}:/home/chaung/f_ws/install/openslam_gmapping:/home/chaung/f_ws/install/bno055:/opt/ros/foxy /usr/bin/cmake --build /home/chaung/f_ws/build/hls_lfcd_lds_driver
[0.854s] Invoking command in '/home/chaung/f_ws/build/hls_lfcd_lds_driver': CMAKE_PREFIX_PATH=${CMAKE_PREFIX_PATH}:/home/chaung/f_ws/install/openslam_gmapping:/home/chaung/f_ws/install/bno055:/opt/ros/foxy /usr/bin/cmake --install /home/chaung/f_ws/build/hls_lfcd_lds_driver
[0.866s] -- Install configuration: ""
[0.867s] -- Execute custom install script
[0.868s] -- Up-to-date symlink: /home/chaung/f_ws/install/hls_lfcd_lds_driver/share/hls_lfcd_lds_driver/launch/hlds_laser.launch.py
[0.872s] -- Up-to-date symlink: /home/chaung/f_ws/install/hls_lfcd_lds_driver/share/hls_lfcd_lds_driver/launch/view_hlds_laser.launch.py
[0.872s] -- Up-to-date symlink: /home/chaung/f_ws/install/hls_lfcd_lds_driver/share/hls_lfcd_lds_driver/rviz/hlds_laser.rviz
[0.872s] -- Up-to-date symlink: /home/chaung/f_ws/install/hls_lfcd_lds_driver/lib/hls_lfcd_lds_driver/hlds_laser_publisher
[0.873s] -- Up-to-date symlink: /home/chaung/f_ws/install/hls_lfcd_lds_driver/share/ament_index/resource_index/package_run_dependencies/hls_lfcd_lds_driver
[0.873s] -- Up-to-date symlink: /home/chaung/f_ws/install/hls_lfcd_lds_driver/share/ament_index/resource_index/parent_prefix_path/hls_lfcd_lds_driver
[0.873s] -- Up-to-date symlink: /home/chaung/f_ws/install/hls_lfcd_lds_driver/share/hls_lfcd_lds_driver/environment/ament_prefix_path.sh
[0.874s] -- Up-to-date symlink: /home/chaung/f_ws/install/hls_lfcd_lds_driver/share/hls_lfcd_lds_driver/environment/ament_prefix_path.dsv
[0.874s] -- Up-to-date symlink: /home/chaung/f_ws/install/hls_lfcd_lds_driver/share/hls_lfcd_lds_driver/environment/path.sh
[0.874s] -- Up-to-date symlink: /home/chaung/f_ws/install/hls_lfcd_lds_driver/share/hls_lfcd_lds_driver/environment/path.dsv
[0.874s] -- Up-to-date symlink: /home/chaung/f_ws/install/hls_lfcd_lds_driver/share/hls_lfcd_lds_driver/local_setup.bash
[0.875s] -- Up-to-date symlink: /home/chaung/f_ws/install/hls_lfcd_lds_driver/share/hls_lfcd_lds_driver/local_setup.sh
[0.875s] -- Up-to-date symlink: /home/chaung/f_ws/install/hls_lfcd_lds_driver/share/hls_lfcd_lds_driver/local_setup.zsh
[0.875s] -- Up-to-date symlink: /home/chaung/f_ws/install/hls_lfcd_lds_driver/share/hls_lfcd_lds_driver/local_setup.dsv
[0.876s] -- Symlinking: /home/chaung/f_ws/install/hls_lfcd_lds_driver/share/hls_lfcd_lds_driver/package.dsv
[0.884s] -- Up-to-date symlink: /home/chaung/f_ws/install/hls_lfcd_lds_driver/share/ament_index/resource_index/packages/hls_lfcd_lds_driver
[0.884s] -- Up-to-date symlink: /home/chaung/f_ws/install/hls_lfcd_lds_driver/share/hls_lfcd_lds_driver/cmake/ament_cmake_export_dependencies-extras.cmake
[0.884s] -- Up-to-date symlink: /home/chaung/f_ws/install/hls_lfcd_lds_driver/share/hls_lfcd_lds_driver/cmake/ament_cmake_export_include_directories-extras.cmake
[0.884s] -- Up-to-date symlink: /home/chaung/f_ws/install/hls_lfcd_lds_driver/share/hls_lfcd_lds_driver/cmake/hls_lfcd_lds_driverConfig.cmake
[0.884s] -- Up-to-date symlink: /home/chaung/f_ws/install/hls_lfcd_lds_driver/share/hls_lfcd_lds_driver/cmake/hls_lfcd_lds_driverConfig-version.cmake
[0.885s] -- Up-to-date symlink: /home/chaung/f_ws/install/hls_lfcd_lds_driver/share/hls_lfcd_lds_driver/package.xml
[0.930s] Invoked command in '/home/chaung/f_ws/build/hls_lfcd_lds_driver' returned '0': CMAKE_PREFIX_PATH=${CMAKE_PREFIX_PATH}:/home/chaung/f_ws/install/openslam_gmapping:/home/chaung/f_ws/install/bno055:/opt/ros/foxy /usr/bin/cmake --install /home/chaung/f_ws/build/hls_lfcd_lds_driver
