[0.056s] Invoking command in '/home/chaung/f_ws/build/dynamixel_sdk': CMAKE_PREFIX_PATH=/home/chaung/f_ws/install/sllidar_ros2:/home/chaung/f_ws/install/slam_gmapping:/home/chaung/f_ws/install/rtabmap_ros:/home/chaung/f_ws/install/rtabmap_launch:/home/chaung/f_ws/install/rtabmap_examples:/home/chaung/f_ws/install/rtabmap_demos:/home/chaung/f_ws/install/rtabmap_viz:/home/chaung/f_ws/install/rtabmap_slam:/home/chaung/f_ws/install/rtabmap_odom:/home/chaung/f_ws/install/rtabmap_util:/home/chaung/f_ws/install/rtabmap_sync:/home/chaung/f_ws/install/rtabmap_rviz_plugins:/home/chaung/f_ws/install/rtabmap_conversions:/home/chaung/f_ws/install/rtabmap_python:/home/chaung/f_ws/install/bno055:/opt/ros/foxy:/home/chaung/f_ws/install/rtabmap_msgs:/home/chaung/f_ws/install/rtabmap:/home/chaung/f_ws/install/openslam_gmapping:/home/chaung/f_ws/install/hls_lfcd_lds_driver:/home/chaung/f_ws/install/dynamixel_sdk_examples:/home/chaung/f_ws/install/dynamixel_sdk_custom_interfaces:/home/chaung/f_ws/install/dynamixel_sdk /usr/bin/cmake --build /home/chaung/f_ws/build/dynamixel_sdk -- -j12 -l12
[0.475s] [100%] Built target dynamixel_sdk
[0.483s] Invoked command in '/home/chaung/f_ws/build/dynamixel_sdk' returned '0': CMAKE_PREFIX_PATH=/home/chaung/f_ws/install/sllidar_ros2:/home/chaung/f_ws/install/slam_gmapping:/home/chaung/f_ws/install/rtabmap_ros:/home/chaung/f_ws/install/rtabmap_launch:/home/chaung/f_ws/install/rtabmap_examples:/home/chaung/f_ws/install/rtabmap_demos:/home/chaung/f_ws/install/rtabmap_viz:/home/chaung/f_ws/install/rtabmap_slam:/home/chaung/f_ws/install/rtabmap_odom:/home/chaung/f_ws/install/rtabmap_util:/home/chaung/f_ws/install/rtabmap_sync:/home/chaung/f_ws/install/rtabmap_rviz_plugins:/home/chaung/f_ws/install/rtabmap_conversions:/home/chaung/f_ws/install/rtabmap_python:/home/chaung/f_ws/install/bno055:/opt/ros/foxy:/home/chaung/f_ws/install/rtabmap_msgs:/home/chaung/f_ws/install/rtabmap:/home/chaung/f_ws/install/openslam_gmapping:/home/chaung/f_ws/install/hls_lfcd_lds_driver:/home/chaung/f_ws/install/dynamixel_sdk_examples:/home/chaung/f_ws/install/dynamixel_sdk_custom_interfaces:/home/chaung/f_ws/install/dynamixel_sdk /usr/bin/cmake --build /home/chaung/f_ws/build/dynamixel_sdk -- -j12 -l12
[0.553s] Invoking command in '/home/chaung/f_ws/build/dynamixel_sdk': CMAKE_PREFIX_PATH=/home/chaung/f_ws/install/sllidar_ros2:/home/chaung/f_ws/install/slam_gmapping:/home/chaung/f_ws/install/rtabmap_ros:/home/chaung/f_ws/install/rtabmap_launch:/home/chaung/f_ws/install/rtabmap_examples:/home/chaung/f_ws/install/rtabmap_demos:/home/chaung/f_ws/install/rtabmap_viz:/home/chaung/f_ws/install/rtabmap_slam:/home/chaung/f_ws/install/rtabmap_odom:/home/chaung/f_ws/install/rtabmap_util:/home/chaung/f_ws/install/rtabmap_sync:/home/chaung/f_ws/install/rtabmap_rviz_plugins:/home/chaung/f_ws/install/rtabmap_conversions:/home/chaung/f_ws/install/rtabmap_python:/home/chaung/f_ws/install/bno055:/opt/ros/foxy:/home/chaung/f_ws/install/rtabmap_msgs:/home/chaung/f_ws/install/rtabmap:/home/chaung/f_ws/install/openslam_gmapping:/home/chaung/f_ws/install/hls_lfcd_lds_driver:/home/chaung/f_ws/install/dynamixel_sdk_examples:/home/chaung/f_ws/install/dynamixel_sdk_custom_interfaces:/home/chaung/f_ws/install/dynamixel_sdk /usr/bin/cmake --install /home/chaung/f_ws/build/dynamixel_sdk
[0.567s] -- Install configuration: ""
[0.570s] -- Execute custom install script
[0.571s] -- Up-to-date symlink: /home/chaung/f_ws/install/dynamixel_sdk/include//dynamixel_sdk/dynamixel_sdk.h
[0.572s] -- Up-to-date symlink: /home/chaung/f_ws/install/dynamixel_sdk/include//dynamixel_sdk/group_bulk_read.h
[0.572s] -- Up-to-date symlink: /home/chaung/f_ws/install/dynamixel_sdk/include//dynamixel_sdk/group_bulk_write.h
[0.572s] -- Up-to-date symlink: /home/chaung/f_ws/install/dynamixel_sdk/include//dynamixel_sdk/group_sync_read.h
[0.572s] -- Up-to-date symlink: /home/chaung/f_ws/install/dynamixel_sdk/include//dynamixel_sdk/group_sync_write.h
[0.573s] -- Up-to-date symlink: /home/chaung/f_ws/install/dynamixel_sdk/include//dynamixel_sdk/packet_handler.h
[0.574s] -- Up-to-date symlink: /home/chaung/f_ws/install/dynamixel_sdk/include//dynamixel_sdk/port_handler.h
[0.574s] -- Up-to-date symlink: /home/chaung/f_ws/install/dynamixel_sdk/include//dynamixel_sdk/port_handler_arduino.h
[0.574s] -- Up-to-date symlink: /home/chaung/f_ws/install/dynamixel_sdk/include//dynamixel_sdk/port_handler_linux.h
[0.574s] -- Up-to-date symlink: /home/chaung/f_ws/install/dynamixel_sdk/include//dynamixel_sdk/port_handler_mac.h
[0.574s] -- Up-to-date symlink: /home/chaung/f_ws/install/dynamixel_sdk/include//dynamixel_sdk/port_handler_windows.h
[0.574s] -- Up-to-date symlink: /home/chaung/f_ws/install/dynamixel_sdk/include//dynamixel_sdk/protocol1_packet_handler.h
[0.574s] -- Up-to-date symlink: /home/chaung/f_ws/install/dynamixel_sdk/include//dynamixel_sdk/protocol2_packet_handler.h
[0.574s] -- Up-to-date symlink: /home/chaung/f_ws/install/dynamixel_sdk/lib/libdynamixel_sdk.so
[0.574s] -- Up-to-date symlink: /home/chaung/f_ws/install/dynamixel_sdk/share/dynamixel_sdk/environment/library_path.sh
[0.574s] -- Up-to-date symlink: /home/chaung/f_ws/install/dynamixel_sdk/share/dynamixel_sdk/environment/library_path.dsv
[0.575s] -- Up-to-date symlink: /home/chaung/f_ws/install/dynamixel_sdk/share/ament_index/resource_index/package_run_dependencies/dynamixel_sdk
[0.575s] -- Up-to-date symlink: /home/chaung/f_ws/install/dynamixel_sdk/share/ament_index/resource_index/parent_prefix_path/dynamixel_sdk
[0.575s] -- Up-to-date symlink: /home/chaung/f_ws/install/dynamixel_sdk/share/dynamixel_sdk/environment/ament_prefix_path.sh
[0.577s] -- Up-to-date symlink: /home/chaung/f_ws/install/dynamixel_sdk/share/dynamixel_sdk/environment/ament_prefix_path.dsv
[0.578s] -- Up-to-date symlink: /home/chaung/f_ws/install/dynamixel_sdk/share/dynamixel_sdk/environment/path.sh
[0.578s] -- Up-to-date symlink: /home/chaung/f_ws/install/dynamixel_sdk/share/dynamixel_sdk/environment/path.dsv
[0.578s] -- Up-to-date symlink: /home/chaung/f_ws/install/dynamixel_sdk/share/dynamixel_sdk/local_setup.bash
[0.582s] -- Up-to-date symlink: /home/chaung/f_ws/install/dynamixel_sdk/share/dynamixel_sdk/local_setup.sh
[0.583s] -- Up-to-date symlink: /home/chaung/f_ws/install/dynamixel_sdk/share/dynamixel_sdk/local_setup.zsh
[0.583s] -- Up-to-date symlink: /home/chaung/f_ws/install/dynamixel_sdk/share/dynamixel_sdk/local_setup.dsv
[0.584s] -- Symlinking: /home/chaung/f_ws/install/dynamixel_sdk/share/dynamixel_sdk/package.dsv
[0.593s] -- Up-to-date symlink: /home/chaung/f_ws/install/dynamixel_sdk/share/ament_index/resource_index/packages/dynamixel_sdk
[0.594s] -- Up-to-date symlink: /home/chaung/f_ws/install/dynamixel_sdk/share/dynamixel_sdk/cmake/ament_cmake_export_include_directories-extras.cmake
[0.594s] -- Up-to-date symlink: /home/chaung/f_ws/install/dynamixel_sdk/share/dynamixel_sdk/cmake/ament_cmake_export_libraries-extras.cmake
[0.594s] -- Up-to-date symlink: /home/chaung/f_ws/install/dynamixel_sdk/share/dynamixel_sdk/cmake/dynamixel_sdkConfig.cmake
[0.594s] -- Up-to-date symlink: /home/chaung/f_ws/install/dynamixel_sdk/share/dynamixel_sdk/cmake/dynamixel_sdkConfig-version.cmake
[0.595s] -- Up-to-date symlink: /home/chaung/f_ws/install/dynamixel_sdk/share/dynamixel_sdk/package.xml
[0.599s] Invoked command in '/home/chaung/f_ws/build/dynamixel_sdk' returned '0': CMAKE_PREFIX_PATH=/home/chaung/f_ws/install/sllidar_ros2:/home/chaung/f_ws/install/slam_gmapping:/home/chaung/f_ws/install/rtabmap_ros:/home/chaung/f_ws/install/rtabmap_launch:/home/chaung/f_ws/install/rtabmap_examples:/home/chaung/f_ws/install/rtabmap_demos:/home/chaung/f_ws/install/rtabmap_viz:/home/chaung/f_ws/install/rtabmap_slam:/home/chaung/f_ws/install/rtabmap_odom:/home/chaung/f_ws/install/rtabmap_util:/home/chaung/f_ws/install/rtabmap_sync:/home/chaung/f_ws/install/rtabmap_rviz_plugins:/home/chaung/f_ws/install/rtabmap_conversions:/home/chaung/f_ws/install/rtabmap_python:/home/chaung/f_ws/install/bno055:/opt/ros/foxy:/home/chaung/f_ws/install/rtabmap_msgs:/home/chaung/f_ws/install/rtabmap:/home/chaung/f_ws/install/openslam_gmapping:/home/chaung/f_ws/install/hls_lfcd_lds_driver:/home/chaung/f_ws/install/dynamixel_sdk_examples:/home/chaung/f_ws/install/dynamixel_sdk_custom_interfaces:/home/chaung/f_ws/install/dynamixel_sdk /usr/bin/cmake --install /home/chaung/f_ws/build/dynamixel_sdk
