[1.611s] Invoking command in '/home/chaung/f_ws/build/rtabmap_python': PYTHONPATH=/home/chaung/f_ws/build/rtabmap_python/prefix_override:/home/chaung/f_ws/install/rtabmap_python/lib/python3.8/site-packages:${PYTHONPATH} /usr/bin/python3 setup.py develop --editable --build-directory /home/chaung/f_ws/build/rtabmap_python/build --no-deps install_data
[1.907s] running develop
[2.049s] running egg_info
[2.049s] creating rtabmap_python.egg-info
[2.049s] writing rtabmap_python.egg-info/PKG-INFO
[2.049s] writing dependency_links to rtabmap_python.egg-info/dependency_links.txt
[2.049s] writing entry points to rtabmap_python.egg-info/entry_points.txt
[2.049s] writing requirements to rtabmap_python.egg-info/requires.txt
[2.049s] writing top-level names to rtabmap_python.egg-info/top_level.txt
[2.051s] writing manifest file 'rtabmap_python.egg-info/SOURCES.txt'
[2.093s] reading manifest file 'rtabmap_python.egg-info/SOURCES.txt'
[2.096s] writing manifest file 'rtabmap_python.egg-info/SOURCES.txt'
[2.120s] running build_ext
[2.120s] Creating /home/chaung/f_ws/install/rtabmap_python/lib/python3.8/site-packages/site.py
[2.122s] Creating /home/chaung/f_ws/install/rtabmap_python/lib/python3.8/site-packages/rtabmap-python.egg-link (link to .)
[2.123s] 
[2.123s] Installed /home/chaung/f_ws/build/rtabmap_python
[2.124s] running install_data
[2.124s] creating /home/chaung/f_ws/install/rtabmap_python/share/ament_index
[2.124s] creating /home/chaung/f_ws/install/rtabmap_python/share/ament_index/resource_index
[2.124s] creating /home/chaung/f_ws/install/rtabmap_python/share/ament_index/resource_index/packages
[2.124s] copying resource/rtabmap_python -> /home/chaung/f_ws/install/rtabmap_python/share/ament_index/resource_index/packages
[2.124s] copying package.xml -> /home/chaung/f_ws/install/rtabmap_python/share/rtabmap_python
[2.169s] Invoked command in '/home/chaung/f_ws/build/rtabmap_python' returned '0': PYTHONPATH=/home/chaung/f_ws/build/rtabmap_python/prefix_override:/home/chaung/f_ws/install/rtabmap_python/lib/python3.8/site-packages:${PYTHONPATH} /usr/bin/python3 setup.py develop --editable --build-directory /home/chaung/f_ws/build/rtabmap_python/build --no-deps install_data
