[0.034s] Invoking command in '/home/chaung/f_ws/build/cartographer': CMAKE_PREFIX_PATH=${CMAKE_PREFIX_PATH}:/home/chaung/half/install/slam_gmapping:/home/chaung/half/install/bno055:/opt/ros/foxy /usr/bin/cmake /home/chaung/f_ws/src/cartographer -DCMAKE_INSTALL_PREFIX=/home/chaung/f_ws/install/cartographer
[0.210s] -- The C compiler identification is GNU 9.4.0
[0.211s] -- The CXX compiler identification is GNU 9.4.0
[0.211s] -- Check for working C compiler: /usr/bin/cc
[0.211s] -- Check for working C compiler: /usr/bin/cc -- works
[0.211s] -- Detecting C compiler ABI info
[0.236s] -- Detecting C compiler ABI info - done
[0.246s] -- Detecting C compile features
[0.246s] -- Detecting C compile features - done
[0.249s] -- Check for working CXX compiler: /usr/bin/c++
[0.302s] -- Check for working CXX compiler: /usr/bin/c++ -- works
[0.303s] -- Detecting CXX compiler ABI info
[0.357s] -- Detecting CXX compiler ABI info - done
[0.369s] -- Detecting CXX compile features
[0.369s] -- Detecting CXX compile features - done
[0.371s] -- Build type: Release
[0.377s] æª”æ¡ˆ /home/chaung/f_ws/build/cartographer/AllFiles.cmake èˆ‡ - ä¸åŒ
[0.406s] -- Found PythonInterp: /usr/bin/python (found version "2.7.18") 
[0.407s] -- Looking for pthread.h
[0.459s] -- Looking for pthread.h - found
[0.459s] -- Performing Test CMAKE_HAVE_LIBC_PTHREAD
[0.514s] -- Performing Test CMAKE_HAVE_LIBC_PTHREAD - Failed
[0.514s] -- Looking for pthread_create in pthreads
[0.556s] -- Looking for pthread_create in pthreads - not found
[0.556s] -- Looking for pthread_create in pthread
[0.609s] -- Looking for pthread_create in pthread - found
[0.610s] -- Found Threads: TRUE  
[0.615s] -- Found GMock: gmock_main;-lpthread  
[0.623s] -- Found Boost: /usr/lib/x86_64-linux-gnu/cmake/Boost-1.71.0/BoostConfig.cmake (found version "1.71.0") found components: iostreams 
[0.627s] -- Found installed version of Eigen: /usr/lib/cmake/eigen3
[0.628s] -- Found required Ceres dependency: Eigen version 3.3.7 in /usr/include/eigen3
[0.630s] -- Found required Ceres dependency: glog
[0.632s] -- Found installed version of gflags: /usr/lib/x86_64-linux-gnu/cmake/gflags
[0.633s] -- Detected gflags version: 2.2.2
[0.634s] -- Found required Ceres dependency: gflags
[0.634s] -- Found Ceres version: 1.14.0 installed in: /usr with components: [EigenSparse, SparseLinearAlgebraLibrary, LAPACK, SuiteSparse, CXSparse, SchurSpecializations, OpenMP, Multithreading]
[0.645s] -- Found Lua: /usr/lib/x86_64-linux-gnu/liblua5.2.so;/usr/lib/x86_64-linux-gnu/libm.so (found version "5.2.4") 
[0.659s] -- Found Protobuf: /usr/lib/x86_64-linux-gnu/libprotobuf.so;-lpthread (found suitable version "3.6.1", minimum required is "3.0.0") 
[0.662s] -- Found PkgConfig: /usr/bin/pkg-config (found version "0.29.1") 
[0.662s] -- Checking for one of the modules 'cairo>=1.12.16'
[0.703s] -- Could NOT find Sphinx (missing: SPHINX_EXECUTABLE) 
[0.741s] -- Configuring done
[0.884s] -- Generating done
[0.890s] -- Build files have been written to: /home/chaung/f_ws/build/cartographer
[0.906s] Invoked command in '/home/chaung/f_ws/build/cartographer' returned '0': CMAKE_PREFIX_PATH=${CMAKE_PREFIX_PATH}:/home/chaung/half/install/slam_gmapping:/home/chaung/half/install/bno055:/opt/ros/foxy /usr/bin/cmake /home/chaung/f_ws/src/cartographer -DCMAKE_INSTALL_PREFIX=/home/chaung/f_ws/install/cartographer
[0.909s] Invoking command in '/home/chaung/f_ws/build/cartographer': CMAKE_PREFIX_PATH=${CMAKE_PREFIX_PATH}:/home/chaung/half/install/slam_gmapping:/home/chaung/half/install/bno055:/opt/ros/foxy /usr/bin/cmake --build /home/chaung/f_ws/build/cartographer -- -j12 -l12
[0.956s] [35m[1mScanning dependencies of target gtest[0m
[0.957s] [35m[1mScanning dependencies of target cartographer_detect_changes[0m
[0.958s] [  0%] [34m[1mRunning C++ protocol buffer compiler on /home/chaung/f_ws/src/cartographer/cartographer/ground_truth/proto/relations.proto[0m
[0.959s] [  0%] [34m[1mRunning C++ protocol buffer compiler on /home/chaung/f_ws/src/cartographer/cartographer/mapping/proto/2d/cell_limits.proto[0m
[0.959s] [  1%] [34m[1mRunning C++ protocol buffer compiler on /home/chaung/f_ws/src/cartographer/cartographer/mapping/proto/2d/grid_2d.proto[0m
[0.960s] [  1%] [34m[1mRunning C++ protocol buffer compiler on /home/chaung/f_ws/src/cartographer/cartographer/transform/proto/transform.proto[0m
[0.966s] [  1%] [34m[1mRunning C++ protocol buffer compiler on /home/chaung/f_ws/src/cartographer/cartographer/common/proto/ceres_solver_options.proto[0m
[0.970s] [  1%] [34m[1mRunning C++ protocol buffer compiler on /home/chaung/f_ws/src/cartographer/cartographer/mapping/proto/2d/grid_2d_options.proto[0m
[0.974s] [  2%] [32mBuilding CXX object googletest/CMakeFiles/gtest.dir/src/gtest-all.cc.o[0m
[0.982s] [  2%] [34m[1mRunning C++ protocol buffer compiler on /home/chaung/f_ws/src/cartographer/cartographer/mapping/proto/2d/local_trajectory_builder_options_2d.proto[0m
[0.983s] [  2%] [34m[1mRunning C++ protocol buffer compiler on /home/chaung/f_ws/src/cartographer/cartographer/mapping/proto/2d/probability_grid.proto[0m
[0.983s] [  2%] [34m[1mRunning C++ protocol buffer compiler on /home/chaung/f_ws/src/cartographer/cartographer/mapping/proto/2d/submaps_options_2d.proto[0m
[0.985s] [  2%] [34m[1mRunning C++ protocol buffer compiler on /home/chaung/f_ws/src/cartographer/cartographer/mapping/proto/2d/probability_grid_range_data_inserter_options_2d.proto[0m
[0.988s] [  2%] [34m[1mRunning C++ protocol buffer compiler on /home/chaung/f_ws/src/cartographer/cartographer/mapping/proto/3d/range_data_inserter_options_3d.proto[0m
[0.993s] [  3%] [34m[1mRunning C++ protocol buffer compiler on /home/chaung/f_ws/src/cartographer/cartographer/mapping/proto/3d/hybrid_grid.proto[0m
[0.995s] [  3%] [34m[1mRunning C++ protocol buffer compiler on /home/chaung/f_ws/src/cartographer/cartographer/mapping/proto/3d/local_trajectory_builder_options_3d.proto[0m
[0.995s] [  4%] [34m[1mRunning C++ protocol buffer compiler on /home/chaung/f_ws/src/cartographer/cartographer/mapping/proto/3d/submaps_options_3d.proto[0m
[1.004s] [  5%] Built target cartographer_detect_changes
[1.004s] [  5%] [34m[1mRunning C++ protocol buffer compiler on /home/chaung/f_ws/src/cartographer/cartographer/mapping/proto/2d/map_limits.proto[0m
[1.011s] [  6%] [34m[1mRunning C++ protocol buffer compiler on /home/chaung/f_ws/src/cartographer/cartographer/mapping/proto/map_builder_options.proto[0m
[1.012s] [  6%] [34m[1mRunning C++ protocol buffer compiler on /home/chaung/f_ws/src/cartographer/cartographer/mapping/proto/connected_components.proto[0m
[1.012s] [  6%] [34m[1mRunning C++ protocol buffer compiler on /home/chaung/f_ws/src/cartographer/cartographer/mapping/proto/motion_filter_options.proto[0m
[1.013s] [  6%] [34m[1mRunning C++ protocol buffer compiler on /home/chaung/f_ws/src/cartographer/cartographer/mapping/proto/internal/legacy_serialized_data.proto[0m
[1.020s] [  7%] [34m[1mRunning C++ protocol buffer compiler on /home/chaung/f_ws/src/cartographer/cartographer/mapping/proto/pose_graph/optimization_problem_options.proto[0m
[1.021s] [  7%] [34m[1mRunning C++ protocol buffer compiler on /home/chaung/f_ws/src/cartographer/cartographer/mapping/proto/pose_graph.proto[0m
[1.024s] [  7%] [34m[1mRunning C++ protocol buffer compiler on /home/chaung/f_ws/src/cartographer/cartographer/mapping/proto/pose_graph/constraint_builder_options.proto[0m
[1.028s] [  8%] [34m[1mRunning C++ protocol buffer compiler on /home/chaung/f_ws/src/cartographer/cartographer/mapping/proto/scan_matching/ceres_scan_matcher_options_3d.proto[0m
[1.029s] [  8%] [34m[1mRunning C++ protocol buffer compiler on /home/chaung/f_ws/src/cartographer/cartographer/mapping/proto/scan_matching/ceres_scan_matcher_options_2d.proto[0m
[1.036s] [  8%] [34m[1mRunning C++ protocol buffer compiler on /home/chaung/f_ws/src/cartographer/cartographer/mapping/proto/range_data_inserter_options.proto[0m
[1.037s] [  9%] [34m[1mRunning C++ protocol buffer compiler on /home/chaung/f_ws/src/cartographer/cartographer/mapping/proto/scan_matching/real_time_correlative_scan_matcher_options.proto[0m
[1.037s] [  9%] [34m[1mRunning C++ protocol buffer compiler on /home/chaung/f_ws/src/cartographer/cartographer/mapping/proto/scan_matching/fast_correlative_scan_matcher_options_3d.proto[0m
[1.037s] [  9%] [34m[1mRunning C++ protocol buffer compiler on /home/chaung/f_ws/src/cartographer/cartographer/mapping/proto/scan_matching/fast_correlative_scan_matcher_options_2d.proto[0m
[1.039s] [  9%] [34m[1mRunning C++ protocol buffer compiler on /home/chaung/f_ws/src/cartographer/cartographer/mapping/proto/pose_graph_options.proto[0m
[1.052s] [  9%] [34m[1mRunning C++ protocol buffer compiler on /home/chaung/f_ws/src/cartographer/cartographer/mapping/proto/serialization.proto[0m
[1.052s] [  9%] [34m[1mRunning C++ protocol buffer compiler on /home/chaung/f_ws/src/cartographer/cartographer/mapping/proto/submap.proto[0m
[1.055s] [ 10%] [34m[1mRunning C++ protocol buffer compiler on /home/chaung/f_ws/src/cartographer/cartographer/mapping/proto/submap_visualization.proto[0m
[1.055s] [ 10%] [34m[1mRunning C++ protocol buffer compiler on /home/chaung/f_ws/src/cartographer/cartographer/mapping/proto/trajectory_builder_options.proto[0m
[1.055s] [ 10%] [34m[1mRunning C++ protocol buffer compiler on /home/chaung/f_ws/src/cartographer/cartographer/mapping/proto/trajectory.proto[0m
[1.059s] [ 11%] [34m[1mRunning C++ protocol buffer compiler on /home/chaung/f_ws/src/cartographer/cartographer/mapping/proto/trajectory_node_data.proto[0m
[1.064s] [ 11%] [34m[1mRunning C++ protocol buffer compiler on /home/chaung/f_ws/src/cartographer/cartographer/sensor/proto/adaptive_voxel_filter_options.proto[0m
[1.064s] [ 11%] [34m[1mRunning C++ protocol buffer compiler on /home/chaung/f_ws/src/cartographer/cartographer/sensor/proto/sensor.proto[0m
[1.145s] [35m[1mScanning dependencies of target cartographer[0m
[1.470s] [ 12%] [32mBuilding CXX object CMakeFiles/cartographer.dir/cartographer/common/configuration_file_resolver.cc.o[0m
[1.470s] [ 12%] [32mBuilding CXX object CMakeFiles/cartographer.dir/cartographer/common/fixed_ratio_sampler.cc.o[0m
[1.470s] [ 12%] [32mBuilding CXX object CMakeFiles/cartographer.dir/cartographer/common/ceres_solver_options.cc.o[0m
[1.470s] [ 13%] [32mBuilding CXX object CMakeFiles/cartographer.dir/cartographer/common/histogram.cc.o[0m
[1.472s] [ 13%] [32mBuilding CXX object CMakeFiles/cartographer.dir/cartographer/common/lua_parameter_dictionary.cc.o[0m
[1.480s] [ 13%] [32mBuilding CXX object CMakeFiles/cartographer.dir/cartographer/common/internal/testing/thread_pool_for_testing.cc.o[0m
[1.486s] [ 13%] [32mBuilding CXX object CMakeFiles/cartographer.dir/cartographer/common/task.cc.o[0m
[1.565s] [ 14%] [32mBuilding CXX object CMakeFiles/cartographer.dir/cartographer/common/thread_pool.cc.o[0m
[1.581s] [ 14%] [32mBuilding CXX object CMakeFiles/cartographer.dir/cartographer/common/time.cc.o[0m
[1.613s] [ 14%] [32mBuilding CXX object CMakeFiles/cartographer.dir/cartographer/ground_truth/relations_text_file.cc.o[0m
[1.638s] [ 15%] [32mBuilding CXX object CMakeFiles/cartographer.dir/cartographer/io/color.cc.o[0m
[3.534s] [ 15%] [32mBuilding CXX object CMakeFiles/cartographer.dir/cartographer/io/coloring_points_processor.cc.o[0m
[4.105s] [ 15%] [32mBuilding CXX object CMakeFiles/cartographer.dir/cartographer/io/counting_points_processor.cc.o[0m
[4.346s] [ 16%] [32mBuilding CXX object CMakeFiles/cartographer.dir/cartographer/io/draw_trajectories.cc.o[0m
[4.470s] [ 16%] [32mBuilding CXX object CMakeFiles/cartographer.dir/cartographer/io/file_writer.cc.o[0m
[4.810s] [ 16%] [32mBuilding CXX object CMakeFiles/cartographer.dir/cartographer/io/fixed_ratio_sampling_points_processor.cc.o[0m
[5.093s] [ 16%] [32mBuilding CXX object CMakeFiles/cartographer.dir/cartographer/io/frame_id_filtering_points_processor.cc.o[0m
[5.199s] [ 17%] [32mBuilding CXX object CMakeFiles/cartographer.dir/cartographer/io/hybrid_grid_points_processor.cc.o[0m
[5.605s] [ 17%] [32mBuilding CXX object CMakeFiles/cartographer.dir/cartographer/io/image.cc.o[0m
[6.255s] [ 17%] [32mBuilding CXX object CMakeFiles/cartographer.dir/cartographer/io/intensity_to_color_points_processor.cc.o[0m
[6.332s] [ 18%] [32mBuilding CXX object CMakeFiles/cartographer.dir/cartographer/io/internal/in_memory_proto_stream.cc.o[0m
[7.241s] [ 18%] [32mBuilding CXX object CMakeFiles/cartographer.dir/cartographer/io/internal/mapping_state_serialization.cc.o[0m
[7.385s] [ 18%] [32mBuilding CXX object CMakeFiles/cartographer.dir/cartographer/io/min_max_range_filtering_points_processor.cc.o[0m
[8.049s] [ 18%] [32mBuilding CXX object CMakeFiles/cartographer.dir/cartographer/io/outlier_removing_points_processor.cc.o[0m
[8.614s] [ 19%] [32mBuilding CXX object CMakeFiles/cartographer.dir/cartographer/io/pcd_writing_points_processor.cc.o[0m
[9.585s] [ 19%] [32mBuilding CXX object CMakeFiles/cartographer.dir/cartographer/io/ply_writing_points_processor.cc.o[0m
[9.662s] [ 19%] [32mBuilding CXX object CMakeFiles/cartographer.dir/cartographer/io/points_batch.cc.o[0m
[9.954s] [ 20%] [32mBuilding CXX object CMakeFiles/cartographer.dir/cartographer/io/points_processor_pipeline_builder.cc.o[0m
[9.968s] [ 20%] [32mBuilding CXX object CMakeFiles/cartographer.dir/cartographer/io/probability_grid_points_processor.cc.o[0m
[10.609s] [ 20%] [32mBuilding CXX object CMakeFiles/cartographer.dir/cartographer/io/proto_stream.cc.o[0m
[11.034s] [ 21%] [32mBuilding CXX object CMakeFiles/cartographer.dir/cartographer/io/proto_stream_deserializer.cc.o[0m
[11.791s] [ 21%] [32mBuilding CXX object CMakeFiles/cartographer.dir/cartographer/io/serialization_format_migration.cc.o[0m
[12.836s] [ 21%] [32mBuilding CXX object CMakeFiles/cartographer.dir/cartographer/io/submap_painter.cc.o[0m
[13.160s] [ 21%] [32mBuilding CXX object CMakeFiles/cartographer.dir/cartographer/io/xray_points_processor.cc.o[0m
[13.538s] [ 22%] [32mBuilding CXX object CMakeFiles/cartographer.dir/cartographer/io/xyz_writing_points_processor.cc.o[0m
[13.778s] [ 22%] [32mBuilding CXX object CMakeFiles/cartographer.dir/cartographer/mapping/2d/grid_2d.cc.o[0m
[14.034s] [ 22%] [32mBuilding CXX object CMakeFiles/cartographer.dir/cartographer/mapping/2d/probability_grid.cc.o[0m
[14.354s] [ 23%] [32mBuilding CXX object CMakeFiles/cartographer.dir/cartographer/mapping/2d/probability_grid_range_data_inserter_2d.cc.o[0m
[14.750s] [ 23%] [32mBuilding CXX object CMakeFiles/cartographer.dir/cartographer/mapping/2d/submap_2d.cc.o[0m
[15.043s] [ 23%] [32mBuilding CXX object CMakeFiles/cartographer.dir/cartographer/mapping/3d/range_data_inserter_3d.cc.o[0m
[15.970s] [ 23%] [32m[1mLinking CXX static library ../lib/libgtest.a[0m
[16.012s] [ 23%] [32mBuilding CXX object CMakeFiles/cartographer.dir/cartographer/mapping/3d/submap_3d.cc.o[0m
[16.024s] [ 24%] [32mBuilding CXX object CMakeFiles/cartographer.dir/cartographer/mapping/detect_floors.cc.o[0m
[16.040s] [ 24%] Built target gtest
[16.081s] [35m[1mScanning dependencies of target gmock[0m
[16.135s] [ 24%] [32mBuilding CXX object gmock/CMakeFiles/gmock.dir/src/gmock-all.cc.o[0m
[16.582s] [ 24%] [32mBuilding CXX object CMakeFiles/cartographer.dir/cartographer/mapping/imu_tracker.cc.o[0m
[17.098s] [ 24%] [32mBuilding CXX object CMakeFiles/cartographer.dir/cartographer/mapping/internal/2d/local_slam_result_2d.cc.o[0m
[18.602s] [ 25%] [32mBuilding CXX object CMakeFiles/cartographer.dir/cartographer/mapping/internal/2d/local_trajectory_builder_2d.cc.o[0m
[18.654s] [ 25%] [32mBuilding CXX object CMakeFiles/cartographer.dir/cartographer/mapping/internal/2d/local_trajectory_builder_options_2d.cc.o[0m
[19.822s] [ 25%] [32mBuilding CXX object CMakeFiles/cartographer.dir/cartographer/mapping/internal/2d/overlapping_submaps_trimmer_2d.cc.o[0m
[19.833s] [ 26%] [32mBuilding CXX object CMakeFiles/cartographer.dir/cartographer/mapping/internal/2d/pose_graph_2d.cc.o[0m
[19.836s] [ 26%] [32mBuilding CXX object CMakeFiles/cartographer.dir/cartographer/mapping/internal/2d/ray_casting.cc.o[0m
[20.165s] [ 27%] [32m[1mLinking CXX static library ../lib/libgmock.a[0m
[20.246s] [ 27%] [32mBuilding CXX object CMakeFiles/cartographer.dir/cartographer/mapping/internal/2d/scan_matching/ceres_scan_matcher_2d.cc.o[0m
[20.314s] [ 27%] Built target gmock
[20.362s] [ 27%] [32mBuilding CXX object CMakeFiles/cartographer.dir/cartographer/mapping/internal/2d/scan_matching/correlative_scan_matcher_2d.cc.o[0m
[20.739s] [ 28%] [32mBuilding CXX object CMakeFiles/cartographer.dir/cartographer/mapping/internal/2d/scan_matching/fast_correlative_scan_matcher_2d.cc.o[0m
[21.265s] [ 28%] [32mBuilding CXX object CMakeFiles/cartographer.dir/cartographer/mapping/internal/2d/scan_matching/real_time_correlative_scan_matcher_2d.cc.o[0m
[22.701s] [ 28%] [32mBuilding CXX object CMakeFiles/cartographer.dir/cartographer/mapping/internal/3d/local_slam_result_3d.cc.o[0m
[22.766s] [35m[1mScanning dependencies of target gmock_main[0m
[22.785s] [ 28%] [32mBuilding CXX object gmock/CMakeFiles/gmock_main.dir/src/gmock_main.cc.o[0m
[23.922s] [ 29%] [32mBuilding CXX object CMakeFiles/cartographer.dir/cartographer/mapping/internal/3d/local_trajectory_builder_3d.cc.o[0m
[23.938s] [ 29%] [32m[1mLinking CXX static library ../lib/libgmock_main.a[0m
[23.972s] [ 29%] Built target gmock_main
[23.972s] [ 29%] [32mBuilding CXX object CMakeFiles/cartographer.dir/cartographer/mapping/internal/3d/local_trajectory_builder_options_3d.cc.o[0m
[23.983s] [ 29%] [32mBuilding CXX object CMakeFiles/cartographer.dir/cartographer/mapping/internal/3d/pose_graph_3d.cc.o[0m
[25.068s] [ 29%] [32mBuilding CXX object CMakeFiles/cartographer.dir/cartographer/mapping/internal/3d/scan_matching/ceres_scan_matcher_3d.cc.o[0m
[25.217s] [ 30%] [32mBuilding CXX object CMakeFiles/cartographer.dir/cartographer/mapping/internal/3d/scan_matching/fast_correlative_scan_matcher_3d.cc.o[0m
[25.230s] [ 30%] [32mBuilding CXX object CMakeFiles/cartographer.dir/cartographer/mapping/internal/3d/scan_matching/low_resolution_matcher.cc.o[0m
[25.392s] [ 30%] [32mBuilding CXX object CMakeFiles/cartographer.dir/cartographer/mapping/internal/3d/scan_matching/precomputation_grid_3d.cc.o[0m
[25.414s] [ 31%] [32mBuilding CXX object CMakeFiles/cartographer.dir/cartographer/mapping/internal/3d/scan_matching/real_time_correlative_scan_matcher_3d.cc.o[0m
[26.313s] [ 31%] [32mBuilding CXX object CMakeFiles/cartographer.dir/cartographer/mapping/internal/3d/scan_matching/rotational_scan_matcher.cc.o[0m
[27.847s] [ 31%] [32mBuilding CXX object CMakeFiles/cartographer.dir/cartographer/mapping/internal/collated_trajectory_builder.cc.o[0m
[27.849s] [ 32%] [32mBuilding CXX object CMakeFiles/cartographer.dir/cartographer/mapping/internal/connected_components.cc.o[0m
[29.063s] [ 32%] [32mBuilding CXX object CMakeFiles/cartographer.dir/cartographer/mapping/internal/constraints/constraint_builder.cc.o[0m
[29.413s] [ 32%] [32mBuilding CXX object CMakeFiles/cartographer.dir/cartographer/mapping/internal/constraints/constraint_builder_2d.cc.o[0m
[29.422s] [ 32%] [32mBuilding CXX object CMakeFiles/cartographer.dir/cartographer/mapping/internal/constraints/constraint_builder_3d.cc.o[0m
[30.115s] [ 33%] [32mBuilding CXX object CMakeFiles/cartographer.dir/cartographer/mapping/internal/global_trajectory_builder.cc.o[0m
[30.190s] [ 33%] [32mBuilding CXX object CMakeFiles/cartographer.dir/cartographer/mapping/internal/motion_filter.cc.o[0m
[30.765s] [ 33%] [32mBuilding CXX object CMakeFiles/cartographer.dir/cartographer/mapping/internal/optimization/ceres_pose.cc.o[0m
[31.572s] [ 34%] [32mBuilding CXX object CMakeFiles/cartographer.dir/cartographer/mapping/internal/optimization/cost_functions/spa_cost_function_2d.cc.o[0m
[31.823s] [ 34%] [32mBuilding CXX object CMakeFiles/cartographer.dir/cartographer/mapping/internal/optimization/optimization_problem_2d.cc.o[0m
[32.039s] [ 34%] [32mBuilding CXX object CMakeFiles/cartographer.dir/cartographer/mapping/internal/optimization/optimization_problem_3d.cc.o[0m
[32.646s] [ 34%] [32mBuilding CXX object CMakeFiles/cartographer.dir/cartographer/mapping/internal/optimization/optimization_problem_options.cc.o[0m
[32.779s] [ 35%] [32mBuilding CXX object CMakeFiles/cartographer.dir/cartographer/mapping/internal/range_data_collator.cc.o[0m
[33.196s] [ 35%] [32mBuilding CXX object CMakeFiles/cartographer.dir/cartographer/mapping/internal/scan_matching/real_time_correlative_scan_matcher.cc.o[0m
[33.520s] [ 35%] [32mBuilding CXX object CMakeFiles/cartographer.dir/cartographer/mapping/internal/submap_controller.cc.o[0m
[33.803s] [ 36%] [32mBuilding CXX object CMakeFiles/cartographer.dir/cartographer/mapping/internal/trajectory_connectivity_state.cc.o[0m
[35.185s] [ 36%] [32mBuilding CXX object CMakeFiles/cartographer.dir/cartographer/mapping/map_builder.cc.o[0m
[35.277s] [ 36%] [32mBuilding CXX object CMakeFiles/cartographer.dir/cartographer/mapping/pose_extrapolator.cc.o[0m
[35.448s] [ 37%] [32mBuilding CXX object CMakeFiles/cartographer.dir/cartographer/mapping/pose_graph.cc.o[0m
[35.842s] [ 37%] [32mBuilding CXX object CMakeFiles/cartographer.dir/cartographer/mapping/pose_graph_trimmer.cc.o[0m
[35.924s] [ 37%] [32mBuilding CXX object CMakeFiles/cartographer.dir/cartographer/mapping/probability_values.cc.o[0m
[36.049s] [ 37%] [32mBuilding CXX object CMakeFiles/cartographer.dir/cartographer/mapping/range_data_inserter_interface.cc.o[0m
[36.131s] [ 38%] [32mBuilding CXX object CMakeFiles/cartographer.dir/cartographer/mapping/trajectory_builder_interface.cc.o[0m
[36.874s] [ 38%] [32mBuilding CXX object CMakeFiles/cartographer.dir/cartographer/mapping/trajectory_node.cc.o[0m
[37.418s] [ 38%] [32mBuilding CXX object CMakeFiles/cartographer.dir/cartographer/metrics/counter.cc.o[0m
[37.717s] [ 39%] [32mBuilding CXX object CMakeFiles/cartographer.dir/cartographer/metrics/histogram.cc.o[0m
[37.717s] [ 39%] [32mBuilding CXX object CMakeFiles/cartographer.dir/cartographer/metrics/gauge.cc.o[0m
[38.015s] [ 39%] [32mBuilding CXX object CMakeFiles/cartographer.dir/cartographer/metrics/register.cc.o[0m
[38.209s] [ 39%] [32mBuilding CXX object CMakeFiles/cartographer.dir/cartographer/sensor/compressed_point_cloud.cc.o[0m
[38.420s] [ 40%] [32mBuilding CXX object CMakeFiles/cartographer.dir/cartographer/sensor/fixed_frame_pose_data.cc.o[0m
[39.235s] [ 40%] [32mBuilding CXX object CMakeFiles/cartographer.dir/cartographer/sensor/imu_data.cc.o[0m
[39.450s] [ 40%] [32mBuilding CXX object CMakeFiles/cartographer.dir/cartographer/sensor/internal/collator.cc.o[0m
[39.684s] [ 41%] [32mBuilding CXX object CMakeFiles/cartographer.dir/cartographer/sensor/internal/ordered_multi_queue.cc.o[0m
[39.710s] [ 41%] [32mBuilding CXX object CMakeFiles/cartographer.dir/cartographer/sensor/internal/trajectory_collator.cc.o[0m
[39.880s] [ 41%] [32mBuilding CXX object CMakeFiles/cartographer.dir/cartographer/sensor/internal/voxel_filter.cc.o[0m
[40.240s] [ 42%] [32mBuilding CXX object CMakeFiles/cartographer.dir/cartographer/sensor/landmark_data.cc.o[0m
[41.384s] [ 42%] [32mBuilding CXX object CMakeFiles/cartographer.dir/cartographer/sensor/odometry_data.cc.o[0m
[41.476s] [ 42%] [32mBuilding CXX object CMakeFiles/cartographer.dir/cartographer/sensor/point_cloud.cc.o[0m
[42.107s] [ 42%] [32mBuilding CXX object CMakeFiles/cartographer.dir/cartographer/sensor/range_data.cc.o[0m
[42.643s] [ 43%] [32mBuilding CXX object CMakeFiles/cartographer.dir/cartographer/sensor/timed_point_cloud_data.cc.o[0m
[42.774s] [ 43%] [32mBuilding CXX object CMakeFiles/cartographer.dir/cartographer/transform/rigid_transform.cc.o[0m
[42.952s] [ 43%] [32mBuilding CXX object CMakeFiles/cartographer.dir/cartographer/transform/timestamped_transform.cc.o[0m
[43.360s] [ 44%] [32mBuilding CXX object CMakeFiles/cartographer.dir/cartographer/transform/transform.cc.o[0m
[43.408s] [ 44%] [32mBuilding CXX object CMakeFiles/cartographer.dir/cartographer/transform/transform_interpolation_buffer.cc.o[0m
[43.677s] [ 44%] [32mBuilding CXX object CMakeFiles/cartographer.dir/cartographer/common/proto/ceres_solver_options.pb.cc.o[0m
[43.819s] [ 44%] [32mBuilding CXX object CMakeFiles/cartographer.dir/cartographer/ground_truth/proto/relations.pb.cc.o[0m
[43.836s] [ 45%] [32mBuilding CXX object CMakeFiles/cartographer.dir/cartographer/mapping/proto/2d/cell_limits.pb.cc.o[0m
[44.417s] [ 45%] [32mBuilding CXX object CMakeFiles/cartographer.dir/cartographer/mapping/proto/2d/grid_2d.pb.cc.o[0m
[44.873s] [ 45%] [32mBuilding CXX object CMakeFiles/cartographer.dir/cartographer/mapping/proto/2d/grid_2d_options.pb.cc.o[0m
[45.019s] [ 46%] [32mBuilding CXX object CMakeFiles/cartographer.dir/cartographer/mapping/proto/2d/local_trajectory_builder_options_2d.pb.cc.o[0m
[45.173s] [ 46%] [32mBuilding CXX object CMakeFiles/cartographer.dir/cartographer/mapping/proto/2d/map_limits.pb.cc.o[0m
[45.282s] [ 46%] [32mBuilding CXX object CMakeFiles/cartographer.dir/cartographer/mapping/proto/2d/probability_grid.pb.cc.o[0m
[45.628s] [ 47%] [32mBuilding CXX object CMakeFiles/cartographer.dir/cartographer/mapping/proto/2d/probability_grid_range_data_inserter_options_2d.pb.cc.o[0m
[45.672s] [ 47%] [32mBuilding CXX object CMakeFiles/cartographer.dir/cartographer/mapping/proto/2d/submaps_options_2d.pb.cc.o[0m
[45.690s] [ 47%] [32mBuilding CXX object CMakeFiles/cartographer.dir/cartographer/mapping/proto/3d/hybrid_grid.pb.cc.o[0m
[45.927s] [ 47%] [32mBuilding CXX object CMakeFiles/cartographer.dir/cartographer/mapping/proto/3d/local_trajectory_builder_options_3d.pb.cc.o[0m
[46.062s] [ 48%] [32mBuilding CXX object CMakeFiles/cartographer.dir/cartographer/mapping/proto/3d/range_data_inserter_options_3d.pb.cc.o[0m
[46.064s] [ 48%] [32mBuilding CXX object CMakeFiles/cartographer.dir/cartographer/mapping/proto/3d/submaps_options_3d.pb.cc.o[0m
[46.402s] [ 48%] [32mBuilding CXX object CMakeFiles/cartographer.dir/cartographer/mapping/proto/connected_components.pb.cc.o[0m
[46.517s] [ 49%] [32mBuilding CXX object CMakeFiles/cartographer.dir/cartographer/mapping/proto/internal/legacy_serialized_data.pb.cc.o[0m
[46.559s] [ 49%] [32mBuilding CXX object CMakeFiles/cartographer.dir/cartographer/mapping/proto/map_builder_options.pb.cc.o[0m
[46.650s] [ 49%] [32mBuilding CXX object CMakeFiles/cartographer.dir/cartographer/mapping/proto/motion_filter_options.pb.cc.o[0m
[46.706s] [ 49%] [32mBuilding CXX object CMakeFiles/cartographer.dir/cartographer/mapping/proto/pose_graph.pb.cc.o[0m
[46.845s] [ 50%] [32mBuilding CXX object CMakeFiles/cartographer.dir/cartographer/mapping/proto/pose_graph/constraint_builder_options.pb.cc.o[0m
[46.857s] [ 50%] [32mBuilding CXX object CMakeFiles/cartographer.dir/cartographer/mapping/proto/pose_graph/optimization_problem_options.pb.cc.o[0m
[47.108s] [ 50%] [32mBuilding CXX object CMakeFiles/cartographer.dir/cartographer/mapping/proto/pose_graph_options.pb.cc.o[0m
[47.119s] [ 51%] [32mBuilding CXX object CMakeFiles/cartographer.dir/cartographer/mapping/proto/range_data_inserter_options.pb.cc.o[0m
[47.326s] [ 51%] [32mBuilding CXX object CMakeFiles/cartographer.dir/cartographer/mapping/proto/scan_matching/ceres_scan_matcher_options_2d.pb.cc.o[0m
[47.346s] [ 51%] [32mBuilding CXX object CMakeFiles/cartographer.dir/cartographer/mapping/proto/scan_matching/ceres_scan_matcher_options_3d.pb.cc.o[0m
[47.706s] [ 52%] [32mBuilding CXX object CMakeFiles/cartographer.dir/cartographer/mapping/proto/scan_matching/fast_correlative_scan_matcher_options_2d.pb.cc.o[0m
[47.763s] [ 52%] [32mBuilding CXX object CMakeFiles/cartographer.dir/cartographer/mapping/proto/scan_matching/fast_correlative_scan_matcher_options_3d.pb.cc.o[0m
[47.778s] [ 52%] [32mBuilding CXX object CMakeFiles/cartographer.dir/cartographer/mapping/proto/scan_matching/real_time_correlative_scan_matcher_options.pb.cc.o[0m
[48.021s] [ 52%] [32mBuilding CXX object CMakeFiles/cartographer.dir/cartographer/mapping/proto/serialization.pb.cc.o[0m
[48.120s] [ 53%] [32mBuilding CXX object CMakeFiles/cartographer.dir/cartographer/mapping/proto/submap.pb.cc.o[0m
[48.152s] [ 53%] [32mBuilding CXX object CMakeFiles/cartographer.dir/cartographer/mapping/proto/submap_visualization.pb.cc.o[0m
[48.209s] [ 53%] [32mBuilding CXX object CMakeFiles/cartographer.dir/cartographer/mapping/proto/trajectory.pb.cc.o[0m
[48.334s] [ 54%] [32mBuilding CXX object CMakeFiles/cartographer.dir/cartographer/mapping/proto/trajectory_builder_options.pb.cc.o[0m
[48.486s] [ 54%] [32mBuilding CXX object CMakeFiles/cartographer.dir/cartographer/mapping/proto/trajectory_node_data.pb.cc.o[0m
[48.700s] [ 54%] [32mBuilding CXX object CMakeFiles/cartographer.dir/cartographer/sensor/proto/adaptive_voxel_filter_options.pb.cc.o[0m
[48.731s] [ 54%] [32mBuilding CXX object CMakeFiles/cartographer.dir/cartographer/sensor/proto/sensor.pb.cc.o[0m
[48.798s] [ 55%] [32mBuilding CXX object CMakeFiles/cartographer.dir/cartographer/transform/proto/transform.pb.cc.o[0m
[50.614s] [ 55%] [32m[1mLinking CXX static library libcartographer.a[0m
[50.733s] [ 55%] Built target cartographer
[50.743s] [35m[1mScanning dependencies of target cartographer_compute_relations_metrics[0m
[50.743s] [35m[1mScanning dependencies of target cartographer_autogenerate_ground_truth[0m
[50.743s] [35m[1mScanning dependencies of target cartographer_migrate_serialization_format[0m
[50.743s] [35m[1mScanning dependencies of target cartographer_test_library[0m
[50.751s] [ 56%] [32mBuilding CXX object CMakeFiles/cartographer_migrate_serialization_format.dir/cartographer/io/migrate_serialization_format_main.cc.o[0m
[50.769s] [ 56%] [32mBuilding CXX object CMakeFiles/cartographer_test_library.dir/cartographer/io/fake_file_writer.cc.o[0m
[50.769s] [ 57%] [32mBuilding CXX object CMakeFiles/cartographer_test_library.dir/cartographer/io/fake_file_writer_test.cc.o[0m
[50.770s] [ 57%] [32mBuilding CXX object CMakeFiles/cartographer_test_library.dir/cartographer/mapping/internal/testing/test_helpers.cc.o[0m
[50.771s] [ 58%] [32mBuilding CXX object CMakeFiles/cartographer_autogenerate_ground_truth.dir/cartographer/ground_truth/autogenerate_ground_truth_main.cc.o[0m
[50.771s] [ 58%] [32mBuilding CXX object CMakeFiles/cartographer_compute_relations_metrics.dir/cartographer/ground_truth/compute_relations_metrics_main.cc.o[0m
[51.817s] [ 58%] [32m[1mLinking CXX executable cartographer_migrate_serialization_format[0m
[51.933s] [ 58%] Built target cartographer_migrate_serialization_format
[53.223s] [ 58%] [32m[1mLinking CXX executable cartographer_autogenerate_ground_truth[0m
[53.327s] [ 58%] [32m[1mLinking CXX executable cartographer_compute_relations_metrics[0m
[53.332s] [ 58%] Built target cartographer_autogenerate_ground_truth
[53.420s] [ 58%] [32m[1mLinking CXX static library libcartographer_test_library.a[0m
[53.427s] [ 58%] Built target cartographer_compute_relations_metrics
[53.448s] [ 58%] Built target cartographer_test_library
[53.458s] [35m[1mScanning dependencies of target cartographer.mapping.pose_graph_test[0m
[53.459s] [35m[1mScanning dependencies of target cartographer.sensor.range_data_test[0m
[53.459s] [35m[1mScanning dependencies of target cartographer.mapping.2d.probability_grid_test[0m
[53.459s] [35m[1mScanning dependencies of target cartographer.transform.transform_test[0m
[53.459s] [35m[1mScanning dependencies of target cartographer.mapping.3d.range_data_inserter_3d_test[0m
[53.459s] [35m[1mScanning dependencies of target cartographer.sensor.landmark_data_test[0m
[53.459s] [35m[1mScanning dependencies of target cartographer.sensor.internal.voxel_filter_test[0m
[53.460s] [35m[1mScanning dependencies of target cartographer.io.points_processor_pipeline_builder_test[0m
[53.460s] [35m[1mScanning dependencies of target cartographer.common.fixed_ratio_sampler_test[0m
[53.460s] [35m[1mScanning dependencies of target cartographer.io.serialization_format_migration_test[0m
[53.460s] [35m[1mScanning dependencies of target cartographer.mapping.3d.hybrid_grid_test[0m
[53.462s] [35m[1mScanning dependencies of target cartographer.common.rate_timer_test[0m
[53.480s] [ 59%] [32mBuilding CXX object CMakeFiles/cartographer.common.fixed_ratio_sampler_test.dir/cartographer/common/fixed_ratio_sampler_test.cc.o[0m
[53.487s] [ 59%] [32mBuilding CXX object CMakeFiles/cartographer.io.serialization_format_migration_test.dir/cartographer/io/serialization_format_migration_test.cc.o[0m
[53.496s] [ 59%] [32mBuilding CXX object CMakeFiles/cartographer.io.points_processor_pipeline_builder_test.dir/cartographer/io/points_processor_pipeline_builder_test.cc.o[0m
[53.498s] [ 59%] [32mBuilding CXX object CMakeFiles/cartographer.common.rate_timer_test.dir/cartographer/common/rate_timer_test.cc.o[0m
[53.504s] [ 59%] [32mBuilding CXX object CMakeFiles/cartographer.mapping.2d.probability_grid_test.dir/cartographer/mapping/2d/probability_grid_test.cc.o[0m
[53.511s] [ 60%] [32mBuilding CXX object CMakeFiles/cartographer.mapping.3d.range_data_inserter_3d_test.dir/cartographer/mapping/3d/range_data_inserter_3d_test.cc.o[0m
[53.511s] [ 60%] [32mBuilding CXX object CMakeFiles/cartographer.transform.transform_test.dir/cartographer/transform/transform_test.cc.o[0m
[53.512s] [ 60%] [32mBuilding CXX object CMakeFiles/cartographer.mapping.pose_graph_test.dir/cartographer/mapping/pose_graph_test.cc.o[0m
[53.512s] [ 60%] [32mBuilding CXX object CMakeFiles/cartographer.sensor.internal.voxel_filter_test.dir/cartographer/sensor/internal/voxel_filter_test.cc.o[0m
[53.514s] [ 61%] [32mBuilding CXX object CMakeFiles/cartographer.mapping.3d.hybrid_grid_test.dir/cartographer/mapping/3d/hybrid_grid_test.cc.o[0m
[53.517s] [ 61%] [32mBuilding CXX object CMakeFiles/cartographer.sensor.landmark_data_test.dir/cartographer/sensor/landmark_data_test.cc.o[0m
[53.523s] [ 61%] [32mBuilding CXX object CMakeFiles/cartographer.sensor.range_data_test.dir/cartographer/sensor/range_data_test.cc.o[0m
[55.889s] [ 61%] [32m[1mLinking CXX executable cartographer.common.fixed_ratio_sampler_test[0m
[56.027s] [ 61%] Built target cartographer.common.fixed_ratio_sampler_test
[56.039s] [35m[1mScanning dependencies of target cartographer.mapping.2d.map_limits_test[0m
[56.088s] [ 62%] [32mBuilding CXX object CMakeFiles/cartographer.mapping.2d.map_limits_test.dir/cartographer/mapping/2d/map_limits_test.cc.o[0m
[56.510s] [ 63%] [32m[1mLinking CXX executable cartographer.common.rate_timer_test[0m
[56.652s] [ 63%] Built target cartographer.common.rate_timer_test
[56.665s] [35m[1mScanning dependencies of target cartographer.mapping.trajectory_node_test[0m
[56.727s] [ 63%] [32mBuilding CXX object CMakeFiles/cartographer.mapping.trajectory_node_test.dir/cartographer/mapping/trajectory_node_test.cc.o[0m
[57.029s] [ 64%] [32m[1mLinking CXX executable cartographer.io.points_processor_pipeline_builder_test[0m
[57.274s] [ 64%] Built target cartographer.io.points_processor_pipeline_builder_test
[57.292s] [35m[1mScanning dependencies of target cartographer.mapping.submaps_test[0m
[57.346s] [ 64%] [32m[1mLinking CXX executable cartographer.mapping.pose_graph_test[0m
[57.355s] [ 64%] [32mBuilding CXX object CMakeFiles/cartographer.mapping.submaps_test.dir/cartographer/mapping/submaps_test.cc.o[0m
[57.646s] [ 64%] Built target cartographer.mapping.pose_graph_test
[57.659s] [35m[1mScanning dependencies of target cartographer.mapping.3d.submap_3d_test[0m
[57.728s] [ 64%] [32mBuilding CXX object CMakeFiles/cartographer.mapping.3d.submap_3d_test.dir/cartographer/mapping/3d/submap_3d_test.cc.o[0m
[58.062s] [ 64%] [32m[1mLinking CXX executable cartographer.sensor.range_data_test[0m
[58.125s] [ 64%] [32m[1mLinking CXX executable cartographer.io.serialization_format_migration_test[0m
[58.239s] [ 64%] Built target cartographer.sensor.range_data_test
[58.265s] [35m[1mScanning dependencies of target cartographer.mapping.internal.constraints.constraint_builder_3d_test[0m
[58.311s] [ 65%] [32m[1mLinking CXX executable cartographer.mapping.2d.probability_grid_test[0m
[58.332s] [ 65%] Built target cartographer.io.serialization_format_migration_test
[58.343s] [35m[1mScanning dependencies of target cartographer.io.proto_stream_deserializer_test[0m
[58.345s] [ 66%] [32mBuilding CXX object CMakeFiles/cartographer.mapping.internal.constraints.constraint_builder_3d_test.dir/cartographer/mapping/internal/constraints/constraint_builder_3d_test.cc.o[0m
[58.375s] [ 66%] [32m[1mLinking CXX executable cartographer.sensor.internal.voxel_filter_test[0m
[58.394s] [ 66%] [32mBuilding CXX object CMakeFiles/cartographer.io.proto_stream_deserializer_test.dir/cartographer/io/proto_stream_deserializer_test.cc.o[0m
[58.515s] [ 66%] Built target cartographer.mapping.2d.probability_grid_test
[58.528s] [35m[1mScanning dependencies of target cartographer.common.lockless_queue_test[0m
[58.559s] [ 66%] [32mBuilding CXX object CMakeFiles/cartographer.common.lockless_queue_test.dir/cartographer/common/lockless_queue_test.cc.o[0m
[58.631s] [ 66%] Built target cartographer.sensor.internal.voxel_filter_test
[58.645s] [35m[1mScanning dependencies of target cartographer.mapping.2d.range_data_inserter_2d_test[0m
[58.684s] [ 67%] [32m[1mLinking CXX executable cartographer.mapping.3d.range_data_inserter_3d_test[0m
[58.711s] [ 67%] [32mBuilding CXX object CMakeFiles/cartographer.mapping.2d.range_data_inserter_2d_test.dir/cartographer/mapping/2d/range_data_inserter_2d_test.cc.o[0m
[58.857s] [ 67%] Built target cartographer.mapping.3d.range_data_inserter_3d_test
[58.870s] [35m[1mScanning dependencies of target cartographer.mapping.internal.2d.scan_matching.ceres_scan_matcher_2d_test[0m
[58.932s] [ 67%] [32mBuilding CXX object CMakeFiles/cartographer.mapping.internal.2d.scan_matching.ceres_scan_matcher_2d_test.dir/cartographer/mapping/internal/2d/scan_matching/ceres_scan_matcher_2d_test.cc.o[0m
[59.564s] [ 67%] [32m[1mLinking CXX executable cartographer.transform.transform_test[0m
[59.791s] [ 67%] Built target cartographer.transform.transform_test
[59.805s] [35m[1mScanning dependencies of target cartographer.common.blocking_queue_test[0m
[59.835s] [ 67%] [32mBuilding CXX object CMakeFiles/cartographer.common.blocking_queue_test.dir/cartographer/common/blocking_queue_test.cc.o[0m
[59.917s] [ 67%] [32m[1mLinking CXX executable cartographer.common.lockless_queue_test[0m
[60.066s] [ 67%] Built target cartographer.common.lockless_queue_test
[60.079s] [35m[1mScanning dependencies of target cartographer.mapping.internal.motion_filter_test[0m
[60.147s] [ 67%] [32mBuilding CXX object CMakeFiles/cartographer.mapping.internal.motion_filter_test.dir/cartographer/mapping/internal/motion_filter_test.cc.o[0m
[60.175s] [ 67%] [32m[1mLinking CXX executable cartographer.mapping.2d.map_limits_test[0m
[60.347s] [ 67%] Built target cartographer.mapping.2d.map_limits_test
[60.360s] [35m[1mScanning dependencies of target cartographer.sensor.point_cloud_test[0m
[60.421s] [ 68%] [32mBuilding CXX object CMakeFiles/cartographer.sensor.point_cloud_test.dir/cartographer/sensor/point_cloud_test.cc.o[0m
[60.607s] [ 68%] [32m[1mLinking CXX executable cartographer.mapping.3d.hybrid_grid_test[0m
[60.788s] [ 68%] Built target cartographer.mapping.3d.hybrid_grid_test
[60.802s] [35m[1mScanning dependencies of target cartographer.mapping.internal.optimization.cost_functions.spa_cost_function_2d_test[0m
[60.874s] [ 68%] [32mBuilding CXX object CMakeFiles/cartographer.mapping.internal.optimization.cost_functions.spa_cost_function_2d_test.dir/cartographer/mapping/internal/optimization/cost_functions/spa_cost_function_2d_test.cc.o[0m
[60.959s] [ 69%] [32m[1mLinking CXX executable cartographer.sensor.landmark_data_test[0m
[61.119s] [ 69%] Built target cartographer.sensor.landmark_data_test
[61.131s] [35m[1mScanning dependencies of target cartographer.io.proto_stream_test[0m
[61.155s] [ 70%] [32mBuilding CXX object CMakeFiles/cartographer.io.proto_stream_test.dir/cartographer/io/proto_stream_test.cc.o[0m
[61.172s] [ 71%] [32m[1mLinking CXX executable cartographer.mapping.submaps_test[0m
[61.307s] [ 71%] Built target cartographer.mapping.submaps_test
[61.318s] [35m[1mScanning dependencies of target cartographer.transform.transform_interpolation_buffer_test[0m
[61.374s] [ 71%] [32mBuilding CXX object CMakeFiles/cartographer.transform.transform_interpolation_buffer_test.dir/cartographer/transform/transform_interpolation_buffer_test.cc.o[0m
[62.457s] [ 71%] [32m[1mLinking CXX executable cartographer.mapping.trajectory_node_test[0m
[62.635s] [ 71%] Built target cartographer.mapping.trajectory_node_test
[62.648s] [35m[1mScanning dependencies of target cartographer.common.lua_parameter_dictionary_test[0m
[62.673s] [ 72%] [32mBuilding CXX object CMakeFiles/cartographer.common.lua_parameter_dictionary_test.dir/cartographer/common/lua_parameter_dictionary_test.cc.o[0m
[62.763s] [ 72%] [32m[1mLinking CXX executable cartographer.io.proto_stream_deserializer_test[0m
[62.829s] [ 72%] [32m[1mLinking CXX executable cartographer.mapping.3d.submap_3d_test[0m
[63.000s] [ 72%] Built target cartographer.io.proto_stream_deserializer_test
[63.013s] [35m[1mScanning dependencies of target cartographer.io.fake_file_writer_test[0m
[63.038s] [ 72%] [32mBuilding CXX object CMakeFiles/cartographer.io.fake_file_writer_test.dir/cartographer/io/fake_file_writer_test.cc.o[0m
[63.072s] [ 72%] Built target cartographer.mapping.3d.submap_3d_test
[63.085s] [35m[1mScanning dependencies of target cartographer.mapping.internal.3d.scan_matching.ceres_scan_matcher_3d_test[0m
[63.143s] [ 72%] [32mBuilding CXX object CMakeFiles/cartographer.mapping.internal.3d.scan_matching.ceres_scan_matcher_3d_test.dir/cartographer/mapping/internal/3d/scan_matching/ceres_scan_matcher_3d_test.cc.o[0m
[63.481s] [ 72%] [32m[1mLinking CXX executable cartographer.mapping.2d.range_data_inserter_2d_test[0m
[63.685s] [ 72%] Built target cartographer.mapping.2d.range_data_inserter_2d_test
[63.697s] [35m[1mScanning dependencies of target cartographer.common.math_test[0m
[63.753s] [ 72%] [32mBuilding CXX object CMakeFiles/cartographer.common.math_test.dir/cartographer/common/math_test.cc.o[0m
[63.810s] [ 73%] [32m[1mLinking CXX executable cartographer.common.blocking_queue_test[0m
[64.051s] [ 73%] Built target cartographer.common.blocking_queue_test
[64.074s] [35m[1mScanning dependencies of target cartographer.io.internal.in_memory_proto_stream_test[0m
[64.085s] [ 73%] [32m[1mLinking CXX executable cartographer.io.proto_stream_test[0m
[64.104s] [ 73%] [32mBuilding CXX object CMakeFiles/cartographer.io.internal.in_memory_proto_stream_test.dir/cartographer/io/internal/in_memory_proto_stream_test.cc.o[0m
[64.266s] [ 73%] Built target cartographer.io.proto_stream_test
[64.283s] [35m[1mScanning dependencies of target cartographer.mapping.internal.3d.scan_matching.fast_correlative_scan_matcher_3d_test[0m
[64.354s] [ 73%] [32mBuilding CXX object CMakeFiles/cartographer.mapping.internal.3d.scan_matching.fast_correlative_scan_matcher_3d_test.dir/cartographer/mapping/internal/3d/scan_matching/fast_correlative_scan_matcher_3d_test.cc.o[0m
[64.515s] [ 73%] [32m[1mLinking CXX executable cartographer.sensor.point_cloud_test[0m
[64.672s] [ 73%] [32m[1mLinking CXX executable cartographer.mapping.internal.2d.scan_matching.ceres_scan_matcher_2d_test[0m
[64.689s] [ 73%] Built target cartographer.sensor.point_cloud_test
[64.702s] [35m[1mScanning dependencies of target cartographer.common.optional_test[0m
[64.728s] [ 73%] [32mBuilding CXX object CMakeFiles/cartographer.common.optional_test.dir/cartographer/common/optional_test.cc.o[0m
[64.876s] [ 74%] [32m[1mLinking CXX executable cartographer.mapping.internal.motion_filter_test[0m
[64.915s] [ 74%] Built target cartographer.mapping.internal.2d.scan_matching.ceres_scan_matcher_2d_test
[64.927s] [35m[1mScanning dependencies of target cartographer.mapping.id_test[0m
[64.962s] [ 74%] [32mBuilding CXX object CMakeFiles/cartographer.mapping.id_test.dir/cartographer/mapping/id_test.cc.o[0m
[65.086s] [ 74%] Built target cartographer.mapping.internal.motion_filter_test
[65.099s] [35m[1mScanning dependencies of target cartographer.mapping.2d.submap_2d_test[0m
[65.165s] [ 75%] [32mBuilding CXX object CMakeFiles/cartographer.mapping.2d.submap_2d_test.dir/cartographer/mapping/2d/submap_2d_test.cc.o[0m
[66.157s] [ 75%] [32m[1mLinking CXX executable cartographer.common.optional_test[0m
[66.200s] [ 76%] [32m[1mLinking CXX executable cartographer.io.fake_file_writer_test[0m
[66.338s] [ 76%] Built target cartographer.common.optional_test
[66.346s] [ 76%] Built target cartographer.io.fake_file_writer_test
[66.350s] [35m[1mScanning dependencies of target cartographer.mapping.internal.2d.overlapping_submaps_trimmer_2d_test[0m
[66.357s] [35m[1mScanning dependencies of target cartographer.mapping.internal.optimization.optimization_problem_3d_test[0m
[66.421s] [ 77%] [32mBuilding CXX object CMakeFiles/cartographer.mapping.internal.optimization.optimization_problem_3d_test.dir/cartographer/mapping/internal/optimization/optimization_problem_3d_test.cc.o[0m
[66.429s] [ 78%] [32mBuilding CXX object CMakeFiles/cartographer.mapping.internal.2d.overlapping_submaps_trimmer_2d_test.dir/cartographer/mapping/internal/2d/overlapping_submaps_trimmer_2d_test.cc.o[0m
[66.768s] [ 78%] [32m[1mLinking CXX executable cartographer.common.lua_parameter_dictionary_test[0m
[66.912s] [ 79%] [32m[1mLinking CXX executable cartographer.common.math_test[0m
[66.920s] [ 79%] Built target cartographer.common.lua_parameter_dictionary_test
[66.932s] [35m[1mScanning dependencies of target cartographer.common.configuration_files_test[0m
[67.001s] [ 79%] [32mBuilding CXX object CMakeFiles/cartographer.common.configuration_files_test.dir/cartographer/common/configuration_files_test.cc.o[0m
[67.037s] [ 80%] [32m[1mLinking CXX executable cartographer.transform.transform_interpolation_buffer_test[0m
[67.052s] [ 80%] Built target cartographer.common.math_test
[67.056s] [ 80%] [32m[1mLinking CXX executable cartographer.mapping.internal.constraints.constraint_builder_3d_test[0m
[67.064s] [35m[1mScanning dependencies of target cartographer.mapping.internal.2d.scan_matching.correlative_scan_matcher_test[0m
[67.127s] [ 80%] [32mBuilding CXX object CMakeFiles/cartographer.mapping.internal.2d.scan_matching.correlative_scan_matcher_test.dir/cartographer/mapping/internal/2d/scan_matching/correlative_scan_matcher_test.cc.o[0m
[67.277s] [ 80%] Built target cartographer.transform.transform_interpolation_buffer_test
[67.300s] [35m[1mScanning dependencies of target cartographer.common.thread_pool_test[0m
[67.319s] [ 80%] [32m[1mLinking CXX executable cartographer.io.internal.in_memory_proto_stream_test[0m
[67.335s] [ 81%] [32mBuilding CXX object CMakeFiles/cartographer.common.thread_pool_test.dir/cartographer/common/thread_pool_test.cc.o[0m
[67.433s] [ 81%] Built target cartographer.mapping.internal.constraints.constraint_builder_3d_test
[67.447s] [35m[1mScanning dependencies of target cartographer.mapping.internal.2d.pose_graph_2d_test[0m
[67.523s] [ 81%] [32mBuilding CXX object CMakeFiles/cartographer.mapping.internal.2d.pose_graph_2d_test.dir/cartographer/mapping/internal/2d/pose_graph_2d_test.cc.o[0m
[67.542s] [ 81%] Built target cartographer.io.internal.in_memory_proto_stream_test
[67.555s] [35m[1mScanning dependencies of target cartographer.mapping.internal.3d.pose_graph_3d_test[0m
[67.625s] [ 82%] [32mBuilding CXX object CMakeFiles/cartographer.mapping.internal.3d.pose_graph_3d_test.dir/cartographer/mapping/internal/3d/pose_graph_3d_test.cc.o[0m
[67.700s] [ 82%] [32m[1mLinking CXX executable cartographer.mapping.internal.optimization.cost_functions.spa_cost_function_2d_test[0m
[67.866s] [ 82%] Built target cartographer.mapping.internal.optimization.cost_functions.spa_cost_function_2d_test
[67.883s] [35m[1mScanning dependencies of target cartographer.mapping.pose_graph_trimmer_test[0m
[67.949s] [ 82%] [32mBuilding CXX object CMakeFiles/cartographer.mapping.pose_graph_trimmer_test.dir/cartographer/mapping/pose_graph_trimmer_test.cc.o[0m
[70.364s] [ 83%] [32m[1mLinking CXX executable cartographer.mapping.id_test[0m
[70.513s] [ 83%] Built target cartographer.mapping.id_test
[70.526s] [35m[1mScanning dependencies of target cartographer.mapping.internal.2d.scan_matching.real_time_correlative_scan_matcher_2d_test[0m
[70.556s] [ 83%] [32m[1mLinking CXX executable cartographer.mapping.2d.submap_2d_test[0m
[70.582s] [ 84%] [32mBuilding CXX object CMakeFiles/cartographer.mapping.internal.2d.scan_matching.real_time_correlative_scan_matcher_2d_test.dir/cartographer/mapping/internal/2d/scan_matching/real_time_correlative_scan_matcher_2d_test.cc.o[0m
[70.584s] [ 84%] [32m[1mLinking CXX executable cartographer.common.thread_pool_test[0m
[70.747s] [ 84%] Built target cartographer.common.thread_pool_test
[70.759s] [35m[1mScanning dependencies of target cartographer.mapping.internal.range_data_collator_test[0m
[70.798s] [ 85%] [32m[1mLinking CXX executable cartographer.mapping.internal.3d.scan_matching.ceres_scan_matcher_3d_test[0m
[70.807s] [ 85%] Built target cartographer.mapping.2d.submap_2d_test
[70.817s] [ 85%] [32mBuilding CXX object CMakeFiles/cartographer.mapping.internal.range_data_collator_test.dir/cartographer/mapping/internal/range_data_collator_test.cc.o[0m
[70.817s] [35m[1mScanning dependencies of target cartographer.mapping.internal.3d.local_trajectory_builder_3d_test[0m
[70.888s] [ 85%] [32mBuilding CXX object CMakeFiles/cartographer.mapping.internal.3d.local_trajectory_builder_3d_test.dir/cartographer/mapping/internal/3d/local_trajectory_builder_3d_test.cc.o[0m
[71.031s] [ 85%] Built target cartographer.mapping.internal.3d.scan_matching.ceres_scan_matcher_3d_test
[71.045s] [35m[1mScanning dependencies of target cartographer.mapping.internal.3d.scan_matching.rotation_delta_cost_functor_3d_test[0m
[71.085s] [ 85%] [32mBuilding CXX object CMakeFiles/cartographer.mapping.internal.3d.scan_matching.rotation_delta_cost_functor_3d_test.dir/cartographer/mapping/internal/3d/scan_matching/rotation_delta_cost_functor_3d_test.cc.o[0m
[71.123s] [ 85%] [32m[1mLinking CXX executable cartographer.common.configuration_files_test[0m
[71.494s] [ 85%] Built target cartographer.common.configuration_files_test
[71.506s] [35m[1mScanning dependencies of target cartographer.mapping.internal.3d.scan_matching.interpolated_grid_test[0m
[71.559s] [ 86%] [32mBuilding CXX object CMakeFiles/cartographer.mapping.internal.3d.scan_matching.interpolated_grid_test.dir/cartographer/mapping/internal/3d/scan_matching/interpolated_grid_test.cc.o[0m
[71.671s] [ 87%] [32m[1mLinking CXX executable cartographer.mapping.internal.2d.scan_matching.correlative_scan_matcher_test[0m
[71.830s] [ 87%] Built target cartographer.mapping.internal.2d.scan_matching.correlative_scan_matcher_test
[71.843s] [35m[1mScanning dependencies of target cartographer.mapping.internal.3d.scan_matching.real_time_correlative_scan_matcher_3d_test[0m
[71.906s] [ 88%] [32mBuilding CXX object CMakeFiles/cartographer.mapping.internal.3d.scan_matching.real_time_correlative_scan_matcher_3d_test.dir/cartographer/mapping/internal/3d/scan_matching/real_time_correlative_scan_matcher_3d_test.cc.o[0m
[72.015s] [ 88%] [32m[1mLinking CXX executable cartographer.mapping.internal.optimization.optimization_problem_3d_test[0m
[72.242s] [ 88%] Built target cartographer.mapping.internal.optimization.optimization_problem_3d_test
[72.253s] [35m[1mScanning dependencies of target cartographer.sensor.internal.trajectory_collator_test[0m
[72.318s] [ 88%] [32mBuilding CXX object CMakeFiles/cartographer.sensor.internal.trajectory_collator_test.dir/cartographer/sensor/internal/trajectory_collator_test.cc.o[0m
[72.668s] [ 88%] [32m[1mLinking CXX executable cartographer.mapping.pose_graph_trimmer_test[0m
[72.812s] [ 88%] Built target cartographer.mapping.pose_graph_trimmer_test
[72.825s] [35m[1mScanning dependencies of target cartographer.mapping.internal.3d.scan_matching.precomputation_grid_3d_test[0m
[72.882s] [ 88%] [32mBuilding CXX object CMakeFiles/cartographer.mapping.internal.3d.scan_matching.precomputation_grid_3d_test.dir/cartographer/mapping/internal/3d/scan_matching/precomputation_grid_3d_test.cc.o[0m
[73.296s] [ 88%] [32m[1mLinking CXX executable cartographer.mapping.internal.3d.scan_matching.fast_correlative_scan_matcher_3d_test[0m
[73.481s] [ 88%] Built target cartographer.mapping.internal.3d.scan_matching.fast_correlative_scan_matcher_3d_test
[73.493s] [35m[1mScanning dependencies of target cartographer.mapping.probability_values_test[0m
[73.531s] [ 89%] [32mBuilding CXX object CMakeFiles/cartographer.mapping.probability_values_test.dir/cartographer/mapping/probability_values_test.cc.o[0m
[73.639s] [ 89%] [32m[1mLinking CXX executable cartographer.mapping.internal.2d.overlapping_submaps_trimmer_2d_test[0m
[73.870s] [ 89%] Built target cartographer.mapping.internal.2d.overlapping_submaps_trimmer_2d_test
[73.881s] [35m[1mScanning dependencies of target cartographer.mapping.map_builder_test[0m
[73.954s] [ 89%] [32mBuilding CXX object CMakeFiles/cartographer.mapping.map_builder_test.dir/cartographer/mapping/map_builder_test.cc.o[0m
[74.972s] [ 90%] [32m[1mLinking CXX executable cartographer.mapping.internal.3d.scan_matching.rotation_delta_cost_functor_3d_test[0m
[75.129s] [ 90%] Built target cartographer.mapping.internal.3d.scan_matching.rotation_delta_cost_functor_3d_test
[75.148s] [35m[1mScanning dependencies of target cartographer.sensor.map_by_time_test[0m
[75.176s] [ 90%] [32mBuilding CXX object CMakeFiles/cartographer.sensor.map_by_time_test.dir/cartographer/sensor/map_by_time_test.cc.o[0m
[75.186s] [ 90%] [32m[1mLinking CXX executable cartographer.mapping.internal.2d.scan_matching.real_time_correlative_scan_matcher_2d_test[0m
[75.387s] [ 90%] Built target cartographer.mapping.internal.2d.scan_matching.real_time_correlative_scan_matcher_2d_test
[75.402s] [35m[1mScanning dependencies of target cartographer.sensor.internal.ordered_multi_queue_test[0m
[75.459s] [ 91%] [32mBuilding CXX object CMakeFiles/cartographer.sensor.internal.ordered_multi_queue_test.dir/cartographer/sensor/internal/ordered_multi_queue_test.cc.o[0m
[75.994s] [ 91%] [32m[1mLinking CXX executable cartographer.mapping.internal.range_data_collator_test[0m
[76.144s] [ 91%] Built target cartographer.mapping.internal.range_data_collator_test
[76.157s] [35m[1mScanning dependencies of target cartographer.mapping.internal.3d.scan_matching.rotational_scan_matcher_test[0m
[76.213s] [ 91%] [32mBuilding CXX object CMakeFiles/cartographer.mapping.internal.3d.scan_matching.rotational_scan_matcher_test.dir/cartographer/mapping/internal/3d/scan_matching/rotational_scan_matcher_test.cc.o[0m
[76.257s] [ 91%] [32m[1mLinking CXX executable cartographer.mapping.internal.3d.pose_graph_3d_test[0m
[76.428s] [ 91%] [32m[1mLinking CXX executable cartographer.mapping.internal.3d.scan_matching.interpolated_grid_test[0m
[76.585s] [ 91%] Built target cartographer.mapping.internal.3d.scan_matching.interpolated_grid_test
[76.598s] [35m[1mScanning dependencies of target cartographer.sensor.compressed_point_cloud_test[0m
[76.629s] [ 91%] Built target cartographer.mapping.internal.3d.pose_graph_3d_test
[76.643s] [35m[1mScanning dependencies of target cartographer.mapping.internal.connected_components_test[0m
[76.660s] [ 91%] [32mBuilding CXX object CMakeFiles/cartographer.sensor.compressed_point_cloud_test.dir/cartographer/sensor/compressed_point_cloud_test.cc.o[0m
[76.714s] [ 91%] [32mBuilding CXX object CMakeFiles/cartographer.mapping.internal.connected_components_test.dir/cartographer/mapping/internal/connected_components_test.cc.o[0m
[77.029s] [ 91%] [32m[1mLinking CXX executable cartographer.mapping.probability_values_test[0m
[77.186s] [ 91%] Built target cartographer.mapping.probability_values_test
[77.198s] [35m[1mScanning dependencies of target cartographer.mapping.internal.2d.scan_matching.fast_correlative_scan_matcher_2d_test[0m
[77.260s] [ 91%] [32mBuilding CXX object CMakeFiles/cartographer.mapping.internal.2d.scan_matching.fast_correlative_scan_matcher_2d_test.dir/cartographer/mapping/internal/2d/scan_matching/fast_correlative_scan_matcher_2d_test.cc.o[0m
[77.853s] [ 91%] [32m[1mLinking CXX executable cartographer.mapping.internal.3d.scan_matching.precomputation_grid_3d_test[0m
[78.025s] [ 92%] [32m[1mLinking CXX executable cartographer.sensor.internal.trajectory_collator_test[0m
[78.038s] [ 93%] [32m[1mLinking CXX executable cartographer.mapping.internal.2d.pose_graph_2d_test[0m
[78.042s] [ 93%] Built target cartographer.mapping.internal.3d.scan_matching.precomputation_grid_3d_test
[78.055s] [35m[1mScanning dependencies of target cartographer.mapping.internal.constraints.constraint_builder_2d_test[0m
[78.129s] [ 93%] [32mBuilding CXX object CMakeFiles/cartographer.mapping.internal.constraints.constraint_builder_2d_test.dir/cartographer/mapping/internal/constraints/constraint_builder_2d_test.cc.o[0m
[78.204s] [ 93%] Built target cartographer.sensor.internal.trajectory_collator_test
[78.217s] [35m[1mScanning dependencies of target cartographer.transform.rigid_transform_test[0m
[78.279s] [ 94%] [32mBuilding CXX object CMakeFiles/cartographer.transform.rigid_transform_test.dir/cartographer/transform/rigid_transform_test.cc.o[0m
[78.382s] [ 94%] Built target cartographer.mapping.internal.2d.pose_graph_2d_test
[78.394s] [35m[1mScanning dependencies of target cartographer.common.task_test[0m
[78.421s] [ 94%] [32mBuilding CXX object CMakeFiles/cartographer.common.task_test.dir/cartographer/common/task_test.cc.o[0m
[78.494s] [ 94%] [32m[1mLinking CXX executable cartographer.mapping.internal.3d.scan_matching.real_time_correlative_scan_matcher_3d_test[0m
[78.662s] [ 94%] Built target cartographer.mapping.internal.3d.scan_matching.real_time_correlative_scan_matcher_3d_test
[78.674s] [35m[1mScanning dependencies of target cartographer.mapping.imu_tracker_test[0m
[78.688s] [ 94%] [32m[1mLinking CXX executable cartographer.sensor.map_by_time_test[0m
[78.727s] [ 94%] [32mBuilding CXX object CMakeFiles/cartographer.mapping.imu_tracker_test.dir/cartographer/mapping/imu_tracker_test.cc.o[0m
[78.833s] [ 94%] Built target cartographer.sensor.map_by_time_test
[78.846s] [35m[1mScanning dependencies of target cartographer.mapping.internal.optimization.cost_functions.landmark_cost_function_2d_test[0m
[78.913s] [ 94%] [32mBuilding CXX object CMakeFiles/cartographer.mapping.internal.optimization.cost_functions.landmark_cost_function_2d_test.dir/cartographer/mapping/internal/optimization/cost_functions/landmark_cost_function_2d_test.cc.o[0m
[79.167s] [ 94%] [32m[1mLinking CXX executable cartographer.mapping.internal.3d.local_trajectory_builder_3d_test[0m
[79.452s] [ 94%] Built target cartographer.mapping.internal.3d.local_trajectory_builder_3d_test
[79.463s] [35m[1mScanning dependencies of target cartographer.sensor.internal.collator_test[0m
[79.530s] [ 94%] [32mBuilding CXX object CMakeFiles/cartographer.sensor.internal.collator_test.dir/cartographer/sensor/internal/collator_test.cc.o[0m
[80.351s] [ 94%] [32m[1mLinking CXX executable cartographer.mapping.internal.3d.scan_matching.rotational_scan_matcher_test[0m
[80.381s] [ 94%] [32m[1mLinking CXX executable cartographer.sensor.internal.ordered_multi_queue_test[0m
[80.396s] [ 95%] [32m[1mLinking CXX executable cartographer.mapping.map_builder_test[0m
[80.539s] [ 95%] Built target cartographer.mapping.internal.3d.scan_matching.rotational_scan_matcher_test
[80.552s] [ 95%] Built target cartographer.sensor.internal.ordered_multi_queue_test
[80.554s] [35m[1mScanning dependencies of target cartographer.mapping.2d.xy_index_test[0m
[80.565s] [35m[1mScanning dependencies of target cartographer.mapping.internal.optimization.cost_functions.landmark_cost_function_3d_test[0m
[80.596s] [ 95%] [32mBuilding CXX object CMakeFiles/cartographer.mapping.2d.xy_index_test.dir/cartographer/mapping/2d/xy_index_test.cc.o[0m
[80.637s] [ 95%] [32mBuilding CXX object CMakeFiles/cartographer.mapping.internal.optimization.cost_functions.landmark_cost_function_3d_test.dir/cartographer/mapping/internal/optimization/cost_functions/landmark_cost_function_3d_test.cc.o[0m
[80.805s] [ 95%] Built target cartographer.mapping.map_builder_test
[80.816s] [35m[1mScanning dependencies of target cartographer.mapping.internal.trajectory_connectivity_state_test[0m
[80.912s] [ 96%] [32mBuilding CXX object CMakeFiles/cartographer.mapping.internal.trajectory_connectivity_state_test.dir/cartographer/mapping/internal/trajectory_connectivity_state_test.cc.o[0m
[81.279s] [ 97%] [32m[1mLinking CXX executable cartographer.mapping.internal.connected_components_test[0m
[81.439s] [ 97%] Built target cartographer.mapping.internal.connected_components_test
[81.450s] [35m[1mScanning dependencies of target cartographer.mapping.pose_extrapolator_test[0m
[81.507s] [ 97%] [32mBuilding CXX object CMakeFiles/cartographer.mapping.pose_extrapolator_test.dir/cartographer/mapping/pose_extrapolator_test.cc.o[0m
[82.581s] [ 98%] [32m[1mLinking CXX executable cartographer.sensor.compressed_point_cloud_test[0m
[82.764s] [ 98%] Built target cartographer.sensor.compressed_point_cloud_test
[83.336s] [ 98%] [32m[1mLinking CXX executable cartographer.common.task_test[0m
[83.484s] [ 98%] Built target cartographer.common.task_test
[84.147s] [ 98%] [32m[1mLinking CXX executable cartographer.mapping.2d.xy_index_test[0m
[84.153s] [ 98%] [32m[1mLinking CXX executable cartographer.mapping.internal.2d.scan_matching.fast_correlative_scan_matcher_2d_test[0m
[84.256s] [ 98%] Built target cartographer.mapping.2d.xy_index_test
[84.331s] [ 98%] Built target cartographer.mapping.internal.2d.scan_matching.fast_correlative_scan_matcher_2d_test
[84.894s] [ 98%] [32m[1mLinking CXX executable cartographer.mapping.internal.trajectory_connectivity_state_test[0m
[85.055s] [ 98%] Built target cartographer.mapping.internal.trajectory_connectivity_state_test
[85.171s] [ 98%] [32m[1mLinking CXX executable cartographer.sensor.internal.collator_test[0m
[85.266s] [ 98%] Built target cartographer.sensor.internal.collator_test
[85.374s] [ 98%] [32m[1mLinking CXX executable cartographer.mapping.internal.constraints.constraint_builder_2d_test[0m
[85.565s] [ 98%] Built target cartographer.mapping.internal.constraints.constraint_builder_2d_test
[86.358s] [ 98%] [32m[1mLinking CXX executable cartographer.mapping.internal.optimization.cost_functions.landmark_cost_function_2d_test[0m
[86.451s] [ 98%] Built target cartographer.mapping.internal.optimization.cost_functions.landmark_cost_function_2d_test
[86.912s] [ 98%] [32m[1mLinking CXX executable cartographer.transform.rigid_transform_test[0m
[86.994s] [ 98%] Built target cartographer.transform.rigid_transform_test
[87.370s] [100%] [32m[1mLinking CXX executable cartographer.mapping.internal.optimization.cost_functions.landmark_cost_function_3d_test[0m
[87.448s] [100%] Built target cartographer.mapping.internal.optimization.cost_functions.landmark_cost_function_3d_test
[87.996s] [100%] [32m[1mLinking CXX executable cartographer.mapping.imu_tracker_test[0m
[88.068s] [100%] Built target cartographer.mapping.imu_tracker_test
[92.351s] [100%] [32m[1mLinking CXX executable cartographer.mapping.pose_extrapolator_test[0m
[92.442s] [100%] Built target cartographer.mapping.pose_extrapolator_test
