[0.074s] Invoking command in '/home/chaung/f_ws/build/rtabmap': CMAKE_PREFIX_PATH=/home/chaung/f_ws/install/sllidar_ros2:/home/chaung/f_ws/install/slam_gmapping:/home/chaung/f_ws/install/rtabmap_ros:/home/chaung/f_ws/install/rtabmap_launch:/home/chaung/f_ws/install/rtabmap_examples:/home/chaung/f_ws/install/rtabmap_demos:/home/chaung/f_ws/install/rtabmap_viz:/home/chaung/f_ws/install/rtabmap_slam:/home/chaung/f_ws/install/rtabmap_odom:/home/chaung/f_ws/install/rtabmap_util:/home/chaung/f_ws/install/rtabmap_sync:/home/chaung/f_ws/install/rtabmap_rviz_plugins:/home/chaung/f_ws/install/rtabmap_conversions:/home/chaung/f_ws/install/rtabmap_python:/home/chaung/f_ws/install/bno055:/opt/ros/foxy:/home/chaung/f_ws/install/rtabmap_msgs:/home/chaung/f_ws/install/rtabmap:/home/chaung/f_ws/install/openslam_gmapping:/home/chaung/f_ws/install/hls_lfcd_lds_driver:/home/chaung/f_ws/install/dynamixel_sdk_examples:/home/chaung/f_ws/install/dynamixel_sdk_custom_interfaces:/home/chaung/f_ws/install/dynamixel_sdk /usr/bin/cmake --build /home/chaung/f_ws/build/rtabmap -- -j12 -l12
[0.498s] [  4%] Built target rtabmap_utilite
[0.498s] [  5%] Built target res_tool
[0.498s] [ 41%] Built target rtabmap_core
[0.499s] [ 42%] Built target imagesJoiner
[0.499s] [ 42%] Built target camera
[0.500s] [ 42%] Built target extractObject
[0.500s] [ 43%] Built target stereoEval
[0.500s] [ 44%] Built target kitti_dataset
[0.500s] [ 45%] Built target consoleApp
[0.500s] [ 46%] Built target euroc_dataset
[0.500s] [ 46%] Built target rgbd_dataset
[0.500s] [ 48%] Built target recovery
[0.500s] [ 48%] Built target reprocess
[0.500s] [ 48%] Built target detectMoreLoopClosures
[0.500s] [ 50%] Built target export
[0.500s] [ 50%] Built target globalBundleAdjustment
[0.500s] [ 50%] Built target info
[0.500s] [ 51%] Built target cleanupLocalGrids
[0.553s] [ 90%] Built target rtabmap_gui
[0.644s] [ 91%] Built target rgbd_camera
[0.646s] [ 91%] Built target rtabmap_app
[0.652s] [ 92%] Built target databaseViewer
[0.662s] [ 92%] Built target epipolar_geometry
[0.662s] [ 93%] Built target report
[0.662s] [ 94%] Built target calibration
[0.662s] [ 94%] Built target dataRecorder
[0.663s] [ 94%] Built target odometryViewer
[0.664s] [ 94%] Built target matcher
[0.670s] [ 94%] Built target bow_mapping
[0.711s] [ 96%] Built target wifi_mapping
[0.717s] [ 98%] Built target noEventsExample
[0.718s] [100%] Built target rgbd_mapping
[0.733s] Invoked command in '/home/chaung/f_ws/build/rtabmap' returned '0': CMAKE_PREFIX_PATH=/home/chaung/f_ws/install/sllidar_ros2:/home/chaung/f_ws/install/slam_gmapping:/home/chaung/f_ws/install/rtabmap_ros:/home/chaung/f_ws/install/rtabmap_launch:/home/chaung/f_ws/install/rtabmap_examples:/home/chaung/f_ws/install/rtabmap_demos:/home/chaung/f_ws/install/rtabmap_viz:/home/chaung/f_ws/install/rtabmap_slam:/home/chaung/f_ws/install/rtabmap_odom:/home/chaung/f_ws/install/rtabmap_util:/home/chaung/f_ws/install/rtabmap_sync:/home/chaung/f_ws/install/rtabmap_rviz_plugins:/home/chaung/f_ws/install/rtabmap_conversions:/home/chaung/f_ws/install/rtabmap_python:/home/chaung/f_ws/install/bno055:/opt/ros/foxy:/home/chaung/f_ws/install/rtabmap_msgs:/home/chaung/f_ws/install/rtabmap:/home/chaung/f_ws/install/openslam_gmapping:/home/chaung/f_ws/install/hls_lfcd_lds_driver:/home/chaung/f_ws/install/dynamixel_sdk_examples:/home/chaung/f_ws/install/dynamixel_sdk_custom_interfaces:/home/chaung/f_ws/install/dynamixel_sdk /usr/bin/cmake --build /home/chaung/f_ws/build/rtabmap -- -j12 -l12
[0.783s] Invoking command in '/home/chaung/f_ws/build/rtabmap': CMAKE_PREFIX_PATH=/home/chaung/f_ws/install/sllidar_ros2:/home/chaung/f_ws/install/slam_gmapping:/home/chaung/f_ws/install/rtabmap_ros:/home/chaung/f_ws/install/rtabmap_launch:/home/chaung/f_ws/install/rtabmap_examples:/home/chaung/f_ws/install/rtabmap_demos:/home/chaung/f_ws/install/rtabmap_viz:/home/chaung/f_ws/install/rtabmap_slam:/home/chaung/f_ws/install/rtabmap_odom:/home/chaung/f_ws/install/rtabmap_util:/home/chaung/f_ws/install/rtabmap_sync:/home/chaung/f_ws/install/rtabmap_rviz_plugins:/home/chaung/f_ws/install/rtabmap_conversions:/home/chaung/f_ws/install/rtabmap_python:/home/chaung/f_ws/install/bno055:/opt/ros/foxy:/home/chaung/f_ws/install/rtabmap_msgs:/home/chaung/f_ws/install/rtabmap:/home/chaung/f_ws/install/openslam_gmapping:/home/chaung/f_ws/install/hls_lfcd_lds_driver:/home/chaung/f_ws/install/dynamixel_sdk_examples:/home/chaung/f_ws/install/dynamixel_sdk_custom_interfaces:/home/chaung/f_ws/install/dynamixel_sdk /usr/bin/cmake --install /home/chaung/f_ws/build/rtabmap
[0.791s] -- Install configuration: "Release"
[0.791s] -- Up-to-date: /home/chaung/f_ws/install/rtabmap/lib/rtabmap-0.21/RTABMapTargets.cmake
[0.791s] -- Up-to-date: /home/chaung/f_ws/install/rtabmap/lib/rtabmap-0.21/RTABMapConfig.cmake
[0.791s] -- Up-to-date: /home/chaung/f_ws/install/rtabmap/lib/rtabmap-0.21/RTABMapConfigVersion.cmake
[0.791s] -- Up-to-date: /home/chaung/f_ws/install/rtabmap/share/rtabmap/package.xml
[0.792s] -- Up-to-date: /home/chaung/f_ws/install/rtabmap/lib/librtabmap_utilite.so.0.21.1
[0.792s] -- Up-to-date: /home/chaung/f_ws/install/rtabmap/lib/librtabmap_utilite.so.0.21
[0.792s] -- Up-to-date: /home/chaung/f_ws/install/rtabmap/lib/librtabmap_utilite.so
[0.792s] -- Up-to-date: /home/chaung/f_ws/install/rtabmap/include/rtabmap-0.21/rtabmap
[0.792s] -- Up-to-date: /home/chaung/f_ws/install/rtabmap/include/rtabmap-0.21/rtabmap/utilite
[0.793s] -- Up-to-date: /home/chaung/f_ws/install/rtabmap/include/rtabmap-0.21/rtabmap/utilite/UTimer.h
[0.793s] -- Up-to-date: /home/chaung/f_ws/install/rtabmap/include/rtabmap-0.21/rtabmap/utilite/Win32
[0.793s] -- Up-to-date: /home/chaung/f_ws/install/rtabmap/include/rtabmap-0.21/rtabmap/utilite/Win32/UThreadC.h
[0.793s] -- Up-to-date: /home/chaung/f_ws/install/rtabmap/include/rtabmap-0.21/rtabmap/utilite/Win32/UWin32.h
[0.793s] -- Up-to-date: /home/chaung/f_ws/install/rtabmap/include/rtabmap-0.21/rtabmap/utilite/UProcessInfo.h
[0.793s] -- Up-to-date: /home/chaung/f_ws/install/rtabmap/include/rtabmap-0.21/rtabmap/utilite/UFile.h
[0.794s] -- Up-to-date: /home/chaung/f_ws/install/rtabmap/include/rtabmap-0.21/rtabmap/utilite/UMutex.h
[0.794s] -- Up-to-date: /home/chaung/f_ws/install/rtabmap/include/rtabmap-0.21/rtabmap/utilite/UThreadC.h
[0.794s] -- Up-to-date: /home/chaung/f_ws/install/rtabmap/include/rtabmap-0.21/rtabmap/utilite/UMath.h
[0.794s] -- Up-to-date: /home/chaung/f_ws/install/rtabmap/include/rtabmap-0.21/rtabmap/utilite/UEventsManager.h
[0.794s] -- Up-to-date: /home/chaung/f_ws/install/rtabmap/include/rtabmap-0.21/rtabmap/utilite/USemaphore.h
[0.794s] -- Up-to-date: /home/chaung/f_ws/install/rtabmap/include/rtabmap-0.21/rtabmap/utilite/UDestroyer.h
[0.794s] -- Up-to-date: /home/chaung/f_ws/install/rtabmap/include/rtabmap-0.21/rtabmap/utilite/UVariant.h
[0.795s] -- Up-to-date: /home/chaung/f_ws/install/rtabmap/include/rtabmap-0.21/rtabmap/utilite/UConversion.h
[0.795s] -- Up-to-date: /home/chaung/f_ws/install/rtabmap/include/rtabmap-0.21/rtabmap/utilite/UStl.h
[0.795s] -- Up-to-date: /home/chaung/f_ws/install/rtabmap/include/rtabmap-0.21/rtabmap/utilite/UEventsHandler.h
[0.795s] -- Up-to-date: /home/chaung/f_ws/install/rtabmap/include/rtabmap-0.21/rtabmap/utilite/UtiLite.h
[0.795s] -- Up-to-date: /home/chaung/f_ws/install/rtabmap/include/rtabmap-0.21/rtabmap/utilite/UException.h
[0.795s] -- Up-to-date: /home/chaung/f_ws/install/rtabmap/include/rtabmap-0.21/rtabmap/utilite/UObjDeletionThread.h
[0.795s] -- Up-to-date: /home/chaung/f_ws/install/rtabmap/include/rtabmap-0.21/rtabmap/utilite/UEventsSender.h
[0.795s] -- Up-to-date: /home/chaung/f_ws/install/rtabmap/include/rtabmap-0.21/rtabmap/utilite/UThreadNode.h
[0.796s] -- Up-to-date: /home/chaung/f_ws/install/rtabmap/include/rtabmap-0.21/rtabmap/utilite/UDirectory.h
[0.796s] -- Up-to-date: /home/chaung/f_ws/install/rtabmap/include/rtabmap-0.21/rtabmap/utilite/Posix
[0.796s] -- Up-to-date: /home/chaung/f_ws/install/rtabmap/include/rtabmap-0.21/rtabmap/utilite/Posix/UThreadC.h
[0.796s] -- Up-to-date: /home/chaung/f_ws/install/rtabmap/include/rtabmap-0.21/rtabmap/utilite/ULogger.h
[0.796s] -- Up-to-date: /home/chaung/f_ws/install/rtabmap/include/rtabmap-0.21/rtabmap/utilite/UThread.h
[0.796s] -- Up-to-date: /home/chaung/f_ws/install/rtabmap/include/rtabmap-0.21/rtabmap/utilite/UEvent.h
[0.796s] -- Up-to-date: /home/chaung/f_ws/install/rtabmap/include/rtabmap-0.21/rtabmap
[0.796s] -- Up-to-date: /home/chaung/f_ws/install/rtabmap/include/rtabmap-0.21/rtabmap/utilite
[0.796s] -- Up-to-date: /home/chaung/f_ws/install/rtabmap/include/rtabmap-0.21/rtabmap/utilite/utilite_export.h
[0.796s] -- Up-to-date: /home/chaung/f_ws/install/rtabmap/lib/rtabmap-0.21/RTABMap_utiliteTargets.cmake
[0.797s] -- Up-to-date: /home/chaung/f_ws/install/rtabmap/lib/rtabmap-0.21/RTABMap_utiliteTargets-release.cmake
[0.797s] -- Up-to-date: /home/chaung/f_ws/install/rtabmap/bin/rtabmap-res_tool-0.3.0
[0.797s] -- Up-to-date: /home/chaung/f_ws/install/rtabmap/bin/rtabmap-res_tool
[0.797s] -- Up-to-date: /home/chaung/f_ws/install/rtabmap/lib/librtabmap_core.so.0.21.1
[0.797s] -- Up-to-date: /home/chaung/f_ws/install/rtabmap/lib/librtabmap_core.so.0.21
[0.797s] -- Up-to-date: /home/chaung/f_ws/install/rtabmap/lib/librtabmap_core.so
[0.797s] -- Up-to-date: /home/chaung/f_ws/install/rtabmap/include/rtabmap-0.21/rtabmap
[0.797s] -- Up-to-date: /home/chaung/f_ws/install/rtabmap/include/rtabmap-0.21/rtabmap/core
[0.797s] -- Up-to-date: /home/chaung/f_ws/install/rtabmap/include/rtabmap-0.21/rtabmap/core/OdometryInfo.h
[0.797s] -- Up-to-date: /home/chaung/f_ws/install/rtabmap/include/rtabmap-0.21/rtabmap/core/CameraRGB.h
[0.797s] -- Up-to-date: /home/chaung/f_ws/install/rtabmap/include/rtabmap-0.21/rtabmap/core/Landmark.h
[0.797s] -- Up-to-date: /home/chaung/f_ws/install/rtabmap/include/rtabmap-0.21/rtabmap/core/SensorData.h
[0.797s] -- Up-to-date: /home/chaung/f_ws/install/rtabmap/include/rtabmap-0.21/rtabmap/core/util3d_filtering.h
[0.798s] -- Up-to-date: /home/chaung/f_ws/install/rtabmap/include/rtabmap-0.21/rtabmap/core/Odometry.h
[0.798s] -- Up-to-date: /home/chaung/f_ws/install/rtabmap/include/rtabmap-0.21/rtabmap/core/CameraModel.h
[0.798s] -- Up-to-date: /home/chaung/f_ws/install/rtabmap/include/rtabmap-0.21/rtabmap/core/ParamEvent.h
[0.798s] -- Up-to-date: /home/chaung/f_ws/install/rtabmap/include/rtabmap-0.21/rtabmap/core/util3d_transforms.h
[0.798s] -- Up-to-date: /home/chaung/f_ws/install/rtabmap/include/rtabmap-0.21/rtabmap/core/util3d_registration.h
[0.798s] -- Up-to-date: /home/chaung/f_ws/install/rtabmap/include/rtabmap-0.21/rtabmap/core/ParticleFilter.h
[0.798s] -- Up-to-date: /home/chaung/f_ws/install/rtabmap/include/rtabmap-0.21/rtabmap/core/stereo
[0.798s] -- Up-to-date: /home/chaung/f_ws/install/rtabmap/include/rtabmap-0.21/rtabmap/core/stereo/StereoBM.h
[0.798s] -- Up-to-date: /home/chaung/f_ws/install/rtabmap/include/rtabmap-0.21/rtabmap/core/stereo/StereoSGBM.h
[0.798s] -- Up-to-date: /home/chaung/f_ws/install/rtabmap/include/rtabmap-0.21/rtabmap/core/stereo/stereoRectifyFisheye.h
[0.798s] -- Up-to-date: /home/chaung/f_ws/install/rtabmap/include/rtabmap-0.21/rtabmap/core/VWDictionary.h
[0.798s] -- Up-to-date: /home/chaung/f_ws/install/rtabmap/include/rtabmap-0.21/rtabmap/core/EnvSensor.h
[0.798s] -- Up-to-date: /home/chaung/f_ws/install/rtabmap/include/rtabmap-0.21/rtabmap/core/OctoMap.h
[0.799s] -- Up-to-date: /home/chaung/f_ws/install/rtabmap/include/rtabmap-0.21/rtabmap/core/util2d.h
[0.799s] -- Up-to-date: /home/chaung/f_ws/install/rtabmap/include/rtabmap-0.21/rtabmap/core/OccupancyGrid.h
[0.799s] -- Up-to-date: /home/chaung/f_ws/install/rtabmap/include/rtabmap-0.21/rtabmap/core/BayesFilter.h
[0.799s] -- Up-to-date: /home/chaung/f_ws/install/rtabmap/include/rtabmap-0.21/rtabmap/core/impl
[0.799s] -- Up-to-date: /home/chaung/f_ws/install/rtabmap/include/rtabmap-0.21/rtabmap/core/impl/util3d_mapping.hpp
[0.799s] -- Up-to-date: /home/chaung/f_ws/install/rtabmap/include/rtabmap-0.21/rtabmap/core/impl/OccupancyGrid.hpp
[0.799s] -- Up-to-date: /home/chaung/f_ws/install/rtabmap/include/rtabmap-0.21/rtabmap/core/impl/util3d.hpp
[0.799s] -- Up-to-date: /home/chaung/f_ws/install/rtabmap/include/rtabmap-0.21/rtabmap/core/impl/util3d_surface.hpp
[0.799s] -- Up-to-date: /home/chaung/f_ws/install/rtabmap/include/rtabmap-0.21/rtabmap/core/MarkerDetector.h
[0.799s] -- Up-to-date: /home/chaung/f_ws/install/rtabmap/include/rtabmap-0.21/rtabmap/core/util3d.h
[0.801s] -- Up-to-date: /home/chaung/f_ws/install/rtabmap/include/rtabmap-0.21/rtabmap/core/PDALWriter.h
[0.803s] -- Up-to-date: /home/chaung/f_ws/install/rtabmap/include/rtabmap-0.21/rtabmap/core/GPS.h
[0.803s] -- Up-to-date: /home/chaung/f_ws/install/rtabmap/include/rtabmap-0.21/rtabmap/core/CameraInfo.h
[0.804s] -- Up-to-date: /home/chaung/f_ws/install/rtabmap/include/rtabmap-0.21/rtabmap/core/Registration.h
[0.804s] -- Up-to-date: /home/chaung/f_ws/install/rtabmap/include/rtabmap-0.21/rtabmap/core/UserDataEvent.h
[0.804s] -- Up-to-date: /home/chaung/f_ws/install/rtabmap/include/rtabmap-0.21/rtabmap/core/util3d_motion_estimation.h
[0.804s] -- Up-to-date: /home/chaung/f_ws/install/rtabmap/include/rtabmap-0.21/rtabmap/core/util3d_correspondences.h
[0.804s] -- Up-to-date: /home/chaung/f_ws/install/rtabmap/include/rtabmap-0.21/rtabmap/core/Link.h
[0.804s] -- Up-to-date: /home/chaung/f_ws/install/rtabmap/include/rtabmap-0.21/rtabmap/core/util3d_features.h
[0.804s] -- Up-to-date: /home/chaung/f_ws/install/rtabmap/include/rtabmap-0.21/rtabmap/core/RtabmapThread.h
[0.804s] -- Up-to-date: /home/chaung/f_ws/install/rtabmap/include/rtabmap-0.21/rtabmap/core/Parameters.h
[0.804s] -- Up-to-date: /home/chaung/f_ws/install/rtabmap/include/rtabmap-0.21/rtabmap/core/CameraRGBD.h
[0.805s] -- Up-to-date: /home/chaung/f_ws/install/rtabmap/include/rtabmap-0.21/rtabmap/core/util3d_mapping.h
[0.805s] -- Up-to-date: /home/chaung/f_ws/install/rtabmap/include/rtabmap-0.21/rtabmap/core/VisualWord.h
[0.805s] -- Up-to-date: /home/chaung/f_ws/install/rtabmap/include/rtabmap-0.21/rtabmap/core/RegistrationVis.h
[0.805s] -- Up-to-date: /home/chaung/f_ws/install/rtabmap/include/rtabmap-0.21/rtabmap/core/OdometryThread.h
[0.805s] -- Up-to-date: /home/chaung/f_ws/install/rtabmap/include/rtabmap-0.21/rtabmap/core/CameraThread.h
[0.805s] -- Up-to-date: /home/chaung/f_ws/install/rtabmap/include/rtabmap-0.21/rtabmap/core/IMU.h
[0.805s] -- Up-to-date: /home/chaung/f_ws/install/rtabmap/include/rtabmap-0.21/rtabmap/core/Transform.h
[0.805s] -- Up-to-date: /home/chaung/f_ws/install/rtabmap/include/rtabmap-0.21/rtabmap/core/Compression.h
[0.805s] -- Up-to-date: /home/chaung/f_ws/install/rtabmap/include/rtabmap-0.21/rtabmap/core/FlannIndex.h
[0.806s] -- Up-to-date: /home/chaung/f_ws/install/rtabmap/include/rtabmap-0.21/rtabmap/core/ProgressState.h
[0.806s] -- Up-to-date: /home/chaung/f_ws/install/rtabmap/include/rtabmap-0.21/rtabmap/core/StereoDense.h
[0.806s] -- Up-to-date: /home/chaung/f_ws/install/rtabmap/include/rtabmap-0.21/rtabmap/core/StereoCameraModel.h
[0.806s] -- Up-to-date: /home/chaung/f_ws/install/rtabmap/include/rtabmap-0.21/rtabmap/core/optimizer
[0.806s] -- Up-to-date: /home/chaung/f_ws/install/rtabmap/include/rtabmap-0.21/rtabmap/core/optimizer/OptimizerCeres.h
[0.806s] -- Up-to-date: /home/chaung/f_ws/install/rtabmap/include/rtabmap-0.21/rtabmap/core/optimizer/OptimizerCVSBA.h
[0.806s] -- Up-to-date: /home/chaung/f_ws/install/rtabmap/include/rtabmap-0.21/rtabmap/core/optimizer/OptimizerG2O.h
[0.806s] -- Up-to-date: /home/chaung/f_ws/install/rtabmap/include/rtabmap-0.21/rtabmap/core/optimizer/OptimizerGTSAM.h
[0.807s] -- Up-to-date: /home/chaung/f_ws/install/rtabmap/include/rtabmap-0.21/rtabmap/core/optimizer/OptimizerTORO.h
[0.807s] -- Up-to-date: /home/chaung/f_ws/install/rtabmap/include/rtabmap-0.21/rtabmap/core/GeodeticCoords.h
[0.807s] -- Up-to-date: /home/chaung/f_ws/install/rtabmap/include/rtabmap-0.21/rtabmap/core/GlobalDescriptor.h
[0.807s] -- Up-to-date: /home/chaung/f_ws/install/rtabmap/include/rtabmap-0.21/rtabmap/core/Rtabmap.h
[0.807s] -- Up-to-date: /home/chaung/f_ws/install/rtabmap/include/rtabmap-0.21/rtabmap/core/LaserScan.h
[0.807s] -- Up-to-date: /home/chaung/f_ws/install/rtabmap/include/rtabmap-0.21/rtabmap/core/Signature.h
[0.807s] -- Up-to-date: /home/chaung/f_ws/install/rtabmap/include/rtabmap-0.21/rtabmap/core/CameraEvent.h
[0.807s] -- Up-to-date: /home/chaung/f_ws/install/rtabmap/include/rtabmap-0.21/rtabmap/core/RtabmapEvent.h
[0.809s] -- Up-to-date: /home/chaung/f_ws/install/rtabmap/include/rtabmap-0.21/rtabmap/core/IMUThread.h
[0.809s] -- Up-to-date: /home/chaung/f_ws/install/rtabmap/include/rtabmap-0.21/rtabmap/core/DBReader.h
[0.809s] -- Up-to-date: /home/chaung/f_ws/install/rtabmap/include/rtabmap-0.21/rtabmap/core/RegistrationInfo.h
[0.809s] -- Up-to-date: /home/chaung/f_ws/install/rtabmap/include/rtabmap-0.21/rtabmap/core/Statistics.h
[0.809s] -- Up-to-date: /home/chaung/f_ws/install/rtabmap/include/rtabmap-0.21/rtabmap/core/Memory.h
[0.810s] -- Up-to-date: /home/chaung/f_ws/install/rtabmap/include/rtabmap-0.21/rtabmap/core/DBDriverSqlite3.h
[0.810s] -- Up-to-date: /home/chaung/f_ws/install/rtabmap/include/rtabmap-0.21/rtabmap/core/odometry
[0.810s] -- Up-to-date: /home/chaung/f_ws/install/rtabmap/include/rtabmap-0.21/rtabmap/core/odometry/OdometryDVO.h
[0.810s] -- Up-to-date: /home/chaung/f_ws/install/rtabmap/include/rtabmap-0.21/rtabmap/core/odometry/OdometryOkvis.h
[0.810s] -- Up-to-date: /home/chaung/f_ws/install/rtabmap/include/rtabmap-0.21/rtabmap/core/odometry/OdometryViso2.h
[0.810s] -- Up-to-date: /home/chaung/f_ws/install/rtabmap/include/rtabmap-0.21/rtabmap/core/odometry/OdometryLOAM.h
[0.811s] -- Up-to-date: /home/chaung/f_ws/install/rtabmap/include/rtabmap-0.21/rtabmap/core/odometry/OdometryMSCKF.h
[0.812s] -- Up-to-date: /home/chaung/f_ws/install/rtabmap/include/rtabmap-0.21/rtabmap/core/odometry/OdometryVINS.h
[0.812s] -- Up-to-date: /home/chaung/f_ws/install/rtabmap/include/rtabmap-0.21/rtabmap/core/odometry/OdometryF2M.h
[0.813s] -- Up-to-date: /home/chaung/f_ws/install/rtabmap/include/rtabmap-0.21/rtabmap/core/odometry/OdometryF2F.h
[0.813s] -- Up-to-date: /home/chaung/f_ws/install/rtabmap/include/rtabmap-0.21/rtabmap/core/odometry/OdometryOpenVINS.h
[0.813s] -- Up-to-date: /home/chaung/f_ws/install/rtabmap/include/rtabmap-0.21/rtabmap/core/odometry/OdometryFovis.h
[0.813s] -- Up-to-date: /home/chaung/f_ws/install/rtabmap/include/rtabmap-0.21/rtabmap/core/odometry/OdometryOpen3D.h
[0.814s] -- Up-to-date: /home/chaung/f_ws/install/rtabmap/include/rtabmap-0.21/rtabmap/core/odometry/OdometryORBSLAM.h
[0.814s] -- Up-to-date: /home/chaung/f_ws/install/rtabmap/include/rtabmap-0.21/rtabmap/core/odometry/OdometryMono.h
[0.814s] -- Up-to-date: /home/chaung/f_ws/install/rtabmap/include/rtabmap-0.21/rtabmap/core/odometry/OdometryFLOAM.h
[0.814s] -- Up-to-date: /home/chaung/f_ws/install/rtabmap/include/rtabmap-0.21/rtabmap/core/Graph.h
[0.814s] -- Up-to-date: /home/chaung/f_ws/install/rtabmap/include/rtabmap-0.21/rtabmap/core/camera
[0.815s] -- Up-to-date: /home/chaung/f_ws/install/rtabmap/include/rtabmap-0.21/rtabmap/core/camera/CameraStereoImages.h
[0.815s] -- Up-to-date: /home/chaung/f_ws/install/rtabmap/include/rtabmap-0.21/rtabmap/core/camera/CameraOpenNICV.h
[0.815s] -- Up-to-date: /home/chaung/f_ws/install/rtabmap/include/rtabmap-0.21/rtabmap/core/camera/CameraOpenNI2.h
[0.816s] -- Up-to-date: /home/chaung/f_ws/install/rtabmap/include/rtabmap-0.21/rtabmap/core/camera/CameraK4A.h
[0.817s] -- Up-to-date: /home/chaung/f_ws/install/rtabmap/include/rtabmap-0.21/rtabmap/core/camera/CameraRGBDImages.h
[0.817s] -- Up-to-date: /home/chaung/f_ws/install/rtabmap/include/rtabmap-0.21/rtabmap/core/camera/CameraStereoZedOC.h
[0.817s] -- Up-to-date: /home/chaung/f_ws/install/rtabmap/include/rtabmap-0.21/rtabmap/core/camera/CameraVideo.h
[0.818s] -- Up-to-date: /home/chaung/f_ws/install/rtabmap/include/rtabmap-0.21/rtabmap/core/camera/CameraRealSense2.h
[0.818s] -- Up-to-date: /home/chaung/f_ws/install/rtabmap/include/rtabmap-0.21/rtabmap/core/camera/CameraRealSense.h
[0.818s] -- Up-to-date: /home/chaung/f_ws/install/rtabmap/include/rtabmap-0.21/rtabmap/core/camera/CameraStereoDC1394.h
[0.818s] -- Up-to-date: /home/chaung/f_ws/install/rtabmap/include/rtabmap-0.21/rtabmap/core/camera/CameraMyntEye.h
[0.818s] -- Up-to-date: /home/chaung/f_ws/install/rtabmap/include/rtabmap-0.21/rtabmap/core/camera/CameraStereoTara.h
[0.818s] -- Up-to-date: /home/chaung/f_ws/install/rtabmap/include/rtabmap-0.21/rtabmap/core/camera/CameraStereoZed.h
[0.818s] -- Up-to-date: /home/chaung/f_ws/install/rtabmap/include/rtabmap-0.21/rtabmap/core/camera/CameraImages.h
[0.818s] -- Up-to-date: /home/chaung/f_ws/install/rtabmap/include/rtabmap-0.21/rtabmap/core/camera/CameraFreenect2.h
[0.819s] -- Up-to-date: /home/chaung/f_ws/install/rtabmap/include/rtabmap-0.21/rtabmap/core/camera/CameraK4W2.h
[0.819s] -- Up-to-date: /home/chaung/f_ws/install/rtabmap/include/rtabmap-0.21/rtabmap/core/camera/CameraStereoFlyCapture2.h
[0.819s] -- Up-to-date: /home/chaung/f_ws/install/rtabmap/include/rtabmap-0.21/rtabmap/core/camera/CameraDepthAI.h
[0.819s] -- Up-to-date: /home/chaung/f_ws/install/rtabmap/include/rtabmap-0.21/rtabmap/core/camera/CameraOpenni.h
[0.819s] -- Up-to-date: /home/chaung/f_ws/install/rtabmap/include/rtabmap-0.21/rtabmap/core/camera/CameraStereoVideo.h
[0.819s] -- Up-to-date: /home/chaung/f_ws/install/rtabmap/include/rtabmap-0.21/rtabmap/core/camera/CameraFreenect.h
[0.819s] -- Up-to-date: /home/chaung/f_ws/install/rtabmap/include/rtabmap-0.21/rtabmap/core/Recovery.h
[0.819s] -- Up-to-date: /home/chaung/f_ws/install/rtabmap/include/rtabmap-0.21/rtabmap/core/CameraStereo.h
[0.819s] -- Up-to-date: /home/chaung/f_ws/install/rtabmap/include/rtabmap-0.21/rtabmap/core/clams
[0.819s] -- Up-to-date: /home/chaung/f_ws/install/rtabmap/include/rtabmap-0.21/rtabmap/core/clams/discrete_depth_distortion_model.h
[0.819s] -- Up-to-date: /home/chaung/f_ws/install/rtabmap/include/rtabmap-0.21/rtabmap/core/clams/frame_projector.h
[0.819s] -- Up-to-date: /home/chaung/f_ws/install/rtabmap/include/rtabmap-0.21/rtabmap/core/clams/slam_calibrator.h
[0.819s] -- Up-to-date: /home/chaung/f_ws/install/rtabmap/include/rtabmap-0.21/rtabmap/core/PythonInterface.h
[0.819s] -- Up-to-date: /home/chaung/f_ws/install/rtabmap/include/rtabmap-0.21/rtabmap/core/Features2d.h
[0.819s] -- Up-to-date: /home/chaung/f_ws/install/rtabmap/include/rtabmap-0.21/rtabmap/core/Camera.h
[0.820s] -- Up-to-date: /home/chaung/f_ws/install/rtabmap/include/rtabmap-0.21/rtabmap/core/Stereo.h
[0.820s] -- Up-to-date: /home/chaung/f_ws/install/rtabmap/include/rtabmap-0.21/rtabmap/core/EpipolarGeometry.h
[0.820s] -- Up-to-date: /home/chaung/f_ws/install/rtabmap/include/rtabmap-0.21/rtabmap/core/OdometryEvent.h
[0.820s] -- Up-to-date: /home/chaung/f_ws/install/rtabmap/include/rtabmap-0.21/rtabmap/core/Image.h
[0.820s] -- Up-to-date: /home/chaung/f_ws/install/rtabmap/include/rtabmap-0.21/rtabmap/core/Optimizer.h
[0.820s] -- Up-to-date: /home/chaung/f_ws/install/rtabmap/include/rtabmap-0.21/rtabmap/core/GainCompensator.h
[0.820s] -- Up-to-date: /home/chaung/f_ws/install/rtabmap/include/rtabmap-0.21/rtabmap/core/RegistrationIcp.h
[0.820s] -- Up-to-date: /home/chaung/f_ws/install/rtabmap/include/rtabmap-0.21/rtabmap/core/util3d_surface.h
[0.820s] -- Up-to-date: /home/chaung/f_ws/install/rtabmap/include/rtabmap-0.21/rtabmap/core/IMUFilter.h
[0.820s] -- Up-to-date: /home/chaung/f_ws/install/rtabmap/include/rtabmap-0.21/rtabmap/core/DBDriver.h
[0.820s] -- Up-to-date: /home/chaung/f_ws/install/rtabmap/include/rtabmap-0.21/rtabmap
[0.821s] -- Up-to-date: /home/chaung/f_ws/install/rtabmap/include/rtabmap-0.21/rtabmap/core
[0.821s] -- Up-to-date: /home/chaung/f_ws/install/rtabmap/include/rtabmap-0.21/rtabmap/core/rtabmap_core_export.h
[0.821s] -- Up-to-date: /home/chaung/f_ws/install/rtabmap/include/rtabmap-0.21/rtabmap/core/Version.h
[0.821s] -- Up-to-date: /home/chaung/f_ws/install/rtabmap/lib/rtabmap-0.21/RTABMap_coreTargets.cmake
[0.821s] -- Up-to-date: /home/chaung/f_ws/install/rtabmap/lib/rtabmap-0.21/RTABMap_coreTargets-release.cmake
[0.821s] -- Up-to-date: /home/chaung/f_ws/install/rtabmap/lib/librtabmap_gui.so.0.21.1
[0.821s] -- Up-to-date: /home/chaung/f_ws/install/rtabmap/lib/librtabmap_gui.so.0.21
[0.821s] -- Up-to-date: /home/chaung/f_ws/install/rtabmap/lib/librtabmap_gui.so
[0.821s] -- Up-to-date: /home/chaung/f_ws/install/rtabmap/include/rtabmap-0.21/rtabmap
[0.821s] -- Up-to-date: /home/chaung/f_ws/install/rtabmap/include/rtabmap-0.21/rtabmap/gui
[0.822s] -- Up-to-date: /home/chaung/f_ws/install/rtabmap/include/rtabmap-0.21/rtabmap/gui/PostProcessingDialog.h
[0.822s] -- Up-to-date: /home/chaung/f_ws/install/rtabmap/include/rtabmap-0.21/rtabmap/gui/ParametersToolBox.h
[0.822s] -- Up-to-date: /home/chaung/f_ws/install/rtabmap/include/rtabmap-0.21/rtabmap/gui/EditConstraintDialog.h
[0.822s] -- Up-to-date: /home/chaung/f_ws/install/rtabmap/include/rtabmap-0.21/rtabmap/gui/CameraViewer.h
[0.822s] -- Up-to-date: /home/chaung/f_ws/install/rtabmap/include/rtabmap-0.21/rtabmap/gui/PdfPlot.h
[0.822s] -- Up-to-date: /home/chaung/f_ws/install/rtabmap/include/rtabmap-0.21/rtabmap/gui/ConsoleWidget.h
[0.822s] -- Up-to-date: /home/chaung/f_ws/install/rtabmap/include/rtabmap-0.21/rtabmap/gui/CreateSimpleCalibrationDialog.h
[0.822s] -- Up-to-date: /home/chaung/f_ws/install/rtabmap/include/rtabmap-0.21/rtabmap/gui/CloudViewer.h
[0.822s] -- Up-to-date: /home/chaung/f_ws/install/rtabmap/include/rtabmap-0.21/rtabmap/gui/StatsToolBox.h
[0.822s] -- Up-to-date: /home/chaung/f_ws/install/rtabmap/include/rtabmap-0.21/rtabmap/gui/DatabaseViewer.h
[0.822s] -- Up-to-date: /home/chaung/f_ws/install/rtabmap/include/rtabmap-0.21/rtabmap/gui/LoopClosureViewer.h
[0.823s] -- Up-to-date: /home/chaung/f_ws/install/rtabmap/include/rtabmap-0.21/rtabmap/gui/CalibrationDialog.h
[0.823s] -- Up-to-date: /home/chaung/f_ws/install/rtabmap/include/rtabmap-0.21/rtabmap/gui/MultiSessionLocWidget.h
[0.823s] -- Up-to-date: /home/chaung/f_ws/install/rtabmap/include/rtabmap-0.21/rtabmap/gui/ExportDialog.h
[0.823s] -- Up-to-date: /home/chaung/f_ws/install/rtabmap/include/rtabmap-0.21/rtabmap/gui/DepthCalibrationDialog.h
[0.823s] -- Up-to-date: /home/chaung/f_ws/install/rtabmap/include/rtabmap-0.21/rtabmap/gui/TexturingState.h
[0.823s] -- Up-to-date: /home/chaung/f_ws/install/rtabmap/include/rtabmap-0.21/rtabmap/gui/MultiSessionLocSubView.h
[0.823s] -- Up-to-date: /home/chaung/f_ws/install/rtabmap/include/rtabmap-0.21/rtabmap/gui/KeypointItem.h
[0.823s] -- Up-to-date: /home/chaung/f_ws/install/rtabmap/include/rtabmap-0.21/rtabmap/gui/ImageView.h
[0.823s] -- Up-to-date: /home/chaung/f_ws/install/rtabmap/include/rtabmap-0.21/rtabmap/gui/AboutDialog.h
[0.823s] -- Up-to-date: /home/chaung/f_ws/install/rtabmap/include/rtabmap-0.21/rtabmap/gui/RecoveryState.h
[0.823s] -- Up-to-date: /home/chaung/f_ws/install/rtabmap/include/rtabmap-0.21/rtabmap/gui/DataRecorder.h
[0.824s] -- Up-to-date: /home/chaung/f_ws/install/rtabmap/include/rtabmap-0.21/rtabmap/gui/ExportBundlerDialog.h
[0.824s] -- Up-to-date: /home/chaung/f_ws/install/rtabmap/include/rtabmap-0.21/rtabmap/gui/CloudViewerCellPicker.h
[0.824s] -- Up-to-date: /home/chaung/f_ws/install/rtabmap/include/rtabmap-0.21/rtabmap/gui/CloudViewerInteractorStyle.h
[0.824s] -- Up-to-date: /home/chaung/f_ws/install/rtabmap/include/rtabmap-0.21/rtabmap/gui/ProgressDialog.h
[0.825s] -- Up-to-date: /home/chaung/f_ws/install/rtabmap/include/rtabmap-0.21/rtabmap/gui/EditDepthArea.h
[0.825s] -- Up-to-date: /home/chaung/f_ws/install/rtabmap/include/rtabmap-0.21/rtabmap/gui/PreferencesDialog.h
[0.825s] -- Up-to-date: /home/chaung/f_ws/install/rtabmap/include/rtabmap-0.21/rtabmap/gui/OdometryViewer.h
[0.825s] -- Up-to-date: /home/chaung/f_ws/install/rtabmap/include/rtabmap-0.21/rtabmap/gui/GraphViewer.h
[0.825s] -- Up-to-date: /home/chaung/f_ws/install/rtabmap/include/rtabmap-0.21/rtabmap/gui/ExportCloudsDialog.h
[0.825s] -- Up-to-date: /home/chaung/f_ws/install/rtabmap/include/rtabmap-0.21/rtabmap/gui/EditMapArea.h
[0.826s] -- Up-to-date: /home/chaung/f_ws/install/rtabmap/include/rtabmap-0.21/rtabmap/gui/MainWindow.h
[0.826s] -- Up-to-date: /home/chaung/f_ws/install/rtabmap/include/rtabmap-0.21/rtabmap/gui/MapVisibilityWidget.h
[0.826s] -- Up-to-date: /home/chaung/f_ws/install/rtabmap/include/rtabmap-0.21/rtabmap/utilite
[0.826s] -- Up-to-date: /home/chaung/f_ws/install/rtabmap/include/rtabmap-0.21/rtabmap/utilite/UPlot.h
[0.826s] -- Up-to-date: /home/chaung/f_ws/install/rtabmap/include/rtabmap-0.21/rtabmap/utilite/UImageView.h
[0.827s] -- Up-to-date: /home/chaung/f_ws/install/rtabmap/include/rtabmap-0.21/rtabmap/utilite/UCv2Qt.h
[0.827s] -- Up-to-date: /home/chaung/f_ws/install/rtabmap/include/rtabmap-0.21/rtabmap
[0.827s] -- Up-to-date: /home/chaung/f_ws/install/rtabmap/include/rtabmap-0.21/rtabmap/gui
[0.827s] -- Up-to-date: /home/chaung/f_ws/install/rtabmap/include/rtabmap-0.21/rtabmap/gui/rtabmap_gui_export.h
[0.827s] -- Up-to-date: /home/chaung/f_ws/install/rtabmap/lib/rtabmap-0.21/RTABMap_guiTargets.cmake
[0.827s] -- Up-to-date: /home/chaung/f_ws/install/rtabmap/lib/rtabmap-0.21/RTABMap_guiTargets-release.cmake
[0.828s] -- Up-to-date: /home/chaung/f_ws/install/rtabmap/bin/rtabmap
[0.828s] -- Up-to-date: /home/chaung/f_ws/install/rtabmap/bin/rtabmap-console
[0.828s] -- Up-to-date: /home/chaung/f_ws/install/rtabmap/bin/rtabmap-extractObject
[0.828s] -- Up-to-date: /home/chaung/f_ws/install/rtabmap/bin/rtabmap-camera
[0.828s] -- Up-to-date: /home/chaung/f_ws/install/rtabmap/bin/rtabmap-kitti_dataset
[0.828s] -- Up-to-date: /home/chaung/f_ws/install/rtabmap/bin/rtabmap-rgbd_dataset
[0.828s] -- Up-to-date: /home/chaung/f_ws/install/rtabmap/bin/rtabmap-euroc_dataset
[0.828s] -- Up-to-date: /home/chaung/f_ws/install/rtabmap/bin/rtabmap-recovery
[0.828s] -- Up-to-date: /home/chaung/f_ws/install/rtabmap/bin/rtabmap-reprocess
[0.828s] -- Up-to-date: /home/chaung/f_ws/install/rtabmap/bin/rtabmap-detectMoreLoopClosures
[0.828s] -- Up-to-date: /home/chaung/f_ws/install/rtabmap/bin/rtabmap-export
[0.828s] -- Up-to-date: /home/chaung/f_ws/install/rtabmap/bin/rtabmap-report
[0.829s] -- Up-to-date: /home/chaung/f_ws/install/rtabmap/bin/rtabmap-info
[0.829s] -- Up-to-date: /home/chaung/f_ws/install/rtabmap/bin/rtabmap-cleanupLocalGrids
[0.829s] -- Up-to-date: /home/chaung/f_ws/install/rtabmap/bin/rtabmap-globalBundleAdjustment
[0.829s] -- Up-to-date: /home/chaung/f_ws/install/rtabmap/bin/rtabmap-rgbd_camera
[0.829s] -- Up-to-date: /home/chaung/f_ws/install/rtabmap/bin/rtabmap-databaseViewer
[0.829s] -- Up-to-date: /home/chaung/f_ws/install/rtabmap/bin/rtabmap-odometryViewer
[0.829s] -- Up-to-date: /home/chaung/f_ws/install/rtabmap/bin/rtabmap-dataRecorder
[0.830s] -- Up-to-date: /home/chaung/f_ws/install/rtabmap/bin/rtabmap-calibration
[0.834s] Invoked command in '/home/chaung/f_ws/build/rtabmap' returned '0': CMAKE_PREFIX_PATH=/home/chaung/f_ws/install/sllidar_ros2:/home/chaung/f_ws/install/slam_gmapping:/home/chaung/f_ws/install/rtabmap_ros:/home/chaung/f_ws/install/rtabmap_launch:/home/chaung/f_ws/install/rtabmap_examples:/home/chaung/f_ws/install/rtabmap_demos:/home/chaung/f_ws/install/rtabmap_viz:/home/chaung/f_ws/install/rtabmap_slam:/home/chaung/f_ws/install/rtabmap_odom:/home/chaung/f_ws/install/rtabmap_util:/home/chaung/f_ws/install/rtabmap_sync:/home/chaung/f_ws/install/rtabmap_rviz_plugins:/home/chaung/f_ws/install/rtabmap_conversions:/home/chaung/f_ws/install/rtabmap_python:/home/chaung/f_ws/install/bno055:/opt/ros/foxy:/home/chaung/f_ws/install/rtabmap_msgs:/home/chaung/f_ws/install/rtabmap:/home/chaung/f_ws/install/openslam_gmapping:/home/chaung/f_ws/install/hls_lfcd_lds_driver:/home/chaung/f_ws/install/dynamixel_sdk_examples:/home/chaung/f_ws/install/dynamixel_sdk_custom_interfaces:/home/chaung/f_ws/install/dynamixel_sdk /usr/bin/cmake --install /home/chaung/f_ws/build/rtabmap
