-- The C compiler identification is GNU 9.4.0
-- The CXX compiler identification is GNU 9.4.0
-- Check for working C compiler: /usr/bin/cc
-- Check for working C compiler: /usr/bin/cc -- works
-- Detecting C compiler ABI info
-- Detecting C compiler ABI info - done
-- Detecting C compile features
-- Detecting C compile features - done
-- Check for working CXX compiler: /usr/bin/c++
-- Check for working CXX compiler: /usr/bin/c++ -- works
-- Detecting CXX compiler ABI info
-- Detecting CXX compiler ABI info - done
-- Detecting CXX compile features
-- Detecting CXX compile features - done
-- Found ament_cmake: 0.9.11 (/opt/ros/foxy/share/ament_cmake/cmake)
-- Found PythonInterp: /usr/bin/python3 (found suitable version "3.8.10", minimum required is "3") 
-- Using PYTHON_EXECUTABLE: /usr/bin/python3
-- Configuring done
-- Generating done
-- Build files have been written to: /home/chaung/f_ws/build/rtabmap_examples
-- Install configuration: ""
-- Installing: /home/chaung/f_ws/install/rtabmap_examples/share/rtabmap_examples/launch
-- Installing: /home/chaung/f_ws/install/rtabmap_examples/share/rtabmap_examples/launch/config
-- Installing: /home/chaung/f_ws/install/rtabmap_examples/share/rtabmap_examples/launch/config/euroc_left.yaml
-- Installing: /home/chaung/f_ws/install/rtabmap_examples/share/rtabmap_examples/launch/config/euroc_right.yaml
-- Installing: /home/chaung/f_ws/install/rtabmap_examples/share/rtabmap_examples/launch/vlp16.launch.py
-- Installing: /home/chaung/f_ws/install/rtabmap_examples/share/rtabmap_examples/launch/realsense_d400.launch.py
-- Installing: /home/chaung/f_ws/install/rtabmap_examples/share/rtabmap_examples/launch/rgbdslam_datasets.launch.py
-- Installing: /home/chaung/f_ws/install/rtabmap_examples/share/rtabmap_examples/launch/euroc_datasets.launch.py
-- Installing: /home/chaung/f_ws/install/rtabmap_examples/share/rtabmap_examples/launch/realsense_d435i_stereo.launch.py
-- Installing: /home/chaung/f_ws/install/rtabmap_examples/share/rtabmap_examples/launch/realsense_d435i_infra.launch.py
-- Installing: /home/chaung/f_ws/install/rtabmap_examples/share/rtabmap_examples/launch/k4a.launch.py
-- Installing: /home/chaung/f_ws/install/rtabmap_examples/share/rtabmap_examples/launch/realsense_d435i_color.launch.py
-- Installing: /home/chaung/f_ws/install/rtabmap_examples/share/ament_index/resource_index/package_run_dependencies/rtabmap_examples
-- Installing: /home/chaung/f_ws/install/rtabmap_examples/share/ament_index/resource_index/parent_prefix_path/rtabmap_examples
-- Installing: /home/chaung/f_ws/install/rtabmap_examples/share/rtabmap_examples/environment/ament_prefix_path.sh
-- Installing: /home/chaung/f_ws/install/rtabmap_examples/share/rtabmap_examples/environment/ament_prefix_path.dsv
-- Installing: /home/chaung/f_ws/install/rtabmap_examples/share/rtabmap_examples/environment/path.sh
-- Installing: /home/chaung/f_ws/install/rtabmap_examples/share/rtabmap_examples/environment/path.dsv
-- Installing: /home/chaung/f_ws/install/rtabmap_examples/share/rtabmap_examples/local_setup.bash
-- Installing: /home/chaung/f_ws/install/rtabmap_examples/share/rtabmap_examples/local_setup.sh
-- Installing: /home/chaung/f_ws/install/rtabmap_examples/share/rtabmap_examples/local_setup.zsh
-- Installing: /home/chaung/f_ws/install/rtabmap_examples/share/rtabmap_examples/local_setup.dsv
-- Installing: /home/chaung/f_ws/install/rtabmap_examples/share/rtabmap_examples/package.dsv
-- Installing: /home/chaung/f_ws/install/rtabmap_examples/share/ament_index/resource_index/packages/rtabmap_examples
-- Installing: /home/chaung/f_ws/install/rtabmap_examples/share/rtabmap_examples/cmake/rtabmap_examplesConfig.cmake
-- Installing: /home/chaung/f_ws/install/rtabmap_examples/share/rtabmap_examples/cmake/rtabmap_examplesConfig-version.cmake
-- Installing: /home/chaung/f_ws/install/rtabmap_examples/share/rtabmap_examples/package.xml
