[0.015s] Invoking command in '/home/chaung/f_ws/build/rtabmap_conversions': CMAKE_PREFIX_PATH=/home/chaung/f_ws/install/openslam_gmapping:/home/chaung/f_ws/install/bno055:/opt/ros/foxy:/home/chaung/f_ws/install/rtabmap_msgs:/home/chaung/f_ws/install/rtabmap:${CMAKE_PREFIX_PATH} LD_LIBRARY_PATH=/home/chaung/f_ws/install/rtabmap_msgs/lib:/home/chaung/f_ws/install/rtabmap/lib:${LD_LIBRARY_PATH} PATH=/home/chaung/f_ws/install/rtabmap/bin:${PATH} PKG_CONFIG_PATH=/home/chaung/f_ws/install/rtabmap_msgs/lib/x86_64-linux-gnu/pkgconfig:/home/chaung/f_ws/install/rtabmap_msgs/lib/pkgconfig:/home/chaung/f_ws/install/rtabmap/lib/x86_64-linux-gnu/pkgconfig:/home/chaung/f_ws/install/rtabmap/lib/pkgconfig:${PKG_CONFIG_PATH} PYTHONPATH=/home/chaung/f_ws/install/rtabmap_msgs/lib/python3.8/site-packages:${PYTHONPATH} ROS_PACKAGE_PATH=/home/chaung/f_ws/install/rtabmap_msgs/share /usr/bin/cmake /home/chaung/f_ws/src/rtabmap_ros/rtabmap_conversions -DAMENT_CMAKE_SYMLINK_INSTALL=1 -DCMAKE_INSTALL_PREFIX=/home/chaung/f_ws/install/rtabmap_conversions
[0.028s] -- Found ament_cmake: 0.9.11 (/opt/ros/foxy/share/ament_cmake/cmake)
[0.050s] -- Using PYTHON_EXECUTABLE: /usr/bin/python3
[0.182s] -- Override CMake install command with custom implementation using symlinks instead of copying resources
[0.190s] -- Found cv_bridge: 3.0.7 (/opt/ros/foxy/share/cv_bridge/cmake)
[0.218s] -- Using all available rosidl_typesupport_c: rosidl_typesupport_fastrtps_c;rosidl_typesupport_introspection_c
[0.220s] -- Found rosidl_adapter: 1.3.0 (/opt/ros/foxy/share/rosidl_adapter/cmake)
[0.311s] -- Using all available rosidl_typesupport_cpp: rosidl_typesupport_fastrtps_cpp;rosidl_typesupport_introspection_cpp
[0.438s] -- Found image_geometry: 3.0.7 (/opt/ros/foxy/share/image_geometry/cmake)
[0.441s] -- Found laser_geometry: 2.2.0 (/opt/ros/foxy/share/laser_geometry/cmake)
[0.444s] -- Found pcl_conversions: 2.2.1 (/opt/ros/foxy/share/pcl_conversions/cmake)
[0.570s] -- Found rmw_implementation_cmake: 1.0.4 (/opt/ros/foxy/share/rmw_implementation_cmake/cmake)
[0.571s] -- Using RMW implementation 'rmw_fastrtps_cpp' as default
[0.686s] -- Found rtabmap_msgs: 0.21.1 (/home/chaung/f_ws/install/rtabmap_msgs/share/rtabmap_msgs/cmake)
[0.799s] -- Found tf2: 0.13.14 (/opt/ros/foxy/share/tf2/cmake)
[0.805s] -- Found tf2_eigen: 0.13.14 (/opt/ros/foxy/share/tf2_eigen/cmake)
[1.046s] -- Found tf2_geometry_msgs: 0.13.14 (/opt/ros/foxy/share/tf2_geometry_msgs/cmake)
[1.081s] -- Eigen found (include: /usr/include/eigen3, version: 3.3.7)
[1.093s] -- OpenNI found (include: /usr/include/ni, lib: /usr/lib/libOpenNI.so)
[1.097s] -- OpenNI2 found (include: /usr/include/openni2, lib: /usr/lib/libOpenNI2.so)
[1.097s] ** WARNING ** io features related to pcap will be disabled
[1.097s] ** WARNING ** io features related to png will be disabled
[1.138s] -- The imported target "vtkParseOGLExt" references the file
[1.138s]    "/usr/bin/vtkParseOGLExt-7.1"
[1.138s] but this file does not exist.  Possible reasons include:
[1.138s] * The file was deleted, renamed, or moved to another location.
[1.138s] * An install or uninstall procedure did not complete successfully.
[1.139s] * The installation package was faulty and contained
[1.139s]    "/usr/lib/cmake/vtk-7.1/VTKTargets.cmake"
[1.139s] but not all the files it references.
[1.139s] 
[1.139s] -- The imported target "vtkRenderingPythonTkWidgets" references the file
[1.139s]    "/usr/lib/x86_64-linux-gnu/libvtkRenderingPythonTkWidgets.so"
[1.139s] but this file does not exist.  Possible reasons include:
[1.139s] * The file was deleted, renamed, or moved to another location.
[1.139s] * An install or uninstall procedure did not complete successfully.
[1.139s] * The installation package was faulty and contained
[1.139s]    "/usr/lib/cmake/vtk-7.1/VTKTargets.cmake"
[1.139s] but not all the files it references.
[1.139s] 
[1.140s] -- The imported target "vtk" references the file
[1.140s]    "/usr/bin/vtk"
[1.140s] but this file does not exist.  Possible reasons include:
[1.140s] * The file was deleted, renamed, or moved to another location.
[1.140s] * An install or uninstall procedure did not complete successfully.
[1.140s] * The installation package was faulty and contained
[1.140s]    "/usr/lib/cmake/vtk-7.1/VTKTargets.cmake"
[1.140s] but not all the files it references.
[1.140s] 
[1.140s] -- The imported target "pvtk" references the file
[1.140s]    "/usr/bin/pvtk"
[1.140s] but this file does not exist.  Possible reasons include:
[1.140s] * The file was deleted, renamed, or moved to another location.
[1.140s] * An install or uninstall procedure did not complete successfully.
[1.140s] * The installation package was faulty and contained
[1.140s]    "/usr/lib/cmake/vtk-7.1/VTKTargets.cmake"
[1.140s] but not all the files it references.
[1.141s] 
[1.151s] ** WARNING ** io features related to libusb-1.0 will be disabled
[1.165s] -- QHULL found (include: /usr/include, lib: optimized;/usr/lib/x86_64-linux-gnu/libqhull.so;debug;/usr/lib/x86_64-linux-gnu/libqhull.so)
[1.187s] -- OpenNI found (include: /usr/include/ni, lib: /usr/lib/libOpenNI.so)
[1.191s] -- OpenNI2 found (include: /usr/include/openni2, lib: /usr/lib/libOpenNI2.so)
[1.200s] -- looking for PCL_COMMON
[1.200s] -- looking for PCL_OCTREE
[1.201s] -- looking for PCL_IO
[1.201s] -- looking for PCL_KDTREE
[1.202s] -- looking for PCL_SEARCH
[1.202s] -- looking for PCL_SURFACE
[1.202s] -- looking for PCL_FILTERS
[1.203s] -- looking for PCL_2D
[1.203s] -- looking for PCL_FEATURES
[1.203s] -- looking for PCL_REGISTRATION
[1.204s] -- looking for PCL_SAMPLE_CONSENSUS
[1.204s] -- looking for PCL_GEOMETRY
[1.205s] -- looking for PCL_ML
[1.205s] -- looking for PCL_SEGMENTATION
[1.205s] -- looking for PCL_VISUALIZATION
[1.345s] -- Configuring done
[1.370s] CMake Warning at CMakeLists.txt:53 (add_library):
[1.370s]   Cannot generate a safe runtime search path for target rtabmap_conversions
[1.370s]   because files in some directories may conflict with libraries in implicit
[1.370s]   directories:
[1.370s] 
[1.370s]     runtime library [liboctomap.so.1.9] in /usr/lib/x86_64-linux-gnu may be hidden by files in:
[1.370s]       /opt/ros/foxy/lib
[1.370s]     runtime library [liboctomath.so.1.9] in /usr/lib/x86_64-linux-gnu may be hidden by files in:
[1.370s]       /opt/ros/foxy/lib
[1.370s] 
[1.370s]   Some of these libraries may not be found correctly.
[1.370s] 
[1.370s] 
[1.390s] -- Generating done
[1.392s] -- Build files have been written to: /home/chaung/f_ws/build/rtabmap_conversions
[1.401s] Invoked command in '/home/chaung/f_ws/build/rtabmap_conversions' returned '0': CMAKE_PREFIX_PATH=/home/chaung/f_ws/install/openslam_gmapping:/home/chaung/f_ws/install/bno055:/opt/ros/foxy:/home/chaung/f_ws/install/rtabmap_msgs:/home/chaung/f_ws/install/rtabmap:${CMAKE_PREFIX_PATH} LD_LIBRARY_PATH=/home/chaung/f_ws/install/rtabmap_msgs/lib:/home/chaung/f_ws/install/rtabmap/lib:${LD_LIBRARY_PATH} PATH=/home/chaung/f_ws/install/rtabmap/bin:${PATH} PKG_CONFIG_PATH=/home/chaung/f_ws/install/rtabmap_msgs/lib/x86_64-linux-gnu/pkgconfig:/home/chaung/f_ws/install/rtabmap_msgs/lib/pkgconfig:/home/chaung/f_ws/install/rtabmap/lib/x86_64-linux-gnu/pkgconfig:/home/chaung/f_ws/install/rtabmap/lib/pkgconfig:${PKG_CONFIG_PATH} PYTHONPATH=/home/chaung/f_ws/install/rtabmap_msgs/lib/python3.8/site-packages:${PYTHONPATH} ROS_PACKAGE_PATH=/home/chaung/f_ws/install/rtabmap_msgs/share /usr/bin/cmake /home/chaung/f_ws/src/rtabmap_ros/rtabmap_conversions -DAMENT_CMAKE_SYMLINK_INSTALL=1 -DCMAKE_INSTALL_PREFIX=/home/chaung/f_ws/install/rtabmap_conversions
[1.405s] Invoking command in '/home/chaung/f_ws/build/rtabmap_conversions': CMAKE_PREFIX_PATH=/home/chaung/f_ws/install/openslam_gmapping:/home/chaung/f_ws/install/bno055:/opt/ros/foxy:/home/chaung/f_ws/install/rtabmap_msgs:/home/chaung/f_ws/install/rtabmap:${CMAKE_PREFIX_PATH} LD_LIBRARY_PATH=/home/chaung/f_ws/install/rtabmap_msgs/lib:/home/chaung/f_ws/install/rtabmap/lib:${LD_LIBRARY_PATH} PATH=/home/chaung/f_ws/install/rtabmap/bin:${PATH} PKG_CONFIG_PATH=/home/chaung/f_ws/install/rtabmap_msgs/lib/x86_64-linux-gnu/pkgconfig:/home/chaung/f_ws/install/rtabmap_msgs/lib/pkgconfig:/home/chaung/f_ws/install/rtabmap/lib/x86_64-linux-gnu/pkgconfig:/home/chaung/f_ws/install/rtabmap/lib/pkgconfig:${PKG_CONFIG_PATH} PYTHONPATH=/home/chaung/f_ws/install/rtabmap_msgs/lib/python3.8/site-packages:${PYTHONPATH} ROS_PACKAGE_PATH=/home/chaung/f_ws/install/rtabmap_msgs/share /usr/bin/cmake --build /home/chaung/f_ws/build/rtabmap_conversions
[1.483s] [100%] Built target rtabmap_conversions
[1.499s] Invoked command in '/home/chaung/f_ws/build/rtabmap_conversions' returned '0': CMAKE_PREFIX_PATH=/home/chaung/f_ws/install/openslam_gmapping:/home/chaung/f_ws/install/bno055:/opt/ros/foxy:/home/chaung/f_ws/install/rtabmap_msgs:/home/chaung/f_ws/install/rtabmap:${CMAKE_PREFIX_PATH} LD_LIBRARY_PATH=/home/chaung/f_ws/install/rtabmap_msgs/lib:/home/chaung/f_ws/install/rtabmap/lib:${LD_LIBRARY_PATH} PATH=/home/chaung/f_ws/install/rtabmap/bin:${PATH} PKG_CONFIG_PATH=/home/chaung/f_ws/install/rtabmap_msgs/lib/x86_64-linux-gnu/pkgconfig:/home/chaung/f_ws/install/rtabmap_msgs/lib/pkgconfig:/home/chaung/f_ws/install/rtabmap/lib/x86_64-linux-gnu/pkgconfig:/home/chaung/f_ws/install/rtabmap/lib/pkgconfig:${PKG_CONFIG_PATH} PYTHONPATH=/home/chaung/f_ws/install/rtabmap_msgs/lib/python3.8/site-packages:${PYTHONPATH} ROS_PACKAGE_PATH=/home/chaung/f_ws/install/rtabmap_msgs/share /usr/bin/cmake --build /home/chaung/f_ws/build/rtabmap_conversions
[1.520s] Invoking command in '/home/chaung/f_ws/build/rtabmap_conversions': CMAKE_PREFIX_PATH=/home/chaung/f_ws/install/openslam_gmapping:/home/chaung/f_ws/install/bno055:/opt/ros/foxy:/home/chaung/f_ws/install/rtabmap_msgs:/home/chaung/f_ws/install/rtabmap:${CMAKE_PREFIX_PATH} LD_LIBRARY_PATH=/home/chaung/f_ws/install/rtabmap_msgs/lib:/home/chaung/f_ws/install/rtabmap/lib:${LD_LIBRARY_PATH} PATH=/home/chaung/f_ws/install/rtabmap/bin:${PATH} PKG_CONFIG_PATH=/home/chaung/f_ws/install/rtabmap_msgs/lib/x86_64-linux-gnu/pkgconfig:/home/chaung/f_ws/install/rtabmap_msgs/lib/pkgconfig:/home/chaung/f_ws/install/rtabmap/lib/x86_64-linux-gnu/pkgconfig:/home/chaung/f_ws/install/rtabmap/lib/pkgconfig:${PKG_CONFIG_PATH} PYTHONPATH=/home/chaung/f_ws/install/rtabmap_msgs/lib/python3.8/site-packages:${PYTHONPATH} ROS_PACKAGE_PATH=/home/chaung/f_ws/install/rtabmap_msgs/share /usr/bin/cmake --install /home/chaung/f_ws/build/rtabmap_conversions
[1.529s] -- Install configuration: ""
[1.529s] -- Execute custom install script
[1.530s] -- Up-to-date symlink: /home/chaung/f_ws/install/rtabmap_conversions/share/rtabmap_conversions/environment/library_path.sh
[1.530s] -- Up-to-date symlink: /home/chaung/f_ws/install/rtabmap_conversions/share/rtabmap_conversions/environment/library_path.dsv
[1.530s] -- Up-to-date symlink: /home/chaung/f_ws/install/rtabmap_conversions/share/ament_index/resource_index/package_run_dependencies/rtabmap_conversions
[1.530s] -- Up-to-date symlink: /home/chaung/f_ws/install/rtabmap_conversions/share/ament_index/resource_index/parent_prefix_path/rtabmap_conversions
[1.530s] -- Up-to-date symlink: /home/chaung/f_ws/install/rtabmap_conversions/share/rtabmap_conversions/environment/ament_prefix_path.sh
[1.531s] -- Up-to-date symlink: /home/chaung/f_ws/install/rtabmap_conversions/share/rtabmap_conversions/environment/ament_prefix_path.dsv
[1.531s] -- Up-to-date symlink: /home/chaung/f_ws/install/rtabmap_conversions/share/rtabmap_conversions/environment/path.sh
[1.531s] -- Up-to-date symlink: /home/chaung/f_ws/install/rtabmap_conversions/share/rtabmap_conversions/environment/path.dsv
[1.531s] -- Up-to-date symlink: /home/chaung/f_ws/install/rtabmap_conversions/share/rtabmap_conversions/local_setup.bash
[1.531s] -- Up-to-date symlink: /home/chaung/f_ws/install/rtabmap_conversions/share/rtabmap_conversions/local_setup.sh
[1.531s] -- Up-to-date symlink: /home/chaung/f_ws/install/rtabmap_conversions/share/rtabmap_conversions/local_setup.zsh
[1.531s] -- Up-to-date symlink: /home/chaung/f_ws/install/rtabmap_conversions/share/rtabmap_conversions/local_setup.dsv
[1.531s] -- Symlinking: /home/chaung/f_ws/install/rtabmap_conversions/share/rtabmap_conversions/package.dsv
[1.544s] -- Up-to-date symlink: /home/chaung/f_ws/install/rtabmap_conversions/share/ament_index/resource_index/packages/rtabmap_conversions
[1.544s] -- Up-to-date symlink: /home/chaung/f_ws/install/rtabmap_conversions/share/rtabmap_conversions/cmake/ament_cmake_export_dependencies-extras.cmake
[1.544s] -- Up-to-date symlink: /home/chaung/f_ws/install/rtabmap_conversions/share/rtabmap_conversions/cmake/ament_cmake_export_include_directories-extras.cmake
[1.545s] -- Up-to-date symlink: /home/chaung/f_ws/install/rtabmap_conversions/share/rtabmap_conversions/cmake/ament_cmake_export_targets-extras.cmake
[1.546s] -- Up-to-date symlink: /home/chaung/f_ws/install/rtabmap_conversions/share/rtabmap_conversions/cmake/ament_cmake_export_libraries-extras.cmake
[1.546s] -- Up-to-date symlink: /home/chaung/f_ws/install/rtabmap_conversions/share/rtabmap_conversions/cmake/rtabmap_conversionsConfig.cmake
[1.546s] -- Up-to-date symlink: /home/chaung/f_ws/install/rtabmap_conversions/share/rtabmap_conversions/cmake/rtabmap_conversionsConfig-version.cmake
[1.546s] -- Up-to-date symlink: /home/chaung/f_ws/install/rtabmap_conversions/share/rtabmap_conversions/package.xml
[1.546s] -- Up-to-date: /home/chaung/f_ws/install/rtabmap_conversions/lib/librtabmap_conversions.so
[1.546s] -- Up-to-date: /home/chaung/f_ws/install/rtabmap_conversions/include
[1.547s] -- Up-to-date: /home/chaung/f_ws/install/rtabmap_conversions/include/rtabmap_conversions
[1.547s] -- Up-to-date: /home/chaung/f_ws/install/rtabmap_conversions/include/rtabmap_conversions/MsgConversion.h
[1.547s] -- Up-to-date: /home/chaung/f_ws/install/rtabmap_conversions/share/rtabmap_conversions/cmake/rtabmap_conversionsExport.cmake
[1.547s] -- Installing: /home/chaung/f_ws/install/rtabmap_conversions/share/rtabmap_conversions/cmake/rtabmap_conversionsExport-noconfig.cmake
[1.552s] Invoked command in '/home/chaung/f_ws/build/rtabmap_conversions' returned '0': CMAKE_PREFIX_PATH=/home/chaung/f_ws/install/openslam_gmapping:/home/chaung/f_ws/install/bno055:/opt/ros/foxy:/home/chaung/f_ws/install/rtabmap_msgs:/home/chaung/f_ws/install/rtabmap:${CMAKE_PREFIX_PATH} LD_LIBRARY_PATH=/home/chaung/f_ws/install/rtabmap_msgs/lib:/home/chaung/f_ws/install/rtabmap/lib:${LD_LIBRARY_PATH} PATH=/home/chaung/f_ws/install/rtabmap/bin:${PATH} PKG_CONFIG_PATH=/home/chaung/f_ws/install/rtabmap_msgs/lib/x86_64-linux-gnu/pkgconfig:/home/chaung/f_ws/install/rtabmap_msgs/lib/pkgconfig:/home/chaung/f_ws/install/rtabmap/lib/x86_64-linux-gnu/pkgconfig:/home/chaung/f_ws/install/rtabmap/lib/pkgconfig:${PKG_CONFIG_PATH} PYTHONPATH=/home/chaung/f_ws/install/rtabmap_msgs/lib/python3.8/site-packages:${PYTHONPATH} ROS_PACKAGE_PATH=/home/chaung/f_ws/install/rtabmap_msgs/share /usr/bin/cmake --install /home/chaung/f_ws/build/rtabmap_conversions
