[0.895s] Invoking command in '/home/chaung/f_ws/build/rtabmap_python': PYTHONPATH=/home/chaung/f_ws/build/rtabmap_python/prefix_override:/home/chaung/f_ws/install/rtabmap_python/lib/python3.8/site-packages:${PYTHONPATH} /usr/bin/python3 setup.py develop --uninstall --editable --build-directory /home/chaung/f_ws/build/rtabmap_python/build
[1.060s] running develop
[1.171s] Invoked command in '/home/chaung/f_ws/build/rtabmap_python' returned '0': PYTHONPATH=/home/chaung/f_ws/build/rtabmap_python/prefix_override:/home/chaung/f_ws/install/rtabmap_python/lib/python3.8/site-packages:${PYTHONPATH} /usr/bin/python3 setup.py develop --uninstall --editable --build-directory /home/chaung/f_ws/build/rtabmap_python/build
[1.173s] Invoking command in '/home/chaung/f_ws/src/rtabmap_ros/rtabmap_python': PYTHONPATH=/home/chaung/f_ws/build/rtabmap_python/prefix_override:/home/chaung/f_ws/install/rtabmap_python/lib/python3.8/site-packages:${PYTHONPATH} /usr/bin/python3 setup.py egg_info --egg-base ../../../build/rtabmap_python build --build-base /home/chaung/f_ws/build/rtabmap_python/build install --record /home/chaung/f_ws/build/rtabmap_python/install.log --single-version-externally-managed
[1.329s] running egg_info
[1.329s] writing ../../../build/rtabmap_python/rtabmap_python.egg-info/PKG-INFO
[1.329s] writing dependency_links to ../../../build/rtabmap_python/rtabmap_python.egg-info/dependency_links.txt
[1.329s] writing entry points to ../../../build/rtabmap_python/rtabmap_python.egg-info/entry_points.txt
[1.329s] writing requirements to ../../../build/rtabmap_python/rtabmap_python.egg-info/requires.txt
[1.329s] writing top-level names to ../../../build/rtabmap_python/rtabmap_python.egg-info/top_level.txt
[1.351s] reading manifest file '../../../build/rtabmap_python/rtabmap_python.egg-info/SOURCES.txt'
[1.352s] writing manifest file '../../../build/rtabmap_python/rtabmap_python.egg-info/SOURCES.txt'
[1.352s] running build
[1.352s] running build_py
[1.352s] running install
[1.353s] running install_lib
[1.353s] running install_data
[1.354s] running install_egg_info
[1.355s] removing '/home/chaung/f_ws/install/rtabmap_python/lib/python3.8/site-packages/rtabmap_python-0.1.0-py3.8.egg-info' (and everything under it)
[1.355s] Copying ../../../build/rtabmap_python/rtabmap_python.egg-info to /home/chaung/f_ws/install/rtabmap_python/lib/python3.8/site-packages/rtabmap_python-0.1.0-py3.8.egg-info
[1.356s] running install_scripts
[1.367s] writing list of installed files to '/home/chaung/f_ws/build/rtabmap_python/install.log'
[1.386s] Invoked command in '/home/chaung/f_ws/src/rtabmap_ros/rtabmap_python' returned '0': PYTHONPATH=/home/chaung/f_ws/build/rtabmap_python/prefix_override:/home/chaung/f_ws/install/rtabmap_python/lib/python3.8/site-packages:${PYTHONPATH} /usr/bin/python3 setup.py egg_info --egg-base ../../../build/rtabmap_python build --build-base /home/chaung/f_ws/build/rtabmap_python/build install --record /home/chaung/f_ws/build/rtabmap_python/install.log --single-version-externally-managed
