[0.058s] Invoking command in '/home/chaung/f_ws/build/openslam_gmapping': CMAKE_PREFIX_PATH=${CMAKE_PREFIX_PATH}:/home/chaung/f_ws/install/openslam_gmapping:/home/chaung/f_ws/install/bno055:/opt/ros/foxy /usr/bin/cmake /home/chaung/f_ws/src/openslam_gmapping -DAMENT_CMAKE_SYMLINK_INSTALL=1 -DCMAKE_INSTALL_PREFIX=/home/chaung/f_ws/install/openslam_gmapping
[0.706s] -- Found ament_cmake: 0.9.11 (/opt/ros/foxy/share/ament_cmake/cmake)
[0.706s] -- Using PYTHON_EXECUTABLE: /usr/bin/python3
[0.707s] -- Override CMake install command with custom implementation using symlinks instead of copying resources
[0.707s] -- Configuring done
[0.707s] -- Generating done
[0.707s] -- Build files have been written to: /home/chaung/f_ws/build/openslam_gmapping
[0.723s] Invoked command in '/home/chaung/f_ws/build/openslam_gmapping' returned '0': CMAKE_PREFIX_PATH=${CMAKE_PREFIX_PATH}:/home/chaung/f_ws/install/openslam_gmapping:/home/chaung/f_ws/install/bno055:/opt/ros/foxy /usr/bin/cmake /home/chaung/f_ws/src/openslam_gmapping -DAMENT_CMAKE_SYMLINK_INSTALL=1 -DCMAKE_INSTALL_PREFIX=/home/chaung/f_ws/install/openslam_gmapping
[0.724s] Invoking command in '/home/chaung/f_ws/build/openslam_gmapping': CMAKE_PREFIX_PATH=${CMAKE_PREFIX_PATH}:/home/chaung/f_ws/install/openslam_gmapping:/home/chaung/f_ws/install/bno055:/opt/ros/foxy /usr/bin/cmake --build /home/chaung/f_ws/build/openslam_gmapping
[0.801s] [ 27%] Built target sensor_base
[0.802s] [ 27%] Built target utils
[0.831s] [ 40%] Built target sensor_odometry
[0.839s] [ 54%] Built target sensor_range
[0.851s] [ 77%] Built target scanmatcher
[0.873s] [100%] Built target gridfastslam
[0.922s] Invoked command in '/home/chaung/f_ws/build/openslam_gmapping' returned '0': CMAKE_PREFIX_PATH=${CMAKE_PREFIX_PATH}:/home/chaung/f_ws/install/openslam_gmapping:/home/chaung/f_ws/install/bno055:/opt/ros/foxy /usr/bin/cmake --build /home/chaung/f_ws/build/openslam_gmapping
[0.946s] Invoking command in '/home/chaung/f_ws/build/openslam_gmapping': CMAKE_PREFIX_PATH=${CMAKE_PREFIX_PATH}:/home/chaung/f_ws/install/openslam_gmapping:/home/chaung/f_ws/install/bno055:/opt/ros/foxy /usr/bin/cmake --install /home/chaung/f_ws/build/openslam_gmapping
[0.958s] -- Install configuration: ""
[0.958s] -- Execute custom install script
[0.959s] -- Up-to-date symlink: /home/chaung/f_ws/install/openslam_gmapping/lib/libgridfastslam.a
[0.959s] -- Up-to-date symlink: /home/chaung/f_ws/install/openslam_gmapping/lib/libscanmatcher.a
[0.960s] -- Up-to-date symlink: /home/chaung/f_ws/install/openslam_gmapping/lib/libsensor_base.a
[0.960s] -- Up-to-date symlink: /home/chaung/f_ws/install/openslam_gmapping/share/openslam_gmapping/environment/library_path.sh
[0.960s] -- Up-to-date symlink: /home/chaung/f_ws/install/openslam_gmapping/share/openslam_gmapping/environment/library_path.dsv
[0.960s] -- Up-to-date symlink: /home/chaung/f_ws/install/openslam_gmapping/share/openslam_gmapping/environment/library_path.sh
[0.961s] -- Up-to-date symlink: /home/chaung/f_ws/install/openslam_gmapping/share/openslam_gmapping/environment/library_path.dsv
[0.961s] -- Up-to-date symlink: /home/chaung/f_ws/install/openslam_gmapping/lib/libsensor_odometry.a
[0.961s] -- Up-to-date symlink: /home/chaung/f_ws/install/openslam_gmapping/lib/libsensor_range.a
[0.962s] -- Up-to-date symlink: /home/chaung/f_ws/install/openslam_gmapping/lib/libutils.a
[0.962s] -- Up-to-date symlink: /home/chaung/f_ws/install/openslam_gmapping/share/openslam_gmapping/environment/library_path.sh
[0.962s] -- Up-to-date symlink: /home/chaung/f_ws/install/openslam_gmapping/share/openslam_gmapping/environment/library_path.dsv
[0.963s] -- Up-to-date symlink: /home/chaung/f_ws/install/openslam_gmapping/share/openslam_gmapping/environment/library_path.sh
[0.963s] -- Up-to-date symlink: /home/chaung/f_ws/install/openslam_gmapping/share/openslam_gmapping/environment/library_path.dsv
[0.964s] -- Up-to-date symlink: /home/chaung/f_ws/install/openslam_gmapping/include//gmapping/grid/accessstate.h
[0.964s] -- Up-to-date symlink: /home/chaung/f_ws/install/openslam_gmapping/include//gmapping/grid/array2d.h
[0.964s] -- Up-to-date symlink: /home/chaung/f_ws/install/openslam_gmapping/include//gmapping/grid/harray2d.h
[0.965s] -- Up-to-date symlink: /home/chaung/f_ws/install/openslam_gmapping/include//gmapping/grid/map.h
[0.965s] -- Up-to-date symlink: /home/chaung/f_ws/install/openslam_gmapping/include//gmapping/gridfastslam/gridslamprocessor.h
[0.965s] -- Up-to-date symlink: /home/chaung/f_ws/install/openslam_gmapping/include//gmapping/gridfastslam/gridslamprocessor.hxx
[0.965s] -- Up-to-date symlink: /home/chaung/f_ws/install/openslam_gmapping/include//gmapping/gridfastslam/motionmodel.h
[0.966s] -- Up-to-date symlink: /home/chaung/f_ws/install/openslam_gmapping/include//gmapping/log/configuration.h
[0.966s] -- Up-to-date symlink: /home/chaung/f_ws/install/openslam_gmapping/include//gmapping/log/sensorlog.h
[0.966s] -- Up-to-date symlink: /home/chaung/f_ws/install/openslam_gmapping/include//gmapping/particlefilter/particlefilter.h
[0.967s] -- Up-to-date symlink: /home/chaung/f_ws/install/openslam_gmapping/include//gmapping/scanmatcher/icp.h
[0.967s] -- Up-to-date symlink: /home/chaung/f_ws/install/openslam_gmapping/include//gmapping/scanmatcher/scanmatcher.h
[0.967s] -- Up-to-date symlink: /home/chaung/f_ws/install/openslam_gmapping/include//gmapping/scanmatcher/smmap.h
[0.967s] -- Up-to-date symlink: /home/chaung/f_ws/install/openslam_gmapping/include//gmapping/sensor/sensor_base/sensor.h
[0.967s] -- Up-to-date symlink: /home/chaung/f_ws/install/openslam_gmapping/include//gmapping/sensor/sensor_base/sensorreading.h
[0.968s] -- Up-to-date symlink: /home/chaung/f_ws/install/openslam_gmapping/include//gmapping/sensor/sensor_odometry/odometryreading.h
[0.968s] -- Up-to-date symlink: /home/chaung/f_ws/install/openslam_gmapping/include//gmapping/sensor/sensor_odometry/odometrysensor.h
[0.968s] -- Up-to-date symlink: /home/chaung/f_ws/install/openslam_gmapping/include//gmapping/sensor/sensor_range/rangereading.h
[0.968s] -- Up-to-date symlink: /home/chaung/f_ws/install/openslam_gmapping/include//gmapping/sensor/sensor_range/rangesensor.h
[0.968s] -- Up-to-date symlink: /home/chaung/f_ws/install/openslam_gmapping/include//gmapping/utils/autoptr.h
[0.968s] -- Up-to-date symlink: /home/chaung/f_ws/install/openslam_gmapping/include//gmapping/utils/commandline.h
[0.975s] -- Up-to-date symlink: /home/chaung/f_ws/install/openslam_gmapping/include//gmapping/utils/gvalues.h
[0.975s] -- Up-to-date symlink: /home/chaung/f_ws/install/openslam_gmapping/include//gmapping/utils/macro_params.h
[0.975s] -- Up-to-date symlink: /home/chaung/f_ws/install/openslam_gmapping/include//gmapping/utils/point.h
[0.975s] -- Up-to-date symlink: /home/chaung/f_ws/install/openslam_gmapping/include//gmapping/utils/stat.h
[0.975s] -- Up-to-date symlink: /home/chaung/f_ws/install/openslam_gmapping/share/ament_index/resource_index/package_run_dependencies/openslam_gmapping
[0.975s] -- Up-to-date symlink: /home/chaung/f_ws/install/openslam_gmapping/share/ament_index/resource_index/parent_prefix_path/openslam_gmapping
[0.975s] -- Up-to-date symlink: /home/chaung/f_ws/install/openslam_gmapping/share/openslam_gmapping/environment/ament_prefix_path.sh
[0.976s] -- Up-to-date symlink: /home/chaung/f_ws/install/openslam_gmapping/share/openslam_gmapping/environment/ament_prefix_path.dsv
[0.976s] -- Up-to-date symlink: /home/chaung/f_ws/install/openslam_gmapping/share/openslam_gmapping/environment/path.sh
[0.976s] -- Up-to-date symlink: /home/chaung/f_ws/install/openslam_gmapping/share/openslam_gmapping/environment/path.dsv
[0.976s] -- Up-to-date symlink: /home/chaung/f_ws/install/openslam_gmapping/share/openslam_gmapping/local_setup.bash
[0.978s] -- Up-to-date symlink: /home/chaung/f_ws/install/openslam_gmapping/share/openslam_gmapping/local_setup.sh
[0.979s] -- Up-to-date symlink: /home/chaung/f_ws/install/openslam_gmapping/share/openslam_gmapping/local_setup.zsh
[0.979s] -- Up-to-date symlink: /home/chaung/f_ws/install/openslam_gmapping/share/openslam_gmapping/local_setup.dsv
[0.979s] -- Symlinking: /home/chaung/f_ws/install/openslam_gmapping/share/openslam_gmapping/package.dsv
[0.983s] -- Up-to-date symlink: /home/chaung/f_ws/install/openslam_gmapping/share/ament_index/resource_index/packages/openslam_gmapping
[0.983s] -- Up-to-date symlink: /home/chaung/f_ws/install/openslam_gmapping/share/openslam_gmapping/cmake/ament_cmake_export_libraries-extras.cmake
[0.983s] -- Up-to-date symlink: /home/chaung/f_ws/install/openslam_gmapping/share/openslam_gmapping/cmake/ament_cmake_export_include_directories-extras.cmake
[0.984s] -- Up-to-date symlink: /home/chaung/f_ws/install/openslam_gmapping/share/openslam_gmapping/cmake/openslam_gmappingConfig.cmake
[0.984s] -- Up-to-date symlink: /home/chaung/f_ws/install/openslam_gmapping/share/openslam_gmapping/cmake/openslam_gmappingConfig-version.cmake
[0.984s] -- Up-to-date symlink: /home/chaung/f_ws/install/openslam_gmapping/share/openslam_gmapping/package.xml
[0.995s] Invoked command in '/home/chaung/f_ws/build/openslam_gmapping' returned '0': CMAKE_PREFIX_PATH=${CMAKE_PREFIX_PATH}:/home/chaung/f_ws/install/openslam_gmapping:/home/chaung/f_ws/install/bno055:/opt/ros/foxy /usr/bin/cmake --install /home/chaung/f_ws/build/openslam_gmapping
