[0.018s] Invoking command in '/home/chaung/f_ws/build/rtabmap_util': CMAKE_PREFIX_PATH=/home/chaung/f_ws/install/rtabmap_conversions:/home/chaung/f_ws/install/rtabmap_python:/home/chaung/f_ws/install/bno055:/opt/ros/foxy:/home/chaung/f_ws/install/rtabmap_msgs:/home/chaung/f_ws/install/rtabmap:/home/chaung/f_ws/install/sllidar_ros2:/home/chaung/f_ws/install/slam_gmapping:/home/chaung/f_ws/install/rtabmap_ros:/home/chaung/f_ws/install/rtabmap_launch:/home/chaung/f_ws/install/rtabmap_examples:/home/chaung/f_ws/install/rtabmap_demos:/home/chaung/f_ws/install/rtabmap_viz:/home/chaung/f_ws/install/rtabmap_slam:/home/chaung/f_ws/install/rtabmap_odom:/home/chaung/f_ws/install/rtabmap_util:/home/chaung/f_ws/install/rtabmap_sync:/home/chaung/f_ws/install/rtabmap_rviz_plugins:/home/chaung/f_ws/install/openslam_gmapping:/home/chaung/f_ws/install/hls_lfcd_lds_driver:/home/chaung/f_ws/install/dynamixel_sdk_examples:/home/chaung/f_ws/install/dynamixel_sdk_custom_interfaces:/home/chaung/f_ws/install/dynamixel_sdk LD_LIBRARY_PATH=/home/chaung/f_ws/install/rtabmap_conversions/lib:/home/chaung/f_ws/install/rtabmap_msgs/lib:/home/chaung/f_ws/install/rtabmap/lib:/home/chaung/f_ws/install/rtabmap_slam/lib:/home/chaung/f_ws/install/rtabmap_odom/lib:/home/chaung/f_ws/install/rtabmap_util/lib:/home/chaung/f_ws/install/rtabmap_sync/lib:/home/chaung/f_ws/install/rtabmap_rviz_plugins/lib:/home/chaung/f_ws/install/openslam_gmapping/lib:/home/chaung/f_ws/install/dynamixel_sdk_custom_interfaces/lib:/home/chaung/f_ws/install/dynamixel_sdk/lib:/usr/lib/x86_64-linux-gnu/gazebo-11/plugins:/opt/ros/foxy/opt/yaml_cpp_vendor/lib:/opt/ros/foxy/opt/rviz_ogre_vendor/lib:/opt/ros/foxy/lib/x86_64-linux-gnu:/opt/ros/foxy/lib PYTHONPATH=/home/chaung/f_ws/install/rtabmap_msgs/lib/python3.8/site-packages:/home/chaung/f_ws/install/rtabmap_python/lib/python3.8/site-packages:/home/chaung/f_ws/install/dynamixel_sdk_custom_interfaces/lib/python3.8/site-packages:/home/chaung/f_ws/install/bno055/lib/python3.8/site-packages:/opt/ros/foxy/lib/python3.8/site-packages /usr/bin/cmake /home/chaung/f_ws/src/rtabmap_ros/rtabmap_util -DAMENT_CMAKE_SYMLINK_INSTALL=1 -DCMAKE_INSTALL_PREFIX=/home/chaung/f_ws/install/rtabmap_util
[0.046s] -- Eigen found (include: /usr/include/eigen3, version: 3.3.7)
[0.058s] -- OpenNI found (include: /usr/include/ni, lib: /usr/lib/libOpenNI.so)
[0.063s] -- OpenNI2 found (include: /usr/include/openni2, lib: /usr/lib/libOpenNI2.so)
[0.063s] ** WARNING ** io features related to pcap will be disabled
[0.063s] ** WARNING ** io features related to png will be disabled
[0.105s] -- The imported target "vtkParseOGLExt" references the file
[0.105s]    "/usr/bin/vtkParseOGLExt-7.1"
[0.105s] but this file does not exist.  Possible reasons include:
[0.105s] * The file was deleted, renamed, or moved to another location.
[0.105s] * An install or uninstall procedure did not complete successfully.
[0.105s] * The installation package was faulty and contained
[0.105s]    "/usr/lib/cmake/vtk-7.1/VTKTargets.cmake"
[0.105s] but not all the files it references.
[0.105s] 
[0.105s] -- The imported target "vtkRenderingPythonTkWidgets" references the file
[0.105s]    "/usr/lib/x86_64-linux-gnu/libvtkRenderingPythonTkWidgets.so"
[0.105s] but this file does not exist.  Possible reasons include:
[0.105s] * The file was deleted, renamed, or moved to another location.
[0.105s] * An install or uninstall procedure did not complete successfully.
[0.106s] * The installation package was faulty and contained
[0.106s]    "/usr/lib/cmake/vtk-7.1/VTKTargets.cmake"
[0.106s] but not all the files it references.
[0.106s] 
[0.106s] -- The imported target "vtk" references the file
[0.106s]    "/usr/bin/vtk"
[0.106s] but this file does not exist.  Possible reasons include:
[0.106s] * The file was deleted, renamed, or moved to another location.
[0.106s] * An install or uninstall procedure did not complete successfully.
[0.106s] * The installation package was faulty and contained
[0.106s]    "/usr/lib/cmake/vtk-7.1/VTKTargets.cmake"
[0.106s] but not all the files it references.
[0.106s] 
[0.106s] -- The imported target "pvtk" references the file
[0.106s]    "/usr/bin/pvtk"
[0.107s] but this file does not exist.  Possible reasons include:
[0.107s] * The file was deleted, renamed, or moved to another location.
[0.107s] * An install or uninstall procedure did not complete successfully.
[0.107s] * The installation package was faulty and contained
[0.107s]    "/usr/lib/cmake/vtk-7.1/VTKTargets.cmake"
[0.107s] but not all the files it references.
[0.107s] 
[0.117s] ** WARNING ** io features related to libusb-1.0 will be disabled
[0.140s] -- QHULL found (include: /usr/include, lib: optimized;/usr/lib/x86_64-linux-gnu/libqhull.so;debug;/usr/lib/x86_64-linux-gnu/libqhull.so)
[0.165s] -- OpenNI found (include: /usr/include/ni, lib: /usr/lib/libOpenNI.so)
[0.169s] -- OpenNI2 found (include: /usr/include/openni2, lib: /usr/lib/libOpenNI2.so)
[0.178s] -- looking for PCL_COMMON
[0.179s] -- looking for PCL_OCTREE
[0.179s] -- looking for PCL_IO
[0.179s] -- looking for PCL_KDTREE
[0.180s] -- looking for PCL_SEARCH
[0.180s] -- looking for PCL_SURFACE
[0.181s] -- looking for PCL_FILTERS
[0.181s] -- looking for PCL_2D
[0.181s] -- looking for PCL_FEATURES
[0.182s] -- looking for PCL_REGISTRATION
[0.182s] -- looking for PCL_SAMPLE_CONSENSUS
[0.183s] -- looking for PCL_GEOMETRY
[0.183s] -- looking for PCL_ML
[0.183s] -- looking for PCL_SEGMENTATION
[0.184s] -- looking for PCL_VISUALIZATION
[0.195s] -- RTABMap=rtabmap::utilite;rtabmap::core;rtabmap::gui
[0.195s] -- Found ament_cmake: 0.9.11 (/opt/ros/foxy/share/ament_cmake/cmake)
[0.216s] -- Using PYTHON_EXECUTABLE: /usr/bin/python3
[0.345s] -- Override CMake install command with custom implementation using symlinks instead of copying resources
[0.352s] -- Found cv_bridge: 3.0.7 (/opt/ros/foxy/share/cv_bridge/cmake)
[0.365s] -- Using all available rosidl_typesupport_c: rosidl_typesupport_fastrtps_c;rosidl_typesupport_introspection_c
[0.368s] -- Found rosidl_adapter: 1.3.0 (/opt/ros/foxy/share/rosidl_adapter/cmake)
[0.461s] -- Using all available rosidl_typesupport_cpp: rosidl_typesupport_fastrtps_cpp;rosidl_typesupport_introspection_cpp
[0.591s] -- Found image_transport: 2.4.0 (/opt/ros/foxy/share/image_transport/cmake)
[0.622s] -- Found rmw_implementation_cmake: 1.0.4 (/opt/ros/foxy/share/rmw_implementation_cmake/cmake)
[0.624s] -- Using RMW implementation 'rmw_fastrtps_cpp' as default
[0.755s] -- Found rclcpp_components: 2.4.2 (/opt/ros/foxy/share/rclcpp_components/cmake)
[0.792s] -- Found stereo_msgs: 2.0.5 (/opt/ros/foxy/share/stereo_msgs/cmake)
[0.884s] -- Found nav_msgs: 2.0.5 (/opt/ros/foxy/share/nav_msgs/cmake)
[0.938s] -- Found tf2: 0.13.14 (/opt/ros/foxy/share/tf2/cmake)
[0.945s] -- Found tf2_ros: 0.13.14 (/opt/ros/foxy/share/tf2_ros/cmake)
[1.147s] -- Found laser_geometry: 2.2.0 (/opt/ros/foxy/share/laser_geometry/cmake)
[1.150s] -- Found pcl_conversions: 2.2.1 (/opt/ros/foxy/share/pcl_conversions/cmake)
[1.279s] -- Found pcl_ros: 2.2.1 (/opt/ros/foxy/share/pcl_ros/cmake)
[1.571s] -- Found rtabmap_msgs: 0.21.1 (/home/chaung/f_ws/install/rtabmap_msgs/share/rtabmap_msgs/cmake)
[1.687s] -- Found rtabmap_conversions: 0.21.1 (/home/chaung/f_ws/install/rtabmap_conversions/share/rtabmap_conversions/cmake)
[1.801s] -- rtabmap_conversions_TARGETS = rtabmap_conversions::rtabmap_conversions
[1.801s] -- Found octomap_msgs: 2.0.0 (/opt/ros/foxy/share/octomap_msgs/cmake)
[1.857s] -- WITH octomap_msgs
[2.643s] -- Configuring done
[2.676s] CMake Warning at CMakeLists.txt:117 (add_executable):
[2.676s]   Cannot generate a safe runtime search path for target rtabmap_rgbd_relay
[2.676s]   because files in some directories may conflict with libraries in implicit
[2.676s]   directories:
[2.676s] 
[2.676s]     runtime library [liboctomap.so.1.9] in /usr/lib/x86_64-linux-gnu may be hidden by files in:
[2.676s]       /opt/ros/foxy/lib
[2.676s]     runtime library [liboctomath.so.1.9] in /usr/lib/x86_64-linux-gnu may be hidden by files in:
[2.676s]       /opt/ros/foxy/lib
[2.676s] 
[2.676s]   Some of these libraries may not be found correctly.
[2.676s] 
[2.676s] 
[2.715s] CMake Warning at CMakeLists.txt:147 (add_executable):
[2.715s]   Cannot generate a safe runtime search path for target
[2.715s]   rtabmap_point_cloud_xyz because files in some directories may conflict with
[2.715s]   libraries in implicit directories:
[2.715s] 
[2.715s]     runtime library [liboctomap.so.1.9] in /usr/lib/x86_64-linux-gnu may be hidden by files in:
[2.715s]       /opt/ros/foxy/lib
[2.715s]     runtime library [liboctomath.so.1.9] in /usr/lib/x86_64-linux-gnu may be hidden by files in:
[2.715s]       /opt/ros/foxy/lib
[2.715s] 
[2.715s]   Some of these libraries may not be found correctly.
[2.715s] 
[2.715s] 
[2.753s] CMake Warning at CMakeLists.txt:152 (add_executable):
[2.753s]   Cannot generate a safe runtime search path for target
[2.753s]   rtabmap_point_cloud_xyzrgb because files in some directories may conflict
[2.753s]   with libraries in implicit directories:
[2.753s] 
[2.753s]     runtime library [liboctomap.so.1.9] in /usr/lib/x86_64-linux-gnu may be hidden by files in:
[2.753s]       /opt/ros/foxy/lib
[2.753s]     runtime library [liboctomath.so.1.9] in /usr/lib/x86_64-linux-gnu may be hidden by files in:
[2.753s]       /opt/ros/foxy/lib
[2.753s] 
[2.753s]   Some of these libraries may not be found correctly.
[2.753s] 
[2.753s] 
[2.790s] CMake Warning at CMakeLists.txt:122 (add_executable):
[2.790s]   Cannot generate a safe runtime search path for target rtabmap_rgbd_split
[2.791s]   because files in some directories may conflict with libraries in implicit
[2.791s]   directories:
[2.791s] 
[2.791s]     runtime library [liboctomap.so.1.9] in /usr/lib/x86_64-linux-gnu may be hidden by files in:
[2.791s]       /opt/ros/foxy/lib
[2.791s]     runtime library [liboctomath.so.1.9] in /usr/lib/x86_64-linux-gnu may be hidden by files in:
[2.791s]       /opt/ros/foxy/lib
[2.791s] 
[2.791s]   Some of these libraries may not be found correctly.
[2.791s] 
[2.791s] 
[2.831s] CMake Warning at CMakeLists.txt:172 (add_executable):
[2.831s]   Cannot generate a safe runtime search path for target
[2.831s]   rtabmap_obstacles_detection because files in some directories may conflict
[2.831s]   with libraries in implicit directories:
[2.831s] 
[2.831s]     runtime library [liboctomap.so.1.9] in /usr/lib/x86_64-linux-gnu may be hidden by files in:
[2.831s]       /opt/ros/foxy/lib
[2.831s]     runtime library [liboctomath.so.1.9] in /usr/lib/x86_64-linux-gnu may be hidden by files in:
[2.831s]       /opt/ros/foxy/lib
[2.831s] 
[2.831s]   Some of these libraries may not be found correctly.
[2.831s] 
[2.832s] 
[2.869s] CMake Warning at CMakeLists.txt:142 (add_executable):
[2.869s]   Cannot generate a safe runtime search path for target
[2.870s]   rtabmap_lidar_deskewing because files in some directories may conflict with
[2.870s]   libraries in implicit directories:
[2.870s] 
[2.870s]     runtime library [liboctomap.so.1.9] in /usr/lib/x86_64-linux-gnu may be hidden by files in:
[2.870s]       /opt/ros/foxy/lib
[2.870s]     runtime library [liboctomath.so.1.9] in /usr/lib/x86_64-linux-gnu may be hidden by files in:
[2.870s]       /opt/ros/foxy/lib
[2.870s] 
[2.870s]   Some of these libraries may not be found correctly.
[2.870s] 
[2.870s] 
[2.907s] CMake Warning at CMakeLists.txt:167 (add_executable):
[2.907s]   Cannot generate a safe runtime search path for target
[2.907s]   rtabmap_pointcloud_to_depthimage because files in some directories may
[2.907s]   conflict with libraries in implicit directories:
[2.907s] 
[2.907s]     runtime library [liboctomap.so.1.9] in /usr/lib/x86_64-linux-gnu may be hidden by files in:
[2.907s]       /opt/ros/foxy/lib
[2.907s]     runtime library [liboctomath.so.1.9] in /usr/lib/x86_64-linux-gnu may be hidden by files in:
[2.908s]       /opt/ros/foxy/lib
[2.908s] 
[2.908s]   Some of these libraries may not be found correctly.
[2.908s] 
[2.908s] 
[2.945s] CMake Warning at CMakeLists.txt:177 (add_executable):
[2.945s]   Cannot generate a safe runtime search path for target
[2.945s]   rtabmap_point_cloud_aggregator because files in some directories may
[2.945s]   conflict with libraries in implicit directories:
[2.945s] 
[2.945s]     runtime library [liboctomap.so.1.9] in /usr/lib/x86_64-linux-gnu may be hidden by files in:
[2.945s]       /opt/ros/foxy/lib
[2.946s]     runtime library [liboctomath.so.1.9] in /usr/lib/x86_64-linux-gnu may be hidden by files in:
[2.946s]       /opt/ros/foxy/lib
[2.946s] 
[2.946s]   Some of these libraries may not be found correctly.
[2.946s] 
[2.946s] 
[2.983s] CMake Warning at CMakeLists.txt:94 (add_library):
[2.983s]   Cannot generate a safe runtime search path for target rtabmap_util_plugins
[2.983s]   because files in some directories may conflict with libraries in implicit
[2.983s]   directories:
[2.983s] 
[2.983s]     runtime library [liboctomap.so.1.9] in /usr/lib/x86_64-linux-gnu may be hidden by files in:
[2.983s]       /opt/ros/foxy/lib
[2.983s]     runtime library [liboctomath.so.1.9] in /usr/lib/x86_64-linux-gnu may be hidden by files in:
[2.983s]       /opt/ros/foxy/lib
[2.983s] 
[2.983s]   Some of these libraries may not be found correctly.
[2.983s] 
[2.984s] 
[3.020s] CMake Warning at CMakeLists.txt:182 (add_executable):
[3.021s]   Cannot generate a safe runtime search path for target
[3.021s]   rtabmap_point_cloud_assembler because files in some directories may
[3.021s]   conflict with libraries in implicit directories:
[3.021s] 
[3.021s]     runtime library [liboctomap.so.1.9] in /usr/lib/x86_64-linux-gnu may be hidden by files in:
[3.021s]       /opt/ros/foxy/lib
[3.021s]     runtime library [liboctomath.so.1.9] in /usr/lib/x86_64-linux-gnu may be hidden by files in:
[3.021s]       /opt/ros/foxy/lib
[3.021s] 
[3.021s]   Some of these libraries may not be found correctly.
[3.021s] 
[3.021s] 
[3.044s] -- Generating done
[3.046s] -- Build files have been written to: /home/chaung/f_ws/build/rtabmap_util
[3.058s] Invoked command in '/home/chaung/f_ws/build/rtabmap_util' returned '0': CMAKE_PREFIX_PATH=/home/chaung/f_ws/install/rtabmap_conversions:/home/chaung/f_ws/install/rtabmap_python:/home/chaung/f_ws/install/bno055:/opt/ros/foxy:/home/chaung/f_ws/install/rtabmap_msgs:/home/chaung/f_ws/install/rtabmap:/home/chaung/f_ws/install/sllidar_ros2:/home/chaung/f_ws/install/slam_gmapping:/home/chaung/f_ws/install/rtabmap_ros:/home/chaung/f_ws/install/rtabmap_launch:/home/chaung/f_ws/install/rtabmap_examples:/home/chaung/f_ws/install/rtabmap_demos:/home/chaung/f_ws/install/rtabmap_viz:/home/chaung/f_ws/install/rtabmap_slam:/home/chaung/f_ws/install/rtabmap_odom:/home/chaung/f_ws/install/rtabmap_util:/home/chaung/f_ws/install/rtabmap_sync:/home/chaung/f_ws/install/rtabmap_rviz_plugins:/home/chaung/f_ws/install/openslam_gmapping:/home/chaung/f_ws/install/hls_lfcd_lds_driver:/home/chaung/f_ws/install/dynamixel_sdk_examples:/home/chaung/f_ws/install/dynamixel_sdk_custom_interfaces:/home/chaung/f_ws/install/dynamixel_sdk LD_LIBRARY_PATH=/home/chaung/f_ws/install/rtabmap_conversions/lib:/home/chaung/f_ws/install/rtabmap_msgs/lib:/home/chaung/f_ws/install/rtabmap/lib:/home/chaung/f_ws/install/rtabmap_slam/lib:/home/chaung/f_ws/install/rtabmap_odom/lib:/home/chaung/f_ws/install/rtabmap_util/lib:/home/chaung/f_ws/install/rtabmap_sync/lib:/home/chaung/f_ws/install/rtabmap_rviz_plugins/lib:/home/chaung/f_ws/install/openslam_gmapping/lib:/home/chaung/f_ws/install/dynamixel_sdk_custom_interfaces/lib:/home/chaung/f_ws/install/dynamixel_sdk/lib:/usr/lib/x86_64-linux-gnu/gazebo-11/plugins:/opt/ros/foxy/opt/yaml_cpp_vendor/lib:/opt/ros/foxy/opt/rviz_ogre_vendor/lib:/opt/ros/foxy/lib/x86_64-linux-gnu:/opt/ros/foxy/lib PYTHONPATH=/home/chaung/f_ws/install/rtabmap_msgs/lib/python3.8/site-packages:/home/chaung/f_ws/install/rtabmap_python/lib/python3.8/site-packages:/home/chaung/f_ws/install/dynamixel_sdk_custom_interfaces/lib/python3.8/site-packages:/home/chaung/f_ws/install/bno055/lib/python3.8/site-packages:/opt/ros/foxy/lib/python3.8/site-packages /usr/bin/cmake /home/chaung/f_ws/src/rtabmap_ros/rtabmap_util -DAMENT_CMAKE_SYMLINK_INSTALL=1 -DCMAKE_INSTALL_PREFIX=/home/chaung/f_ws/install/rtabmap_util
[3.060s] Invoking command in '/home/chaung/f_ws/build/rtabmap_util': CMAKE_PREFIX_PATH=/home/chaung/f_ws/install/rtabmap_conversions:/home/chaung/f_ws/install/rtabmap_python:/home/chaung/f_ws/install/bno055:/opt/ros/foxy:/home/chaung/f_ws/install/rtabmap_msgs:/home/chaung/f_ws/install/rtabmap:/home/chaung/f_ws/install/sllidar_ros2:/home/chaung/f_ws/install/slam_gmapping:/home/chaung/f_ws/install/rtabmap_ros:/home/chaung/f_ws/install/rtabmap_launch:/home/chaung/f_ws/install/rtabmap_examples:/home/chaung/f_ws/install/rtabmap_demos:/home/chaung/f_ws/install/rtabmap_viz:/home/chaung/f_ws/install/rtabmap_slam:/home/chaung/f_ws/install/rtabmap_odom:/home/chaung/f_ws/install/rtabmap_util:/home/chaung/f_ws/install/rtabmap_sync:/home/chaung/f_ws/install/rtabmap_rviz_plugins:/home/chaung/f_ws/install/openslam_gmapping:/home/chaung/f_ws/install/hls_lfcd_lds_driver:/home/chaung/f_ws/install/dynamixel_sdk_examples:/home/chaung/f_ws/install/dynamixel_sdk_custom_interfaces:/home/chaung/f_ws/install/dynamixel_sdk LD_LIBRARY_PATH=/home/chaung/f_ws/install/rtabmap_conversions/lib:/home/chaung/f_ws/install/rtabmap_msgs/lib:/home/chaung/f_ws/install/rtabmap/lib:/home/chaung/f_ws/install/rtabmap_slam/lib:/home/chaung/f_ws/install/rtabmap_odom/lib:/home/chaung/f_ws/install/rtabmap_util/lib:/home/chaung/f_ws/install/rtabmap_sync/lib:/home/chaung/f_ws/install/rtabmap_rviz_plugins/lib:/home/chaung/f_ws/install/openslam_gmapping/lib:/home/chaung/f_ws/install/dynamixel_sdk_custom_interfaces/lib:/home/chaung/f_ws/install/dynamixel_sdk/lib:/usr/lib/x86_64-linux-gnu/gazebo-11/plugins:/opt/ros/foxy/opt/yaml_cpp_vendor/lib:/opt/ros/foxy/opt/rviz_ogre_vendor/lib:/opt/ros/foxy/lib/x86_64-linux-gnu:/opt/ros/foxy/lib PYTHONPATH=/home/chaung/f_ws/install/rtabmap_msgs/lib/python3.8/site-packages:/home/chaung/f_ws/install/rtabmap_python/lib/python3.8/site-packages:/home/chaung/f_ws/install/dynamixel_sdk_custom_interfaces/lib/python3.8/site-packages:/home/chaung/f_ws/install/bno055/lib/python3.8/site-packages:/opt/ros/foxy/lib/python3.8/site-packages /usr/bin/cmake --build /home/chaung/f_ws/build/rtabmap_util -- -j12 -l12
[3.101s] -- Eigen found (include: /usr/include/eigen3, version: 3.3.7)
[3.113s] -- OpenNI found (include: /usr/include/ni, lib: /usr/lib/libOpenNI.so)
[3.117s] -- OpenNI2 found (include: /usr/include/openni2, lib: /usr/lib/libOpenNI2.so)
[3.117s] ** WARNING ** io features related to pcap will be disabled
[3.117s] ** WARNING ** io features related to png will be disabled
[3.159s] -- The imported target "vtkParseOGLExt" references the file
[3.159s]    "/usr/bin/vtkParseOGLExt-7.1"
[3.159s] but this file does not exist.  Possible reasons include:
[3.159s] * The file was deleted, renamed, or moved to another location.
[3.159s] * An install or uninstall procedure did not complete successfully.
[3.159s] * The installation package was faulty and contained
[3.159s]    "/usr/lib/cmake/vtk-7.1/VTKTargets.cmake"
[3.159s] but not all the files it references.
[3.159s] 
[3.159s] -- The imported target "vtkRenderingPythonTkWidgets" references the file
[3.159s]    "/usr/lib/x86_64-linux-gnu/libvtkRenderingPythonTkWidgets.so"
[3.159s] but this file does not exist.  Possible reasons include:
[3.159s] * The file was deleted, renamed, or moved to another location.
[3.160s] * An install or uninstall procedure did not complete successfully.
[3.160s] * The installation package was faulty and contained
[3.160s]    "/usr/lib/cmake/vtk-7.1/VTKTargets.cmake"
[3.160s] but not all the files it references.
[3.160s] 
[3.160s] -- The imported target "vtk" references the file
[3.160s]    "/usr/bin/vtk"
[3.160s] but this file does not exist.  Possible reasons include:
[3.160s] * The file was deleted, renamed, or moved to another location.
[3.160s] * An install or uninstall procedure did not complete successfully.
[3.160s] * The installation package was faulty and contained
[3.160s]    "/usr/lib/cmake/vtk-7.1/VTKTargets.cmake"
[3.160s] but not all the files it references.
[3.160s] 
[3.160s] -- The imported target "pvtk" references the file
[3.160s]    "/usr/bin/pvtk"
[3.160s] but this file does not exist.  Possible reasons include:
[3.160s] * The file was deleted, renamed, or moved to another location.
[3.161s] * An install or uninstall procedure did not complete successfully.
[3.161s] * The installation package was faulty and contained
[3.161s]    "/usr/lib/cmake/vtk-7.1/VTKTargets.cmake"
[3.161s] but not all the files it references.
[3.161s] 
[3.171s] ** WARNING ** io features related to libusb-1.0 will be disabled
[3.192s] -- QHULL found (include: /usr/include, lib: optimized;/usr/lib/x86_64-linux-gnu/libqhull.so;debug;/usr/lib/x86_64-linux-gnu/libqhull.so)
[3.216s] -- OpenNI found (include: /usr/include/ni, lib: /usr/lib/libOpenNI.so)
[3.220s] -- OpenNI2 found (include: /usr/include/openni2, lib: /usr/lib/libOpenNI2.so)
[3.229s] -- looking for PCL_COMMON
[3.229s] -- looking for PCL_OCTREE
[3.230s] -- looking for PCL_IO
[3.230s] -- looking for PCL_KDTREE
[3.230s] -- looking for PCL_SEARCH
[3.231s] -- looking for PCL_SURFACE
[3.231s] -- looking for PCL_FILTERS
[3.232s] -- looking for PCL_2D
[3.232s] -- looking for PCL_FEATURES
[3.233s] -- looking for PCL_REGISTRATION
[3.233s] -- looking for PCL_SAMPLE_CONSENSUS
[3.233s] -- looking for PCL_GEOMETRY
[3.234s] -- looking for PCL_ML
[3.234s] -- looking for PCL_SEGMENTATION
[3.235s] -- looking for PCL_VISUALIZATION
[3.246s] -- RTABMap=rtabmap::utilite;rtabmap::core;rtabmap::gui
[3.246s] -- Found ament_cmake: 0.9.11 (/opt/ros/foxy/share/ament_cmake/cmake)
[3.267s] -- Using PYTHON_EXECUTABLE: /usr/bin/python3
[3.396s] -- Override CMake install command with custom implementation using symlinks instead of copying resources
[3.402s] -- Found cv_bridge: 3.0.7 (/opt/ros/foxy/share/cv_bridge/cmake)
[3.415s] -- Using all available rosidl_typesupport_c: rosidl_typesupport_fastrtps_c;rosidl_typesupport_introspection_c
[3.417s] -- Found rosidl_adapter: 1.3.0 (/opt/ros/foxy/share/rosidl_adapter/cmake)
[3.504s] -- Using all available rosidl_typesupport_cpp: rosidl_typesupport_fastrtps_cpp;rosidl_typesupport_introspection_cpp
[3.632s] -- Found image_transport: 2.4.0 (/opt/ros/foxy/share/image_transport/cmake)
[3.661s] -- Found rmw_implementation_cmake: 1.0.4 (/opt/ros/foxy/share/rmw_implementation_cmake/cmake)
[3.663s] -- Using RMW implementation 'rmw_fastrtps_cpp' as default
[3.790s] -- Found rclcpp_components: 2.4.2 (/opt/ros/foxy/share/rclcpp_components/cmake)
[3.826s] -- Found stereo_msgs: 2.0.5 (/opt/ros/foxy/share/stereo_msgs/cmake)
[3.913s] -- Found nav_msgs: 2.0.5 (/opt/ros/foxy/share/nav_msgs/cmake)
[3.966s] -- Found tf2: 0.13.14 (/opt/ros/foxy/share/tf2/cmake)
[3.972s] -- Found tf2_ros: 0.13.14 (/opt/ros/foxy/share/tf2_ros/cmake)
[4.169s] -- Found laser_geometry: 2.2.0 (/opt/ros/foxy/share/laser_geometry/cmake)
[4.172s] -- Found pcl_conversions: 2.2.1 (/opt/ros/foxy/share/pcl_conversions/cmake)
[4.294s] -- Found pcl_ros: 2.2.1 (/opt/ros/foxy/share/pcl_ros/cmake)
[4.562s] -- Found rtabmap_msgs: 0.21.1 (/home/chaung/f_ws/install/rtabmap_msgs/share/rtabmap_msgs/cmake)
[4.671s] -- Found rtabmap_conversions: 0.21.1 (/home/chaung/f_ws/install/rtabmap_conversions/share/rtabmap_conversions/cmake)
[4.776s] -- rtabmap_conversions_TARGETS = rtabmap_conversions::rtabmap_conversions
[4.776s] -- Found octomap_msgs: 2.0.0 (/opt/ros/foxy/share/octomap_msgs/cmake)
[4.824s] -- WITH octomap_msgs
[5.573s] -- Configuring done
[5.605s] CMake Warning at CMakeLists.txt:117 (add_executable):
[5.605s]   Cannot generate a safe runtime search path for target rtabmap_rgbd_relay
[5.605s]   because files in some directories may conflict with libraries in implicit
[5.605s]   directories:
[5.605s] 
[5.605s]     runtime library [liboctomap.so.1.9] in /usr/lib/x86_64-linux-gnu may be hidden by files in:
[5.605s]       /opt/ros/foxy/lib
[5.605s]     runtime library [liboctomath.so.1.9] in /usr/lib/x86_64-linux-gnu may be hidden by files in:
[5.605s]       /opt/ros/foxy/lib
[5.605s] 
[5.605s]   Some of these libraries may not be found correctly.
[5.605s] 
[5.605s] 
[5.641s] CMake Warning at CMakeLists.txt:147 (add_executable):
[5.641s]   Cannot generate a safe runtime search path for target
[5.641s]   rtabmap_point_cloud_xyz because files in some directories may conflict with
[5.641s]   libraries in implicit directories:
[5.641s] 
[5.641s]     runtime library [liboctomap.so.1.9] in /usr/lib/x86_64-linux-gnu may be hidden by files in:
[5.641s]       /opt/ros/foxy/lib
[5.641s]     runtime library [liboctomath.so.1.9] in /usr/lib/x86_64-linux-gnu may be hidden by files in:
[5.641s]       /opt/ros/foxy/lib
[5.641s] 
[5.641s]   Some of these libraries may not be found correctly.
[5.641s] 
[5.641s] 
[5.677s] CMake Warning at CMakeLists.txt:152 (add_executable):
[5.677s]   Cannot generate a safe runtime search path for target
[5.677s]   rtabmap_point_cloud_xyzrgb because files in some directories may conflict
[5.677s]   with libraries in implicit directories:
[5.678s] 
[5.678s]     runtime library [liboctomap.so.1.9] in /usr/lib/x86_64-linux-gnu may be hidden by files in:
[5.678s]       /opt/ros/foxy/lib
[5.678s]     runtime library [liboctomath.so.1.9] in /usr/lib/x86_64-linux-gnu may be hidden by files in:
[5.678s]       /opt/ros/foxy/lib
[5.678s] 
[5.678s]   Some of these libraries may not be found correctly.
[5.678s] 
[5.678s] 
[5.713s] CMake Warning at CMakeLists.txt:122 (add_executable):
[5.713s]   Cannot generate a safe runtime search path for target rtabmap_rgbd_split
[5.713s]   because files in some directories may conflict with libraries in implicit
[5.713s]   directories:
[5.713s] 
[5.713s]     runtime library [liboctomap.so.1.9] in /usr/lib/x86_64-linux-gnu may be hidden by files in:
[5.713s]       /opt/ros/foxy/lib
[5.713s]     runtime library [liboctomath.so.1.9] in /usr/lib/x86_64-linux-gnu may be hidden by files in:
[5.714s]       /opt/ros/foxy/lib
[5.714s] 
[5.714s]   Some of these libraries may not be found correctly.
[5.714s] 
[5.714s] 
[5.749s] CMake Warning at CMakeLists.txt:172 (add_executable):
[5.749s]   Cannot generate a safe runtime search path for target
[5.749s]   rtabmap_obstacles_detection because files in some directories may conflict
[5.750s]   with libraries in implicit directories:
[5.750s] 
[5.750s]     runtime library [liboctomap.so.1.9] in /usr/lib/x86_64-linux-gnu may be hidden by files in:
[5.750s]       /opt/ros/foxy/lib
[5.750s]     runtime library [liboctomath.so.1.9] in /usr/lib/x86_64-linux-gnu may be hidden by files in:
[5.750s]       /opt/ros/foxy/lib
[5.750s] 
[5.750s]   Some of these libraries may not be found correctly.
[5.750s] 
[5.750s] 
[5.786s] CMake Warning at CMakeLists.txt:142 (add_executable):
[5.786s]   Cannot generate a safe runtime search path for target
[5.786s]   rtabmap_lidar_deskewing because files in some directories may conflict with
[5.786s]   libraries in implicit directories:
[5.786s] 
[5.786s]     runtime library [liboctomap.so.1.9] in /usr/lib/x86_64-linux-gnu may be hidden by files in:
[5.786s]       /opt/ros/foxy/lib
[5.786s]     runtime library [liboctomath.so.1.9] in /usr/lib/x86_64-linux-gnu may be hidden by files in:
[5.786s]       /opt/ros/foxy/lib
[5.786s] 
[5.786s]   Some of these libraries may not be found correctly.
[5.786s] 
[5.787s] 
[5.822s] CMake Warning at CMakeLists.txt:167 (add_executable):
[5.822s]   Cannot generate a safe runtime search path for target
[5.822s]   rtabmap_pointcloud_to_depthimage because files in some directories may
[5.822s]   conflict with libraries in implicit directories:
[5.822s] 
[5.822s]     runtime library [liboctomap.so.1.9] in /usr/lib/x86_64-linux-gnu may be hidden by files in:
[5.822s]       /opt/ros/foxy/lib
[5.822s]     runtime library [liboctomath.so.1.9] in /usr/lib/x86_64-linux-gnu may be hidden by files in:
[5.822s]       /opt/ros/foxy/lib
[5.822s] 
[5.822s]   Some of these libraries may not be found correctly.
[5.822s] 
[5.822s] 
[5.859s] CMake Warning at CMakeLists.txt:177 (add_executable):
[5.859s]   Cannot generate a safe runtime search path for target
[5.859s]   rtabmap_point_cloud_aggregator because files in some directories may
[5.859s]   conflict with libraries in implicit directories:
[5.859s] 
[5.859s]     runtime library [liboctomap.so.1.9] in /usr/lib/x86_64-linux-gnu may be hidden by files in:
[5.859s]       /opt/ros/foxy/lib
[5.859s]     runtime library [liboctomath.so.1.9] in /usr/lib/x86_64-linux-gnu may be hidden by files in:
[5.859s]       /opt/ros/foxy/lib
[5.859s] 
[5.859s]   Some of these libraries may not be found correctly.
[5.859s] 
[5.859s] 
[5.895s] CMake Warning at CMakeLists.txt:94 (add_library):
[5.895s]   Cannot generate a safe runtime search path for target rtabmap_util_plugins
[5.895s]   because files in some directories may conflict with libraries in implicit
[5.895s]   directories:
[5.895s] 
[5.895s]     runtime library [liboctomap.so.1.9] in /usr/lib/x86_64-linux-gnu may be hidden by files in:
[5.895s]       /opt/ros/foxy/lib
[5.895s]     runtime library [liboctomath.so.1.9] in /usr/lib/x86_64-linux-gnu may be hidden by files in:
[5.895s]       /opt/ros/foxy/lib
[5.895s] 
[5.895s]   Some of these libraries may not be found correctly.
[5.895s] 
[5.896s] 
[5.930s] CMake Warning at CMakeLists.txt:182 (add_executable):
[5.931s]   Cannot generate a safe runtime search path for target
[5.931s]   rtabmap_point_cloud_assembler because files in some directories may
[5.931s]   conflict with libraries in implicit directories:
[5.931s] 
[5.931s]     runtime library [liboctomap.so.1.9] in /usr/lib/x86_64-linux-gnu may be hidden by files in:
[5.931s]       /opt/ros/foxy/lib
[5.931s]     runtime library [liboctomath.so.1.9] in /usr/lib/x86_64-linux-gnu may be hidden by files in:
[5.931s]       /opt/ros/foxy/lib
[5.931s] 
[5.931s]   Some of these libraries may not be found correctly.
[5.931s] 
[5.931s] 
[5.951s] -- Generating done
[5.953s] -- Build files have been written to: /home/chaung/f_ws/build/rtabmap_util
[6.065s] [ 37%] Built target rtabmap_util_plugins
[6.094s] [ 44%] Built target rtabmap_rgbd_split
[6.097s] [ 51%] Built target rtabmap_pointcloud_to_depthimage
[6.097s] [ 58%] Built target rtabmap_rgbd_relay
[6.097s] [ 65%] Built target rtabmap_point_cloud_aggregator
[6.098s] [ 72%] Built target rtabmap_lidar_deskewing
[6.099s] [ 79%] Built target rtabmap_point_cloud_xyz
[6.099s] [ 86%] Built target rtabmap_point_cloud_xyzrgb
[6.104s] [ 93%] Built target rtabmap_obstacles_detection
[6.104s] [100%] Built target rtabmap_point_cloud_assembler
[6.115s] Invoked command in '/home/chaung/f_ws/build/rtabmap_util' returned '0': CMAKE_PREFIX_PATH=/home/chaung/f_ws/install/rtabmap_conversions:/home/chaung/f_ws/install/rtabmap_python:/home/chaung/f_ws/install/bno055:/opt/ros/foxy:/home/chaung/f_ws/install/rtabmap_msgs:/home/chaung/f_ws/install/rtabmap:/home/chaung/f_ws/install/sllidar_ros2:/home/chaung/f_ws/install/slam_gmapping:/home/chaung/f_ws/install/rtabmap_ros:/home/chaung/f_ws/install/rtabmap_launch:/home/chaung/f_ws/install/rtabmap_examples:/home/chaung/f_ws/install/rtabmap_demos:/home/chaung/f_ws/install/rtabmap_viz:/home/chaung/f_ws/install/rtabmap_slam:/home/chaung/f_ws/install/rtabmap_odom:/home/chaung/f_ws/install/rtabmap_util:/home/chaung/f_ws/install/rtabmap_sync:/home/chaung/f_ws/install/rtabmap_rviz_plugins:/home/chaung/f_ws/install/openslam_gmapping:/home/chaung/f_ws/install/hls_lfcd_lds_driver:/home/chaung/f_ws/install/dynamixel_sdk_examples:/home/chaung/f_ws/install/dynamixel_sdk_custom_interfaces:/home/chaung/f_ws/install/dynamixel_sdk LD_LIBRARY_PATH=/home/chaung/f_ws/install/rtabmap_conversions/lib:/home/chaung/f_ws/install/rtabmap_msgs/lib:/home/chaung/f_ws/install/rtabmap/lib:/home/chaung/f_ws/install/rtabmap_slam/lib:/home/chaung/f_ws/install/rtabmap_odom/lib:/home/chaung/f_ws/install/rtabmap_util/lib:/home/chaung/f_ws/install/rtabmap_sync/lib:/home/chaung/f_ws/install/rtabmap_rviz_plugins/lib:/home/chaung/f_ws/install/openslam_gmapping/lib:/home/chaung/f_ws/install/dynamixel_sdk_custom_interfaces/lib:/home/chaung/f_ws/install/dynamixel_sdk/lib:/usr/lib/x86_64-linux-gnu/gazebo-11/plugins:/opt/ros/foxy/opt/yaml_cpp_vendor/lib:/opt/ros/foxy/opt/rviz_ogre_vendor/lib:/opt/ros/foxy/lib/x86_64-linux-gnu:/opt/ros/foxy/lib PYTHONPATH=/home/chaung/f_ws/install/rtabmap_msgs/lib/python3.8/site-packages:/home/chaung/f_ws/install/rtabmap_python/lib/python3.8/site-packages:/home/chaung/f_ws/install/dynamixel_sdk_custom_interfaces/lib/python3.8/site-packages:/home/chaung/f_ws/install/bno055/lib/python3.8/site-packages:/opt/ros/foxy/lib/python3.8/site-packages /usr/bin/cmake --build /home/chaung/f_ws/build/rtabmap_util -- -j12 -l12
[6.173s] Invoking command in '/home/chaung/f_ws/build/rtabmap_util': CMAKE_PREFIX_PATH=/home/chaung/f_ws/install/rtabmap_conversions:/home/chaung/f_ws/install/rtabmap_python:/home/chaung/f_ws/install/bno055:/opt/ros/foxy:/home/chaung/f_ws/install/rtabmap_msgs:/home/chaung/f_ws/install/rtabmap:/home/chaung/f_ws/install/sllidar_ros2:/home/chaung/f_ws/install/slam_gmapping:/home/chaung/f_ws/install/rtabmap_ros:/home/chaung/f_ws/install/rtabmap_launch:/home/chaung/f_ws/install/rtabmap_examples:/home/chaung/f_ws/install/rtabmap_demos:/home/chaung/f_ws/install/rtabmap_viz:/home/chaung/f_ws/install/rtabmap_slam:/home/chaung/f_ws/install/rtabmap_odom:/home/chaung/f_ws/install/rtabmap_util:/home/chaung/f_ws/install/rtabmap_sync:/home/chaung/f_ws/install/rtabmap_rviz_plugins:/home/chaung/f_ws/install/openslam_gmapping:/home/chaung/f_ws/install/hls_lfcd_lds_driver:/home/chaung/f_ws/install/dynamixel_sdk_examples:/home/chaung/f_ws/install/dynamixel_sdk_custom_interfaces:/home/chaung/f_ws/install/dynamixel_sdk LD_LIBRARY_PATH=/home/chaung/f_ws/install/rtabmap_conversions/lib:/home/chaung/f_ws/install/rtabmap_msgs/lib:/home/chaung/f_ws/install/rtabmap/lib:/home/chaung/f_ws/install/rtabmap_slam/lib:/home/chaung/f_ws/install/rtabmap_odom/lib:/home/chaung/f_ws/install/rtabmap_util/lib:/home/chaung/f_ws/install/rtabmap_sync/lib:/home/chaung/f_ws/install/rtabmap_rviz_plugins/lib:/home/chaung/f_ws/install/openslam_gmapping/lib:/home/chaung/f_ws/install/dynamixel_sdk_custom_interfaces/lib:/home/chaung/f_ws/install/dynamixel_sdk/lib:/usr/lib/x86_64-linux-gnu/gazebo-11/plugins:/opt/ros/foxy/opt/yaml_cpp_vendor/lib:/opt/ros/foxy/opt/rviz_ogre_vendor/lib:/opt/ros/foxy/lib/x86_64-linux-gnu:/opt/ros/foxy/lib PYTHONPATH=/home/chaung/f_ws/install/rtabmap_msgs/lib/python3.8/site-packages:/home/chaung/f_ws/install/rtabmap_python/lib/python3.8/site-packages:/home/chaung/f_ws/install/dynamixel_sdk_custom_interfaces/lib/python3.8/site-packages:/home/chaung/f_ws/install/bno055/lib/python3.8/site-packages:/opt/ros/foxy/lib/python3.8/site-packages /usr/bin/cmake --install /home/chaung/f_ws/build/rtabmap_util
[6.182s] -- Install configuration: ""
[6.183s] -- Execute custom install script
[6.183s] -- Up-to-date symlink: /home/chaung/f_ws/install/rtabmap_util/share/rtabmap_util/environment/library_path.sh
[6.183s] -- Up-to-date symlink: /home/chaung/f_ws/install/rtabmap_util/share/rtabmap_util/environment/library_path.dsv
[6.183s] -- Up-to-date symlink: /home/chaung/f_ws/install/rtabmap_util/lib/rtabmap_util/transform_to_tf.py
[6.183s] -- Up-to-date symlink: /home/chaung/f_ws/install/rtabmap_util/lib/rtabmap_util/yaml_to_camera_info.py
[6.184s] -- Up-to-date symlink: /home/chaung/f_ws/install/rtabmap_util/lib/rtabmap_util/rgbd_relay
[6.184s] -- Up-to-date symlink: /home/chaung/f_ws/install/rtabmap_util/lib/rtabmap_util/rgbd_split
[6.184s] -- Up-to-date symlink: /home/chaung/f_ws/install/rtabmap_util/lib/rtabmap_util/lidar_deskewing
[6.184s] -- Up-to-date symlink: /home/chaung/f_ws/install/rtabmap_util/lib/rtabmap_util/point_cloud_xyz
[6.184s] -- Up-to-date symlink: /home/chaung/f_ws/install/rtabmap_util/lib/rtabmap_util/point_cloud_xyzrgb
[6.184s] -- Up-to-date symlink: /home/chaung/f_ws/install/rtabmap_util/lib/rtabmap_util/pointcloud_to_depthimage
[6.185s] -- Up-to-date symlink: /home/chaung/f_ws/install/rtabmap_util/lib/rtabmap_util/obstacles_detection
[6.185s] -- Up-to-date symlink: /home/chaung/f_ws/install/rtabmap_util/lib/rtabmap_util/point_cloud_aggregator
[6.185s] -- Up-to-date symlink: /home/chaung/f_ws/install/rtabmap_util/lib/rtabmap_util/point_cloud_assembler
[6.185s] -- Up-to-date symlink: /home/chaung/f_ws/install/rtabmap_util/share/ament_index/resource_index/package_run_dependencies/rtabmap_util
[6.185s] -- Up-to-date symlink: /home/chaung/f_ws/install/rtabmap_util/share/ament_index/resource_index/parent_prefix_path/rtabmap_util
[6.186s] -- Up-to-date symlink: /home/chaung/f_ws/install/rtabmap_util/share/rtabmap_util/environment/ament_prefix_path.sh
[6.186s] -- Up-to-date symlink: /home/chaung/f_ws/install/rtabmap_util/share/rtabmap_util/environment/ament_prefix_path.dsv
[6.186s] -- Up-to-date symlink: /home/chaung/f_ws/install/rtabmap_util/share/rtabmap_util/environment/path.sh
[6.186s] -- Up-to-date symlink: /home/chaung/f_ws/install/rtabmap_util/share/rtabmap_util/environment/path.dsv
[6.186s] -- Up-to-date symlink: /home/chaung/f_ws/install/rtabmap_util/share/rtabmap_util/local_setup.bash
[6.186s] -- Up-to-date symlink: /home/chaung/f_ws/install/rtabmap_util/share/rtabmap_util/local_setup.sh
[6.186s] -- Up-to-date symlink: /home/chaung/f_ws/install/rtabmap_util/share/rtabmap_util/local_setup.zsh
[6.187s] -- Up-to-date symlink: /home/chaung/f_ws/install/rtabmap_util/share/rtabmap_util/local_setup.dsv
[6.187s] -- Symlinking: /home/chaung/f_ws/install/rtabmap_util/share/rtabmap_util/package.dsv
[6.199s] -- Up-to-date symlink: /home/chaung/f_ws/install/rtabmap_util/share/ament_index/resource_index/packages/rtabmap_util
[6.199s] -- Up-to-date symlink: /home/chaung/f_ws/install/rtabmap_util/share/ament_index/resource_index/rclcpp_components/rtabmap_util
[6.199s] -- Up-to-date symlink: /home/chaung/f_ws/install/rtabmap_util/share/rtabmap_util/cmake/ament_cmake_export_dependencies-extras.cmake
[6.199s] -- Up-to-date symlink: /home/chaung/f_ws/install/rtabmap_util/share/rtabmap_util/cmake/ament_cmake_export_include_directories-extras.cmake
[6.200s] -- Up-to-date symlink: /home/chaung/f_ws/install/rtabmap_util/share/rtabmap_util/cmake/ament_cmake_export_targets-extras.cmake
[6.200s] -- Up-to-date symlink: /home/chaung/f_ws/install/rtabmap_util/share/rtabmap_util/cmake/ament_cmake_export_libraries-extras.cmake
[6.200s] -- Up-to-date symlink: /home/chaung/f_ws/install/rtabmap_util/share/rtabmap_util/cmake/rtabmap_utilConfig.cmake
[6.200s] -- Up-to-date symlink: /home/chaung/f_ws/install/rtabmap_util/share/rtabmap_util/cmake/rtabmap_utilConfig-version.cmake
[6.200s] -- Up-to-date symlink: /home/chaung/f_ws/install/rtabmap_util/share/rtabmap_util/package.xml
[6.201s] -- Up-to-date: /home/chaung/f_ws/install/rtabmap_util/lib/librtabmap_util_plugins.so
[6.201s] -- Up-to-date: /home/chaung/f_ws/install/rtabmap_util/include
[6.201s] -- Up-to-date: /home/chaung/f_ws/install/rtabmap_util/include/rtabmap_util
[6.201s] -- Up-to-date: /home/chaung/f_ws/install/rtabmap_util/include/rtabmap_util/MapsManager.h
[6.201s] -- Up-to-date: /home/chaung/f_ws/install/rtabmap_util/include/rtabmap_util/visibility.h
[6.201s] -- Up-to-date: /home/chaung/f_ws/install/rtabmap_util/include/rtabmap_util/ULogToRosout.h
[6.201s] -- Up-to-date: /home/chaung/f_ws/install/rtabmap_util/share/rtabmap_util/cmake/rtabmap_utilExport.cmake
[6.201s] -- Installing: /home/chaung/f_ws/install/rtabmap_util/share/rtabmap_util/cmake/rtabmap_utilExport-noconfig.cmake
[6.205s] Invoked command in '/home/chaung/f_ws/build/rtabmap_util' returned '0': CMAKE_PREFIX_PATH=/home/chaung/f_ws/install/rtabmap_conversions:/home/chaung/f_ws/install/rtabmap_python:/home/chaung/f_ws/install/bno055:/opt/ros/foxy:/home/chaung/f_ws/install/rtabmap_msgs:/home/chaung/f_ws/install/rtabmap:/home/chaung/f_ws/install/sllidar_ros2:/home/chaung/f_ws/install/slam_gmapping:/home/chaung/f_ws/install/rtabmap_ros:/home/chaung/f_ws/install/rtabmap_launch:/home/chaung/f_ws/install/rtabmap_examples:/home/chaung/f_ws/install/rtabmap_demos:/home/chaung/f_ws/install/rtabmap_viz:/home/chaung/f_ws/install/rtabmap_slam:/home/chaung/f_ws/install/rtabmap_odom:/home/chaung/f_ws/install/rtabmap_util:/home/chaung/f_ws/install/rtabmap_sync:/home/chaung/f_ws/install/rtabmap_rviz_plugins:/home/chaung/f_ws/install/openslam_gmapping:/home/chaung/f_ws/install/hls_lfcd_lds_driver:/home/chaung/f_ws/install/dynamixel_sdk_examples:/home/chaung/f_ws/install/dynamixel_sdk_custom_interfaces:/home/chaung/f_ws/install/dynamixel_sdk LD_LIBRARY_PATH=/home/chaung/f_ws/install/rtabmap_conversions/lib:/home/chaung/f_ws/install/rtabmap_msgs/lib:/home/chaung/f_ws/install/rtabmap/lib:/home/chaung/f_ws/install/rtabmap_slam/lib:/home/chaung/f_ws/install/rtabmap_odom/lib:/home/chaung/f_ws/install/rtabmap_util/lib:/home/chaung/f_ws/install/rtabmap_sync/lib:/home/chaung/f_ws/install/rtabmap_rviz_plugins/lib:/home/chaung/f_ws/install/openslam_gmapping/lib:/home/chaung/f_ws/install/dynamixel_sdk_custom_interfaces/lib:/home/chaung/f_ws/install/dynamixel_sdk/lib:/usr/lib/x86_64-linux-gnu/gazebo-11/plugins:/opt/ros/foxy/opt/yaml_cpp_vendor/lib:/opt/ros/foxy/opt/rviz_ogre_vendor/lib:/opt/ros/foxy/lib/x86_64-linux-gnu:/opt/ros/foxy/lib PYTHONPATH=/home/chaung/f_ws/install/rtabmap_msgs/lib/python3.8/site-packages:/home/chaung/f_ws/install/rtabmap_python/lib/python3.8/site-packages:/home/chaung/f_ws/install/dynamixel_sdk_custom_interfaces/lib/python3.8/site-packages:/home/chaung/f_ws/install/bno055/lib/python3.8/site-packages:/opt/ros/foxy/lib/python3.8/site-packages /usr/bin/cmake --install /home/chaung/f_ws/build/rtabmap_util
