[0.016s] Invoking command in '/home/chaung/f_ws/build/rtabmap_rviz_plugins': AMENT_PREFIX_PATH=/home/chaung/f_ws/install/rtabmap_conversions:${AMENT_PREFIX_PATH} CMAKE_PREFIX_PATH=/home/chaung/f_ws/install/rtabmap_conversions:/home/chaung/f_ws/install/openslam_gmapping:/home/chaung/f_ws/install/bno055:/opt/ros/foxy:/home/chaung/f_ws/install/rtabmap_msgs:/home/chaung/f_ws/install/rtabmap:${CMAKE_PREFIX_PATH} LD_LIBRARY_PATH=/home/chaung/f_ws/install/rtabmap_conversions/lib:/home/chaung/f_ws/install/rtabmap_msgs/lib:/home/chaung/f_ws/install/rtabmap/lib:${LD_LIBRARY_PATH} PATH=/home/chaung/f_ws/install/rtabmap/bin:${PATH} PKG_CONFIG_PATH=/home/chaung/f_ws/install/rtabmap_msgs/lib/x86_64-linux-gnu/pkgconfig:/home/chaung/f_ws/install/rtabmap_msgs/lib/pkgconfig:/home/chaung/f_ws/install/rtabmap/lib/x86_64-linux-gnu/pkgconfig:/home/chaung/f_ws/install/rtabmap/lib/pkgconfig:${PKG_CONFIG_PATH} PYTHONPATH=/home/chaung/f_ws/install/rtabmap_msgs/lib/python3.8/site-packages:${PYTHONPATH} ROS_PACKAGE_PATH=/home/chaung/f_ws/install/rtabmap_msgs/share /usr/bin/cmake /home/chaung/f_ws/src/rtabmap_ros/rtabmap_rviz_plugins -DAMENT_CMAKE_SYMLINK_INSTALL=1 -DCMAKE_INSTALL_PREFIX=/home/chaung/f_ws/install/rtabmap_rviz_plugins
[0.056s] -- The C compiler identification is GNU 9.4.0
[0.098s] -- The CXX compiler identification is GNU 9.4.0
[0.102s] -- Check for working C compiler: /usr/bin/cc
[0.151s] -- Check for working C compiler: /usr/bin/cc -- works
[0.151s] -- Detecting C compiler ABI info
[0.201s] -- Detecting C compiler ABI info - done
[0.211s] -- Detecting C compile features
[0.211s] -- Detecting C compile features - done
[0.213s] -- Check for working CXX compiler: /usr/bin/c++
[0.273s] -- Check for working CXX compiler: /usr/bin/c++ -- works
[0.274s] -- Detecting CXX compiler ABI info
[0.331s] -- Detecting CXX compiler ABI info - done
[0.341s] -- Detecting CXX compile features
[0.341s] -- Detecting CXX compile features - done
[0.342s] -- Found ament_cmake_ros: 0.9.2 (/opt/ros/foxy/share/ament_cmake_ros/cmake)
[0.370s] -- Found PythonInterp: /usr/bin/python3 (found suitable version "3.8.10", minimum required is "3") 
[0.370s] -- Using PYTHON_EXECUTABLE: /usr/bin/python3
[0.502s] -- Override CMake install command with custom implementation using symlinks instead of copying resources
[0.524s] -- Found pcl_conversions: 2.2.1 (/opt/ros/foxy/share/pcl_conversions/cmake)
[0.551s] -- Using all available rosidl_typesupport_c: rosidl_typesupport_fastrtps_c;rosidl_typesupport_introspection_c
[0.556s] -- Found rosidl_adapter: 1.3.0 (/opt/ros/foxy/share/rosidl_adapter/cmake)
[0.611s] -- Found OpenSSL: /usr/lib/x86_64-linux-gnu/libcrypto.so (found version "1.1.1f")  
[0.635s] -- Found FastRTPS: /opt/ros/foxy/include  
[0.695s] -- Using all available rosidl_typesupport_cpp: rosidl_typesupport_fastrtps_cpp;rosidl_typesupport_introspection_cpp
[0.976s] -- Found rmw_implementation_cmake: 1.0.4 (/opt/ros/foxy/share/rmw_implementation_cmake/cmake)
[0.977s] -- Using RMW implementation 'rmw_fastrtps_cpp' as default
[0.978s] -- Looking for pthread.h
[1.033s] -- Looking for pthread.h - found
[1.033s] -- Performing Test CMAKE_HAVE_LIBC_PTHREAD
[1.085s] -- Performing Test CMAKE_HAVE_LIBC_PTHREAD - Failed
[1.085s] -- Looking for pthread_create in pthreads
[1.128s] -- Looking for pthread_create in pthreads - not found
[1.129s] -- Looking for pthread_create in pthread
[1.182s] -- Looking for pthread_create in pthread - found
[1.183s] -- Found Threads: TRUE  
[1.313s] -- Found pluginlib: 2.5.4 (/opt/ros/foxy/share/pluginlib/cmake)
[1.337s] -- Found rviz_common: 8.2.8 (/opt/ros/foxy/share/rviz_common/cmake)
[1.352s] -- Setting OGRE_DIR to: '/opt/ros/foxy/share/rviz_ogre_vendor/cmake/../../../opt/rviz_ogre_vendor/lib/OGRE/cmake'
[1.355s] -- Found OGRE
[1.355s] --   static     : OFF
[1.355s] --   components : HLMS;MeshLodGenerator;Overlay;Paging;Property;RTShaderSystem;Terrain;Volume
[1.355s] --   plugins    : Plugin_BSPSceneManager;Plugin_OctreeSceneManager;Plugin_PCZSceneManager;Plugin_ParticleFX;RenderSystem_GL;RenderSystem_GL3Plus;Codec_STBI
[1.355s] --   media      : /opt/ros/foxy/opt/rviz_ogre_vendor/share/OGRE/Media
[1.356s] -- OGRE_LIBRARIES: OgreHLMS;OgreMeshLodGenerator;OgreOverlay;OgrePaging;OgreProperty;OgreRTShaderSystem;OgreTerrain;OgreVolume;OgreMain
[1.356s] -- OGRE_LIBRARY_DIRS: /opt/ros/foxy/opt/rviz_ogre_vendor/lib
[1.356s] -- OGRE_PLUGINS: Plugin_BSPSceneManager;Plugin_OctreeSceneManager;Plugin_PCZSceneManager;Plugin_ParticleFX;RenderSystem_GL;RenderSystem_GL3Plus;Codec_STBI
[1.356s] -- OGRE_PLUGIN_DIR: /opt/ros/foxy/opt/rviz_ogre_vendor/lib/OGRE
[1.356s] -- rviz_ogre_vendor::OgreOverlay for IMPORTED_LOCATION_RELEASE: /opt/ros/foxy/opt/rviz_ogre_vendor/lib/libOgreOverlay.so
[1.356s] -- rviz_ogre_vendor::OgreOverlay for IMPORTED_LOCATION_DEBUG: /opt/ros/foxy/opt/rviz_ogre_vendor/lib/libOgreOverlay.so
[1.356s] -- rviz_ogre_vendor::OgreMain for IMPORTED_LOCATION_RELEASE: /opt/ros/foxy/opt/rviz_ogre_vendor/lib/libOgreMain.so
[1.356s] -- rviz_ogre_vendor::OgreMain for IMPORTED_LOCATION_DEBUG: /opt/ros/foxy/opt/rviz_ogre_vendor/lib/libOgreMain.so
[1.376s] -- Found ZLIB: /usr/lib/x86_64-linux-gnu/libz.so (found version "1.2.11") 
[1.381s] -- Found OpenGL: /usr/lib/x86_64-linux-gnu/libOpenGL.so   
[1.455s] -- Found X11: /usr/include   
[1.456s] -- Looking for XOpenDisplay in /usr/lib/x86_64-linux-gnu/libX11.so;/usr/lib/x86_64-linux-gnu/libXext.so
[1.513s] -- Looking for XOpenDisplay in /usr/lib/x86_64-linux-gnu/libX11.so;/usr/lib/x86_64-linux-gnu/libXext.so - found
[1.513s] -- Looking for gethostbyname
[1.567s] -- Looking for gethostbyname - found
[1.567s] -- Looking for connect
[1.617s] -- Looking for connect - found
[1.617s] -- Looking for remove
[1.672s] -- Looking for remove - found
[1.672s] -- Looking for shmat
[1.726s] -- Looking for shmat - found
[1.727s] -- Looking for IceConnectionNumber in ICE
[1.782s] -- Looking for IceConnectionNumber in ICE - found
[1.785s] -- rviz_ogre_vendor::RenderSystem_GL for IMPORTED_LOCATION_RELEASE: _render_system_gl_static_library_abs-NOTFOUND
[1.785s] -- rviz_ogre_vendor::RenderSystem_GL for IMPORTED_LOCATION_DEBUG: _render_system_gl_static_library_abs-NOTFOUND
[1.791s] -- library: libassimp.so.5
[1.849s] -- library: /usr/lib/x86_64-linux-gnu/libcurl.so
[1.892s] -- Found Eigen3: TRUE (found version "3.3.7") 
[2.222s] -- Setting yaml-cpp_DIR to: '/opt/ros/foxy/share/yaml_cpp_vendor/cmake/../../../opt/yaml_cpp_vendor/lib/cmake/yaml-cpp'
[2.228s] -- Found rviz_default_plugins: 8.2.8 (/opt/ros/foxy/share/rviz_default_plugins/cmake)
[2.623s] -- Found rtabmap_conversions: 0.21.1 (/home/chaung/f_ws/install/rtabmap_conversions/share/rtabmap_conversions/cmake)
[2.881s] -- Checking for module 'eigen3'
[2.893s] --   Found eigen3, version 3.3.7
[2.916s] -- Found Eigen: /usr/include/eigen3 (Required is at least version "3.1") 
[2.916s] -- Eigen found (include: /usr/include/eigen3, version: 3.3.7)
[2.966s] -- Checking for module 'libusb-1.0'
[2.979s] --   Found libusb-1.0, version 1.0.23
[3.017s] -- Found USB_10: /usr/lib/x86_64-linux-gnu/libusb-1.0.so  
[3.062s] -- OpenNI found (include: /usr/include/ni, lib: /usr/lib/libOpenNI.so)
[3.109s] -- OpenNI2 found (include: /usr/include/openni2, lib: /usr/lib/libOpenNI2.so)
[3.152s] -- The imported target "vtkParseOGLExt" references the file
[3.152s]    "/usr/bin/vtkParseOGLExt-7.1"
[3.152s] but this file does not exist.  Possible reasons include:
[3.152s] * The file was deleted, renamed, or moved to another location.
[3.152s] * An install or uninstall procedure did not complete successfully.
[3.152s] * The installation package was faulty and contained
[3.152s]    "/usr/lib/cmake/vtk-7.1/VTKTargets.cmake"
[3.152s] but not all the files it references.
[3.152s] 
[3.153s] -- The imported target "vtkRenderingPythonTkWidgets" references the file
[3.153s]    "/usr/lib/x86_64-linux-gnu/libvtkRenderingPythonTkWidgets.so"
[3.153s] but this file does not exist.  Possible reasons include:
[3.153s] * The file was deleted, renamed, or moved to another location.
[3.153s] * An install or uninstall procedure did not complete successfully.
[3.153s] * The installation package was faulty and contained
[3.153s]    "/usr/lib/cmake/vtk-7.1/VTKTargets.cmake"
[3.153s] but not all the files it references.
[3.153s] 
[3.153s] -- The imported target "vtk" references the file
[3.153s]    "/usr/bin/vtk"
[3.153s] but this file does not exist.  Possible reasons include:
[3.153s] * The file was deleted, renamed, or moved to another location.
[3.153s] * An install or uninstall procedure did not complete successfully.
[3.153s] * The installation package was faulty and contained
[3.153s]    "/usr/lib/cmake/vtk-7.1/VTKTargets.cmake"
[3.154s] but not all the files it references.
[3.154s] 
[3.154s] -- The imported target "pvtk" references the file
[3.154s]    "/usr/bin/pvtk"
[3.154s] but this file does not exist.  Possible reasons include:
[3.154s] * The file was deleted, renamed, or moved to another location.
[3.154s] * An install or uninstall procedure did not complete successfully.
[3.154s] * The installation package was faulty and contained
[3.154s]    "/usr/lib/cmake/vtk-7.1/VTKTargets.cmake"
[3.154s] but not all the files it references.
[3.154s] 
[3.166s] -- Found libusb-1.0: /usr/include  
[3.177s] -- Checking for module 'flann'
[3.189s] --   Found flann, version 1.9.1
[3.241s] -- Found FLANN: /usr/lib/x86_64-linux-gnu/libflann_cpp.so  
[3.253s] -- Found Qhull: optimized;/usr/lib/x86_64-linux-gnu/libqhull.so;debug;/usr/lib/x86_64-linux-gnu/libqhull.so  
[3.253s] -- QHULL found (include: /usr/include, lib: optimized;/usr/lib/x86_64-linux-gnu/libqhull.so;debug;/usr/lib/x86_64-linux-gnu/libqhull.so)
[3.276s] -- OpenNI found (include: /usr/include/ni, lib: /usr/lib/libOpenNI.so)
[3.280s] -- OpenNI2 found (include: /usr/include/openni2, lib: /usr/lib/libOpenNI2.so)
[3.290s] -- Found PCL_COMMON: /usr/lib/x86_64-linux-gnu/libpcl_common.so  
[3.291s] -- Found PCL_OCTREE: /usr/lib/x86_64-linux-gnu/libpcl_octree.so  
[3.292s] -- Found PCL_IO: /usr/lib/x86_64-linux-gnu/libpcl_io.so  
[3.293s] -- Found PCL_KDTREE: /usr/lib/x86_64-linux-gnu/libpcl_kdtree.so  
[3.294s] -- Found PCL_SEARCH: /usr/lib/x86_64-linux-gnu/libpcl_search.so  
[3.295s] -- Found PCL_SURFACE: /usr/lib/x86_64-linux-gnu/libpcl_surface.so  
[3.296s] -- Found PCL_FILTERS: /usr/lib/x86_64-linux-gnu/libpcl_filters.so  
[3.296s] -- Found PCL_2D: /usr/include/pcl-1.10  
[3.297s] -- Found PCL_FEATURES: /usr/lib/x86_64-linux-gnu/libpcl_features.so  
[3.298s] -- Found PCL_REGISTRATION: /usr/lib/x86_64-linux-gnu/libpcl_registration.so  
[3.299s] -- Found PCL_SAMPLE_CONSENSUS: /usr/lib/x86_64-linux-gnu/libpcl_sample_consensus.so  
[3.300s] -- Found PCL_GEOMETRY: /usr/include/pcl-1.10  
[3.300s] -- Found PCL_ML: /usr/lib/x86_64-linux-gnu/libpcl_ml.so  
[3.301s] -- Found PCL_SEGMENTATION: /usr/lib/x86_64-linux-gnu/libpcl_segmentation.so  
[3.302s] -- Found PCL_VISUALIZATION: /usr/lib/x86_64-linux-gnu/libpcl_visualization.so  
[3.320s] -- rtabmap_conversions=opencv_calib3d;opencv_core;opencv_dnn;opencv_features2d;opencv_flann;opencv_highgui;opencv_imgcodecs;opencv_imgproc;opencv_ml;opencv_objdetect;opencv_photo;opencv_stitching;opencv_video;opencv_videoio;opencv_aruco;opencv_bgsegm;opencv_bioinspired;opencv_ccalib;opencv_datasets;opencv_dnn_objdetect;opencv_dnn_superres;opencv_dpm;opencv_face;opencv_freetype;opencv_fuzzy;opencv_hdf;opencv_hfs;opencv_img_hash;opencv_line_descriptor;opencv_optflow;opencv_phase_unwrapping;opencv_plot;opencv_quality;opencv_reg;opencv_rgbd;opencv_saliency;opencv_shape;opencv_stereo;opencv_structured_light;opencv_superres;opencv_surface_matching;opencv_text;opencv_tracking;opencv_videostab;opencv_viz;opencv_ximgproc;opencv_xobjdetect;opencv_xphoto;/opt/ros/foxy/lib/libsensor_msgs__rosidl_generator_c.so;rcutils::rcutils;/opt/ros/foxy/lib/libsensor_msgs__rosidl_typesupport_introspection_c.so;sensor_msgs::sensor_msgs__rosidl_generator_c;rosidl_typesupport_introspection_c::rosidl_typesupport_introspection_c;/opt/ros/foxy/lib/libsensor_msgs__rosidl_typesupport_c.so;rosidl_typesupport_c::rosidl_typesupport_c;/opt/ros/foxy/lib/libsensor_msgs__rosidl_typesupport_introspection_cpp.so;rosidl_typesupport_introspection_cpp::rosidl_typesupport_introspection_cpp;/opt/ros/foxy/lib/libsensor_msgs__rosidl_typesupport_cpp.so;rosidl_runtime_c::rosidl_runtime_c;rosidl_runtime_cpp::rosidl_runtime_cpp;rosidl_typesupport_cpp::rosidl_typesupport_cpp;rosidl_typesupport_interface::rosidl_typesupport_interface;builtin_interfaces::builtin_interfaces__rosidl_generator_c;builtin_interfaces::builtin_interfaces__rosidl_typesupport_introspection_c;builtin_interfaces::builtin_interfaces__rosidl_typesupport_c;builtin_interfaces::builtin_interfaces__rosidl_generator_cpp;builtin_interfaces::builtin_interfaces__rosidl_typesupport_introspection_cpp;builtin_interfaces::builtin_interfaces__rosidl_typesupport_cpp;geometry_msgs::geometry_msgs__rosidl_generator_c;geometry_msgs::geometry_msgs__rosidl_typesupport_introspection_c;geometry_msgs::geometry_msgs__rosidl_typesupport_c;geometry_msgs::geometry_msgs__rosidl_generator_cpp;geometry_msgs::geometry_msgs__rosidl_typesupport_introspection_cpp;geometry_msgs::geometry_msgs__rosidl_typesupport_cpp;std_msgs::std_msgs__rosidl_generator_c;std_msgs::std_msgs__rosidl_typesupport_introspection_c;std_msgs::std_msgs__rosidl_typesupport_c;std_msgs::std_msgs__rosidl_generator_cpp;std_msgs::std_msgs__rosidl_typesupport_introspection_cpp;std_msgs::std_msgs__rosidl_typesupport_cpp;/opt/ros/foxy/lib/libcv_bridge.so;opencv_calib3d;opencv_core;opencv_dnn;opencv_features2d;opencv_flann;opencv_highgui;opencv_imgcodecs;opencv_imgproc;opencv_ml;opencv_objdetect;opencv_photo;opencv_stitching;opencv_video;opencv_videoio;opencv_aruco;opencv_bgsegm;opencv_bioinspired;opencv_ccalib;opencv_datasets;opencv_dnn_objdetect;opencv_dnn_superres;opencv_dpm;opencv_face;opencv_freetype;opencv_fuzzy;opencv_hdf;opencv_hfs;opencv_img_hash;opencv_line_descriptor;opencv_optflow;opencv_phase_unwrapping;opencv_plot;opencv_quality;opencv_reg;opencv_rgbd;opencv_saliency;opencv_shape;opencv_stereo;opencv_structured_light;opencv_superres;opencv_surface_matching;opencv_text;opencv_tracking;opencv_videostab;opencv_viz;opencv_ximgproc;opencv_xobjdetect;opencv_xphoto;/opt/ros/foxy/lib/libsensor_msgs__rosidl_generator_c.so;/opt/ros/foxy/lib/libsensor_msgs__rosidl_typesupport_introspection_c.so;sensor_msgs::sensor_msgs__rosidl_generator_c;/opt/ros/foxy/lib/libsensor_msgs__rosidl_typesupport_c.so;/opt/ros/foxy/lib/libsensor_msgs__rosidl_typesupport_introspection_cpp.so;/opt/ros/foxy/lib/libsensor_msgs__rosidl_typesupport_cpp.so;geometry_msgs::geometry_msgs__rosidl_typesupport_introspection_c;geometry_msgs::geometry_msgs__rosidl_typesupport_c;geometry_msgs::geometry_msgs__rosidl_generator_cpp;geometry_msgs::geometry_msgs__rosidl_typesupport_introspection_cpp;geometry_msgs::geometry_msgs__rosidl_typesupport_cpp;/opt/ros/foxy/lib/libcv_bridge.so;/opt/ros/foxy/lib/libgeometry_msgs__rosidl_generator_c.so;rcutils::rcutils;/opt/ros/foxy/lib/libgeometry_msgs__rosidl_typesupport_introspection_c.so;geometry_msgs::geometry_msgs__rosidl_generator_c;rosidl_typesupport_introspection_c::rosidl_typesupport_introspection_c;/opt/ros/foxy/lib/libgeometry_msgs__rosidl_typesupport_c.so;rosidl_typesupport_c::rosidl_typesupport_c;/opt/ros/foxy/lib/libgeometry_msgs__rosidl_typesupport_introspection_cpp.so;rosidl_typesupport_introspection_cpp::rosidl_typesupport_introspection_cpp;/opt/ros/foxy/lib/libgeometry_msgs__rosidl_typesupport_cpp.so;rosidl_runtime_c::rosidl_runtime_c;rosidl_runtime_cpp::rosidl_runtime_cpp;rosidl_typesupport_cpp::rosidl_typesupport_cpp;rosidl_typesupport_interface::rosidl_typesupport_interface;std_msgs::std_msgs__rosidl_generator_c;std_msgs::std_msgs__rosidl_typesupport_introspection_c;std_msgs::std_msgs__rosidl_typesupport_c;std_msgs::std_msgs__rosidl_generator_cpp;std_msgs::std_msgs__rosidl_typesupport_introspection_cpp;std_msgs::std_msgs__rosidl_typesupport_cpp;builtin_interfaces::builtin_interfaces__rosidl_generator_c;builtin_interfaces::builtin_interfaces__rosidl_typesupport_introspection_c;builtin_interfaces::builtin_interfaces__rosidl_typesupport_c;builtin_interfaces::builtin_interfaces__rosidl_generator_cpp;builtin_interfaces::builtin_interfaces__rosidl_typesupport_introspection_cpp;builtin_interfaces::builtin_interfaces__rosidl_typesupport_cpp;/opt/ros/foxy/lib/libimage_geometry.so;opencv_calib3d;opencv_core;opencv_dnn;opencv_features2d;opencv_flann;opencv_highgui;opencv_imgcodecs;opencv_imgproc;opencv_ml;opencv_objdetect;opencv_photo;opencv_stitching;opencv_video;opencv_videoio;opencv_aruco;opencv_bgsegm;opencv_bioinspired;opencv_ccalib;opencv_datasets;opencv_dnn_objdetect;opencv_dnn_superres;opencv_dpm;opencv_face;opencv_freetype;opencv_fuzzy;opencv_hdf;opencv_hfs;opencv_img_hash;opencv_line_descriptor;opencv_optflow;opencv_phase_unwrapping;opencv_plot;opencv_quality;opencv_reg;opencv_rgbd;opencv_saliency;opencv_shape;opencv_stereo;opencv_structured_light;opencv_superres;opencv_surface_matching;opencv_text;opencv_tracking;opencv_videostab;opencv_viz;opencv_ximgproc;opencv_xobjdetect;opencv_xphoto;/opt/ros/foxy/lib/libimage_geometry.so;opencv_calib3d;opencv_core;opencv_dnn;opencv_features2d;opencv_flann;opencv_highgui;opencv_imgcodecs;opencv_imgproc;opencv_ml;opencv_objdetect;opencv_photo;opencv_stitching;opencv_video;opencv_videoio;opencv_aruco;opencv_bgsegm;opencv_bioinspired;opencv_ccalib;opencv_datasets;opencv_dnn_objdetect;opencv_dnn_superres;opencv_dpm;opencv_face;opencv_freetype;opencv_fuzzy;opencv_hdf;opencv_hfs;opencv_img_hash;opencv_line_descriptor;opencv_optflow;opencv_phase_unwrapping;opencv_plot;opencv_quality;opencv_reg;opencv_rgbd;opencv_saliency;opencv_shape;opencv_stereo;opencv_structured_light;opencv_superres;opencv_surface_matching;opencv_text;opencv_tracking;opencv_videostab;opencv_viz;opencv_ximgproc;opencv_xobjdetect;opencv_xphoto;/opt/ros/foxy/lib/liblaser_geometry.so;rclcpp::rclcpp;sensor_msgs::sensor_msgs__rosidl_generator_c;sensor_msgs::sensor_msgs__rosidl_typesupport_introspection_c;sensor_msgs::sensor_msgs__rosidl_typesupport_c;sensor_msgs::sensor_msgs__rosidl_generator_cpp;sensor_msgs::sensor_msgs__rosidl_typesupport_introspection_cpp;sensor_msgs::sensor_msgs__rosidl_typesupport_cpp;tf2::tf2;/opt/ros/foxy/lib/libimage_geometry.so;opencv_calib3d;opencv_core;opencv_dnn;opencv_features2d;opencv_flann;opencv_highgui;opencv_imgcodecs;opencv_imgproc;opencv_ml;opencv_objdetect;opencv_photo;opencv_stitching;opencv_video;opencv_videoio;opencv_aruco;opencv_bgsegm;opencv_bioinspired;opencv_ccalib;opencv_datasets;opencv_dnn_objdetect;opencv_dnn_superres;opencv_dpm;opencv_face;opencv_freetype;opencv_fuzzy;opencv_hdf;opencv_hfs;opencv_img_hash;opencv_line_descriptor;opencv_optflow;opencv_phase_unwrapping;opencv_plot;opencv_quality;opencv_reg;opencv_rgbd;opencv_saliency;opencv_shape;opencv_stereo;opencv_structured_light;opencv_superres;opencv_surface_matching;opencv_text;opencv_tracking;opencv_videostab;opencv_viz;opencv_ximgproc;opencv_xobjdetect;opencv_xphoto;/opt/ros/foxy/lib/liblaser_geometry.so;tf2::tf2;/opt/ros/foxy/lib/libmessage_filters.so;rclcpp::rclcpp;/opt/ros/foxy/lib/libgeometry_msgs__rosidl_generator_c.so;/opt/ros/foxy/lib/libgeometry_msgs__rosidl_typesupport_introspection_c.so;/opt/ros/foxy/lib/libgeometry_msgs__rosidl_typesupport_c.so;/opt/ros/foxy/lib/libgeometry_msgs__rosidl_typesupport_introspection_cpp.so;/opt/ros/foxy/lib/libgeometry_msgs__rosidl_typesupport_cpp.so;/opt/ros/foxy/lib/libpcl_msgs__rosidl_generator_c.so;/opt/ros/foxy/lib/libpcl_msgs__rosidl_typesupport_introspection_c.so;pcl_msgs::pcl_msgs__rosidl_generator_c;/opt/ros/foxy/lib/libpcl_msgs__rosidl_typesupport_c.so;/opt/ros/foxy/lib/libpcl_msgs__rosidl_typesupport_introspection_cpp.so;/opt/ros/foxy/lib/libpcl_msgs__rosidl_typesupport_cpp.so;sensor_msgs::sensor_msgs__rosidl_typesupport_introspection_c;sensor_msgs::sensor_msgs__rosidl_typesupport_c;sensor_msgs::sensor_msgs__rosidl_generator_cpp;sensor_msgs::sensor_msgs__rosidl_typesupport_introspection_cpp;sensor_msgs::sensor_msgs__rosidl_typesupport_cpp;/opt/ros/foxy/lib/libbuiltin_interfaces__rosidl_generator_c.so;/opt/ros/foxy/lib/libbuiltin_interfaces__rosidl_typesupport_introspection_c.so;/opt/ros/foxy/lib/libbuiltin_interfaces__rosidl_typesupport_c.so;/opt/ros/foxy/lib/libbuiltin_interfaces__rosidl_typesupport_introspection_cpp.so;/opt/ros/foxy/lib/libbuiltin_interfaces__rosidl_typesupport_cpp.so;/opt/ros/foxy/lib/librcutils.so;dl;/opt/ros/foxy/lib/librcpputils.so;/opt/ros/foxy/lib/librosidl_runtime_c.so;/opt/ros/foxy/lib/librosidl_typesupport_introspection_c.so;/opt/ros/foxy/lib/librosidl_typesupport_introspection_cpp.so;/opt/ros/foxy/lib/librosgraph_msgs__rosidl_generator_c.so;/opt/ros/foxy/lib/librosgraph_msgs__rosidl_typesupport_introspection_c.so;/opt/ros/foxy/lib/librosgraph_msgs__rosidl_typesupport_c.so;/opt/ros/foxy/lib/librosgraph_msgs__rosidl_typesupport_introspection_cpp.so;/opt/ros/foxy/lib/librosgraph_msgs__rosidl_typesupport_cpp.so;/opt/ros/foxy/lib/librosidl_typesupport_cpp.so;/opt/ros/foxy/lib/librosidl_typesupport_c.so;/opt/ros/foxy/lib/librcl_yaml_param_parser.so;yaml;/opt/ros/foxy/lib/libstatistics_msgs__rosidl_generator_c.so;/opt/ros/foxy/lib/libstatistics_msgs__rosidl_typesupport_introspection_c.so;/opt/ros/foxy/lib/libstatistics_msgs__rosidl_typesupport_c.so;/opt/ros/foxy/lib/libstatistics_msgs__rosidl_typesupport_introspection_cpp.so;/opt/ros/foxy/lib/libstatistics_msgs__rosidl_typesupport_cpp.so;/opt/ros/foxy/lib/libtracetools.so;/opt/ros/foxy/lib/librclcpp.so;-lpthread;libstatistics_collector::libstatistics_collector;libstatistics_collector::libstatistics_collector_test_msgs__rosidl_generator_c;libstatistics_collector::libstatistics_collector_test_msgs__rosidl_typesupport_introspection_c;libstatistics_collector::libstatistics_collector_test_msgs__rosidl_typesupport_c;libstatistics_collector::libstatistics_collector_test_msgs__rosidl_generator_cpp;libstatistics_collector::libstatistics_collector_test_msgs__rosidl_typesupport_introspection_cpp;libstatistics_collector::libstatistics_collector_test_msgs__rosidl_typesupport_cpp;rcl::rcl;rcl_yaml_param_parser::rcl_yaml_param_parser;rcpputils::rcpputils;rosgraph_msgs::rosgraph_msgs__rosidl_generator_c;rosgraph_msgs::rosgraph_msgs__rosidl_typesupport_introspection_c;rosgraph_msgs::rosgraph_msgs__rosidl_typesupport_c;rosgraph_msgs::rosgraph_msgs__rosidl_generator_cpp;rosgraph_msgs::rosgraph_msgs__rosidl_typesupport_introspection_cpp;rosgraph_msgs::rosgraph_msgs__rosidl_typesupport_cpp;statistics_msgs::statistics_msgs__rosidl_generator_c;statistics_msgs::statistics_msgs__rosidl_typesupport_introspection_c;statistics_msgs::statistics_msgs__rosidl_typesupport_c;statistics_msgs::statistics_msgs__rosidl_generator_cpp;statistics_msgs::statistics_msgs__rosidl_typesupport_introspection_cpp;statistics_msgs::statistics_msgs__rosidl_typesupport_cpp;tracetools::tracetools;/opt/ros/foxy/lib/libsensor_msgs__rosidl_generator_c.so;/opt/ros/foxy/lib/libsensor_msgs__rosidl_typesupport_introspection_c.so;sensor_msgs::sensor_msgs__rosidl_generator_c;/opt/ros/foxy/lib/libsensor_msgs__rosidl_typesupport_c.so;/opt/ros/foxy/lib/libsensor_msgs__rosidl_typesupport_introspection_cpp.so;/opt/ros/foxy/lib/libsensor_msgs__rosidl_typesupport_cpp.so;geometry_msgs::geometry_msgs__rosidl_generator_c;geometry_msgs::geometry_msgs__rosidl_typesupport_introspection_c;geometry_msgs::geometry_msgs__rosidl_typesupport_c;geometry_msgs::geometry_msgs__rosidl_generator_cpp;geometry_msgs::geometry_msgs__rosidl_typesupport_introspection_cpp;geometry_msgs::geometry_msgs__rosidl_typesupport_cpp;std_msgs::std_msgs__rosidl_typesupport_introspection_c;std_msgs::std_msgs__rosidl_typesupport_c;std_msgs::std_msgs__rosidl_generator_cpp;std_msgs::std_msgs__rosidl_typesupport_introspection_cpp;std_msgs::std_msgs__rosidl_typesupport_cpp;/opt/ros/foxy/lib/libstd_msgs__rosidl_generator_c.so;rcutils::rcutils;/opt/ros/foxy/lib/libstd_msgs__rosidl_typesupport_introspection_c.so;std_msgs::std_msgs__rosidl_generator_c;rosidl_typesupport_introspection_c::rosidl_typesupport_introspection_c;/opt/ros/foxy/lib/libstd_msgs__rosidl_typesupport_c.so;rosidl_typesupport_c::rosidl_typesupport_c;/opt/ros/foxy/lib/libstd_msgs__rosidl_typesupport_introspection_cpp.so;rosidl_typesupport_introspection_cpp::rosidl_typesupport_introspection_cpp;/opt/ros/foxy/lib/libstd_msgs__rosidl_typesupport_cpp.so;rosidl_runtime_c::rosidl_runtime_c;rosidl_runtime_cpp::rosidl_runtime_cpp;rosidl_typesupport_cpp::rosidl_typesupport_cpp;rosidl_typesupport_interface::rosidl_typesupport_interface;builtin_interfaces::builtin_interfaces__rosidl_generator_c;builtin_interfaces::builtin_interfaces__rosidl_typesupport_introspection_c;builtin_interfaces::builtin_interfaces__rosidl_typesupport_c;builtin_interfaces::builtin_interfaces__rosidl_generator_cpp;builtin_interfaces::builtin_interfaces__rosidl_typesupport_introspection_cpp;builtin_interfaces::builtin_interfaces__rosidl_typesupport_cpp;/opt/ros/foxy/lib/libimage_geometry.so;opencv_calib3d;opencv_core;opencv_dnn;opencv_features2d;opencv_flann;opencv_highgui;opencv_imgcodecs;opencv_imgproc;opencv_ml;opencv_objdetect;opencv_photo;opencv_stitching;opencv_video;opencv_videoio;opencv_aruco;opencv_bgsegm;opencv_bioinspired;opencv_ccalib;opencv_datasets;opencv_dnn_objdetect;opencv_dnn_superres;opencv_dpm;opencv_face;opencv_freetype;opencv_fuzzy;opencv_hdf;opencv_hfs;opencv_img_hash;opencv_line_descriptor;opencv_optflow;opencv_phase_unwrapping;opencv_plot;opencv_quality;opencv_reg;opencv_rgbd;opencv_saliency;opencv_shape;opencv_stereo;opencv_structured_light;opencv_superres;opencv_surface_matching;opencv_text;opencv_tracking;opencv_videostab;opencv_viz;opencv_ximgproc;opencv_xobjdetect;opencv_xphoto;/opt/ros/foxy/lib/liblaser_geometry.so;tf2::tf2;/opt/ros/foxy/lib/libmessage_filters.so;rclcpp::rclcpp;/opt/ros/foxy/lib/libgeometry_msgs__rosidl_generator_c.so;/opt/ros/foxy/lib/libgeometry_msgs__rosidl_typesupport_introspection_c.so;/opt/ros/foxy/lib/libgeometry_msgs__rosidl_typesupport_c.so;/opt/ros/foxy/lib/libgeometry_msgs__rosidl_typesupport_introspection_cpp.so;/opt/ros/foxy/lib/libgeometry_msgs__rosidl_typesupport_cpp.so;/opt/ros/foxy/lib/libpcl_msgs__rosidl_generator_c.so;/opt/ros/foxy/lib/libpcl_msgs__rosidl_typesupport_introspection_c.so;pcl_msgs::pcl_msgs__rosidl_generator_c;/opt/ros/foxy/lib/libpcl_msgs__rosidl_typesupport_c.so;/opt/ros/foxy/lib/libpcl_msgs__rosidl_typesupport_introspection_cpp.so;/opt/ros/foxy/lib/libpcl_msgs__rosidl_typesupport_cpp.so;sensor_msgs::sensor_msgs__rosidl_typesupport_introspection_c;sensor_msgs::sensor_msgs__rosidl_typesupport_c;sensor_msgs::sensor_msgs__rosidl_generator_cpp;sensor_msgs::sensor_msgs__rosidl_typesupport_introspection_cpp;sensor_msgs::sensor_msgs__rosidl_typesupport_cpp;/opt/ros/foxy/lib/libbuiltin_interfaces__rosidl_generator_c.so;/opt/ros/foxy/lib/libbuiltin_interfaces__rosidl_typesupport_introspection_c.so;/opt/ros/foxy/lib/libbuiltin_interfaces__rosidl_typesupport_c.so;/opt/ros/foxy/lib/libbuiltin_interfaces__rosidl_typesupport_introspection_cpp.so;/opt/ros/foxy/lib/libbuiltin_interfaces__rosidl_typesupport_cpp.so;/opt/ros/foxy/lib/librcutils.so;dl;/opt/ros/foxy/lib/librcpputils.so;/opt/ros/foxy/lib/librosidl_runtime_c.so;/opt/ros/foxy/lib/librosidl_typesupport_introspection_c.so;/opt/ros/foxy/lib/librosidl_typesupport_introspection_cpp.so;/opt/ros/foxy/lib/librosgraph_msgs__rosidl_generator_c.so;/opt/ros/foxy/lib/librosgraph_msgs__rosidl_typesupport_introspection_c.so;/opt/ros/foxy/lib/librosgraph_msgs__rosidl_typesupport_c.so;/opt/ros/foxy/lib/librosgraph_msgs__rosidl_typesupport_introspection_cpp.so;/opt/ros/foxy/lib/librosgraph_msgs__rosidl_typesupport_cpp.so;/opt/ros/foxy/lib/librosidl_typesupport_cpp.so;/opt/ros/foxy/lib/librosidl_typesupport_c.so;/opt/ros/foxy/lib/librcl_yaml_param_parser.so;yaml;/opt/ros/foxy/lib/libstatistics_msgs__rosidl_generator_c.so;/opt/ros/foxy/lib/libstatistics_msgs__rosidl_typesupport_introspection_c.so;/opt/ros/foxy/lib/libstatistics_msgs__rosidl_typesupport_c.so;/opt/ros/foxy/lib/libstatistics_msgs__rosidl_typesupport_introspection_cpp.so;/opt/ros/foxy/lib/libstatistics_msgs__rosidl_typesupport_cpp.so;/opt/ros/foxy/lib/libtracetools.so;/opt/ros/foxy/lib/libsensor_msgs__rosidl_generator_c.so;/opt/ros/foxy/lib/libsensor_msgs__rosidl_typesupport_introspection_c.so;sensor_msgs::sensor_msgs__rosidl_generator_c;/opt/ros/foxy/lib/libsensor_msgs__rosidl_typesupport_c.so;/opt/ros/foxy/lib/libsensor_msgs__rosidl_typesupport_introspection_cpp.so;/opt/ros/foxy/lib/libsensor_msgs__rosidl_typesupport_cpp.so;geometry_msgs::geometry_msgs__rosidl_generator_c;geometry_msgs::geometry_msgs__rosidl_typesupport_introspection_c;geometry_msgs::geometry_msgs__rosidl_typesupport_c;geometry_msgs::geometry_msgs__rosidl_generator_cpp;geometry_msgs::geometry_msgs__rosidl_typesupport_introspection_cpp;geometry_msgs::geometry_msgs__rosidl_typesupport_cpp;std_msgs::std_msgs__rosidl_typesupport_introspection_c;std_msgs::std_msgs__rosidl_typesupport_c;std_msgs::std_msgs__rosidl_generator_cpp;std_msgs::std_msgs__rosidl_typesupport_introspection_cpp;std_msgs::std_msgs__rosidl_typesupport_cpp;/opt/ros/foxy/lib/libstd_msgs__rosidl_generator_c.so;/opt/ros/foxy/lib/libstd_msgs__rosidl_typesupport_introspection_c.so;std_msgs::std_msgs__rosidl_generator_c;rosidl_typesupport_introspection_c::rosidl_typesupport_introspection_c;/opt/ros/foxy/lib/libstd_msgs__rosidl_typesupport_c.so;rosidl_typesupport_c::rosidl_typesupport_c;/opt/ros/foxy/lib/libstd_msgs__rosidl_typesupport_introspection_cpp.so;rosidl_typesupport_introspection_cpp::rosidl_typesupport_introspection_cpp;/opt/ros/foxy/lib/libstd_msgs__rosidl_typesupport_cpp.so;rosidl_runtime_c::rosidl_runtime_c;rosidl_typesupport_interface::rosidl_typesupport_interface;/opt/ros/foxy/lib/librclcpp.so;-lpthread;libstatistics_collector::libstatistics_collector;libstatistics_collector::libstatistics_collector_test_msgs__rosidl_generator_c;libstatistics_collector::libstatistics_collector_test_msgs__rosidl_typesupport_introspection_c;libstatistics_collector::libstatistics_collector_test_msgs__rosidl_typesupport_c;libstatistics_collector::libstatistics_collector_test_msgs__rosidl_generator_cpp;libstatistics_collector::libstatistics_collector_test_msgs__rosidl_typesupport_introspection_cpp;libstatistics_collector::libstatistics_collector_test_msgs__rosidl_typesupport_cpp;rcl::rcl;rcl_yaml_param_parser::rcl_yaml_param_parser;rcpputils::rcpputils;rcutils::rcutils;builtin_interfaces::builtin_interfaces__rosidl_generator_c;builtin_interfaces::builtin_interfaces__rosidl_typesupport_introspection_c;builtin_interfaces::builtin_interfaces__rosidl_typesupport_c;builtin_interfaces::builtin_interfaces__rosidl_generator_cpp;builtin_interfaces::builtin_interfaces__rosidl_typesupport_introspection_cpp;builtin_interfaces::builtin_interfaces__rosidl_typesupport_cpp;rosgraph_msgs::rosgraph_msgs__rosidl_generator_c;rosgraph_msgs::rosgraph_msgs__rosidl_typesupport_introspection_c;rosgraph_msgs::rosgraph_msgs__rosidl_typesupport_c;rosgraph_msgs::rosgraph_msgs__rosidl_generator_cpp;rosgraph_msgs::rosgraph_msgs__rosidl_typesupport_introspection_cpp;rosgraph_msgs::rosgraph_msgs__rosidl_typesupport_cpp;rosidl_typesupport_cpp::rosidl_typesupport_cpp;rosidl_runtime_cpp::rosidl_runtime_cpp;statistics_msgs::statistics_msgs__rosidl_generator_c;statistics_msgs::statistics_msgs__rosidl_typesupport_introspection_c;statistics_msgs::statistics_msgs__rosidl_typesupport_c;statistics_msgs::statistics_msgs__rosidl_generator_cpp;statistics_msgs::statistics_msgs__rosidl_typesupport_introspection_cpp;statistics_msgs::statistics_msgs__rosidl_typesupport_cpp;tracetools::tracetools;/opt/ros/foxy/lib/librcutils.so;dl;/opt/ros/foxy/lib/librcpputils.so;/opt/ros/foxy/lib/librosidl_typesupport_c.so;rcpputils::rcpputils;/opt/ros/foxy/lib/librosidl_typesupport_cpp.so;/opt/ros/foxy/lib/librosidl_typesupport_introspection_c.so;/opt/ros/foxy/lib/librosidl_typesupport_introspection_cpp.so;/opt/ros/foxy/lib/librosidl_runtime_c.so;/opt/ros/foxy/lib/libgeometry_msgs__rosidl_generator_c.so;/opt/ros/foxy/lib/libgeometry_msgs__rosidl_typesupport_introspection_c.so;/opt/ros/foxy/lib/libgeometry_msgs__rosidl_typesupport_c.so;/opt/ros/foxy/lib/libgeometry_msgs__rosidl_typesupport_introspection_cpp.so;/opt/ros/foxy/lib/libgeometry_msgs__rosidl_typesupport_cpp.so;/opt/ros/foxy/lib/libstd_msgs__rosidl_generator_c.so;/opt/ros/foxy/lib/libstd_msgs__rosidl_typesupport_introspection_c.so;/opt/ros/foxy/lib/libstd_msgs__rosidl_typesupport_c.so;/opt/ros/foxy/lib/libstd_msgs__rosidl_typesupport_introspection_cpp.so;/opt/ros/foxy/lib/libstd_msgs__rosidl_typesupport_cpp.so;/opt/ros/foxy/lib/libbuiltin_interfaces__rosidl_generator_c.so;/opt/ros/foxy/lib/libbuiltin_interfaces__rosidl_typesupport_introspection_c.so;/opt/ros/foxy/lib/libbuiltin_interfaces__rosidl_typesupport_c.so;/opt/ros/foxy/lib/libbuiltin_interfaces__rosidl_typesupport_introspection_cpp.so;/opt/ros/foxy/lib/libbuiltin_interfaces__rosidl_typesupport_cpp.so;/opt/ros/foxy/lib/libsensor_msgs__rosidl_generator_c.so;/opt/ros/foxy/lib/libsensor_msgs__rosidl_typesupport_introspection_c.so;/opt/ros/foxy/lib/libsensor_msgs__rosidl_typesupport_c.so;/opt/ros/foxy/lib/libsensor_msgs__rosidl_typesupport_introspection_cpp.so;/opt/ros/foxy/lib/libsensor_msgs__rosidl_typesupport_cpp.so;/opt/ros/foxy/lib/libstd_srvs__rosidl_generator_c.so;/opt/ros/foxy/lib/libstd_srvs__rosidl_typesupport_introspection_c.so;/opt/ros/foxy/lib/libstd_srvs__rosidl_typesupport_c.so;/opt/ros/foxy/lib/libstd_srvs__rosidl_typesupport_introspection_cpp.so;/opt/ros/foxy/lib/libstd_srvs__rosidl_typesupport_cpp.so;/home/chaung/f_ws/install/rtabmap_msgs/lib/librtabmap_msgs__rosidl_generator_c.so;rcutils::rcutils;/home/chaung/f_ws/install/rtabmap_msgs/lib/librtabmap_msgs__rosidl_typesupport_introspection_c.so;rtabmap_msgs::rtabmap_msgs__rosidl_generator_c;rosidl_typesupport_introspection_c::rosidl_typesupport_introspection_c;/home/chaung/f_ws/install/rtabmap_msgs/lib/librtabmap_msgs__rosidl_typesupport_c.so;rosidl_typesupport_c::rosidl_typesupport_c;/home/chaung/f_ws/install/rtabmap_msgs/lib/librtabmap_msgs__rosidl_typesupport_introspection_cpp.so;rosidl_typesupport_introspection_cpp::rosidl_typesupport_introspection_cpp;/home/chaung/f_ws/install/rtabmap_msgs/lib/librtabmap_msgs__rosidl_typesupport_cpp.so;rosidl_runtime_c::rosidl_runtime_c;rosidl_runtime_cpp::rosidl_runtime_cpp;rosidl_typesupport_cpp::rosidl_typesupport_cpp;rosidl_typesupport_interface::rosidl_typesupport_interface;geometry_msgs::geometry_msgs__rosidl_generator_c;geometry_msgs::geometry_msgs__rosidl_typesupport_introspection_c;geometry_msgs::geometry_msgs__rosidl_typesupport_c;geometry_msgs::geometry_msgs__rosidl_generator_cpp;geometry_msgs::geometry_msgs__rosidl_typesupport_introspection_cpp;geometry_msgs::geometry_msgs__rosidl_typesupport_cpp;std_msgs::std_msgs__rosidl_generator_c;std_msgs::std_msgs__rosidl_typesupport_introspection_c;std_msgs::std_msgs__rosidl_typesupport_c;std_msgs::std_msgs__rosidl_generator_cpp;std_msgs::std_msgs__rosidl_typesupport_introspection_cpp;std_msgs::std_msgs__rosidl_typesupport_cpp;builtin_interfaces::builtin_interfaces__rosidl_generator_c;builtin_interfaces::builtin_interfaces__rosidl_typesupport_introspection_c;builtin_interfaces::builtin_interfaces__rosidl_typesupport_c;builtin_interfaces::builtin_interfaces__rosidl_generator_cpp;builtin_interfaces::builtin_interfaces__rosidl_typesupport_introspection_cpp;builtin_interfaces::builtin_interfaces__rosidl_typesupport_cpp;sensor_msgs::sensor_msgs__rosidl_generator_c;sensor_msgs::sensor_msgs__rosidl_typesupport_introspection_c;sensor_msgs::sensor_msgs__rosidl_typesupport_c;sensor_msgs::sensor_msgs__rosidl_generator_cpp;sensor_msgs::sensor_msgs__rosidl_typesupport_introspection_cpp;sensor_msgs::sensor_msgs__rosidl_typesupport_cpp;std_srvs::std_srvs__rosidl_generator_c;std_srvs::std_srvs__rosidl_typesupport_introspection_c;std_srvs::std_srvs__rosidl_typesupport_c;std_srvs::std_srvs__rosidl_generator_cpp;std_srvs::std_srvs__rosidl_typesupport_introspection_cpp;std_srvs::std_srvs__rosidl_typesupport_cpp;/opt/ros/foxy/lib/librcutils.so;dl;/opt/ros/foxy/lib/librcpputils.so;/opt/ros/foxy/lib/librosidl_typesupport_c.so;rcpputils::rcpputils;/opt/ros/foxy/lib/librosidl_typesupport_cpp.so;/opt/ros/foxy/lib/librosidl_typesupport_introspection_c.so;/opt/ros/foxy/lib/librosidl_typesupport_introspection_cpp.so;/opt/ros/foxy/lib/librosidl_runtime_c.so;/opt/ros/foxy/lib/libgeometry_msgs__rosidl_generator_c.so;/opt/ros/foxy/lib/libgeometry_msgs__rosidl_typesupport_introspection_c.so;/opt/ros/foxy/lib/libgeometry_msgs__rosidl_typesupport_c.so;/opt/ros/foxy/lib/libgeometry_msgs__rosidl_typesupport_introspection_cpp.so;/opt/ros/foxy/lib/libgeometry_msgs__rosidl_typesupport_cpp.so;/opt/ros/foxy/lib/libstd_msgs__rosidl_generator_c.so;/opt/ros/foxy/lib/libstd_msgs__rosidl_typesupport_introspection_c.so;/opt/ros/foxy/lib/libstd_msgs__rosidl_typesupport_c.so;/opt/ros/foxy/lib/libstd_msgs__rosidl_typesupport_introspection_cpp.so;/opt/ros/foxy/lib/libstd_msgs__rosidl_typesupport_cpp.so;/opt/ros/foxy/lib/libbuiltin_interfaces__rosidl_generator_c.so;/opt/ros/foxy/lib/libbuiltin_interfaces__rosidl_typesupport_introspection_c.so;/opt/ros/foxy/lib/libbuiltin_interfaces__rosidl_typesupport_c.so;/opt/ros/foxy/lib/libbuiltin_interfaces__rosidl_typesupport_introspection_cpp.so;/opt/ros/foxy/lib/libbuiltin_interfaces__rosidl_typesupport_cpp.so;/opt/ros/foxy/lib/libstd_srvs__rosidl_generator_c.so;/opt/ros/foxy/lib/libstd_srvs__rosidl_typesupport_introspection_c.so;/opt/ros/foxy/lib/libstd_srvs__rosidl_typesupport_c.so;/opt/ros/foxy/lib/libstd_srvs__rosidl_typesupport_introspection_cpp.so;/opt/ros/foxy/lib/libstd_srvs__rosidl_typesupport_cpp.so;/home/chaung/f_ws/install/rtabmap_msgs/lib/librtabmap_msgs__rosidl_generator_c.so;/home/chaung/f_ws/install/rtabmap_msgs/lib/librtabmap_msgs__rosidl_typesupport_introspection_c.so;rtabmap_msgs::rtabmap_msgs__rosidl_generator_c;/home/chaung/f_ws/install/rtabmap_msgs/lib/librtabmap_msgs__rosidl_typesupport_c.so;/home/chaung/f_ws/install/rtabmap_msgs/lib/librtabmap_msgs__rosidl_typesupport_introspection_cpp.so;/home/chaung/f_ws/install/rtabmap_msgs/lib/librtabmap_msgs__rosidl_typesupport_cpp.so;sensor_msgs::sensor_msgs__rosidl_typesupport_introspection_c;sensor_msgs::sensor_msgs__rosidl_typesupport_c;sensor_msgs::sensor_msgs__rosidl_generator_cpp;sensor_msgs::sensor_msgs__rosidl_typesupport_introspection_cpp;sensor_msgs::sensor_msgs__rosidl_typesupport_cpp;std_srvs::std_srvs__rosidl_generator_c;std_srvs::std_srvs__rosidl_typesupport_introspection_c;std_srvs::std_srvs__rosidl_typesupport_c;std_srvs::std_srvs__rosidl_generator_cpp;std_srvs::std_srvs__rosidl_typesupport_introspection_cpp;std_srvs::std_srvs__rosidl_typesupport_cpp;/opt/ros/foxy/lib/libsensor_msgs__rosidl_generator_c.so;rcutils::rcutils;/opt/ros/foxy/lib/libsensor_msgs__rosidl_typesupport_introspection_c.so;sensor_msgs::sensor_msgs__rosidl_generator_c;rosidl_typesupport_introspection_c::rosidl_typesupport_introspection_c;/opt/ros/foxy/lib/libsensor_msgs__rosidl_typesupport_c.so;rosidl_typesupport_c::rosidl_typesupport_c;/opt/ros/foxy/lib/libsensor_msgs__rosidl_typesupport_introspection_cpp.so;rosidl_typesupport_introspection_cpp::rosidl_typesupport_introspection_cpp;/opt/ros/foxy/lib/libsensor_msgs__rosidl_typesupport_cpp.so;rosidl_runtime_c::rosidl_runtime_c;rosidl_runtime_cpp::rosidl_runtime_cpp;rosidl_typesupport_cpp::rosidl_typesupport_cpp;rosidl_typesupport_interface::rosidl_typesupport_interface;builtin_interfaces::builtin_interfaces__rosidl_generator_c;builtin_interfaces::builtin_interfaces__rosidl_typesupport_introspection_c;builtin_interfaces::builtin_interfaces__rosidl_typesupport_c;builtin_interfaces::builtin_interfaces__rosidl_generator_cpp;builtin_interfaces::builtin_interfaces__rosidl_typesupport_introspection_cpp;builtin_interfaces::builtin_interfaces__rosidl_typesupport_cpp;geometry_msgs::geometry_msgs__rosidl_generator_c;geometry_msgs::geometry_msgs__rosidl_typesupport_introspection_c;geometry_msgs::geometry_msgs__rosidl_typesupport_c;geometry_msgs::geometry_msgs__rosidl_generator_cpp;geometry_msgs::geometry_msgs__rosidl_typesupport_introspection_cpp;geometry_msgs::geometry_msgs__rosidl_typesupport_cpp;std_msgs::std_msgs__rosidl_generator_c;std_msgs::std_msgs__rosidl_typesupport_introspection_c;std_msgs::std_msgs__rosidl_typesupport_c;std_msgs::std_msgs__rosidl_generator_cpp;std_msgs::std_msgs__rosidl_typesupport_introspection_cpp;std_msgs::std_msgs__rosidl_typesupport_cpp;/opt/ros/foxy/lib/librcutils.so;dl;/opt/ros/foxy/lib/librcpputils.so;/opt/ros/foxy/lib/librosidl_typesupport_c.so;rcpputils::rcpputils;/opt/ros/foxy/lib/librosidl_typesupport_cpp.so;/opt/ros/foxy/lib/librosidl_typesupport_introspection_c.so;/opt/ros/foxy/lib/librosidl_typesupport_introspection_cpp.so;/opt/ros/foxy/lib/librosidl_runtime_c.so;/opt/ros/foxy/lib/libgeometry_msgs__rosidl_generator_c.so;/opt/ros/foxy/lib/libgeometry_msgs__rosidl_typesupport_introspection_c.so;/opt/ros/foxy/lib/libgeometry_msgs__rosidl_typesupport_c.so;/opt/ros/foxy/lib/libgeometry_msgs__rosidl_typesupport_introspection_cpp.so;/opt/ros/foxy/lib/libgeometry_msgs__rosidl_typesupport_cpp.so;/opt/ros/foxy/lib/libbuiltin_interfaces__rosidl_generator_c.so;/opt/ros/foxy/lib/libbuiltin_interfaces__rosidl_typesupport_introspection_c.so;/opt/ros/foxy/lib/libbuiltin_interfaces__rosidl_typesupport_c.so;/opt/ros/foxy/lib/libbuiltin_interfaces__rosidl_typesupport_introspection_cpp.so;/opt/ros/foxy/lib/libbuiltin_interfaces__rosidl_typesupport_cpp.so;/opt/ros/foxy/lib/libstd_srvs__rosidl_generator_c.so;/opt/ros/foxy/lib/libstd_srvs__rosidl_typesupport_introspection_c.so;/opt/ros/foxy/lib/libstd_srvs__rosidl_typesupport_c.so;/opt/ros/foxy/lib/libstd_srvs__rosidl_typesupport_introspection_cpp.so;/opt/ros/foxy/lib/libstd_srvs__rosidl_typesupport_cpp.so;/home/chaung/f_ws/install/rtabmap_msgs/lib/librtabmap_msgs__rosidl_generator_c.so;/home/chaung/f_ws/install/rtabmap_msgs/lib/librtabmap_msgs__rosidl_typesupport_introspection_c.so;rtabmap_msgs::rtabmap_msgs__rosidl_generator_c;/home/chaung/f_ws/install/rtabmap_msgs/lib/librtabmap_msgs__rosidl_typesupport_c.so;/home/chaung/f_ws/install/rtabmap_msgs/lib/librtabmap_msgs__rosidl_typesupport_introspection_cpp.so;/home/chaung/f_ws/install/rtabmap_msgs/lib/librtabmap_msgs__rosidl_typesupport_cpp.so;sensor_msgs::sensor_msgs__rosidl_typesupport_introspection_c;sensor_msgs::sensor_msgs__rosidl_typesupport_c;sensor_msgs::sensor_msgs__rosidl_generator_cpp;sensor_msgs::sensor_msgs__rosidl_typesupport_introspection_cpp;sensor_msgs::sensor_msgs__rosidl_typesupport_cpp;std_srvs::std_srvs__rosidl_generator_c;std_srvs::std_srvs__rosidl_typesupport_introspection_c;std_srvs::std_srvs__rosidl_typesupport_c;std_srvs::std_srvs__rosidl_generator_cpp;std_srvs::std_srvs__rosidl_typesupport_introspection_cpp;std_srvs::std_srvs__rosidl_typesupport_cpp;/opt/ros/foxy/lib/libsensor_msgs__rosidl_generator_c.so;/opt/ros/foxy/lib/libsensor_msgs__rosidl_typesupport_introspection_c.so;sensor_msgs::sensor_msgs__rosidl_generator_c;/opt/ros/foxy/lib/libsensor_msgs__rosidl_typesupport_c.so;/opt/ros/foxy/lib/libsensor_msgs__rosidl_typesupport_introspection_cpp.so;/opt/ros/foxy/lib/libsensor_msgs__rosidl_typesupport_cpp.so;geometry_msgs::geometry_msgs__rosidl_generator_c;geometry_msgs::geometry_msgs__rosidl_typesupport_introspection_c;geometry_msgs::geometry_msgs__rosidl_typesupport_c;geometry_msgs::geometry_msgs__rosidl_generator_cpp;geometry_msgs::geometry_msgs__rosidl_typesupport_introspection_cpp;geometry_msgs::geometry_msgs__rosidl_typesupport_cpp;std_msgs::std_msgs__rosidl_typesupport_introspection_c;std_msgs::std_msgs__rosidl_typesupport_c;std_msgs::std_msgs__rosidl_generator_cpp;std_msgs::std_msgs__rosidl_typesupport_introspection_cpp;std_msgs::std_msgs__rosidl_typesupport_cpp;/opt/ros/foxy/lib/libstd_msgs__rosidl_generator_c.so;rcutils::rcutils;/opt/ros/foxy/lib/libstd_msgs__rosidl_typesupport_introspection_c.so;std_msgs::std_msgs__rosidl_generator_c;rosidl_typesupport_introspection_c::rosidl_typesupport_introspection_c;/opt/ros/foxy/lib/libstd_msgs__rosidl_typesupport_c.so;rosidl_typesupport_c::rosidl_typesupport_c;/opt/ros/foxy/lib/libstd_msgs__rosidl_typesupport_introspection_cpp.so;rosidl_typesupport_introspection_cpp::rosidl_typesupport_introspection_cpp;/opt/ros/foxy/lib/libstd_msgs__rosidl_typesupport_cpp.so;rosidl_runtime_c::rosidl_runtime_c;rosidl_runtime_cpp::rosidl_runtime_cpp;rosidl_typesupport_cpp::rosidl_typesupport_cpp;rosidl_typesupport_interface::rosidl_typesupport_interface;builtin_interfaces::builtin_interfaces__rosidl_generator_c;builtin_interfaces::builtin_interfaces__rosidl_typesupport_introspection_c;builtin_interfaces::builtin_interfaces__rosidl_typesupport_c;builtin_interfaces::builtin_interfaces__rosidl_generator_cpp;builtin_interfaces::builtin_interfaces__rosidl_typesupport_introspection_cpp;builtin_interfaces::builtin_interfaces__rosidl_typesupport_cpp;/opt/ros/foxy/lib/librcutils.so;dl;/opt/ros/foxy/lib/librcpputils.so;/opt/ros/foxy/lib/librosidl_typesupport_c.so;rcpputils::rcpputils;/opt/ros/foxy/lib/librosidl_typesupport_cpp.so;/opt/ros/foxy/lib/librosidl_typesupport_introspection_c.so;/opt/ros/foxy/lib/librosidl_typesupport_introspection_cpp.so;/opt/ros/foxy/lib/librosidl_runtime_c.so;/opt/ros/foxy/lib/libgeometry_msgs__rosidl_generator_c.so;/opt/ros/foxy/lib/libgeometry_msgs__rosidl_typesupport_introspection_c.so;/opt/ros/foxy/lib/libgeometry_msgs__rosidl_typesupport_c.so;/opt/ros/foxy/lib/libgeometry_msgs__rosidl_typesupport_introspection_cpp.so;/opt/ros/foxy/lib/libgeometry_msgs__rosidl_typesupport_cpp.so;/opt/ros/foxy/lib/libbuiltin_interfaces__rosidl_generator_c.so;/opt/ros/foxy/lib/libbuiltin_interfaces__rosidl_typesupport_introspection_c.so;/opt/ros/foxy/lib/libbuiltin_interfaces__rosidl_typesupport_c.so;/opt/ros/foxy/lib/libbuiltin_interfaces__rosidl_typesupport_introspection_cpp.so;/opt/ros/foxy/lib/libbuiltin_interfaces__rosidl_typesupport_cpp.so;/opt/ros/foxy/lib/libstd_srvs__rosidl_generator_c.so;/opt/ros/foxy/lib/libstd_srvs__rosidl_typesupport_introspection_c.so;/opt/ros/foxy/lib/libstd_srvs__rosidl_typesupport_c.so;/opt/ros/foxy/lib/libstd_srvs__rosidl_typesupport_introspection_cpp.so;/opt/ros/foxy/lib/libstd_srvs__rosidl_typesupport_cpp.so;/home/chaung/f_ws/install/rtabmap_msgs/lib/librtabmap_msgs__rosidl_generator_c.so;/home/chaung/f_ws/install/rtabmap_msgs/lib/librtabmap_msgs__rosidl_typesupport_introspection_c.so;rtabmap_msgs::rtabmap_msgs__rosidl_generator_c;/home/chaung/f_ws/install/rtabmap_msgs/lib/librtabmap_msgs__rosidl_typesupport_c.so;/home/chaung/f_ws/install/rtabmap_msgs/lib/librtabmap_msgs__rosidl_typesupport_introspection_cpp.so;/home/chaung/f_ws/install/rtabmap_msgs/lib/librtabmap_msgs__rosidl_typesupport_cpp.so;sensor_msgs::sensor_msgs__rosidl_typesupport_introspection_c;sensor_msgs::sensor_msgs__rosidl_typesupport_c;sensor_msgs::sensor_msgs__rosidl_generator_cpp;sensor_msgs::sensor_msgs__rosidl_typesupport_introspection_cpp;sensor_msgs::sensor_msgs__rosidl_typesupport_cpp;std_srvs::std_srvs__rosidl_generator_c;std_srvs::std_srvs__rosidl_typesupport_introspection_c;std_srvs::std_srvs__rosidl_typesupport_c;std_srvs::std_srvs__rosidl_generator_cpp;std_srvs::std_srvs__rosidl_typesupport_introspection_cpp;std_srvs::std_srvs__rosidl_typesupport_cpp;/opt/ros/foxy/lib/libsensor_msgs__rosidl_generator_c.so;/opt/ros/foxy/lib/libsensor_msgs__rosidl_typesupport_introspection_c.so;sensor_msgs::sensor_msgs__rosidl_generator_c;/opt/ros/foxy/lib/libsensor_msgs__rosidl_typesupport_c.so;/opt/ros/foxy/lib/libsensor_msgs__rosidl_typesupport_introspection_cpp.so;/opt/ros/foxy/lib/libsensor_msgs__rosidl_typesupport_cpp.so;std_msgs::std_msgs__rosidl_typesupport_introspection_c;std_msgs::std_msgs__rosidl_typesupport_c;std_msgs::std_msgs__rosidl_generator_cpp;std_msgs::std_msgs__rosidl_typesupport_introspection_cpp;std_msgs::std_msgs__rosidl_typesupport_cpp;/opt/ros/foxy/lib/libstd_msgs__rosidl_generator_c.so;/opt/ros/foxy/lib/libstd_msgs__rosidl_typesupport_introspection_c.so;std_msgs::std_msgs__rosidl_generator_c;rosidl_typesupport_introspection_c::rosidl_typesupport_introspection_c;/opt/ros/foxy/lib/libstd_msgs__rosidl_typesupport_c.so;rosidl_typesupport_c::rosidl_typesupport_c;/opt/ros/foxy/lib/libstd_msgs__rosidl_typesupport_introspection_cpp.so;rosidl_typesupport_introspection_cpp::rosidl_typesupport_introspection_cpp;/opt/ros/foxy/lib/libstd_msgs__rosidl_typesupport_cpp.so;rosidl_runtime_c::rosidl_runtime_c;rosidl_runtime_cpp::rosidl_runtime_cpp;rosidl_typesupport_cpp::rosidl_typesupport_cpp;rosidl_typesupport_interface::rosidl_typesupport_interface;builtin_interfaces::builtin_interfaces__rosidl_generator_c;builtin_interfaces::builtin_interfaces__rosidl_typesupport_introspection_c;builtin_interfaces::builtin_interfaces__rosidl_typesupport_c;builtin_interfaces::builtin_interfaces__rosidl_generator_cpp;builtin_interfaces::builtin_interfaces__rosidl_typesupport_introspection_cpp;builtin_interfaces::builtin_interfaces__rosidl_typesupport_cpp;/opt/ros/foxy/lib/libtf2.so;console_bridge::console_bridge;geometry_msgs::geometry_msgs__rosidl_generator_c;geometry_msgs::geometry_msgs__rosidl_typesupport_introspection_c;geometry_msgs::geometry_msgs__rosidl_typesupport_c;geometry_msgs::geometry_msgs__rosidl_generator_cpp;geometry_msgs::geometry_msgs__rosidl_typesupport_introspection_cpp;geometry_msgs::geometry_msgs__rosidl_typesupport_cpp;rcutils::rcutils;/opt/ros/foxy/lib/libtf2_ros.so;builtin_interfaces::builtin_interfaces__rosidl_generator_c;builtin_interfaces::builtin_interfaces__rosidl_typesupport_introspection_c;builtin_interfaces::builtin_interfaces__rosidl_typesupport_c;builtin_interfaces::builtin_interfaces__rosidl_generator_cpp;builtin_interfaces::builtin_interfaces__rosidl_typesupport_introspection_cpp;builtin_interfaces::builtin_interfaces__rosidl_typesupport_cpp;message_filters::message_filters;rclcpp_action::rclcpp_action;tf2::tf2;/opt/ros/foxy/lib/libstatic_transform_broadcaster_node.so;tf2_ros::tf2_ros;geometry_msgs::geometry_msgs__rosidl_generator_c;geometry_msgs::geometry_msgs__rosidl_typesupport_introspection_c;geometry_msgs::geometry_msgs__rosidl_typesupport_c;geometry_msgs::geometry_msgs__rosidl_generator_cpp;geometry_msgs::geometry_msgs__rosidl_typesupport_introspection_cpp;geometry_msgs::geometry_msgs__rosidl_typesupport_cpp;rclcpp::rclcpp;rclcpp_components::component_manager;tf2_msgs::tf2_msgs__rosidl_generator_c;tf2_msgs::tf2_msgs__rosidl_typesupport_introspection_c;tf2_msgs::tf2_msgs__rosidl_typesupport_c;tf2_msgs::tf2_msgs__rosidl_generator_cpp;tf2_msgs::tf2_msgs__rosidl_typesupport_introspection_cpp;tf2_msgs::tf2_msgs__rosidl_typesupport_cpp;/opt/ros/foxy/lib/libtf2_ros.so;builtin_interfaces::builtin_interfaces__rosidl_generator_c;builtin_interfaces::builtin_interfaces__rosidl_typesupport_introspection_c;builtin_interfaces::builtin_interfaces__rosidl_typesupport_c;builtin_interfaces::builtin_interfaces__rosidl_generator_cpp;builtin_interfaces::builtin_interfaces__rosidl_typesupport_introspection_cpp;builtin_interfaces::builtin_interfaces__rosidl_typesupport_cpp;message_filters::message_filters;rclcpp_action::rclcpp_action;/opt/ros/foxy/lib/libstatic_transform_broadcaster_node.so;rclcpp::rclcpp;rclcpp_components::component_manager;tf2_msgs::tf2_msgs__rosidl_generator_c;tf2_msgs::tf2_msgs__rosidl_typesupport_introspection_c;tf2_msgs::tf2_msgs__rosidl_typesupport_c;tf2_msgs::tf2_msgs__rosidl_generator_cpp;tf2_msgs::tf2_msgs__rosidl_typesupport_introspection_cpp;tf2_msgs::tf2_msgs__rosidl_typesupport_cpp;geometry_msgs::geometry_msgs__rosidl_generator_c;geometry_msgs::geometry_msgs__rosidl_typesupport_introspection_c;geometry_msgs::geometry_msgs__rosidl_typesupport_c;geometry_msgs::geometry_msgs__rosidl_generator_cpp;geometry_msgs::geometry_msgs__rosidl_typesupport_introspection_cpp;geometry_msgs::geometry_msgs__rosidl_typesupport_cpp;orocos-kdl;tf2::tf2;tf2_ros::tf2_ros;tf2_ros::static_transform_broadcaster_node;/opt/ros/foxy/lib/libtf2_ros.so;builtin_interfaces::builtin_interfaces__rosidl_generator_c;builtin_interfaces::builtin_interfaces__rosidl_typesupport_introspection_c;builtin_interfaces::builtin_interfaces__rosidl_typesupport_c;builtin_interfaces::builtin_interfaces__rosidl_generator_cpp;builtin_interfaces::builtin_interfaces__rosidl_typesupport_introspection_cpp;builtin_interfaces::builtin_interfaces__rosidl_typesupport_cpp;message_filters::message_filters;rclcpp_action::rclcpp_action;/opt/ros/foxy/lib/libstatic_transform_broadcaster_node.so;rclcpp::rclcpp;rclcpp_components::component_manager;tf2_msgs::tf2_msgs__rosidl_generator_c;tf2_msgs::tf2_msgs__rosidl_typesupport_introspection_c;tf2_msgs::tf2_msgs__rosidl_typesupport_c;tf2_msgs::tf2_msgs__rosidl_generator_cpp;tf2_msgs::tf2_msgs__rosidl_typesupport_introspection_cpp;tf2_msgs::tf2_msgs__rosidl_typesupport_cpp;geometry_msgs::geometry_msgs__rosidl_generator_c;geometry_msgs::geometry_msgs__rosidl_typesupport_introspection_c;geometry_msgs::geometry_msgs__rosidl_typesupport_c;geometry_msgs::geometry_msgs__rosidl_generator_cpp;geometry_msgs::geometry_msgs__rosidl_typesupport_introspection_cpp;geometry_msgs::geometry_msgs__rosidl_typesupport_cpp;orocos-kdl;tf2::tf2;tf2_ros::tf2_ros;tf2_ros::static_transform_broadcaster_node;/home/chaung/f_ws/install/rtabmap/lib/librtabmap_utilite.so.0.21.1;/home/chaung/f_ws/install/rtabmap/lib/librtabmap_core.so.0.21.1;rtabmap::utilite;opencv_core;opencv_calib3d;opencv_imgproc;opencv_highgui;opencv_stitching;opencv_photo;opencv_video;opencv_videoio;opencv_aruco;pcl_common;pcl_octree;pcl_io;pcl_kdtree;pcl_search;pcl_surface;pcl_filters;pcl_features;pcl_registration;pcl_sample_consensus;pcl_ml;pcl_segmentation;pcl_visualization;/usr/lib/x86_64-linux-gnu/libboost_system.so;/usr/lib/x86_64-linux-gnu/libboost_filesystem.so;/usr/lib/x86_64-linux-gnu/libboost_date_time.so;/usr/lib/x86_64-linux-gnu/libboost_iostreams.so;/usr/lib/x86_64-linux-gnu/libboost_regex.so;/usr/lib/x86_64-linux-gnu/libqhull.so;/usr/lib/libOpenNI.so;vtkChartsCore;vtkCommonColor;vtkCommonCore;vtksys;vtkCommonDataModel;vtkCommonMath;vtkCommonMisc;vtkCommonSystem;vtkCommonTransforms;vtkCommonExecutionModel;vtkFiltersGeneral;vtkCommonComputationalGeometry;vtkFiltersCore;vtkInfovisCore;vtkFiltersExtraction;vtkFiltersStatistics;vtkImagingFourier;vtkImagingCore;vtkalglib;vtkRenderingContext2D;vtkRenderingCore;vtkFiltersGeometry;vtkFiltersSources;vtkRenderingFreeType;/usr/lib/x86_64-linux-gnu/libfreetype.so;/usr/lib/x86_64-linux-gnu/libz.so;vtkFiltersModeling;vtkImagingSources;vtkInteractionStyle;vtkInteractionWidgets;vtkFiltersHybrid;vtkImagingColor;vtkImagingGeneral;vtkImagingHybrid;vtkIOImage;vtkDICOMParser;vtkmetaio;/usr/lib/x86_64-linux-gnu/libjpeg.so;/usr/lib/x86_64-linux-gnu/libpng.so;/usr/lib/x86_64-linux-gnu/libtiff.so;vtkRenderingAnnotation;vtkRenderingVolume;vtkIOXML;vtkIOCore;vtkIOXMLParser;/usr/lib/x86_64-linux-gnu/libexpat.so;vtkIOGeometry;vtkIOLegacy;vtkIOPLY;vtkRenderingLOD;vtkViewsContext2D;vtkViewsCore;vtkRenderingContextOpenGL2;vtkRenderingOpenGL2;FLANN::FLANN;vtkGUISupportQt;vtkRenderingVolumeOpenGL2;octomap;/home/chaung/f_ws/install/rtabmap/lib/librtabmap_gui.so.0.21.1;rtabmap::core;Qt5::Widgets;Qt5::Core;Qt5::Gui;Qt5::OpenGL;/home/chaung/f_ws/install/rtabmap_conversions/lib/librtabmap_conversions.so
[3.425s] -- Configuring done
[3.478s] -- Generating done
[3.480s] -- Build files have been written to: /home/chaung/f_ws/build/rtabmap_rviz_plugins
