[35m[1mScanning dependencies of target rtabmap_sync[0m
[35m[1mScanning dependencies of target rtabmap_sync_plugins[0m
[  4%] [32mBuilding CXX object CMakeFiles/rtabmap_sync_plugins.dir/src/nodelets/rgbdx_sync.cpp.o[0m
[  9%] [32mBuilding CXX object CMakeFiles/rtabmap_sync_plugins.dir/src/nodelets/rgbd_sync.cpp.o[0m
[ 13%] [32mBuilding CXX object CMakeFiles/rtabmap_sync_plugins.dir/src/nodelets/stereo_sync.cpp.o[0m
[ 18%] [32mBuilding CXX object CMakeFiles/rtabmap_sync_plugins.dir/src/nodelets/rgb_sync.cpp.o[0m
[ 22%] [32mBuilding CXX object CMakeFiles/rtabmap_sync.dir/src/impl/CommonDataSubscriberDepth.cpp.o[0m
[ 27%] [32mBuilding CXX object CMakeFiles/rtabmap_sync.dir/src/CommonDataSubscriber.cpp.o[0m
[ 31%] [32mBuilding CXX object CMakeFiles/rtabmap_sync.dir/src/impl/CommonDataSubscriberStereo.cpp.o[0m
[ 36%] [32mBuilding CXX object CMakeFiles/rtabmap_sync.dir/src/impl/CommonDataSubscriberRGB.cpp.o[0m
[ 40%] [32mBuilding CXX object CMakeFiles/rtabmap_sync.dir/src/impl/CommonDataSubscriberRGBD.cpp.o[0m
[ 45%] [32m[1mLinking CXX shared library librtabmap_sync_plugins.so[0m
[ 45%] Built target rtabmap_sync_plugins
[ 50%] [32mBuilding CXX object CMakeFiles/rtabmap_sync.dir/src/impl/CommonDataSubscriberRGBDX.cpp.o[0m
[ 54%] [32mBuilding CXX object CMakeFiles/rtabmap_sync.dir/src/impl/CommonDataSubscriberScan.cpp.o[0m
[ 59%] [32mBuilding CXX object CMakeFiles/rtabmap_sync.dir/src/impl/CommonDataSubscriberOdom.cpp.o[0m
[35m[1mScanning dependencies of target rtabmap_rgbd_sync[0m
[ 63%] [32mBuilding CXX object CMakeFiles/rtabmap_rgbd_sync.dir/src/RGBDSyncNode.cpp.o[0m
[35m[1mScanning dependencies of target rtabmap_rgbdx_sync[0m
[ 68%] [32mBuilding CXX object CMakeFiles/rtabmap_rgbdx_sync.dir/src/RGBDXSyncNode.cpp.o[0m
[ 72%] [32m[1mLinking CXX executable rgbd_sync[0m
[ 77%] [32m[1mLinking CXX executable rgbdx_sync[0m
[ 77%] Built target rtabmap_rgbd_sync
[35m[1mScanning dependencies of target rtabmap_stereo_sync[0m
[ 81%] [32mBuilding CXX object CMakeFiles/rtabmap_stereo_sync.dir/src/StereoSyncNode.cpp.o[0m
[35m[1mScanning dependencies of target rtabmap_rgb_sync[0m
[ 86%] [32mBuilding CXX object CMakeFiles/rtabmap_rgb_sync.dir/src/RGBSyncNode.cpp.o[0m
[ 86%] Built target rtabmap_rgbdx_sync
[ 90%] [32m[1mLinking CXX executable stereo_sync[0m
[ 95%] [32m[1mLinking CXX executable rgb_sync[0m
[ 95%] Built target rtabmap_stereo_sync
[ 95%] Built target rtabmap_rgb_sync
[100%] [32m[1mLinking CXX shared library librtabmap_sync.so[0m
[100%] Built target rtabmap_sync
