[0.021s] Invoking command in '/home/chaung/f_ws/build/rtabmap_sync': AMENT_PREFIX_PATH=/home/chaung/f_ws/install/rtabmap_conversions:${AMENT_PREFIX_PATH} CMAKE_PREFIX_PATH=/home/chaung/f_ws/install/rtabmap_conversions:/home/chaung/f_ws/install/openslam_gmapping:/home/chaung/f_ws/install/bno055:/opt/ros/foxy:/home/chaung/f_ws/install/rtabmap_msgs:/home/chaung/f_ws/install/rtabmap:${CMAKE_PREFIX_PATH} LD_LIBRARY_PATH=/home/chaung/f_ws/install/rtabmap_conversions/lib:/home/chaung/f_ws/install/rtabmap_msgs/lib:/home/chaung/f_ws/install/rtabmap/lib:${LD_LIBRARY_PATH} PATH=/home/chaung/f_ws/install/rtabmap/bin:${PATH} PKG_CONFIG_PATH=/home/chaung/f_ws/install/rtabmap_msgs/lib/x86_64-linux-gnu/pkgconfig:/home/chaung/f_ws/install/rtabmap_msgs/lib/pkgconfig:/home/chaung/f_ws/install/rtabmap/lib/x86_64-linux-gnu/pkgconfig:/home/chaung/f_ws/install/rtabmap/lib/pkgconfig:${PKG_CONFIG_PATH} PYTHONPATH=/home/chaung/f_ws/install/rtabmap_msgs/lib/python3.8/site-packages:${PYTHONPATH} ROS_PACKAGE_PATH=/home/chaung/f_ws/install/rtabmap_msgs/share /usr/bin/cmake --build /home/chaung/f_ws/build/rtabmap_sync
[0.055s] [35m[1mScanning dependencies of target rtabmap_sync[0m
[0.055s] [35m[1mScanning dependencies of target rtabmap_sync_plugins[0m
[0.161s] [  4%] [32mBuilding CXX object CMakeFiles/rtabmap_sync_plugins.dir/src/nodelets/rgbdx_sync.cpp.o[0m
[0.161s] [  9%] [32mBuilding CXX object CMakeFiles/rtabmap_sync_plugins.dir/src/nodelets/rgbd_sync.cpp.o[0m
[0.164s] [ 13%] [32mBuilding CXX object CMakeFiles/rtabmap_sync_plugins.dir/src/nodelets/stereo_sync.cpp.o[0m
[0.165s] [ 18%] [32mBuilding CXX object CMakeFiles/rtabmap_sync_plugins.dir/src/nodelets/rgb_sync.cpp.o[0m
[0.186s] [ 22%] [32mBuilding CXX object CMakeFiles/rtabmap_sync.dir/src/impl/CommonDataSubscriberDepth.cpp.o[0m
[0.187s] [ 27%] [32mBuilding CXX object CMakeFiles/rtabmap_sync.dir/src/CommonDataSubscriber.cpp.o[0m
[20.126s] [ 31%] [32mBuilding CXX object CMakeFiles/rtabmap_sync.dir/src/impl/CommonDataSubscriberStereo.cpp.o[0m
[21.052s] [ 36%] [32mBuilding CXX object CMakeFiles/rtabmap_sync.dir/src/impl/CommonDataSubscriberRGB.cpp.o[0m
[21.180s] [ 40%] [32mBuilding CXX object CMakeFiles/rtabmap_sync.dir/src/impl/CommonDataSubscriberRGBD.cpp.o[0m
[21.451s] [ 45%] [32m[1mLinking CXX shared library librtabmap_sync_plugins.so[0m
[25.915s] [ 45%] Built target rtabmap_sync_plugins
[25.925s] [ 50%] [32mBuilding CXX object CMakeFiles/rtabmap_sync.dir/src/impl/CommonDataSubscriberRGBDX.cpp.o[0m
[29.590s] [ 54%] [32mBuilding CXX object CMakeFiles/rtabmap_sync.dir/src/impl/CommonDataSubscriberScan.cpp.o[0m
[37.408s] [ 59%] [32mBuilding CXX object CMakeFiles/rtabmap_sync.dir/src/impl/CommonDataSubscriberOdom.cpp.o[0m
[46.640s] [35m[1mScanning dependencies of target rtabmap_rgbd_sync[0m
[46.679s] [ 63%] [32mBuilding CXX object CMakeFiles/rtabmap_rgbd_sync.dir/src/RGBDSyncNode.cpp.o[0m
[46.797s] [35m[1mScanning dependencies of target rtabmap_rgbdx_sync[0m
[46.852s] [ 68%] [32mBuilding CXX object CMakeFiles/rtabmap_rgbdx_sync.dir/src/RGBDXSyncNode.cpp.o[0m
[48.506s] [ 72%] [32m[1mLinking CXX executable rgbd_sync[0m
[49.609s] [ 77%] [32m[1mLinking CXX executable rgbdx_sync[0m
[50.453s] [ 77%] Built target rtabmap_rgbd_sync
[50.464s] [35m[1mScanning dependencies of target rtabmap_stereo_sync[0m
[50.502s] [ 81%] [32mBuilding CXX object CMakeFiles/rtabmap_stereo_sync.dir/src/StereoSyncNode.cpp.o[0m
[51.214s] [35m[1mScanning dependencies of target rtabmap_rgb_sync[0m
[51.252s] [ 86%] [32mBuilding CXX object CMakeFiles/rtabmap_rgb_sync.dir/src/RGBSyncNode.cpp.o[0m
[51.427s] [ 86%] Built target rtabmap_rgbdx_sync
[52.267s] [ 90%] [32m[1mLinking CXX executable stereo_sync[0m
[53.049s] [ 95%] [32m[1mLinking CXX executable rgb_sync[0m
[54.214s] [ 95%] Built target rtabmap_stereo_sync
[54.919s] [ 95%] Built target rtabmap_rgb_sync
[58.312s] [100%] [32m[1mLinking CXX shared library librtabmap_sync.so[0m
[67.161s] [100%] Built target rtabmap_sync
