[0.882s] Invoking command in '/home/chaung/f_ws/build/bno055': PYTHONPATH=/home/chaung/f_ws/build/bno055/prefix_override:/home/chaung/f_ws/install/bno055/lib/python3.8/site-packages:${PYTHONPATH} /usr/bin/python3 setup.py develop --uninstall --editable --build-directory /home/chaung/f_ws/build/bno055/build
[1.066s] running develop
[1.181s] Removing /home/chaung/f_ws/install/bno055/lib/python3.8/site-packages/bno055.egg-link (link to .)
[1.205s] Invoked command in '/home/chaung/f_ws/build/bno055' returned '0': PYTHONPATH=/home/chaung/f_ws/build/bno055/prefix_override:/home/chaung/f_ws/install/bno055/lib/python3.8/site-packages:${PYTHONPATH} /usr/bin/python3 setup.py develop --uninstall --editable --build-directory /home/chaung/f_ws/build/bno055/build
[1.208s] Invoking command in '/home/chaung/f_ws/src/bno055': PYTHONPATH=/home/chaung/f_ws/build/bno055/prefix_override:/home/chaung/f_ws/install/bno055/lib/python3.8/site-packages:${PYTHONPATH} /usr/bin/python3 setup.py egg_info --egg-base ../../build/bno055 build --build-base /home/chaung/f_ws/build/bno055/build install --record /home/chaung/f_ws/build/bno055/install.log --single-version-externally-managed
[1.369s] running egg_info
[1.369s] writing ../../build/bno055/bno055.egg-info/PKG-INFO
[1.369s] writing dependency_links to ../../build/bno055/bno055.egg-info/dependency_links.txt
[1.369s] writing entry points to ../../build/bno055/bno055.egg-info/entry_points.txt
[1.370s] writing requirements to ../../build/bno055/bno055.egg-info/requires.txt
[1.370s] writing top-level names to ../../build/bno055/bno055.egg-info/top_level.txt
[1.398s] reading manifest file '../../build/bno055/bno055.egg-info/SOURCES.txt'
[1.398s] writing manifest file '../../build/bno055/bno055.egg-info/SOURCES.txt'
[1.398s] running build
[1.398s] running build_py
[1.399s] running install
[1.399s] running install_lib
[1.399s] creating /home/chaung/f_ws/install/bno055/lib/python3.8/site-packages/bno055
[1.399s] copying /home/chaung/f_ws/build/bno055/build/lib/bno055/__init__.py -> /home/chaung/f_ws/install/bno055/lib/python3.8/site-packages/bno055
[1.399s] creating /home/chaung/f_ws/install/bno055/lib/python3.8/site-packages/bno055/connectors
[1.399s] copying /home/chaung/f_ws/build/bno055/build/lib/bno055/connectors/__init__.py -> /home/chaung/f_ws/install/bno055/lib/python3.8/site-packages/bno055/connectors
[1.400s] copying /home/chaung/f_ws/build/bno055/build/lib/bno055/connectors/i2c.py -> /home/chaung/f_ws/install/bno055/lib/python3.8/site-packages/bno055/connectors
[1.400s] copying /home/chaung/f_ws/build/bno055/build/lib/bno055/connectors/Connector.py -> /home/chaung/f_ws/install/bno055/lib/python3.8/site-packages/bno055/connectors
[1.400s] copying /home/chaung/f_ws/build/bno055/build/lib/bno055/connectors/uart.py -> /home/chaung/f_ws/install/bno055/lib/python3.8/site-packages/bno055/connectors
[1.400s] copying /home/chaung/f_ws/build/bno055/build/lib/bno055/registers.py -> /home/chaung/f_ws/install/bno055/lib/python3.8/site-packages/bno055
[1.400s] creating /home/chaung/f_ws/install/bno055/lib/python3.8/site-packages/bno055/params
[1.400s] copying /home/chaung/f_ws/build/bno055/build/lib/bno055/params/__init__.py -> /home/chaung/f_ws/install/bno055/lib/python3.8/site-packages/bno055/params
[1.400s] copying /home/chaung/f_ws/build/bno055/build/lib/bno055/params/NodeParameters.py -> /home/chaung/f_ws/install/bno055/lib/python3.8/site-packages/bno055/params
[1.400s] creating /home/chaung/f_ws/install/bno055/lib/python3.8/site-packages/bno055/error_handling
[1.400s] copying /home/chaung/f_ws/build/bno055/build/lib/bno055/error_handling/__init__.py -> /home/chaung/f_ws/install/bno055/lib/python3.8/site-packages/bno055/error_handling
[1.401s] copying /home/chaung/f_ws/build/bno055/build/lib/bno055/error_handling/exceptions.py -> /home/chaung/f_ws/install/bno055/lib/python3.8/site-packages/bno055/error_handling
[1.401s] copying /home/chaung/f_ws/build/bno055/build/lib/bno055/bno055.py -> /home/chaung/f_ws/install/bno055/lib/python3.8/site-packages/bno055
[1.401s] creating /home/chaung/f_ws/install/bno055/lib/python3.8/site-packages/bno055/sensor
[1.401s] copying /home/chaung/f_ws/build/bno055/build/lib/bno055/sensor/__init__.py -> /home/chaung/f_ws/install/bno055/lib/python3.8/site-packages/bno055/sensor
[1.401s] copying /home/chaung/f_ws/build/bno055/build/lib/bno055/sensor/SensorService.py -> /home/chaung/f_ws/install/bno055/lib/python3.8/site-packages/bno055/sensor
[1.401s] byte-compiling /home/chaung/f_ws/install/bno055/lib/python3.8/site-packages/bno055/__init__.py to __init__.cpython-38.pyc
[1.402s] byte-compiling /home/chaung/f_ws/install/bno055/lib/python3.8/site-packages/bno055/connectors/__init__.py to __init__.cpython-38.pyc
[1.402s] byte-compiling /home/chaung/f_ws/install/bno055/lib/python3.8/site-packages/bno055/connectors/i2c.py to i2c.cpython-38.pyc
[1.403s] byte-compiling /home/chaung/f_ws/install/bno055/lib/python3.8/site-packages/bno055/connectors/Connector.py to Connector.cpython-38.pyc
[1.403s] byte-compiling /home/chaung/f_ws/install/bno055/lib/python3.8/site-packages/bno055/connectors/uart.py to uart.cpython-38.pyc
[1.403s] byte-compiling /home/chaung/f_ws/install/bno055/lib/python3.8/site-packages/bno055/registers.py to registers.cpython-38.pyc
[1.404s] byte-compiling /home/chaung/f_ws/install/bno055/lib/python3.8/site-packages/bno055/params/__init__.py to __init__.cpython-38.pyc
[1.404s] byte-compiling /home/chaung/f_ws/install/bno055/lib/python3.8/site-packages/bno055/params/NodeParameters.py to NodeParameters.cpython-38.pyc
[1.405s] byte-compiling /home/chaung/f_ws/install/bno055/lib/python3.8/site-packages/bno055/error_handling/__init__.py to __init__.cpython-38.pyc
[1.405s] byte-compiling /home/chaung/f_ws/install/bno055/lib/python3.8/site-packages/bno055/error_handling/exceptions.py to exceptions.cpython-38.pyc
[1.405s] byte-compiling /home/chaung/f_ws/install/bno055/lib/python3.8/site-packages/bno055/bno055.py to bno055.cpython-38.pyc
[1.405s] byte-compiling /home/chaung/f_ws/install/bno055/lib/python3.8/site-packages/bno055/sensor/__init__.py to __init__.cpython-38.pyc
[1.406s] byte-compiling /home/chaung/f_ws/install/bno055/lib/python3.8/site-packages/bno055/sensor/SensorService.py to SensorService.cpython-38.pyc
[1.407s] running install_data
[1.408s] running install_egg_info
[1.409s] Copying ../../build/bno055/bno055.egg-info to /home/chaung/f_ws/install/bno055/lib/python3.8/site-packages/bno055-0.4.1-py3.8.egg-info
[1.410s] running install_scripts
[1.423s] Installing bno055 script to /home/chaung/f_ws/install/bno055/lib/bno055
[1.423s] writing list of installed files to '/home/chaung/f_ws/build/bno055/install.log'
[1.445s] Invoked command in '/home/chaung/f_ws/src/bno055' returned '0': PYTHONPATH=/home/chaung/f_ws/build/bno055/prefix_override:/home/chaung/f_ws/install/bno055/lib/python3.8/site-packages:${PYTHONPATH} /usr/bin/python3 setup.py egg_info --egg-base ../../build/bno055 build --build-base /home/chaung/f_ws/build/bno055/build install --record /home/chaung/f_ws/build/bno055/install.log --single-version-externally-managed
