-- Eigen found (include: /usr/include/eigen3, version: 3.3.7)
-- OpenNI found (include: /usr/include/ni, lib: /usr/lib/libOpenNI.so)
-- OpenNI2 found (include: /usr/include/openni2, lib: /usr/lib/libOpenNI2.so)
** WARNING ** io features related to pcap will be disabled
** WARNING ** io features related to png will be disabled
-- The imported target "vtkParseOGLExt" references the file
   "/usr/bin/vtkParseOGLExt-7.1"
but this file does not exist.  Possible reasons include:
* The file was deleted, renamed, or moved to another location.
* An install or uninstall procedure did not complete successfully.
* The installation package was faulty and contained
   "/usr/lib/cmake/vtk-7.1/VTKTargets.cmake"
but not all the files it references.

-- The imported target "vtkRenderingPythonTkWidgets" references the file
   "/usr/lib/x86_64-linux-gnu/libvtkRenderingPythonTkWidgets.so"
but this file does not exist.  Possible reasons include:
* The file was deleted, renamed, or moved to another location.
* An install or uninstall procedure did not complete successfully.
* The installation package was faulty and contained
   "/usr/lib/cmake/vtk-7.1/VTKTargets.cmake"
but not all the files it references.

-- The imported target "vtk" references the file
   "/usr/bin/vtk"
but this file does not exist.  Possible reasons include:
* The file was deleted, renamed, or moved to another location.
* An install or uninstall procedure did not complete successfully.
* The installation package was faulty and contained
   "/usr/lib/cmake/vtk-7.1/VTKTargets.cmake"
but not all the files it references.

-- The imported target "pvtk" references the file
   "/usr/bin/pvtk"
but this file does not exist.  Possible reasons include:
* The file was deleted, renamed, or moved to another location.
* An install or uninstall procedure did not complete successfully.
* The installation package was faulty and contained
   "/usr/lib/cmake/vtk-7.1/VTKTargets.cmake"
but not all the files it references.

** WARNING ** io features related to libusb-1.0 will be disabled
-- QHULL found (include: /usr/include, lib: optimized;/usr/lib/x86_64-linux-gnu/libqhull.so;debug;/usr/lib/x86_64-linux-gnu/libqhull.so)
-- OpenNI found (include: /usr/include/ni, lib: /usr/lib/libOpenNI.so)
-- OpenNI2 found (include: /usr/include/openni2, lib: /usr/lib/libOpenNI2.so)
-- looking for PCL_COMMON
-- looking for PCL_OCTREE
-- looking for PCL_IO
-- looking for PCL_KDTREE
-- looking for PCL_SEARCH
-- looking for PCL_SURFACE
-- looking for PCL_FILTERS
-- looking for PCL_2D
-- looking for PCL_FEATURES
-- looking for PCL_REGISTRATION
-- looking for PCL_SAMPLE_CONSENSUS
-- looking for PCL_GEOMETRY
-- looking for PCL_ML
-- looking for PCL_SEGMENTATION
-- looking for PCL_VISUALIZATION
-- RTABMap=rtabmap::utilite;rtabmap::core;rtabmap::gui
-- Found ament_cmake: 0.9.11 (/opt/ros/foxy/share/ament_cmake/cmake)
-- Using PYTHON_EXECUTABLE: /usr/bin/python3
-- Override CMake install command with custom implementation using symlinks instead of copying resources
-- Found cv_bridge: 3.0.7 (/opt/ros/foxy/share/cv_bridge/cmake)
-- Using all available rosidl_typesupport_c: rosidl_typesupport_fastrtps_c;rosidl_typesupport_introspection_c
-- Found rosidl_adapter: 1.3.0 (/opt/ros/foxy/share/rosidl_adapter/cmake)
-- Using all available rosidl_typesupport_cpp: rosidl_typesupport_fastrtps_cpp;rosidl_typesupport_introspection_cpp
-- Found image_transport: 2.4.0 (/opt/ros/foxy/share/image_transport/cmake)
-- Found rmw_implementation_cmake: 1.0.4 (/opt/ros/foxy/share/rmw_implementation_cmake/cmake)
-- Using RMW implementation 'rmw_fastrtps_cpp' as default
-- Found rclcpp_components: 2.4.2 (/opt/ros/foxy/share/rclcpp_components/cmake)
-- Found stereo_msgs: 2.0.5 (/opt/ros/foxy/share/stereo_msgs/cmake)
-- Found nav_msgs: 2.0.5 (/opt/ros/foxy/share/nav_msgs/cmake)
-- Found tf2: 0.13.14 (/opt/ros/foxy/share/tf2/cmake)
-- Found tf2_ros: 0.13.14 (/opt/ros/foxy/share/tf2_ros/cmake)
-- Found laser_geometry: 2.2.0 (/opt/ros/foxy/share/laser_geometry/cmake)
-- Found pcl_conversions: 2.2.1 (/opt/ros/foxy/share/pcl_conversions/cmake)
-- Found pcl_ros: 2.2.1 (/opt/ros/foxy/share/pcl_ros/cmake)
-- Found Eigen3: TRUE (found version "3.3.7") 
-- Found rtabmap_msgs: 0.21.1 (/home/chaung/f_ws/install/rtabmap_msgs/share/rtabmap_msgs/cmake)
-- Found rtabmap_conversions: 0.21.1 (/home/chaung/f_ws/install/rtabmap_conversions/share/rtabmap_conversions/cmake)
-- rtabmap_conversions_TARGETS = rtabmap_conversions::rtabmap_conversions
CMake Warning at CMakeLists.txt:32 (find_package):
  By not providing "Findoctomap_msgs.cmake" in CMAKE_MODULE_PATH this project
  has asked CMake to find a package configuration file provided by
  "octomap_msgs", but CMake did not find one.

  Could not find a package configuration file provided by "octomap_msgs" with
  any of the following names:

    octomap_msgsConfig.cmake
    octomap_msgs-config.cmake

  Add the installation prefix of "octomap_msgs" to CMAKE_PREFIX_PATH or set
  "octomap_msgs_DIR" to a directory containing one of the above files.  If
  "octomap_msgs" provides a separate development package or SDK, be sure it
  has been installed.


-- Configuring done
-- Generating done
-- Build files have been written to: /home/chaung/f_ws/build/rtabmap_util
[35m[1mScanning dependencies of target rtabmap_util_plugins[0m
[  3%] [32mBuilding CXX object CMakeFiles/rtabmap_util_plugins.dir/src/MapsManager.cpp.o[0m
[  6%] [32mBuilding CXX object CMakeFiles/rtabmap_util_plugins.dir/src/nodelets/point_cloud_xyz.cpp.o[0m
[ 10%] [32mBuilding CXX object CMakeFiles/rtabmap_util_plugins.dir/src/nodelets/pointcloud_to_depthimage.cpp.o[0m
[ 13%] [32mBuilding CXX object CMakeFiles/rtabmap_util_plugins.dir/src/nodelets/obstacles_detection.cpp.o[0m
[ 17%] [32mBuilding CXX object CMakeFiles/rtabmap_util_plugins.dir/src/nodelets/point_cloud_xyzrgb.cpp.o[0m
[ 20%] [32mBuilding CXX object CMakeFiles/rtabmap_util_plugins.dir/src/nodelets/point_cloud_aggregator.cpp.o[0m
[ 24%] [32mBuilding CXX object CMakeFiles/rtabmap_util_plugins.dir/src/nodelets/point_cloud_assembler.cpp.o[0m
[ 27%] [32mBuilding CXX object CMakeFiles/rtabmap_util_plugins.dir/src/nodelets/lidar_deskewing.cpp.o[0m
[ 31%] [32mBuilding CXX object CMakeFiles/rtabmap_util_plugins.dir/src/nodelets/rgbd_relay.cpp.o[0m
[ 34%] [32mBuilding CXX object CMakeFiles/rtabmap_util_plugins.dir/src/nodelets/rgbd_split.cpp.o[0m
[ 37%] [32m[1mLinking CXX shared library librtabmap_util_plugins.so[0m
[ 37%] Built target rtabmap_util_plugins
[35m[1mScanning dependencies of target rtabmap_rgbd_relay[0m
[35m[1mScanning dependencies of target rtabmap_point_cloud_xyz[0m
[35m[1mScanning dependencies of target rtabmap_point_cloud_xyzrgb[0m
[35m[1mScanning dependencies of target rtabmap_rgbd_split[0m
[35m[1mScanning dependencies of target rtabmap_obstacles_detection[0m
[35m[1mScanning dependencies of target rtabmap_lidar_deskewing[0m
[ 41%] [32mBuilding CXX object CMakeFiles/rtabmap_rgbd_relay.dir/src/RGBDRelayNode.cpp.o[0m
[ 44%] [32mBuilding CXX object CMakeFiles/rtabmap_rgbd_split.dir/src/RGBDSplitNode.cpp.o[0m
[ 48%] [32mBuilding CXX object CMakeFiles/rtabmap_lidar_deskewing.dir/src/LidarDeskewingNode.cpp.o[0m
[ 51%] [32mBuilding CXX object CMakeFiles/rtabmap_point_cloud_xyzrgb.dir/src/PointCloudXYZRGBNode.cpp.o[0m
[ 55%] [32mBuilding CXX object CMakeFiles/rtabmap_point_cloud_xyz.dir/src/PointCloudXYZNode.cpp.o[0m
[ 58%] [32mBuilding CXX object CMakeFiles/rtabmap_obstacles_detection.dir/src/ObstaclesDetectionNode.cpp.o[0m
[ 62%] [32m[1mLinking CXX executable rgbd_relay[0m
[ 65%] [32m[1mLinking CXX executable rgbd_split[0m
[ 68%] [32m[1mLinking CXX executable lidar_deskewing[0m
[ 72%] [32m[1mLinking CXX executable point_cloud_xyz[0m
[ 72%] Built target rtabmap_rgbd_relay
[35m[1mScanning dependencies of target rtabmap_pointcloud_to_depthimage[0m
[ 75%] [32mBuilding CXX object CMakeFiles/rtabmap_pointcloud_to_depthimage.dir/src/PointCloudToDepthImageNode.cpp.o[0m
[ 79%] [32m[1mLinking CXX executable point_cloud_xyzrgb[0m
[ 79%] Built target rtabmap_rgbd_split
[35m[1mScanning dependencies of target rtabmap_point_cloud_aggregator[0m
[ 82%] [32mBuilding CXX object CMakeFiles/rtabmap_point_cloud_aggregator.dir/src/PointCloudAggregatorNode.cpp.o[0m
[ 82%] Built target rtabmap_lidar_deskewing
[35m[1mScanning dependencies of target rtabmap_point_cloud_assembler[0m
[ 86%] [32mBuilding CXX object CMakeFiles/rtabmap_point_cloud_assembler.dir/src/PointCloudAssemblerNode.cpp.o[0m
[ 89%] [32m[1mLinking CXX executable pointcloud_to_depthimage[0m
[ 89%] Built target rtabmap_point_cloud_xyz
[ 93%] [32m[1mLinking CXX executable point_cloud_aggregator[0m
[ 96%] [32m[1mLinking CXX executable obstacles_detection[0m
[ 96%] Built target rtabmap_point_cloud_xyzrgb
[ 96%] Built target rtabmap_pointcloud_to_depthimage
[ 96%] Built target rtabmap_point_cloud_aggregator
[ 96%] Built target rtabmap_obstacles_detection
[100%] [32m[1mLinking CXX executable point_cloud_assembler[0m
[100%] Built target rtabmap_point_cloud_assembler
-- Install configuration: ""
-- Execute custom install script
-- Symlinking: /home/chaung/f_ws/install/rtabmap_util/share/rtabmap_util/environment/library_path.sh
-- Symlinking: /home/chaung/f_ws/install/rtabmap_util/share/rtabmap_util/environment/library_path.dsv
-- Symlinking: /home/chaung/f_ws/install/rtabmap_util/lib/rtabmap_util/transform_to_tf.py
-- Symlinking: /home/chaung/f_ws/install/rtabmap_util/lib/rtabmap_util/yaml_to_camera_info.py
-- Symlinking: /home/chaung/f_ws/install/rtabmap_util/lib/rtabmap_util/rgbd_relay
-- Symlinking: /home/chaung/f_ws/install/rtabmap_util/lib/rtabmap_util/rgbd_split
-- Symlinking: /home/chaung/f_ws/install/rtabmap_util/lib/rtabmap_util/lidar_deskewing
-- Symlinking: /home/chaung/f_ws/install/rtabmap_util/lib/rtabmap_util/point_cloud_xyz
-- Symlinking: /home/chaung/f_ws/install/rtabmap_util/lib/rtabmap_util/point_cloud_xyzrgb
-- Symlinking: /home/chaung/f_ws/install/rtabmap_util/lib/rtabmap_util/pointcloud_to_depthimage
-- Symlinking: /home/chaung/f_ws/install/rtabmap_util/lib/rtabmap_util/obstacles_detection
-- Symlinking: /home/chaung/f_ws/install/rtabmap_util/lib/rtabmap_util/point_cloud_aggregator
-- Symlinking: /home/chaung/f_ws/install/rtabmap_util/lib/rtabmap_util/point_cloud_assembler
-- Symlinking: /home/chaung/f_ws/install/rtabmap_util/share/ament_index/resource_index/package_run_dependencies/rtabmap_util
-- Symlinking: /home/chaung/f_ws/install/rtabmap_util/share/ament_index/resource_index/parent_prefix_path/rtabmap_util
-- Symlinking: /home/chaung/f_ws/install/rtabmap_util/share/rtabmap_util/environment/ament_prefix_path.sh
-- Symlinking: /home/chaung/f_ws/install/rtabmap_util/share/rtabmap_util/environment/ament_prefix_path.dsv
-- Symlinking: /home/chaung/f_ws/install/rtabmap_util/share/rtabmap_util/environment/path.sh
-- Symlinking: /home/chaung/f_ws/install/rtabmap_util/share/rtabmap_util/environment/path.dsv
-- Symlinking: /home/chaung/f_ws/install/rtabmap_util/share/rtabmap_util/local_setup.bash
-- Symlinking: /home/chaung/f_ws/install/rtabmap_util/share/rtabmap_util/local_setup.sh
-- Symlinking: /home/chaung/f_ws/install/rtabmap_util/share/rtabmap_util/local_setup.zsh
-- Symlinking: /home/chaung/f_ws/install/rtabmap_util/share/rtabmap_util/local_setup.dsv
-- Symlinking: /home/chaung/f_ws/install/rtabmap_util/share/rtabmap_util/package.dsv
-- Symlinking: /home/chaung/f_ws/install/rtabmap_util/share/ament_index/resource_index/packages/rtabmap_util
-- Symlinking: /home/chaung/f_ws/install/rtabmap_util/share/ament_index/resource_index/rclcpp_components/rtabmap_util
-- Symlinking: /home/chaung/f_ws/install/rtabmap_util/share/rtabmap_util/cmake/ament_cmake_export_dependencies-extras.cmake
-- Symlinking: /home/chaung/f_ws/install/rtabmap_util/share/rtabmap_util/cmake/ament_cmake_export_include_directories-extras.cmake
-- Symlinking: /home/chaung/f_ws/install/rtabmap_util/share/rtabmap_util/cmake/ament_cmake_export_targets-extras.cmake
-- Symlinking: /home/chaung/f_ws/install/rtabmap_util/share/rtabmap_util/cmake/ament_cmake_export_libraries-extras.cmake
-- Symlinking: /home/chaung/f_ws/install/rtabmap_util/share/rtabmap_util/cmake/rtabmap_utilConfig.cmake
-- Symlinking: /home/chaung/f_ws/install/rtabmap_util/share/rtabmap_util/cmake/rtabmap_utilConfig-version.cmake
-- Symlinking: /home/chaung/f_ws/install/rtabmap_util/share/rtabmap_util/package.xml
-- Installing: /home/chaung/f_ws/install/rtabmap_util/lib/librtabmap_util_plugins.so
-- Set runtime path of "/home/chaung/f_ws/install/rtabmap_util/lib/librtabmap_util_plugins.so" to ""
-- Installing: /home/chaung/f_ws/install/rtabmap_util/include
-- Installing: /home/chaung/f_ws/install/rtabmap_util/include/rtabmap_util
-- Installing: /home/chaung/f_ws/install/rtabmap_util/include/rtabmap_util/MapsManager.h
-- Installing: /home/chaung/f_ws/install/rtabmap_util/include/rtabmap_util/visibility.h
-- Installing: /home/chaung/f_ws/install/rtabmap_util/include/rtabmap_util/ULogToRosout.h
-- Installing: /home/chaung/f_ws/install/rtabmap_util/share/rtabmap_util/cmake/rtabmap_utilExport.cmake
-- Installing: /home/chaung/f_ws/install/rtabmap_util/share/rtabmap_util/cmake/rtabmap_utilExport-noconfig.cmake
