[0.018s] Invoking command in '/home/chaung/f_ws/build/rtabmap_util': AMENT_PREFIX_PATH=/home/chaung/f_ws/install/rtabmap_conversions:${AMENT_PREFIX_PATH} CMAKE_PREFIX_PATH=/home/chaung/f_ws/install/rtabmap_conversions:/home/chaung/f_ws/install/openslam_gmapping:/home/chaung/f_ws/install/bno055:/opt/ros/foxy:/home/chaung/f_ws/install/rtabmap_msgs:/home/chaung/f_ws/install/rtabmap:${CMAKE_PREFIX_PATH} LD_LIBRARY_PATH=/home/chaung/f_ws/install/rtabmap_conversions/lib:/home/chaung/f_ws/install/rtabmap_msgs/lib:/home/chaung/f_ws/install/rtabmap/lib:${LD_LIBRARY_PATH} PATH=/home/chaung/f_ws/install/rtabmap/bin:${PATH} PKG_CONFIG_PATH=/home/chaung/f_ws/install/rtabmap_msgs/lib/x86_64-linux-gnu/pkgconfig:/home/chaung/f_ws/install/rtabmap_msgs/lib/pkgconfig:/home/chaung/f_ws/install/rtabmap/lib/x86_64-linux-gnu/pkgconfig:/home/chaung/f_ws/install/rtabmap/lib/pkgconfig:${PKG_CONFIG_PATH} PYTHONPATH=/home/chaung/f_ws/install/rtabmap_msgs/lib/python3.8/site-packages:${PYTHONPATH} ROS_PACKAGE_PATH=/home/chaung/f_ws/install/rtabmap_msgs/share /usr/bin/cmake /home/chaung/f_ws/src/rtabmap_ros/rtabmap_util -DCMAKE_INSTALL_PREFIX=/home/chaung/f_ws/install/rtabmap_util
[0.045s] -- Eigen found (include: /usr/include/eigen3, version: 3.3.7)
[0.058s] -- OpenNI found (include: /usr/include/ni, lib: /usr/lib/libOpenNI.so)
[0.063s] -- OpenNI2 found (include: /usr/include/openni2, lib: /usr/lib/libOpenNI2.so)
[0.063s] ** WARNING ** io features related to pcap will be disabled
[0.063s] ** WARNING ** io features related to png will be disabled
[0.112s] -- The imported target "vtkParseOGLExt" references the file
[0.112s]    "/usr/bin/vtkParseOGLExt-7.1"
[0.112s] but this file does not exist.  Possible reasons include:
[0.112s] * The file was deleted, renamed, or moved to another location.
[0.112s] * An install or uninstall procedure did not complete successfully.
[0.113s] * The installation package was faulty and contained
[0.113s]    "/usr/lib/cmake/vtk-7.1/VTKTargets.cmake"
[0.113s] but not all the files it references.
[0.113s] 
[0.113s] -- The imported target "vtkRenderingPythonTkWidgets" references the file
[0.113s]    "/usr/lib/x86_64-linux-gnu/libvtkRenderingPythonTkWidgets.so"
[0.113s] but this file does not exist.  Possible reasons include:
[0.114s] * The file was deleted, renamed, or moved to another location.
[0.114s] * An install or uninstall procedure did not complete successfully.
[0.114s] * The installation package was faulty and contained
[0.114s]    "/usr/lib/cmake/vtk-7.1/VTKTargets.cmake"
[0.114s] but not all the files it references.
[0.114s] 
[0.114s] -- The imported target "vtk" references the file
[0.114s]    "/usr/bin/vtk"
[0.114s] but this file does not exist.  Possible reasons include:
[0.115s] * The file was deleted, renamed, or moved to another location.
[0.115s] * An install or uninstall procedure did not complete successfully.
[0.115s] * The installation package was faulty and contained
[0.115s]    "/usr/lib/cmake/vtk-7.1/VTKTargets.cmake"
[0.115s] but not all the files it references.
[0.115s] 
[0.115s] -- The imported target "pvtk" references the file
[0.115s]    "/usr/bin/pvtk"
[0.115s] but this file does not exist.  Possible reasons include:
[0.115s] * The file was deleted, renamed, or moved to another location.
[0.115s] * An install or uninstall procedure did not complete successfully.
[0.115s] * The installation package was faulty and contained
[0.115s]    "/usr/lib/cmake/vtk-7.1/VTKTargets.cmake"
[0.115s] but not all the files it references.
[0.115s] 
[0.126s] ** WARNING ** io features related to libusb-1.0 will be disabled
[0.150s] -- QHULL found (include: /usr/include, lib: optimized;/usr/lib/x86_64-linux-gnu/libqhull.so;debug;/usr/lib/x86_64-linux-gnu/libqhull.so)
[0.173s] -- OpenNI found (include: /usr/include/ni, lib: /usr/lib/libOpenNI.so)
[0.177s] -- OpenNI2 found (include: /usr/include/openni2, lib: /usr/lib/libOpenNI2.so)
[0.188s] -- looking for PCL_COMMON
[0.188s] -- looking for PCL_OCTREE
[0.188s] -- looking for PCL_IO
[0.189s] -- looking for PCL_KDTREE
[0.190s] -- looking for PCL_SEARCH
[0.191s] -- looking for PCL_SURFACE
[0.191s] -- looking for PCL_FILTERS
[0.191s] -- looking for PCL_2D
[0.191s] -- looking for PCL_FEATURES
[0.191s] -- looking for PCL_REGISTRATION
[0.192s] -- looking for PCL_SAMPLE_CONSENSUS
[0.193s] -- looking for PCL_GEOMETRY
[0.193s] -- looking for PCL_ML
[0.194s] -- looking for PCL_SEGMENTATION
[0.194s] -- looking for PCL_VISUALIZATION
[0.205s] -- RTABMap=rtabmap::utilite;rtabmap::core;rtabmap::gui
[0.205s] -- Found ament_cmake: 0.9.11 (/opt/ros/foxy/share/ament_cmake/cmake)
[0.227s] -- Using PYTHON_EXECUTABLE: /usr/bin/python3
[0.369s] -- Override CMake install command with custom implementation using symlinks instead of copying resources
[0.375s] -- Found cv_bridge: 3.0.7 (/opt/ros/foxy/share/cv_bridge/cmake)
[0.390s] -- Using all available rosidl_typesupport_c: rosidl_typesupport_fastrtps_c;rosidl_typesupport_introspection_c
[0.391s] -- Found rosidl_adapter: 1.3.0 (/opt/ros/foxy/share/rosidl_adapter/cmake)
[0.479s] -- Using all available rosidl_typesupport_cpp: rosidl_typesupport_fastrtps_cpp;rosidl_typesupport_introspection_cpp
[0.605s] -- Found image_transport: 2.4.0 (/opt/ros/foxy/share/image_transport/cmake)
[0.633s] -- Found rmw_implementation_cmake: 1.0.4 (/opt/ros/foxy/share/rmw_implementation_cmake/cmake)
[0.634s] -- Using RMW implementation 'rmw_fastrtps_cpp' as default
[0.764s] -- Found rclcpp_components: 2.4.2 (/opt/ros/foxy/share/rclcpp_components/cmake)
[0.802s] -- Found stereo_msgs: 2.0.5 (/opt/ros/foxy/share/stereo_msgs/cmake)
[0.885s] -- Found nav_msgs: 2.0.5 (/opt/ros/foxy/share/nav_msgs/cmake)
[0.936s] -- Found tf2: 0.13.14 (/opt/ros/foxy/share/tf2/cmake)
[0.942s] -- Found tf2_ros: 0.13.14 (/opt/ros/foxy/share/tf2_ros/cmake)
[1.134s] -- Found laser_geometry: 2.2.0 (/opt/ros/foxy/share/laser_geometry/cmake)
[1.137s] -- Found pcl_conversions: 2.2.1 (/opt/ros/foxy/share/pcl_conversions/cmake)
[1.261s] -- Found pcl_ros: 2.2.1 (/opt/ros/foxy/share/pcl_ros/cmake)
[1.326s] -- Found Eigen3: TRUE (found version "3.3.7") 
[1.538s] -- Found rtabmap_msgs: 0.21.1 (/home/chaung/f_ws/install/rtabmap_msgs/share/rtabmap_msgs/cmake)
[1.648s] -- Found rtabmap_conversions: 0.21.1 (/home/chaung/f_ws/install/rtabmap_conversions/share/rtabmap_conversions/cmake)
[1.756s] -- rtabmap_conversions_TARGETS = rtabmap_conversions::rtabmap_conversions
[1.764s] CMake Warning at CMakeLists.txt:32 (find_package):
[1.764s]   By not providing "Findoctomap_msgs.cmake" in CMAKE_MODULE_PATH this project
[1.764s]   has asked CMake to find a package configuration file provided by
[1.764s]   "octomap_msgs", but CMake did not find one.
[1.764s] 
[1.764s]   Could not find a package configuration file provided by "octomap_msgs" with
[1.764s]   any of the following names:
[1.765s] 
[1.765s]     octomap_msgsConfig.cmake
[1.765s]     octomap_msgs-config.cmake
[1.765s] 
[1.765s]   Add the installation prefix of "octomap_msgs" to CMAKE_PREFIX_PATH or set
[1.765s]   "octomap_msgs_DIR" to a directory containing one of the above files.  If
[1.765s]   "octomap_msgs" provides a separate development package or SDK, be sure it
[1.765s]   has been installed.
[1.765s] 
[1.765s] 
[2.500s] -- Configuring done
[2.887s] -- Generating done
[2.889s] -- Build files have been written to: /home/chaung/f_ws/build/rtabmap_util
[2.902s] Invoked command in '/home/chaung/f_ws/build/rtabmap_util' returned '0': AMENT_PREFIX_PATH=/home/chaung/f_ws/install/rtabmap_conversions:${AMENT_PREFIX_PATH} CMAKE_PREFIX_PATH=/home/chaung/f_ws/install/rtabmap_conversions:/home/chaung/f_ws/install/openslam_gmapping:/home/chaung/f_ws/install/bno055:/opt/ros/foxy:/home/chaung/f_ws/install/rtabmap_msgs:/home/chaung/f_ws/install/rtabmap:${CMAKE_PREFIX_PATH} LD_LIBRARY_PATH=/home/chaung/f_ws/install/rtabmap_conversions/lib:/home/chaung/f_ws/install/rtabmap_msgs/lib:/home/chaung/f_ws/install/rtabmap/lib:${LD_LIBRARY_PATH} PATH=/home/chaung/f_ws/install/rtabmap/bin:${PATH} PKG_CONFIG_PATH=/home/chaung/f_ws/install/rtabmap_msgs/lib/x86_64-linux-gnu/pkgconfig:/home/chaung/f_ws/install/rtabmap_msgs/lib/pkgconfig:/home/chaung/f_ws/install/rtabmap/lib/x86_64-linux-gnu/pkgconfig:/home/chaung/f_ws/install/rtabmap/lib/pkgconfig:${PKG_CONFIG_PATH} PYTHONPATH=/home/chaung/f_ws/install/rtabmap_msgs/lib/python3.8/site-packages:${PYTHONPATH} ROS_PACKAGE_PATH=/home/chaung/f_ws/install/rtabmap_msgs/share /usr/bin/cmake /home/chaung/f_ws/src/rtabmap_ros/rtabmap_util -DCMAKE_INSTALL_PREFIX=/home/chaung/f_ws/install/rtabmap_util
[2.905s] Invoking command in '/home/chaung/f_ws/build/rtabmap_util': AMENT_PREFIX_PATH=/home/chaung/f_ws/install/rtabmap_conversions:${AMENT_PREFIX_PATH} CMAKE_PREFIX_PATH=/home/chaung/f_ws/install/rtabmap_conversions:/home/chaung/f_ws/install/openslam_gmapping:/home/chaung/f_ws/install/bno055:/opt/ros/foxy:/home/chaung/f_ws/install/rtabmap_msgs:/home/chaung/f_ws/install/rtabmap:${CMAKE_PREFIX_PATH} LD_LIBRARY_PATH=/home/chaung/f_ws/install/rtabmap_conversions/lib:/home/chaung/f_ws/install/rtabmap_msgs/lib:/home/chaung/f_ws/install/rtabmap/lib:${LD_LIBRARY_PATH} PATH=/home/chaung/f_ws/install/rtabmap/bin:${PATH} PKG_CONFIG_PATH=/home/chaung/f_ws/install/rtabmap_msgs/lib/x86_64-linux-gnu/pkgconfig:/home/chaung/f_ws/install/rtabmap_msgs/lib/pkgconfig:/home/chaung/f_ws/install/rtabmap/lib/x86_64-linux-gnu/pkgconfig:/home/chaung/f_ws/install/rtabmap/lib/pkgconfig:${PKG_CONFIG_PATH} PYTHONPATH=/home/chaung/f_ws/install/rtabmap_msgs/lib/python3.8/site-packages:${PYTHONPATH} ROS_PACKAGE_PATH=/home/chaung/f_ws/install/rtabmap_msgs/share /usr/bin/cmake --build /home/chaung/f_ws/build/rtabmap_util
[2.955s] [35m[1mScanning dependencies of target rtabmap_util_plugins[0m
[3.114s] [  3%] [32mBuilding CXX object CMakeFiles/rtabmap_util_plugins.dir/src/MapsManager.cpp.o[0m
[3.116s] [  6%] [32mBuilding CXX object CMakeFiles/rtabmap_util_plugins.dir/src/nodelets/point_cloud_xyz.cpp.o[0m
[3.116s] [ 10%] [32mBuilding CXX object CMakeFiles/rtabmap_util_plugins.dir/src/nodelets/pointcloud_to_depthimage.cpp.o[0m
[3.117s] [ 13%] [32mBuilding CXX object CMakeFiles/rtabmap_util_plugins.dir/src/nodelets/obstacles_detection.cpp.o[0m
[3.117s] [ 17%] [32mBuilding CXX object CMakeFiles/rtabmap_util_plugins.dir/src/nodelets/point_cloud_xyzrgb.cpp.o[0m
[3.120s] [ 20%] [32mBuilding CXX object CMakeFiles/rtabmap_util_plugins.dir/src/nodelets/point_cloud_aggregator.cpp.o[0m
[15.648s] [ 24%] [32mBuilding CXX object CMakeFiles/rtabmap_util_plugins.dir/src/nodelets/point_cloud_assembler.cpp.o[0m
[17.685s] [ 27%] [32mBuilding CXX object CMakeFiles/rtabmap_util_plugins.dir/src/nodelets/lidar_deskewing.cpp.o[0m
[19.231s] [ 31%] [32mBuilding CXX object CMakeFiles/rtabmap_util_plugins.dir/src/nodelets/rgbd_relay.cpp.o[0m
[20.643s] [ 34%] [32mBuilding CXX object CMakeFiles/rtabmap_util_plugins.dir/src/nodelets/rgbd_split.cpp.o[0m
[35.862s] [ 37%] [32m[1mLinking CXX shared library librtabmap_util_plugins.so[0m
[39.903s] [ 37%] Built target rtabmap_util_plugins
[39.912s] [35m[1mScanning dependencies of target rtabmap_rgbd_relay[0m
[39.913s] [35m[1mScanning dependencies of target rtabmap_point_cloud_xyz[0m
[39.913s] [35m[1mScanning dependencies of target rtabmap_point_cloud_xyzrgb[0m
[39.913s] [35m[1mScanning dependencies of target rtabmap_rgbd_split[0m
[39.913s] [35m[1mScanning dependencies of target rtabmap_obstacles_detection[0m
[39.913s] [35m[1mScanning dependencies of target rtabmap_lidar_deskewing[0m
[39.946s] [ 41%] [32mBuilding CXX object CMakeFiles/rtabmap_rgbd_relay.dir/src/RGBDRelayNode.cpp.o[0m
[39.946s] [ 44%] [32mBuilding CXX object CMakeFiles/rtabmap_rgbd_split.dir/src/RGBDSplitNode.cpp.o[0m
[39.949s] [ 48%] [32mBuilding CXX object CMakeFiles/rtabmap_lidar_deskewing.dir/src/LidarDeskewingNode.cpp.o[0m
[39.972s] [ 51%] [32mBuilding CXX object CMakeFiles/rtabmap_point_cloud_xyzrgb.dir/src/PointCloudXYZRGBNode.cpp.o[0m
[39.975s] [ 55%] [32mBuilding CXX object CMakeFiles/rtabmap_point_cloud_xyz.dir/src/PointCloudXYZNode.cpp.o[0m
[39.995s] [ 58%] [32mBuilding CXX object CMakeFiles/rtabmap_obstacles_detection.dir/src/ObstaclesDetectionNode.cpp.o[0m
[41.596s] [ 62%] [32m[1mLinking CXX executable rgbd_relay[0m
[41.670s] [ 65%] [32m[1mLinking CXX executable rgbd_split[0m
[41.746s] [ 68%] [32m[1mLinking CXX executable lidar_deskewing[0m
[44.559s] [ 72%] [32m[1mLinking CXX executable point_cloud_xyz[0m
[45.521s] [ 72%] Built target rtabmap_rgbd_relay
[45.532s] [35m[1mScanning dependencies of target rtabmap_pointcloud_to_depthimage[0m
[45.570s] [ 75%] [32mBuilding CXX object CMakeFiles/rtabmap_pointcloud_to_depthimage.dir/src/PointCloudToDepthImageNode.cpp.o[0m
[45.804s] [ 79%] [32m[1mLinking CXX executable point_cloud_xyzrgb[0m
[46.252s] [ 79%] Built target rtabmap_rgbd_split
[46.263s] [35m[1mScanning dependencies of target rtabmap_point_cloud_aggregator[0m
[46.303s] [ 82%] [32mBuilding CXX object CMakeFiles/rtabmap_point_cloud_aggregator.dir/src/PointCloudAggregatorNode.cpp.o[0m
[46.423s] [ 82%] Built target rtabmap_lidar_deskewing
[46.434s] [35m[1mScanning dependencies of target rtabmap_point_cloud_assembler[0m
[46.521s] [ 86%] [32mBuilding CXX object CMakeFiles/rtabmap_point_cloud_assembler.dir/src/PointCloudAssemblerNode.cpp.o[0m
[48.045s] [ 89%] [32m[1mLinking CXX executable pointcloud_to_depthimage[0m
[48.259s] [ 89%] Built target rtabmap_point_cloud_xyz
[48.354s] [ 93%] [32m[1mLinking CXX executable point_cloud_aggregator[0m
[48.419s] [ 96%] [32m[1mLinking CXX executable obstacles_detection[0m
[49.512s] [ 96%] Built target rtabmap_point_cloud_xyzrgb
[51.874s] [ 96%] Built target rtabmap_pointcloud_to_depthimage
[52.019s] [ 96%] Built target rtabmap_point_cloud_aggregator
[52.079s] [ 96%] Built target rtabmap_obstacles_detection
[54.227s] [100%] [32m[1mLinking CXX executable point_cloud_assembler[0m
[56.151s] [100%] Built target rtabmap_point_cloud_assembler
[56.165s] Invoked command in '/home/chaung/f_ws/build/rtabmap_util' returned '0': AMENT_PREFIX_PATH=/home/chaung/f_ws/install/rtabmap_conversions:${AMENT_PREFIX_PATH} CMAKE_PREFIX_PATH=/home/chaung/f_ws/install/rtabmap_conversions:/home/chaung/f_ws/install/openslam_gmapping:/home/chaung/f_ws/install/bno055:/opt/ros/foxy:/home/chaung/f_ws/install/rtabmap_msgs:/home/chaung/f_ws/install/rtabmap:${CMAKE_PREFIX_PATH} LD_LIBRARY_PATH=/home/chaung/f_ws/install/rtabmap_conversions/lib:/home/chaung/f_ws/install/rtabmap_msgs/lib:/home/chaung/f_ws/install/rtabmap/lib:${LD_LIBRARY_PATH} PATH=/home/chaung/f_ws/install/rtabmap/bin:${PATH} PKG_CONFIG_PATH=/home/chaung/f_ws/install/rtabmap_msgs/lib/x86_64-linux-gnu/pkgconfig:/home/chaung/f_ws/install/rtabmap_msgs/lib/pkgconfig:/home/chaung/f_ws/install/rtabmap/lib/x86_64-linux-gnu/pkgconfig:/home/chaung/f_ws/install/rtabmap/lib/pkgconfig:${PKG_CONFIG_PATH} PYTHONPATH=/home/chaung/f_ws/install/rtabmap_msgs/lib/python3.8/site-packages:${PYTHONPATH} ROS_PACKAGE_PATH=/home/chaung/f_ws/install/rtabmap_msgs/share /usr/bin/cmake --build /home/chaung/f_ws/build/rtabmap_util
[56.238s] Invoking command in '/home/chaung/f_ws/build/rtabmap_util': AMENT_PREFIX_PATH=/home/chaung/f_ws/install/rtabmap_conversions:${AMENT_PREFIX_PATH} CMAKE_PREFIX_PATH=/home/chaung/f_ws/install/rtabmap_conversions:/home/chaung/f_ws/install/openslam_gmapping:/home/chaung/f_ws/install/bno055:/opt/ros/foxy:/home/chaung/f_ws/install/rtabmap_msgs:/home/chaung/f_ws/install/rtabmap:${CMAKE_PREFIX_PATH} LD_LIBRARY_PATH=/home/chaung/f_ws/install/rtabmap_conversions/lib:/home/chaung/f_ws/install/rtabmap_msgs/lib:/home/chaung/f_ws/install/rtabmap/lib:${LD_LIBRARY_PATH} PATH=/home/chaung/f_ws/install/rtabmap/bin:${PATH} PKG_CONFIG_PATH=/home/chaung/f_ws/install/rtabmap_msgs/lib/x86_64-linux-gnu/pkgconfig:/home/chaung/f_ws/install/rtabmap_msgs/lib/pkgconfig:/home/chaung/f_ws/install/rtabmap/lib/x86_64-linux-gnu/pkgconfig:/home/chaung/f_ws/install/rtabmap/lib/pkgconfig:${PKG_CONFIG_PATH} PYTHONPATH=/home/chaung/f_ws/install/rtabmap_msgs/lib/python3.8/site-packages:${PYTHONPATH} ROS_PACKAGE_PATH=/home/chaung/f_ws/install/rtabmap_msgs/share /usr/bin/cmake --install /home/chaung/f_ws/build/rtabmap_util
[56.250s] -- Install configuration: ""
[56.251s] -- Execute custom install script
[56.251s] -- Symlinking: /home/chaung/f_ws/install/rtabmap_util/share/rtabmap_util/environment/library_path.sh
[56.264s] -- Symlinking: /home/chaung/f_ws/install/rtabmap_util/share/rtabmap_util/environment/library_path.dsv
[56.280s] -- Symlinking: /home/chaung/f_ws/install/rtabmap_util/lib/rtabmap_util/transform_to_tf.py
[56.296s] -- Symlinking: /home/chaung/f_ws/install/rtabmap_util/lib/rtabmap_util/yaml_to_camera_info.py
[56.302s] -- Symlinking: /home/chaung/f_ws/install/rtabmap_util/lib/rtabmap_util/rgbd_relay
[56.307s] -- Symlinking: /home/chaung/f_ws/install/rtabmap_util/lib/rtabmap_util/rgbd_split
[56.319s] -- Symlinking: /home/chaung/f_ws/install/rtabmap_util/lib/rtabmap_util/lidar_deskewing
[56.328s] -- Symlinking: /home/chaung/f_ws/install/rtabmap_util/lib/rtabmap_util/point_cloud_xyz
[56.338s] -- Symlinking: /home/chaung/f_ws/install/rtabmap_util/lib/rtabmap_util/point_cloud_xyzrgb
[56.348s] -- Symlinking: /home/chaung/f_ws/install/rtabmap_util/lib/rtabmap_util/pointcloud_to_depthimage
[56.359s] -- Symlinking: /home/chaung/f_ws/install/rtabmap_util/lib/rtabmap_util/obstacles_detection
[56.365s] -- Symlinking: /home/chaung/f_ws/install/rtabmap_util/lib/rtabmap_util/point_cloud_aggregator
[56.370s] -- Symlinking: /home/chaung/f_ws/install/rtabmap_util/lib/rtabmap_util/point_cloud_assembler
[56.376s] -- Symlinking: /home/chaung/f_ws/install/rtabmap_util/share/ament_index/resource_index/package_run_dependencies/rtabmap_util
[56.381s] -- Symlinking: /home/chaung/f_ws/install/rtabmap_util/share/ament_index/resource_index/parent_prefix_path/rtabmap_util
[56.387s] -- Symlinking: /home/chaung/f_ws/install/rtabmap_util/share/rtabmap_util/environment/ament_prefix_path.sh
[56.392s] -- Symlinking: /home/chaung/f_ws/install/rtabmap_util/share/rtabmap_util/environment/ament_prefix_path.dsv
[56.397s] -- Symlinking: /home/chaung/f_ws/install/rtabmap_util/share/rtabmap_util/environment/path.sh
[56.402s] -- Symlinking: /home/chaung/f_ws/install/rtabmap_util/share/rtabmap_util/environment/path.dsv
[56.408s] -- Symlinking: /home/chaung/f_ws/install/rtabmap_util/share/rtabmap_util/local_setup.bash
[56.414s] -- Symlinking: /home/chaung/f_ws/install/rtabmap_util/share/rtabmap_util/local_setup.sh
[56.419s] -- Symlinking: /home/chaung/f_ws/install/rtabmap_util/share/rtabmap_util/local_setup.zsh
[56.424s] -- Symlinking: /home/chaung/f_ws/install/rtabmap_util/share/rtabmap_util/local_setup.dsv
[56.435s] -- Symlinking: /home/chaung/f_ws/install/rtabmap_util/share/rtabmap_util/package.dsv
[56.440s] -- Symlinking: /home/chaung/f_ws/install/rtabmap_util/share/ament_index/resource_index/packages/rtabmap_util
[56.446s] -- Symlinking: /home/chaung/f_ws/install/rtabmap_util/share/ament_index/resource_index/rclcpp_components/rtabmap_util
[56.454s] -- Symlinking: /home/chaung/f_ws/install/rtabmap_util/share/rtabmap_util/cmake/ament_cmake_export_dependencies-extras.cmake
[56.465s] -- Symlinking: /home/chaung/f_ws/install/rtabmap_util/share/rtabmap_util/cmake/ament_cmake_export_include_directories-extras.cmake
[56.474s] -- Symlinking: /home/chaung/f_ws/install/rtabmap_util/share/rtabmap_util/cmake/ament_cmake_export_targets-extras.cmake
[56.479s] -- Symlinking: /home/chaung/f_ws/install/rtabmap_util/share/rtabmap_util/cmake/ament_cmake_export_libraries-extras.cmake
[56.484s] -- Symlinking: /home/chaung/f_ws/install/rtabmap_util/share/rtabmap_util/cmake/rtabmap_utilConfig.cmake
[56.490s] -- Symlinking: /home/chaung/f_ws/install/rtabmap_util/share/rtabmap_util/cmake/rtabmap_utilConfig-version.cmake
[56.495s] -- Symlinking: /home/chaung/f_ws/install/rtabmap_util/share/rtabmap_util/package.xml
[56.500s] -- Installing: /home/chaung/f_ws/install/rtabmap_util/lib/librtabmap_util_plugins.so
[56.525s] -- Set runtime path of "/home/chaung/f_ws/install/rtabmap_util/lib/librtabmap_util_plugins.so" to ""
[56.525s] -- Installing: /home/chaung/f_ws/install/rtabmap_util/include
[56.526s] -- Installing: /home/chaung/f_ws/install/rtabmap_util/include/rtabmap_util
[56.526s] -- Installing: /home/chaung/f_ws/install/rtabmap_util/include/rtabmap_util/MapsManager.h
[56.526s] -- Installing: /home/chaung/f_ws/install/rtabmap_util/include/rtabmap_util/visibility.h
[56.526s] -- Installing: /home/chaung/f_ws/install/rtabmap_util/include/rtabmap_util/ULogToRosout.h
[56.526s] -- Installing: /home/chaung/f_ws/install/rtabmap_util/share/rtabmap_util/cmake/rtabmap_utilExport.cmake
[56.526s] -- Installing: /home/chaung/f_ws/install/rtabmap_util/share/rtabmap_util/cmake/rtabmap_utilExport-noconfig.cmake
[56.527s] Invoked command in '/home/chaung/f_ws/build/rtabmap_util' returned '0': AMENT_PREFIX_PATH=/home/chaung/f_ws/install/rtabmap_conversions:${AMENT_PREFIX_PATH} CMAKE_PREFIX_PATH=/home/chaung/f_ws/install/rtabmap_conversions:/home/chaung/f_ws/install/openslam_gmapping:/home/chaung/f_ws/install/bno055:/opt/ros/foxy:/home/chaung/f_ws/install/rtabmap_msgs:/home/chaung/f_ws/install/rtabmap:${CMAKE_PREFIX_PATH} LD_LIBRARY_PATH=/home/chaung/f_ws/install/rtabmap_conversions/lib:/home/chaung/f_ws/install/rtabmap_msgs/lib:/home/chaung/f_ws/install/rtabmap/lib:${LD_LIBRARY_PATH} PATH=/home/chaung/f_ws/install/rtabmap/bin:${PATH} PKG_CONFIG_PATH=/home/chaung/f_ws/install/rtabmap_msgs/lib/x86_64-linux-gnu/pkgconfig:/home/chaung/f_ws/install/rtabmap_msgs/lib/pkgconfig:/home/chaung/f_ws/install/rtabmap/lib/x86_64-linux-gnu/pkgconfig:/home/chaung/f_ws/install/rtabmap/lib/pkgconfig:${PKG_CONFIG_PATH} PYTHONPATH=/home/chaung/f_ws/install/rtabmap_msgs/lib/python3.8/site-packages:${PYTHONPATH} ROS_PACKAGE_PATH=/home/chaung/f_ws/install/rtabmap_msgs/share /usr/bin/cmake --install /home/chaung/f_ws/build/rtabmap_util
