[0.615s] Invoking command in '/home/chaung/f_ws/src/bno055': PYTHONPATH=/home/chaung/f_ws/build/bno055/prefix_override:/home/chaung/f_ws/install/bno055/lib/python3.8/site-packages:${PYTHONPATH} /usr/bin/python3 setup.py egg_info --egg-base ../../build/bno055 build --build-base /home/chaung/f_ws/build/bno055/build install --record /home/chaung/f_ws/build/bno055/install.log --single-version-externally-managed
[0.762s] running egg_info
[0.762s] writing ../../build/bno055/bno055.egg-info/PKG-INFO
[0.762s] writing dependency_links to ../../build/bno055/bno055.egg-info/dependency_links.txt
[0.763s] writing entry points to ../../build/bno055/bno055.egg-info/entry_points.txt
[0.763s] writing requirements to ../../build/bno055/bno055.egg-info/requires.txt
[0.763s] writing top-level names to ../../build/bno055/bno055.egg-info/top_level.txt
[0.787s] reading manifest file '../../build/bno055/bno055.egg-info/SOURCES.txt'
[0.788s] writing manifest file '../../build/bno055/bno055.egg-info/SOURCES.txt'
[0.788s] running build
[0.788s] running build_py
[0.789s] running install
[0.789s] running install_lib
[0.791s] running install_data
[0.791s] running install_egg_info
[0.792s] removing '/home/chaung/f_ws/install/bno055/lib/python3.8/site-packages/bno055-0.4.1-py3.8.egg-info' (and everything under it)
[0.792s] Copying ../../build/bno055/bno055.egg-info to /home/chaung/f_ws/install/bno055/lib/python3.8/site-packages/bno055-0.4.1-py3.8.egg-info
[0.793s] running install_scripts
[0.805s] Installing bno055 script to /home/chaung/f_ws/install/bno055/lib/bno055
[0.806s] writing list of installed files to '/home/chaung/f_ws/build/bno055/install.log'
[0.826s] Invoked command in '/home/chaung/f_ws/src/bno055' returned '0': PYTHONPATH=/home/chaung/f_ws/build/bno055/prefix_override:/home/chaung/f_ws/install/bno055/lib/python3.8/site-packages:${PYTHONPATH} /usr/bin/python3 setup.py egg_info --egg-base ../../build/bno055 build --build-base /home/chaung/f_ws/build/bno055/build install --record /home/chaung/f_ws/build/bno055/install.log --single-version-externally-managed
