[0.014s] Invoking command in '/home/chaung/f_ws/build/rtabmap_slam': AMENT_PREFIX_PATH=/home/chaung/f_ws/install/rtabmap_util:/home/chaung/f_ws/install/rtabmap_sync:/home/chaung/f_ws/install/rtabmap_conversions:${AMENT_PREFIX_PATH} CMAKE_PREFIX_PATH=/home/chaung/f_ws/install/rtabmap_util:/home/chaung/f_ws/install/rtabmap_sync:/home/chaung/f_ws/install/rtabmap_conversions:/opt/ros/foxy:/home/chaung/f_ws/install/rtabmap_msgs:/home/chaung/f_ws/install/rtabmap LD_LIBRARY_PATH=/home/chaung/f_ws/install/rtabmap_util/lib:/home/chaung/f_ws/install/rtabmap_sync/lib:/home/chaung/f_ws/install/rtabmap_conversions/lib:/home/chaung/f_ws/install/rtabmap_msgs/lib:/home/chaung/f_ws/install/rtabmap/lib:${LD_LIBRARY_PATH} PATH=/home/chaung/f_ws/install/rtabmap/bin:${PATH} PKG_CONFIG_PATH=/home/chaung/f_ws/install/rtabmap_msgs/lib/x86_64-linux-gnu/pkgconfig:/home/chaung/f_ws/install/rtabmap_msgs/lib/pkgconfig:/home/chaung/f_ws/install/rtabmap/lib/x86_64-linux-gnu/pkgconfig:/home/chaung/f_ws/install/rtabmap/lib/pkgconfig PYTHONPATH=/home/chaung/f_ws/install/rtabmap_msgs/lib/python3.8/site-packages:${PYTHONPATH} ROS_PACKAGE_PATH=/home/chaung/f_ws/install/rtabmap_msgs/share /usr/bin/cmake /home/chaung/f_ws/src/rtabmap_ros/rtabmap_slam -DCMAKE_INSTALL_PREFIX=/home/chaung/f_ws/install/rtabmap_slam
[0.025s] -- Found ament_cmake: 0.9.11 (/opt/ros/foxy/share/ament_cmake/cmake)
[0.042s] -- Using PYTHON_EXECUTABLE: /usr/bin/python3
[0.176s] -- Override CMake install command with custom implementation using symlinks instead of copying resources
[0.183s] -- Found cv_bridge: 3.0.7 (/opt/ros/foxy/share/cv_bridge/cmake)
[0.210s] -- Using all available rosidl_typesupport_c: rosidl_typesupport_fastrtps_c;rosidl_typesupport_introspection_c
[0.213s] -- Found rosidl_adapter: 1.3.0 (/opt/ros/foxy/share/rosidl_adapter/cmake)
[0.302s] -- Using all available rosidl_typesupport_cpp: rosidl_typesupport_fastrtps_cpp;rosidl_typesupport_introspection_cpp
[0.439s] -- Found nav_msgs: 2.0.5 (/opt/ros/foxy/share/nav_msgs/cmake)
[0.495s] -- Found nav2_msgs: 0.4.7 (/opt/ros/foxy/share/nav2_msgs/cmake)
[0.710s] -- Found pluginlib: 2.5.4 (/opt/ros/foxy/share/pluginlib/cmake)
[0.727s] -- Found rclcpp: 2.4.2 (/opt/ros/foxy/share/rclcpp/cmake)
[0.755s] -- Found rmw_implementation_cmake: 1.0.4 (/opt/ros/foxy/share/rmw_implementation_cmake/cmake)
[0.756s] -- Using RMW implementation 'rmw_fastrtps_cpp' as default
[0.858s] -- Found rclcpp_components: 2.4.2 (/opt/ros/foxy/share/rclcpp_components/cmake)
[0.894s] -- Found std_srvs: 2.0.5 (/opt/ros/foxy/share/std_srvs/cmake)
[0.901s] -- Found tf2: 0.13.14 (/opt/ros/foxy/share/tf2/cmake)
[0.907s] -- Found tf2_ros: 0.13.14 (/opt/ros/foxy/share/tf2_ros/cmake)
[1.081s] -- Found visualization_msgs: 2.0.5 (/opt/ros/foxy/share/visualization_msgs/cmake)
[1.137s] -- Found rtabmap_msgs: 0.21.1 (/home/chaung/f_ws/install/rtabmap_msgs/share/rtabmap_msgs/cmake)
[1.245s] -- Found rtabmap_util: 0.21.1 (/home/chaung/f_ws/install/rtabmap_util/share/rtabmap_util/cmake)
[1.776s] -- Eigen found (include: /usr/include/eigen3, version: 3.3.7)
[1.841s] -- The imported target "vtkParseOGLExt" references the file
[1.842s]    "/usr/bin/vtkParseOGLExt-7.1"
[1.842s] but this file does not exist.  Possible reasons include:
[1.842s] * The file was deleted, renamed, or moved to another location.
[1.842s] * An install or uninstall procedure did not complete successfully.
[1.842s] * The installation package was faulty and contained
[1.842s]    "/usr/lib/cmake/vtk-7.1/VTKTargets.cmake"
[1.842s] but not all the files it references.
[1.842s] 
[1.842s] -- The imported target "vtkRenderingPythonTkWidgets" references the file
[1.842s]    "/usr/lib/x86_64-linux-gnu/libvtkRenderingPythonTkWidgets.so"
[1.842s] but this file does not exist.  Possible reasons include:
[1.842s] * The file was deleted, renamed, or moved to another location.
[1.842s] * An install or uninstall procedure did not complete successfully.
[1.842s] * The installation package was faulty and contained
[1.843s]    "/usr/lib/cmake/vtk-7.1/VTKTargets.cmake"
[1.843s] but not all the files it references.
[1.843s] 
[1.843s] -- The imported target "vtk" references the file
[1.843s]    "/usr/bin/vtk"
[1.843s] but this file does not exist.  Possible reasons include:
[1.843s] * The file was deleted, renamed, or moved to another location.
[1.843s] * An install or uninstall procedure did not complete successfully.
[1.843s] * The installation package was faulty and contained
[1.843s]    "/usr/lib/cmake/vtk-7.1/VTKTargets.cmake"
[1.843s] but not all the files it references.
[1.843s] 
[1.843s] -- The imported target "pvtk" references the file
[1.843s]    "/usr/bin/pvtk"
[1.843s] but this file does not exist.  Possible reasons include:
[1.843s] * The file was deleted, renamed, or moved to another location.
[1.843s] * An install or uninstall procedure did not complete successfully.
[1.844s] * The installation package was faulty and contained
[1.844s]    "/usr/lib/cmake/vtk-7.1/VTKTargets.cmake"
[1.844s] but not all the files it references.
[1.844s] 
[1.859s] -- OpenNI found (include: /usr/include/ni, lib: /usr/lib/libOpenNI.so)
[1.863s] -- OpenNI2 found (include: /usr/include/openni2, lib: /usr/lib/libOpenNI2.so)
[1.877s] -- OpenNI found (include: /usr/include/ni, lib: /usr/lib/libOpenNI.so)
[1.881s] -- OpenNI2 found (include: /usr/include/openni2, lib: /usr/lib/libOpenNI2.so)
[1.891s] -- QHULL found (include: /usr/include, lib: optimized;/usr/lib/x86_64-linux-gnu/libqhull.so;debug;/usr/lib/x86_64-linux-gnu/libqhull.so)
[1.896s] -- OpenNI found (include: /usr/include/ni, lib: /usr/lib/libOpenNI.so)
[2.362s] -- Found rtabmap_sync: 0.21.1 (/home/chaung/f_ws/install/rtabmap_sync/share/rtabmap_sync/cmake)
[2.526s] -- WITH octomap_msgs
[2.594s] -- Configuring done
[2.624s] CMake Warning at CMakeLists.txt:95 (add_executable):
[2.624s]   Cannot generate a safe runtime search path for target rtabmap_node because
[2.624s]   files in some directories may conflict with libraries in implicit
[2.624s]   directories:
[2.624s] 
[2.624s]     runtime library [liboctomap.so.1.9] in /usr/lib/x86_64-linux-gnu may be hidden by files in:
[2.624s]       /opt/ros/foxy/lib
[2.624s]     runtime library [liboctomath.so.1.9] in /usr/lib/x86_64-linux-gnu may be hidden by files in:
[2.624s]       /opt/ros/foxy/lib
[2.624s] 
[2.624s]   Some of these libraries may not be found correctly.
[2.625s] 
[2.625s] 
[2.670s] CMake Warning at CMakeLists.txt:82 (add_library):
[2.671s]   Cannot generate a safe runtime search path for target rtabmap_slam_plugins
[2.671s]   because files in some directories may conflict with libraries in implicit
[2.671s]   directories:
[2.671s] 
[2.671s]     runtime library [liboctomap.so.1.9] in /usr/lib/x86_64-linux-gnu may be hidden by files in:
[2.671s]       /opt/ros/foxy/lib
[2.671s]     runtime library [liboctomath.so.1.9] in /usr/lib/x86_64-linux-gnu may be hidden by files in:
[2.671s]       /opt/ros/foxy/lib
[2.671s] 
[2.671s]   Some of these libraries may not be found correctly.
[2.671s] 
[2.671s] 
[2.694s] -- Generating done
[2.695s] -- Build files have been written to: /home/chaung/f_ws/build/rtabmap_slam
[2.707s] Invoked command in '/home/chaung/f_ws/build/rtabmap_slam' returned '0': AMENT_PREFIX_PATH=/home/chaung/f_ws/install/rtabmap_util:/home/chaung/f_ws/install/rtabmap_sync:/home/chaung/f_ws/install/rtabmap_conversions:${AMENT_PREFIX_PATH} CMAKE_PREFIX_PATH=/home/chaung/f_ws/install/rtabmap_util:/home/chaung/f_ws/install/rtabmap_sync:/home/chaung/f_ws/install/rtabmap_conversions:/opt/ros/foxy:/home/chaung/f_ws/install/rtabmap_msgs:/home/chaung/f_ws/install/rtabmap LD_LIBRARY_PATH=/home/chaung/f_ws/install/rtabmap_util/lib:/home/chaung/f_ws/install/rtabmap_sync/lib:/home/chaung/f_ws/install/rtabmap_conversions/lib:/home/chaung/f_ws/install/rtabmap_msgs/lib:/home/chaung/f_ws/install/rtabmap/lib:${LD_LIBRARY_PATH} PATH=/home/chaung/f_ws/install/rtabmap/bin:${PATH} PKG_CONFIG_PATH=/home/chaung/f_ws/install/rtabmap_msgs/lib/x86_64-linux-gnu/pkgconfig:/home/chaung/f_ws/install/rtabmap_msgs/lib/pkgconfig:/home/chaung/f_ws/install/rtabmap/lib/x86_64-linux-gnu/pkgconfig:/home/chaung/f_ws/install/rtabmap/lib/pkgconfig PYTHONPATH=/home/chaung/f_ws/install/rtabmap_msgs/lib/python3.8/site-packages:${PYTHONPATH} ROS_PACKAGE_PATH=/home/chaung/f_ws/install/rtabmap_msgs/share /usr/bin/cmake /home/chaung/f_ws/src/rtabmap_ros/rtabmap_slam -DCMAKE_INSTALL_PREFIX=/home/chaung/f_ws/install/rtabmap_slam
[2.710s] Invoking command in '/home/chaung/f_ws/build/rtabmap_slam': AMENT_PREFIX_PATH=/home/chaung/f_ws/install/rtabmap_util:/home/chaung/f_ws/install/rtabmap_sync:/home/chaung/f_ws/install/rtabmap_conversions:${AMENT_PREFIX_PATH} CMAKE_PREFIX_PATH=/home/chaung/f_ws/install/rtabmap_util:/home/chaung/f_ws/install/rtabmap_sync:/home/chaung/f_ws/install/rtabmap_conversions:/opt/ros/foxy:/home/chaung/f_ws/install/rtabmap_msgs:/home/chaung/f_ws/install/rtabmap LD_LIBRARY_PATH=/home/chaung/f_ws/install/rtabmap_util/lib:/home/chaung/f_ws/install/rtabmap_sync/lib:/home/chaung/f_ws/install/rtabmap_conversions/lib:/home/chaung/f_ws/install/rtabmap_msgs/lib:/home/chaung/f_ws/install/rtabmap/lib:${LD_LIBRARY_PATH} PATH=/home/chaung/f_ws/install/rtabmap/bin:${PATH} PKG_CONFIG_PATH=/home/chaung/f_ws/install/rtabmap_msgs/lib/x86_64-linux-gnu/pkgconfig:/home/chaung/f_ws/install/rtabmap_msgs/lib/pkgconfig:/home/chaung/f_ws/install/rtabmap/lib/x86_64-linux-gnu/pkgconfig:/home/chaung/f_ws/install/rtabmap/lib/pkgconfig PYTHONPATH=/home/chaung/f_ws/install/rtabmap_msgs/lib/python3.8/site-packages:${PYTHONPATH} ROS_PACKAGE_PATH=/home/chaung/f_ws/install/rtabmap_msgs/share /usr/bin/cmake --build /home/chaung/f_ws/build/rtabmap_slam -- -j12 -l12
[2.787s] [ 50%] Built target rtabmap_slam_plugins
[2.826s] [100%] Built target rtabmap_node
[2.835s] Invoked command in '/home/chaung/f_ws/build/rtabmap_slam' returned '0': AMENT_PREFIX_PATH=/home/chaung/f_ws/install/rtabmap_util:/home/chaung/f_ws/install/rtabmap_sync:/home/chaung/f_ws/install/rtabmap_conversions:${AMENT_PREFIX_PATH} CMAKE_PREFIX_PATH=/home/chaung/f_ws/install/rtabmap_util:/home/chaung/f_ws/install/rtabmap_sync:/home/chaung/f_ws/install/rtabmap_conversions:/opt/ros/foxy:/home/chaung/f_ws/install/rtabmap_msgs:/home/chaung/f_ws/install/rtabmap LD_LIBRARY_PATH=/home/chaung/f_ws/install/rtabmap_util/lib:/home/chaung/f_ws/install/rtabmap_sync/lib:/home/chaung/f_ws/install/rtabmap_conversions/lib:/home/chaung/f_ws/install/rtabmap_msgs/lib:/home/chaung/f_ws/install/rtabmap/lib:${LD_LIBRARY_PATH} PATH=/home/chaung/f_ws/install/rtabmap/bin:${PATH} PKG_CONFIG_PATH=/home/chaung/f_ws/install/rtabmap_msgs/lib/x86_64-linux-gnu/pkgconfig:/home/chaung/f_ws/install/rtabmap_msgs/lib/pkgconfig:/home/chaung/f_ws/install/rtabmap/lib/x86_64-linux-gnu/pkgconfig:/home/chaung/f_ws/install/rtabmap/lib/pkgconfig PYTHONPATH=/home/chaung/f_ws/install/rtabmap_msgs/lib/python3.8/site-packages:${PYTHONPATH} ROS_PACKAGE_PATH=/home/chaung/f_ws/install/rtabmap_msgs/share /usr/bin/cmake --build /home/chaung/f_ws/build/rtabmap_slam -- -j12 -l12
[2.865s] Invoking command in '/home/chaung/f_ws/build/rtabmap_slam': AMENT_PREFIX_PATH=/home/chaung/f_ws/install/rtabmap_util:/home/chaung/f_ws/install/rtabmap_sync:/home/chaung/f_ws/install/rtabmap_conversions:${AMENT_PREFIX_PATH} CMAKE_PREFIX_PATH=/home/chaung/f_ws/install/rtabmap_util:/home/chaung/f_ws/install/rtabmap_sync:/home/chaung/f_ws/install/rtabmap_conversions:/opt/ros/foxy:/home/chaung/f_ws/install/rtabmap_msgs:/home/chaung/f_ws/install/rtabmap LD_LIBRARY_PATH=/home/chaung/f_ws/install/rtabmap_util/lib:/home/chaung/f_ws/install/rtabmap_sync/lib:/home/chaung/f_ws/install/rtabmap_conversions/lib:/home/chaung/f_ws/install/rtabmap_msgs/lib:/home/chaung/f_ws/install/rtabmap/lib:${LD_LIBRARY_PATH} PATH=/home/chaung/f_ws/install/rtabmap/bin:${PATH} PKG_CONFIG_PATH=/home/chaung/f_ws/install/rtabmap_msgs/lib/x86_64-linux-gnu/pkgconfig:/home/chaung/f_ws/install/rtabmap_msgs/lib/pkgconfig:/home/chaung/f_ws/install/rtabmap/lib/x86_64-linux-gnu/pkgconfig:/home/chaung/f_ws/install/rtabmap/lib/pkgconfig PYTHONPATH=/home/chaung/f_ws/install/rtabmap_msgs/lib/python3.8/site-packages:${PYTHONPATH} ROS_PACKAGE_PATH=/home/chaung/f_ws/install/rtabmap_msgs/share /usr/bin/cmake --install /home/chaung/f_ws/build/rtabmap_slam
[2.873s] -- Install configuration: ""
[2.873s] -- Execute custom install script
[2.873s] -- Up-to-date symlink: /home/chaung/f_ws/install/rtabmap_slam/share/rtabmap_slam/environment/library_path.sh
[2.873s] -- Up-to-date symlink: /home/chaung/f_ws/install/rtabmap_slam/share/rtabmap_slam/environment/library_path.dsv
[2.873s] -- Up-to-date symlink: /home/chaung/f_ws/install/rtabmap_slam/lib/rtabmap_slam/rtabmap
[2.874s] -- Up-to-date symlink: /home/chaung/f_ws/install/rtabmap_slam/share/ament_index/resource_index/package_run_dependencies/rtabmap_slam
[2.874s] -- Up-to-date symlink: /home/chaung/f_ws/install/rtabmap_slam/share/ament_index/resource_index/parent_prefix_path/rtabmap_slam
[2.874s] -- Up-to-date symlink: /home/chaung/f_ws/install/rtabmap_slam/share/rtabmap_slam/environment/ament_prefix_path.sh
[2.874s] -- Up-to-date symlink: /home/chaung/f_ws/install/rtabmap_slam/share/rtabmap_slam/environment/ament_prefix_path.dsv
[2.874s] -- Up-to-date symlink: /home/chaung/f_ws/install/rtabmap_slam/share/rtabmap_slam/environment/path.sh
[2.875s] -- Up-to-date symlink: /home/chaung/f_ws/install/rtabmap_slam/share/rtabmap_slam/environment/path.dsv
[2.875s] -- Up-to-date symlink: /home/chaung/f_ws/install/rtabmap_slam/share/rtabmap_slam/local_setup.bash
[2.876s] -- Up-to-date symlink: /home/chaung/f_ws/install/rtabmap_slam/share/rtabmap_slam/local_setup.sh
[2.877s] -- Up-to-date symlink: /home/chaung/f_ws/install/rtabmap_slam/share/rtabmap_slam/local_setup.zsh
[2.877s] -- Up-to-date symlink: /home/chaung/f_ws/install/rtabmap_slam/share/rtabmap_slam/local_setup.dsv
[2.877s] -- Symlinking: /home/chaung/f_ws/install/rtabmap_slam/share/rtabmap_slam/package.dsv
[2.885s] -- Up-to-date symlink: /home/chaung/f_ws/install/rtabmap_slam/share/ament_index/resource_index/packages/rtabmap_slam
[2.885s] -- Up-to-date symlink: /home/chaung/f_ws/install/rtabmap_slam/share/ament_index/resource_index/rclcpp_components/rtabmap_slam
[2.885s] -- Up-to-date symlink: /home/chaung/f_ws/install/rtabmap_slam/share/rtabmap_slam/cmake/ament_cmake_export_dependencies-extras.cmake
[2.885s] -- Up-to-date symlink: /home/chaung/f_ws/install/rtabmap_slam/share/rtabmap_slam/cmake/ament_cmake_export_include_directories-extras.cmake
[2.886s] -- Up-to-date symlink: /home/chaung/f_ws/install/rtabmap_slam/share/rtabmap_slam/cmake/ament_cmake_export_targets-extras.cmake
[2.886s] -- Up-to-date symlink: /home/chaung/f_ws/install/rtabmap_slam/share/rtabmap_slam/cmake/ament_cmake_export_libraries-extras.cmake
[2.886s] -- Up-to-date symlink: /home/chaung/f_ws/install/rtabmap_slam/share/rtabmap_slam/cmake/rtabmap_slamConfig.cmake
[2.886s] -- Up-to-date symlink: /home/chaung/f_ws/install/rtabmap_slam/share/rtabmap_slam/cmake/rtabmap_slamConfig-version.cmake
[2.886s] -- Up-to-date symlink: /home/chaung/f_ws/install/rtabmap_slam/share/rtabmap_slam/package.xml
[2.887s] -- Up-to-date: /home/chaung/f_ws/install/rtabmap_slam/lib/librtabmap_slam_plugins.so
[2.887s] -- Up-to-date: /home/chaung/f_ws/install/rtabmap_slam/include
[2.887s] -- Up-to-date: /home/chaung/f_ws/install/rtabmap_slam/include/rtabmap_slam
[2.887s] -- Up-to-date: /home/chaung/f_ws/install/rtabmap_slam/include/rtabmap_slam/CoreWrapper.h
[2.887s] -- Up-to-date: /home/chaung/f_ws/install/rtabmap_slam/include/rtabmap_slam/visibility.h
[2.887s] -- Up-to-date: /home/chaung/f_ws/install/rtabmap_slam/share/rtabmap_slam/cmake/rtabmap_slamExport.cmake
[2.887s] -- Installing: /home/chaung/f_ws/install/rtabmap_slam/share/rtabmap_slam/cmake/rtabmap_slamExport-noconfig.cmake
[2.891s] Invoked command in '/home/chaung/f_ws/build/rtabmap_slam' returned '0': AMENT_PREFIX_PATH=/home/chaung/f_ws/install/rtabmap_util:/home/chaung/f_ws/install/rtabmap_sync:/home/chaung/f_ws/install/rtabmap_conversions:${AMENT_PREFIX_PATH} CMAKE_PREFIX_PATH=/home/chaung/f_ws/install/rtabmap_util:/home/chaung/f_ws/install/rtabmap_sync:/home/chaung/f_ws/install/rtabmap_conversions:/opt/ros/foxy:/home/chaung/f_ws/install/rtabmap_msgs:/home/chaung/f_ws/install/rtabmap LD_LIBRARY_PATH=/home/chaung/f_ws/install/rtabmap_util/lib:/home/chaung/f_ws/install/rtabmap_sync/lib:/home/chaung/f_ws/install/rtabmap_conversions/lib:/home/chaung/f_ws/install/rtabmap_msgs/lib:/home/chaung/f_ws/install/rtabmap/lib:${LD_LIBRARY_PATH} PATH=/home/chaung/f_ws/install/rtabmap/bin:${PATH} PKG_CONFIG_PATH=/home/chaung/f_ws/install/rtabmap_msgs/lib/x86_64-linux-gnu/pkgconfig:/home/chaung/f_ws/install/rtabmap_msgs/lib/pkgconfig:/home/chaung/f_ws/install/rtabmap/lib/x86_64-linux-gnu/pkgconfig:/home/chaung/f_ws/install/rtabmap/lib/pkgconfig PYTHONPATH=/home/chaung/f_ws/install/rtabmap_msgs/lib/python3.8/site-packages:${PYTHONPATH} ROS_PACKAGE_PATH=/home/chaung/f_ws/install/rtabmap_msgs/share /usr/bin/cmake --install /home/chaung/f_ws/build/rtabmap_slam
