[0.022s] Invoking command in '/home/chaung/f_ws/build/dynamixel_sdk_examples': AMENT_PREFIX_PATH=/home/chaung/f_ws/install/dynamixel_sdk_custom_interfaces:/home/chaung/f_ws/install/dynamixel_sdk:${AMENT_PREFIX_PATH} CMAKE_PREFIX_PATH=/home/chaung/f_ws/install/dynamixel_sdk_custom_interfaces:/home/chaung/f_ws/install/dynamixel_sdk:/home/chaung/f_ws/install/turtlebot3_msgs:/home/chaung/f_ws/install/sllidar_ros2:/home/chaung/f_ws/install/slam_gmapping:/home/chaung/f_ws/install/hls_lfcd_lds_driver:/home/chaung/f_ws/install/cartographer_ros:/home/chaung/f_ws/install/cartographer_ros_msgs:/home/chaung/f_ws/install/cartographer:/home/chaung/f_ws/install/openslam_gmapping:/home/chaung/f_ws/install/bno055:/opt/ros/foxy LD_LIBRARY_PATH=/home/chaung/f_ws/install/dynamixel_sdk_custom_interfaces/lib:/home/chaung/f_ws/install/dynamixel_sdk/lib:${LD_LIBRARY_PATH} PYTHONPATH=/home/chaung/f_ws/install/dynamixel_sdk_custom_interfaces/lib/python3.8/site-packages:${PYTHONPATH} /usr/bin/cmake /home/chaung/f_ws/src/utils/DynamixelSDK/dynamixel_sdk_examples -DAMENT_CMAKE_SYMLINK_INSTALL=1 -DCMAKE_INSTALL_PREFIX=/home/chaung/f_ws/install/dynamixel_sdk_examples
[0.036s] -- Found ament_cmake: 0.9.11 (/opt/ros/foxy/share/ament_cmake/cmake)
[0.063s] -- Using PYTHON_EXECUTABLE: /usr/bin/python3
[0.259s] -- Override CMake install command with custom implementation using symlinks instead of copying resources
[0.265s] -- Found dynamixel_sdk: 3.7.40 (/home/chaung/f_ws/install/dynamixel_sdk/share/dynamixel_sdk/cmake)
[0.266s] -- Found dynamixel_sdk_custom_interfaces: 3.7.40 (/home/chaung/f_ws/install/dynamixel_sdk_custom_interfaces/share/dynamixel_sdk_custom_interfaces/cmake)
[0.285s] -- Using all available rosidl_typesupport_c: rosidl_typesupport_fastrtps_c;rosidl_typesupport_introspection_c
[0.288s] -- Found rosidl_adapter: 1.3.0 (/opt/ros/foxy/share/rosidl_adapter/cmake)
[0.385s] -- Using all available rosidl_typesupport_cpp: rosidl_typesupport_fastrtps_cpp;rosidl_typesupport_introspection_cpp
[0.418s] -- Found rclcpp: 2.4.2 (/opt/ros/foxy/share/rclcpp/cmake)
[0.446s] -- Found rmw_implementation_cmake: 1.0.4 (/opt/ros/foxy/share/rmw_implementation_cmake/cmake)
[0.447s] -- Using RMW implementation 'rmw_fastrtps_cpp' as default
[0.556s] -- Found ament_lint_auto: 0.9.8 (/opt/ros/foxy/share/ament_lint_auto/cmake)
[0.610s] -- Added test 'copyright' to check source files copyright and LICENSE
[0.610s] -- Added test 'cppcheck' to perform static code analysis on C / C++ code
[0.611s] -- Configured cppcheck include dirs: /home/chaung/f_ws/src/utils/DynamixelSDK/dynamixel_sdk_examples/include
[0.611s] -- Configured cppcheck exclude dirs and/or files: 
[0.611s] -- Added test 'cpplint' to check C / C++ code against the Google style
[0.611s] -- Configured cpplint exclude dirs and/or files: 
[0.611s] -- Added test 'lint_cmake' to check CMake code style
[0.612s] -- Added test 'uncrustify' to check C / C++ code style
[0.612s] -- Configured uncrustify additional arguments: 
[0.612s] -- Added test 'xmllint' to check XML markup files
[0.614s] -- Configuring done
[0.619s] -- Generating done
[0.620s] -- Build files have been written to: /home/chaung/f_ws/build/dynamixel_sdk_examples
[0.626s] Invoked command in '/home/chaung/f_ws/build/dynamixel_sdk_examples' returned '0': AMENT_PREFIX_PATH=/home/chaung/f_ws/install/dynamixel_sdk_custom_interfaces:/home/chaung/f_ws/install/dynamixel_sdk:${AMENT_PREFIX_PATH} CMAKE_PREFIX_PATH=/home/chaung/f_ws/install/dynamixel_sdk_custom_interfaces:/home/chaung/f_ws/install/dynamixel_sdk:/home/chaung/f_ws/install/turtlebot3_msgs:/home/chaung/f_ws/install/sllidar_ros2:/home/chaung/f_ws/install/slam_gmapping:/home/chaung/f_ws/install/hls_lfcd_lds_driver:/home/chaung/f_ws/install/cartographer_ros:/home/chaung/f_ws/install/cartographer_ros_msgs:/home/chaung/f_ws/install/cartographer:/home/chaung/f_ws/install/openslam_gmapping:/home/chaung/f_ws/install/bno055:/opt/ros/foxy LD_LIBRARY_PATH=/home/chaung/f_ws/install/dynamixel_sdk_custom_interfaces/lib:/home/chaung/f_ws/install/dynamixel_sdk/lib:${LD_LIBRARY_PATH} PYTHONPATH=/home/chaung/f_ws/install/dynamixel_sdk_custom_interfaces/lib/python3.8/site-packages:${PYTHONPATH} /usr/bin/cmake /home/chaung/f_ws/src/utils/DynamixelSDK/dynamixel_sdk_examples -DAMENT_CMAKE_SYMLINK_INSTALL=1 -DCMAKE_INSTALL_PREFIX=/home/chaung/f_ws/install/dynamixel_sdk_examples
[0.628s] Invoking command in '/home/chaung/f_ws/build/dynamixel_sdk_examples': AMENT_PREFIX_PATH=/home/chaung/f_ws/install/dynamixel_sdk_custom_interfaces:/home/chaung/f_ws/install/dynamixel_sdk:${AMENT_PREFIX_PATH} CMAKE_PREFIX_PATH=/home/chaung/f_ws/install/dynamixel_sdk_custom_interfaces:/home/chaung/f_ws/install/dynamixel_sdk:/home/chaung/f_ws/install/turtlebot3_msgs:/home/chaung/f_ws/install/sllidar_ros2:/home/chaung/f_ws/install/slam_gmapping:/home/chaung/f_ws/install/hls_lfcd_lds_driver:/home/chaung/f_ws/install/cartographer_ros:/home/chaung/f_ws/install/cartographer_ros_msgs:/home/chaung/f_ws/install/cartographer:/home/chaung/f_ws/install/openslam_gmapping:/home/chaung/f_ws/install/bno055:/opt/ros/foxy LD_LIBRARY_PATH=/home/chaung/f_ws/install/dynamixel_sdk_custom_interfaces/lib:/home/chaung/f_ws/install/dynamixel_sdk/lib:${LD_LIBRARY_PATH} PYTHONPATH=/home/chaung/f_ws/install/dynamixel_sdk_custom_interfaces/lib/python3.8/site-packages:${PYTHONPATH} /usr/bin/cmake --build /home/chaung/f_ws/build/dynamixel_sdk_examples
[0.675s] [100%] Built target read_write_node
[0.684s] Invoked command in '/home/chaung/f_ws/build/dynamixel_sdk_examples' returned '0': AMENT_PREFIX_PATH=/home/chaung/f_ws/install/dynamixel_sdk_custom_interfaces:/home/chaung/f_ws/install/dynamixel_sdk:${AMENT_PREFIX_PATH} CMAKE_PREFIX_PATH=/home/chaung/f_ws/install/dynamixel_sdk_custom_interfaces:/home/chaung/f_ws/install/dynamixel_sdk:/home/chaung/f_ws/install/turtlebot3_msgs:/home/chaung/f_ws/install/sllidar_ros2:/home/chaung/f_ws/install/slam_gmapping:/home/chaung/f_ws/install/hls_lfcd_lds_driver:/home/chaung/f_ws/install/cartographer_ros:/home/chaung/f_ws/install/cartographer_ros_msgs:/home/chaung/f_ws/install/cartographer:/home/chaung/f_ws/install/openslam_gmapping:/home/chaung/f_ws/install/bno055:/opt/ros/foxy LD_LIBRARY_PATH=/home/chaung/f_ws/install/dynamixel_sdk_custom_interfaces/lib:/home/chaung/f_ws/install/dynamixel_sdk/lib:${LD_LIBRARY_PATH} PYTHONPATH=/home/chaung/f_ws/install/dynamixel_sdk_custom_interfaces/lib/python3.8/site-packages:${PYTHONPATH} /usr/bin/cmake --build /home/chaung/f_ws/build/dynamixel_sdk_examples
[0.702s] Invoking command in '/home/chaung/f_ws/build/dynamixel_sdk_examples': AMENT_PREFIX_PATH=/home/chaung/f_ws/install/dynamixel_sdk_custom_interfaces:/home/chaung/f_ws/install/dynamixel_sdk:${AMENT_PREFIX_PATH} CMAKE_PREFIX_PATH=/home/chaung/f_ws/install/dynamixel_sdk_custom_interfaces:/home/chaung/f_ws/install/dynamixel_sdk:/home/chaung/f_ws/install/turtlebot3_msgs:/home/chaung/f_ws/install/sllidar_ros2:/home/chaung/f_ws/install/slam_gmapping:/home/chaung/f_ws/install/hls_lfcd_lds_driver:/home/chaung/f_ws/install/cartographer_ros:/home/chaung/f_ws/install/cartographer_ros_msgs:/home/chaung/f_ws/install/cartographer:/home/chaung/f_ws/install/openslam_gmapping:/home/chaung/f_ws/install/bno055:/opt/ros/foxy LD_LIBRARY_PATH=/home/chaung/f_ws/install/dynamixel_sdk_custom_interfaces/lib:/home/chaung/f_ws/install/dynamixel_sdk/lib:${LD_LIBRARY_PATH} PYTHONPATH=/home/chaung/f_ws/install/dynamixel_sdk_custom_interfaces/lib/python3.8/site-packages:${PYTHONPATH} /usr/bin/cmake --install /home/chaung/f_ws/build/dynamixel_sdk_examples
[0.707s] -- Install configuration: ""
[0.707s] -- Execute custom install script
[0.708s] -- Up-to-date symlink: /home/chaung/f_ws/install/dynamixel_sdk_examples/lib/dynamixel_sdk_examples/read_write_node
[0.708s] -- Up-to-date symlink: /home/chaung/f_ws/install/dynamixel_sdk_examples/share/ament_index/resource_index/package_run_dependencies/dynamixel_sdk_examples
[0.708s] -- Up-to-date symlink: /home/chaung/f_ws/install/dynamixel_sdk_examples/share/ament_index/resource_index/parent_prefix_path/dynamixel_sdk_examples
[0.708s] -- Up-to-date symlink: /home/chaung/f_ws/install/dynamixel_sdk_examples/share/dynamixel_sdk_examples/environment/ament_prefix_path.sh
[0.709s] -- Up-to-date symlink: /home/chaung/f_ws/install/dynamixel_sdk_examples/share/dynamixel_sdk_examples/environment/ament_prefix_path.dsv
[0.709s] -- Up-to-date symlink: /home/chaung/f_ws/install/dynamixel_sdk_examples/share/dynamixel_sdk_examples/environment/path.sh
[0.709s] -- Up-to-date symlink: /home/chaung/f_ws/install/dynamixel_sdk_examples/share/dynamixel_sdk_examples/environment/path.dsv
[0.709s] -- Up-to-date symlink: /home/chaung/f_ws/install/dynamixel_sdk_examples/share/dynamixel_sdk_examples/local_setup.bash
[0.709s] -- Up-to-date symlink: /home/chaung/f_ws/install/dynamixel_sdk_examples/share/dynamixel_sdk_examples/local_setup.sh
[0.709s] -- Up-to-date symlink: /home/chaung/f_ws/install/dynamixel_sdk_examples/share/dynamixel_sdk_examples/local_setup.zsh
[0.709s] -- Up-to-date symlink: /home/chaung/f_ws/install/dynamixel_sdk_examples/share/dynamixel_sdk_examples/local_setup.dsv
[0.710s] -- Symlinking: /home/chaung/f_ws/install/dynamixel_sdk_examples/share/dynamixel_sdk_examples/package.dsv
[0.718s] -- Up-to-date symlink: /home/chaung/f_ws/install/dynamixel_sdk_examples/share/ament_index/resource_index/packages/dynamixel_sdk_examples
[0.718s] -- Up-to-date symlink: /home/chaung/f_ws/install/dynamixel_sdk_examples/share/dynamixel_sdk_examples/cmake/dynamixel_sdk_examplesConfig.cmake
[0.718s] -- Up-to-date symlink: /home/chaung/f_ws/install/dynamixel_sdk_examples/share/dynamixel_sdk_examples/cmake/dynamixel_sdk_examplesConfig-version.cmake
[0.719s] -- Up-to-date symlink: /home/chaung/f_ws/install/dynamixel_sdk_examples/share/dynamixel_sdk_examples/package.xml
[0.722s] Invoked command in '/home/chaung/f_ws/build/dynamixel_sdk_examples' returned '0': AMENT_PREFIX_PATH=/home/chaung/f_ws/install/dynamixel_sdk_custom_interfaces:/home/chaung/f_ws/install/dynamixel_sdk:${AMENT_PREFIX_PATH} CMAKE_PREFIX_PATH=/home/chaung/f_ws/install/dynamixel_sdk_custom_interfaces:/home/chaung/f_ws/install/dynamixel_sdk:/home/chaung/f_ws/install/turtlebot3_msgs:/home/chaung/f_ws/install/sllidar_ros2:/home/chaung/f_ws/install/slam_gmapping:/home/chaung/f_ws/install/hls_lfcd_lds_driver:/home/chaung/f_ws/install/cartographer_ros:/home/chaung/f_ws/install/cartographer_ros_msgs:/home/chaung/f_ws/install/cartographer:/home/chaung/f_ws/install/openslam_gmapping:/home/chaung/f_ws/install/bno055:/opt/ros/foxy LD_LIBRARY_PATH=/home/chaung/f_ws/install/dynamixel_sdk_custom_interfaces/lib:/home/chaung/f_ws/install/dynamixel_sdk/lib:${LD_LIBRARY_PATH} PYTHONPATH=/home/chaung/f_ws/install/dynamixel_sdk_custom_interfaces/lib/python3.8/site-packages:${PYTHONPATH} /usr/bin/cmake --install /home/chaung/f_ws/build/dynamixel_sdk_examples
