[0.026s] Invoking command in '/home/chaung/f_ws/build/slam_gmapping': CMAKE_PREFIX_PATH=/home/chaung/f_ws/install/openslam_gmapping:/home/chaung/f_ws/install/sllidar_ros2:/home/chaung/f_ws/install/slam_gmapping:/home/chaung/f_ws/install/cartographer_ros:/home/chaung/f_ws/install/cartographer_ros_msgs:/home/chaung/f_ws/install/cartographer:/home/chaung/f_ws/install/bno055:/opt/ros/foxy /usr/bin/cmake --build /home/chaung/f_ws/build/slam_gmapping -- -j12 -l12
[0.083s] [ 33%] Built target scan_dilute
[0.083s] [ 66%] Built target transform
[0.085s] [100%] Built target slam_gmapping
[0.094s] Invoked command in '/home/chaung/f_ws/build/slam_gmapping' returned '0': CMAKE_PREFIX_PATH=/home/chaung/f_ws/install/openslam_gmapping:/home/chaung/f_ws/install/sllidar_ros2:/home/chaung/f_ws/install/slam_gmapping:/home/chaung/f_ws/install/cartographer_ros:/home/chaung/f_ws/install/cartographer_ros_msgs:/home/chaung/f_ws/install/cartographer:/home/chaung/f_ws/install/bno055:/opt/ros/foxy /usr/bin/cmake --build /home/chaung/f_ws/build/slam_gmapping -- -j12 -l12
[0.119s] Invoking command in '/home/chaung/f_ws/build/slam_gmapping': CMAKE_PREFIX_PATH=/home/chaung/f_ws/install/openslam_gmapping:/home/chaung/f_ws/install/sllidar_ros2:/home/chaung/f_ws/install/slam_gmapping:/home/chaung/f_ws/install/cartographer_ros:/home/chaung/f_ws/install/cartographer_ros_msgs:/home/chaung/f_ws/install/cartographer:/home/chaung/f_ws/install/bno055:/opt/ros/foxy /usr/bin/cmake --install /home/chaung/f_ws/build/slam_gmapping
[0.124s] -- Install configuration: ""
[0.125s] -- Up-to-date: /home/chaung/f_ws/install/slam_gmapping/lib/slam_gmapping/slam_gmapping
[0.125s] -- Up-to-date: /home/chaung/f_ws/install/slam_gmapping/lib/slam_gmapping/transform
[0.125s] -- Up-to-date: /home/chaung/f_ws/install/slam_gmapping/lib/slam_gmapping/scan_dilute
[0.126s] -- Up-to-date: /home/chaung/f_ws/install/slam_gmapping/share/slam_gmapping/launch
[0.126s] -- Up-to-date: /home/chaung/f_ws/install/slam_gmapping/share/slam_gmapping/launch/slam_gmapping.launch.py
[0.126s] -- Up-to-date: /home/chaung/f_ws/install/slam_gmapping/share/ament_index/resource_index/package_run_dependencies/slam_gmapping
[0.126s] -- Up-to-date: /home/chaung/f_ws/install/slam_gmapping/share/ament_index/resource_index/parent_prefix_path/slam_gmapping
[0.126s] -- Up-to-date: /home/chaung/f_ws/install/slam_gmapping/share/slam_gmapping/environment/ament_prefix_path.sh
[0.126s] -- Up-to-date: /home/chaung/f_ws/install/slam_gmapping/share/slam_gmapping/environment/ament_prefix_path.dsv
[0.127s] -- Up-to-date: /home/chaung/f_ws/install/slam_gmapping/share/slam_gmapping/environment/path.sh
[0.127s] -- Up-to-date: /home/chaung/f_ws/install/slam_gmapping/share/slam_gmapping/environment/path.dsv
[0.127s] -- Up-to-date: /home/chaung/f_ws/install/slam_gmapping/share/slam_gmapping/local_setup.bash
[0.127s] -- Up-to-date: /home/chaung/f_ws/install/slam_gmapping/share/slam_gmapping/local_setup.sh
[0.127s] -- Up-to-date: /home/chaung/f_ws/install/slam_gmapping/share/slam_gmapping/local_setup.zsh
[0.127s] -- Up-to-date: /home/chaung/f_ws/install/slam_gmapping/share/slam_gmapping/local_setup.dsv
[0.127s] -- Installing: /home/chaung/f_ws/install/slam_gmapping/share/slam_gmapping/package.dsv
[0.128s] -- Up-to-date: /home/chaung/f_ws/install/slam_gmapping/share/ament_index/resource_index/packages/slam_gmapping
[0.128s] -- Up-to-date: /home/chaung/f_ws/install/slam_gmapping/share/slam_gmapping/cmake/slam_gmappingConfig.cmake
[0.128s] -- Up-to-date: /home/chaung/f_ws/install/slam_gmapping/share/slam_gmapping/cmake/slam_gmappingConfig-version.cmake
[0.128s] -- Up-to-date: /home/chaung/f_ws/install/slam_gmapping/share/slam_gmapping/package.xml
[0.132s] Invoked command in '/home/chaung/f_ws/build/slam_gmapping' returned '0': CMAKE_PREFIX_PATH=/home/chaung/f_ws/install/openslam_gmapping:/home/chaung/f_ws/install/sllidar_ros2:/home/chaung/f_ws/install/slam_gmapping:/home/chaung/f_ws/install/cartographer_ros:/home/chaung/f_ws/install/cartographer_ros_msgs:/home/chaung/f_ws/install/cartographer:/home/chaung/f_ws/install/bno055:/opt/ros/foxy /usr/bin/cmake --install /home/chaung/f_ws/build/slam_gmapping
