[0.016s] Invoking command in '/home/chaung/f_ws/build/rtabmap_sync': AMENT_PREFIX_PATH=/home/chaung/f_ws/install/rtabmap_conversions:${AMENT_PREFIX_PATH} CMAKE_PREFIX_PATH=/home/chaung/f_ws/install/rtabmap_conversions:/opt/ros/foxy:/home/chaung/f_ws/install/rtabmap_msgs:/home/chaung/f_ws/install/rtabmap LD_LIBRARY_PATH=/home/chaung/f_ws/install/rtabmap_conversions/lib:/home/chaung/f_ws/install/rtabmap_msgs/lib:/home/chaung/f_ws/install/rtabmap/lib:${LD_LIBRARY_PATH} PATH=/home/chaung/f_ws/install/rtabmap/bin:${PATH} PKG_CONFIG_PATH=/home/chaung/f_ws/install/rtabmap_msgs/lib/x86_64-linux-gnu/pkgconfig:/home/chaung/f_ws/install/rtabmap_msgs/lib/pkgconfig:/home/chaung/f_ws/install/rtabmap/lib/x86_64-linux-gnu/pkgconfig:/home/chaung/f_ws/install/rtabmap/lib/pkgconfig PYTHONPATH=/home/chaung/f_ws/install/rtabmap_msgs/lib/python3.8/site-packages:${PYTHONPATH} ROS_PACKAGE_PATH=/home/chaung/f_ws/install/rtabmap_msgs/share /usr/bin/cmake --build /home/chaung/f_ws/build/rtabmap_sync -- -j12 -l12
[0.082s] [ 22%] Built target rtabmap_sync_plugins
[0.083s] [ 63%] Built target rtabmap_sync
[0.105s] [ 81%] Built target rtabmap_rgbd_sync
[0.105s] [ 81%] Built target rtabmap_stereo_sync
[0.106s] [ 90%] Built target rtabmap_rgb_sync
[0.106s] [100%] Built target rtabmap_rgbdx_sync
[0.119s] Invoked command in '/home/chaung/f_ws/build/rtabmap_sync' returned '0': AMENT_PREFIX_PATH=/home/chaung/f_ws/install/rtabmap_conversions:${AMENT_PREFIX_PATH} CMAKE_PREFIX_PATH=/home/chaung/f_ws/install/rtabmap_conversions:/opt/ros/foxy:/home/chaung/f_ws/install/rtabmap_msgs:/home/chaung/f_ws/install/rtabmap LD_LIBRARY_PATH=/home/chaung/f_ws/install/rtabmap_conversions/lib:/home/chaung/f_ws/install/rtabmap_msgs/lib:/home/chaung/f_ws/install/rtabmap/lib:${LD_LIBRARY_PATH} PATH=/home/chaung/f_ws/install/rtabmap/bin:${PATH} PKG_CONFIG_PATH=/home/chaung/f_ws/install/rtabmap_msgs/lib/x86_64-linux-gnu/pkgconfig:/home/chaung/f_ws/install/rtabmap_msgs/lib/pkgconfig:/home/chaung/f_ws/install/rtabmap/lib/x86_64-linux-gnu/pkgconfig:/home/chaung/f_ws/install/rtabmap/lib/pkgconfig PYTHONPATH=/home/chaung/f_ws/install/rtabmap_msgs/lib/python3.8/site-packages:${PYTHONPATH} ROS_PACKAGE_PATH=/home/chaung/f_ws/install/rtabmap_msgs/share /usr/bin/cmake --build /home/chaung/f_ws/build/rtabmap_sync -- -j12 -l12
[0.159s] Invoking command in '/home/chaung/f_ws/build/rtabmap_sync': AMENT_PREFIX_PATH=/home/chaung/f_ws/install/rtabmap_conversions:${AMENT_PREFIX_PATH} CMAKE_PREFIX_PATH=/home/chaung/f_ws/install/rtabmap_conversions:/opt/ros/foxy:/home/chaung/f_ws/install/rtabmap_msgs:/home/chaung/f_ws/install/rtabmap LD_LIBRARY_PATH=/home/chaung/f_ws/install/rtabmap_conversions/lib:/home/chaung/f_ws/install/rtabmap_msgs/lib:/home/chaung/f_ws/install/rtabmap/lib:${LD_LIBRARY_PATH} PATH=/home/chaung/f_ws/install/rtabmap/bin:${PATH} PKG_CONFIG_PATH=/home/chaung/f_ws/install/rtabmap_msgs/lib/x86_64-linux-gnu/pkgconfig:/home/chaung/f_ws/install/rtabmap_msgs/lib/pkgconfig:/home/chaung/f_ws/install/rtabmap/lib/x86_64-linux-gnu/pkgconfig:/home/chaung/f_ws/install/rtabmap/lib/pkgconfig PYTHONPATH=/home/chaung/f_ws/install/rtabmap_msgs/lib/python3.8/site-packages:${PYTHONPATH} ROS_PACKAGE_PATH=/home/chaung/f_ws/install/rtabmap_msgs/share /usr/bin/cmake --install /home/chaung/f_ws/build/rtabmap_sync
[0.167s] -- Install configuration: ""
[0.167s] -- Execute custom install script
[0.167s] -- Up-to-date symlink: /home/chaung/f_ws/install/rtabmap_sync/share/rtabmap_sync/environment/library_path.sh
[0.167s] -- Up-to-date symlink: /home/chaung/f_ws/install/rtabmap_sync/share/rtabmap_sync/environment/library_path.dsv
[0.168s] -- Up-to-date symlink: /home/chaung/f_ws/install/rtabmap_sync/lib/rtabmap_sync/rgbd_sync
[0.168s] -- Up-to-date symlink: /home/chaung/f_ws/install/rtabmap_sync/lib/rtabmap_sync/rgbdx_sync
[0.168s] -- Up-to-date symlink: /home/chaung/f_ws/install/rtabmap_sync/lib/rtabmap_sync/stereo_sync
[0.168s] -- Up-to-date symlink: /home/chaung/f_ws/install/rtabmap_sync/lib/rtabmap_sync/rgb_sync
[0.168s] -- Up-to-date symlink: /home/chaung/f_ws/install/rtabmap_sync/share/ament_index/resource_index/package_run_dependencies/rtabmap_sync
[0.168s] -- Up-to-date symlink: /home/chaung/f_ws/install/rtabmap_sync/share/ament_index/resource_index/parent_prefix_path/rtabmap_sync
[0.168s] -- Up-to-date symlink: /home/chaung/f_ws/install/rtabmap_sync/share/rtabmap_sync/environment/ament_prefix_path.sh
[0.168s] -- Up-to-date symlink: /home/chaung/f_ws/install/rtabmap_sync/share/rtabmap_sync/environment/ament_prefix_path.dsv
[0.168s] -- Up-to-date symlink: /home/chaung/f_ws/install/rtabmap_sync/share/rtabmap_sync/environment/path.sh
[0.168s] -- Up-to-date symlink: /home/chaung/f_ws/install/rtabmap_sync/share/rtabmap_sync/environment/path.dsv
[0.168s] -- Up-to-date symlink: /home/chaung/f_ws/install/rtabmap_sync/share/rtabmap_sync/local_setup.bash
[0.168s] -- Up-to-date symlink: /home/chaung/f_ws/install/rtabmap_sync/share/rtabmap_sync/local_setup.sh
[0.169s] -- Up-to-date symlink: /home/chaung/f_ws/install/rtabmap_sync/share/rtabmap_sync/local_setup.zsh
[0.169s] -- Up-to-date symlink: /home/chaung/f_ws/install/rtabmap_sync/share/rtabmap_sync/local_setup.dsv
[0.169s] -- Symlinking: /home/chaung/f_ws/install/rtabmap_sync/share/rtabmap_sync/package.dsv
[0.177s] -- Up-to-date symlink: /home/chaung/f_ws/install/rtabmap_sync/share/ament_index/resource_index/packages/rtabmap_sync
[0.178s] -- Up-to-date symlink: /home/chaung/f_ws/install/rtabmap_sync/share/ament_index/resource_index/rclcpp_components/rtabmap_sync
[0.178s] -- Up-to-date symlink: /home/chaung/f_ws/install/rtabmap_sync/share/rtabmap_sync/cmake/extra_configs.cmake
[0.178s] -- Up-to-date symlink: /home/chaung/f_ws/install/rtabmap_sync/share/rtabmap_sync/cmake/ament_cmake_export_dependencies-extras.cmake
[0.178s] -- Up-to-date symlink: /home/chaung/f_ws/install/rtabmap_sync/share/rtabmap_sync/cmake/ament_cmake_export_include_directories-extras.cmake
[0.178s] -- Up-to-date symlink: /home/chaung/f_ws/install/rtabmap_sync/share/rtabmap_sync/cmake/ament_cmake_export_targets-extras.cmake
[0.178s] -- Up-to-date symlink: /home/chaung/f_ws/install/rtabmap_sync/share/rtabmap_sync/cmake/ament_cmake_export_libraries-extras.cmake
[0.179s] -- Up-to-date symlink: /home/chaung/f_ws/install/rtabmap_sync/share/rtabmap_sync/cmake/rtabmap_syncConfig.cmake
[0.179s] -- Up-to-date symlink: /home/chaung/f_ws/install/rtabmap_sync/share/rtabmap_sync/cmake/rtabmap_syncConfig-version.cmake
[0.179s] -- Up-to-date symlink: /home/chaung/f_ws/install/rtabmap_sync/share/rtabmap_sync/package.xml
[0.179s] -- Up-to-date: /home/chaung/f_ws/install/rtabmap_sync/lib/librtabmap_sync.so
[0.179s] -- Up-to-date: /home/chaung/f_ws/install/rtabmap_sync/lib/librtabmap_sync_plugins.so
[0.179s] -- Up-to-date: /home/chaung/f_ws/install/rtabmap_sync/include
[0.179s] -- Up-to-date: /home/chaung/f_ws/install/rtabmap_sync/include/rtabmap_sync
[0.179s] -- Up-to-date: /home/chaung/f_ws/install/rtabmap_sync/include/rtabmap_sync/CommonDataSubscriber.h
[0.179s] -- Up-to-date: /home/chaung/f_ws/install/rtabmap_sync/include/rtabmap_sync/visibility.h
[0.179s] -- Up-to-date: /home/chaung/f_ws/install/rtabmap_sync/include/rtabmap_sync/CommonDataSubscriberDefines.h
[0.179s] -- Up-to-date: /home/chaung/f_ws/install/rtabmap_sync/include/rtabmap_sync/GetTopicName.h
[0.179s] -- Up-to-date: /home/chaung/f_ws/install/rtabmap_sync/share/rtabmap_sync/cmake/rtabmap_syncExport.cmake
[0.180s] -- Up-to-date: /home/chaung/f_ws/install/rtabmap_sync/share/rtabmap_sync/cmake/rtabmap_syncExport-noconfig.cmake
[0.182s] Invoked command in '/home/chaung/f_ws/build/rtabmap_sync' returned '0': AMENT_PREFIX_PATH=/home/chaung/f_ws/install/rtabmap_conversions:${AMENT_PREFIX_PATH} CMAKE_PREFIX_PATH=/home/chaung/f_ws/install/rtabmap_conversions:/opt/ros/foxy:/home/chaung/f_ws/install/rtabmap_msgs:/home/chaung/f_ws/install/rtabmap LD_LIBRARY_PATH=/home/chaung/f_ws/install/rtabmap_conversions/lib:/home/chaung/f_ws/install/rtabmap_msgs/lib:/home/chaung/f_ws/install/rtabmap/lib:${LD_LIBRARY_PATH} PATH=/home/chaung/f_ws/install/rtabmap/bin:${PATH} PKG_CONFIG_PATH=/home/chaung/f_ws/install/rtabmap_msgs/lib/x86_64-linux-gnu/pkgconfig:/home/chaung/f_ws/install/rtabmap_msgs/lib/pkgconfig:/home/chaung/f_ws/install/rtabmap/lib/x86_64-linux-gnu/pkgconfig:/home/chaung/f_ws/install/rtabmap/lib/pkgconfig PYTHONPATH=/home/chaung/f_ws/install/rtabmap_msgs/lib/python3.8/site-packages:${PYTHONPATH} ROS_PACKAGE_PATH=/home/chaung/f_ws/install/rtabmap_msgs/share /usr/bin/cmake --install /home/chaung/f_ws/build/rtabmap_sync
