[0.011s] Invoking command in '/home/chaung/f_ws/build/slam_gmapping': AMENT_PREFIX_PATH=/home/chaung/f_ws/install/openslam_gmapping:${AMENT_PREFIX_PATH} CMAKE_PREFIX_PATH=/home/chaung/f_ws/install/openslam_gmapping:/opt/ros/foxy LD_LIBRARY_PATH=/home/chaung/f_ws/install/openslam_gmapping/lib:${LD_LIBRARY_PATH} /usr/bin/cmake /home/chaung/f_ws/src/slam_gmapping -DAMENT_CMAKE_SYMLINK_INSTALL=1 -DCMAKE_INSTALL_PREFIX=/home/chaung/f_ws/install/slam_gmapping
[0.021s]  -fuse-ld=lld -Wl,--disable-new-dtags
[0.021s] -- Found ament_cmake: 0.9.11 (/opt/ros/foxy/share/ament_cmake/cmake)
[0.038s] -- Using PYTHON_EXECUTABLE: /usr/bin/python3
[0.192s] -- Override CMake install command with custom implementation using symlinks instead of copying resources
[0.197s] -- Found std_msgs: 2.0.5 (/opt/ros/foxy/share/std_msgs/cmake)
[0.212s] -- Using all available rosidl_typesupport_c: rosidl_typesupport_fastrtps_c;rosidl_typesupport_introspection_c
[0.214s] -- Found rosidl_adapter: 1.3.0 (/opt/ros/foxy/share/rosidl_adapter/cmake)
[0.315s] -- Using all available rosidl_typesupport_cpp: rosidl_typesupport_fastrtps_cpp;rosidl_typesupport_introspection_cpp
[0.349s] -- Found nav_msgs: 2.0.5 (/opt/ros/foxy/share/nav_msgs/cmake)
[0.449s] -- Found tf2: 0.13.14 (/opt/ros/foxy/share/tf2/cmake)
[0.461s] -- Found tf2_ros: 0.13.14 (/opt/ros/foxy/share/tf2_ros/cmake)
[0.512s] -- Found rmw_implementation_cmake: 1.0.4 (/opt/ros/foxy/share/rmw_implementation_cmake/cmake)
[0.512s] -- Using RMW implementation 'rmw_fastrtps_cpp' as default
[0.851s] -- Found tf2_geometry_msgs: 0.13.14 (/opt/ros/foxy/share/tf2_geometry_msgs/cmake)
[0.856s] -- Found eigen3_cmake_module: 0.1.1 (/opt/ros/foxy/share/eigen3_cmake_module/cmake)
[0.875s] -- Found sensor_msgs: 2.0.5 (/opt/ros/foxy/share/sensor_msgs/cmake)
[0.931s] -- Found visualization_msgs: 2.0.5 (/opt/ros/foxy/share/visualization_msgs/cmake)
[0.985s] -- Found openslam_gmapping: 0.1.2 (/home/chaung/f_ws/install/openslam_gmapping/share/openslam_gmapping/cmake)
[0.986s] -- Found ament_lint_auto: 0.9.8 (/opt/ros/foxy/share/ament_lint_auto/cmake)
[1.040s] -- Added test 'cppcheck' to perform static code analysis on C / C++ code
[1.040s] -- Configured cppcheck include dirs: /home/chaung/f_ws/src/slam_gmapping/include
[1.040s] -- Configured cppcheck exclude dirs and/or files: 
[1.040s] -- Added test 'flake8' to check Python code syntax and style conventions
[1.040s] -- Added test 'lint_cmake' to check CMake code style
[1.041s] -- Added test 'pep257' to check Python code against some of the style conventions in PEP 257
[1.041s] -- Added test 'uncrustify' to check C / C++ code style
[1.041s] -- Configured uncrustify additional arguments: 
[1.041s] -- Added test 'xmllint' to check XML markup files
[1.043s] -- Configuring done
[1.061s] -- Generating done
[1.064s] -- Build files have been written to: /home/chaung/f_ws/build/slam_gmapping
[1.069s] Invoked command in '/home/chaung/f_ws/build/slam_gmapping' returned '0': AMENT_PREFIX_PATH=/home/chaung/f_ws/install/openslam_gmapping:${AMENT_PREFIX_PATH} CMAKE_PREFIX_PATH=/home/chaung/f_ws/install/openslam_gmapping:/opt/ros/foxy LD_LIBRARY_PATH=/home/chaung/f_ws/install/openslam_gmapping/lib:${LD_LIBRARY_PATH} /usr/bin/cmake /home/chaung/f_ws/src/slam_gmapping -DAMENT_CMAKE_SYMLINK_INSTALL=1 -DCMAKE_INSTALL_PREFIX=/home/chaung/f_ws/install/slam_gmapping
[1.072s] Invoking command in '/home/chaung/f_ws/build/slam_gmapping': AMENT_PREFIX_PATH=/home/chaung/f_ws/install/openslam_gmapping:${AMENT_PREFIX_PATH} CMAKE_PREFIX_PATH=/home/chaung/f_ws/install/openslam_gmapping:/opt/ros/foxy LD_LIBRARY_PATH=/home/chaung/f_ws/install/openslam_gmapping/lib:${LD_LIBRARY_PATH} /usr/bin/cmake --build /home/chaung/f_ws/build/slam_gmapping -- -j12 -l12
[1.118s] [ 33%] Built target scan_dilute
[1.118s] [ 66%] Built target slam_gmapping
[1.119s] [100%] Built target transform
[1.127s] Invoked command in '/home/chaung/f_ws/build/slam_gmapping' returned '0': AMENT_PREFIX_PATH=/home/chaung/f_ws/install/openslam_gmapping:${AMENT_PREFIX_PATH} CMAKE_PREFIX_PATH=/home/chaung/f_ws/install/openslam_gmapping:/opt/ros/foxy LD_LIBRARY_PATH=/home/chaung/f_ws/install/openslam_gmapping/lib:${LD_LIBRARY_PATH} /usr/bin/cmake --build /home/chaung/f_ws/build/slam_gmapping -- -j12 -l12
[1.149s] Invoking command in '/home/chaung/f_ws/build/slam_gmapping': AMENT_PREFIX_PATH=/home/chaung/f_ws/install/openslam_gmapping:${AMENT_PREFIX_PATH} CMAKE_PREFIX_PATH=/home/chaung/f_ws/install/openslam_gmapping:/opt/ros/foxy LD_LIBRARY_PATH=/home/chaung/f_ws/install/openslam_gmapping/lib:${LD_LIBRARY_PATH} /usr/bin/cmake --install /home/chaung/f_ws/build/slam_gmapping
[1.156s] -- Install configuration: ""
[1.157s] -- Execute custom install script
[1.157s] -- Up-to-date symlink: /home/chaung/f_ws/install/slam_gmapping/lib/slam_gmapping/slam_gmapping
[1.157s] -- Up-to-date symlink: /home/chaung/f_ws/install/slam_gmapping/lib/slam_gmapping/transform
[1.157s] -- Up-to-date symlink: /home/chaung/f_ws/install/slam_gmapping/lib/slam_gmapping/scan_dilute
[1.157s] -- Up-to-date symlink: /home/chaung/f_ws/install/slam_gmapping/share/slam_gmapping/launch/slam_gmapping.launch.py
[1.158s] -- Up-to-date symlink: /home/chaung/f_ws/install/slam_gmapping/share/ament_index/resource_index/package_run_dependencies/slam_gmapping
[1.158s] -- Up-to-date symlink: /home/chaung/f_ws/install/slam_gmapping/share/ament_index/resource_index/parent_prefix_path/slam_gmapping
[1.158s] -- Up-to-date symlink: /home/chaung/f_ws/install/slam_gmapping/share/slam_gmapping/environment/ament_prefix_path.sh
[1.158s] -- Up-to-date symlink: /home/chaung/f_ws/install/slam_gmapping/share/slam_gmapping/environment/ament_prefix_path.dsv
[1.158s] -- Up-to-date symlink: /home/chaung/f_ws/install/slam_gmapping/share/slam_gmapping/environment/path.sh
[1.158s] -- Up-to-date symlink: /home/chaung/f_ws/install/slam_gmapping/share/slam_gmapping/environment/path.dsv
[1.159s] -- Up-to-date symlink: /home/chaung/f_ws/install/slam_gmapping/share/slam_gmapping/local_setup.bash
[1.159s] -- Up-to-date symlink: /home/chaung/f_ws/install/slam_gmapping/share/slam_gmapping/local_setup.sh
[1.159s] -- Up-to-date symlink: /home/chaung/f_ws/install/slam_gmapping/share/slam_gmapping/local_setup.zsh
[1.159s] -- Up-to-date symlink: /home/chaung/f_ws/install/slam_gmapping/share/slam_gmapping/local_setup.dsv
[1.159s] -- Symlinking: /home/chaung/f_ws/install/slam_gmapping/share/slam_gmapping/package.dsv
[1.167s] -- Up-to-date symlink: /home/chaung/f_ws/install/slam_gmapping/share/ament_index/resource_index/packages/slam_gmapping
[1.168s] -- Up-to-date symlink: /home/chaung/f_ws/install/slam_gmapping/share/slam_gmapping/cmake/slam_gmappingConfig.cmake
[1.168s] -- Up-to-date symlink: /home/chaung/f_ws/install/slam_gmapping/share/slam_gmapping/cmake/slam_gmappingConfig-version.cmake
[1.168s] -- Up-to-date symlink: /home/chaung/f_ws/install/slam_gmapping/share/slam_gmapping/package.xml
[1.169s] Invoked command in '/home/chaung/f_ws/build/slam_gmapping' returned '0': AMENT_PREFIX_PATH=/home/chaung/f_ws/install/openslam_gmapping:${AMENT_PREFIX_PATH} CMAKE_PREFIX_PATH=/home/chaung/f_ws/install/openslam_gmapping:/opt/ros/foxy LD_LIBRARY_PATH=/home/chaung/f_ws/install/openslam_gmapping/lib:${LD_LIBRARY_PATH} /usr/bin/cmake --install /home/chaung/f_ws/build/slam_gmapping
