[0.620s] Invoking command in '/home/chaung/f_ws/src/bno055': PYTHONPATH=/home/chaung/f_ws/build/bno055/prefix_override:/home/chaung/f_ws/install/bno055/lib/python3.8/site-packages:${PYTHONPATH} /usr/bin/python3 setup.py egg_info --egg-base ../../build/bno055 build --build-base /home/chaung/f_ws/build/bno055/build install --record /home/chaung/f_ws/build/bno055/install.log --single-version-externally-managed
[0.776s] running egg_info
[0.776s] writing ../../build/bno055/bno055.egg-info/PKG-INFO
[0.776s] writing dependency_links to ../../build/bno055/bno055.egg-info/dependency_links.txt
[0.776s] writing entry points to ../../build/bno055/bno055.egg-info/entry_points.txt
[0.776s] writing requirements to ../../build/bno055/bno055.egg-info/requires.txt
[0.777s] writing top-level names to ../../build/bno055/bno055.egg-info/top_level.txt
[0.801s] reading manifest file '../../build/bno055/bno055.egg-info/SOURCES.txt'
[0.802s] writing manifest file '../../build/bno055/bno055.egg-info/SOURCES.txt'
[0.802s] running build
[0.802s] running build_py
[0.803s] running install
[0.803s] running install_lib
[0.804s] running install_data
[0.805s] running install_egg_info
[0.806s] removing '/home/chaung/f_ws/install/bno055/lib/python3.8/site-packages/bno055-0.4.1-py3.8.egg-info' (and everything under it)
[0.806s] Copying ../../build/bno055/bno055.egg-info to /home/chaung/f_ws/install/bno055/lib/python3.8/site-packages/bno055-0.4.1-py3.8.egg-info
[0.807s] running install_scripts
[0.822s] Installing bno055 script to /home/chaung/f_ws/install/bno055/lib/bno055
[0.823s] writing list of installed files to '/home/chaung/f_ws/build/bno055/install.log'
[0.840s] Invoked command in '/home/chaung/f_ws/src/bno055' returned '0': PYTHONPATH=/home/chaung/f_ws/build/bno055/prefix_override:/home/chaung/f_ws/install/bno055/lib/python3.8/site-packages:${PYTHONPATH} /usr/bin/python3 setup.py egg_info --egg-base ../../build/bno055 build --build-base /home/chaung/f_ws/build/bno055/build install --record /home/chaung/f_ws/build/bno055/install.log --single-version-externally-managed
