[0.043s] Invoking command in '/home/chaung/f_ws/build/openslam_gmapping': CMAKE_PREFIX_PATH=/opt/ros/foxy /usr/bin/cmake /home/chaung/f_ws/src/openslam_gmapping -DCMAKE_INSTALL_PREFIX=/home/chaung/f_ws/install/openslam_gmapping
[0.432s] -- Found ament_cmake: 0.9.11 (/opt/ros/foxy/share/ament_cmake/cmake)
[0.432s] -- Using PYTHON_EXECUTABLE: /usr/bin/python3
[0.432s] -- Override CMake install command with custom implementation using symlinks instead of copying resources
[0.432s] -- Configuring done
[0.432s] -- Generating done
[0.432s] -- Build files have been written to: /home/chaung/f_ws/build/openslam_gmapping
[0.445s] Invoked command in '/home/chaung/f_ws/build/openslam_gmapping' returned '0': CMAKE_PREFIX_PATH=/opt/ros/foxy /usr/bin/cmake /home/chaung/f_ws/src/openslam_gmapping -DCMAKE_INSTALL_PREFIX=/home/chaung/f_ws/install/openslam_gmapping
[0.446s] Invoking command in '/home/chaung/f_ws/build/openslam_gmapping': CMAKE_PREFIX_PATH=/opt/ros/foxy /usr/bin/cmake --build /home/chaung/f_ws/build/openslam_gmapping -- -j12 -l12
[0.511s] [ 13%] Built target utils
[0.514s] [ 27%] Built target sensor_base
[0.535s] [ 40%] Built target sensor_odometry
[0.536s] [ 54%] Built target sensor_range
[0.554s] [ 77%] Built target scanmatcher
[0.574s] [100%] Built target gridfastslam
[0.584s] Invoked command in '/home/chaung/f_ws/build/openslam_gmapping' returned '0': CMAKE_PREFIX_PATH=/opt/ros/foxy /usr/bin/cmake --build /home/chaung/f_ws/build/openslam_gmapping -- -j12 -l12
[0.629s] Invoking command in '/home/chaung/f_ws/build/openslam_gmapping': CMAKE_PREFIX_PATH=/opt/ros/foxy /usr/bin/cmake --install /home/chaung/f_ws/build/openslam_gmapping
[0.640s] -- Install configuration: ""
[0.641s] -- Execute custom install script
[0.642s] -- Up-to-date symlink: /home/chaung/f_ws/install/openslam_gmapping/lib/libgridfastslam.a
[0.642s] -- Up-to-date symlink: /home/chaung/f_ws/install/openslam_gmapping/lib/libscanmatcher.a
[0.642s] -- Up-to-date symlink: /home/chaung/f_ws/install/openslam_gmapping/lib/libsensor_base.a
[0.645s] -- Up-to-date symlink: /home/chaung/f_ws/install/openslam_gmapping/share/openslam_gmapping/environment/library_path.sh
[0.645s] -- Up-to-date symlink: /home/chaung/f_ws/install/openslam_gmapping/share/openslam_gmapping/environment/library_path.dsv
[0.646s] -- Up-to-date symlink: /home/chaung/f_ws/install/openslam_gmapping/share/openslam_gmapping/environment/library_path.sh
[0.652s] -- Up-to-date symlink: /home/chaung/f_ws/install/openslam_gmapping/share/openslam_gmapping/environment/library_path.dsv
[0.655s] -- Up-to-date symlink: /home/chaung/f_ws/install/openslam_gmapping/lib/libsensor_odometry.a
[0.659s] -- Up-to-date symlink: /home/chaung/f_ws/install/openslam_gmapping/lib/libsensor_range.a
[0.660s] -- Up-to-date symlink: /home/chaung/f_ws/install/openslam_gmapping/lib/libutils.a
[0.661s] -- Up-to-date symlink: /home/chaung/f_ws/install/openslam_gmapping/share/openslam_gmapping/environment/library_path.sh
[0.662s] -- Up-to-date symlink: /home/chaung/f_ws/install/openslam_gmapping/share/openslam_gmapping/environment/library_path.dsv
[0.662s] -- Up-to-date symlink: /home/chaung/f_ws/install/openslam_gmapping/share/openslam_gmapping/environment/library_path.sh
[0.663s] -- Up-to-date symlink: /home/chaung/f_ws/install/openslam_gmapping/share/openslam_gmapping/environment/library_path.dsv
[0.663s] -- Up-to-date symlink: /home/chaung/f_ws/install/openslam_gmapping/include//gmapping/grid/accessstate.h
[0.664s] -- Up-to-date symlink: /home/chaung/f_ws/install/openslam_gmapping/include//gmapping/grid/array2d.h
[0.664s] -- Up-to-date symlink: /home/chaung/f_ws/install/openslam_gmapping/include//gmapping/grid/harray2d.h
[0.664s] -- Up-to-date symlink: /home/chaung/f_ws/install/openslam_gmapping/include//gmapping/grid/map.h
[0.667s] -- Up-to-date symlink: /home/chaung/f_ws/install/openslam_gmapping/include//gmapping/gridfastslam/gridslamprocessor.h
[0.668s] -- Up-to-date symlink: /home/chaung/f_ws/install/openslam_gmapping/include//gmapping/gridfastslam/gridslamprocessor.hxx
[0.668s] -- Up-to-date symlink: /home/chaung/f_ws/install/openslam_gmapping/include//gmapping/gridfastslam/motionmodel.h
[0.668s] -- Up-to-date symlink: /home/chaung/f_ws/install/openslam_gmapping/include//gmapping/log/configuration.h
[0.669s] -- Up-to-date symlink: /home/chaung/f_ws/install/openslam_gmapping/include//gmapping/log/sensorlog.h
[0.669s] -- Up-to-date symlink: /home/chaung/f_ws/install/openslam_gmapping/include//gmapping/particlefilter/particlefilter.h
[0.669s] -- Up-to-date symlink: /home/chaung/f_ws/install/openslam_gmapping/include//gmapping/scanmatcher/icp.h
[0.669s] -- Up-to-date symlink: /home/chaung/f_ws/install/openslam_gmapping/include//gmapping/scanmatcher/scanmatcher.h
[0.669s] -- Up-to-date symlink: /home/chaung/f_ws/install/openslam_gmapping/include//gmapping/scanmatcher/smmap.h
[0.669s] -- Up-to-date symlink: /home/chaung/f_ws/install/openslam_gmapping/include//gmapping/sensor/sensor_base/sensor.h
[0.669s] -- Up-to-date symlink: /home/chaung/f_ws/install/openslam_gmapping/include//gmapping/sensor/sensor_base/sensorreading.h
[0.669s] -- Up-to-date symlink: /home/chaung/f_ws/install/openslam_gmapping/include//gmapping/sensor/sensor_odometry/odometryreading.h
[0.669s] -- Up-to-date symlink: /home/chaung/f_ws/install/openslam_gmapping/include//gmapping/sensor/sensor_odometry/odometrysensor.h
[0.669s] -- Up-to-date symlink: /home/chaung/f_ws/install/openslam_gmapping/include//gmapping/sensor/sensor_range/rangereading.h
[0.670s] -- Up-to-date symlink: /home/chaung/f_ws/install/openslam_gmapping/include//gmapping/sensor/sensor_range/rangesensor.h
[0.670s] -- Up-to-date symlink: /home/chaung/f_ws/install/openslam_gmapping/include//gmapping/utils/autoptr.h
[0.670s] -- Up-to-date symlink: /home/chaung/f_ws/install/openslam_gmapping/include//gmapping/utils/commandline.h
[0.670s] -- Up-to-date symlink: /home/chaung/f_ws/install/openslam_gmapping/include//gmapping/utils/gvalues.h
[0.670s] -- Up-to-date symlink: /home/chaung/f_ws/install/openslam_gmapping/include//gmapping/utils/macro_params.h
[0.670s] -- Up-to-date symlink: /home/chaung/f_ws/install/openslam_gmapping/include//gmapping/utils/point.h
[0.670s] -- Up-to-date symlink: /home/chaung/f_ws/install/openslam_gmapping/include//gmapping/utils/stat.h
[0.670s] -- Up-to-date symlink: /home/chaung/f_ws/install/openslam_gmapping/share/ament_index/resource_index/package_run_dependencies/openslam_gmapping
[0.670s] -- Up-to-date symlink: /home/chaung/f_ws/install/openslam_gmapping/share/ament_index/resource_index/parent_prefix_path/openslam_gmapping
[0.670s] -- Up-to-date symlink: /home/chaung/f_ws/install/openslam_gmapping/share/openslam_gmapping/environment/ament_prefix_path.sh
[0.670s] -- Up-to-date symlink: /home/chaung/f_ws/install/openslam_gmapping/share/openslam_gmapping/environment/ament_prefix_path.dsv
[0.670s] -- Up-to-date symlink: /home/chaung/f_ws/install/openslam_gmapping/share/openslam_gmapping/environment/path.sh
[0.670s] -- Up-to-date symlink: /home/chaung/f_ws/install/openslam_gmapping/share/openslam_gmapping/environment/path.dsv
[0.671s] -- Up-to-date symlink: /home/chaung/f_ws/install/openslam_gmapping/share/openslam_gmapping/local_setup.bash
[0.671s] -- Up-to-date symlink: /home/chaung/f_ws/install/openslam_gmapping/share/openslam_gmapping/local_setup.sh
[0.671s] -- Up-to-date symlink: /home/chaung/f_ws/install/openslam_gmapping/share/openslam_gmapping/local_setup.zsh
[0.671s] -- Up-to-date symlink: /home/chaung/f_ws/install/openslam_gmapping/share/openslam_gmapping/local_setup.dsv
[0.671s] -- Symlinking: /home/chaung/f_ws/install/openslam_gmapping/share/openslam_gmapping/package.dsv
[0.672s] -- Up-to-date symlink: /home/chaung/f_ws/install/openslam_gmapping/share/ament_index/resource_index/packages/openslam_gmapping
[0.672s] -- Up-to-date symlink: /home/chaung/f_ws/install/openslam_gmapping/share/openslam_gmapping/cmake/ament_cmake_export_libraries-extras.cmake
[0.672s] -- Up-to-date symlink: /home/chaung/f_ws/install/openslam_gmapping/share/openslam_gmapping/cmake/ament_cmake_export_include_directories-extras.cmake
[0.672s] -- Up-to-date symlink: /home/chaung/f_ws/install/openslam_gmapping/share/openslam_gmapping/cmake/openslam_gmappingConfig.cmake
[0.672s] -- Up-to-date symlink: /home/chaung/f_ws/install/openslam_gmapping/share/openslam_gmapping/cmake/openslam_gmappingConfig-version.cmake
[0.673s] -- Up-to-date symlink: /home/chaung/f_ws/install/openslam_gmapping/share/openslam_gmapping/package.xml
[0.683s] Invoked command in '/home/chaung/f_ws/build/openslam_gmapping' returned '0': CMAKE_PREFIX_PATH=/opt/ros/foxy /usr/bin/cmake --install /home/chaung/f_ws/build/openslam_gmapping
