[0.411s] Invoking command in '/home/chaung/f_ws/build/sllidar_ros2': CMAKE_PREFIX_PATH=/home/chaung/f_ws/install/sllidar_ros2:/home/chaung/f_ws/install/slam_gmapping:/home/chaung/f_ws/install/rtabmap_ros:/home/chaung/f_ws/install/rtabmap_launch:/home/chaung/f_ws/install/rtabmap_examples:/home/chaung/f_ws/install/rtabmap_demos:/home/chaung/f_ws/install/rtabmap_viz:/home/chaung/f_ws/install/rtabmap_slam:/home/chaung/f_ws/install/rtabmap_odom:/home/chaung/f_ws/install/rtabmap_util:/home/chaung/f_ws/install/rtabmap_sync:/home/chaung/f_ws/install/rtabmap_rviz_plugins:/home/chaung/f_ws/install/rtabmap_conversions:/home/chaung/f_ws/install/rtabmap_python:/home/chaung/f_ws/install/bno055:/opt/ros/foxy:/home/chaung/f_ws/install/rtabmap_msgs:/home/chaung/f_ws/install/rtabmap:/home/chaung/f_ws/install/openslam_gmapping:/home/chaung/f_ws/install/hls_lfcd_lds_driver:/home/chaung/f_ws/install/dynamixel_sdk_examples:/home/chaung/f_ws/install/dynamixel_sdk_custom_interfaces:/home/chaung/f_ws/install/dynamixel_sdk /usr/bin/cmake --build /home/chaung/f_ws/build/sllidar_ros2 -- -j12 -l12
[0.491s] [ 14%] Built target sllidar_client
[0.503s] [100%] Built target sllidar_node
[0.564s] Invoked command in '/home/chaung/f_ws/build/sllidar_ros2' returned '0': CMAKE_PREFIX_PATH=/home/chaung/f_ws/install/sllidar_ros2:/home/chaung/f_ws/install/slam_gmapping:/home/chaung/f_ws/install/rtabmap_ros:/home/chaung/f_ws/install/rtabmap_launch:/home/chaung/f_ws/install/rtabmap_examples:/home/chaung/f_ws/install/rtabmap_demos:/home/chaung/f_ws/install/rtabmap_viz:/home/chaung/f_ws/install/rtabmap_slam:/home/chaung/f_ws/install/rtabmap_odom:/home/chaung/f_ws/install/rtabmap_util:/home/chaung/f_ws/install/rtabmap_sync:/home/chaung/f_ws/install/rtabmap_rviz_plugins:/home/chaung/f_ws/install/rtabmap_conversions:/home/chaung/f_ws/install/rtabmap_python:/home/chaung/f_ws/install/bno055:/opt/ros/foxy:/home/chaung/f_ws/install/rtabmap_msgs:/home/chaung/f_ws/install/rtabmap:/home/chaung/f_ws/install/openslam_gmapping:/home/chaung/f_ws/install/hls_lfcd_lds_driver:/home/chaung/f_ws/install/dynamixel_sdk_examples:/home/chaung/f_ws/install/dynamixel_sdk_custom_interfaces:/home/chaung/f_ws/install/dynamixel_sdk /usr/bin/cmake --build /home/chaung/f_ws/build/sllidar_ros2 -- -j12 -l12
[0.664s] Invoking command in '/home/chaung/f_ws/build/sllidar_ros2': CMAKE_PREFIX_PATH=/home/chaung/f_ws/install/sllidar_ros2:/home/chaung/f_ws/install/slam_gmapping:/home/chaung/f_ws/install/rtabmap_ros:/home/chaung/f_ws/install/rtabmap_launch:/home/chaung/f_ws/install/rtabmap_examples:/home/chaung/f_ws/install/rtabmap_demos:/home/chaung/f_ws/install/rtabmap_viz:/home/chaung/f_ws/install/rtabmap_slam:/home/chaung/f_ws/install/rtabmap_odom:/home/chaung/f_ws/install/rtabmap_util:/home/chaung/f_ws/install/rtabmap_sync:/home/chaung/f_ws/install/rtabmap_rviz_plugins:/home/chaung/f_ws/install/rtabmap_conversions:/home/chaung/f_ws/install/rtabmap_python:/home/chaung/f_ws/install/bno055:/opt/ros/foxy:/home/chaung/f_ws/install/rtabmap_msgs:/home/chaung/f_ws/install/rtabmap:/home/chaung/f_ws/install/openslam_gmapping:/home/chaung/f_ws/install/hls_lfcd_lds_driver:/home/chaung/f_ws/install/dynamixel_sdk_examples:/home/chaung/f_ws/install/dynamixel_sdk_custom_interfaces:/home/chaung/f_ws/install/dynamixel_sdk /usr/bin/cmake --install /home/chaung/f_ws/build/sllidar_ros2
[0.679s] -- Install configuration: ""
[0.679s] -- Execute custom install script
[0.681s] -- Up-to-date symlink: /home/chaung/f_ws/install/sllidar_ros2/share/sllidar_ros2/launch/gmapping_launch.py
[0.681s] -- Up-to-date symlink: /home/chaung/f_ws/install/sllidar_ros2/share/sllidar_ros2/launch/gmapping_s2_launch.py
[0.681s] -- Up-to-date symlink: /home/chaung/f_ws/install/sllidar_ros2/share/sllidar_ros2/launch/sllidar_a3_launch.py
[0.681s] -- Up-to-date symlink: /home/chaung/f_ws/install/sllidar_ros2/share/sllidar_ros2/launch/sllidar_launch.py
[0.681s] -- Up-to-date symlink: /home/chaung/f_ws/install/sllidar_ros2/share/sllidar_ros2/launch/sllidar_s1_launch.py
[0.681s] -- Up-to-date symlink: /home/chaung/f_ws/install/sllidar_ros2/share/sllidar_ros2/launch/sllidar_s1_tcp_launch.py
[0.682s] -- Up-to-date symlink: /home/chaung/f_ws/install/sllidar_ros2/share/sllidar_ros2/launch/sllidar_s2_launch.py
[0.682s] -- Up-to-date symlink: /home/chaung/f_ws/install/sllidar_ros2/share/sllidar_ros2/launch/sllidar_t1_launch.py
[0.682s] -- Up-to-date symlink: /home/chaung/f_ws/install/sllidar_ros2/share/sllidar_ros2/launch/view_sllidar_a3_launch.py
[0.688s] -- Up-to-date symlink: /home/chaung/f_ws/install/sllidar_ros2/share/sllidar_ros2/launch/view_sllidar_launch.py
[0.688s] -- Up-to-date symlink: /home/chaung/f_ws/install/sllidar_ros2/share/sllidar_ros2/launch/view_sllidar_s1_launch.py
[0.689s] -- Up-to-date symlink: /home/chaung/f_ws/install/sllidar_ros2/share/sllidar_ros2/launch/view_sllidar_s1_tcp_launch.py
[0.689s] -- Up-to-date symlink: /home/chaung/f_ws/install/sllidar_ros2/share/sllidar_ros2/launch/view_sllidar_s2_launch.py
[0.689s] -- Up-to-date symlink: /home/chaung/f_ws/install/sllidar_ros2/share/sllidar_ros2/launch/view_sllidar_t1_launch.py
[0.689s] -- Up-to-date symlink: /home/chaung/f_ws/install/sllidar_ros2/share/sllidar_ros2/rviz/sllidar_gmapping_ros2.rviz
[0.689s] -- Up-to-date symlink: /home/chaung/f_ws/install/sllidar_ros2/share/sllidar_ros2/rviz/sllidar_ros2.rviz
[0.689s] -- Up-to-date symlink: /home/chaung/f_ws/install/sllidar_ros2/lib/sllidar_ros2/sllidar_node
[0.689s] -- Up-to-date symlink: /home/chaung/f_ws/install/sllidar_ros2/lib/sllidar_ros2/sllidar_client
[0.689s] -- Up-to-date symlink: /home/chaung/f_ws/install/sllidar_ros2/share/ament_index/resource_index/package_run_dependencies/sllidar_ros2
[0.689s] -- Up-to-date symlink: /home/chaung/f_ws/install/sllidar_ros2/share/ament_index/resource_index/parent_prefix_path/sllidar_ros2
[0.689s] -- Up-to-date symlink: /home/chaung/f_ws/install/sllidar_ros2/share/sllidar_ros2/environment/ament_prefix_path.sh
[0.689s] -- Up-to-date symlink: /home/chaung/f_ws/install/sllidar_ros2/share/sllidar_ros2/environment/ament_prefix_path.dsv
[0.689s] -- Up-to-date symlink: /home/chaung/f_ws/install/sllidar_ros2/share/sllidar_ros2/environment/path.sh
[0.689s] -- Up-to-date symlink: /home/chaung/f_ws/install/sllidar_ros2/share/sllidar_ros2/environment/path.dsv
[0.689s] -- Up-to-date symlink: /home/chaung/f_ws/install/sllidar_ros2/share/sllidar_ros2/local_setup.bash
[0.689s] -- Up-to-date symlink: /home/chaung/f_ws/install/sllidar_ros2/share/sllidar_ros2/local_setup.sh
[0.689s] -- Up-to-date symlink: /home/chaung/f_ws/install/sllidar_ros2/share/sllidar_ros2/local_setup.zsh
[0.690s] -- Up-to-date symlink: /home/chaung/f_ws/install/sllidar_ros2/share/sllidar_ros2/local_setup.dsv
[0.690s] -- Symlinking: /home/chaung/f_ws/install/sllidar_ros2/share/sllidar_ros2/package.dsv
[0.690s] -- Up-to-date symlink: /home/chaung/f_ws/install/sllidar_ros2/share/ament_index/resource_index/packages/sllidar_ros2
[0.690s] -- Up-to-date symlink: /home/chaung/f_ws/install/sllidar_ros2/share/sllidar_ros2/cmake/ament_cmake_export_dependencies-extras.cmake
[0.690s] -- Up-to-date symlink: /home/chaung/f_ws/install/sllidar_ros2/share/sllidar_ros2/cmake/ament_cmake_export_include_directories-extras.cmake
[0.690s] -- Up-to-date symlink: /home/chaung/f_ws/install/sllidar_ros2/share/sllidar_ros2/cmake/sllidar_ros2Config.cmake
[0.690s] -- Up-to-date symlink: /home/chaung/f_ws/install/sllidar_ros2/share/sllidar_ros2/cmake/sllidar_ros2Config-version.cmake
[0.690s] -- Up-to-date symlink: /home/chaung/f_ws/install/sllidar_ros2/share/sllidar_ros2/package.xml
[0.757s] Invoked command in '/home/chaung/f_ws/build/sllidar_ros2' returned '0': CMAKE_PREFIX_PATH=/home/chaung/f_ws/install/sllidar_ros2:/home/chaung/f_ws/install/slam_gmapping:/home/chaung/f_ws/install/rtabmap_ros:/home/chaung/f_ws/install/rtabmap_launch:/home/chaung/f_ws/install/rtabmap_examples:/home/chaung/f_ws/install/rtabmap_demos:/home/chaung/f_ws/install/rtabmap_viz:/home/chaung/f_ws/install/rtabmap_slam:/home/chaung/f_ws/install/rtabmap_odom:/home/chaung/f_ws/install/rtabmap_util:/home/chaung/f_ws/install/rtabmap_sync:/home/chaung/f_ws/install/rtabmap_rviz_plugins:/home/chaung/f_ws/install/rtabmap_conversions:/home/chaung/f_ws/install/rtabmap_python:/home/chaung/f_ws/install/bno055:/opt/ros/foxy:/home/chaung/f_ws/install/rtabmap_msgs:/home/chaung/f_ws/install/rtabmap:/home/chaung/f_ws/install/openslam_gmapping:/home/chaung/f_ws/install/hls_lfcd_lds_driver:/home/chaung/f_ws/install/dynamixel_sdk_examples:/home/chaung/f_ws/install/dynamixel_sdk_custom_interfaces:/home/chaung/f_ws/install/dynamixel_sdk /usr/bin/cmake --install /home/chaung/f_ws/build/sllidar_ros2
