[0.013s] Invoking command in '/home/chaung/f_ws/build/cartographer_ros': CMAKE_PREFIX_PATH=/home/chaung/f_ws/install/cartographer_ros_msgs:/home/chaung/f_ws/install/cartographer:/home/chaung/f_ws/install/sllidar_ros2:/home/chaung/f_ws/install/slam_gmapping:/home/chaung/f_ws/install/openslam_gmapping:/home/chaung/f_ws/install/cartographer_ros:/home/chaung/f_ws/install/bno055:/opt/ros/foxy LD_LIBRARY_PATH=/home/chaung/f_ws/install/cartographer_ros_msgs/lib:/home/chaung/f_ws/install/openslam_gmapping/lib:/usr/lib/x86_64-linux-gnu/gazebo-11/plugins:/opt/ros/foxy/opt/yaml_cpp_vendor/lib:/opt/ros/foxy/opt/rviz_ogre_vendor/lib:/opt/ros/foxy/lib/x86_64-linux-gnu:/opt/ros/foxy/lib /usr/bin/cmake --build /home/chaung/f_ws/build/cartographer_ros -- -j12 -l12
[0.075s] [  0%] Built target cartographer_ros_detect_changes
[0.114s] [ 68%] Built target cartographer_ros
[0.145s] [ 78%] Built target pbstream_to_ros_map_node
[0.145s] [ 89%] Built target cartographer_node
[0.146s] [100%] Built target occupancy_grid_node
[0.154s] Invoked command in '/home/chaung/f_ws/build/cartographer_ros' returned '0': CMAKE_PREFIX_PATH=/home/chaung/f_ws/install/cartographer_ros_msgs:/home/chaung/f_ws/install/cartographer:/home/chaung/f_ws/install/sllidar_ros2:/home/chaung/f_ws/install/slam_gmapping:/home/chaung/f_ws/install/openslam_gmapping:/home/chaung/f_ws/install/cartographer_ros:/home/chaung/f_ws/install/bno055:/opt/ros/foxy LD_LIBRARY_PATH=/home/chaung/f_ws/install/cartographer_ros_msgs/lib:/home/chaung/f_ws/install/openslam_gmapping/lib:/usr/lib/x86_64-linux-gnu/gazebo-11/plugins:/opt/ros/foxy/opt/yaml_cpp_vendor/lib:/opt/ros/foxy/opt/rviz_ogre_vendor/lib:/opt/ros/foxy/lib/x86_64-linux-gnu:/opt/ros/foxy/lib /usr/bin/cmake --build /home/chaung/f_ws/build/cartographer_ros -- -j12 -l12
[0.190s] Invoking command in '/home/chaung/f_ws/build/cartographer_ros': CMAKE_PREFIX_PATH=/home/chaung/f_ws/install/cartographer_ros_msgs:/home/chaung/f_ws/install/cartographer:/home/chaung/f_ws/install/sllidar_ros2:/home/chaung/f_ws/install/slam_gmapping:/home/chaung/f_ws/install/openslam_gmapping:/home/chaung/f_ws/install/cartographer_ros:/home/chaung/f_ws/install/bno055:/opt/ros/foxy LD_LIBRARY_PATH=/home/chaung/f_ws/install/cartographer_ros_msgs/lib:/home/chaung/f_ws/install/openslam_gmapping/lib:/usr/lib/x86_64-linux-gnu/gazebo-11/plugins:/opt/ros/foxy/opt/yaml_cpp_vendor/lib:/opt/ros/foxy/opt/rviz_ogre_vendor/lib:/opt/ros/foxy/lib/x86_64-linux-gnu:/opt/ros/foxy/lib /usr/bin/cmake --install /home/chaung/f_ws/build/cartographer_ros
[0.203s] -- Install configuration: "Release"
[0.204s] -- Up-to-date: /home/chaung/f_ws/install/cartographer_ros/share/cartographer_ros//configuration_files
[0.204s] -- Up-to-date: /home/chaung/f_ws/install/cartographer_ros/share/cartographer_ros//configuration_files/backpack_3d_localization.lua
[0.205s] -- Up-to-date: /home/chaung/f_ws/install/cartographer_ros/share/cartographer_ros//configuration_files/assets_writer_backpack_2d_ci.lua
[0.205s] -- Up-to-date: /home/chaung/f_ws/install/cartographer_ros/share/cartographer_ros//configuration_files/assets_writer_backpack_2d.lua
[0.205s] -- Up-to-date: /home/chaung/f_ws/install/cartographer_ros/share/cartographer_ros//configuration_files/assets_writer_backpack_3d.lua
[0.205s] -- Up-to-date: /home/chaung/f_ws/install/cartographer_ros/share/cartographer_ros//configuration_files/revo_lds.lua
[0.206s] -- Up-to-date: /home/chaung/f_ws/install/cartographer_ros/share/cartographer_ros//configuration_files/demo_2d.rviz
[0.206s] -- Up-to-date: /home/chaung/f_ws/install/cartographer_ros/share/cartographer_ros//configuration_files/visualize_pbstream.lua
[0.206s] -- Up-to-date: /home/chaung/f_ws/install/cartographer_ros/share/cartographer_ros//configuration_files/backpack_3d.lua
[0.206s] -- Up-to-date: /home/chaung/f_ws/install/cartographer_ros/share/cartographer_ros//configuration_files/demo_3d.rviz
[0.206s] -- Up-to-date: /home/chaung/f_ws/install/cartographer_ros/share/cartographer_ros//configuration_files/assets_writer_ros_map.lua
[0.206s] -- Up-to-date: /home/chaung/f_ws/install/cartographer_ros/share/cartographer_ros//configuration_files/transform.lua
[0.206s] -- Up-to-date: /home/chaung/f_ws/install/cartographer_ros/share/cartographer_ros//configuration_files/backpack_2d_localization.lua
[0.206s] -- Up-to-date: /home/chaung/f_ws/install/cartographer_ros/share/cartographer_ros//configuration_files/backpack_2d_localization_evaluation.lua
[0.206s] -- Up-to-date: /home/chaung/f_ws/install/cartographer_ros/share/cartographer_ros//configuration_files/taurob_tracker.lua
[0.206s] -- Up-to-date: /home/chaung/f_ws/install/cartographer_ros/share/cartographer_ros//configuration_files/backpack_2d_server.lua
[0.207s] -- Up-to-date: /home/chaung/f_ws/install/cartographer_ros/share/cartographer_ros//configuration_files/backpack_2d.lua
[0.207s] -- Installing: /home/chaung/f_ws/install/cartographer_ros/share/cartographer_ros//configuration_files/turtlebot3_lds_2d.lua
[0.207s] -- Up-to-date: /home/chaung/f_ws/install/cartographer_ros/share/cartographer_ros//configuration_files/pr2.lua
[0.207s] -- Up-to-date: /home/chaung/f_ws/install/cartographer_ros/share/cartographer_ros//launch
[0.207s] -- Up-to-date: /home/chaung/f_ws/install/cartographer_ros/share/cartographer_ros//launch/occupancy_grid.launch.py
[0.207s] -- Up-to-date: /home/chaung/f_ws/install/cartographer_ros/share/cartographer_ros//launch/demo_backpack_3d_localization.launch
[0.207s] -- Up-to-date: /home/chaung/f_ws/install/cartographer_ros/share/cartographer_ros//launch/backpack_3d.launch
[0.207s] -- Up-to-date: /home/chaung/f_ws/install/cartographer_ros/share/cartographer_ros//launch/demo_backpack_3d.launch
[0.207s] -- Up-to-date: /home/chaung/f_ws/install/cartographer_ros/share/cartographer_ros//launch/demo_backpack_2d_localization.launch
[0.207s] -- Up-to-date: /home/chaung/f_ws/install/cartographer_ros/share/cartographer_ros//launch/visualize_pbstream.launch
[0.207s] -- Up-to-date: /home/chaung/f_ws/install/cartographer_ros/share/cartographer_ros//launch/assets_writer_ros_map.launch
[0.207s] -- Up-to-date: /home/chaung/f_ws/install/cartographer_ros/share/cartographer_ros//launch/assets_writer_backpack_3d.launch
[0.207s] -- Up-to-date: /home/chaung/f_ws/install/cartographer_ros/share/cartographer_ros//launch/demo_taurob_tracker.launch
[0.207s] -- Up-to-date: /home/chaung/f_ws/install/cartographer_ros/share/cartographer_ros//launch/offline_backpack_3d.launch
[0.207s] -- Up-to-date: /home/chaung/f_ws/install/cartographer_ros/share/cartographer_ros//launch/backpack_2d.launch
[0.207s] -- Up-to-date: /home/chaung/f_ws/install/cartographer_ros/share/cartographer_ros//launch/demo_backpack_2d.launch
[0.207s] -- Up-to-date: /home/chaung/f_ws/install/cartographer_ros/share/cartographer_ros//launch/grpc_demo_backpack_2d_localization.launch
[0.207s] -- Up-to-date: /home/chaung/f_ws/install/cartographer_ros/share/cartographer_ros//launch/demo_revo_lds.launch
[0.208s] -- Up-to-date: /home/chaung/f_ws/install/cartographer_ros/share/cartographer_ros//launch/taurob_tracker.launch
[0.208s] -- Up-to-date: /home/chaung/f_ws/install/cartographer_ros/share/cartographer_ros//launch/grpc_demo_backpack_2d.launch
[0.208s] -- Up-to-date: /home/chaung/f_ws/install/cartographer_ros/share/cartographer_ros//launch/cartographer.launch.py
[0.208s] -- Up-to-date: /home/chaung/f_ws/install/cartographer_ros/share/cartographer_ros//launch/offline_backpack_2d.launch
[0.208s] -- Up-to-date: /home/chaung/f_ws/install/cartographer_ros/share/cartographer_ros//launch/assets_writer_backpack_2d.launch
[0.208s] -- Up-to-date: /home/chaung/f_ws/install/cartographer_ros/share/cartographer_ros//launch/demo_pr2.launch
[0.208s] -- Up-to-date: /home/chaung/f_ws/install/cartographer_ros/lib/cartographer_ros/cartographer.launch.py
[0.208s] -- Up-to-date: /home/chaung/f_ws/install/cartographer_ros/lib/libcartographer_ros.a
[0.208s] -- Up-to-date: /home/chaung/f_ws/install/cartographer_ros/share/ament_index/resource_index/package_run_dependencies/cartographer_ros
[0.208s] -- Up-to-date: /home/chaung/f_ws/install/cartographer_ros/share/ament_index/resource_index/parent_prefix_path/cartographer_ros
[0.208s] -- Up-to-date: /home/chaung/f_ws/install/cartographer_ros/share/cartographer_ros/environment/ament_prefix_path.sh
[0.208s] -- Up-to-date: /home/chaung/f_ws/install/cartographer_ros/share/cartographer_ros/environment/ament_prefix_path.dsv
[0.208s] -- Up-to-date: /home/chaung/f_ws/install/cartographer_ros/share/cartographer_ros/environment/path.sh
[0.208s] -- Up-to-date: /home/chaung/f_ws/install/cartographer_ros/share/cartographer_ros/environment/path.dsv
[0.208s] -- Up-to-date: /home/chaung/f_ws/install/cartographer_ros/share/cartographer_ros/local_setup.bash
[0.208s] -- Up-to-date: /home/chaung/f_ws/install/cartographer_ros/share/cartographer_ros/local_setup.sh
[0.208s] -- Up-to-date: /home/chaung/f_ws/install/cartographer_ros/share/cartographer_ros/local_setup.zsh
[0.208s] -- Up-to-date: /home/chaung/f_ws/install/cartographer_ros/share/cartographer_ros/local_setup.dsv
[0.208s] -- Installing: /home/chaung/f_ws/install/cartographer_ros/share/cartographer_ros/package.dsv
[0.209s] -- Up-to-date: /home/chaung/f_ws/install/cartographer_ros/share/ament_index/resource_index/packages/cartographer_ros
[0.209s] -- Up-to-date: /home/chaung/f_ws/install/cartographer_ros/share/cartographer_ros/cmake/cartographer_rosConfig.cmake
[0.209s] -- Up-to-date: /home/chaung/f_ws/install/cartographer_ros/share/cartographer_ros/cmake/cartographer_rosConfig-version.cmake
[0.209s] -- Up-to-date: /home/chaung/f_ws/install/cartographer_ros/share/cartographer_ros/package.xml
[0.209s] -- Up-to-date: /home/chaung/f_ws/install/cartographer_ros/lib/cartographer_ros/cartographer_node
[0.209s] -- Up-to-date: /home/chaung/f_ws/install/cartographer_ros/lib/cartographer_ros/occupancy_grid_node
[0.209s] -- Up-to-date: /home/chaung/f_ws/install/cartographer_ros/lib/cartographer_ros/pbstream_to_ros_map_node
[0.215s] Invoked command in '/home/chaung/f_ws/build/cartographer_ros' returned '0': CMAKE_PREFIX_PATH=/home/chaung/f_ws/install/cartographer_ros_msgs:/home/chaung/f_ws/install/cartographer:/home/chaung/f_ws/install/sllidar_ros2:/home/chaung/f_ws/install/slam_gmapping:/home/chaung/f_ws/install/openslam_gmapping:/home/chaung/f_ws/install/cartographer_ros:/home/chaung/f_ws/install/bno055:/opt/ros/foxy LD_LIBRARY_PATH=/home/chaung/f_ws/install/cartographer_ros_msgs/lib:/home/chaung/f_ws/install/openslam_gmapping/lib:/usr/lib/x86_64-linux-gnu/gazebo-11/plugins:/opt/ros/foxy/opt/yaml_cpp_vendor/lib:/opt/ros/foxy/opt/rviz_ogre_vendor/lib:/opt/ros/foxy/lib/x86_64-linux-gnu:/opt/ros/foxy/lib /usr/bin/cmake --install /home/chaung/f_ws/build/cartographer_ros
