-- Install configuration: ""
-- Up-to-date: /home/chaung/f_ws/install/rtabmap_examples/share/rtabmap_examples/launch
-- Up-to-date: /home/chaung/f_ws/install/rtabmap_examples/share/rtabmap_examples/launch/config
-- Up-to-date: /home/chaung/f_ws/install/rtabmap_examples/share/rtabmap_examples/launch/config/euroc_left.yaml
-- Up-to-date: /home/chaung/f_ws/install/rtabmap_examples/share/rtabmap_examples/launch/config/euroc_right.yaml
-- Up-to-date: /home/chaung/f_ws/install/rtabmap_examples/share/rtabmap_examples/launch/vlp16.launch.py
-- Up-to-date: /home/chaung/f_ws/install/rtabmap_examples/share/rtabmap_examples/launch/realsense_d400.launch.py
-- Up-to-date: /home/chaung/f_ws/install/rtabmap_examples/share/rtabmap_examples/launch/rgbdslam_datasets.launch.py
-- Up-to-date: /home/chaung/f_ws/install/rtabmap_examples/share/rtabmap_examples/launch/euroc_datasets.launch.py
-- Up-to-date: /home/chaung/f_ws/install/rtabmap_examples/share/rtabmap_examples/launch/realsense_d435i_stereo.launch.py
-- Up-to-date: /home/chaung/f_ws/install/rtabmap_examples/share/rtabmap_examples/launch/realsense_d435i_infra.launch.py
-- Up-to-date: /home/chaung/f_ws/install/rtabmap_examples/share/rtabmap_examples/launch/k4a.launch.py
-- Up-to-date: /home/chaung/f_ws/install/rtabmap_examples/share/rtabmap_examples/launch/realsense_d435i_color.launch.py
-- Up-to-date: /home/chaung/f_ws/install/rtabmap_examples/share/ament_index/resource_index/package_run_dependencies/rtabmap_examples
-- Up-to-date: /home/chaung/f_ws/install/rtabmap_examples/share/ament_index/resource_index/parent_prefix_path/rtabmap_examples
-- Up-to-date: /home/chaung/f_ws/install/rtabmap_examples/share/rtabmap_examples/environment/ament_prefix_path.sh
-- Up-to-date: /home/chaung/f_ws/install/rtabmap_examples/share/rtabmap_examples/environment/ament_prefix_path.dsv
-- Up-to-date: /home/chaung/f_ws/install/rtabmap_examples/share/rtabmap_examples/environment/path.sh
-- Up-to-date: /home/chaung/f_ws/install/rtabmap_examples/share/rtabmap_examples/environment/path.dsv
-- Up-to-date: /home/chaung/f_ws/install/rtabmap_examples/share/rtabmap_examples/local_setup.bash
-- Up-to-date: /home/chaung/f_ws/install/rtabmap_examples/share/rtabmap_examples/local_setup.sh
-- Up-to-date: /home/chaung/f_ws/install/rtabmap_examples/share/rtabmap_examples/local_setup.zsh
-- Up-to-date: /home/chaung/f_ws/install/rtabmap_examples/share/rtabmap_examples/local_setup.dsv
-- Up-to-date: /home/chaung/f_ws/install/rtabmap_examples/share/rtabmap_examples/package.dsv
-- Up-to-date: /home/chaung/f_ws/install/rtabmap_examples/share/ament_index/resource_index/packages/rtabmap_examples
-- Up-to-date: /home/chaung/f_ws/install/rtabmap_examples/share/rtabmap_examples/cmake/rtabmap_examplesConfig.cmake
-- Up-to-date: /home/chaung/f_ws/install/rtabmap_examples/share/rtabmap_examples/cmake/rtabmap_examplesConfig-version.cmake
-- Up-to-date: /home/chaung/f_ws/install/rtabmap_examples/share/rtabmap_examples/package.xml
