[0.664s] Invoking command in '/home/chaung/f_ws/src/bno055': PYTHONPATH=/home/chaung/f_ws/build/bno055/prefix_override:/home/chaung/f_ws/install/bno055/lib/python3.8/site-packages:${PYTHONPATH} /usr/bin/python3 setup.py egg_info --egg-base ../../build/bno055 build --build-base /home/chaung/f_ws/build/bno055/build install --record /home/chaung/f_ws/build/bno055/install.log --single-version-externally-managed
[0.819s] running egg_info
[0.819s] writing ../../build/bno055/bno055.egg-info/PKG-INFO
[0.819s] writing dependency_links to ../../build/bno055/bno055.egg-info/dependency_links.txt
[0.819s] writing entry points to ../../build/bno055/bno055.egg-info/entry_points.txt
[0.819s] writing requirements to ../../build/bno055/bno055.egg-info/requires.txt
[0.819s] writing top-level names to ../../build/bno055/bno055.egg-info/top_level.txt
[0.840s] reading manifest file '../../build/bno055/bno055.egg-info/SOURCES.txt'
[0.840s] writing manifest file '../../build/bno055/bno055.egg-info/SOURCES.txt'
[0.841s] running build
[0.841s] running build_py
[0.841s] copying bno055/params/NodeParameters.py -> /home/chaung/f_ws/build/bno055/build/lib/bno055/params
[0.842s] running install
[0.842s] running install_lib
[0.843s] copying /home/chaung/f_ws/build/bno055/build/lib/bno055/params/NodeParameters.py -> /home/chaung/f_ws/install/bno055/lib/python3.8/site-packages/bno055/params
[0.843s] byte-compiling /home/chaung/f_ws/install/bno055/lib/python3.8/site-packages/bno055/params/NodeParameters.py to NodeParameters.cpython-38.pyc
[0.845s] running install_data
[0.845s] running install_egg_info
[0.846s] removing '/home/chaung/f_ws/install/bno055/lib/python3.8/site-packages/bno055-0.4.1-py3.8.egg-info' (and everything under it)
[0.846s] Copying ../../build/bno055/bno055.egg-info to /home/chaung/f_ws/install/bno055/lib/python3.8/site-packages/bno055-0.4.1-py3.8.egg-info
[0.847s] running install_scripts
[0.861s] Installing bno055 script to /home/chaung/f_ws/install/bno055/lib/bno055
[0.861s] writing list of installed files to '/home/chaung/f_ws/build/bno055/install.log'
[0.882s] Invoked command in '/home/chaung/f_ws/src/bno055' returned '0': PYTHONPATH=/home/chaung/f_ws/build/bno055/prefix_override:/home/chaung/f_ws/install/bno055/lib/python3.8/site-packages:${PYTHONPATH} /usr/bin/python3 setup.py egg_info --egg-base ../../build/bno055 build --build-base /home/chaung/f_ws/build/bno055/build install --record /home/chaung/f_ws/build/bno055/install.log --single-version-externally-managed
