[0.025s] Invoking command in '/home/chaung/f_ws/build/rtabmap_sync': CMAKE_PREFIX_PATH=/home/chaung/f_ws/install/rtabmap_conversions:/home/chaung/f_ws/install/rtabmap_python:/home/chaung/f_ws/install/bno055:/opt/ros/foxy:/home/chaung/f_ws/install/rtabmap_msgs:/home/chaung/f_ws/install/rtabmap:/home/chaung/f_ws/install/sllidar_ros2:/home/chaung/f_ws/install/slam_gmapping:/home/chaung/f_ws/install/rtabmap_ros:/home/chaung/f_ws/install/rtabmap_launch:/home/chaung/f_ws/install/rtabmap_examples:/home/chaung/f_ws/install/rtabmap_demos:/home/chaung/f_ws/install/rtabmap_viz:/home/chaung/f_ws/install/rtabmap_slam:/home/chaung/f_ws/install/rtabmap_odom:/home/chaung/f_ws/install/rtabmap_util:/home/chaung/f_ws/install/rtabmap_sync:/home/chaung/f_ws/install/rtabmap_rviz_plugins:/home/chaung/f_ws/install/openslam_gmapping:/home/chaung/f_ws/install/hls_lfcd_lds_driver:/home/chaung/f_ws/install/dynamixel_sdk_examples:/home/chaung/f_ws/install/dynamixel_sdk_custom_interfaces:/home/chaung/f_ws/install/dynamixel_sdk LD_LIBRARY_PATH=/home/chaung/f_ws/install/rtabmap_conversions/lib:/home/chaung/f_ws/install/rtabmap_msgs/lib:/home/chaung/f_ws/install/rtabmap/lib:/home/chaung/f_ws/install/rtabmap_slam/lib:/home/chaung/f_ws/install/rtabmap_odom/lib:/home/chaung/f_ws/install/rtabmap_util/lib:/home/chaung/f_ws/install/rtabmap_sync/lib:/home/chaung/f_ws/install/rtabmap_rviz_plugins/lib:/home/chaung/f_ws/install/openslam_gmapping/lib:/home/chaung/f_ws/install/dynamixel_sdk_custom_interfaces/lib:/home/chaung/f_ws/install/dynamixel_sdk/lib:/usr/lib/x86_64-linux-gnu/gazebo-11/plugins:/opt/ros/foxy/opt/yaml_cpp_vendor/lib:/opt/ros/foxy/opt/rviz_ogre_vendor/lib:/opt/ros/foxy/lib/x86_64-linux-gnu:/opt/ros/foxy/lib PYTHONPATH=/home/chaung/f_ws/install/rtabmap_msgs/lib/python3.8/site-packages:/home/chaung/f_ws/install/rtabmap_python/lib/python3.8/site-packages:/home/chaung/f_ws/install/dynamixel_sdk_custom_interfaces/lib/python3.8/site-packages:/home/chaung/f_ws/install/bno055/lib/python3.8/site-packages:/opt/ros/foxy/lib/python3.8/site-packages /usr/bin/cmake --build /home/chaung/f_ws/build/rtabmap_sync -- -j12 -l12
[0.100s] [ 22%] Built target rtabmap_sync_plugins
[0.107s] [ 63%] Built target rtabmap_sync
[0.127s] [ 81%] Built target rtabmap_rgb_sync
[0.128s] [ 81%] Built target rtabmap_rgbd_sync
[0.130s] [ 90%] Built target rtabmap_stereo_sync
[0.131s] [100%] Built target rtabmap_rgbdx_sync
[0.143s] Invoked command in '/home/chaung/f_ws/build/rtabmap_sync' returned '0': CMAKE_PREFIX_PATH=/home/chaung/f_ws/install/rtabmap_conversions:/home/chaung/f_ws/install/rtabmap_python:/home/chaung/f_ws/install/bno055:/opt/ros/foxy:/home/chaung/f_ws/install/rtabmap_msgs:/home/chaung/f_ws/install/rtabmap:/home/chaung/f_ws/install/sllidar_ros2:/home/chaung/f_ws/install/slam_gmapping:/home/chaung/f_ws/install/rtabmap_ros:/home/chaung/f_ws/install/rtabmap_launch:/home/chaung/f_ws/install/rtabmap_examples:/home/chaung/f_ws/install/rtabmap_demos:/home/chaung/f_ws/install/rtabmap_viz:/home/chaung/f_ws/install/rtabmap_slam:/home/chaung/f_ws/install/rtabmap_odom:/home/chaung/f_ws/install/rtabmap_util:/home/chaung/f_ws/install/rtabmap_sync:/home/chaung/f_ws/install/rtabmap_rviz_plugins:/home/chaung/f_ws/install/openslam_gmapping:/home/chaung/f_ws/install/hls_lfcd_lds_driver:/home/chaung/f_ws/install/dynamixel_sdk_examples:/home/chaung/f_ws/install/dynamixel_sdk_custom_interfaces:/home/chaung/f_ws/install/dynamixel_sdk LD_LIBRARY_PATH=/home/chaung/f_ws/install/rtabmap_conversions/lib:/home/chaung/f_ws/install/rtabmap_msgs/lib:/home/chaung/f_ws/install/rtabmap/lib:/home/chaung/f_ws/install/rtabmap_slam/lib:/home/chaung/f_ws/install/rtabmap_odom/lib:/home/chaung/f_ws/install/rtabmap_util/lib:/home/chaung/f_ws/install/rtabmap_sync/lib:/home/chaung/f_ws/install/rtabmap_rviz_plugins/lib:/home/chaung/f_ws/install/openslam_gmapping/lib:/home/chaung/f_ws/install/dynamixel_sdk_custom_interfaces/lib:/home/chaung/f_ws/install/dynamixel_sdk/lib:/usr/lib/x86_64-linux-gnu/gazebo-11/plugins:/opt/ros/foxy/opt/yaml_cpp_vendor/lib:/opt/ros/foxy/opt/rviz_ogre_vendor/lib:/opt/ros/foxy/lib/x86_64-linux-gnu:/opt/ros/foxy/lib PYTHONPATH=/home/chaung/f_ws/install/rtabmap_msgs/lib/python3.8/site-packages:/home/chaung/f_ws/install/rtabmap_python/lib/python3.8/site-packages:/home/chaung/f_ws/install/dynamixel_sdk_custom_interfaces/lib/python3.8/site-packages:/home/chaung/f_ws/install/bno055/lib/python3.8/site-packages:/opt/ros/foxy/lib/python3.8/site-packages /usr/bin/cmake --build /home/chaung/f_ws/build/rtabmap_sync -- -j12 -l12
[0.192s] Invoking command in '/home/chaung/f_ws/build/rtabmap_sync': CMAKE_PREFIX_PATH=/home/chaung/f_ws/install/rtabmap_conversions:/home/chaung/f_ws/install/rtabmap_python:/home/chaung/f_ws/install/bno055:/opt/ros/foxy:/home/chaung/f_ws/install/rtabmap_msgs:/home/chaung/f_ws/install/rtabmap:/home/chaung/f_ws/install/sllidar_ros2:/home/chaung/f_ws/install/slam_gmapping:/home/chaung/f_ws/install/rtabmap_ros:/home/chaung/f_ws/install/rtabmap_launch:/home/chaung/f_ws/install/rtabmap_examples:/home/chaung/f_ws/install/rtabmap_demos:/home/chaung/f_ws/install/rtabmap_viz:/home/chaung/f_ws/install/rtabmap_slam:/home/chaung/f_ws/install/rtabmap_odom:/home/chaung/f_ws/install/rtabmap_util:/home/chaung/f_ws/install/rtabmap_sync:/home/chaung/f_ws/install/rtabmap_rviz_plugins:/home/chaung/f_ws/install/openslam_gmapping:/home/chaung/f_ws/install/hls_lfcd_lds_driver:/home/chaung/f_ws/install/dynamixel_sdk_examples:/home/chaung/f_ws/install/dynamixel_sdk_custom_interfaces:/home/chaung/f_ws/install/dynamixel_sdk LD_LIBRARY_PATH=/home/chaung/f_ws/install/rtabmap_conversions/lib:/home/chaung/f_ws/install/rtabmap_msgs/lib:/home/chaung/f_ws/install/rtabmap/lib:/home/chaung/f_ws/install/rtabmap_slam/lib:/home/chaung/f_ws/install/rtabmap_odom/lib:/home/chaung/f_ws/install/rtabmap_util/lib:/home/chaung/f_ws/install/rtabmap_sync/lib:/home/chaung/f_ws/install/rtabmap_rviz_plugins/lib:/home/chaung/f_ws/install/openslam_gmapping/lib:/home/chaung/f_ws/install/dynamixel_sdk_custom_interfaces/lib:/home/chaung/f_ws/install/dynamixel_sdk/lib:/usr/lib/x86_64-linux-gnu/gazebo-11/plugins:/opt/ros/foxy/opt/yaml_cpp_vendor/lib:/opt/ros/foxy/opt/rviz_ogre_vendor/lib:/opt/ros/foxy/lib/x86_64-linux-gnu:/opt/ros/foxy/lib PYTHONPATH=/home/chaung/f_ws/install/rtabmap_msgs/lib/python3.8/site-packages:/home/chaung/f_ws/install/rtabmap_python/lib/python3.8/site-packages:/home/chaung/f_ws/install/dynamixel_sdk_custom_interfaces/lib/python3.8/site-packages:/home/chaung/f_ws/install/bno055/lib/python3.8/site-packages:/opt/ros/foxy/lib/python3.8/site-packages /usr/bin/cmake --install /home/chaung/f_ws/build/rtabmap_sync
[0.201s] -- Install configuration: ""
[0.201s] -- Execute custom install script
[0.201s] -- Up-to-date symlink: /home/chaung/f_ws/install/rtabmap_sync/share/rtabmap_sync/environment/library_path.sh
[0.201s] -- Up-to-date symlink: /home/chaung/f_ws/install/rtabmap_sync/share/rtabmap_sync/environment/library_path.dsv
[0.201s] -- Up-to-date symlink: /home/chaung/f_ws/install/rtabmap_sync/lib/rtabmap_sync/rgbd_sync
[0.202s] -- Up-to-date symlink: /home/chaung/f_ws/install/rtabmap_sync/lib/rtabmap_sync/rgbdx_sync
[0.202s] -- Up-to-date symlink: /home/chaung/f_ws/install/rtabmap_sync/lib/rtabmap_sync/stereo_sync
[0.202s] -- Up-to-date symlink: /home/chaung/f_ws/install/rtabmap_sync/lib/rtabmap_sync/rgb_sync
[0.202s] -- Up-to-date symlink: /home/chaung/f_ws/install/rtabmap_sync/share/ament_index/resource_index/package_run_dependencies/rtabmap_sync
[0.202s] -- Up-to-date symlink: /home/chaung/f_ws/install/rtabmap_sync/share/ament_index/resource_index/parent_prefix_path/rtabmap_sync
[0.202s] -- Up-to-date symlink: /home/chaung/f_ws/install/rtabmap_sync/share/rtabmap_sync/environment/ament_prefix_path.sh
[0.202s] -- Up-to-date symlink: /home/chaung/f_ws/install/rtabmap_sync/share/rtabmap_sync/environment/ament_prefix_path.dsv
[0.202s] -- Up-to-date symlink: /home/chaung/f_ws/install/rtabmap_sync/share/rtabmap_sync/environment/path.sh
[0.202s] -- Up-to-date symlink: /home/chaung/f_ws/install/rtabmap_sync/share/rtabmap_sync/environment/path.dsv
[0.202s] -- Up-to-date symlink: /home/chaung/f_ws/install/rtabmap_sync/share/rtabmap_sync/local_setup.bash
[0.202s] -- Up-to-date symlink: /home/chaung/f_ws/install/rtabmap_sync/share/rtabmap_sync/local_setup.sh
[0.202s] -- Up-to-date symlink: /home/chaung/f_ws/install/rtabmap_sync/share/rtabmap_sync/local_setup.zsh
[0.202s] -- Up-to-date symlink: /home/chaung/f_ws/install/rtabmap_sync/share/rtabmap_sync/local_setup.dsv
[0.203s] -- Symlinking: /home/chaung/f_ws/install/rtabmap_sync/share/rtabmap_sync/package.dsv
[0.212s] -- Up-to-date symlink: /home/chaung/f_ws/install/rtabmap_sync/share/ament_index/resource_index/packages/rtabmap_sync
[0.212s] -- Up-to-date symlink: /home/chaung/f_ws/install/rtabmap_sync/share/ament_index/resource_index/rclcpp_components/rtabmap_sync
[0.213s] -- Up-to-date symlink: /home/chaung/f_ws/install/rtabmap_sync/share/rtabmap_sync/cmake/extra_configs.cmake
[0.213s] -- Up-to-date symlink: /home/chaung/f_ws/install/rtabmap_sync/share/rtabmap_sync/cmake/ament_cmake_export_dependencies-extras.cmake
[0.213s] -- Up-to-date symlink: /home/chaung/f_ws/install/rtabmap_sync/share/rtabmap_sync/cmake/ament_cmake_export_include_directories-extras.cmake
[0.213s] -- Up-to-date symlink: /home/chaung/f_ws/install/rtabmap_sync/share/rtabmap_sync/cmake/ament_cmake_export_targets-extras.cmake
[0.213s] -- Up-to-date symlink: /home/chaung/f_ws/install/rtabmap_sync/share/rtabmap_sync/cmake/ament_cmake_export_libraries-extras.cmake
[0.213s] -- Up-to-date symlink: /home/chaung/f_ws/install/rtabmap_sync/share/rtabmap_sync/cmake/rtabmap_syncConfig.cmake
[0.213s] -- Up-to-date symlink: /home/chaung/f_ws/install/rtabmap_sync/share/rtabmap_sync/cmake/rtabmap_syncConfig-version.cmake
[0.213s] -- Up-to-date symlink: /home/chaung/f_ws/install/rtabmap_sync/share/rtabmap_sync/package.xml
[0.213s] -- Up-to-date: /home/chaung/f_ws/install/rtabmap_sync/lib/librtabmap_sync.so
[0.213s] -- Up-to-date: /home/chaung/f_ws/install/rtabmap_sync/lib/librtabmap_sync_plugins.so
[0.213s] -- Up-to-date: /home/chaung/f_ws/install/rtabmap_sync/include
[0.213s] -- Up-to-date: /home/chaung/f_ws/install/rtabmap_sync/include/rtabmap_sync
[0.214s] -- Up-to-date: /home/chaung/f_ws/install/rtabmap_sync/include/rtabmap_sync/CommonDataSubscriber.h
[0.214s] -- Up-to-date: /home/chaung/f_ws/install/rtabmap_sync/include/rtabmap_sync/visibility.h
[0.214s] -- Up-to-date: /home/chaung/f_ws/install/rtabmap_sync/include/rtabmap_sync/CommonDataSubscriberDefines.h
[0.214s] -- Up-to-date: /home/chaung/f_ws/install/rtabmap_sync/include/rtabmap_sync/GetTopicName.h
[0.214s] -- Up-to-date: /home/chaung/f_ws/install/rtabmap_sync/share/rtabmap_sync/cmake/rtabmap_syncExport.cmake
[0.214s] -- Up-to-date: /home/chaung/f_ws/install/rtabmap_sync/share/rtabmap_sync/cmake/rtabmap_syncExport-noconfig.cmake
[0.217s] Invoked command in '/home/chaung/f_ws/build/rtabmap_sync' returned '0': CMAKE_PREFIX_PATH=/home/chaung/f_ws/install/rtabmap_conversions:/home/chaung/f_ws/install/rtabmap_python:/home/chaung/f_ws/install/bno055:/opt/ros/foxy:/home/chaung/f_ws/install/rtabmap_msgs:/home/chaung/f_ws/install/rtabmap:/home/chaung/f_ws/install/sllidar_ros2:/home/chaung/f_ws/install/slam_gmapping:/home/chaung/f_ws/install/rtabmap_ros:/home/chaung/f_ws/install/rtabmap_launch:/home/chaung/f_ws/install/rtabmap_examples:/home/chaung/f_ws/install/rtabmap_demos:/home/chaung/f_ws/install/rtabmap_viz:/home/chaung/f_ws/install/rtabmap_slam:/home/chaung/f_ws/install/rtabmap_odom:/home/chaung/f_ws/install/rtabmap_util:/home/chaung/f_ws/install/rtabmap_sync:/home/chaung/f_ws/install/rtabmap_rviz_plugins:/home/chaung/f_ws/install/openslam_gmapping:/home/chaung/f_ws/install/hls_lfcd_lds_driver:/home/chaung/f_ws/install/dynamixel_sdk_examples:/home/chaung/f_ws/install/dynamixel_sdk_custom_interfaces:/home/chaung/f_ws/install/dynamixel_sdk LD_LIBRARY_PATH=/home/chaung/f_ws/install/rtabmap_conversions/lib:/home/chaung/f_ws/install/rtabmap_msgs/lib:/home/chaung/f_ws/install/rtabmap/lib:/home/chaung/f_ws/install/rtabmap_slam/lib:/home/chaung/f_ws/install/rtabmap_odom/lib:/home/chaung/f_ws/install/rtabmap_util/lib:/home/chaung/f_ws/install/rtabmap_sync/lib:/home/chaung/f_ws/install/rtabmap_rviz_plugins/lib:/home/chaung/f_ws/install/openslam_gmapping/lib:/home/chaung/f_ws/install/dynamixel_sdk_custom_interfaces/lib:/home/chaung/f_ws/install/dynamixel_sdk/lib:/usr/lib/x86_64-linux-gnu/gazebo-11/plugins:/opt/ros/foxy/opt/yaml_cpp_vendor/lib:/opt/ros/foxy/opt/rviz_ogre_vendor/lib:/opt/ros/foxy/lib/x86_64-linux-gnu:/opt/ros/foxy/lib PYTHONPATH=/home/chaung/f_ws/install/rtabmap_msgs/lib/python3.8/site-packages:/home/chaung/f_ws/install/rtabmap_python/lib/python3.8/site-packages:/home/chaung/f_ws/install/dynamixel_sdk_custom_interfaces/lib/python3.8/site-packages:/home/chaung/f_ws/install/bno055/lib/python3.8/site-packages:/opt/ros/foxy/lib/python3.8/site-packages /usr/bin/cmake --install /home/chaung/f_ws/build/rtabmap_sync
