[ 66%] Built target scan_dilute
[ 66%] Built target transform
[100%] Built target slam_gmapping
-- Install configuration: ""
-- Installing: /home/chaung/f_ws/install/slam_gmapping/lib/slam_gmapping/slam_gmapping
-- Set runtime path of "/home/chaung/f_ws/install/slam_gmapping/lib/slam_gmapping/slam_gmapping" to ""
-- Installing: /home/chaung/f_ws/install/slam_gmapping/lib/slam_gmapping/transform
-- Set runtime path of "/home/chaung/f_ws/install/slam_gmapping/lib/slam_gmapping/transform" to ""
-- Installing: /home/chaung/f_ws/install/slam_gmapping/lib/slam_gmapping/scan_dilute
-- Set runtime path of "/home/chaung/f_ws/install/slam_gmapping/lib/slam_gmapping/scan_dilute" to ""
-- Installing: /home/chaung/f_ws/install/slam_gmapping/share/slam_gmapping/launch
-- Installing: /home/chaung/f_ws/install/slam_gmapping/share/slam_gmapping/launch/slam_gmapping.launch.py
-- Installing: /home/chaung/f_ws/install/slam_gmapping/share/ament_index/resource_index/package_run_dependencies/slam_gmapping
-- Installing: /home/chaung/f_ws/install/slam_gmapping/share/ament_index/resource_index/parent_prefix_path/slam_gmapping
-- Installing: /home/chaung/f_ws/install/slam_gmapping/share/slam_gmapping/environment/ament_prefix_path.sh
-- Installing: /home/chaung/f_ws/install/slam_gmapping/share/slam_gmapping/environment/ament_prefix_path.dsv
-- Installing: /home/chaung/f_ws/install/slam_gmapping/share/slam_gmapping/environment/path.sh
-- Installing: /home/chaung/f_ws/install/slam_gmapping/share/slam_gmapping/environment/path.dsv
-- Installing: /home/chaung/f_ws/install/slam_gmapping/share/slam_gmapping/local_setup.bash
-- Installing: /home/chaung/f_ws/install/slam_gmapping/share/slam_gmapping/local_setup.sh
-- Installing: /home/chaung/f_ws/install/slam_gmapping/share/slam_gmapping/local_setup.zsh
-- Installing: /home/chaung/f_ws/install/slam_gmapping/share/slam_gmapping/local_setup.dsv
-- Installing: /home/chaung/f_ws/install/slam_gmapping/share/slam_gmapping/package.dsv
-- Installing: /home/chaung/f_ws/install/slam_gmapping/share/ament_index/resource_index/packages/slam_gmapping
-- Installing: /home/chaung/f_ws/install/slam_gmapping/share/slam_gmapping/cmake/slam_gmappingConfig.cmake
-- Installing: /home/chaung/f_ws/install/slam_gmapping/share/slam_gmapping/cmake/slam_gmappingConfig-version.cmake
-- Installing: /home/chaung/f_ws/install/slam_gmapping/share/slam_gmapping/package.xml
