[0.021s] Invoking command in '/home/chaung/f_ws/build/slam_gmapping': CMAKE_PREFIX_PATH=${CMAKE_PREFIX_PATH}:/home/chaung/f_ws/install/bno055:/home/chaung/half/install/slam_gmapping:/home/chaung/half/install/bno055:/opt/ros/foxy /usr/bin/cmake --build /home/chaung/f_ws/build/slam_gmapping -- -j12 -l12
[0.088s] [ 66%] Built target scan_dilute
[0.088s] [ 66%] Built target transform
[0.090s] [100%] Built target slam_gmapping
[0.100s] Invoked command in '/home/chaung/f_ws/build/slam_gmapping' returned '0': CMAKE_PREFIX_PATH=${CMAKE_PREFIX_PATH}:/home/chaung/f_ws/install/bno055:/home/chaung/half/install/slam_gmapping:/home/chaung/half/install/bno055:/opt/ros/foxy /usr/bin/cmake --build /home/chaung/f_ws/build/slam_gmapping -- -j12 -l12
[0.128s] Invoking command in '/home/chaung/f_ws/build/slam_gmapping': CMAKE_PREFIX_PATH=${CMAKE_PREFIX_PATH}:/home/chaung/f_ws/install/bno055:/home/chaung/half/install/slam_gmapping:/home/chaung/half/install/bno055:/opt/ros/foxy /usr/bin/cmake --install /home/chaung/f_ws/build/slam_gmapping
[0.133s] -- Install configuration: ""
[0.133s] -- Installing: /home/chaung/f_ws/install/slam_gmapping/lib/slam_gmapping/slam_gmapping
[0.136s] -- Set runtime path of "/home/chaung/f_ws/install/slam_gmapping/lib/slam_gmapping/slam_gmapping" to ""
[0.136s] -- Installing: /home/chaung/f_ws/install/slam_gmapping/lib/slam_gmapping/transform
[0.136s] -- Set runtime path of "/home/chaung/f_ws/install/slam_gmapping/lib/slam_gmapping/transform" to ""
[0.137s] -- Installing: /home/chaung/f_ws/install/slam_gmapping/lib/slam_gmapping/scan_dilute
[0.138s] -- Set runtime path of "/home/chaung/f_ws/install/slam_gmapping/lib/slam_gmapping/scan_dilute" to ""
[0.138s] -- Installing: /home/chaung/f_ws/install/slam_gmapping/share/slam_gmapping/launch
[0.138s] -- Installing: /home/chaung/f_ws/install/slam_gmapping/share/slam_gmapping/launch/slam_gmapping.launch.py
[0.138s] -- Installing: /home/chaung/f_ws/install/slam_gmapping/share/ament_index/resource_index/package_run_dependencies/slam_gmapping
[0.138s] -- Installing: /home/chaung/f_ws/install/slam_gmapping/share/ament_index/resource_index/parent_prefix_path/slam_gmapping
[0.138s] -- Installing: /home/chaung/f_ws/install/slam_gmapping/share/slam_gmapping/environment/ament_prefix_path.sh
[0.138s] -- Installing: /home/chaung/f_ws/install/slam_gmapping/share/slam_gmapping/environment/ament_prefix_path.dsv
[0.138s] -- Installing: /home/chaung/f_ws/install/slam_gmapping/share/slam_gmapping/environment/path.sh
[0.139s] -- Installing: /home/chaung/f_ws/install/slam_gmapping/share/slam_gmapping/environment/path.dsv
[0.139s] -- Installing: /home/chaung/f_ws/install/slam_gmapping/share/slam_gmapping/local_setup.bash
[0.139s] -- Installing: /home/chaung/f_ws/install/slam_gmapping/share/slam_gmapping/local_setup.sh
[0.139s] -- Installing: /home/chaung/f_ws/install/slam_gmapping/share/slam_gmapping/local_setup.zsh
[0.139s] -- Installing: /home/chaung/f_ws/install/slam_gmapping/share/slam_gmapping/local_setup.dsv
[0.139s] -- Installing: /home/chaung/f_ws/install/slam_gmapping/share/slam_gmapping/package.dsv
[0.139s] -- Installing: /home/chaung/f_ws/install/slam_gmapping/share/ament_index/resource_index/packages/slam_gmapping
[0.139s] -- Installing: /home/chaung/f_ws/install/slam_gmapping/share/slam_gmapping/cmake/slam_gmappingConfig.cmake
[0.139s] -- Installing: /home/chaung/f_ws/install/slam_gmapping/share/slam_gmapping/cmake/slam_gmappingConfig-version.cmake
[0.139s] -- Installing: /home/chaung/f_ws/install/slam_gmapping/share/slam_gmapping/package.xml
[0.143s] Invoked command in '/home/chaung/f_ws/build/slam_gmapping' returned '0': CMAKE_PREFIX_PATH=${CMAKE_PREFIX_PATH}:/home/chaung/f_ws/install/bno055:/home/chaung/half/install/slam_gmapping:/home/chaung/half/install/bno055:/opt/ros/foxy /usr/bin/cmake --install /home/chaung/f_ws/build/slam_gmapping
