[0.423s] Invoking command in '/home/chaung/f_ws/build/sllidar_ros2': CMAKE_PREFIX_PATH=/opt/ros/foxy /usr/bin/cmake /home/chaung/f_ws/src/sllidar_ros2 -DCMAKE_INSTALL_PREFIX=/home/chaung/f_ws/install/sllidar_ros2
[0.446s] -- Found ament_cmake: 0.9.11 (/opt/ros/foxy/share/ament_cmake/cmake)
[0.472s] -- Using PYTHON_EXECUTABLE: /usr/bin/python3
[0.683s] -- Override CMake install command with custom implementation using symlinks instead of copying resources
[0.691s] -- Found rclcpp: 2.4.2 (/opt/ros/foxy/share/rclcpp/cmake)
[0.732s] -- Using all available rosidl_typesupport_c: rosidl_typesupport_fastrtps_c;rosidl_typesupport_introspection_c
[0.737s] -- Found rosidl_adapter: 1.3.0 (/opt/ros/foxy/share/rosidl_adapter/cmake)
[0.881s] -- Using all available rosidl_typesupport_cpp: rosidl_typesupport_fastrtps_cpp;rosidl_typesupport_introspection_cpp
[0.946s] -- Found rmw_implementation_cmake: 1.0.4 (/opt/ros/foxy/share/rmw_implementation_cmake/cmake)
[0.947s] -- Using RMW implementation 'rmw_fastrtps_cpp' as default
[1.070s] -- Found sensor_msgs: 2.0.5 (/opt/ros/foxy/share/sensor_msgs/cmake)
[1.178s] -- Found std_srvs: 2.0.5 (/opt/ros/foxy/share/std_srvs/cmake)
[1.236s] -- Configuring done
[1.252s] -- Generating done
[1.255s] -- Build files have been written to: /home/chaung/f_ws/build/sllidar_ros2
[1.265s] Invoked command in '/home/chaung/f_ws/build/sllidar_ros2' returned '0': CMAKE_PREFIX_PATH=/opt/ros/foxy /usr/bin/cmake /home/chaung/f_ws/src/sllidar_ros2 -DCMAKE_INSTALL_PREFIX=/home/chaung/f_ws/install/sllidar_ros2
[1.268s] Invoking command in '/home/chaung/f_ws/build/sllidar_ros2': CMAKE_PREFIX_PATH=/opt/ros/foxy /usr/bin/cmake --build /home/chaung/f_ws/build/sllidar_ros2 -- -j12 -l12
[1.313s] [ 35%] Built target sllidar_client
[1.313s] [100%] Built target sllidar_node
[1.322s] Invoked command in '/home/chaung/f_ws/build/sllidar_ros2' returned '0': CMAKE_PREFIX_PATH=/opt/ros/foxy /usr/bin/cmake --build /home/chaung/f_ws/build/sllidar_ros2 -- -j12 -l12
[1.351s] Invoking command in '/home/chaung/f_ws/build/sllidar_ros2': CMAKE_PREFIX_PATH=/opt/ros/foxy /usr/bin/cmake --install /home/chaung/f_ws/build/sllidar_ros2
[1.358s] -- Install configuration: ""
[1.359s] -- Execute custom install script
[1.359s] -- Up-to-date symlink: /home/chaung/f_ws/install/sllidar_ros2/share/sllidar_ros2/launch/gmapping_launch.py
[1.359s] -- Up-to-date symlink: /home/chaung/f_ws/install/sllidar_ros2/share/sllidar_ros2/launch/gmapping_s2_launch.py
[1.359s] -- Up-to-date symlink: /home/chaung/f_ws/install/sllidar_ros2/share/sllidar_ros2/launch/sllidar_a3_launch.py
[1.359s] -- Up-to-date symlink: /home/chaung/f_ws/install/sllidar_ros2/share/sllidar_ros2/launch/sllidar_launch.py
[1.359s] -- Up-to-date symlink: /home/chaung/f_ws/install/sllidar_ros2/share/sllidar_ros2/launch/sllidar_s1_launch.py
[1.360s] -- Up-to-date symlink: /home/chaung/f_ws/install/sllidar_ros2/share/sllidar_ros2/launch/sllidar_s1_tcp_launch.py
[1.360s] -- Up-to-date symlink: /home/chaung/f_ws/install/sllidar_ros2/share/sllidar_ros2/launch/sllidar_s2_launch.py
[1.360s] -- Up-to-date symlink: /home/chaung/f_ws/install/sllidar_ros2/share/sllidar_ros2/launch/sllidar_t1_launch.py
[1.360s] -- Up-to-date symlink: /home/chaung/f_ws/install/sllidar_ros2/share/sllidar_ros2/launch/view_sllidar_a3_launch.py
[1.360s] -- Up-to-date symlink: /home/chaung/f_ws/install/sllidar_ros2/share/sllidar_ros2/launch/view_sllidar_launch.py
[1.360s] -- Up-to-date symlink: /home/chaung/f_ws/install/sllidar_ros2/share/sllidar_ros2/launch/view_sllidar_s1_launch.py
[1.360s] -- Up-to-date symlink: /home/chaung/f_ws/install/sllidar_ros2/share/sllidar_ros2/launch/view_sllidar_s1_tcp_launch.py
[1.360s] -- Up-to-date symlink: /home/chaung/f_ws/install/sllidar_ros2/share/sllidar_ros2/launch/view_sllidar_s2_launch.py
[1.360s] -- Up-to-date symlink: /home/chaung/f_ws/install/sllidar_ros2/share/sllidar_ros2/launch/view_sllidar_t1_launch.py
[1.361s] -- Up-to-date symlink: /home/chaung/f_ws/install/sllidar_ros2/share/sllidar_ros2/rviz/sllidar_gmapping_ros2.rviz
[1.361s] -- Up-to-date symlink: /home/chaung/f_ws/install/sllidar_ros2/share/sllidar_ros2/rviz/sllidar_ros2.rviz
[1.361s] -- Up-to-date symlink: /home/chaung/f_ws/install/sllidar_ros2/lib/sllidar_ros2/sllidar_node
[1.361s] -- Up-to-date symlink: /home/chaung/f_ws/install/sllidar_ros2/lib/sllidar_ros2/sllidar_client
[1.361s] -- Up-to-date symlink: /home/chaung/f_ws/install/sllidar_ros2/share/ament_index/resource_index/package_run_dependencies/sllidar_ros2
[1.361s] -- Up-to-date symlink: /home/chaung/f_ws/install/sllidar_ros2/share/ament_index/resource_index/parent_prefix_path/sllidar_ros2
[1.362s] -- Up-to-date symlink: /home/chaung/f_ws/install/sllidar_ros2/share/sllidar_ros2/environment/ament_prefix_path.sh
[1.362s] -- Up-to-date symlink: /home/chaung/f_ws/install/sllidar_ros2/share/sllidar_ros2/environment/ament_prefix_path.dsv
[1.362s] -- Up-to-date symlink: /home/chaung/f_ws/install/sllidar_ros2/share/sllidar_ros2/environment/path.sh
[1.362s] -- Up-to-date symlink: /home/chaung/f_ws/install/sllidar_ros2/share/sllidar_ros2/environment/path.dsv
[1.362s] -- Up-to-date symlink: /home/chaung/f_ws/install/sllidar_ros2/share/sllidar_ros2/local_setup.bash
[1.363s] -- Up-to-date symlink: /home/chaung/f_ws/install/sllidar_ros2/share/sllidar_ros2/local_setup.sh
[1.363s] -- Up-to-date symlink: /home/chaung/f_ws/install/sllidar_ros2/share/sllidar_ros2/local_setup.zsh
[1.363s] -- Up-to-date symlink: /home/chaung/f_ws/install/sllidar_ros2/share/sllidar_ros2/local_setup.dsv
[1.363s] -- Symlinking: /home/chaung/f_ws/install/sllidar_ros2/share/sllidar_ros2/package.dsv
[1.370s] -- Up-to-date symlink: /home/chaung/f_ws/install/sllidar_ros2/share/ament_index/resource_index/packages/sllidar_ros2
[1.370s] -- Up-to-date symlink: /home/chaung/f_ws/install/sllidar_ros2/share/sllidar_ros2/cmake/ament_cmake_export_dependencies-extras.cmake
[1.370s] -- Up-to-date symlink: /home/chaung/f_ws/install/sllidar_ros2/share/sllidar_ros2/cmake/ament_cmake_export_include_directories-extras.cmake
[1.370s] -- Up-to-date symlink: /home/chaung/f_ws/install/sllidar_ros2/share/sllidar_ros2/cmake/sllidar_ros2Config.cmake
[1.370s] -- Up-to-date symlink: /home/chaung/f_ws/install/sllidar_ros2/share/sllidar_ros2/cmake/sllidar_ros2Config-version.cmake
[1.370s] -- Up-to-date symlink: /home/chaung/f_ws/install/sllidar_ros2/share/sllidar_ros2/package.xml
[1.374s] Invoked command in '/home/chaung/f_ws/build/sllidar_ros2' returned '0': CMAKE_PREFIX_PATH=/opt/ros/foxy /usr/bin/cmake --install /home/chaung/f_ws/build/sllidar_ros2
