-- Found ament_cmake: 0.9.11 (/opt/ros/foxy/share/ament_cmake/cmake)
-- Using PYTHON_EXECUTABLE: /usr/bin/python3
-- Found installed version of Eigen: /usr/lib/cmake/eigen3
-- Found required Ceres dependency: Eigen version 3.3.7 in /usr/include/eigen3
-- Found required Ceres dependency: glog
-- Found installed version of gflags: /usr/lib/x86_64-linux-gnu/cmake/gflags
-- Detected gflags version: 2.2.2
-- Found required Ceres dependency: gflags
-- Found Ceres version: 1.14.0 installed in: /usr with components: [EigenSparse, SparseLinearAlgebraLibrary, LAPACK, SuiteSparse, CXSparse, SchurSpecializations, OpenMP, Multithreading]
-- Build type: Release
-- Found cartographer_ros_msgs: 1.0.9003 (/home/chaung/f_ws/install/cartographer_ros_msgs/share/cartographer_ros_msgs/cmake)
-- Using all available rosidl_typesupport_c: rosidl_typesupport_fastrtps_c;rosidl_typesupport_introspection_c
-- Found rosidl_adapter: 1.3.0 (/opt/ros/foxy/share/rosidl_adapter/cmake)
-- Using all available rosidl_typesupport_cpp: rosidl_typesupport_fastrtps_cpp;rosidl_typesupport_introspection_cpp
-- Found nav_msgs: 2.0.5 (/opt/ros/foxy/share/nav_msgs/cmake)
-- Found pcl_conversions: 2.2.1 (/opt/ros/foxy/share/pcl_conversions/cmake)
-- Found rmw_implementation_cmake: 1.0.4 (/opt/ros/foxy/share/rmw_implementation_cmake/cmake)
-- Using RMW implementation 'rmw_fastrtps_cpp' as default
-- Found tf2: 0.13.14 (/opt/ros/foxy/share/tf2/cmake)
-- Found tf2_ros: 0.13.14 (/opt/ros/foxy/share/tf2_ros/cmake)
-- Found tf2_eigen: 0.13.14 (/opt/ros/foxy/share/tf2_eigen/cmake)
-- Found visualization_msgs: 2.0.5 (/opt/ros/foxy/share/visualization_msgs/cmake)
-- Eigen found (include: /usr/include/eigen3, version: 3.3.7)
-- looking for PCL_COMMON
-- Configuring done
-- Generating done
-- Build files have been written to: /home/chaung/f_ws/build/cartographer_ros
[  0%] Built target cartographer_ros_detect_changes
[ 68%] Built target cartographer_ros
[ 78%] Built target pbstream_to_ros_map_node
[ 89%] Built target occupancy_grid_node
[100%] Built target cartographer_node
-- Install configuration: "Release"
-- Up-to-date: /home/chaung/f_ws/install/cartographer_ros/share/cartographer_ros//configuration_files
-- Up-to-date: /home/chaung/f_ws/install/cartographer_ros/share/cartographer_ros//configuration_files/backpack_3d_localization.lua
-- Up-to-date: /home/chaung/f_ws/install/cartographer_ros/share/cartographer_ros//configuration_files/assets_writer_backpack_2d_ci.lua
-- Up-to-date: /home/chaung/f_ws/install/cartographer_ros/share/cartographer_ros//configuration_files/assets_writer_backpack_2d.lua
-- Up-to-date: /home/chaung/f_ws/install/cartographer_ros/share/cartographer_ros//configuration_files/assets_writer_backpack_3d.lua
-- Up-to-date: /home/chaung/f_ws/install/cartographer_ros/share/cartographer_ros//configuration_files/revo_lds.lua
-- Up-to-date: /home/chaung/f_ws/install/cartographer_ros/share/cartographer_ros//configuration_files/demo_2d.rviz
-- Up-to-date: /home/chaung/f_ws/install/cartographer_ros/share/cartographer_ros//configuration_files/visualize_pbstream.lua
-- Up-to-date: /home/chaung/f_ws/install/cartographer_ros/share/cartographer_ros//configuration_files/backpack_3d.lua
-- Up-to-date: /home/chaung/f_ws/install/cartographer_ros/share/cartographer_ros//configuration_files/demo_3d.rviz
-- Up-to-date: /home/chaung/f_ws/install/cartographer_ros/share/cartographer_ros//configuration_files/assets_writer_ros_map.lua
-- Up-to-date: /home/chaung/f_ws/install/cartographer_ros/share/cartographer_ros//configuration_files/transform.lua
-- Up-to-date: /home/chaung/f_ws/install/cartographer_ros/share/cartographer_ros//configuration_files/backpack_2d_localization.lua
-- Up-to-date: /home/chaung/f_ws/install/cartographer_ros/share/cartographer_ros//configuration_files/backpack_2d_localization_evaluation.lua
-- Up-to-date: /home/chaung/f_ws/install/cartographer_ros/share/cartographer_ros//configuration_files/taurob_tracker.lua
-- Up-to-date: /home/chaung/f_ws/install/cartographer_ros/share/cartographer_ros//configuration_files/backpack_2d_server.lua
-- Up-to-date: /home/chaung/f_ws/install/cartographer_ros/share/cartographer_ros//configuration_files/backpack_2d.lua
-- Up-to-date: /home/chaung/f_ws/install/cartographer_ros/share/cartographer_ros//configuration_files/turtlebot3_lds_2d.lua
-- Up-to-date: /home/chaung/f_ws/install/cartographer_ros/share/cartographer_ros//configuration_files/pr2.lua
-- Installing: /home/chaung/f_ws/install/cartographer_ros/share/cartographer_ros//launch
-- Installing: /home/chaung/f_ws/install/cartographer_ros/share/cartographer_ros//launch/occupancy_grid.launch.py
-- Installing: /home/chaung/f_ws/install/cartographer_ros/share/cartographer_ros//launch/demo_backpack_3d_localization.launch
-- Installing: /home/chaung/f_ws/install/cartographer_ros/share/cartographer_ros//launch/backpack_3d.launch
-- Installing: /home/chaung/f_ws/install/cartographer_ros/share/cartographer_ros//launch/demo_backpack_3d.launch
-- Installing: /home/chaung/f_ws/install/cartographer_ros/share/cartographer_ros//launch/demo_backpack_2d_localization.launch
-- Installing: /home/chaung/f_ws/install/cartographer_ros/share/cartographer_ros//launch/visualize_pbstream.launch
-- Installing: /home/chaung/f_ws/install/cartographer_ros/share/cartographer_ros//launch/assets_writer_ros_map.launch
-- Installing: /home/chaung/f_ws/install/cartographer_ros/share/cartographer_ros//launch/assets_writer_backpack_3d.launch
-- Installing: /home/chaung/f_ws/install/cartographer_ros/share/cartographer_ros//launch/demo_taurob_tracker.launch
-- Installing: /home/chaung/f_ws/install/cartographer_ros/share/cartographer_ros//launch/offline_backpack_3d.launch
-- Installing: /home/chaung/f_ws/install/cartographer_ros/share/cartographer_ros//launch/backpack_2d.launch
-- Installing: /home/chaung/f_ws/install/cartographer_ros/share/cartographer_ros//launch/demo_backpack_2d.launch
-- Installing: /home/chaung/f_ws/install/cartographer_ros/share/cartographer_ros//launch/grpc_demo_backpack_2d_localization.launch
-- Installing: /home/chaung/f_ws/install/cartographer_ros/share/cartographer_ros//launch/demo_revo_lds.launch
-- Installing: /home/chaung/f_ws/install/cartographer_ros/share/cartographer_ros//launch/taurob_tracker.launch
-- Installing: /home/chaung/f_ws/install/cartographer_ros/share/cartographer_ros//launch/grpc_demo_backpack_2d.launch
-- Installing: /home/chaung/f_ws/install/cartographer_ros/share/cartographer_ros//launch/cartographer.launch.py
-- Installing: /home/chaung/f_ws/install/cartographer_ros/share/cartographer_ros//launch/offline_backpack_2d.launch
-- Installing: /home/chaung/f_ws/install/cartographer_ros/share/cartographer_ros//launch/assets_writer_backpack_2d.launch
-- Installing: /home/chaung/f_ws/install/cartographer_ros/share/cartographer_ros//launch/demo_pr2.launch
-- Installing: /home/chaung/f_ws/install/cartographer_ros/lib/cartographer_ros/cartographer.launch.py
-- Up-to-date: /home/chaung/f_ws/install/cartographer_ros/lib/libcartographer_ros.a
-- Up-to-date: /home/chaung/f_ws/install/cartographer_ros/share/ament_index/resource_index/package_run_dependencies/cartographer_ros
-- Installing: /home/chaung/f_ws/install/cartographer_ros/share/ament_index/resource_index/parent_prefix_path/cartographer_ros
-- Up-to-date: /home/chaung/f_ws/install/cartographer_ros/share/cartographer_ros/environment/ament_prefix_path.sh
-- Installing: /home/chaung/f_ws/install/cartographer_ros/share/cartographer_ros/environment/ament_prefix_path.dsv
-- Up-to-date: /home/chaung/f_ws/install/cartographer_ros/share/cartographer_ros/environment/path.sh
-- Installing: /home/chaung/f_ws/install/cartographer_ros/share/cartographer_ros/environment/path.dsv
-- Up-to-date: /home/chaung/f_ws/install/cartographer_ros/share/cartographer_ros/local_setup.bash
-- Up-to-date: /home/chaung/f_ws/install/cartographer_ros/share/cartographer_ros/local_setup.sh
-- Up-to-date: /home/chaung/f_ws/install/cartographer_ros/share/cartographer_ros/local_setup.zsh
-- Installing: /home/chaung/f_ws/install/cartographer_ros/share/cartographer_ros/local_setup.dsv
-- Installing: /home/chaung/f_ws/install/cartographer_ros/share/cartographer_ros/package.dsv
-- Up-to-date: /home/chaung/f_ws/install/cartographer_ros/share/ament_index/resource_index/packages/cartographer_ros
-- Up-to-date: /home/chaung/f_ws/install/cartographer_ros/share/cartographer_ros/cmake/cartographer_rosConfig.cmake
-- Up-to-date: /home/chaung/f_ws/install/cartographer_ros/share/cartographer_ros/cmake/cartographer_rosConfig-version.cmake
-- Up-to-date: /home/chaung/f_ws/install/cartographer_ros/share/cartographer_ros/package.xml
-- Up-to-date: /home/chaung/f_ws/install/cartographer_ros/lib/cartographer_ros/cartographer_node
-- Up-to-date: /home/chaung/f_ws/install/cartographer_ros/lib/cartographer_ros/occupancy_grid_node
-- Up-to-date: /home/chaung/f_ws/install/cartographer_ros/lib/cartographer_ros/pbstream_to_ros_map_node
