[0.012s] Invoking command in '/home/chaung/f_ws/build/cartographer_ros': AMENT_PREFIX_PATH=/home/chaung/f_ws/install/cartographer_ros_msgs:${AMENT_PREFIX_PATH} CMAKE_PREFIX_PATH=/home/chaung/f_ws/install/cartographer_ros_msgs:/home/chaung/f_ws/install/cartographer:/home/chaung/half/install/cartographer_ros_msgs:/home/chaung/half/install/v_bot_control:/home/chaung/half/install/sllidar_ros2:/home/chaung/half/install/openslam_gmapping:/home/chaung/half/install/nav_2d_msgs:/home/chaung/half/install/nav2_common:/home/chaung/half/install/cartographer_ros:/home/chaung/half/install/cartographer:/home/chaung/half/install/slam_gmapping:/home/chaung/half/install/bno055:/opt/ros/foxy LD_LIBRARY_PATH=/home/chaung/f_ws/install/cartographer_ros_msgs/lib:${LD_LIBRARY_PATH} PATH=/home/chaung/f_ws/install/cartographer/bin:${PATH} PKG_CONFIG_PATH=/home/chaung/f_ws/install/cartographer/lib/x86_64-linux-gnu/pkgconfig:/home/chaung/f_ws/install/cartographer/lib/pkgconfig:${PKG_CONFIG_PATH} PYTHONPATH=/home/chaung/f_ws/install/cartographer_ros_msgs/lib/python3.8/site-packages:${PYTHONPATH} /usr/bin/cmake /home/chaung/f_ws/src/cartographer_ros/cartographer_ros -DCMAKE_INSTALL_PREFIX=/home/chaung/f_ws/install/cartographer_ros
[0.052s] -- The C compiler identification is GNU 9.4.0
[0.091s] -- The CXX compiler identification is GNU 9.4.0
[0.095s] -- Check for working C compiler: /usr/bin/cc
[0.145s] -- Check for working C compiler: /usr/bin/cc -- works
[0.146s] -- Detecting C compiler ABI info
[0.197s] -- Detecting C compiler ABI info - done
[0.212s] -- Detecting C compile features
[0.213s] -- Detecting C compile features - done
[0.216s] -- Check for working CXX compiler: /usr/bin/c++
[0.278s] -- Check for working CXX compiler: /usr/bin/c++ -- works
[0.279s] -- Detecting CXX compiler ABI info
[0.339s] -- Detecting CXX compiler ABI info - done
[0.355s] -- Detecting CXX compile features
[0.355s] -- Detecting CXX compile features - done
[0.359s] -- Found ament_cmake: 0.9.11 (/opt/ros/foxy/share/ament_cmake/cmake)
[0.383s] -- Found PythonInterp: /usr/bin/python3 (found suitable version "3.8.10", minimum required is "3") 
[0.383s] -- Using PYTHON_EXECUTABLE: /usr/bin/python3
[0.557s] -- Found installed version of Eigen: /usr/lib/cmake/eigen3
[0.558s] -- Found required Ceres dependency: Eigen version 3.3.7 in /usr/include/eigen3
[0.568s] -- Found required Ceres dependency: glog
[0.570s] -- Found installed version of gflags: /usr/lib/x86_64-linux-gnu/cmake/gflags
[0.570s] -- Detected gflags version: 2.2.2
[0.572s] -- Found required Ceres dependency: gflags
[0.573s] -- Found Ceres version: 1.14.0 installed in: /usr with components: [EigenSparse, SparseLinearAlgebraLibrary, LAPACK, SuiteSparse, CXSparse, SchurSpecializations, OpenMP, Multithreading]
[0.574s] -- Build type: Release
[0.578s] 檔案 /home/chaung/f_ws/build/cartographer_ros/AllFiles.cmake 與 - 不同
[0.581s] -- Found cartographer_ros_msgs: 1.0.9003 (/home/chaung/f_ws/install/cartographer_ros_msgs/share/cartographer_ros_msgs/cmake)
[0.609s] -- Using all available rosidl_typesupport_c: rosidl_typesupport_fastrtps_c;rosidl_typesupport_introspection_c
[0.615s] -- Found rosidl_adapter: 1.3.0 (/opt/ros/foxy/share/rosidl_adapter/cmake)
[0.681s] -- Found OpenSSL: /usr/lib/x86_64-linux-gnu/libcrypto.so (found version "1.1.1f")  
[0.718s] -- Found FastRTPS: /opt/ros/foxy/include  
[0.789s] -- Using all available rosidl_typesupport_cpp: rosidl_typesupport_fastrtps_cpp;rosidl_typesupport_introspection_cpp
[0.917s] -- Found nav_msgs: 2.0.5 (/opt/ros/foxy/share/nav_msgs/cmake)
[0.974s] -- Found pcl_conversions: 2.2.1 (/opt/ros/foxy/share/pcl_conversions/cmake)
[1.193s] -- Found rmw_implementation_cmake: 1.0.4 (/opt/ros/foxy/share/rmw_implementation_cmake/cmake)
[1.194s] -- Using RMW implementation 'rmw_fastrtps_cpp' as default
[1.195s] -- Looking for pthread.h
[1.252s] -- Looking for pthread.h - found
[1.252s] -- Performing Test CMAKE_HAVE_LIBC_PTHREAD
[1.302s] -- Performing Test CMAKE_HAVE_LIBC_PTHREAD - Failed
[1.302s] -- Looking for pthread_create in pthreads
[1.350s] -- Looking for pthread_create in pthreads - not found
[1.350s] -- Looking for pthread_create in pthread
[1.403s] -- Looking for pthread_create in pthread - found
[1.404s] -- Found Threads: TRUE  
[1.536s] -- Found tf2: 0.13.14 (/opt/ros/foxy/share/tf2/cmake)
[1.546s] -- Found tf2_ros: 0.13.14 (/opt/ros/foxy/share/tf2_ros/cmake)
[1.804s] -- Found tf2_eigen: 0.13.14 (/opt/ros/foxy/share/tf2_eigen/cmake)
[1.809s] -- Found visualization_msgs: 2.0.5 (/opt/ros/foxy/share/visualization_msgs/cmake)
[1.876s] -- Found Lua: /usr/lib/x86_64-linux-gnu/liblua5.2.so;/usr/lib/x86_64-linux-gnu/libm.so (found version "5.2.4") 
[1.885s] -- Checking for module 'eigen3'
[1.897s] --   Found eigen3, version 3.3.7
[1.922s] -- Found Eigen: /usr/include/eigen3 (Required is at least version "3.1") 
[1.922s] -- Eigen found (include: /usr/include/eigen3, version: 3.3.7)
[1.966s] -- Found Boost: /usr/include (found suitable version "1.71.0", minimum required is "1.55.0") found components: system filesystem date_time iostreams regex 
[1.967s] -- looking for PCL_COMMON
[1.968s] -- Found PCL_COMMON: /usr/lib/x86_64-linux-gnu/libpcl_common.so  
[1.968s] -- Found PCL: pcl_common;/usr/lib/x86_64-linux-gnu/libboost_system.so;/usr/lib/x86_64-linux-gnu/libboost_filesystem.so;/usr/lib/x86_64-linux-gnu/libboost_date_time.so;/usr/lib/x86_64-linux-gnu/libboost_iostreams.so;/usr/lib/x86_64-linux-gnu/libboost_regex.so  
[1.970s] -- Found Eigen3: TRUE (found version "3.3.7") 
[2.054s] -- Configuring done
[2.098s] -- Generating done
[2.099s] -- Build files have been written to: /home/chaung/f_ws/build/cartographer_ros
