[0.438s] Invoking command in '/home/chaung/f_ws/build/hls_lfcd_lds_driver': CMAKE_PREFIX_PATH=/home/chaung/f_ws/install/sllidar_ros2:/home/chaung/f_ws/install/slam_gmapping:/home/chaung/f_ws/install/rtabmap_ros:/home/chaung/f_ws/install/rtabmap_launch:/home/chaung/f_ws/install/rtabmap_examples:/home/chaung/f_ws/install/rtabmap_demos:/home/chaung/f_ws/install/rtabmap_viz:/home/chaung/f_ws/install/rtabmap_slam:/home/chaung/f_ws/install/rtabmap_odom:/home/chaung/f_ws/install/rtabmap_util:/home/chaung/f_ws/install/rtabmap_sync:/home/chaung/f_ws/install/rtabmap_rviz_plugins:/home/chaung/f_ws/install/rtabmap_conversions:/home/chaung/f_ws/install/rtabmap_python:/home/chaung/f_ws/install/bno055:/opt/ros/foxy:/home/chaung/f_ws/install/rtabmap_msgs:/home/chaung/f_ws/install/rtabmap:/home/chaung/f_ws/install/openslam_gmapping:/home/chaung/f_ws/install/hls_lfcd_lds_driver:/home/chaung/f_ws/install/dynamixel_sdk_examples:/home/chaung/f_ws/install/dynamixel_sdk_custom_interfaces:/home/chaung/f_ws/install/dynamixel_sdk /usr/bin/cmake /home/chaung/f_ws/src/utils/hls_lfcd_lds_driver -DAMENT_CMAKE_SYMLINK_INSTALL=1 -DCMAKE_INSTALL_PREFIX=/home/chaung/f_ws/install/hls_lfcd_lds_driver
[0.453s] -- Found ament_cmake: 0.9.11 (/opt/ros/foxy/share/ament_cmake/cmake)
[0.477s] -- Using PYTHON_EXECUTABLE: /usr/bin/python3
[0.682s] -- Override CMake install command with custom implementation using symlinks instead of copying resources
[0.693s] -- Found rclcpp: 2.4.2 (/opt/ros/foxy/share/rclcpp/cmake)
[0.759s] -- Using all available rosidl_typesupport_c: rosidl_typesupport_fastrtps_c;rosidl_typesupport_introspection_c
[0.774s] -- Found rosidl_adapter: 1.3.0 (/opt/ros/foxy/share/rosidl_adapter/cmake)
[0.900s] -- Using all available rosidl_typesupport_cpp: rosidl_typesupport_fastrtps_cpp;rosidl_typesupport_introspection_cpp
[0.971s] -- Found rmw_implementation_cmake: 1.0.4 (/opt/ros/foxy/share/rmw_implementation_cmake/cmake)
[0.975s] -- Using RMW implementation 'rmw_fastrtps_cpp' as default
[1.133s] -- Found sensor_msgs: 2.0.5 (/opt/ros/foxy/share/sensor_msgs/cmake)
[1.290s] -- Configuring done
[1.299s] -- Generating done
[1.300s] -- Build files have been written to: /home/chaung/f_ws/build/hls_lfcd_lds_driver
[1.305s] Invoked command in '/home/chaung/f_ws/build/hls_lfcd_lds_driver' returned '0': CMAKE_PREFIX_PATH=/home/chaung/f_ws/install/sllidar_ros2:/home/chaung/f_ws/install/slam_gmapping:/home/chaung/f_ws/install/rtabmap_ros:/home/chaung/f_ws/install/rtabmap_launch:/home/chaung/f_ws/install/rtabmap_examples:/home/chaung/f_ws/install/rtabmap_demos:/home/chaung/f_ws/install/rtabmap_viz:/home/chaung/f_ws/install/rtabmap_slam:/home/chaung/f_ws/install/rtabmap_odom:/home/chaung/f_ws/install/rtabmap_util:/home/chaung/f_ws/install/rtabmap_sync:/home/chaung/f_ws/install/rtabmap_rviz_plugins:/home/chaung/f_ws/install/rtabmap_conversions:/home/chaung/f_ws/install/rtabmap_python:/home/chaung/f_ws/install/bno055:/opt/ros/foxy:/home/chaung/f_ws/install/rtabmap_msgs:/home/chaung/f_ws/install/rtabmap:/home/chaung/f_ws/install/openslam_gmapping:/home/chaung/f_ws/install/hls_lfcd_lds_driver:/home/chaung/f_ws/install/dynamixel_sdk_examples:/home/chaung/f_ws/install/dynamixel_sdk_custom_interfaces:/home/chaung/f_ws/install/dynamixel_sdk /usr/bin/cmake /home/chaung/f_ws/src/utils/hls_lfcd_lds_driver -DAMENT_CMAKE_SYMLINK_INSTALL=1 -DCMAKE_INSTALL_PREFIX=/home/chaung/f_ws/install/hls_lfcd_lds_driver
[1.308s] Invoking command in '/home/chaung/f_ws/build/hls_lfcd_lds_driver': CMAKE_PREFIX_PATH=/home/chaung/f_ws/install/sllidar_ros2:/home/chaung/f_ws/install/slam_gmapping:/home/chaung/f_ws/install/rtabmap_ros:/home/chaung/f_ws/install/rtabmap_launch:/home/chaung/f_ws/install/rtabmap_examples:/home/chaung/f_ws/install/rtabmap_demos:/home/chaung/f_ws/install/rtabmap_viz:/home/chaung/f_ws/install/rtabmap_slam:/home/chaung/f_ws/install/rtabmap_odom:/home/chaung/f_ws/install/rtabmap_util:/home/chaung/f_ws/install/rtabmap_sync:/home/chaung/f_ws/install/rtabmap_rviz_plugins:/home/chaung/f_ws/install/rtabmap_conversions:/home/chaung/f_ws/install/rtabmap_python:/home/chaung/f_ws/install/bno055:/opt/ros/foxy:/home/chaung/f_ws/install/rtabmap_msgs:/home/chaung/f_ws/install/rtabmap:/home/chaung/f_ws/install/openslam_gmapping:/home/chaung/f_ws/install/hls_lfcd_lds_driver:/home/chaung/f_ws/install/dynamixel_sdk_examples:/home/chaung/f_ws/install/dynamixel_sdk_custom_interfaces:/home/chaung/f_ws/install/dynamixel_sdk /usr/bin/cmake --build /home/chaung/f_ws/build/hls_lfcd_lds_driver -- -j12 -l12
[1.357s] [100%] Built target hlds_laser_publisher
[1.367s] Invoked command in '/home/chaung/f_ws/build/hls_lfcd_lds_driver' returned '0': CMAKE_PREFIX_PATH=/home/chaung/f_ws/install/sllidar_ros2:/home/chaung/f_ws/install/slam_gmapping:/home/chaung/f_ws/install/rtabmap_ros:/home/chaung/f_ws/install/rtabmap_launch:/home/chaung/f_ws/install/rtabmap_examples:/home/chaung/f_ws/install/rtabmap_demos:/home/chaung/f_ws/install/rtabmap_viz:/home/chaung/f_ws/install/rtabmap_slam:/home/chaung/f_ws/install/rtabmap_odom:/home/chaung/f_ws/install/rtabmap_util:/home/chaung/f_ws/install/rtabmap_sync:/home/chaung/f_ws/install/rtabmap_rviz_plugins:/home/chaung/f_ws/install/rtabmap_conversions:/home/chaung/f_ws/install/rtabmap_python:/home/chaung/f_ws/install/bno055:/opt/ros/foxy:/home/chaung/f_ws/install/rtabmap_msgs:/home/chaung/f_ws/install/rtabmap:/home/chaung/f_ws/install/openslam_gmapping:/home/chaung/f_ws/install/hls_lfcd_lds_driver:/home/chaung/f_ws/install/dynamixel_sdk_examples:/home/chaung/f_ws/install/dynamixel_sdk_custom_interfaces:/home/chaung/f_ws/install/dynamixel_sdk /usr/bin/cmake --build /home/chaung/f_ws/build/hls_lfcd_lds_driver -- -j12 -l12
[1.392s] Invoking command in '/home/chaung/f_ws/build/hls_lfcd_lds_driver': CMAKE_PREFIX_PATH=/home/chaung/f_ws/install/sllidar_ros2:/home/chaung/f_ws/install/slam_gmapping:/home/chaung/f_ws/install/rtabmap_ros:/home/chaung/f_ws/install/rtabmap_launch:/home/chaung/f_ws/install/rtabmap_examples:/home/chaung/f_ws/install/rtabmap_demos:/home/chaung/f_ws/install/rtabmap_viz:/home/chaung/f_ws/install/rtabmap_slam:/home/chaung/f_ws/install/rtabmap_odom:/home/chaung/f_ws/install/rtabmap_util:/home/chaung/f_ws/install/rtabmap_sync:/home/chaung/f_ws/install/rtabmap_rviz_plugins:/home/chaung/f_ws/install/rtabmap_conversions:/home/chaung/f_ws/install/rtabmap_python:/home/chaung/f_ws/install/bno055:/opt/ros/foxy:/home/chaung/f_ws/install/rtabmap_msgs:/home/chaung/f_ws/install/rtabmap:/home/chaung/f_ws/install/openslam_gmapping:/home/chaung/f_ws/install/hls_lfcd_lds_driver:/home/chaung/f_ws/install/dynamixel_sdk_examples:/home/chaung/f_ws/install/dynamixel_sdk_custom_interfaces:/home/chaung/f_ws/install/dynamixel_sdk /usr/bin/cmake --install /home/chaung/f_ws/build/hls_lfcd_lds_driver
[1.401s] -- Install configuration: ""
[1.402s] -- Execute custom install script
[1.402s] -- Up-to-date symlink: /home/chaung/f_ws/install/hls_lfcd_lds_driver/share/hls_lfcd_lds_driver/launch/hlds_laser.launch.py
[1.402s] -- Up-to-date symlink: /home/chaung/f_ws/install/hls_lfcd_lds_driver/share/hls_lfcd_lds_driver/launch/view_hlds_laser.launch.py
[1.402s] -- Up-to-date symlink: /home/chaung/f_ws/install/hls_lfcd_lds_driver/share/hls_lfcd_lds_driver/rviz/hlds_laser.rviz
[1.402s] -- Up-to-date symlink: /home/chaung/f_ws/install/hls_lfcd_lds_driver/lib/hls_lfcd_lds_driver/hlds_laser_publisher
[1.402s] -- Up-to-date symlink: /home/chaung/f_ws/install/hls_lfcd_lds_driver/share/ament_index/resource_index/package_run_dependencies/hls_lfcd_lds_driver
[1.402s] -- Up-to-date symlink: /home/chaung/f_ws/install/hls_lfcd_lds_driver/share/ament_index/resource_index/parent_prefix_path/hls_lfcd_lds_driver
[1.402s] -- Up-to-date symlink: /home/chaung/f_ws/install/hls_lfcd_lds_driver/share/hls_lfcd_lds_driver/environment/ament_prefix_path.sh
[1.403s] -- Up-to-date symlink: /home/chaung/f_ws/install/hls_lfcd_lds_driver/share/hls_lfcd_lds_driver/environment/ament_prefix_path.dsv
[1.403s] -- Up-to-date symlink: /home/chaung/f_ws/install/hls_lfcd_lds_driver/share/hls_lfcd_lds_driver/environment/path.sh
[1.403s] -- Up-to-date symlink: /home/chaung/f_ws/install/hls_lfcd_lds_driver/share/hls_lfcd_lds_driver/environment/path.dsv
[1.403s] -- Up-to-date symlink: /home/chaung/f_ws/install/hls_lfcd_lds_driver/share/hls_lfcd_lds_driver/local_setup.bash
[1.403s] -- Up-to-date symlink: /home/chaung/f_ws/install/hls_lfcd_lds_driver/share/hls_lfcd_lds_driver/local_setup.sh
[1.404s] -- Up-to-date symlink: /home/chaung/f_ws/install/hls_lfcd_lds_driver/share/hls_lfcd_lds_driver/local_setup.zsh
[1.404s] -- Up-to-date symlink: /home/chaung/f_ws/install/hls_lfcd_lds_driver/share/hls_lfcd_lds_driver/local_setup.dsv
[1.404s] -- Symlinking: /home/chaung/f_ws/install/hls_lfcd_lds_driver/share/hls_lfcd_lds_driver/package.dsv
[1.412s] -- Up-to-date symlink: /home/chaung/f_ws/install/hls_lfcd_lds_driver/share/ament_index/resource_index/packages/hls_lfcd_lds_driver
[1.412s] -- Up-to-date symlink: /home/chaung/f_ws/install/hls_lfcd_lds_driver/share/hls_lfcd_lds_driver/cmake/ament_cmake_export_dependencies-extras.cmake
[1.412s] -- Up-to-date symlink: /home/chaung/f_ws/install/hls_lfcd_lds_driver/share/hls_lfcd_lds_driver/cmake/ament_cmake_export_include_directories-extras.cmake
[1.413s] -- Up-to-date symlink: /home/chaung/f_ws/install/hls_lfcd_lds_driver/share/hls_lfcd_lds_driver/cmake/hls_lfcd_lds_driverConfig.cmake
[1.413s] -- Up-to-date symlink: /home/chaung/f_ws/install/hls_lfcd_lds_driver/share/hls_lfcd_lds_driver/cmake/hls_lfcd_lds_driverConfig-version.cmake
[1.413s] -- Up-to-date symlink: /home/chaung/f_ws/install/hls_lfcd_lds_driver/share/hls_lfcd_lds_driver/package.xml
[1.419s] Invoked command in '/home/chaung/f_ws/build/hls_lfcd_lds_driver' returned '0': CMAKE_PREFIX_PATH=/home/chaung/f_ws/install/sllidar_ros2:/home/chaung/f_ws/install/slam_gmapping:/home/chaung/f_ws/install/rtabmap_ros:/home/chaung/f_ws/install/rtabmap_launch:/home/chaung/f_ws/install/rtabmap_examples:/home/chaung/f_ws/install/rtabmap_demos:/home/chaung/f_ws/install/rtabmap_viz:/home/chaung/f_ws/install/rtabmap_slam:/home/chaung/f_ws/install/rtabmap_odom:/home/chaung/f_ws/install/rtabmap_util:/home/chaung/f_ws/install/rtabmap_sync:/home/chaung/f_ws/install/rtabmap_rviz_plugins:/home/chaung/f_ws/install/rtabmap_conversions:/home/chaung/f_ws/install/rtabmap_python:/home/chaung/f_ws/install/bno055:/opt/ros/foxy:/home/chaung/f_ws/install/rtabmap_msgs:/home/chaung/f_ws/install/rtabmap:/home/chaung/f_ws/install/openslam_gmapping:/home/chaung/f_ws/install/hls_lfcd_lds_driver:/home/chaung/f_ws/install/dynamixel_sdk_examples:/home/chaung/f_ws/install/dynamixel_sdk_custom_interfaces:/home/chaung/f_ws/install/dynamixel_sdk /usr/bin/cmake --install /home/chaung/f_ws/build/hls_lfcd_lds_driver
