[0.016s] Invoking command in '/home/chaung/f_ws/build/rtabmap_util': AMENT_PREFIX_PATH=/home/chaung/f_ws/install/rtabmap_conversions:${AMENT_PREFIX_PATH} CMAKE_PREFIX_PATH=/home/chaung/f_ws/install/rtabmap_conversions:/opt/ros/foxy:/home/chaung/f_ws/install/rtabmap_msgs:/home/chaung/f_ws/install/rtabmap LD_LIBRARY_PATH=/home/chaung/f_ws/install/rtabmap_conversions/lib:/home/chaung/f_ws/install/rtabmap_msgs/lib:/home/chaung/f_ws/install/rtabmap/lib:${LD_LIBRARY_PATH} PATH=/home/chaung/f_ws/install/rtabmap/bin:${PATH} PKG_CONFIG_PATH=/home/chaung/f_ws/install/rtabmap_msgs/lib/x86_64-linux-gnu/pkgconfig:/home/chaung/f_ws/install/rtabmap_msgs/lib/pkgconfig:/home/chaung/f_ws/install/rtabmap/lib/x86_64-linux-gnu/pkgconfig:/home/chaung/f_ws/install/rtabmap/lib/pkgconfig PYTHONPATH=/home/chaung/f_ws/install/rtabmap_msgs/lib/python3.8/site-packages:${PYTHONPATH} ROS_PACKAGE_PATH=/home/chaung/f_ws/install/rtabmap_msgs/share /usr/bin/cmake /home/chaung/f_ws/src/rtabmap_ros/rtabmap_util -DAMENT_CMAKE_SYMLINK_INSTALL=1 -DCMAKE_INSTALL_PREFIX=/home/chaung/f_ws/install/rtabmap_util
[0.042s] -- Eigen found (include: /usr/include/eigen3, version: 3.3.7)
[0.054s] -- OpenNI found (include: /usr/include/ni, lib: /usr/lib/libOpenNI.so)
[0.059s] -- OpenNI2 found (include: /usr/include/openni2, lib: /usr/lib/libOpenNI2.so)
[0.059s] ** WARNING ** io features related to pcap will be disabled
[0.059s] ** WARNING ** io features related to png will be disabled
[0.100s] -- The imported target "vtkParseOGLExt" references the file
[0.100s]    "/usr/bin/vtkParseOGLExt-7.1"
[0.100s] but this file does not exist.  Possible reasons include:
[0.101s] * The file was deleted, renamed, or moved to another location.
[0.101s] * An install or uninstall procedure did not complete successfully.
[0.101s] * The installation package was faulty and contained
[0.101s]    "/usr/lib/cmake/vtk-7.1/VTKTargets.cmake"
[0.101s] but not all the files it references.
[0.101s] 
[0.101s] -- The imported target "vtkRenderingPythonTkWidgets" references the file
[0.101s]    "/usr/lib/x86_64-linux-gnu/libvtkRenderingPythonTkWidgets.so"
[0.101s] but this file does not exist.  Possible reasons include:
[0.101s] * The file was deleted, renamed, or moved to another location.
[0.101s] * An install or uninstall procedure did not complete successfully.
[0.101s] * The installation package was faulty and contained
[0.101s]    "/usr/lib/cmake/vtk-7.1/VTKTargets.cmake"
[0.101s] but not all the files it references.
[0.101s] 
[0.102s] -- The imported target "vtk" references the file
[0.102s]    "/usr/bin/vtk"
[0.102s] but this file does not exist.  Possible reasons include:
[0.102s] * The file was deleted, renamed, or moved to another location.
[0.102s] * An install or uninstall procedure did not complete successfully.
[0.102s] * The installation package was faulty and contained
[0.102s]    "/usr/lib/cmake/vtk-7.1/VTKTargets.cmake"
[0.102s] but not all the files it references.
[0.102s] 
[0.102s] -- The imported target "pvtk" references the file
[0.102s]    "/usr/bin/pvtk"
[0.102s] but this file does not exist.  Possible reasons include:
[0.102s] * The file was deleted, renamed, or moved to another location.
[0.102s] * An install or uninstall procedure did not complete successfully.
[0.102s] * The installation package was faulty and contained
[0.102s]    "/usr/lib/cmake/vtk-7.1/VTKTargets.cmake"
[0.102s] but not all the files it references.
[0.102s] 
[0.113s] ** WARNING ** io features related to libusb-1.0 will be disabled
[0.135s] -- QHULL found (include: /usr/include, lib: optimized;/usr/lib/x86_64-linux-gnu/libqhull.so;debug;/usr/lib/x86_64-linux-gnu/libqhull.so)
[0.158s] -- OpenNI found (include: /usr/include/ni, lib: /usr/lib/libOpenNI.so)
[0.162s] -- OpenNI2 found (include: /usr/include/openni2, lib: /usr/lib/libOpenNI2.so)
[0.172s] -- looking for PCL_COMMON
[0.172s] -- looking for PCL_OCTREE
[0.172s] -- looking for PCL_IO
[0.173s] -- looking for PCL_KDTREE
[0.173s] -- looking for PCL_SEARCH
[0.174s] -- looking for PCL_SURFACE
[0.174s] -- looking for PCL_FILTERS
[0.174s] -- looking for PCL_2D
[0.175s] -- looking for PCL_FEATURES
[0.175s] -- looking for PCL_REGISTRATION
[0.176s] -- looking for PCL_SAMPLE_CONSENSUS
[0.176s] -- looking for PCL_GEOMETRY
[0.176s] -- looking for PCL_ML
[0.177s] -- looking for PCL_SEGMENTATION
[0.177s] -- looking for PCL_VISUALIZATION
[0.188s] -- RTABMap=rtabmap::utilite;rtabmap::core;rtabmap::gui
[0.188s] -- Found ament_cmake: 0.9.11 (/opt/ros/foxy/share/ament_cmake/cmake)
[0.205s] -- Using PYTHON_EXECUTABLE: /usr/bin/python3
[0.334s] -- Override CMake install command with custom implementation using symlinks instead of copying resources
[0.340s] -- Found cv_bridge: 3.0.7 (/opt/ros/foxy/share/cv_bridge/cmake)
[0.352s] -- Using all available rosidl_typesupport_c: rosidl_typesupport_fastrtps_c;rosidl_typesupport_introspection_c
[0.354s] -- Found rosidl_adapter: 1.3.0 (/opt/ros/foxy/share/rosidl_adapter/cmake)
[0.440s] -- Using all available rosidl_typesupport_cpp: rosidl_typesupport_fastrtps_cpp;rosidl_typesupport_introspection_cpp
[0.569s] -- Found image_transport: 2.4.0 (/opt/ros/foxy/share/image_transport/cmake)
[0.598s] -- Found rmw_implementation_cmake: 1.0.4 (/opt/ros/foxy/share/rmw_implementation_cmake/cmake)
[0.599s] -- Using RMW implementation 'rmw_fastrtps_cpp' as default
[0.729s] -- Found rclcpp_components: 2.4.2 (/opt/ros/foxy/share/rclcpp_components/cmake)
[0.766s] -- Found stereo_msgs: 2.0.5 (/opt/ros/foxy/share/stereo_msgs/cmake)
[0.852s] -- Found nav_msgs: 2.0.5 (/opt/ros/foxy/share/nav_msgs/cmake)
[0.906s] -- Found tf2: 0.13.14 (/opt/ros/foxy/share/tf2/cmake)
[0.912s] -- Found tf2_ros: 0.13.14 (/opt/ros/foxy/share/tf2_ros/cmake)
[1.115s] -- Found laser_geometry: 2.2.0 (/opt/ros/foxy/share/laser_geometry/cmake)
[1.119s] -- Found pcl_conversions: 2.2.1 (/opt/ros/foxy/share/pcl_conversions/cmake)
[1.246s] -- Found pcl_ros: 2.2.1 (/opt/ros/foxy/share/pcl_ros/cmake)
[1.527s] -- Found rtabmap_msgs: 0.21.1 (/home/chaung/f_ws/install/rtabmap_msgs/share/rtabmap_msgs/cmake)
[1.642s] -- Found rtabmap_conversions: 0.21.1 (/home/chaung/f_ws/install/rtabmap_conversions/share/rtabmap_conversions/cmake)
[1.754s] -- rtabmap_conversions_TARGETS = rtabmap_conversions::rtabmap_conversions
[1.754s] -- Found octomap_msgs: 2.0.0 (/opt/ros/foxy/share/octomap_msgs/cmake)
[1.806s] -- WITH octomap_msgs
[2.550s] -- Configuring done
[2.581s] CMake Warning at CMakeLists.txt:117 (add_executable):
[2.581s]   Cannot generate a safe runtime search path for target rtabmap_rgbd_relay
[2.581s]   because files in some directories may conflict with libraries in implicit
[2.581s]   directories:
[2.581s] 
[2.581s]     runtime library [liboctomap.so.1.9] in /usr/lib/x86_64-linux-gnu may be hidden by files in:
[2.581s]       /opt/ros/foxy/lib
[2.581s]     runtime library [liboctomath.so.1.9] in /usr/lib/x86_64-linux-gnu may be hidden by files in:
[2.581s]       /opt/ros/foxy/lib
[2.582s] 
[2.582s]   Some of these libraries may not be found correctly.
[2.582s] 
[2.582s] 
[2.620s] CMake Warning at CMakeLists.txt:147 (add_executable):
[2.620s]   Cannot generate a safe runtime search path for target
[2.620s]   rtabmap_point_cloud_xyz because files in some directories may conflict with
[2.620s]   libraries in implicit directories:
[2.620s] 
[2.620s]     runtime library [liboctomap.so.1.9] in /usr/lib/x86_64-linux-gnu may be hidden by files in:
[2.620s]       /opt/ros/foxy/lib
[2.620s]     runtime library [liboctomath.so.1.9] in /usr/lib/x86_64-linux-gnu may be hidden by files in:
[2.620s]       /opt/ros/foxy/lib
[2.620s] 
[2.620s]   Some of these libraries may not be found correctly.
[2.620s] 
[2.620s] 
[2.659s] CMake Warning at CMakeLists.txt:152 (add_executable):
[2.659s]   Cannot generate a safe runtime search path for target
[2.659s]   rtabmap_point_cloud_xyzrgb because files in some directories may conflict
[2.659s]   with libraries in implicit directories:
[2.659s] 
[2.660s]     runtime library [liboctomap.so.1.9] in /usr/lib/x86_64-linux-gnu may be hidden by files in:
[2.660s]       /opt/ros/foxy/lib
[2.660s]     runtime library [liboctomath.so.1.9] in /usr/lib/x86_64-linux-gnu may be hidden by files in:
[2.660s]       /opt/ros/foxy/lib
[2.660s] 
[2.660s]   Some of these libraries may not be found correctly.
[2.660s] 
[2.660s] 
[2.697s] CMake Warning at CMakeLists.txt:122 (add_executable):
[2.697s]   Cannot generate a safe runtime search path for target rtabmap_rgbd_split
[2.697s]   because files in some directories may conflict with libraries in implicit
[2.697s]   directories:
[2.697s] 
[2.697s]     runtime library [liboctomap.so.1.9] in /usr/lib/x86_64-linux-gnu may be hidden by files in:
[2.697s]       /opt/ros/foxy/lib
[2.698s]     runtime library [liboctomath.so.1.9] in /usr/lib/x86_64-linux-gnu may be hidden by files in:
[2.698s]       /opt/ros/foxy/lib
[2.698s] 
[2.698s]   Some of these libraries may not be found correctly.
[2.698s] 
[2.698s] 
[2.735s] CMake Warning at CMakeLists.txt:172 (add_executable):
[2.735s]   Cannot generate a safe runtime search path for target
[2.736s]   rtabmap_obstacles_detection because files in some directories may conflict
[2.736s]   with libraries in implicit directories:
[2.736s] 
[2.736s]     runtime library [liboctomap.so.1.9] in /usr/lib/x86_64-linux-gnu may be hidden by files in:
[2.736s]       /opt/ros/foxy/lib
[2.736s]     runtime library [liboctomath.so.1.9] in /usr/lib/x86_64-linux-gnu may be hidden by files in:
[2.736s]       /opt/ros/foxy/lib
[2.736s] 
[2.736s]   Some of these libraries may not be found correctly.
[2.736s] 
[2.736s] 
[2.774s] CMake Warning at CMakeLists.txt:142 (add_executable):
[2.774s]   Cannot generate a safe runtime search path for target
[2.775s]   rtabmap_lidar_deskewing because files in some directories may conflict with
[2.775s]   libraries in implicit directories:
[2.775s] 
[2.775s]     runtime library [liboctomap.so.1.9] in /usr/lib/x86_64-linux-gnu may be hidden by files in:
[2.775s]       /opt/ros/foxy/lib
[2.775s]     runtime library [liboctomath.so.1.9] in /usr/lib/x86_64-linux-gnu may be hidden by files in:
[2.775s]       /opt/ros/foxy/lib
[2.775s] 
[2.775s]   Some of these libraries may not be found correctly.
[2.775s] 
[2.775s] 
[2.813s] CMake Warning at CMakeLists.txt:167 (add_executable):
[2.813s]   Cannot generate a safe runtime search path for target
[2.813s]   rtabmap_pointcloud_to_depthimage because files in some directories may
[2.813s]   conflict with libraries in implicit directories:
[2.813s] 
[2.814s]     runtime library [liboctomap.so.1.9] in /usr/lib/x86_64-linux-gnu may be hidden by files in:
[2.814s]       /opt/ros/foxy/lib
[2.814s]     runtime library [liboctomath.so.1.9] in /usr/lib/x86_64-linux-gnu may be hidden by files in:
[2.814s]       /opt/ros/foxy/lib
[2.814s] 
[2.814s]   Some of these libraries may not be found correctly.
[2.814s] 
[2.814s] 
[2.853s] CMake Warning at CMakeLists.txt:177 (add_executable):
[2.853s]   Cannot generate a safe runtime search path for target
[2.853s]   rtabmap_point_cloud_aggregator because files in some directories may
[2.853s]   conflict with libraries in implicit directories:
[2.853s] 
[2.853s]     runtime library [liboctomap.so.1.9] in /usr/lib/x86_64-linux-gnu may be hidden by files in:
[2.853s]       /opt/ros/foxy/lib
[2.853s]     runtime library [liboctomath.so.1.9] in /usr/lib/x86_64-linux-gnu may be hidden by files in:
[2.854s]       /opt/ros/foxy/lib
[2.854s] 
[2.854s]   Some of these libraries may not be found correctly.
[2.854s] 
[2.854s] 
[2.890s] CMake Warning at CMakeLists.txt:94 (add_library):
[2.890s]   Cannot generate a safe runtime search path for target rtabmap_util_plugins
[2.890s]   because files in some directories may conflict with libraries in implicit
[2.890s]   directories:
[2.890s] 
[2.890s]     runtime library [liboctomap.so.1.9] in /usr/lib/x86_64-linux-gnu may be hidden by files in:
[2.890s]       /opt/ros/foxy/lib
[2.890s]     runtime library [liboctomath.so.1.9] in /usr/lib/x86_64-linux-gnu may be hidden by files in:
[2.890s]       /opt/ros/foxy/lib
[2.890s] 
[2.890s]   Some of these libraries may not be found correctly.
[2.890s] 
[2.890s] 
[2.928s] CMake Warning at CMakeLists.txt:182 (add_executable):
[2.928s]   Cannot generate a safe runtime search path for target
[2.928s]   rtabmap_point_cloud_assembler because files in some directories may
[2.928s]   conflict with libraries in implicit directories:
[2.928s] 
[2.928s]     runtime library [liboctomap.so.1.9] in /usr/lib/x86_64-linux-gnu may be hidden by files in:
[2.928s]       /opt/ros/foxy/lib
[2.928s]     runtime library [liboctomath.so.1.9] in /usr/lib/x86_64-linux-gnu may be hidden by files in:
[2.928s]       /opt/ros/foxy/lib
[2.928s] 
[2.928s]   Some of these libraries may not be found correctly.
[2.928s] 
[2.928s] 
[2.949s] -- Generating done
[2.951s] -- Build files have been written to: /home/chaung/f_ws/build/rtabmap_util
[2.964s] Invoked command in '/home/chaung/f_ws/build/rtabmap_util' returned '0': AMENT_PREFIX_PATH=/home/chaung/f_ws/install/rtabmap_conversions:${AMENT_PREFIX_PATH} CMAKE_PREFIX_PATH=/home/chaung/f_ws/install/rtabmap_conversions:/opt/ros/foxy:/home/chaung/f_ws/install/rtabmap_msgs:/home/chaung/f_ws/install/rtabmap LD_LIBRARY_PATH=/home/chaung/f_ws/install/rtabmap_conversions/lib:/home/chaung/f_ws/install/rtabmap_msgs/lib:/home/chaung/f_ws/install/rtabmap/lib:${LD_LIBRARY_PATH} PATH=/home/chaung/f_ws/install/rtabmap/bin:${PATH} PKG_CONFIG_PATH=/home/chaung/f_ws/install/rtabmap_msgs/lib/x86_64-linux-gnu/pkgconfig:/home/chaung/f_ws/install/rtabmap_msgs/lib/pkgconfig:/home/chaung/f_ws/install/rtabmap/lib/x86_64-linux-gnu/pkgconfig:/home/chaung/f_ws/install/rtabmap/lib/pkgconfig PYTHONPATH=/home/chaung/f_ws/install/rtabmap_msgs/lib/python3.8/site-packages:${PYTHONPATH} ROS_PACKAGE_PATH=/home/chaung/f_ws/install/rtabmap_msgs/share /usr/bin/cmake /home/chaung/f_ws/src/rtabmap_ros/rtabmap_util -DAMENT_CMAKE_SYMLINK_INSTALL=1 -DCMAKE_INSTALL_PREFIX=/home/chaung/f_ws/install/rtabmap_util
[2.966s] Invoking command in '/home/chaung/f_ws/build/rtabmap_util': AMENT_PREFIX_PATH=/home/chaung/f_ws/install/rtabmap_conversions:${AMENT_PREFIX_PATH} CMAKE_PREFIX_PATH=/home/chaung/f_ws/install/rtabmap_conversions:/opt/ros/foxy:/home/chaung/f_ws/install/rtabmap_msgs:/home/chaung/f_ws/install/rtabmap LD_LIBRARY_PATH=/home/chaung/f_ws/install/rtabmap_conversions/lib:/home/chaung/f_ws/install/rtabmap_msgs/lib:/home/chaung/f_ws/install/rtabmap/lib:${LD_LIBRARY_PATH} PATH=/home/chaung/f_ws/install/rtabmap/bin:${PATH} PKG_CONFIG_PATH=/home/chaung/f_ws/install/rtabmap_msgs/lib/x86_64-linux-gnu/pkgconfig:/home/chaung/f_ws/install/rtabmap_msgs/lib/pkgconfig:/home/chaung/f_ws/install/rtabmap/lib/x86_64-linux-gnu/pkgconfig:/home/chaung/f_ws/install/rtabmap/lib/pkgconfig PYTHONPATH=/home/chaung/f_ws/install/rtabmap_msgs/lib/python3.8/site-packages:${PYTHONPATH} ROS_PACKAGE_PATH=/home/chaung/f_ws/install/rtabmap_msgs/share /usr/bin/cmake --build /home/chaung/f_ws/build/rtabmap_util -- -j12 -l12
[3.063s] [ 37%] Built target rtabmap_util_plugins
[3.093s] [ 44%] Built target rtabmap_pointcloud_to_depthimage
[3.095s] [ 51%] Built target rtabmap_rgbd_relay
[3.095s] [ 58%] Built target rtabmap_point_cloud_aggregator
[3.096s] [ 65%] Built target rtabmap_lidar_deskewing
[3.097s] [ 72%] Built target rtabmap_rgbd_split
[3.098s] [ 79%] Built target rtabmap_point_cloud_xyz
[3.101s] [ 86%] Built target rtabmap_point_cloud_xyzrgb
[3.102s] [ 93%] Built target rtabmap_obstacles_detection
[3.102s] [100%] Built target rtabmap_point_cloud_assembler
[3.110s] Invoked command in '/home/chaung/f_ws/build/rtabmap_util' returned '0': AMENT_PREFIX_PATH=/home/chaung/f_ws/install/rtabmap_conversions:${AMENT_PREFIX_PATH} CMAKE_PREFIX_PATH=/home/chaung/f_ws/install/rtabmap_conversions:/opt/ros/foxy:/home/chaung/f_ws/install/rtabmap_msgs:/home/chaung/f_ws/install/rtabmap LD_LIBRARY_PATH=/home/chaung/f_ws/install/rtabmap_conversions/lib:/home/chaung/f_ws/install/rtabmap_msgs/lib:/home/chaung/f_ws/install/rtabmap/lib:${LD_LIBRARY_PATH} PATH=/home/chaung/f_ws/install/rtabmap/bin:${PATH} PKG_CONFIG_PATH=/home/chaung/f_ws/install/rtabmap_msgs/lib/x86_64-linux-gnu/pkgconfig:/home/chaung/f_ws/install/rtabmap_msgs/lib/pkgconfig:/home/chaung/f_ws/install/rtabmap/lib/x86_64-linux-gnu/pkgconfig:/home/chaung/f_ws/install/rtabmap/lib/pkgconfig PYTHONPATH=/home/chaung/f_ws/install/rtabmap_msgs/lib/python3.8/site-packages:${PYTHONPATH} ROS_PACKAGE_PATH=/home/chaung/f_ws/install/rtabmap_msgs/share /usr/bin/cmake --build /home/chaung/f_ws/build/rtabmap_util -- -j12 -l12
[3.148s] Invoking command in '/home/chaung/f_ws/build/rtabmap_util': AMENT_PREFIX_PATH=/home/chaung/f_ws/install/rtabmap_conversions:${AMENT_PREFIX_PATH} CMAKE_PREFIX_PATH=/home/chaung/f_ws/install/rtabmap_conversions:/opt/ros/foxy:/home/chaung/f_ws/install/rtabmap_msgs:/home/chaung/f_ws/install/rtabmap LD_LIBRARY_PATH=/home/chaung/f_ws/install/rtabmap_conversions/lib:/home/chaung/f_ws/install/rtabmap_msgs/lib:/home/chaung/f_ws/install/rtabmap/lib:${LD_LIBRARY_PATH} PATH=/home/chaung/f_ws/install/rtabmap/bin:${PATH} PKG_CONFIG_PATH=/home/chaung/f_ws/install/rtabmap_msgs/lib/x86_64-linux-gnu/pkgconfig:/home/chaung/f_ws/install/rtabmap_msgs/lib/pkgconfig:/home/chaung/f_ws/install/rtabmap/lib/x86_64-linux-gnu/pkgconfig:/home/chaung/f_ws/install/rtabmap/lib/pkgconfig PYTHONPATH=/home/chaung/f_ws/install/rtabmap_msgs/lib/python3.8/site-packages:${PYTHONPATH} ROS_PACKAGE_PATH=/home/chaung/f_ws/install/rtabmap_msgs/share /usr/bin/cmake --install /home/chaung/f_ws/build/rtabmap_util
[3.154s] -- Install configuration: ""
[3.154s] -- Execute custom install script
[3.154s] -- Up-to-date symlink: /home/chaung/f_ws/install/rtabmap_util/share/rtabmap_util/environment/library_path.sh
[3.154s] -- Up-to-date symlink: /home/chaung/f_ws/install/rtabmap_util/share/rtabmap_util/environment/library_path.dsv
[3.154s] -- Up-to-date symlink: /home/chaung/f_ws/install/rtabmap_util/lib/rtabmap_util/transform_to_tf.py
[3.155s] -- Up-to-date symlink: /home/chaung/f_ws/install/rtabmap_util/lib/rtabmap_util/yaml_to_camera_info.py
[3.155s] -- Up-to-date symlink: /home/chaung/f_ws/install/rtabmap_util/lib/rtabmap_util/rgbd_relay
[3.155s] -- Up-to-date symlink: /home/chaung/f_ws/install/rtabmap_util/lib/rtabmap_util/rgbd_split
[3.155s] -- Up-to-date symlink: /home/chaung/f_ws/install/rtabmap_util/lib/rtabmap_util/lidar_deskewing
[3.155s] -- Up-to-date symlink: /home/chaung/f_ws/install/rtabmap_util/lib/rtabmap_util/point_cloud_xyz
[3.155s] -- Up-to-date symlink: /home/chaung/f_ws/install/rtabmap_util/lib/rtabmap_util/point_cloud_xyzrgb
[3.156s] -- Up-to-date symlink: /home/chaung/f_ws/install/rtabmap_util/lib/rtabmap_util/pointcloud_to_depthimage
[3.156s] -- Up-to-date symlink: /home/chaung/f_ws/install/rtabmap_util/lib/rtabmap_util/obstacles_detection
[3.156s] -- Up-to-date symlink: /home/chaung/f_ws/install/rtabmap_util/lib/rtabmap_util/point_cloud_aggregator
[3.156s] -- Up-to-date symlink: /home/chaung/f_ws/install/rtabmap_util/lib/rtabmap_util/point_cloud_assembler
[3.156s] -- Up-to-date symlink: /home/chaung/f_ws/install/rtabmap_util/share/ament_index/resource_index/package_run_dependencies/rtabmap_util
[3.156s] -- Up-to-date symlink: /home/chaung/f_ws/install/rtabmap_util/share/ament_index/resource_index/parent_prefix_path/rtabmap_util
[3.157s] -- Up-to-date symlink: /home/chaung/f_ws/install/rtabmap_util/share/rtabmap_util/environment/ament_prefix_path.sh
[3.157s] -- Up-to-date symlink: /home/chaung/f_ws/install/rtabmap_util/share/rtabmap_util/environment/ament_prefix_path.dsv
[3.157s] -- Up-to-date symlink: /home/chaung/f_ws/install/rtabmap_util/share/rtabmap_util/environment/path.sh
[3.157s] -- Up-to-date symlink: /home/chaung/f_ws/install/rtabmap_util/share/rtabmap_util/environment/path.dsv
[3.157s] -- Up-to-date symlink: /home/chaung/f_ws/install/rtabmap_util/share/rtabmap_util/local_setup.bash
[3.157s] -- Up-to-date symlink: /home/chaung/f_ws/install/rtabmap_util/share/rtabmap_util/local_setup.sh
[3.158s] -- Up-to-date symlink: /home/chaung/f_ws/install/rtabmap_util/share/rtabmap_util/local_setup.zsh
[3.158s] -- Up-to-date symlink: /home/chaung/f_ws/install/rtabmap_util/share/rtabmap_util/local_setup.dsv
[3.158s] -- Symlinking: /home/chaung/f_ws/install/rtabmap_util/share/rtabmap_util/package.dsv
[3.165s] -- Up-to-date symlink: /home/chaung/f_ws/install/rtabmap_util/share/ament_index/resource_index/packages/rtabmap_util
[3.165s] -- Up-to-date symlink: /home/chaung/f_ws/install/rtabmap_util/share/ament_index/resource_index/rclcpp_components/rtabmap_util
[3.165s] -- Up-to-date symlink: /home/chaung/f_ws/install/rtabmap_util/share/rtabmap_util/cmake/ament_cmake_export_dependencies-extras.cmake
[3.165s] -- Up-to-date symlink: /home/chaung/f_ws/install/rtabmap_util/share/rtabmap_util/cmake/ament_cmake_export_include_directories-extras.cmake
[3.165s] -- Up-to-date symlink: /home/chaung/f_ws/install/rtabmap_util/share/rtabmap_util/cmake/ament_cmake_export_targets-extras.cmake
[3.166s] -- Up-to-date symlink: /home/chaung/f_ws/install/rtabmap_util/share/rtabmap_util/cmake/ament_cmake_export_libraries-extras.cmake
[3.166s] -- Up-to-date symlink: /home/chaung/f_ws/install/rtabmap_util/share/rtabmap_util/cmake/rtabmap_utilConfig.cmake
[3.166s] -- Up-to-date symlink: /home/chaung/f_ws/install/rtabmap_util/share/rtabmap_util/cmake/rtabmap_utilConfig-version.cmake
[3.166s] -- Up-to-date symlink: /home/chaung/f_ws/install/rtabmap_util/share/rtabmap_util/package.xml
[3.166s] -- Up-to-date: /home/chaung/f_ws/install/rtabmap_util/lib/librtabmap_util_plugins.so
[3.166s] -- Up-to-date: /home/chaung/f_ws/install/rtabmap_util/include
[3.166s] -- Up-to-date: /home/chaung/f_ws/install/rtabmap_util/include/rtabmap_util
[3.166s] -- Up-to-date: /home/chaung/f_ws/install/rtabmap_util/include/rtabmap_util/MapsManager.h
[3.167s] -- Up-to-date: /home/chaung/f_ws/install/rtabmap_util/include/rtabmap_util/visibility.h
[3.167s] -- Up-to-date: /home/chaung/f_ws/install/rtabmap_util/include/rtabmap_util/ULogToRosout.h
[3.167s] -- Up-to-date: /home/chaung/f_ws/install/rtabmap_util/share/rtabmap_util/cmake/rtabmap_utilExport.cmake
[3.167s] -- Installing: /home/chaung/f_ws/install/rtabmap_util/share/rtabmap_util/cmake/rtabmap_utilExport-noconfig.cmake
[3.170s] Invoked command in '/home/chaung/f_ws/build/rtabmap_util' returned '0': AMENT_PREFIX_PATH=/home/chaung/f_ws/install/rtabmap_conversions:${AMENT_PREFIX_PATH} CMAKE_PREFIX_PATH=/home/chaung/f_ws/install/rtabmap_conversions:/opt/ros/foxy:/home/chaung/f_ws/install/rtabmap_msgs:/home/chaung/f_ws/install/rtabmap LD_LIBRARY_PATH=/home/chaung/f_ws/install/rtabmap_conversions/lib:/home/chaung/f_ws/install/rtabmap_msgs/lib:/home/chaung/f_ws/install/rtabmap/lib:${LD_LIBRARY_PATH} PATH=/home/chaung/f_ws/install/rtabmap/bin:${PATH} PKG_CONFIG_PATH=/home/chaung/f_ws/install/rtabmap_msgs/lib/x86_64-linux-gnu/pkgconfig:/home/chaung/f_ws/install/rtabmap_msgs/lib/pkgconfig:/home/chaung/f_ws/install/rtabmap/lib/x86_64-linux-gnu/pkgconfig:/home/chaung/f_ws/install/rtabmap/lib/pkgconfig PYTHONPATH=/home/chaung/f_ws/install/rtabmap_msgs/lib/python3.8/site-packages:${PYTHONPATH} ROS_PACKAGE_PATH=/home/chaung/f_ws/install/rtabmap_msgs/share /usr/bin/cmake --install /home/chaung/f_ws/build/rtabmap_util
