[0.075s] Invoking command in '/home/chaung/f_ws/build/rtabmap_msgs': /usr/bin/cmake /home/chaung/f_ws/src/rtabmap_ros/rtabmap_msgs -DCATKIN_INSTALL_INTO_PREFIX_ROOT=0 -DCATKIN_SYMLINK_INSTALL=ON -DCMAKE_INSTALL_PREFIX=/home/chaung/f_ws/install/rtabmap_msgs
[0.811s] -- The C compiler identification is GNU 9.4.0
[0.811s] -- The CXX compiler identification is GNU 9.4.0
[0.811s] -- Check for working C compiler: /usr/bin/cc
[0.811s] -- Check for working C compiler: /usr/bin/cc -- works
[0.811s] -- Detecting C compiler ABI info
[0.811s] -- Detecting C compiler ABI info - done
[0.812s] -- Detecting C compile features
[0.812s] -- Detecting C compile features - done
[0.812s] -- Check for working CXX compiler: /usr/bin/c++
[0.812s] -- Check for working CXX compiler: /usr/bin/c++ -- works
[0.812s] -- Detecting CXX compiler ABI info
[0.829s] -- Detecting CXX compiler ABI info - done
[0.846s] -- Detecting CXX compile features
[0.846s] -- Detecting CXX compile features - done
[0.849s] -- Found rosidl_default_generators: 1.0.1 (/opt/ros/foxy/share/rosidl_default_generators/cmake)
[0.855s] -- Found ament_cmake_core: 0.9.11 (/opt/ros/foxy/share/ament_cmake_core/cmake)
[0.890s] -- Found PythonInterp: /usr/bin/python3 (found suitable version "3.8.10", minimum required is "3") 
[0.890s] -- Using PYTHON_EXECUTABLE: /usr/bin/python3
[1.126s] -- Using all available rosidl_typesupport_c: rosidl_typesupport_fastrtps_c;rosidl_typesupport_introspection_c
[1.139s] -- Found rosidl_adapter: 1.3.0 (/opt/ros/foxy/share/rosidl_adapter/cmake)
[1.304s] -- Found OpenSSL: /usr/lib/x86_64-linux-gnu/libcrypto.so (found version "1.1.1f")  
[1.340s] -- Found FastRTPS: /opt/ros/foxy/include  
[1.446s] -- Using all available rosidl_typesupport_cpp: rosidl_typesupport_fastrtps_cpp;rosidl_typesupport_introspection_cpp
[1.487s] -- Found geometry_msgs: 2.0.5 (/opt/ros/foxy/share/geometry_msgs/cmake)
[1.606s] -- Found sensor_msgs: 2.0.5 (/opt/ros/foxy/share/sensor_msgs/cmake)
[1.687s] -- Found std_srvs: 2.0.5 (/opt/ros/foxy/share/std_srvs/cmake)
[1.719s] -- Found PythonInterp: /usr/bin/python3 (found version "3.8.10") 
[2.071s] -- Found ament_cmake_ros: 0.9.2 (/opt/ros/foxy/share/ament_cmake_ros/cmake)
[2.322s] -- Using all available rosidl_typesupport_c: rosidl_typesupport_fastrtps_c;rosidl_typesupport_introspection_c
[2.449s] -- Using all available rosidl_typesupport_cpp: rosidl_typesupport_fastrtps_cpp;rosidl_typesupport_introspection_cpp
[2.477s] -- Found PythonInterp: /usr/bin/python3 (found suitable version "3.8.10", minimum required is "3.5") 
[2.478s] -- Found python_cmake_module: 0.8.1 (/opt/ros/foxy/share/python_cmake_module/cmake)
[2.505s] -- Found PythonLibs: /usr/lib/x86_64-linux-gnu/libpython3.8.so (found suitable version "3.8.10", minimum required is "3.5") 
[2.506s] -- Using PYTHON_EXECUTABLE: /usr/bin/python3
[2.506s] -- Using PYTHON_INCLUDE_DIRS: /usr/include/python3.8
[2.506s] -- Using PYTHON_LIBRARIES: /usr/lib/x86_64-linux-gnu/libpython3.8.so
[2.527s] -- Found PythonExtra: .so  
[2.618s] -- Configuring done
[2.719s] -- Generating done
[2.721s] CMake Warning:
[2.721s]   Manually-specified variables were not used by the project:
[2.721s] 
[2.721s]     CATKIN_INSTALL_INTO_PREFIX_ROOT
[2.721s]     CATKIN_SYMLINK_INSTALL
[2.721s] 
[2.721s] 
[2.721s] -- Build files have been written to: /home/chaung/f_ws/build/rtabmap_msgs
