[0.046s] Invoking command in '/home/chaung/f_ws/build/dynamixel_sdk': CMAKE_PREFIX_PATH=/opt/ros/foxy /usr/bin/cmake /home/chaung/f_ws/src/utils/DynamixelSDK/dynamixel_sdk -DCMAKE_INSTALL_PREFIX=/home/chaung/f_ws/install/dynamixel_sdk
[0.474s] -- Found ament_cmake: 0.9.11 (/opt/ros/foxy/share/ament_cmake/cmake)
[0.474s] -- Using PYTHON_EXECUTABLE: /usr/bin/python3
[0.474s] -- Override CMake install command with custom implementation using symlinks instead of copying resources
[0.474s] -- Configuring done
[0.474s] -- Generating done
[0.474s] -- Build files have been written to: /home/chaung/f_ws/build/dynamixel_sdk
[0.486s] Invoked command in '/home/chaung/f_ws/build/dynamixel_sdk' returned '0': CMAKE_PREFIX_PATH=/opt/ros/foxy /usr/bin/cmake /home/chaung/f_ws/src/utils/DynamixelSDK/dynamixel_sdk -DCMAKE_INSTALL_PREFIX=/home/chaung/f_ws/install/dynamixel_sdk
[0.487s] Invoking command in '/home/chaung/f_ws/build/dynamixel_sdk': CMAKE_PREFIX_PATH=/opt/ros/foxy /usr/bin/cmake --build /home/chaung/f_ws/build/dynamixel_sdk -- -j12 -l12
[0.531s] [100%] Built target dynamixel_sdk
[0.544s] Invoked command in '/home/chaung/f_ws/build/dynamixel_sdk' returned '0': CMAKE_PREFIX_PATH=/opt/ros/foxy /usr/bin/cmake --build /home/chaung/f_ws/build/dynamixel_sdk -- -j12 -l12
[0.592s] Invoking command in '/home/chaung/f_ws/build/dynamixel_sdk': CMAKE_PREFIX_PATH=/opt/ros/foxy /usr/bin/cmake --install /home/chaung/f_ws/build/dynamixel_sdk
[0.620s] -- Install configuration: ""
[0.620s] -- Execute custom install script
[0.622s] -- Up-to-date symlink: /home/chaung/f_ws/install/dynamixel_sdk/include//dynamixel_sdk/dynamixel_sdk.h
[0.622s] -- Up-to-date symlink: /home/chaung/f_ws/install/dynamixel_sdk/include//dynamixel_sdk/group_bulk_read.h
[0.622s] -- Up-to-date symlink: /home/chaung/f_ws/install/dynamixel_sdk/include//dynamixel_sdk/group_bulk_write.h
[0.622s] -- Up-to-date symlink: /home/chaung/f_ws/install/dynamixel_sdk/include//dynamixel_sdk/group_sync_read.h
[0.622s] -- Up-to-date symlink: /home/chaung/f_ws/install/dynamixel_sdk/include//dynamixel_sdk/group_sync_write.h
[0.622s] -- Up-to-date symlink: /home/chaung/f_ws/install/dynamixel_sdk/include//dynamixel_sdk/packet_handler.h
[0.622s] -- Up-to-date symlink: /home/chaung/f_ws/install/dynamixel_sdk/include//dynamixel_sdk/port_handler.h
[0.622s] -- Up-to-date symlink: /home/chaung/f_ws/install/dynamixel_sdk/include//dynamixel_sdk/port_handler_arduino.h
[0.622s] -- Up-to-date symlink: /home/chaung/f_ws/install/dynamixel_sdk/include//dynamixel_sdk/port_handler_linux.h
[0.623s] -- Up-to-date symlink: /home/chaung/f_ws/install/dynamixel_sdk/include//dynamixel_sdk/port_handler_mac.h
[0.623s] -- Up-to-date symlink: /home/chaung/f_ws/install/dynamixel_sdk/include//dynamixel_sdk/port_handler_windows.h
[0.623s] -- Up-to-date symlink: /home/chaung/f_ws/install/dynamixel_sdk/include//dynamixel_sdk/protocol1_packet_handler.h
[0.623s] -- Up-to-date symlink: /home/chaung/f_ws/install/dynamixel_sdk/include//dynamixel_sdk/protocol2_packet_handler.h
[0.623s] -- Up-to-date symlink: /home/chaung/f_ws/install/dynamixel_sdk/lib/libdynamixel_sdk.so
[0.623s] -- Up-to-date symlink: /home/chaung/f_ws/install/dynamixel_sdk/share/dynamixel_sdk/environment/library_path.sh
[0.624s] -- Up-to-date symlink: /home/chaung/f_ws/install/dynamixel_sdk/share/dynamixel_sdk/environment/library_path.dsv
[0.624s] -- Up-to-date symlink: /home/chaung/f_ws/install/dynamixel_sdk/share/ament_index/resource_index/package_run_dependencies/dynamixel_sdk
[0.624s] -- Up-to-date symlink: /home/chaung/f_ws/install/dynamixel_sdk/share/ament_index/resource_index/parent_prefix_path/dynamixel_sdk
[0.638s] -- Up-to-date symlink: /home/chaung/f_ws/install/dynamixel_sdk/share/dynamixel_sdk/environment/ament_prefix_path.sh
[0.639s] -- Up-to-date symlink: /home/chaung/f_ws/install/dynamixel_sdk/share/dynamixel_sdk/environment/ament_prefix_path.dsv
[0.640s] -- Up-to-date symlink: /home/chaung/f_ws/install/dynamixel_sdk/share/dynamixel_sdk/environment/path.sh
[0.640s] -- Up-to-date symlink: /home/chaung/f_ws/install/dynamixel_sdk/share/dynamixel_sdk/environment/path.dsv
[0.641s] -- Up-to-date symlink: /home/chaung/f_ws/install/dynamixel_sdk/share/dynamixel_sdk/local_setup.bash
[0.643s] -- Up-to-date symlink: /home/chaung/f_ws/install/dynamixel_sdk/share/dynamixel_sdk/local_setup.sh
[0.644s] -- Up-to-date symlink: /home/chaung/f_ws/install/dynamixel_sdk/share/dynamixel_sdk/local_setup.zsh
[0.644s] -- Up-to-date symlink: /home/chaung/f_ws/install/dynamixel_sdk/share/dynamixel_sdk/local_setup.dsv
[0.644s] -- Symlinking: /home/chaung/f_ws/install/dynamixel_sdk/share/dynamixel_sdk/package.dsv
[0.649s] -- Up-to-date symlink: /home/chaung/f_ws/install/dynamixel_sdk/share/ament_index/resource_index/packages/dynamixel_sdk
[0.649s] -- Up-to-date symlink: /home/chaung/f_ws/install/dynamixel_sdk/share/dynamixel_sdk/cmake/ament_cmake_export_include_directories-extras.cmake
[0.649s] -- Up-to-date symlink: /home/chaung/f_ws/install/dynamixel_sdk/share/dynamixel_sdk/cmake/ament_cmake_export_libraries-extras.cmake
[0.649s] -- Up-to-date symlink: /home/chaung/f_ws/install/dynamixel_sdk/share/dynamixel_sdk/cmake/dynamixel_sdkConfig.cmake
[0.650s] -- Up-to-date symlink: /home/chaung/f_ws/install/dynamixel_sdk/share/dynamixel_sdk/cmake/dynamixel_sdkConfig-version.cmake
[0.650s] -- Up-to-date symlink: /home/chaung/f_ws/install/dynamixel_sdk/share/dynamixel_sdk/package.xml
[0.650s] Invoked command in '/home/chaung/f_ws/build/dynamixel_sdk' returned '0': CMAKE_PREFIX_PATH=/opt/ros/foxy /usr/bin/cmake --install /home/chaung/f_ws/build/dynamixel_sdk
