[0.068s] Invoking command in '/home/chaung/f_ws/build/rtabmap': CMAKE_PREFIX_PATH=/home/chaung/f_ws/install/sllidar_ros2:/home/chaung/f_ws/install/slam_gmapping:/home/chaung/f_ws/install/rtabmap_ros:/home/chaung/f_ws/install/rtabmap_launch:/home/chaung/f_ws/install/rtabmap_examples:/home/chaung/f_ws/install/rtabmap_demos:/home/chaung/f_ws/install/rtabmap_viz:/home/chaung/f_ws/install/rtabmap_slam:/home/chaung/f_ws/install/rtabmap_odom:/home/chaung/f_ws/install/rtabmap_util:/home/chaung/f_ws/install/rtabmap_sync:/home/chaung/f_ws/install/rtabmap_rviz_plugins:/home/chaung/f_ws/install/rtabmap_conversions:/home/chaung/f_ws/install/rtabmap_python:/home/chaung/f_ws/install/bno055:/opt/ros/foxy:/home/chaung/f_ws/install/rtabmap_msgs:/home/chaung/f_ws/install/rtabmap:/home/chaung/f_ws/install/openslam_gmapping:/home/chaung/f_ws/install/hls_lfcd_lds_driver:/home/chaung/f_ws/install/dynamixel_sdk_examples:/home/chaung/f_ws/install/dynamixel_sdk_custom_interfaces:/home/chaung/f_ws/install/dynamixel_sdk /usr/bin/cmake --build /home/chaung/f_ws/build/rtabmap -- -j12 -l12
[0.581s] [  4%] Built target rtabmap_utilite
[0.582s] [  5%] Built target res_tool
[0.582s] [ 41%] Built target rtabmap_core
[0.582s] [ 42%] Built target recovery
[0.582s] [ 43%] Built target camera
[0.582s] [ 43%] Built target stereoEval
[0.582s] [ 44%] Built target consoleApp
[0.582s] [ 45%] Built target imagesJoiner
[0.583s] [ 45%] Built target rgbd_dataset
[0.583s] [ 47%] Built target kitti_dataset
[0.583s] [ 47%] Built target extractObject
[0.583s] [ 47%] Built target euroc_dataset
[0.584s] [ 47%] Built target reprocess
[0.584s] [ 48%] Built target detectMoreLoopClosures
[0.584s] [ 50%] Built target globalBundleAdjustment
[0.584s] [ 50%] Built target info
[0.584s] [ 50%] Built target export
[0.584s] [ 51%] Built target cleanupLocalGrids
[0.585s] [ 90%] Built target rtabmap_gui
[0.598s] [ 91%] Built target odometryViewer
[0.599s] [ 91%] Built target report
[0.599s] [ 91%] Built target epipolar_geometry
[0.603s] [ 92%] Built target rgbd_camera
[0.604s] [ 93%] Built target databaseViewer
[0.612s] [ 94%] Built target calibration
[0.612s] [ 94%] Built target bow_mapping
[0.613s] [ 94%] Built target matcher
[0.617s] [ 94%] Built target dataRecorder
[0.621s] [ 94%] Built target rtabmap_app
[0.623s] [ 98%] Built target wifi_mapping
[0.623s] [ 98%] Built target rgbd_mapping
[0.665s] [100%] Built target noEventsExample
[0.694s] Invoked command in '/home/chaung/f_ws/build/rtabmap' returned '0': CMAKE_PREFIX_PATH=/home/chaung/f_ws/install/sllidar_ros2:/home/chaung/f_ws/install/slam_gmapping:/home/chaung/f_ws/install/rtabmap_ros:/home/chaung/f_ws/install/rtabmap_launch:/home/chaung/f_ws/install/rtabmap_examples:/home/chaung/f_ws/install/rtabmap_demos:/home/chaung/f_ws/install/rtabmap_viz:/home/chaung/f_ws/install/rtabmap_slam:/home/chaung/f_ws/install/rtabmap_odom:/home/chaung/f_ws/install/rtabmap_util:/home/chaung/f_ws/install/rtabmap_sync:/home/chaung/f_ws/install/rtabmap_rviz_plugins:/home/chaung/f_ws/install/rtabmap_conversions:/home/chaung/f_ws/install/rtabmap_python:/home/chaung/f_ws/install/bno055:/opt/ros/foxy:/home/chaung/f_ws/install/rtabmap_msgs:/home/chaung/f_ws/install/rtabmap:/home/chaung/f_ws/install/openslam_gmapping:/home/chaung/f_ws/install/hls_lfcd_lds_driver:/home/chaung/f_ws/install/dynamixel_sdk_examples:/home/chaung/f_ws/install/dynamixel_sdk_custom_interfaces:/home/chaung/f_ws/install/dynamixel_sdk /usr/bin/cmake --build /home/chaung/f_ws/build/rtabmap -- -j12 -l12
[0.789s] Invoking command in '/home/chaung/f_ws/build/rtabmap': CMAKE_PREFIX_PATH=/home/chaung/f_ws/install/sllidar_ros2:/home/chaung/f_ws/install/slam_gmapping:/home/chaung/f_ws/install/rtabmap_ros:/home/chaung/f_ws/install/rtabmap_launch:/home/chaung/f_ws/install/rtabmap_examples:/home/chaung/f_ws/install/rtabmap_demos:/home/chaung/f_ws/install/rtabmap_viz:/home/chaung/f_ws/install/rtabmap_slam:/home/chaung/f_ws/install/rtabmap_odom:/home/chaung/f_ws/install/rtabmap_util:/home/chaung/f_ws/install/rtabmap_sync:/home/chaung/f_ws/install/rtabmap_rviz_plugins:/home/chaung/f_ws/install/rtabmap_conversions:/home/chaung/f_ws/install/rtabmap_python:/home/chaung/f_ws/install/bno055:/opt/ros/foxy:/home/chaung/f_ws/install/rtabmap_msgs:/home/chaung/f_ws/install/rtabmap:/home/chaung/f_ws/install/openslam_gmapping:/home/chaung/f_ws/install/hls_lfcd_lds_driver:/home/chaung/f_ws/install/dynamixel_sdk_examples:/home/chaung/f_ws/install/dynamixel_sdk_custom_interfaces:/home/chaung/f_ws/install/dynamixel_sdk /usr/bin/cmake --install /home/chaung/f_ws/build/rtabmap
[0.821s] -- Install configuration: "Release"
[0.822s] -- Up-to-date: /home/chaung/f_ws/install/rtabmap/lib/rtabmap-0.21/RTABMapTargets.cmake
[0.822s] -- Up-to-date: /home/chaung/f_ws/install/rtabmap/lib/rtabmap-0.21/RTABMapConfig.cmake
[0.822s] -- Up-to-date: /home/chaung/f_ws/install/rtabmap/lib/rtabmap-0.21/RTABMapConfigVersion.cmake
[0.822s] -- Up-to-date: /home/chaung/f_ws/install/rtabmap/share/rtabmap/package.xml
[0.823s] -- Up-to-date: /home/chaung/f_ws/install/rtabmap/lib/librtabmap_utilite.so.0.21.1
[0.823s] -- Up-to-date: /home/chaung/f_ws/install/rtabmap/lib/librtabmap_utilite.so.0.21
[0.823s] -- Up-to-date: /home/chaung/f_ws/install/rtabmap/lib/librtabmap_utilite.so
[0.823s] -- Up-to-date: /home/chaung/f_ws/install/rtabmap/include/rtabmap-0.21/rtabmap
[0.824s] -- Up-to-date: /home/chaung/f_ws/install/rtabmap/include/rtabmap-0.21/rtabmap/utilite
[0.825s] -- Up-to-date: /home/chaung/f_ws/install/rtabmap/include/rtabmap-0.21/rtabmap/utilite/UTimer.h
[0.826s] -- Up-to-date: /home/chaung/f_ws/install/rtabmap/include/rtabmap-0.21/rtabmap/utilite/Win32
[0.830s] -- Up-to-date: /home/chaung/f_ws/install/rtabmap/include/rtabmap-0.21/rtabmap/utilite/Win32/UThreadC.h
[0.830s] -- Up-to-date: /home/chaung/f_ws/install/rtabmap/include/rtabmap-0.21/rtabmap/utilite/Win32/UWin32.h
[0.831s] -- Up-to-date: /home/chaung/f_ws/install/rtabmap/include/rtabmap-0.21/rtabmap/utilite/UProcessInfo.h
[0.831s] -- Up-to-date: /home/chaung/f_ws/install/rtabmap/include/rtabmap-0.21/rtabmap/utilite/UFile.h
[0.831s] -- Up-to-date: /home/chaung/f_ws/install/rtabmap/include/rtabmap-0.21/rtabmap/utilite/UMutex.h
[0.831s] -- Up-to-date: /home/chaung/f_ws/install/rtabmap/include/rtabmap-0.21/rtabmap/utilite/UThreadC.h
[0.831s] -- Up-to-date: /home/chaung/f_ws/install/rtabmap/include/rtabmap-0.21/rtabmap/utilite/UMath.h
[0.832s] -- Up-to-date: /home/chaung/f_ws/install/rtabmap/include/rtabmap-0.21/rtabmap/utilite/UEventsManager.h
[0.832s] -- Up-to-date: /home/chaung/f_ws/install/rtabmap/include/rtabmap-0.21/rtabmap/utilite/USemaphore.h
[0.833s] -- Up-to-date: /home/chaung/f_ws/install/rtabmap/include/rtabmap-0.21/rtabmap/utilite/UDestroyer.h
[0.834s] -- Up-to-date: /home/chaung/f_ws/install/rtabmap/include/rtabmap-0.21/rtabmap/utilite/UVariant.h
[0.834s] -- Up-to-date: /home/chaung/f_ws/install/rtabmap/include/rtabmap-0.21/rtabmap/utilite/UConversion.h
[0.834s] -- Up-to-date: /home/chaung/f_ws/install/rtabmap/include/rtabmap-0.21/rtabmap/utilite/UStl.h
[0.834s] -- Up-to-date: /home/chaung/f_ws/install/rtabmap/include/rtabmap-0.21/rtabmap/utilite/UEventsHandler.h
[0.835s] -- Up-to-date: /home/chaung/f_ws/install/rtabmap/include/rtabmap-0.21/rtabmap/utilite/UtiLite.h
[0.835s] -- Up-to-date: /home/chaung/f_ws/install/rtabmap/include/rtabmap-0.21/rtabmap/utilite/UException.h
[0.835s] -- Up-to-date: /home/chaung/f_ws/install/rtabmap/include/rtabmap-0.21/rtabmap/utilite/UObjDeletionThread.h
[0.837s] -- Up-to-date: /home/chaung/f_ws/install/rtabmap/include/rtabmap-0.21/rtabmap/utilite/UEventsSender.h
[0.837s] -- Up-to-date: /home/chaung/f_ws/install/rtabmap/include/rtabmap-0.21/rtabmap/utilite/UThreadNode.h
[0.837s] -- Up-to-date: /home/chaung/f_ws/install/rtabmap/include/rtabmap-0.21/rtabmap/utilite/UDirectory.h
[0.838s] -- Up-to-date: /home/chaung/f_ws/install/rtabmap/include/rtabmap-0.21/rtabmap/utilite/Posix
[0.838s] -- Up-to-date: /home/chaung/f_ws/install/rtabmap/include/rtabmap-0.21/rtabmap/utilite/Posix/UThreadC.h
[0.840s] -- Up-to-date: /home/chaung/f_ws/install/rtabmap/include/rtabmap-0.21/rtabmap/utilite/ULogger.h
[0.840s] -- Up-to-date: /home/chaung/f_ws/install/rtabmap/include/rtabmap-0.21/rtabmap/utilite/UThread.h
[0.841s] -- Up-to-date: /home/chaung/f_ws/install/rtabmap/include/rtabmap-0.21/rtabmap/utilite/UEvent.h
[0.841s] -- Up-to-date: /home/chaung/f_ws/install/rtabmap/include/rtabmap-0.21/rtabmap
[0.841s] -- Up-to-date: /home/chaung/f_ws/install/rtabmap/include/rtabmap-0.21/rtabmap/utilite
[0.841s] -- Up-to-date: /home/chaung/f_ws/install/rtabmap/include/rtabmap-0.21/rtabmap/utilite/utilite_export.h
[0.842s] -- Up-to-date: /home/chaung/f_ws/install/rtabmap/lib/rtabmap-0.21/RTABMap_utiliteTargets.cmake
[0.842s] -- Up-to-date: /home/chaung/f_ws/install/rtabmap/lib/rtabmap-0.21/RTABMap_utiliteTargets-release.cmake
[0.842s] -- Up-to-date: /home/chaung/f_ws/install/rtabmap/bin/rtabmap-res_tool-0.3.0
[0.842s] -- Up-to-date: /home/chaung/f_ws/install/rtabmap/bin/rtabmap-res_tool
[0.843s] -- Up-to-date: /home/chaung/f_ws/install/rtabmap/lib/librtabmap_core.so.0.21.1
[0.843s] -- Up-to-date: /home/chaung/f_ws/install/rtabmap/lib/librtabmap_core.so.0.21
[0.844s] -- Up-to-date: /home/chaung/f_ws/install/rtabmap/lib/librtabmap_core.so
[0.847s] -- Up-to-date: /home/chaung/f_ws/install/rtabmap/include/rtabmap-0.21/rtabmap
[0.848s] -- Up-to-date: /home/chaung/f_ws/install/rtabmap/include/rtabmap-0.21/rtabmap/core
[0.848s] -- Up-to-date: /home/chaung/f_ws/install/rtabmap/include/rtabmap-0.21/rtabmap/core/OdometryInfo.h
[0.848s] -- Up-to-date: /home/chaung/f_ws/install/rtabmap/include/rtabmap-0.21/rtabmap/core/CameraRGB.h
[0.848s] -- Up-to-date: /home/chaung/f_ws/install/rtabmap/include/rtabmap-0.21/rtabmap/core/Landmark.h
[0.848s] -- Up-to-date: /home/chaung/f_ws/install/rtabmap/include/rtabmap-0.21/rtabmap/core/SensorData.h
[0.848s] -- Up-to-date: /home/chaung/f_ws/install/rtabmap/include/rtabmap-0.21/rtabmap/core/util3d_filtering.h
[0.848s] -- Up-to-date: /home/chaung/f_ws/install/rtabmap/include/rtabmap-0.21/rtabmap/core/Odometry.h
[0.848s] -- Up-to-date: /home/chaung/f_ws/install/rtabmap/include/rtabmap-0.21/rtabmap/core/CameraModel.h
[0.848s] -- Up-to-date: /home/chaung/f_ws/install/rtabmap/include/rtabmap-0.21/rtabmap/core/ParamEvent.h
[0.849s] -- Up-to-date: /home/chaung/f_ws/install/rtabmap/include/rtabmap-0.21/rtabmap/core/util3d_transforms.h
[0.849s] -- Up-to-date: /home/chaung/f_ws/install/rtabmap/include/rtabmap-0.21/rtabmap/core/util3d_registration.h
[0.849s] -- Up-to-date: /home/chaung/f_ws/install/rtabmap/include/rtabmap-0.21/rtabmap/core/ParticleFilter.h
[0.849s] -- Up-to-date: /home/chaung/f_ws/install/rtabmap/include/rtabmap-0.21/rtabmap/core/stereo
[0.849s] -- Up-to-date: /home/chaung/f_ws/install/rtabmap/include/rtabmap-0.21/rtabmap/core/stereo/StereoBM.h
[0.849s] -- Up-to-date: /home/chaung/f_ws/install/rtabmap/include/rtabmap-0.21/rtabmap/core/stereo/StereoSGBM.h
[0.849s] -- Up-to-date: /home/chaung/f_ws/install/rtabmap/include/rtabmap-0.21/rtabmap/core/stereo/stereoRectifyFisheye.h
[0.850s] -- Up-to-date: /home/chaung/f_ws/install/rtabmap/include/rtabmap-0.21/rtabmap/core/VWDictionary.h
[0.850s] -- Up-to-date: /home/chaung/f_ws/install/rtabmap/include/rtabmap-0.21/rtabmap/core/EnvSensor.h
[0.850s] -- Up-to-date: /home/chaung/f_ws/install/rtabmap/include/rtabmap-0.21/rtabmap/core/OctoMap.h
[0.850s] -- Up-to-date: /home/chaung/f_ws/install/rtabmap/include/rtabmap-0.21/rtabmap/core/util2d.h
[0.850s] -- Up-to-date: /home/chaung/f_ws/install/rtabmap/include/rtabmap-0.21/rtabmap/core/OccupancyGrid.h
[0.850s] -- Up-to-date: /home/chaung/f_ws/install/rtabmap/include/rtabmap-0.21/rtabmap/core/BayesFilter.h
[0.850s] -- Up-to-date: /home/chaung/f_ws/install/rtabmap/include/rtabmap-0.21/rtabmap/core/impl
[0.850s] -- Up-to-date: /home/chaung/f_ws/install/rtabmap/include/rtabmap-0.21/rtabmap/core/impl/util3d_mapping.hpp
[0.851s] -- Up-to-date: /home/chaung/f_ws/install/rtabmap/include/rtabmap-0.21/rtabmap/core/impl/OccupancyGrid.hpp
[0.851s] -- Up-to-date: /home/chaung/f_ws/install/rtabmap/include/rtabmap-0.21/rtabmap/core/impl/util3d.hpp
[0.851s] -- Up-to-date: /home/chaung/f_ws/install/rtabmap/include/rtabmap-0.21/rtabmap/core/impl/util3d_surface.hpp
[0.851s] -- Up-to-date: /home/chaung/f_ws/install/rtabmap/include/rtabmap-0.21/rtabmap/core/MarkerDetector.h
[0.851s] -- Up-to-date: /home/chaung/f_ws/install/rtabmap/include/rtabmap-0.21/rtabmap/core/util3d.h
[0.851s] -- Up-to-date: /home/chaung/f_ws/install/rtabmap/include/rtabmap-0.21/rtabmap/core/PDALWriter.h
[0.851s] -- Up-to-date: /home/chaung/f_ws/install/rtabmap/include/rtabmap-0.21/rtabmap/core/GPS.h
[0.851s] -- Up-to-date: /home/chaung/f_ws/install/rtabmap/include/rtabmap-0.21/rtabmap/core/CameraInfo.h
[0.851s] -- Up-to-date: /home/chaung/f_ws/install/rtabmap/include/rtabmap-0.21/rtabmap/core/Registration.h
[0.851s] -- Up-to-date: /home/chaung/f_ws/install/rtabmap/include/rtabmap-0.21/rtabmap/core/UserDataEvent.h
[0.851s] -- Up-to-date: /home/chaung/f_ws/install/rtabmap/include/rtabmap-0.21/rtabmap/core/util3d_motion_estimation.h
[0.852s] -- Up-to-date: /home/chaung/f_ws/install/rtabmap/include/rtabmap-0.21/rtabmap/core/util3d_correspondences.h
[0.852s] -- Up-to-date: /home/chaung/f_ws/install/rtabmap/include/rtabmap-0.21/rtabmap/core/Link.h
[0.854s] -- Up-to-date: /home/chaung/f_ws/install/rtabmap/include/rtabmap-0.21/rtabmap/core/util3d_features.h
[0.854s] -- Up-to-date: /home/chaung/f_ws/install/rtabmap/include/rtabmap-0.21/rtabmap/core/RtabmapThread.h
[0.854s] -- Up-to-date: /home/chaung/f_ws/install/rtabmap/include/rtabmap-0.21/rtabmap/core/Parameters.h
[0.854s] -- Up-to-date: /home/chaung/f_ws/install/rtabmap/include/rtabmap-0.21/rtabmap/core/CameraRGBD.h
[0.855s] -- Up-to-date: /home/chaung/f_ws/install/rtabmap/include/rtabmap-0.21/rtabmap/core/util3d_mapping.h
[0.855s] -- Up-to-date: /home/chaung/f_ws/install/rtabmap/include/rtabmap-0.21/rtabmap/core/VisualWord.h
[0.855s] -- Up-to-date: /home/chaung/f_ws/install/rtabmap/include/rtabmap-0.21/rtabmap/core/RegistrationVis.h
[0.855s] -- Up-to-date: /home/chaung/f_ws/install/rtabmap/include/rtabmap-0.21/rtabmap/core/OdometryThread.h
[0.855s] -- Up-to-date: /home/chaung/f_ws/install/rtabmap/include/rtabmap-0.21/rtabmap/core/CameraThread.h
[0.856s] -- Up-to-date: /home/chaung/f_ws/install/rtabmap/include/rtabmap-0.21/rtabmap/core/IMU.h
[0.856s] -- Up-to-date: /home/chaung/f_ws/install/rtabmap/include/rtabmap-0.21/rtabmap/core/Transform.h
[0.856s] -- Up-to-date: /home/chaung/f_ws/install/rtabmap/include/rtabmap-0.21/rtabmap/core/Compression.h
[0.856s] -- Up-to-date: /home/chaung/f_ws/install/rtabmap/include/rtabmap-0.21/rtabmap/core/FlannIndex.h
[0.856s] -- Up-to-date: /home/chaung/f_ws/install/rtabmap/include/rtabmap-0.21/rtabmap/core/ProgressState.h
[0.856s] -- Up-to-date: /home/chaung/f_ws/install/rtabmap/include/rtabmap-0.21/rtabmap/core/StereoDense.h
[0.857s] -- Up-to-date: /home/chaung/f_ws/install/rtabmap/include/rtabmap-0.21/rtabmap/core/StereoCameraModel.h
[0.857s] -- Up-to-date: /home/chaung/f_ws/install/rtabmap/include/rtabmap-0.21/rtabmap/core/optimizer
[0.857s] -- Up-to-date: /home/chaung/f_ws/install/rtabmap/include/rtabmap-0.21/rtabmap/core/optimizer/OptimizerCeres.h
[0.857s] -- Up-to-date: /home/chaung/f_ws/install/rtabmap/include/rtabmap-0.21/rtabmap/core/optimizer/OptimizerCVSBA.h
[0.857s] -- Up-to-date: /home/chaung/f_ws/install/rtabmap/include/rtabmap-0.21/rtabmap/core/optimizer/OptimizerG2O.h
[0.857s] -- Up-to-date: /home/chaung/f_ws/install/rtabmap/include/rtabmap-0.21/rtabmap/core/optimizer/OptimizerGTSAM.h
[0.860s] -- Up-to-date: /home/chaung/f_ws/install/rtabmap/include/rtabmap-0.21/rtabmap/core/optimizer/OptimizerTORO.h
[0.860s] -- Up-to-date: /home/chaung/f_ws/install/rtabmap/include/rtabmap-0.21/rtabmap/core/GeodeticCoords.h
[0.860s] -- Up-to-date: /home/chaung/f_ws/install/rtabmap/include/rtabmap-0.21/rtabmap/core/GlobalDescriptor.h
[0.860s] -- Up-to-date: /home/chaung/f_ws/install/rtabmap/include/rtabmap-0.21/rtabmap/core/Rtabmap.h
[0.861s] -- Up-to-date: /home/chaung/f_ws/install/rtabmap/include/rtabmap-0.21/rtabmap/core/LaserScan.h
[0.861s] -- Up-to-date: /home/chaung/f_ws/install/rtabmap/include/rtabmap-0.21/rtabmap/core/Signature.h
[0.861s] -- Up-to-date: /home/chaung/f_ws/install/rtabmap/include/rtabmap-0.21/rtabmap/core/CameraEvent.h
[0.861s] -- Up-to-date: /home/chaung/f_ws/install/rtabmap/include/rtabmap-0.21/rtabmap/core/RtabmapEvent.h
[0.861s] -- Up-to-date: /home/chaung/f_ws/install/rtabmap/include/rtabmap-0.21/rtabmap/core/IMUThread.h
[0.862s] -- Up-to-date: /home/chaung/f_ws/install/rtabmap/include/rtabmap-0.21/rtabmap/core/DBReader.h
[0.862s] -- Up-to-date: /home/chaung/f_ws/install/rtabmap/include/rtabmap-0.21/rtabmap/core/RegistrationInfo.h
[0.862s] -- Up-to-date: /home/chaung/f_ws/install/rtabmap/include/rtabmap-0.21/rtabmap/core/Statistics.h
[0.862s] -- Up-to-date: /home/chaung/f_ws/install/rtabmap/include/rtabmap-0.21/rtabmap/core/Memory.h
[0.862s] -- Up-to-date: /home/chaung/f_ws/install/rtabmap/include/rtabmap-0.21/rtabmap/core/DBDriverSqlite3.h
[0.863s] -- Up-to-date: /home/chaung/f_ws/install/rtabmap/include/rtabmap-0.21/rtabmap/core/odometry
[0.863s] -- Up-to-date: /home/chaung/f_ws/install/rtabmap/include/rtabmap-0.21/rtabmap/core/odometry/OdometryDVO.h
[0.863s] -- Up-to-date: /home/chaung/f_ws/install/rtabmap/include/rtabmap-0.21/rtabmap/core/odometry/OdometryOkvis.h
[0.863s] -- Up-to-date: /home/chaung/f_ws/install/rtabmap/include/rtabmap-0.21/rtabmap/core/odometry/OdometryViso2.h
[0.863s] -- Up-to-date: /home/chaung/f_ws/install/rtabmap/include/rtabmap-0.21/rtabmap/core/odometry/OdometryLOAM.h
[0.863s] -- Up-to-date: /home/chaung/f_ws/install/rtabmap/include/rtabmap-0.21/rtabmap/core/odometry/OdometryMSCKF.h
[0.863s] -- Up-to-date: /home/chaung/f_ws/install/rtabmap/include/rtabmap-0.21/rtabmap/core/odometry/OdometryVINS.h
[0.864s] -- Up-to-date: /home/chaung/f_ws/install/rtabmap/include/rtabmap-0.21/rtabmap/core/odometry/OdometryF2M.h
[0.864s] -- Up-to-date: /home/chaung/f_ws/install/rtabmap/include/rtabmap-0.21/rtabmap/core/odometry/OdometryF2F.h
[0.864s] -- Up-to-date: /home/chaung/f_ws/install/rtabmap/include/rtabmap-0.21/rtabmap/core/odometry/OdometryOpenVINS.h
[0.864s] -- Up-to-date: /home/chaung/f_ws/install/rtabmap/include/rtabmap-0.21/rtabmap/core/odometry/OdometryFovis.h
[0.864s] -- Up-to-date: /home/chaung/f_ws/install/rtabmap/include/rtabmap-0.21/rtabmap/core/odometry/OdometryOpen3D.h
[0.864s] -- Up-to-date: /home/chaung/f_ws/install/rtabmap/include/rtabmap-0.21/rtabmap/core/odometry/OdometryORBSLAM.h
[0.867s] -- Up-to-date: /home/chaung/f_ws/install/rtabmap/include/rtabmap-0.21/rtabmap/core/odometry/OdometryMono.h
[0.867s] -- Up-to-date: /home/chaung/f_ws/install/rtabmap/include/rtabmap-0.21/rtabmap/core/odometry/OdometryFLOAM.h
[0.868s] -- Up-to-date: /home/chaung/f_ws/install/rtabmap/include/rtabmap-0.21/rtabmap/core/Graph.h
[0.869s] -- Up-to-date: /home/chaung/f_ws/install/rtabmap/include/rtabmap-0.21/rtabmap/core/camera
[0.872s] -- Up-to-date: /home/chaung/f_ws/install/rtabmap/include/rtabmap-0.21/rtabmap/core/camera/CameraStereoImages.h
[0.872s] -- Up-to-date: /home/chaung/f_ws/install/rtabmap/include/rtabmap-0.21/rtabmap/core/camera/CameraOpenNICV.h
[0.872s] -- Up-to-date: /home/chaung/f_ws/install/rtabmap/include/rtabmap-0.21/rtabmap/core/camera/CameraOpenNI2.h
[0.873s] -- Up-to-date: /home/chaung/f_ws/install/rtabmap/include/rtabmap-0.21/rtabmap/core/camera/CameraK4A.h
[0.873s] -- Up-to-date: /home/chaung/f_ws/install/rtabmap/include/rtabmap-0.21/rtabmap/core/camera/CameraRGBDImages.h
[0.873s] -- Up-to-date: /home/chaung/f_ws/install/rtabmap/include/rtabmap-0.21/rtabmap/core/camera/CameraStereoZedOC.h
[0.873s] -- Up-to-date: /home/chaung/f_ws/install/rtabmap/include/rtabmap-0.21/rtabmap/core/camera/CameraVideo.h
[0.873s] -- Up-to-date: /home/chaung/f_ws/install/rtabmap/include/rtabmap-0.21/rtabmap/core/camera/CameraRealSense2.h
[0.873s] -- Up-to-date: /home/chaung/f_ws/install/rtabmap/include/rtabmap-0.21/rtabmap/core/camera/CameraRealSense.h
[0.873s] -- Up-to-date: /home/chaung/f_ws/install/rtabmap/include/rtabmap-0.21/rtabmap/core/camera/CameraStereoDC1394.h
[0.873s] -- Up-to-date: /home/chaung/f_ws/install/rtabmap/include/rtabmap-0.21/rtabmap/core/camera/CameraMyntEye.h
[0.874s] -- Up-to-date: /home/chaung/f_ws/install/rtabmap/include/rtabmap-0.21/rtabmap/core/camera/CameraStereoTara.h
[0.874s] -- Up-to-date: /home/chaung/f_ws/install/rtabmap/include/rtabmap-0.21/rtabmap/core/camera/CameraStereoZed.h
[0.874s] -- Up-to-date: /home/chaung/f_ws/install/rtabmap/include/rtabmap-0.21/rtabmap/core/camera/CameraImages.h
[0.874s] -- Up-to-date: /home/chaung/f_ws/install/rtabmap/include/rtabmap-0.21/rtabmap/core/camera/CameraFreenect2.h
[0.874s] -- Up-to-date: /home/chaung/f_ws/install/rtabmap/include/rtabmap-0.21/rtabmap/core/camera/CameraK4W2.h
[0.874s] -- Up-to-date: /home/chaung/f_ws/install/rtabmap/include/rtabmap-0.21/rtabmap/core/camera/CameraStereoFlyCapture2.h
[0.874s] -- Up-to-date: /home/chaung/f_ws/install/rtabmap/include/rtabmap-0.21/rtabmap/core/camera/CameraDepthAI.h
[0.874s] -- Up-to-date: /home/chaung/f_ws/install/rtabmap/include/rtabmap-0.21/rtabmap/core/camera/CameraOpenni.h
[0.875s] -- Up-to-date: /home/chaung/f_ws/install/rtabmap/include/rtabmap-0.21/rtabmap/core/camera/CameraStereoVideo.h
[0.875s] -- Up-to-date: /home/chaung/f_ws/install/rtabmap/include/rtabmap-0.21/rtabmap/core/camera/CameraFreenect.h
[0.875s] -- Up-to-date: /home/chaung/f_ws/install/rtabmap/include/rtabmap-0.21/rtabmap/core/Recovery.h
[0.875s] -- Up-to-date: /home/chaung/f_ws/install/rtabmap/include/rtabmap-0.21/rtabmap/core/CameraStereo.h
[0.875s] -- Up-to-date: /home/chaung/f_ws/install/rtabmap/include/rtabmap-0.21/rtabmap/core/clams
[0.875s] -- Up-to-date: /home/chaung/f_ws/install/rtabmap/include/rtabmap-0.21/rtabmap/core/clams/discrete_depth_distortion_model.h
[0.876s] -- Up-to-date: /home/chaung/f_ws/install/rtabmap/include/rtabmap-0.21/rtabmap/core/clams/frame_projector.h
[0.876s] -- Up-to-date: /home/chaung/f_ws/install/rtabmap/include/rtabmap-0.21/rtabmap/core/clams/slam_calibrator.h
[0.876s] -- Up-to-date: /home/chaung/f_ws/install/rtabmap/include/rtabmap-0.21/rtabmap/core/PythonInterface.h
[0.876s] -- Up-to-date: /home/chaung/f_ws/install/rtabmap/include/rtabmap-0.21/rtabmap/core/Features2d.h
[0.876s] -- Up-to-date: /home/chaung/f_ws/install/rtabmap/include/rtabmap-0.21/rtabmap/core/Camera.h
[0.876s] -- Up-to-date: /home/chaung/f_ws/install/rtabmap/include/rtabmap-0.21/rtabmap/core/Stereo.h
[0.876s] -- Up-to-date: /home/chaung/f_ws/install/rtabmap/include/rtabmap-0.21/rtabmap/core/EpipolarGeometry.h
[0.876s] -- Up-to-date: /home/chaung/f_ws/install/rtabmap/include/rtabmap-0.21/rtabmap/core/OdometryEvent.h
[0.876s] -- Up-to-date: /home/chaung/f_ws/install/rtabmap/include/rtabmap-0.21/rtabmap/core/Image.h
[0.877s] -- Up-to-date: /home/chaung/f_ws/install/rtabmap/include/rtabmap-0.21/rtabmap/core/Optimizer.h
[0.877s] -- Up-to-date: /home/chaung/f_ws/install/rtabmap/include/rtabmap-0.21/rtabmap/core/GainCompensator.h
[0.877s] -- Up-to-date: /home/chaung/f_ws/install/rtabmap/include/rtabmap-0.21/rtabmap/core/RegistrationIcp.h
[0.877s] -- Up-to-date: /home/chaung/f_ws/install/rtabmap/include/rtabmap-0.21/rtabmap/core/util3d_surface.h
[0.877s] -- Up-to-date: /home/chaung/f_ws/install/rtabmap/include/rtabmap-0.21/rtabmap/core/IMUFilter.h
[0.878s] -- Up-to-date: /home/chaung/f_ws/install/rtabmap/include/rtabmap-0.21/rtabmap/core/DBDriver.h
[0.878s] -- Up-to-date: /home/chaung/f_ws/install/rtabmap/include/rtabmap-0.21/rtabmap
[0.878s] -- Up-to-date: /home/chaung/f_ws/install/rtabmap/include/rtabmap-0.21/rtabmap/core
[0.878s] -- Up-to-date: /home/chaung/f_ws/install/rtabmap/include/rtabmap-0.21/rtabmap/core/rtabmap_core_export.h
[0.878s] -- Up-to-date: /home/chaung/f_ws/install/rtabmap/include/rtabmap-0.21/rtabmap/core/Version.h
[0.881s] -- Up-to-date: /home/chaung/f_ws/install/rtabmap/lib/rtabmap-0.21/RTABMap_coreTargets.cmake
[0.881s] -- Up-to-date: /home/chaung/f_ws/install/rtabmap/lib/rtabmap-0.21/RTABMap_coreTargets-release.cmake
[0.881s] -- Up-to-date: /home/chaung/f_ws/install/rtabmap/lib/librtabmap_gui.so.0.21.1
[0.881s] -- Up-to-date: /home/chaung/f_ws/install/rtabmap/lib/librtabmap_gui.so.0.21
[0.882s] -- Up-to-date: /home/chaung/f_ws/install/rtabmap/lib/librtabmap_gui.so
[0.882s] -- Up-to-date: /home/chaung/f_ws/install/rtabmap/include/rtabmap-0.21/rtabmap
[0.882s] -- Up-to-date: /home/chaung/f_ws/install/rtabmap/include/rtabmap-0.21/rtabmap/gui
[0.882s] -- Up-to-date: /home/chaung/f_ws/install/rtabmap/include/rtabmap-0.21/rtabmap/gui/PostProcessingDialog.h
[0.882s] -- Up-to-date: /home/chaung/f_ws/install/rtabmap/include/rtabmap-0.21/rtabmap/gui/ParametersToolBox.h
[0.882s] -- Up-to-date: /home/chaung/f_ws/install/rtabmap/include/rtabmap-0.21/rtabmap/gui/EditConstraintDialog.h
[0.883s] -- Up-to-date: /home/chaung/f_ws/install/rtabmap/include/rtabmap-0.21/rtabmap/gui/CameraViewer.h
[0.883s] -- Up-to-date: /home/chaung/f_ws/install/rtabmap/include/rtabmap-0.21/rtabmap/gui/PdfPlot.h
[0.883s] -- Up-to-date: /home/chaung/f_ws/install/rtabmap/include/rtabmap-0.21/rtabmap/gui/ConsoleWidget.h
[0.883s] -- Up-to-date: /home/chaung/f_ws/install/rtabmap/include/rtabmap-0.21/rtabmap/gui/CreateSimpleCalibrationDialog.h
[0.884s] -- Up-to-date: /home/chaung/f_ws/install/rtabmap/include/rtabmap-0.21/rtabmap/gui/CloudViewer.h
[0.884s] -- Up-to-date: /home/chaung/f_ws/install/rtabmap/include/rtabmap-0.21/rtabmap/gui/StatsToolBox.h
[0.884s] -- Up-to-date: /home/chaung/f_ws/install/rtabmap/include/rtabmap-0.21/rtabmap/gui/DatabaseViewer.h
[0.886s] -- Up-to-date: /home/chaung/f_ws/install/rtabmap/include/rtabmap-0.21/rtabmap/gui/LoopClosureViewer.h
[0.887s] -- Up-to-date: /home/chaung/f_ws/install/rtabmap/include/rtabmap-0.21/rtabmap/gui/CalibrationDialog.h
[0.887s] -- Up-to-date: /home/chaung/f_ws/install/rtabmap/include/rtabmap-0.21/rtabmap/gui/MultiSessionLocWidget.h
[0.887s] -- Up-to-date: /home/chaung/f_ws/install/rtabmap/include/rtabmap-0.21/rtabmap/gui/ExportDialog.h
[0.887s] -- Up-to-date: /home/chaung/f_ws/install/rtabmap/include/rtabmap-0.21/rtabmap/gui/DepthCalibrationDialog.h
[0.887s] -- Up-to-date: /home/chaung/f_ws/install/rtabmap/include/rtabmap-0.21/rtabmap/gui/TexturingState.h
[0.888s] -- Up-to-date: /home/chaung/f_ws/install/rtabmap/include/rtabmap-0.21/rtabmap/gui/MultiSessionLocSubView.h
[0.888s] -- Up-to-date: /home/chaung/f_ws/install/rtabmap/include/rtabmap-0.21/rtabmap/gui/KeypointItem.h
[0.888s] -- Up-to-date: /home/chaung/f_ws/install/rtabmap/include/rtabmap-0.21/rtabmap/gui/ImageView.h
[0.888s] -- Up-to-date: /home/chaung/f_ws/install/rtabmap/include/rtabmap-0.21/rtabmap/gui/AboutDialog.h
[0.888s] -- Up-to-date: /home/chaung/f_ws/install/rtabmap/include/rtabmap-0.21/rtabmap/gui/RecoveryState.h
[0.888s] -- Up-to-date: /home/chaung/f_ws/install/rtabmap/include/rtabmap-0.21/rtabmap/gui/DataRecorder.h
[0.889s] -- Up-to-date: /home/chaung/f_ws/install/rtabmap/include/rtabmap-0.21/rtabmap/gui/ExportBundlerDialog.h
[0.889s] -- Up-to-date: /home/chaung/f_ws/install/rtabmap/include/rtabmap-0.21/rtabmap/gui/CloudViewerCellPicker.h
[0.889s] -- Up-to-date: /home/chaung/f_ws/install/rtabmap/include/rtabmap-0.21/rtabmap/gui/CloudViewerInteractorStyle.h
[0.890s] -- Up-to-date: /home/chaung/f_ws/install/rtabmap/include/rtabmap-0.21/rtabmap/gui/ProgressDialog.h
[0.892s] -- Up-to-date: /home/chaung/f_ws/install/rtabmap/include/rtabmap-0.21/rtabmap/gui/EditDepthArea.h
[0.892s] -- Up-to-date: /home/chaung/f_ws/install/rtabmap/include/rtabmap-0.21/rtabmap/gui/PreferencesDialog.h
[0.893s] -- Up-to-date: /home/chaung/f_ws/install/rtabmap/include/rtabmap-0.21/rtabmap/gui/OdometryViewer.h
[0.893s] -- Up-to-date: /home/chaung/f_ws/install/rtabmap/include/rtabmap-0.21/rtabmap/gui/GraphViewer.h
[0.893s] -- Up-to-date: /home/chaung/f_ws/install/rtabmap/include/rtabmap-0.21/rtabmap/gui/ExportCloudsDialog.h
[0.895s] -- Up-to-date: /home/chaung/f_ws/install/rtabmap/include/rtabmap-0.21/rtabmap/gui/EditMapArea.h
[0.895s] -- Up-to-date: /home/chaung/f_ws/install/rtabmap/include/rtabmap-0.21/rtabmap/gui/MainWindow.h
[0.895s] -- Up-to-date: /home/chaung/f_ws/install/rtabmap/include/rtabmap-0.21/rtabmap/gui/MapVisibilityWidget.h
[0.896s] -- Up-to-date: /home/chaung/f_ws/install/rtabmap/include/rtabmap-0.21/rtabmap/utilite
[0.896s] -- Up-to-date: /home/chaung/f_ws/install/rtabmap/include/rtabmap-0.21/rtabmap/utilite/UPlot.h
[0.896s] -- Up-to-date: /home/chaung/f_ws/install/rtabmap/include/rtabmap-0.21/rtabmap/utilite/UImageView.h
[0.896s] -- Up-to-date: /home/chaung/f_ws/install/rtabmap/include/rtabmap-0.21/rtabmap/utilite/UCv2Qt.h
[0.897s] -- Up-to-date: /home/chaung/f_ws/install/rtabmap/include/rtabmap-0.21/rtabmap
[0.897s] -- Up-to-date: /home/chaung/f_ws/install/rtabmap/include/rtabmap-0.21/rtabmap/gui
[0.897s] -- Up-to-date: /home/chaung/f_ws/install/rtabmap/include/rtabmap-0.21/rtabmap/gui/rtabmap_gui_export.h
[0.897s] -- Up-to-date: /home/chaung/f_ws/install/rtabmap/lib/rtabmap-0.21/RTABMap_guiTargets.cmake
[0.898s] -- Up-to-date: /home/chaung/f_ws/install/rtabmap/lib/rtabmap-0.21/RTABMap_guiTargets-release.cmake
[0.898s] -- Up-to-date: /home/chaung/f_ws/install/rtabmap/bin/rtabmap
[0.898s] -- Up-to-date: /home/chaung/f_ws/install/rtabmap/bin/rtabmap-console
[0.901s] -- Up-to-date: /home/chaung/f_ws/install/rtabmap/bin/rtabmap-extractObject
[0.901s] -- Up-to-date: /home/chaung/f_ws/install/rtabmap/bin/rtabmap-camera
[0.901s] -- Up-to-date: /home/chaung/f_ws/install/rtabmap/bin/rtabmap-kitti_dataset
[0.904s] -- Up-to-date: /home/chaung/f_ws/install/rtabmap/bin/rtabmap-rgbd_dataset
[0.904s] -- Up-to-date: /home/chaung/f_ws/install/rtabmap/bin/rtabmap-euroc_dataset
[0.910s] -- Up-to-date: /home/chaung/f_ws/install/rtabmap/bin/rtabmap-recovery
[0.910s] -- Up-to-date: /home/chaung/f_ws/install/rtabmap/bin/rtabmap-reprocess
[0.910s] -- Up-to-date: /home/chaung/f_ws/install/rtabmap/bin/rtabmap-detectMoreLoopClosures
[0.910s] -- Up-to-date: /home/chaung/f_ws/install/rtabmap/bin/rtabmap-export
[0.911s] -- Up-to-date: /home/chaung/f_ws/install/rtabmap/bin/rtabmap-report
[0.911s] -- Up-to-date: /home/chaung/f_ws/install/rtabmap/bin/rtabmap-info
[0.911s] -- Up-to-date: /home/chaung/f_ws/install/rtabmap/bin/rtabmap-cleanupLocalGrids
[0.911s] -- Up-to-date: /home/chaung/f_ws/install/rtabmap/bin/rtabmap-globalBundleAdjustment
[0.911s] -- Up-to-date: /home/chaung/f_ws/install/rtabmap/bin/rtabmap-rgbd_camera
[0.913s] -- Up-to-date: /home/chaung/f_ws/install/rtabmap/bin/rtabmap-databaseViewer
[0.913s] -- Up-to-date: /home/chaung/f_ws/install/rtabmap/bin/rtabmap-odometryViewer
[0.914s] -- Up-to-date: /home/chaung/f_ws/install/rtabmap/bin/rtabmap-dataRecorder
[0.914s] -- Up-to-date: /home/chaung/f_ws/install/rtabmap/bin/rtabmap-calibration
[0.919s] Invoked command in '/home/chaung/f_ws/build/rtabmap' returned '0': CMAKE_PREFIX_PATH=/home/chaung/f_ws/install/sllidar_ros2:/home/chaung/f_ws/install/slam_gmapping:/home/chaung/f_ws/install/rtabmap_ros:/home/chaung/f_ws/install/rtabmap_launch:/home/chaung/f_ws/install/rtabmap_examples:/home/chaung/f_ws/install/rtabmap_demos:/home/chaung/f_ws/install/rtabmap_viz:/home/chaung/f_ws/install/rtabmap_slam:/home/chaung/f_ws/install/rtabmap_odom:/home/chaung/f_ws/install/rtabmap_util:/home/chaung/f_ws/install/rtabmap_sync:/home/chaung/f_ws/install/rtabmap_rviz_plugins:/home/chaung/f_ws/install/rtabmap_conversions:/home/chaung/f_ws/install/rtabmap_python:/home/chaung/f_ws/install/bno055:/opt/ros/foxy:/home/chaung/f_ws/install/rtabmap_msgs:/home/chaung/f_ws/install/rtabmap:/home/chaung/f_ws/install/openslam_gmapping:/home/chaung/f_ws/install/hls_lfcd_lds_driver:/home/chaung/f_ws/install/dynamixel_sdk_examples:/home/chaung/f_ws/install/dynamixel_sdk_custom_interfaces:/home/chaung/f_ws/install/dynamixel_sdk /usr/bin/cmake --install /home/chaung/f_ws/build/rtabmap
