[0.898s] Invoking command in '/home/chaung/f_ws/build/bno055': PYTHONPATH=/home/chaung/f_ws/build/bno055/prefix_override:/home/chaung/f_ws/install/bno055/lib/python3.8/site-packages:${PYTHONPATH} /usr/bin/python3 setup.py develop --uninstall --editable --build-directory /home/chaung/f_ws/build/bno055/build
[1.068s] running develop
[1.180s] Invoked command in '/home/chaung/f_ws/build/bno055' returned '0': PYTHONPATH=/home/chaung/f_ws/build/bno055/prefix_override:/home/chaung/f_ws/install/bno055/lib/python3.8/site-packages:${PYTHONPATH} /usr/bin/python3 setup.py develop --uninstall --editable --build-directory /home/chaung/f_ws/build/bno055/build
[1.181s] Invoking command in '/home/chaung/f_ws/src/bno055': PYTHONPATH=/home/chaung/f_ws/build/bno055/prefix_override:/home/chaung/f_ws/install/bno055/lib/python3.8/site-packages:${PYTHONPATH} /usr/bin/python3 setup.py egg_info --egg-base ../../build/bno055 build --build-base /home/chaung/f_ws/build/bno055/build install --record /home/chaung/f_ws/build/bno055/install.log --single-version-externally-managed
[1.342s] running egg_info
[1.342s] writing ../../build/bno055/bno055.egg-info/PKG-INFO
[1.342s] writing dependency_links to ../../build/bno055/bno055.egg-info/dependency_links.txt
[1.342s] writing entry points to ../../build/bno055/bno055.egg-info/entry_points.txt
[1.342s] writing requirements to ../../build/bno055/bno055.egg-info/requires.txt
[1.343s] writing top-level names to ../../build/bno055/bno055.egg-info/top_level.txt
[1.368s] reading manifest file '../../build/bno055/bno055.egg-info/SOURCES.txt'
[1.369s] writing manifest file '../../build/bno055/bno055.egg-info/SOURCES.txt'
[1.369s] running build
[1.369s] running build_py
[1.370s] running install
[1.370s] running install_lib
[1.372s] running install_data
[1.372s] running install_egg_info
[1.373s] removing '/home/chaung/f_ws/install/bno055/lib/python3.8/site-packages/bno055-0.4.1-py3.8.egg-info' (and everything under it)
[1.373s] Copying ../../build/bno055/bno055.egg-info to /home/chaung/f_ws/install/bno055/lib/python3.8/site-packages/bno055-0.4.1-py3.8.egg-info
[1.374s] running install_scripts
[1.386s] Installing bno055 script to /home/chaung/f_ws/install/bno055/lib/bno055
[1.386s] writing list of installed files to '/home/chaung/f_ws/build/bno055/install.log'
[1.405s] Invoked command in '/home/chaung/f_ws/src/bno055' returned '0': PYTHONPATH=/home/chaung/f_ws/build/bno055/prefix_override:/home/chaung/f_ws/install/bno055/lib/python3.8/site-packages:${PYTHONPATH} /usr/bin/python3 setup.py egg_info --egg-base ../../build/bno055 build --build-base /home/chaung/f_ws/build/bno055/build install --record /home/chaung/f_ws/build/bno055/install.log --single-version-externally-managed
