[0.026s] Invoking command in '/home/chaung/f_ws/build/rtabmap_sync': CMAKE_PREFIX_PATH=/home/chaung/f_ws/install/rtabmap_conversions:/home/chaung/f_ws/install/rtabmap_python:/home/chaung/f_ws/install/bno055:/opt/ros/foxy:/home/chaung/f_ws/install/rtabmap_msgs:/home/chaung/f_ws/install/rtabmap:/home/chaung/f_ws/install/sllidar_ros2:/home/chaung/f_ws/install/slam_gmapping:/home/chaung/f_ws/install/rtabmap_ros:/home/chaung/f_ws/install/rtabmap_launch:/home/chaung/f_ws/install/rtabmap_examples:/home/chaung/f_ws/install/rtabmap_demos:/home/chaung/f_ws/install/rtabmap_viz:/home/chaung/f_ws/install/rtabmap_slam:/home/chaung/f_ws/install/rtabmap_odom:/home/chaung/f_ws/install/rtabmap_util:/home/chaung/f_ws/install/rtabmap_sync:/home/chaung/f_ws/install/rtabmap_rviz_plugins:/home/chaung/f_ws/install/openslam_gmapping:/home/chaung/f_ws/install/hls_lfcd_lds_driver:/home/chaung/f_ws/install/dynamixel_sdk_examples:/home/chaung/f_ws/install/dynamixel_sdk_custom_interfaces:/home/chaung/f_ws/install/dynamixel_sdk LD_LIBRARY_PATH=/home/chaung/f_ws/install/rtabmap_conversions/lib:/home/chaung/f_ws/install/rtabmap_msgs/lib:/home/chaung/f_ws/install/rtabmap/lib:/home/chaung/f_ws/install/rtabmap_slam/lib:/home/chaung/f_ws/install/rtabmap_odom/lib:/home/chaung/f_ws/install/rtabmap_util/lib:/home/chaung/f_ws/install/rtabmap_sync/lib:/home/chaung/f_ws/install/rtabmap_rviz_plugins/lib:/home/chaung/f_ws/install/openslam_gmapping/lib:/home/chaung/f_ws/install/dynamixel_sdk_custom_interfaces/lib:/home/chaung/f_ws/install/dynamixel_sdk/lib:/usr/lib/x86_64-linux-gnu/gazebo-11/plugins:/opt/ros/foxy/opt/yaml_cpp_vendor/lib:/opt/ros/foxy/opt/rviz_ogre_vendor/lib:/opt/ros/foxy/lib/x86_64-linux-gnu:/opt/ros/foxy/lib PYTHONPATH=/home/chaung/f_ws/install/rtabmap_msgs/lib/python3.8/site-packages:/home/chaung/f_ws/install/rtabmap_python/lib/python3.8/site-packages:/home/chaung/f_ws/install/dynamixel_sdk_custom_interfaces/lib/python3.8/site-packages:/home/chaung/f_ws/install/bno055/lib/python3.8/site-packages:/opt/ros/foxy/lib/python3.8/site-packages /usr/bin/cmake /home/chaung/f_ws/src/rtabmap_ros/rtabmap_sync -DAMENT_CMAKE_SYMLINK_INSTALL=1 -DCMAKE_INSTALL_PREFIX=/home/chaung/f_ws/install/rtabmap_sync
[0.041s] -- Found cv_bridge: 3.0.7 (/opt/ros/foxy/share/cv_bridge/cmake)
[0.063s] -- Using PYTHON_EXECUTABLE: /usr/bin/python3
[0.196s] -- Override CMake install command with custom implementation using symlinks instead of copying resources
[0.245s] -- Using all available rosidl_typesupport_c: rosidl_typesupport_fastrtps_c;rosidl_typesupport_introspection_c
[0.248s] -- Found rosidl_adapter: 1.3.0 (/opt/ros/foxy/share/rosidl_adapter/cmake)
[0.339s] -- Using all available rosidl_typesupport_cpp: rosidl_typesupport_fastrtps_cpp;rosidl_typesupport_introspection_cpp
[0.482s] -- Found image_transport: 2.4.0 (/opt/ros/foxy/share/image_transport/cmake)
[0.512s] -- Found rmw_implementation_cmake: 1.0.4 (/opt/ros/foxy/share/rmw_implementation_cmake/cmake)
[0.513s] -- Using RMW implementation 'rmw_fastrtps_cpp' as default
[0.655s] -- Found nav_msgs: 2.0.5 (/opt/ros/foxy/share/nav_msgs/cmake)
[0.708s] -- Found rclcpp_components: 2.4.2 (/opt/ros/foxy/share/rclcpp_components/cmake)
[0.744s] -- Found rtabmap_conversions: 0.21.1 (/home/chaung/f_ws/install/rtabmap_conversions/share/rtabmap_conversions/cmake)
[1.352s] -- Eigen found (include: /usr/include/eigen3, version: 3.3.7)
[1.364s] -- OpenNI found (include: /usr/include/ni, lib: /usr/lib/libOpenNI.so)
[1.368s] -- OpenNI2 found (include: /usr/include/openni2, lib: /usr/lib/libOpenNI2.so)
[1.411s] -- The imported target "vtkParseOGLExt" references the file
[1.411s]    "/usr/bin/vtkParseOGLExt-7.1"
[1.411s] but this file does not exist.  Possible reasons include:
[1.411s] * The file was deleted, renamed, or moved to another location.
[1.411s] * An install or uninstall procedure did not complete successfully.
[1.411s] * The installation package was faulty and contained
[1.411s]    "/usr/lib/cmake/vtk-7.1/VTKTargets.cmake"
[1.411s] but not all the files it references.
[1.411s] 
[1.411s] -- The imported target "vtkRenderingPythonTkWidgets" references the file
[1.411s]    "/usr/lib/x86_64-linux-gnu/libvtkRenderingPythonTkWidgets.so"
[1.411s] but this file does not exist.  Possible reasons include:
[1.412s] * The file was deleted, renamed, or moved to another location.
[1.412s] * An install or uninstall procedure did not complete successfully.
[1.412s] * The installation package was faulty and contained
[1.412s]    "/usr/lib/cmake/vtk-7.1/VTKTargets.cmake"
[1.412s] but not all the files it references.
[1.412s] 
[1.412s] -- The imported target "vtk" references the file
[1.412s]    "/usr/bin/vtk"
[1.412s] but this file does not exist.  Possible reasons include:
[1.412s] * The file was deleted, renamed, or moved to another location.
[1.412s] * An install or uninstall procedure did not complete successfully.
[1.412s] * The installation package was faulty and contained
[1.412s]    "/usr/lib/cmake/vtk-7.1/VTKTargets.cmake"
[1.412s] but not all the files it references.
[1.413s] 
[1.413s] -- The imported target "pvtk" references the file
[1.413s]    "/usr/bin/pvtk"
[1.413s] but this file does not exist.  Possible reasons include:
[1.413s] * The file was deleted, renamed, or moved to another location.
[1.413s] * An install or uninstall procedure did not complete successfully.
[1.413s] * The installation package was faulty and contained
[1.413s]    "/usr/lib/cmake/vtk-7.1/VTKTargets.cmake"
[1.413s] but not all the files it references.
[1.413s] 
[1.444s] -- QHULL found (include: /usr/include, lib: optimized;/usr/lib/x86_64-linux-gnu/libqhull.so;debug;/usr/lib/x86_64-linux-gnu/libqhull.so)
[1.468s] -- OpenNI found (include: /usr/include/ni, lib: /usr/lib/libOpenNI.so)
[1.473s] -- OpenNI2 found (include: /usr/include/openni2, lib: /usr/lib/libOpenNI2.so)
[1.512s] -- RTABMAP_SYNC_MULTI_RGBD = OFF
[1.512s] -- RTABMAP_SYNC_USER_DATA  = OFF
[1.731s] -- Configuring done
[1.763s] CMake Warning at CMakeLists.txt:90 (add_library):
[1.763s]   Cannot generate a safe runtime search path for target rtabmap_sync because
[1.763s]   files in some directories may conflict with libraries in implicit
[1.763s]   directories:
[1.763s] 
[1.763s]     runtime library [liboctomap.so.1.9] in /usr/lib/x86_64-linux-gnu may be hidden by files in:
[1.763s]       /opt/ros/foxy/lib
[1.763s]     runtime library [liboctomath.so.1.9] in /usr/lib/x86_64-linux-gnu may be hidden by files in:
[1.763s]       /opt/ros/foxy/lib
[1.764s] 
[1.764s]   Some of these libraries may not be found correctly.
[1.764s] 
[1.764s] 
[1.802s] CMake Warning at CMakeLists.txt:93 (add_library):
[1.802s]   Cannot generate a safe runtime search path for target rtabmap_sync_plugins
[1.802s]   because files in some directories may conflict with libraries in implicit
[1.802s]   directories:
[1.802s] 
[1.802s]     runtime library [liboctomap.so.1.9] in /usr/lib/x86_64-linux-gnu may be hidden by files in:
[1.802s]       /opt/ros/foxy/lib
[1.802s]     runtime library [liboctomath.so.1.9] in /usr/lib/x86_64-linux-gnu may be hidden by files in:
[1.802s]       /opt/ros/foxy/lib
[1.802s] 
[1.802s]   Some of these libraries may not be found correctly.
[1.802s] 
[1.803s] 
[1.856s] CMake Warning at CMakeLists.txt:111 (add_executable):
[1.856s]   Cannot generate a safe runtime search path for target rtabmap_rgbd_sync
[1.856s]   because files in some directories may conflict with libraries in implicit
[1.856s]   directories:
[1.856s] 
[1.856s]     runtime library [liboctomap.so.1.9] in /usr/lib/x86_64-linux-gnu may be hidden by files in:
[1.856s]       /opt/ros/foxy/lib
[1.856s]     runtime library [liboctomath.so.1.9] in /usr/lib/x86_64-linux-gnu may be hidden by files in:
[1.856s]       /opt/ros/foxy/lib
[1.856s] 
[1.856s]   Some of these libraries may not be found correctly.
[1.856s] 
[1.856s] 
[1.920s] CMake Warning at CMakeLists.txt:116 (add_executable):
[1.920s]   Cannot generate a safe runtime search path for target rtabmap_rgbdx_sync
[1.920s]   because files in some directories may conflict with libraries in implicit
[1.920s]   directories:
[1.920s] 
[1.920s]     runtime library [liboctomap.so.1.9] in /usr/lib/x86_64-linux-gnu may be hidden by files in:
[1.920s]       /opt/ros/foxy/lib
[1.920s]     runtime library [liboctomath.so.1.9] in /usr/lib/x86_64-linux-gnu may be hidden by files in:
[1.920s]       /opt/ros/foxy/lib
[1.920s] 
[1.920s]   Some of these libraries may not be found correctly.
[1.921s] 
[1.921s] 
[1.960s] CMake Warning at CMakeLists.txt:121 (add_executable):
[1.960s]   Cannot generate a safe runtime search path for target rtabmap_stereo_sync
[1.960s]   because files in some directories may conflict with libraries in implicit
[1.960s]   directories:
[1.960s] 
[1.960s]     runtime library [liboctomap.so.1.9] in /usr/lib/x86_64-linux-gnu may be hidden by files in:
[1.960s]       /opt/ros/foxy/lib
[1.960s]     runtime library [liboctomath.so.1.9] in /usr/lib/x86_64-linux-gnu may be hidden by files in:
[1.960s]       /opt/ros/foxy/lib
[1.960s] 
[1.960s]   Some of these libraries may not be found correctly.
[1.960s] 
[1.960s] 
[1.999s] CMake Warning at CMakeLists.txt:126 (add_executable):
[1.999s]   Cannot generate a safe runtime search path for target rtabmap_rgb_sync
[1.999s]   because files in some directories may conflict with libraries in implicit
[1.999s]   directories:
[1.999s] 
[1.999s]     runtime library [liboctomap.so.1.9] in /usr/lib/x86_64-linux-gnu may be hidden by files in:
[1.999s]       /opt/ros/foxy/lib
[1.999s]     runtime library [liboctomath.so.1.9] in /usr/lib/x86_64-linux-gnu may be hidden by files in:
[1.999s]       /opt/ros/foxy/lib
[1.999s] 
[1.999s]   Some of these libraries may not be found correctly.
[2.000s] 
[2.000s] 
[2.023s] -- Generating done
[2.025s] -- Build files have been written to: /home/chaung/f_ws/build/rtabmap_sync
[2.035s] Invoked command in '/home/chaung/f_ws/build/rtabmap_sync' returned '0': CMAKE_PREFIX_PATH=/home/chaung/f_ws/install/rtabmap_conversions:/home/chaung/f_ws/install/rtabmap_python:/home/chaung/f_ws/install/bno055:/opt/ros/foxy:/home/chaung/f_ws/install/rtabmap_msgs:/home/chaung/f_ws/install/rtabmap:/home/chaung/f_ws/install/sllidar_ros2:/home/chaung/f_ws/install/slam_gmapping:/home/chaung/f_ws/install/rtabmap_ros:/home/chaung/f_ws/install/rtabmap_launch:/home/chaung/f_ws/install/rtabmap_examples:/home/chaung/f_ws/install/rtabmap_demos:/home/chaung/f_ws/install/rtabmap_viz:/home/chaung/f_ws/install/rtabmap_slam:/home/chaung/f_ws/install/rtabmap_odom:/home/chaung/f_ws/install/rtabmap_util:/home/chaung/f_ws/install/rtabmap_sync:/home/chaung/f_ws/install/rtabmap_rviz_plugins:/home/chaung/f_ws/install/openslam_gmapping:/home/chaung/f_ws/install/hls_lfcd_lds_driver:/home/chaung/f_ws/install/dynamixel_sdk_examples:/home/chaung/f_ws/install/dynamixel_sdk_custom_interfaces:/home/chaung/f_ws/install/dynamixel_sdk LD_LIBRARY_PATH=/home/chaung/f_ws/install/rtabmap_conversions/lib:/home/chaung/f_ws/install/rtabmap_msgs/lib:/home/chaung/f_ws/install/rtabmap/lib:/home/chaung/f_ws/install/rtabmap_slam/lib:/home/chaung/f_ws/install/rtabmap_odom/lib:/home/chaung/f_ws/install/rtabmap_util/lib:/home/chaung/f_ws/install/rtabmap_sync/lib:/home/chaung/f_ws/install/rtabmap_rviz_plugins/lib:/home/chaung/f_ws/install/openslam_gmapping/lib:/home/chaung/f_ws/install/dynamixel_sdk_custom_interfaces/lib:/home/chaung/f_ws/install/dynamixel_sdk/lib:/usr/lib/x86_64-linux-gnu/gazebo-11/plugins:/opt/ros/foxy/opt/yaml_cpp_vendor/lib:/opt/ros/foxy/opt/rviz_ogre_vendor/lib:/opt/ros/foxy/lib/x86_64-linux-gnu:/opt/ros/foxy/lib PYTHONPATH=/home/chaung/f_ws/install/rtabmap_msgs/lib/python3.8/site-packages:/home/chaung/f_ws/install/rtabmap_python/lib/python3.8/site-packages:/home/chaung/f_ws/install/dynamixel_sdk_custom_interfaces/lib/python3.8/site-packages:/home/chaung/f_ws/install/bno055/lib/python3.8/site-packages:/opt/ros/foxy/lib/python3.8/site-packages /usr/bin/cmake /home/chaung/f_ws/src/rtabmap_ros/rtabmap_sync -DAMENT_CMAKE_SYMLINK_INSTALL=1 -DCMAKE_INSTALL_PREFIX=/home/chaung/f_ws/install/rtabmap_sync
[2.038s] Invoking command in '/home/chaung/f_ws/build/rtabmap_sync': CMAKE_PREFIX_PATH=/home/chaung/f_ws/install/rtabmap_conversions:/home/chaung/f_ws/install/rtabmap_python:/home/chaung/f_ws/install/bno055:/opt/ros/foxy:/home/chaung/f_ws/install/rtabmap_msgs:/home/chaung/f_ws/install/rtabmap:/home/chaung/f_ws/install/sllidar_ros2:/home/chaung/f_ws/install/slam_gmapping:/home/chaung/f_ws/install/rtabmap_ros:/home/chaung/f_ws/install/rtabmap_launch:/home/chaung/f_ws/install/rtabmap_examples:/home/chaung/f_ws/install/rtabmap_demos:/home/chaung/f_ws/install/rtabmap_viz:/home/chaung/f_ws/install/rtabmap_slam:/home/chaung/f_ws/install/rtabmap_odom:/home/chaung/f_ws/install/rtabmap_util:/home/chaung/f_ws/install/rtabmap_sync:/home/chaung/f_ws/install/rtabmap_rviz_plugins:/home/chaung/f_ws/install/openslam_gmapping:/home/chaung/f_ws/install/hls_lfcd_lds_driver:/home/chaung/f_ws/install/dynamixel_sdk_examples:/home/chaung/f_ws/install/dynamixel_sdk_custom_interfaces:/home/chaung/f_ws/install/dynamixel_sdk LD_LIBRARY_PATH=/home/chaung/f_ws/install/rtabmap_conversions/lib:/home/chaung/f_ws/install/rtabmap_msgs/lib:/home/chaung/f_ws/install/rtabmap/lib:/home/chaung/f_ws/install/rtabmap_slam/lib:/home/chaung/f_ws/install/rtabmap_odom/lib:/home/chaung/f_ws/install/rtabmap_util/lib:/home/chaung/f_ws/install/rtabmap_sync/lib:/home/chaung/f_ws/install/rtabmap_rviz_plugins/lib:/home/chaung/f_ws/install/openslam_gmapping/lib:/home/chaung/f_ws/install/dynamixel_sdk_custom_interfaces/lib:/home/chaung/f_ws/install/dynamixel_sdk/lib:/usr/lib/x86_64-linux-gnu/gazebo-11/plugins:/opt/ros/foxy/opt/yaml_cpp_vendor/lib:/opt/ros/foxy/opt/rviz_ogre_vendor/lib:/opt/ros/foxy/lib/x86_64-linux-gnu:/opt/ros/foxy/lib PYTHONPATH=/home/chaung/f_ws/install/rtabmap_msgs/lib/python3.8/site-packages:/home/chaung/f_ws/install/rtabmap_python/lib/python3.8/site-packages:/home/chaung/f_ws/install/dynamixel_sdk_custom_interfaces/lib/python3.8/site-packages:/home/chaung/f_ws/install/bno055/lib/python3.8/site-packages:/opt/ros/foxy/lib/python3.8/site-packages /usr/bin/cmake --build /home/chaung/f_ws/build/rtabmap_sync -- -j12 -l12
[2.114s] [ 36%] Built target rtabmap_sync_plugins
[2.114s] [ 63%] Built target rtabmap_sync
[2.140s] [ 90%] Built target rtabmap_stereo_sync
[2.140s] [ 90%] Built target rtabmap_rgb_sync
[2.140s] [ 90%] Built target rtabmap_rgbd_sync
[2.141s] [100%] Built target rtabmap_rgbdx_sync
[2.150s] Invoked command in '/home/chaung/f_ws/build/rtabmap_sync' returned '0': CMAKE_PREFIX_PATH=/home/chaung/f_ws/install/rtabmap_conversions:/home/chaung/f_ws/install/rtabmap_python:/home/chaung/f_ws/install/bno055:/opt/ros/foxy:/home/chaung/f_ws/install/rtabmap_msgs:/home/chaung/f_ws/install/rtabmap:/home/chaung/f_ws/install/sllidar_ros2:/home/chaung/f_ws/install/slam_gmapping:/home/chaung/f_ws/install/rtabmap_ros:/home/chaung/f_ws/install/rtabmap_launch:/home/chaung/f_ws/install/rtabmap_examples:/home/chaung/f_ws/install/rtabmap_demos:/home/chaung/f_ws/install/rtabmap_viz:/home/chaung/f_ws/install/rtabmap_slam:/home/chaung/f_ws/install/rtabmap_odom:/home/chaung/f_ws/install/rtabmap_util:/home/chaung/f_ws/install/rtabmap_sync:/home/chaung/f_ws/install/rtabmap_rviz_plugins:/home/chaung/f_ws/install/openslam_gmapping:/home/chaung/f_ws/install/hls_lfcd_lds_driver:/home/chaung/f_ws/install/dynamixel_sdk_examples:/home/chaung/f_ws/install/dynamixel_sdk_custom_interfaces:/home/chaung/f_ws/install/dynamixel_sdk LD_LIBRARY_PATH=/home/chaung/f_ws/install/rtabmap_conversions/lib:/home/chaung/f_ws/install/rtabmap_msgs/lib:/home/chaung/f_ws/install/rtabmap/lib:/home/chaung/f_ws/install/rtabmap_slam/lib:/home/chaung/f_ws/install/rtabmap_odom/lib:/home/chaung/f_ws/install/rtabmap_util/lib:/home/chaung/f_ws/install/rtabmap_sync/lib:/home/chaung/f_ws/install/rtabmap_rviz_plugins/lib:/home/chaung/f_ws/install/openslam_gmapping/lib:/home/chaung/f_ws/install/dynamixel_sdk_custom_interfaces/lib:/home/chaung/f_ws/install/dynamixel_sdk/lib:/usr/lib/x86_64-linux-gnu/gazebo-11/plugins:/opt/ros/foxy/opt/yaml_cpp_vendor/lib:/opt/ros/foxy/opt/rviz_ogre_vendor/lib:/opt/ros/foxy/lib/x86_64-linux-gnu:/opt/ros/foxy/lib PYTHONPATH=/home/chaung/f_ws/install/rtabmap_msgs/lib/python3.8/site-packages:/home/chaung/f_ws/install/rtabmap_python/lib/python3.8/site-packages:/home/chaung/f_ws/install/dynamixel_sdk_custom_interfaces/lib/python3.8/site-packages:/home/chaung/f_ws/install/bno055/lib/python3.8/site-packages:/opt/ros/foxy/lib/python3.8/site-packages /usr/bin/cmake --build /home/chaung/f_ws/build/rtabmap_sync -- -j12 -l12
[2.192s] Invoking command in '/home/chaung/f_ws/build/rtabmap_sync': CMAKE_PREFIX_PATH=/home/chaung/f_ws/install/rtabmap_conversions:/home/chaung/f_ws/install/rtabmap_python:/home/chaung/f_ws/install/bno055:/opt/ros/foxy:/home/chaung/f_ws/install/rtabmap_msgs:/home/chaung/f_ws/install/rtabmap:/home/chaung/f_ws/install/sllidar_ros2:/home/chaung/f_ws/install/slam_gmapping:/home/chaung/f_ws/install/rtabmap_ros:/home/chaung/f_ws/install/rtabmap_launch:/home/chaung/f_ws/install/rtabmap_examples:/home/chaung/f_ws/install/rtabmap_demos:/home/chaung/f_ws/install/rtabmap_viz:/home/chaung/f_ws/install/rtabmap_slam:/home/chaung/f_ws/install/rtabmap_odom:/home/chaung/f_ws/install/rtabmap_util:/home/chaung/f_ws/install/rtabmap_sync:/home/chaung/f_ws/install/rtabmap_rviz_plugins:/home/chaung/f_ws/install/openslam_gmapping:/home/chaung/f_ws/install/hls_lfcd_lds_driver:/home/chaung/f_ws/install/dynamixel_sdk_examples:/home/chaung/f_ws/install/dynamixel_sdk_custom_interfaces:/home/chaung/f_ws/install/dynamixel_sdk LD_LIBRARY_PATH=/home/chaung/f_ws/install/rtabmap_conversions/lib:/home/chaung/f_ws/install/rtabmap_msgs/lib:/home/chaung/f_ws/install/rtabmap/lib:/home/chaung/f_ws/install/rtabmap_slam/lib:/home/chaung/f_ws/install/rtabmap_odom/lib:/home/chaung/f_ws/install/rtabmap_util/lib:/home/chaung/f_ws/install/rtabmap_sync/lib:/home/chaung/f_ws/install/rtabmap_rviz_plugins/lib:/home/chaung/f_ws/install/openslam_gmapping/lib:/home/chaung/f_ws/install/dynamixel_sdk_custom_interfaces/lib:/home/chaung/f_ws/install/dynamixel_sdk/lib:/usr/lib/x86_64-linux-gnu/gazebo-11/plugins:/opt/ros/foxy/opt/yaml_cpp_vendor/lib:/opt/ros/foxy/opt/rviz_ogre_vendor/lib:/opt/ros/foxy/lib/x86_64-linux-gnu:/opt/ros/foxy/lib PYTHONPATH=/home/chaung/f_ws/install/rtabmap_msgs/lib/python3.8/site-packages:/home/chaung/f_ws/install/rtabmap_python/lib/python3.8/site-packages:/home/chaung/f_ws/install/dynamixel_sdk_custom_interfaces/lib/python3.8/site-packages:/home/chaung/f_ws/install/bno055/lib/python3.8/site-packages:/opt/ros/foxy/lib/python3.8/site-packages /usr/bin/cmake --install /home/chaung/f_ws/build/rtabmap_sync
[2.198s] -- Install configuration: ""
[2.198s] -- Execute custom install script
[2.198s] -- Up-to-date symlink: /home/chaung/f_ws/install/rtabmap_sync/share/rtabmap_sync/environment/library_path.sh
[2.198s] -- Up-to-date symlink: /home/chaung/f_ws/install/rtabmap_sync/share/rtabmap_sync/environment/library_path.dsv
[2.199s] -- Up-to-date symlink: /home/chaung/f_ws/install/rtabmap_sync/lib/rtabmap_sync/rgbd_sync
[2.199s] -- Up-to-date symlink: /home/chaung/f_ws/install/rtabmap_sync/lib/rtabmap_sync/rgbdx_sync
[2.199s] -- Up-to-date symlink: /home/chaung/f_ws/install/rtabmap_sync/lib/rtabmap_sync/stereo_sync
[2.199s] -- Up-to-date symlink: /home/chaung/f_ws/install/rtabmap_sync/lib/rtabmap_sync/rgb_sync
[2.199s] -- Up-to-date symlink: /home/chaung/f_ws/install/rtabmap_sync/share/ament_index/resource_index/package_run_dependencies/rtabmap_sync
[2.199s] -- Up-to-date symlink: /home/chaung/f_ws/install/rtabmap_sync/share/ament_index/resource_index/parent_prefix_path/rtabmap_sync
[2.200s] -- Up-to-date symlink: /home/chaung/f_ws/install/rtabmap_sync/share/rtabmap_sync/environment/ament_prefix_path.sh
[2.200s] -- Up-to-date symlink: /home/chaung/f_ws/install/rtabmap_sync/share/rtabmap_sync/environment/ament_prefix_path.dsv
[2.200s] -- Up-to-date symlink: /home/chaung/f_ws/install/rtabmap_sync/share/rtabmap_sync/environment/path.sh
[2.200s] -- Up-to-date symlink: /home/chaung/f_ws/install/rtabmap_sync/share/rtabmap_sync/environment/path.dsv
[2.200s] -- Up-to-date symlink: /home/chaung/f_ws/install/rtabmap_sync/share/rtabmap_sync/local_setup.bash
[2.200s] -- Up-to-date symlink: /home/chaung/f_ws/install/rtabmap_sync/share/rtabmap_sync/local_setup.sh
[2.200s] -- Up-to-date symlink: /home/chaung/f_ws/install/rtabmap_sync/share/rtabmap_sync/local_setup.zsh
[2.201s] -- Up-to-date symlink: /home/chaung/f_ws/install/rtabmap_sync/share/rtabmap_sync/local_setup.dsv
[2.201s] -- Symlinking: /home/chaung/f_ws/install/rtabmap_sync/share/rtabmap_sync/package.dsv
[2.208s] -- Up-to-date symlink: /home/chaung/f_ws/install/rtabmap_sync/share/ament_index/resource_index/packages/rtabmap_sync
[2.208s] -- Up-to-date symlink: /home/chaung/f_ws/install/rtabmap_sync/share/ament_index/resource_index/rclcpp_components/rtabmap_sync
[2.208s] -- Up-to-date symlink: /home/chaung/f_ws/install/rtabmap_sync/share/rtabmap_sync/cmake/extra_configs.cmake
[2.208s] -- Up-to-date symlink: /home/chaung/f_ws/install/rtabmap_sync/share/rtabmap_sync/cmake/ament_cmake_export_dependencies-extras.cmake
[2.209s] -- Up-to-date symlink: /home/chaung/f_ws/install/rtabmap_sync/share/rtabmap_sync/cmake/ament_cmake_export_include_directories-extras.cmake
[2.209s] -- Up-to-date symlink: /home/chaung/f_ws/install/rtabmap_sync/share/rtabmap_sync/cmake/ament_cmake_export_targets-extras.cmake
[2.209s] -- Up-to-date symlink: /home/chaung/f_ws/install/rtabmap_sync/share/rtabmap_sync/cmake/ament_cmake_export_libraries-extras.cmake
[2.209s] -- Up-to-date symlink: /home/chaung/f_ws/install/rtabmap_sync/share/rtabmap_sync/cmake/rtabmap_syncConfig.cmake
[2.209s] -- Up-to-date symlink: /home/chaung/f_ws/install/rtabmap_sync/share/rtabmap_sync/cmake/rtabmap_syncConfig-version.cmake
[2.209s] -- Up-to-date symlink: /home/chaung/f_ws/install/rtabmap_sync/share/rtabmap_sync/package.xml
[2.209s] -- Up-to-date: /home/chaung/f_ws/install/rtabmap_sync/lib/librtabmap_sync.so
[2.210s] -- Up-to-date: /home/chaung/f_ws/install/rtabmap_sync/lib/librtabmap_sync_plugins.so
[2.210s] -- Up-to-date: /home/chaung/f_ws/install/rtabmap_sync/include
[2.210s] -- Up-to-date: /home/chaung/f_ws/install/rtabmap_sync/include/rtabmap_sync
[2.210s] -- Up-to-date: /home/chaung/f_ws/install/rtabmap_sync/include/rtabmap_sync/CommonDataSubscriber.h
[2.210s] -- Up-to-date: /home/chaung/f_ws/install/rtabmap_sync/include/rtabmap_sync/visibility.h
[2.210s] -- Up-to-date: /home/chaung/f_ws/install/rtabmap_sync/include/rtabmap_sync/CommonDataSubscriberDefines.h
[2.210s] -- Up-to-date: /home/chaung/f_ws/install/rtabmap_sync/include/rtabmap_sync/GetTopicName.h
[2.210s] -- Up-to-date: /home/chaung/f_ws/install/rtabmap_sync/share/rtabmap_sync/cmake/rtabmap_syncExport.cmake
[2.210s] -- Installing: /home/chaung/f_ws/install/rtabmap_sync/share/rtabmap_sync/cmake/rtabmap_syncExport-noconfig.cmake
[2.213s] Invoked command in '/home/chaung/f_ws/build/rtabmap_sync' returned '0': CMAKE_PREFIX_PATH=/home/chaung/f_ws/install/rtabmap_conversions:/home/chaung/f_ws/install/rtabmap_python:/home/chaung/f_ws/install/bno055:/opt/ros/foxy:/home/chaung/f_ws/install/rtabmap_msgs:/home/chaung/f_ws/install/rtabmap:/home/chaung/f_ws/install/sllidar_ros2:/home/chaung/f_ws/install/slam_gmapping:/home/chaung/f_ws/install/rtabmap_ros:/home/chaung/f_ws/install/rtabmap_launch:/home/chaung/f_ws/install/rtabmap_examples:/home/chaung/f_ws/install/rtabmap_demos:/home/chaung/f_ws/install/rtabmap_viz:/home/chaung/f_ws/install/rtabmap_slam:/home/chaung/f_ws/install/rtabmap_odom:/home/chaung/f_ws/install/rtabmap_util:/home/chaung/f_ws/install/rtabmap_sync:/home/chaung/f_ws/install/rtabmap_rviz_plugins:/home/chaung/f_ws/install/openslam_gmapping:/home/chaung/f_ws/install/hls_lfcd_lds_driver:/home/chaung/f_ws/install/dynamixel_sdk_examples:/home/chaung/f_ws/install/dynamixel_sdk_custom_interfaces:/home/chaung/f_ws/install/dynamixel_sdk LD_LIBRARY_PATH=/home/chaung/f_ws/install/rtabmap_conversions/lib:/home/chaung/f_ws/install/rtabmap_msgs/lib:/home/chaung/f_ws/install/rtabmap/lib:/home/chaung/f_ws/install/rtabmap_slam/lib:/home/chaung/f_ws/install/rtabmap_odom/lib:/home/chaung/f_ws/install/rtabmap_util/lib:/home/chaung/f_ws/install/rtabmap_sync/lib:/home/chaung/f_ws/install/rtabmap_rviz_plugins/lib:/home/chaung/f_ws/install/openslam_gmapping/lib:/home/chaung/f_ws/install/dynamixel_sdk_custom_interfaces/lib:/home/chaung/f_ws/install/dynamixel_sdk/lib:/usr/lib/x86_64-linux-gnu/gazebo-11/plugins:/opt/ros/foxy/opt/yaml_cpp_vendor/lib:/opt/ros/foxy/opt/rviz_ogre_vendor/lib:/opt/ros/foxy/lib/x86_64-linux-gnu:/opt/ros/foxy/lib PYTHONPATH=/home/chaung/f_ws/install/rtabmap_msgs/lib/python3.8/site-packages:/home/chaung/f_ws/install/rtabmap_python/lib/python3.8/site-packages:/home/chaung/f_ws/install/dynamixel_sdk_custom_interfaces/lib/python3.8/site-packages:/home/chaung/f_ws/install/bno055/lib/python3.8/site-packages:/opt/ros/foxy/lib/python3.8/site-packages /usr/bin/cmake --install /home/chaung/f_ws/build/rtabmap_sync
