[0.971s] Invoking command in '/home/chaung/f_ws/build/rtabmap_python': PYTHONPATH=/home/chaung/f_ws/build/rtabmap_python/prefix_override:/home/chaung/f_ws/install/rtabmap_python/lib/python3.8/site-packages:${PYTHONPATH} /usr/bin/python3 setup.py develop --uninstall --editable --build-directory /home/chaung/f_ws/build/rtabmap_python/build
[1.231s] running develop
[1.383s] Removing /home/chaung/f_ws/install/rtabmap_python/lib/python3.8/site-packages/rtabmap-python.egg-link (link to .)
[1.400s] Invoked command in '/home/chaung/f_ws/build/rtabmap_python' returned '0': PYTHONPATH=/home/chaung/f_ws/build/rtabmap_python/prefix_override:/home/chaung/f_ws/install/rtabmap_python/lib/python3.8/site-packages:${PYTHONPATH} /usr/bin/python3 setup.py develop --uninstall --editable --build-directory /home/chaung/f_ws/build/rtabmap_python/build
[1.403s] Invoking command in '/home/chaung/f_ws/src/rtabmap_ros/rtabmap_python': PYTHONPATH=/home/chaung/f_ws/build/rtabmap_python/prefix_override:/home/chaung/f_ws/install/rtabmap_python/lib/python3.8/site-packages:${PYTHONPATH} /usr/bin/python3 setup.py egg_info --egg-base ../../../build/rtabmap_python build --build-base /home/chaung/f_ws/build/rtabmap_python/build install --record /home/chaung/f_ws/build/rtabmap_python/install.log --single-version-externally-managed
[1.564s] running egg_info
[1.564s] writing ../../../build/rtabmap_python/rtabmap_python.egg-info/PKG-INFO
[1.564s] writing dependency_links to ../../../build/rtabmap_python/rtabmap_python.egg-info/dependency_links.txt
[1.565s] writing entry points to ../../../build/rtabmap_python/rtabmap_python.egg-info/entry_points.txt
[1.565s] writing requirements to ../../../build/rtabmap_python/rtabmap_python.egg-info/requires.txt
[1.565s] writing top-level names to ../../../build/rtabmap_python/rtabmap_python.egg-info/top_level.txt
[1.590s] reading manifest file '../../../build/rtabmap_python/rtabmap_python.egg-info/SOURCES.txt'
[1.591s] writing manifest file '../../../build/rtabmap_python/rtabmap_python.egg-info/SOURCES.txt'
[1.591s] running build
[1.591s] running build_py
[1.591s] running install
[1.592s] running install_lib
[1.593s] creating /home/chaung/f_ws/install/rtabmap_python/lib/python3.8/site-packages/rtabmap_python
[1.593s] copying /home/chaung/f_ws/build/rtabmap_python/build/lib/rtabmap_python/__init__.py -> /home/chaung/f_ws/install/rtabmap_python/lib/python3.8/site-packages/rtabmap_python
[1.593s] copying /home/chaung/f_ws/build/rtabmap_python/build/lib/rtabmap_python/compression.py -> /home/chaung/f_ws/install/rtabmap_python/lib/python3.8/site-packages/rtabmap_python
[1.593s] byte-compiling /home/chaung/f_ws/install/rtabmap_python/lib/python3.8/site-packages/rtabmap_python/__init__.py to __init__.cpython-38.pyc
[1.594s] byte-compiling /home/chaung/f_ws/install/rtabmap_python/lib/python3.8/site-packages/rtabmap_python/compression.py to compression.cpython-38.pyc
[1.594s] running install_data
[1.595s] running install_egg_info
[1.596s] Copying ../../../build/rtabmap_python/rtabmap_python.egg-info to /home/chaung/f_ws/install/rtabmap_python/lib/python3.8/site-packages/rtabmap_python-0.1.0-py3.8.egg-info
[1.596s] running install_scripts
[1.609s] writing list of installed files to '/home/chaung/f_ws/build/rtabmap_python/install.log'
[1.628s] Invoked command in '/home/chaung/f_ws/src/rtabmap_ros/rtabmap_python' returned '0': PYTHONPATH=/home/chaung/f_ws/build/rtabmap_python/prefix_override:/home/chaung/f_ws/install/rtabmap_python/lib/python3.8/site-packages:${PYTHONPATH} /usr/bin/python3 setup.py egg_info --egg-base ../../../build/rtabmap_python build --build-base /home/chaung/f_ws/build/rtabmap_python/build install --record /home/chaung/f_ws/build/rtabmap_python/install.log --single-version-externally-managed
