[0.015s] Invoking command in '/home/chaung/f_ws/build/rtabmap_rviz_plugins': AMENT_PREFIX_PATH=/home/chaung/f_ws/install/rtabmap_conversions:${AMENT_PREFIX_PATH} CMAKE_PREFIX_PATH=/home/chaung/f_ws/install/rtabmap_conversions:/opt/ros/foxy:/home/chaung/f_ws/install/rtabmap_msgs:/home/chaung/f_ws/install/rtabmap LD_LIBRARY_PATH=/home/chaung/f_ws/install/rtabmap_conversions/lib:/home/chaung/f_ws/install/rtabmap_msgs/lib:/home/chaung/f_ws/install/rtabmap/lib:${LD_LIBRARY_PATH} PATH=/home/chaung/f_ws/install/rtabmap/bin:${PATH} PKG_CONFIG_PATH=/home/chaung/f_ws/install/rtabmap_msgs/lib/x86_64-linux-gnu/pkgconfig:/home/chaung/f_ws/install/rtabmap_msgs/lib/pkgconfig:/home/chaung/f_ws/install/rtabmap/lib/x86_64-linux-gnu/pkgconfig:/home/chaung/f_ws/install/rtabmap/lib/pkgconfig PYTHONPATH=/home/chaung/f_ws/install/rtabmap_msgs/lib/python3.8/site-packages:${PYTHONPATH} ROS_PACKAGE_PATH=/home/chaung/f_ws/install/rtabmap_msgs/share /usr/bin/cmake --build /home/chaung/f_ws/build/rtabmap_rviz_plugins -- -j12 -l12
[0.096s] [100%] Built target rtabmap_rviz_plugins
[0.109s] Invoked command in '/home/chaung/f_ws/build/rtabmap_rviz_plugins' returned '0': AMENT_PREFIX_PATH=/home/chaung/f_ws/install/rtabmap_conversions:${AMENT_PREFIX_PATH} CMAKE_PREFIX_PATH=/home/chaung/f_ws/install/rtabmap_conversions:/opt/ros/foxy:/home/chaung/f_ws/install/rtabmap_msgs:/home/chaung/f_ws/install/rtabmap LD_LIBRARY_PATH=/home/chaung/f_ws/install/rtabmap_conversions/lib:/home/chaung/f_ws/install/rtabmap_msgs/lib:/home/chaung/f_ws/install/rtabmap/lib:${LD_LIBRARY_PATH} PATH=/home/chaung/f_ws/install/rtabmap/bin:${PATH} PKG_CONFIG_PATH=/home/chaung/f_ws/install/rtabmap_msgs/lib/x86_64-linux-gnu/pkgconfig:/home/chaung/f_ws/install/rtabmap_msgs/lib/pkgconfig:/home/chaung/f_ws/install/rtabmap/lib/x86_64-linux-gnu/pkgconfig:/home/chaung/f_ws/install/rtabmap/lib/pkgconfig PYTHONPATH=/home/chaung/f_ws/install/rtabmap_msgs/lib/python3.8/site-packages:${PYTHONPATH} ROS_PACKAGE_PATH=/home/chaung/f_ws/install/rtabmap_msgs/share /usr/bin/cmake --build /home/chaung/f_ws/build/rtabmap_rviz_plugins -- -j12 -l12
[0.140s] Invoking command in '/home/chaung/f_ws/build/rtabmap_rviz_plugins': AMENT_PREFIX_PATH=/home/chaung/f_ws/install/rtabmap_conversions:${AMENT_PREFIX_PATH} CMAKE_PREFIX_PATH=/home/chaung/f_ws/install/rtabmap_conversions:/opt/ros/foxy:/home/chaung/f_ws/install/rtabmap_msgs:/home/chaung/f_ws/install/rtabmap LD_LIBRARY_PATH=/home/chaung/f_ws/install/rtabmap_conversions/lib:/home/chaung/f_ws/install/rtabmap_msgs/lib:/home/chaung/f_ws/install/rtabmap/lib:${LD_LIBRARY_PATH} PATH=/home/chaung/f_ws/install/rtabmap/bin:${PATH} PKG_CONFIG_PATH=/home/chaung/f_ws/install/rtabmap_msgs/lib/x86_64-linux-gnu/pkgconfig:/home/chaung/f_ws/install/rtabmap_msgs/lib/pkgconfig:/home/chaung/f_ws/install/rtabmap/lib/x86_64-linux-gnu/pkgconfig:/home/chaung/f_ws/install/rtabmap/lib/pkgconfig PYTHONPATH=/home/chaung/f_ws/install/rtabmap_msgs/lib/python3.8/site-packages:${PYTHONPATH} ROS_PACKAGE_PATH=/home/chaung/f_ws/install/rtabmap_msgs/share /usr/bin/cmake --install /home/chaung/f_ws/build/rtabmap_rviz_plugins
[0.145s] -- Install configuration: ""
[0.145s] -- Execute custom install script
[0.146s] -- Up-to-date symlink: /home/chaung/f_ws/install/rtabmap_rviz_plugins/share/rtabmap_rviz_plugins//rviz_plugins.xml
[0.146s] -- Up-to-date symlink: /home/chaung/f_ws/install/rtabmap_rviz_plugins/share/rtabmap_rviz_plugins//rviz_plugins.xml
[0.146s] -- Up-to-date symlink: /home/chaung/f_ws/install/rtabmap_rviz_plugins/share/ament_index/resource_index/package_run_dependencies/rtabmap_rviz_plugins
[0.146s] -- Up-to-date symlink: /home/chaung/f_ws/install/rtabmap_rviz_plugins/share/ament_index/resource_index/parent_prefix_path/rtabmap_rviz_plugins
[0.147s] -- Up-to-date symlink: /home/chaung/f_ws/install/rtabmap_rviz_plugins/share/rtabmap_rviz_plugins/environment/ament_prefix_path.sh
[0.147s] -- Up-to-date symlink: /home/chaung/f_ws/install/rtabmap_rviz_plugins/share/rtabmap_rviz_plugins/environment/ament_prefix_path.dsv
[0.147s] -- Up-to-date symlink: /home/chaung/f_ws/install/rtabmap_rviz_plugins/share/rtabmap_rviz_plugins/environment/path.sh
[0.147s] -- Up-to-date symlink: /home/chaung/f_ws/install/rtabmap_rviz_plugins/share/rtabmap_rviz_plugins/environment/path.dsv
[0.147s] -- Up-to-date symlink: /home/chaung/f_ws/install/rtabmap_rviz_plugins/share/rtabmap_rviz_plugins/local_setup.bash
[0.147s] -- Up-to-date symlink: /home/chaung/f_ws/install/rtabmap_rviz_plugins/share/rtabmap_rviz_plugins/local_setup.sh
[0.147s] -- Up-to-date symlink: /home/chaung/f_ws/install/rtabmap_rviz_plugins/share/rtabmap_rviz_plugins/local_setup.zsh
[0.148s] -- Up-to-date symlink: /home/chaung/f_ws/install/rtabmap_rviz_plugins/share/rtabmap_rviz_plugins/local_setup.dsv
[0.148s] -- Symlinking: /home/chaung/f_ws/install/rtabmap_rviz_plugins/share/rtabmap_rviz_plugins/package.dsv
[0.154s] -- Up-to-date symlink: /home/chaung/f_ws/install/rtabmap_rviz_plugins/share/ament_index/resource_index/packages/rtabmap_rviz_plugins
[0.155s] -- Up-to-date symlink: /home/chaung/f_ws/install/rtabmap_rviz_plugins/share/ament_index/resource_index/rviz_common__pluginlib__plugin/rtabmap_rviz_plugins
[0.155s] -- Up-to-date symlink: /home/chaung/f_ws/install/rtabmap_rviz_plugins/share/rtabmap_rviz_plugins/cmake/rtabmap_rviz_pluginsConfig.cmake
[0.155s] -- Up-to-date symlink: /home/chaung/f_ws/install/rtabmap_rviz_plugins/share/rtabmap_rviz_plugins/cmake/rtabmap_rviz_pluginsConfig-version.cmake
[0.155s] -- Up-to-date symlink: /home/chaung/f_ws/install/rtabmap_rviz_plugins/share/rtabmap_rviz_plugins/package.xml
[0.155s] -- Up-to-date: /home/chaung/f_ws/install/rtabmap_rviz_plugins/include
[0.155s] -- Up-to-date: /home/chaung/f_ws/install/rtabmap_rviz_plugins/include/rtabmap_rviz_plugins
[0.155s] -- Up-to-date: /home/chaung/f_ws/install/rtabmap_rviz_plugins/include/rtabmap_rviz_plugins/MapCloudDisplay.h
[0.155s] -- Up-to-date: /home/chaung/f_ws/install/rtabmap_rviz_plugins/include/rtabmap_rviz_plugins/MapGraphDisplay.h
[0.155s] -- Up-to-date: /home/chaung/f_ws/install/rtabmap_rviz_plugins/include/rtabmap_rviz_plugins/visibility.h
[0.156s] -- Up-to-date: /home/chaung/f_ws/install/rtabmap_rviz_plugins/include/rtabmap_rviz_plugins/InfoDisplay.h
[0.156s] -- Up-to-date: /home/chaung/f_ws/install/rtabmap_rviz_plugins/lib/librtabmap_rviz_plugins.so
[0.158s] Invoked command in '/home/chaung/f_ws/build/rtabmap_rviz_plugins' returned '0': AMENT_PREFIX_PATH=/home/chaung/f_ws/install/rtabmap_conversions:${AMENT_PREFIX_PATH} CMAKE_PREFIX_PATH=/home/chaung/f_ws/install/rtabmap_conversions:/opt/ros/foxy:/home/chaung/f_ws/install/rtabmap_msgs:/home/chaung/f_ws/install/rtabmap LD_LIBRARY_PATH=/home/chaung/f_ws/install/rtabmap_conversions/lib:/home/chaung/f_ws/install/rtabmap_msgs/lib:/home/chaung/f_ws/install/rtabmap/lib:${LD_LIBRARY_PATH} PATH=/home/chaung/f_ws/install/rtabmap/bin:${PATH} PKG_CONFIG_PATH=/home/chaung/f_ws/install/rtabmap_msgs/lib/x86_64-linux-gnu/pkgconfig:/home/chaung/f_ws/install/rtabmap_msgs/lib/pkgconfig:/home/chaung/f_ws/install/rtabmap/lib/x86_64-linux-gnu/pkgconfig:/home/chaung/f_ws/install/rtabmap/lib/pkgconfig PYTHONPATH=/home/chaung/f_ws/install/rtabmap_msgs/lib/python3.8/site-packages:${PYTHONPATH} ROS_PACKAGE_PATH=/home/chaung/f_ws/install/rtabmap_msgs/share /usr/bin/cmake --install /home/chaung/f_ws/build/rtabmap_rviz_plugins
