[35m[1mScanning dependencies of target cartographer_ros_detect_changes[0m
[35m[1mScanning dependencies of target cartographer_ros[0m
[  0%] Built target cartographer_ros_detect_changes
[ 21%] [32mBuilding CXX object CMakeFiles/cartographer_ros.dir/cartographer_ros/node.cc.o[0m
[ 21%] [32mBuilding CXX object CMakeFiles/cartographer_ros.dir/cartographer_ros/msg_conversion.cc.o[0m
[ 21%] [32mBuilding CXX object CMakeFiles/cartographer_ros.dir/cartographer_ros/map_builder_bridge.cc.o[0m
[ 21%] [32mBuilding CXX object CMakeFiles/cartographer_ros.dir/cartographer_ros/node_constants.cc.o[0m
[ 26%] [32mBuilding CXX object CMakeFiles/cartographer_ros.dir/cartographer_ros/node_options.cc.o[0m
[ 36%] [32mBuilding CXX object CMakeFiles/cartographer_ros.dir/cartographer_ros/sensor_bridge.cc.o[0m
[ 36%] [32mBuilding CXX object CMakeFiles/cartographer_ros.dir/cartographer_ros/ros_log_sink.cc.o[0m
[ 42%] [32mBuilding CXX object CMakeFiles/cartographer_ros.dir/cartographer_ros/tf_bridge.cc.o[0m
[ 47%] [32mBuilding CXX object CMakeFiles/cartographer_ros.dir/cartographer_ros/trajectory_options.cc.o[0m
[ 52%] [32mBuilding CXX object CMakeFiles/cartographer_ros.dir/cartographer_ros/time_conversion.cc.o[0m
[ 57%] [32mBuilding CXX object CMakeFiles/cartographer_ros.dir/cartographer_ros/submap.cc.o[0m
[ 63%] [32mBuilding CXX object CMakeFiles/cartographer_ros.dir/cartographer_ros/ros_map.cc.o[0m
[ 68%] [32m[1mLinking CXX static library libcartographer_ros.a[0m
[ 68%] Built target cartographer_ros
[35m[1mScanning dependencies of target occupancy_grid_node[0m
[35m[1mScanning dependencies of target pbstream_to_ros_map_node[0m
[35m[1mScanning dependencies of target cartographer_node[0m
[ 73%] [32mBuilding CXX object cartographer_ros/CMakeFiles/pbstream_to_ros_map_node.dir/pbstream_to_ros_map_main.cc.o[0m
[ 78%] [32mBuilding CXX object cartographer_ros/CMakeFiles/occupancy_grid_node.dir/occupancy_grid_node_main.cc.o[0m
[ 84%] [32mBuilding CXX object cartographer_ros/CMakeFiles/cartographer_node.dir/node_main.cc.o[0m
[ 89%] [32m[1mLinking CXX executable pbstream_to_ros_map_node[0m
[ 89%] Built target pbstream_to_ros_map_node
[ 94%] [32m[1mLinking CXX executable cartographer_node[0m
[ 94%] Built target cartographer_node
[100%] [32m[1mLinking CXX executable occupancy_grid_node[0m
[100%] Built target occupancy_grid_node
