[0.416s] Invoking command in '/home/chaung/f_ws/build/hls_lfcd_lds_driver': CMAKE_PREFIX_PATH=/opt/ros/foxy /usr/bin/cmake /home/chaung/f_ws/src/utils/hls_lfcd_lds_driver -DCMAKE_INSTALL_PREFIX=/home/chaung/f_ws/install/hls_lfcd_lds_driver
[0.448s] -- Found ament_cmake: 0.9.11 (/opt/ros/foxy/share/ament_cmake/cmake)
[0.453s] -- Using PYTHON_EXECUTABLE: /usr/bin/python3
[0.647s] -- Override CMake install command with custom implementation using symlinks instead of copying resources
[0.654s] -- Found rclcpp: 2.4.2 (/opt/ros/foxy/share/rclcpp/cmake)
[0.680s] -- Using all available rosidl_typesupport_c: rosidl_typesupport_fastrtps_c;rosidl_typesupport_introspection_c
[0.685s] -- Found rosidl_adapter: 1.3.0 (/opt/ros/foxy/share/rosidl_adapter/cmake)
[0.815s] -- Using all available rosidl_typesupport_cpp: rosidl_typesupport_fastrtps_cpp;rosidl_typesupport_introspection_cpp
[0.852s] -- Found rmw_implementation_cmake: 1.0.4 (/opt/ros/foxy/share/rmw_implementation_cmake/cmake)
[0.853s] -- Using RMW implementation 'rmw_fastrtps_cpp' as default
[0.974s] -- Found sensor_msgs: 2.0.5 (/opt/ros/foxy/share/sensor_msgs/cmake)
[1.132s] -- Configuring done
[1.139s] -- Generating done
[1.139s] -- Build files have been written to: /home/chaung/f_ws/build/hls_lfcd_lds_driver
[1.151s] Invoked command in '/home/chaung/f_ws/build/hls_lfcd_lds_driver' returned '0': CMAKE_PREFIX_PATH=/opt/ros/foxy /usr/bin/cmake /home/chaung/f_ws/src/utils/hls_lfcd_lds_driver -DCMAKE_INSTALL_PREFIX=/home/chaung/f_ws/install/hls_lfcd_lds_driver
[1.154s] Invoking command in '/home/chaung/f_ws/build/hls_lfcd_lds_driver': CMAKE_PREFIX_PATH=/opt/ros/foxy /usr/bin/cmake --build /home/chaung/f_ws/build/hls_lfcd_lds_driver -- -j12 -l12
[1.206s] [100%] Built target hlds_laser_publisher
[1.214s] Invoked command in '/home/chaung/f_ws/build/hls_lfcd_lds_driver' returned '0': CMAKE_PREFIX_PATH=/opt/ros/foxy /usr/bin/cmake --build /home/chaung/f_ws/build/hls_lfcd_lds_driver -- -j12 -l12
[1.230s] Invoking command in '/home/chaung/f_ws/build/hls_lfcd_lds_driver': CMAKE_PREFIX_PATH=/opt/ros/foxy /usr/bin/cmake --install /home/chaung/f_ws/build/hls_lfcd_lds_driver
[1.238s] -- Install configuration: ""
[1.238s] -- Execute custom install script
[1.239s] -- Up-to-date symlink: /home/chaung/f_ws/install/hls_lfcd_lds_driver/share/hls_lfcd_lds_driver/launch/hlds_laser.launch.py
[1.239s] -- Up-to-date symlink: /home/chaung/f_ws/install/hls_lfcd_lds_driver/share/hls_lfcd_lds_driver/launch/view_hlds_laser.launch.py
[1.239s] -- Up-to-date symlink: /home/chaung/f_ws/install/hls_lfcd_lds_driver/share/hls_lfcd_lds_driver/rviz/hlds_laser.rviz
[1.239s] -- Up-to-date symlink: /home/chaung/f_ws/install/hls_lfcd_lds_driver/lib/hls_lfcd_lds_driver/hlds_laser_publisher
[1.239s] -- Up-to-date symlink: /home/chaung/f_ws/install/hls_lfcd_lds_driver/share/ament_index/resource_index/package_run_dependencies/hls_lfcd_lds_driver
[1.240s] -- Up-to-date symlink: /home/chaung/f_ws/install/hls_lfcd_lds_driver/share/ament_index/resource_index/parent_prefix_path/hls_lfcd_lds_driver
[1.240s] -- Up-to-date symlink: /home/chaung/f_ws/install/hls_lfcd_lds_driver/share/hls_lfcd_lds_driver/environment/ament_prefix_path.sh
[1.240s] -- Up-to-date symlink: /home/chaung/f_ws/install/hls_lfcd_lds_driver/share/hls_lfcd_lds_driver/environment/ament_prefix_path.dsv
[1.240s] -- Up-to-date symlink: /home/chaung/f_ws/install/hls_lfcd_lds_driver/share/hls_lfcd_lds_driver/environment/path.sh
[1.240s] -- Up-to-date symlink: /home/chaung/f_ws/install/hls_lfcd_lds_driver/share/hls_lfcd_lds_driver/environment/path.dsv
[1.241s] -- Up-to-date symlink: /home/chaung/f_ws/install/hls_lfcd_lds_driver/share/hls_lfcd_lds_driver/local_setup.bash
[1.241s] -- Up-to-date symlink: /home/chaung/f_ws/install/hls_lfcd_lds_driver/share/hls_lfcd_lds_driver/local_setup.sh
[1.241s] -- Up-to-date symlink: /home/chaung/f_ws/install/hls_lfcd_lds_driver/share/hls_lfcd_lds_driver/local_setup.zsh
[1.241s] -- Up-to-date symlink: /home/chaung/f_ws/install/hls_lfcd_lds_driver/share/hls_lfcd_lds_driver/local_setup.dsv
[1.241s] -- Symlinking: /home/chaung/f_ws/install/hls_lfcd_lds_driver/share/hls_lfcd_lds_driver/package.dsv
[1.249s] -- Up-to-date symlink: /home/chaung/f_ws/install/hls_lfcd_lds_driver/share/ament_index/resource_index/packages/hls_lfcd_lds_driver
[1.249s] -- Up-to-date symlink: /home/chaung/f_ws/install/hls_lfcd_lds_driver/share/hls_lfcd_lds_driver/cmake/ament_cmake_export_dependencies-extras.cmake
[1.249s] -- Up-to-date symlink: /home/chaung/f_ws/install/hls_lfcd_lds_driver/share/hls_lfcd_lds_driver/cmake/ament_cmake_export_include_directories-extras.cmake
[1.250s] -- Up-to-date symlink: /home/chaung/f_ws/install/hls_lfcd_lds_driver/share/hls_lfcd_lds_driver/cmake/hls_lfcd_lds_driverConfig.cmake
[1.250s] -- Up-to-date symlink: /home/chaung/f_ws/install/hls_lfcd_lds_driver/share/hls_lfcd_lds_driver/cmake/hls_lfcd_lds_driverConfig-version.cmake
[1.250s] -- Up-to-date symlink: /home/chaung/f_ws/install/hls_lfcd_lds_driver/share/hls_lfcd_lds_driver/package.xml
[1.255s] Invoked command in '/home/chaung/f_ws/build/hls_lfcd_lds_driver' returned '0': CMAKE_PREFIX_PATH=/opt/ros/foxy /usr/bin/cmake --install /home/chaung/f_ws/build/hls_lfcd_lds_driver
