[0.045s] Invoking command in '/home/chaung/f_ws/build/dynamixel_sdk': CMAKE_PREFIX_PATH=/opt/ros/foxy /usr/bin/cmake --build /home/chaung/f_ws/build/dynamixel_sdk -- -j12 -l12
[0.438s] [100%] Built target dynamixel_sdk
[0.446s] Invoked command in '/home/chaung/f_ws/build/dynamixel_sdk' returned '0': CMAKE_PREFIX_PATH=/opt/ros/foxy /usr/bin/cmake --build /home/chaung/f_ws/build/dynamixel_sdk -- -j12 -l12
[0.494s] Invoking command in '/home/chaung/f_ws/build/dynamixel_sdk': CMAKE_PREFIX_PATH=/opt/ros/foxy /usr/bin/cmake --install /home/chaung/f_ws/build/dynamixel_sdk
[0.506s] -- Install configuration: ""
[0.506s] -- Execute custom install script
[0.507s] -- Up-to-date symlink: /home/chaung/f_ws/install/dynamixel_sdk/include//dynamixel_sdk/dynamixel_sdk.h
[0.507s] -- Up-to-date symlink: /home/chaung/f_ws/install/dynamixel_sdk/include//dynamixel_sdk/group_bulk_read.h
[0.507s] -- Up-to-date symlink: /home/chaung/f_ws/install/dynamixel_sdk/include//dynamixel_sdk/group_bulk_write.h
[0.507s] -- Up-to-date symlink: /home/chaung/f_ws/install/dynamixel_sdk/include//dynamixel_sdk/group_sync_read.h
[0.508s] -- Up-to-date symlink: /home/chaung/f_ws/install/dynamixel_sdk/include//dynamixel_sdk/group_sync_write.h
[0.508s] -- Up-to-date symlink: /home/chaung/f_ws/install/dynamixel_sdk/include//dynamixel_sdk/packet_handler.h
[0.510s] -- Up-to-date symlink: /home/chaung/f_ws/install/dynamixel_sdk/include//dynamixel_sdk/port_handler.h
[0.514s] -- Up-to-date symlink: /home/chaung/f_ws/install/dynamixel_sdk/include//dynamixel_sdk/port_handler_arduino.h
[0.514s] -- Up-to-date symlink: /home/chaung/f_ws/install/dynamixel_sdk/include//dynamixel_sdk/port_handler_linux.h
[0.515s] -- Up-to-date symlink: /home/chaung/f_ws/install/dynamixel_sdk/include//dynamixel_sdk/port_handler_mac.h
[0.515s] -- Up-to-date symlink: /home/chaung/f_ws/install/dynamixel_sdk/include//dynamixel_sdk/port_handler_windows.h
[0.515s] -- Up-to-date symlink: /home/chaung/f_ws/install/dynamixel_sdk/include//dynamixel_sdk/protocol1_packet_handler.h
[0.515s] -- Up-to-date symlink: /home/chaung/f_ws/install/dynamixel_sdk/include//dynamixel_sdk/protocol2_packet_handler.h
[0.515s] -- Up-to-date symlink: /home/chaung/f_ws/install/dynamixel_sdk/lib/libdynamixel_sdk.so
[0.515s] -- Up-to-date symlink: /home/chaung/f_ws/install/dynamixel_sdk/share/dynamixel_sdk/environment/library_path.sh
[0.516s] -- Up-to-date symlink: /home/chaung/f_ws/install/dynamixel_sdk/share/dynamixel_sdk/environment/library_path.dsv
[0.516s] -- Up-to-date symlink: /home/chaung/f_ws/install/dynamixel_sdk/share/ament_index/resource_index/package_run_dependencies/dynamixel_sdk
[0.516s] -- Up-to-date symlink: /home/chaung/f_ws/install/dynamixel_sdk/share/ament_index/resource_index/parent_prefix_path/dynamixel_sdk
[0.516s] -- Up-to-date symlink: /home/chaung/f_ws/install/dynamixel_sdk/share/dynamixel_sdk/environment/ament_prefix_path.sh
[0.516s] -- Up-to-date symlink: /home/chaung/f_ws/install/dynamixel_sdk/share/dynamixel_sdk/environment/ament_prefix_path.dsv
[0.516s] -- Up-to-date symlink: /home/chaung/f_ws/install/dynamixel_sdk/share/dynamixel_sdk/environment/path.sh
[0.516s] -- Up-to-date symlink: /home/chaung/f_ws/install/dynamixel_sdk/share/dynamixel_sdk/environment/path.dsv
[0.516s] -- Up-to-date symlink: /home/chaung/f_ws/install/dynamixel_sdk/share/dynamixel_sdk/local_setup.bash
[0.517s] -- Up-to-date symlink: /home/chaung/f_ws/install/dynamixel_sdk/share/dynamixel_sdk/local_setup.sh
[0.517s] -- Up-to-date symlink: /home/chaung/f_ws/install/dynamixel_sdk/share/dynamixel_sdk/local_setup.zsh
[0.517s] -- Up-to-date symlink: /home/chaung/f_ws/install/dynamixel_sdk/share/dynamixel_sdk/local_setup.dsv
[0.517s] -- Symlinking: /home/chaung/f_ws/install/dynamixel_sdk/share/dynamixel_sdk/package.dsv
[0.523s] -- Up-to-date symlink: /home/chaung/f_ws/install/dynamixel_sdk/share/ament_index/resource_index/packages/dynamixel_sdk
[0.524s] -- Up-to-date symlink: /home/chaung/f_ws/install/dynamixel_sdk/share/dynamixel_sdk/cmake/ament_cmake_export_include_directories-extras.cmake
[0.531s] -- Up-to-date symlink: /home/chaung/f_ws/install/dynamixel_sdk/share/dynamixel_sdk/cmake/ament_cmake_export_libraries-extras.cmake
[0.531s] -- Up-to-date symlink: /home/chaung/f_ws/install/dynamixel_sdk/share/dynamixel_sdk/cmake/dynamixel_sdkConfig.cmake
[0.531s] -- Up-to-date symlink: /home/chaung/f_ws/install/dynamixel_sdk/share/dynamixel_sdk/cmake/dynamixel_sdkConfig-version.cmake
[0.531s] -- Up-to-date symlink: /home/chaung/f_ws/install/dynamixel_sdk/share/dynamixel_sdk/package.xml
[0.531s] Invoked command in '/home/chaung/f_ws/build/dynamixel_sdk' returned '0': CMAKE_PREFIX_PATH=/opt/ros/foxy /usr/bin/cmake --install /home/chaung/f_ws/build/dynamixel_sdk
