[0.018s] Invoking command in '/home/chaung/f_ws/build/rtabmap_viz': AMENT_PREFIX_PATH=/home/chaung/f_ws/install/rtabmap_sync:/home/chaung/f_ws/install/rtabmap_conversions:${AMENT_PREFIX_PATH} CMAKE_PREFIX_PATH=/home/chaung/f_ws/install/rtabmap_sync:/home/chaung/f_ws/install/rtabmap_conversions:/home/chaung/f_ws/install/openslam_gmapping:/home/chaung/f_ws/install/bno055:/opt/ros/foxy:/home/chaung/f_ws/install/rtabmap_msgs:/home/chaung/f_ws/install/rtabmap:${CMAKE_PREFIX_PATH} LD_LIBRARY_PATH=/home/chaung/f_ws/install/rtabmap_sync/lib:/home/chaung/f_ws/install/rtabmap_conversions/lib:/home/chaung/f_ws/install/rtabmap_msgs/lib:/home/chaung/f_ws/install/rtabmap/lib:${LD_LIBRARY_PATH} PATH=/home/chaung/f_ws/install/rtabmap/bin:${PATH} PKG_CONFIG_PATH=/home/chaung/f_ws/install/rtabmap_msgs/lib/x86_64-linux-gnu/pkgconfig:/home/chaung/f_ws/install/rtabmap_msgs/lib/pkgconfig:/home/chaung/f_ws/install/rtabmap/lib/x86_64-linux-gnu/pkgconfig:/home/chaung/f_ws/install/rtabmap/lib/pkgconfig:${PKG_CONFIG_PATH} PYTHONPATH=/home/chaung/f_ws/install/rtabmap_msgs/lib/python3.8/site-packages:${PYTHONPATH} ROS_PACKAGE_PATH=/home/chaung/f_ws/install/rtabmap_msgs/share /usr/bin/cmake /home/chaung/f_ws/src/rtabmap_ros/rtabmap_viz -DCMAKE_INSTALL_PREFIX=/home/chaung/f_ws/install/rtabmap_viz
[0.059s] -- The C compiler identification is GNU 9.4.0
[0.104s] -- The CXX compiler identification is GNU 9.4.0
[0.109s] -- Check for working C compiler: /usr/bin/cc
[0.164s] -- Check for working C compiler: /usr/bin/cc -- works
[0.165s] -- Detecting C compiler ABI info
[0.223s] -- Detecting C compiler ABI info - done
[0.233s] -- Detecting C compile features
[0.234s] -- Detecting C compile features - done
[0.236s] -- Check for working CXX compiler: /usr/bin/c++
[0.295s] -- Check for working CXX compiler: /usr/bin/c++ -- works
[0.296s] -- Detecting CXX compiler ABI info
[0.357s] -- Detecting CXX compiler ABI info - done
[0.369s] -- Detecting CXX compile features
[0.370s] -- Detecting CXX compile features - done
[0.372s] -- Found ament_cmake: 0.9.11 (/opt/ros/foxy/share/ament_cmake/cmake)
[0.399s] -- Found PythonInterp: /usr/bin/python3 (found suitable version "3.8.10", minimum required is "3") 
[0.399s] -- Using PYTHON_EXECUTABLE: /usr/bin/python3
[0.572s] -- Found cv_bridge: 3.0.7 (/opt/ros/foxy/share/cv_bridge/cmake)
[0.619s] -- Using all available rosidl_typesupport_c: rosidl_typesupport_fastrtps_c;rosidl_typesupport_introspection_c
[0.626s] -- Found rosidl_adapter: 1.3.0 (/opt/ros/foxy/share/rosidl_adapter/cmake)
[0.707s] -- Found OpenSSL: /usr/lib/x86_64-linux-gnu/libcrypto.so (found version "1.1.1f")  
[0.743s] -- Found FastRTPS: /opt/ros/foxy/include  
[0.811s] -- Using all available rosidl_typesupport_cpp: rosidl_typesupport_fastrtps_cpp;rosidl_typesupport_introspection_cpp
[0.958s] -- Found rclcpp: 2.4.2 (/opt/ros/foxy/share/rclcpp/cmake)
[0.992s] -- Found rmw_implementation_cmake: 1.0.4 (/opt/ros/foxy/share/rmw_implementation_cmake/cmake)
[0.993s] -- Using RMW implementation 'rmw_fastrtps_cpp' as default
[0.994s] -- Looking for pthread.h
[1.051s] -- Looking for pthread.h - found
[1.051s] -- Performing Test CMAKE_HAVE_LIBC_PTHREAD
[1.112s] -- Performing Test CMAKE_HAVE_LIBC_PTHREAD - Failed
[1.112s] -- Looking for pthread_create in pthreads
[1.159s] -- Looking for pthread_create in pthreads - not found
[1.159s] -- Looking for pthread_create in pthread
[1.217s] -- Looking for pthread_create in pthread - found
[1.218s] -- Found Threads: TRUE  
[1.328s] -- Found std_srvs: 2.0.5 (/opt/ros/foxy/share/std_srvs/cmake)
[1.336s] -- Found nav_msgs: 2.0.5 (/opt/ros/foxy/share/nav_msgs/cmake)
[1.395s] -- Found rtabmap_msgs: 0.21.1 (/home/chaung/f_ws/install/rtabmap_msgs/share/rtabmap_msgs/cmake)
[1.503s] -- Found rtabmap_sync: 0.21.1 (/home/chaung/f_ws/install/rtabmap_sync/share/rtabmap_sync/cmake)
[2.112s] -- Found Eigen3: TRUE (found version "3.3.7") 
[2.151s] -- Checking for module 'eigen3'
[2.163s] --   Found eigen3, version 3.3.7
[2.187s] -- Found Eigen: /usr/include/eigen3 (Required is at least version "3.1") 
[2.187s] -- Eigen found (include: /usr/include/eigen3, version: 3.3.7)
[2.241s] -- Checking for module 'libusb-1.0'
[2.261s] --   Found libusb-1.0, version 1.0.23
[2.315s] -- Found USB_10: /usr/lib/x86_64-linux-gnu/libusb-1.0.so  
[2.380s] -- OpenNI found (include: /usr/include/ni, lib: /usr/lib/libOpenNI.so)
[2.447s] -- OpenNI2 found (include: /usr/include/openni2, lib: /usr/lib/libOpenNI2.so)
[2.491s] -- The imported target "vtkParseOGLExt" references the file
[2.491s]    "/usr/bin/vtkParseOGLExt-7.1"
[2.491s] but this file does not exist.  Possible reasons include:
[2.491s] * The file was deleted, renamed, or moved to another location.
[2.491s] * An install or uninstall procedure did not complete successfully.
[2.492s] * The installation package was faulty and contained
[2.492s]    "/usr/lib/cmake/vtk-7.1/VTKTargets.cmake"
[2.492s] but not all the files it references.
[2.492s] 
[2.492s] -- The imported target "vtkRenderingPythonTkWidgets" references the file
[2.492s]    "/usr/lib/x86_64-linux-gnu/libvtkRenderingPythonTkWidgets.so"
[2.492s] but this file does not exist.  Possible reasons include:
[2.492s] * The file was deleted, renamed, or moved to another location.
[2.492s] * An install or uninstall procedure did not complete successfully.
[2.492s] * The installation package was faulty and contained
[2.492s]    "/usr/lib/cmake/vtk-7.1/VTKTargets.cmake"
[2.492s] but not all the files it references.
[2.492s] 
[2.492s] -- The imported target "vtk" references the file
[2.492s]    "/usr/bin/vtk"
[2.493s] but this file does not exist.  Possible reasons include:
[2.493s] * The file was deleted, renamed, or moved to another location.
[2.493s] * An install or uninstall procedure did not complete successfully.
[2.493s] * The installation package was faulty and contained
[2.493s]    "/usr/lib/cmake/vtk-7.1/VTKTargets.cmake"
[2.493s] but not all the files it references.
[2.493s] 
[2.493s] -- The imported target "pvtk" references the file
[2.493s]    "/usr/bin/pvtk"
[2.493s] but this file does not exist.  Possible reasons include:
[2.493s] * The file was deleted, renamed, or moved to another location.
[2.493s] * An install or uninstall procedure did not complete successfully.
[2.493s] * The installation package was faulty and contained
[2.493s]    "/usr/lib/cmake/vtk-7.1/VTKTargets.cmake"
[2.493s] but not all the files it references.
[2.493s] 
[2.505s] -- Found libusb-1.0: /usr/include  
[2.518s] -- Checking for module 'flann'
[2.546s] --   Found flann, version 1.9.1
[2.587s] -- Found FLANN: /usr/lib/x86_64-linux-gnu/libflann_cpp.so  
[2.603s] -- Found Qhull: optimized;/usr/lib/x86_64-linux-gnu/libqhull.so;debug;/usr/lib/x86_64-linux-gnu/libqhull.so  
[2.603s] -- QHULL found (include: /usr/include, lib: optimized;/usr/lib/x86_64-linux-gnu/libqhull.so;debug;/usr/lib/x86_64-linux-gnu/libqhull.so)
[2.627s] -- OpenNI found (include: /usr/include/ni, lib: /usr/lib/libOpenNI.so)
[2.631s] -- OpenNI2 found (include: /usr/include/openni2, lib: /usr/lib/libOpenNI2.so)
[2.641s] -- Found PCL_COMMON: /usr/lib/x86_64-linux-gnu/libpcl_common.so  
[2.642s] -- Found PCL_OCTREE: /usr/lib/x86_64-linux-gnu/libpcl_octree.so  
[2.643s] -- Found PCL_IO: /usr/lib/x86_64-linux-gnu/libpcl_io.so  
[2.644s] -- Found PCL_KDTREE: /usr/lib/x86_64-linux-gnu/libpcl_kdtree.so  
[2.645s] -- Found PCL_SEARCH: /usr/lib/x86_64-linux-gnu/libpcl_search.so  
[2.646s] -- Found PCL_SURFACE: /usr/lib/x86_64-linux-gnu/libpcl_surface.so  
[2.648s] -- Found PCL_FILTERS: /usr/lib/x86_64-linux-gnu/libpcl_filters.so  
[2.648s] -- Found PCL_2D: /usr/include/pcl-1.10  
[2.649s] -- Found PCL_FEATURES: /usr/lib/x86_64-linux-gnu/libpcl_features.so  
[2.650s] -- Found PCL_REGISTRATION: /usr/lib/x86_64-linux-gnu/libpcl_registration.so  
[2.651s] -- Found PCL_SAMPLE_CONSENSUS: /usr/lib/x86_64-linux-gnu/libpcl_sample_consensus.so  
[2.652s] -- Found PCL_GEOMETRY: /usr/include/pcl-1.10  
[2.653s] -- Found PCL_ML: /usr/lib/x86_64-linux-gnu/libpcl_ml.so  
[2.654s] -- Found PCL_SEGMENTATION: /usr/lib/x86_64-linux-gnu/libpcl_segmentation.so  
[2.655s] -- Found PCL_VISUALIZATION: /usr/lib/x86_64-linux-gnu/libpcl_visualization.so  
[2.861s] -- Configuring done
[2.905s] -- Generating done
[2.907s] -- Build files have been written to: /home/chaung/f_ws/build/rtabmap_viz
