[0.012s] Invoking command in '/home/chaung/f_ws/build/rtabmap_odom': AMENT_PREFIX_PATH=/home/chaung/f_ws/install/rtabmap_util:/home/chaung/f_ws/install/rtabmap_conversions:${AMENT_PREFIX_PATH} CMAKE_PREFIX_PATH=/home/chaung/f_ws/install/rtabmap_util:/home/chaung/f_ws/install/rtabmap_conversions:/opt/ros/foxy:/home/chaung/f_ws/install/rtabmap_msgs:/home/chaung/f_ws/install/rtabmap LD_LIBRARY_PATH=/home/chaung/f_ws/install/rtabmap_util/lib:/home/chaung/f_ws/install/rtabmap_conversions/lib:/home/chaung/f_ws/install/rtabmap_msgs/lib:/home/chaung/f_ws/install/rtabmap/lib:${LD_LIBRARY_PATH} PATH=/home/chaung/f_ws/install/rtabmap/bin:${PATH} PKG_CONFIG_PATH=/home/chaung/f_ws/install/rtabmap_msgs/lib/x86_64-linux-gnu/pkgconfig:/home/chaung/f_ws/install/rtabmap_msgs/lib/pkgconfig:/home/chaung/f_ws/install/rtabmap/lib/x86_64-linux-gnu/pkgconfig:/home/chaung/f_ws/install/rtabmap/lib/pkgconfig PYTHONPATH=/home/chaung/f_ws/install/rtabmap_msgs/lib/python3.8/site-packages:${PYTHONPATH} ROS_PACKAGE_PATH=/home/chaung/f_ws/install/rtabmap_msgs/share /usr/bin/cmake --build /home/chaung/f_ws/build/rtabmap_odom -- -j12 -l12
[0.079s] [ 16%] Built target rtabmap_odom
[0.132s] [ 50%] Built target rtabmap_odom_plugins
[0.163s] [ 66%] Built target rtabmap_stereo_odometry
[0.164s] [ 91%] Built target rtabmap_icp_odometry
[0.164s] [100%] Built target rtabmap_rgbd_odometry
[0.182s] Invoked command in '/home/chaung/f_ws/build/rtabmap_odom' returned '0': AMENT_PREFIX_PATH=/home/chaung/f_ws/install/rtabmap_util:/home/chaung/f_ws/install/rtabmap_conversions:${AMENT_PREFIX_PATH} CMAKE_PREFIX_PATH=/home/chaung/f_ws/install/rtabmap_util:/home/chaung/f_ws/install/rtabmap_conversions:/opt/ros/foxy:/home/chaung/f_ws/install/rtabmap_msgs:/home/chaung/f_ws/install/rtabmap LD_LIBRARY_PATH=/home/chaung/f_ws/install/rtabmap_util/lib:/home/chaung/f_ws/install/rtabmap_conversions/lib:/home/chaung/f_ws/install/rtabmap_msgs/lib:/home/chaung/f_ws/install/rtabmap/lib:${LD_LIBRARY_PATH} PATH=/home/chaung/f_ws/install/rtabmap/bin:${PATH} PKG_CONFIG_PATH=/home/chaung/f_ws/install/rtabmap_msgs/lib/x86_64-linux-gnu/pkgconfig:/home/chaung/f_ws/install/rtabmap_msgs/lib/pkgconfig:/home/chaung/f_ws/install/rtabmap/lib/x86_64-linux-gnu/pkgconfig:/home/chaung/f_ws/install/rtabmap/lib/pkgconfig PYTHONPATH=/home/chaung/f_ws/install/rtabmap_msgs/lib/python3.8/site-packages:${PYTHONPATH} ROS_PACKAGE_PATH=/home/chaung/f_ws/install/rtabmap_msgs/share /usr/bin/cmake --build /home/chaung/f_ws/build/rtabmap_odom -- -j12 -l12
[0.216s] Invoking command in '/home/chaung/f_ws/build/rtabmap_odom': AMENT_PREFIX_PATH=/home/chaung/f_ws/install/rtabmap_util:/home/chaung/f_ws/install/rtabmap_conversions:${AMENT_PREFIX_PATH} CMAKE_PREFIX_PATH=/home/chaung/f_ws/install/rtabmap_util:/home/chaung/f_ws/install/rtabmap_conversions:/opt/ros/foxy:/home/chaung/f_ws/install/rtabmap_msgs:/home/chaung/f_ws/install/rtabmap LD_LIBRARY_PATH=/home/chaung/f_ws/install/rtabmap_util/lib:/home/chaung/f_ws/install/rtabmap_conversions/lib:/home/chaung/f_ws/install/rtabmap_msgs/lib:/home/chaung/f_ws/install/rtabmap/lib:${LD_LIBRARY_PATH} PATH=/home/chaung/f_ws/install/rtabmap/bin:${PATH} PKG_CONFIG_PATH=/home/chaung/f_ws/install/rtabmap_msgs/lib/x86_64-linux-gnu/pkgconfig:/home/chaung/f_ws/install/rtabmap_msgs/lib/pkgconfig:/home/chaung/f_ws/install/rtabmap/lib/x86_64-linux-gnu/pkgconfig:/home/chaung/f_ws/install/rtabmap/lib/pkgconfig PYTHONPATH=/home/chaung/f_ws/install/rtabmap_msgs/lib/python3.8/site-packages:${PYTHONPATH} ROS_PACKAGE_PATH=/home/chaung/f_ws/install/rtabmap_msgs/share /usr/bin/cmake --install /home/chaung/f_ws/build/rtabmap_odom
[0.226s] -- Install configuration: ""
[0.226s] -- Execute custom install script
[0.226s] -- Up-to-date symlink: /home/chaung/f_ws/install/rtabmap_odom/share/rtabmap_odom/environment/library_path.sh
[0.226s] -- Up-to-date symlink: /home/chaung/f_ws/install/rtabmap_odom/share/rtabmap_odom/environment/library_path.dsv
[0.227s] -- Up-to-date symlink: /home/chaung/f_ws/install/rtabmap_odom/lib/rtabmap_odom/rgbd_odometry
[0.227s] -- Up-to-date symlink: /home/chaung/f_ws/install/rtabmap_odom/lib/rtabmap_odom/icp_odometry
[0.227s] -- Up-to-date symlink: /home/chaung/f_ws/install/rtabmap_odom/lib/rtabmap_odom/stereo_odometry
[0.227s] -- Up-to-date symlink: /home/chaung/f_ws/install/rtabmap_odom/share/ament_index/resource_index/package_run_dependencies/rtabmap_odom
[0.227s] -- Up-to-date symlink: /home/chaung/f_ws/install/rtabmap_odom/share/ament_index/resource_index/parent_prefix_path/rtabmap_odom
[0.227s] -- Up-to-date symlink: /home/chaung/f_ws/install/rtabmap_odom/share/rtabmap_odom/environment/ament_prefix_path.sh
[0.227s] -- Up-to-date symlink: /home/chaung/f_ws/install/rtabmap_odom/share/rtabmap_odom/environment/ament_prefix_path.dsv
[0.228s] -- Up-to-date symlink: /home/chaung/f_ws/install/rtabmap_odom/share/rtabmap_odom/environment/path.sh
[0.228s] -- Up-to-date symlink: /home/chaung/f_ws/install/rtabmap_odom/share/rtabmap_odom/environment/path.dsv
[0.228s] -- Up-to-date symlink: /home/chaung/f_ws/install/rtabmap_odom/share/rtabmap_odom/local_setup.bash
[0.228s] -- Up-to-date symlink: /home/chaung/f_ws/install/rtabmap_odom/share/rtabmap_odom/local_setup.sh
[0.228s] -- Up-to-date symlink: /home/chaung/f_ws/install/rtabmap_odom/share/rtabmap_odom/local_setup.zsh
[0.228s] -- Up-to-date symlink: /home/chaung/f_ws/install/rtabmap_odom/share/rtabmap_odom/local_setup.dsv
[0.228s] -- Symlinking: /home/chaung/f_ws/install/rtabmap_odom/share/rtabmap_odom/package.dsv
[0.244s] -- Up-to-date symlink: /home/chaung/f_ws/install/rtabmap_odom/share/ament_index/resource_index/packages/rtabmap_odom
[0.244s] -- Up-to-date symlink: /home/chaung/f_ws/install/rtabmap_odom/share/ament_index/resource_index/rclcpp_components/rtabmap_odom
[0.244s] -- Up-to-date symlink: /home/chaung/f_ws/install/rtabmap_odom/share/rtabmap_odom/cmake/ament_cmake_export_dependencies-extras.cmake
[0.244s] -- Up-to-date symlink: /home/chaung/f_ws/install/rtabmap_odom/share/rtabmap_odom/cmake/ament_cmake_export_include_directories-extras.cmake
[0.244s] -- Up-to-date symlink: /home/chaung/f_ws/install/rtabmap_odom/share/rtabmap_odom/cmake/ament_cmake_export_targets-extras.cmake
[0.245s] -- Up-to-date symlink: /home/chaung/f_ws/install/rtabmap_odom/share/rtabmap_odom/cmake/ament_cmake_export_libraries-extras.cmake
[0.245s] -- Up-to-date symlink: /home/chaung/f_ws/install/rtabmap_odom/share/rtabmap_odom/cmake/rtabmap_odomConfig.cmake
[0.245s] -- Up-to-date symlink: /home/chaung/f_ws/install/rtabmap_odom/share/rtabmap_odom/cmake/rtabmap_odomConfig-version.cmake
[0.245s] -- Up-to-date symlink: /home/chaung/f_ws/install/rtabmap_odom/share/rtabmap_odom/package.xml
[0.246s] -- Up-to-date: /home/chaung/f_ws/install/rtabmap_odom/lib/librtabmap_odom.so
[0.246s] -- Up-to-date: /home/chaung/f_ws/install/rtabmap_odom/lib/librtabmap_odom_plugins.so
[0.246s] -- Up-to-date: /home/chaung/f_ws/install/rtabmap_odom/include
[0.247s] -- Up-to-date: /home/chaung/f_ws/install/rtabmap_odom/include/rtabmap_odom
[0.247s] -- Up-to-date: /home/chaung/f_ws/install/rtabmap_odom/include/rtabmap_odom/visibility.h
[0.247s] -- Up-to-date: /home/chaung/f_ws/install/rtabmap_odom/include/rtabmap_odom/OdometryROS.h
[0.247s] -- Up-to-date: /home/chaung/f_ws/install/rtabmap_odom/share/rtabmap_odom/cmake/rtabmap_odomExport.cmake
[0.247s] -- Up-to-date: /home/chaung/f_ws/install/rtabmap_odom/share/rtabmap_odom/cmake/rtabmap_odomExport-noconfig.cmake
[0.252s] Invoked command in '/home/chaung/f_ws/build/rtabmap_odom' returned '0': AMENT_PREFIX_PATH=/home/chaung/f_ws/install/rtabmap_util:/home/chaung/f_ws/install/rtabmap_conversions:${AMENT_PREFIX_PATH} CMAKE_PREFIX_PATH=/home/chaung/f_ws/install/rtabmap_util:/home/chaung/f_ws/install/rtabmap_conversions:/opt/ros/foxy:/home/chaung/f_ws/install/rtabmap_msgs:/home/chaung/f_ws/install/rtabmap LD_LIBRARY_PATH=/home/chaung/f_ws/install/rtabmap_util/lib:/home/chaung/f_ws/install/rtabmap_conversions/lib:/home/chaung/f_ws/install/rtabmap_msgs/lib:/home/chaung/f_ws/install/rtabmap/lib:${LD_LIBRARY_PATH} PATH=/home/chaung/f_ws/install/rtabmap/bin:${PATH} PKG_CONFIG_PATH=/home/chaung/f_ws/install/rtabmap_msgs/lib/x86_64-linux-gnu/pkgconfig:/home/chaung/f_ws/install/rtabmap_msgs/lib/pkgconfig:/home/chaung/f_ws/install/rtabmap/lib/x86_64-linux-gnu/pkgconfig:/home/chaung/f_ws/install/rtabmap/lib/pkgconfig PYTHONPATH=/home/chaung/f_ws/install/rtabmap_msgs/lib/python3.8/site-packages:${PYTHONPATH} ROS_PACKAGE_PATH=/home/chaung/f_ws/install/rtabmap_msgs/share /usr/bin/cmake --install /home/chaung/f_ws/build/rtabmap_odom
