[0.016s] Invoking command in '/home/chaung/f_ws/build/rtabmap_slam': AMENT_PREFIX_PATH=/home/chaung/f_ws/install/rtabmap_util:/home/chaung/f_ws/install/rtabmap_sync:/home/chaung/f_ws/install/rtabmap_conversions:${AMENT_PREFIX_PATH} CMAKE_PREFIX_PATH=/home/chaung/f_ws/install/rtabmap_util:/home/chaung/f_ws/install/rtabmap_sync:/home/chaung/f_ws/install/rtabmap_conversions:/home/chaung/f_ws/install/openslam_gmapping:/home/chaung/f_ws/install/bno055:/opt/ros/foxy:/home/chaung/f_ws/install/rtabmap_msgs:/home/chaung/f_ws/install/rtabmap:${CMAKE_PREFIX_PATH} LD_LIBRARY_PATH=/home/chaung/f_ws/install/rtabmap_util/lib:/home/chaung/f_ws/install/rtabmap_sync/lib:/home/chaung/f_ws/install/rtabmap_conversions/lib:/home/chaung/f_ws/install/rtabmap_msgs/lib:/home/chaung/f_ws/install/rtabmap/lib:${LD_LIBRARY_PATH} PATH=/home/chaung/f_ws/install/rtabmap/bin:${PATH} PKG_CONFIG_PATH=/home/chaung/f_ws/install/rtabmap_msgs/lib/x86_64-linux-gnu/pkgconfig:/home/chaung/f_ws/install/rtabmap_msgs/lib/pkgconfig:/home/chaung/f_ws/install/rtabmap/lib/x86_64-linux-gnu/pkgconfig:/home/chaung/f_ws/install/rtabmap/lib/pkgconfig:${PKG_CONFIG_PATH} PYTHONPATH=/home/chaung/f_ws/install/rtabmap_msgs/lib/python3.8/site-packages:${PYTHONPATH} ROS_PACKAGE_PATH=/home/chaung/f_ws/install/rtabmap_msgs/share /usr/bin/cmake --build /home/chaung/f_ws/build/rtabmap_slam
[0.080s] [ 50%] Built target rtabmap_slam_plugins
[0.118s] [100%] Built target rtabmap_node
[0.126s] Invoked command in '/home/chaung/f_ws/build/rtabmap_slam' returned '0': AMENT_PREFIX_PATH=/home/chaung/f_ws/install/rtabmap_util:/home/chaung/f_ws/install/rtabmap_sync:/home/chaung/f_ws/install/rtabmap_conversions:${AMENT_PREFIX_PATH} CMAKE_PREFIX_PATH=/home/chaung/f_ws/install/rtabmap_util:/home/chaung/f_ws/install/rtabmap_sync:/home/chaung/f_ws/install/rtabmap_conversions:/home/chaung/f_ws/install/openslam_gmapping:/home/chaung/f_ws/install/bno055:/opt/ros/foxy:/home/chaung/f_ws/install/rtabmap_msgs:/home/chaung/f_ws/install/rtabmap:${CMAKE_PREFIX_PATH} LD_LIBRARY_PATH=/home/chaung/f_ws/install/rtabmap_util/lib:/home/chaung/f_ws/install/rtabmap_sync/lib:/home/chaung/f_ws/install/rtabmap_conversions/lib:/home/chaung/f_ws/install/rtabmap_msgs/lib:/home/chaung/f_ws/install/rtabmap/lib:${LD_LIBRARY_PATH} PATH=/home/chaung/f_ws/install/rtabmap/bin:${PATH} PKG_CONFIG_PATH=/home/chaung/f_ws/install/rtabmap_msgs/lib/x86_64-linux-gnu/pkgconfig:/home/chaung/f_ws/install/rtabmap_msgs/lib/pkgconfig:/home/chaung/f_ws/install/rtabmap/lib/x86_64-linux-gnu/pkgconfig:/home/chaung/f_ws/install/rtabmap/lib/pkgconfig:${PKG_CONFIG_PATH} PYTHONPATH=/home/chaung/f_ws/install/rtabmap_msgs/lib/python3.8/site-packages:${PYTHONPATH} ROS_PACKAGE_PATH=/home/chaung/f_ws/install/rtabmap_msgs/share /usr/bin/cmake --build /home/chaung/f_ws/build/rtabmap_slam
[0.146s] Invoking command in '/home/chaung/f_ws/build/rtabmap_slam': AMENT_PREFIX_PATH=/home/chaung/f_ws/install/rtabmap_util:/home/chaung/f_ws/install/rtabmap_sync:/home/chaung/f_ws/install/rtabmap_conversions:${AMENT_PREFIX_PATH} CMAKE_PREFIX_PATH=/home/chaung/f_ws/install/rtabmap_util:/home/chaung/f_ws/install/rtabmap_sync:/home/chaung/f_ws/install/rtabmap_conversions:/home/chaung/f_ws/install/openslam_gmapping:/home/chaung/f_ws/install/bno055:/opt/ros/foxy:/home/chaung/f_ws/install/rtabmap_msgs:/home/chaung/f_ws/install/rtabmap:${CMAKE_PREFIX_PATH} LD_LIBRARY_PATH=/home/chaung/f_ws/install/rtabmap_util/lib:/home/chaung/f_ws/install/rtabmap_sync/lib:/home/chaung/f_ws/install/rtabmap_conversions/lib:/home/chaung/f_ws/install/rtabmap_msgs/lib:/home/chaung/f_ws/install/rtabmap/lib:${LD_LIBRARY_PATH} PATH=/home/chaung/f_ws/install/rtabmap/bin:${PATH} PKG_CONFIG_PATH=/home/chaung/f_ws/install/rtabmap_msgs/lib/x86_64-linux-gnu/pkgconfig:/home/chaung/f_ws/install/rtabmap_msgs/lib/pkgconfig:/home/chaung/f_ws/install/rtabmap/lib/x86_64-linux-gnu/pkgconfig:/home/chaung/f_ws/install/rtabmap/lib/pkgconfig:${PKG_CONFIG_PATH} PYTHONPATH=/home/chaung/f_ws/install/rtabmap_msgs/lib/python3.8/site-packages:${PYTHONPATH} ROS_PACKAGE_PATH=/home/chaung/f_ws/install/rtabmap_msgs/share /usr/bin/cmake --install /home/chaung/f_ws/build/rtabmap_slam
[0.152s] -- Install configuration: ""
[0.152s] -- Up-to-date: /home/chaung/f_ws/install/rtabmap_slam/share/rtabmap_slam/environment/library_path.sh
[0.153s] -- Up-to-date: /home/chaung/f_ws/install/rtabmap_slam/share/rtabmap_slam/environment/library_path.dsv
[0.153s] -- Up-to-date: /home/chaung/f_ws/install/rtabmap_slam/lib/librtabmap_slam_plugins.so
[0.153s] -- Up-to-date: /home/chaung/f_ws/install/rtabmap_slam/lib/rtabmap_slam/rtabmap
[0.153s] -- Up-to-date: /home/chaung/f_ws/install/rtabmap_slam/include
[0.153s] -- Up-to-date: /home/chaung/f_ws/install/rtabmap_slam/include/rtabmap_slam
[0.153s] -- Up-to-date: /home/chaung/f_ws/install/rtabmap_slam/include/rtabmap_slam/CoreWrapper.h
[0.153s] -- Up-to-date: /home/chaung/f_ws/install/rtabmap_slam/include/rtabmap_slam/visibility.h
[0.153s] -- Up-to-date: /home/chaung/f_ws/install/rtabmap_slam/share/ament_index/resource_index/package_run_dependencies/rtabmap_slam
[0.153s] -- Up-to-date: /home/chaung/f_ws/install/rtabmap_slam/share/ament_index/resource_index/parent_prefix_path/rtabmap_slam
[0.153s] -- Up-to-date: /home/chaung/f_ws/install/rtabmap_slam/share/rtabmap_slam/environment/ament_prefix_path.sh
[0.153s] -- Up-to-date: /home/chaung/f_ws/install/rtabmap_slam/share/rtabmap_slam/environment/ament_prefix_path.dsv
[0.153s] -- Up-to-date: /home/chaung/f_ws/install/rtabmap_slam/share/rtabmap_slam/environment/path.sh
[0.153s] -- Up-to-date: /home/chaung/f_ws/install/rtabmap_slam/share/rtabmap_slam/environment/path.dsv
[0.153s] -- Up-to-date: /home/chaung/f_ws/install/rtabmap_slam/share/rtabmap_slam/local_setup.bash
[0.154s] -- Up-to-date: /home/chaung/f_ws/install/rtabmap_slam/share/rtabmap_slam/local_setup.sh
[0.154s] -- Up-to-date: /home/chaung/f_ws/install/rtabmap_slam/share/rtabmap_slam/local_setup.zsh
[0.154s] -- Up-to-date: /home/chaung/f_ws/install/rtabmap_slam/share/rtabmap_slam/local_setup.dsv
[0.154s] -- Installing: /home/chaung/f_ws/install/rtabmap_slam/share/rtabmap_slam/package.dsv
[0.154s] -- Up-to-date: /home/chaung/f_ws/install/rtabmap_slam/share/ament_index/resource_index/packages/rtabmap_slam
[0.154s] -- Up-to-date: /home/chaung/f_ws/install/rtabmap_slam/share/ament_index/resource_index/rclcpp_components/rtabmap_slam
[0.154s] -- Up-to-date: /home/chaung/f_ws/install/rtabmap_slam/share/rtabmap_slam/cmake/rtabmap_slamExport.cmake
[0.154s] -- Up-to-date: /home/chaung/f_ws/install/rtabmap_slam/share/rtabmap_slam/cmake/rtabmap_slamExport-noconfig.cmake
[0.154s] -- Up-to-date: /home/chaung/f_ws/install/rtabmap_slam/share/rtabmap_slam/cmake/ament_cmake_export_dependencies-extras.cmake
[0.154s] -- Up-to-date: /home/chaung/f_ws/install/rtabmap_slam/share/rtabmap_slam/cmake/ament_cmake_export_include_directories-extras.cmake
[0.154s] -- Up-to-date: /home/chaung/f_ws/install/rtabmap_slam/share/rtabmap_slam/cmake/ament_cmake_export_targets-extras.cmake
[0.154s] -- Up-to-date: /home/chaung/f_ws/install/rtabmap_slam/share/rtabmap_slam/cmake/ament_cmake_export_libraries-extras.cmake
[0.154s] -- Up-to-date: /home/chaung/f_ws/install/rtabmap_slam/share/rtabmap_slam/cmake/rtabmap_slamConfig.cmake
[0.154s] -- Up-to-date: /home/chaung/f_ws/install/rtabmap_slam/share/rtabmap_slam/cmake/rtabmap_slamConfig-version.cmake
[0.154s] -- Up-to-date: /home/chaung/f_ws/install/rtabmap_slam/share/rtabmap_slam/package.xml
[0.162s] Invoked command in '/home/chaung/f_ws/build/rtabmap_slam' returned '0': AMENT_PREFIX_PATH=/home/chaung/f_ws/install/rtabmap_util:/home/chaung/f_ws/install/rtabmap_sync:/home/chaung/f_ws/install/rtabmap_conversions:${AMENT_PREFIX_PATH} CMAKE_PREFIX_PATH=/home/chaung/f_ws/install/rtabmap_util:/home/chaung/f_ws/install/rtabmap_sync:/home/chaung/f_ws/install/rtabmap_conversions:/home/chaung/f_ws/install/openslam_gmapping:/home/chaung/f_ws/install/bno055:/opt/ros/foxy:/home/chaung/f_ws/install/rtabmap_msgs:/home/chaung/f_ws/install/rtabmap:${CMAKE_PREFIX_PATH} LD_LIBRARY_PATH=/home/chaung/f_ws/install/rtabmap_util/lib:/home/chaung/f_ws/install/rtabmap_sync/lib:/home/chaung/f_ws/install/rtabmap_conversions/lib:/home/chaung/f_ws/install/rtabmap_msgs/lib:/home/chaung/f_ws/install/rtabmap/lib:${LD_LIBRARY_PATH} PATH=/home/chaung/f_ws/install/rtabmap/bin:${PATH} PKG_CONFIG_PATH=/home/chaung/f_ws/install/rtabmap_msgs/lib/x86_64-linux-gnu/pkgconfig:/home/chaung/f_ws/install/rtabmap_msgs/lib/pkgconfig:/home/chaung/f_ws/install/rtabmap/lib/x86_64-linux-gnu/pkgconfig:/home/chaung/f_ws/install/rtabmap/lib/pkgconfig:${PKG_CONFIG_PATH} PYTHONPATH=/home/chaung/f_ws/install/rtabmap_msgs/lib/python3.8/site-packages:${PYTHONPATH} ROS_PACKAGE_PATH=/home/chaung/f_ws/install/rtabmap_msgs/share /usr/bin/cmake --install /home/chaung/f_ws/build/rtabmap_slam
