[0.046s] Invoking command in '/home/chaung/f_ws/build/openslam_gmapping': CMAKE_PREFIX_PATH=/opt/ros/foxy /usr/bin/cmake /home/chaung/f_ws/src/openslam_gmapping -DAMENT_CMAKE_SYMLINK_INSTALL=1 -DCMAKE_INSTALL_PREFIX=/home/chaung/f_ws/install/openslam_gmapping
[0.273s] -- Found ament_cmake: 0.9.11 (/opt/ros/foxy/share/ament_cmake/cmake)
[0.273s] -- Using PYTHON_EXECUTABLE: /usr/bin/python3
[0.273s] -- Override CMake install command with custom implementation using symlinks instead of copying resources
[0.371s] -- Configuring done
[0.419s] -- Generating done
[0.422s] -- Build files have been written to: /home/chaung/f_ws/build/openslam_gmapping
[0.426s] Invoked command in '/home/chaung/f_ws/build/openslam_gmapping' returned '0': CMAKE_PREFIX_PATH=/opt/ros/foxy /usr/bin/cmake /home/chaung/f_ws/src/openslam_gmapping -DAMENT_CMAKE_SYMLINK_INSTALL=1 -DCMAKE_INSTALL_PREFIX=/home/chaung/f_ws/install/openslam_gmapping
[0.427s] Invoking command in '/home/chaung/f_ws/build/openslam_gmapping': CMAKE_PREFIX_PATH=/opt/ros/foxy /usr/bin/cmake --build /home/chaung/f_ws/build/openslam_gmapping -- -j12 -l12
[0.862s] [ 13%] Built target utils
[0.862s] [ 27%] Built target sensor_base
[0.862s] [ 40%] Built target sensor_range
[0.862s] [ 54%] Built target sensor_odometry
[0.862s] [ 77%] Built target scanmatcher
[0.862s] [100%] Built target gridfastslam
[0.867s] Invoked command in '/home/chaung/f_ws/build/openslam_gmapping' returned '0': CMAKE_PREFIX_PATH=/opt/ros/foxy /usr/bin/cmake --build /home/chaung/f_ws/build/openslam_gmapping -- -j12 -l12
[0.906s] Invoking command in '/home/chaung/f_ws/build/openslam_gmapping': CMAKE_PREFIX_PATH=/opt/ros/foxy /usr/bin/cmake --install /home/chaung/f_ws/build/openslam_gmapping
[0.916s] -- Install configuration: ""
[0.917s] -- Execute custom install script
[0.917s] -- Symlinking: /home/chaung/f_ws/install/openslam_gmapping/lib/libgridfastslam.a
[0.928s] -- Symlinking: /home/chaung/f_ws/install/openslam_gmapping/lib/libscanmatcher.a
[0.937s] -- Symlinking: /home/chaung/f_ws/install/openslam_gmapping/lib/libsensor_base.a
[0.945s] -- Symlinking: /home/chaung/f_ws/install/openslam_gmapping/share/openslam_gmapping/environment/library_path.sh
[0.953s] -- Symlinking: /home/chaung/f_ws/install/openslam_gmapping/share/openslam_gmapping/environment/library_path.dsv
[0.962s] -- Up-to-date symlink: /home/chaung/f_ws/install/openslam_gmapping/share/openslam_gmapping/environment/library_path.sh
[0.963s] -- Up-to-date symlink: /home/chaung/f_ws/install/openslam_gmapping/share/openslam_gmapping/environment/library_path.dsv
[0.963s] -- Symlinking: /home/chaung/f_ws/install/openslam_gmapping/lib/libsensor_odometry.a
[0.973s] -- Symlinking: /home/chaung/f_ws/install/openslam_gmapping/lib/libsensor_range.a
[0.981s] -- Symlinking: /home/chaung/f_ws/install/openslam_gmapping/lib/libutils.a
[0.989s] -- Up-to-date symlink: /home/chaung/f_ws/install/openslam_gmapping/share/openslam_gmapping/environment/library_path.sh
[0.989s] -- Up-to-date symlink: /home/chaung/f_ws/install/openslam_gmapping/share/openslam_gmapping/environment/library_path.dsv
[0.990s] -- Up-to-date symlink: /home/chaung/f_ws/install/openslam_gmapping/share/openslam_gmapping/environment/library_path.sh
[0.990s] -- Up-to-date symlink: /home/chaung/f_ws/install/openslam_gmapping/share/openslam_gmapping/environment/library_path.dsv
[0.991s] -- Symlinking: /home/chaung/f_ws/install/openslam_gmapping/include//gmapping/grid/accessstate.h
[0.999s] -- Symlinking: /home/chaung/f_ws/install/openslam_gmapping/include//gmapping/grid/array2d.h
[1.008s] -- Symlinking: /home/chaung/f_ws/install/openslam_gmapping/include//gmapping/grid/harray2d.h
[1.015s] -- Symlinking: /home/chaung/f_ws/install/openslam_gmapping/include//gmapping/grid/map.h
[1.024s] -- Symlinking: /home/chaung/f_ws/install/openslam_gmapping/include//gmapping/gridfastslam/gridslamprocessor.h
[1.032s] -- Symlinking: /home/chaung/f_ws/install/openslam_gmapping/include//gmapping/gridfastslam/gridslamprocessor.hxx
[1.040s] -- Symlinking: /home/chaung/f_ws/install/openslam_gmapping/include//gmapping/gridfastslam/motionmodel.h
[1.050s] -- Symlinking: /home/chaung/f_ws/install/openslam_gmapping/include//gmapping/log/configuration.h
[1.060s] -- Symlinking: /home/chaung/f_ws/install/openslam_gmapping/include//gmapping/log/sensorlog.h
[1.068s] -- Symlinking: /home/chaung/f_ws/install/openslam_gmapping/include//gmapping/particlefilter/particlefilter.h
[1.077s] -- Symlinking: /home/chaung/f_ws/install/openslam_gmapping/include//gmapping/scanmatcher/icp.h
[1.087s] -- Symlinking: /home/chaung/f_ws/install/openslam_gmapping/include//gmapping/scanmatcher/scanmatcher.h
[1.096s] -- Symlinking: /home/chaung/f_ws/install/openslam_gmapping/include//gmapping/scanmatcher/smmap.h
[1.107s] -- Symlinking: /home/chaung/f_ws/install/openslam_gmapping/include//gmapping/sensor/sensor_base/sensor.h
[1.116s] -- Symlinking: /home/chaung/f_ws/install/openslam_gmapping/include//gmapping/sensor/sensor_base/sensorreading.h
[1.125s] -- Symlinking: /home/chaung/f_ws/install/openslam_gmapping/include//gmapping/sensor/sensor_odometry/odometryreading.h
[1.135s] -- Symlinking: /home/chaung/f_ws/install/openslam_gmapping/include//gmapping/sensor/sensor_odometry/odometrysensor.h
[1.144s] -- Symlinking: /home/chaung/f_ws/install/openslam_gmapping/include//gmapping/sensor/sensor_range/rangereading.h
[1.152s] -- Symlinking: /home/chaung/f_ws/install/openslam_gmapping/include//gmapping/sensor/sensor_range/rangesensor.h
[1.161s] -- Symlinking: /home/chaung/f_ws/install/openslam_gmapping/include//gmapping/utils/autoptr.h
[1.168s] -- Symlinking: /home/chaung/f_ws/install/openslam_gmapping/include//gmapping/utils/commandline.h
[1.176s] -- Symlinking: /home/chaung/f_ws/install/openslam_gmapping/include//gmapping/utils/gvalues.h
[1.183s] -- Symlinking: /home/chaung/f_ws/install/openslam_gmapping/include//gmapping/utils/macro_params.h
[1.191s] -- Symlinking: /home/chaung/f_ws/install/openslam_gmapping/include//gmapping/utils/point.h
[1.199s] -- Symlinking: /home/chaung/f_ws/install/openslam_gmapping/include//gmapping/utils/stat.h
[1.209s] -- Symlinking: /home/chaung/f_ws/install/openslam_gmapping/share/ament_index/resource_index/package_run_dependencies/openslam_gmapping
[1.216s] -- Symlinking: /home/chaung/f_ws/install/openslam_gmapping/share/ament_index/resource_index/parent_prefix_path/openslam_gmapping
[1.223s] -- Symlinking: /home/chaung/f_ws/install/openslam_gmapping/share/openslam_gmapping/environment/ament_prefix_path.sh
[1.230s] -- Symlinking: /home/chaung/f_ws/install/openslam_gmapping/share/openslam_gmapping/environment/ament_prefix_path.dsv
[1.239s] -- Symlinking: /home/chaung/f_ws/install/openslam_gmapping/share/openslam_gmapping/environment/path.sh
[1.247s] -- Symlinking: /home/chaung/f_ws/install/openslam_gmapping/share/openslam_gmapping/environment/path.dsv
[1.255s] -- Symlinking: /home/chaung/f_ws/install/openslam_gmapping/share/openslam_gmapping/local_setup.bash
[1.262s] -- Symlinking: /home/chaung/f_ws/install/openslam_gmapping/share/openslam_gmapping/local_setup.sh
[1.270s] -- Symlinking: /home/chaung/f_ws/install/openslam_gmapping/share/openslam_gmapping/local_setup.zsh
[1.278s] -- Symlinking: /home/chaung/f_ws/install/openslam_gmapping/share/openslam_gmapping/local_setup.dsv
[1.285s] -- Symlinking: /home/chaung/f_ws/install/openslam_gmapping/share/openslam_gmapping/package.dsv
[1.294s] -- Symlinking: /home/chaung/f_ws/install/openslam_gmapping/share/ament_index/resource_index/packages/openslam_gmapping
[1.302s] -- Symlinking: /home/chaung/f_ws/install/openslam_gmapping/share/openslam_gmapping/cmake/ament_cmake_export_libraries-extras.cmake
[1.309s] -- Symlinking: /home/chaung/f_ws/install/openslam_gmapping/share/openslam_gmapping/cmake/ament_cmake_export_include_directories-extras.cmake
[1.317s] -- Symlinking: /home/chaung/f_ws/install/openslam_gmapping/share/openslam_gmapping/cmake/openslam_gmappingConfig.cmake
[1.324s] -- Symlinking: /home/chaung/f_ws/install/openslam_gmapping/share/openslam_gmapping/cmake/openslam_gmappingConfig-version.cmake
[1.332s] -- Symlinking: /home/chaung/f_ws/install/openslam_gmapping/share/openslam_gmapping/package.xml
