[1.208s] Invoking command in '/home/chaung/f_ws/build/rtabmap_python': PYTHONPATH=/home/chaung/f_ws/build/rtabmap_python/prefix_override:/home/chaung/f_ws/install/rtabmap_python/lib/python3.8/site-packages:${PYTHONPATH} /usr/bin/python3 setup.py develop --uninstall --editable --build-directory /home/chaung/f_ws/build/rtabmap_python/build
[1.396s] running develop
[1.570s] Invoked command in '/home/chaung/f_ws/build/rtabmap_python' returned '0': PYTHONPATH=/home/chaung/f_ws/build/rtabmap_python/prefix_override:/home/chaung/f_ws/install/rtabmap_python/lib/python3.8/site-packages:${PYTHONPATH} /usr/bin/python3 setup.py develop --uninstall --editable --build-directory /home/chaung/f_ws/build/rtabmap_python/build
[1.570s] Invoking command in '/home/chaung/f_ws/src/rtabmap_ros/rtabmap_python': PYTHONPATH=/home/chaung/f_ws/build/rtabmap_python/prefix_override:/home/chaung/f_ws/install/rtabmap_python/lib/python3.8/site-packages:${PYTHONPATH} /usr/bin/python3 setup.py egg_info --egg-base ../../../build/rtabmap_python build --build-base /home/chaung/f_ws/build/rtabmap_python/build install --record /home/chaung/f_ws/build/rtabmap_python/install.log --single-version-externally-managed
[1.719s] running egg_info
[1.719s] writing ../../../build/rtabmap_python/rtabmap_python.egg-info/PKG-INFO
[1.720s] writing dependency_links to ../../../build/rtabmap_python/rtabmap_python.egg-info/dependency_links.txt
[1.720s] writing entry points to ../../../build/rtabmap_python/rtabmap_python.egg-info/entry_points.txt
[1.720s] writing requirements to ../../../build/rtabmap_python/rtabmap_python.egg-info/requires.txt
[1.720s] writing top-level names to ../../../build/rtabmap_python/rtabmap_python.egg-info/top_level.txt
[1.748s] reading manifest file '../../../build/rtabmap_python/rtabmap_python.egg-info/SOURCES.txt'
[1.749s] writing manifest file '../../../build/rtabmap_python/rtabmap_python.egg-info/SOURCES.txt'
[1.749s] running build
[1.749s] running build_py
[1.749s] running install
[1.750s] running install_lib
[1.751s] running install_data
[1.751s] running install_egg_info
[1.753s] removing '/home/chaung/f_ws/install/rtabmap_python/lib/python3.8/site-packages/rtabmap_python-0.1.0-py3.8.egg-info' (and everything under it)
[1.753s] Copying ../../../build/rtabmap_python/rtabmap_python.egg-info to /home/chaung/f_ws/install/rtabmap_python/lib/python3.8/site-packages/rtabmap_python-0.1.0-py3.8.egg-info
[1.753s] running install_scripts
[1.768s] writing list of installed files to '/home/chaung/f_ws/build/rtabmap_python/install.log'
[1.790s] Invoked command in '/home/chaung/f_ws/src/rtabmap_ros/rtabmap_python' returned '0': PYTHONPATH=/home/chaung/f_ws/build/rtabmap_python/prefix_override:/home/chaung/f_ws/install/rtabmap_python/lib/python3.8/site-packages:${PYTHONPATH} /usr/bin/python3 setup.py egg_info --egg-base ../../../build/rtabmap_python build --build-base /home/chaung/f_ws/build/rtabmap_python/build install --record /home/chaung/f_ws/build/rtabmap_python/install.log --single-version-externally-managed
