[0.052s] Invoking command in '/home/chaung/f_ws/build/cartographer': CMAKE_PREFIX_PATH=/opt/ros/foxy /usr/bin/cmake --build /home/chaung/f_ws/build/cartographer -- -j12 -l12
[0.293s] [  1%] Built target gtest
[0.294s] [  2%] Built target gmock
[0.294s] [  2%] Built target cartographer_detect_changes
[0.295s] [  2%] Built target gmock_main
[0.323s] [ 55%] Built target cartographer
[0.347s] [ 56%] Built target cartographer_migrate_serialization_format
[0.349s] [ 57%] Built target cartographer_test_library
[0.355s] [ 58%] Built target cartographer_compute_relations_metrics
[0.355s] [ 58%] Built target cartographer_autogenerate_ground_truth
[0.415s] [ 58%] Built target cartographer.sensor.internal.voxel_filter_test
[0.415s] [ 58%] Built target cartographer.sensor.range_data_test
[0.418s] [ 59%] Built target cartographer.transform.transform_test
[0.418s] [ 59%] Built target cartographer.mapping.3d.range_data_inserter_3d_test
[0.424s] [ 60%] Built target cartographer.mapping.pose_graph_test
[0.426s] [ 61%] Built target cartographer.mapping.2d.probability_grid_test
[0.426s] [ 62%] Built target cartographer.sensor.landmark_data_test
[0.426s] [ 63%] Built target cartographer.mapping.3d.hybrid_grid_test
[0.429s] [ 64%] Built target cartographer.io.points_processor_pipeline_builder_test
[0.432s] [ 65%] Built target cartographer.common.rate_timer_test
[0.434s] [ 66%] Built target cartographer.common.fixed_ratio_sampler_test
[0.435s] [ 66%] Built target cartographer.io.serialization_format_migration_test
[0.489s] [ 67%] Built target cartographer.mapping.2d.map_limits_test
[0.497s] [ 67%] Built target cartographer.mapping.trajectory_node_test
[0.498s] [ 68%] Built target cartographer.mapping.submaps_test
[0.498s] [ 68%] Built target cartographer.mapping.3d.submap_3d_test
[0.500s] [ 69%] Built target cartographer.mapping.internal.constraints.constraint_builder_3d_test
[0.505s] [ 69%] Built target cartographer.io.proto_stream_deserializer_test
[0.506s] [ 69%] Built target cartographer.mapping.internal.2d.scan_matching.ceres_scan_matcher_2d_test
[0.506s] [ 69%] Built target cartographer.common.lockless_queue_test
[0.507s] [ 69%] Built target cartographer.mapping.2d.range_data_inserter_2d_test
[0.538s] [ 70%] Built target cartographer.common.blocking_queue_test
[0.567s] [ 71%] Built target cartographer.mapping.internal.motion_filter_test
[0.569s] [ 72%] Built target cartographer.sensor.point_cloud_test
[0.574s] [ 73%] Built target cartographer.transform.transform_interpolation_buffer_test
[0.578s] [ 74%] Built target cartographer.mapping.internal.3d.scan_matching.ceres_scan_matcher_3d_test
[0.578s] [ 74%] Built target cartographer.io.internal.in_memory_proto_stream_test
[0.579s] [ 75%] Built target cartographer.common.math_test
[0.579s] [ 75%] Built target cartographer.mapping.internal.optimization.cost_functions.spa_cost_function_2d_test
[0.581s] [ 76%] Built target cartographer.io.proto_stream_test
[0.582s] [ 77%] Built target cartographer.common.lua_parameter_dictionary_test
[0.582s] [ 78%] Built target cartographer.io.fake_file_writer_test
[0.587s] [ 78%] Built target cartographer.mapping.internal.3d.scan_matching.fast_correlative_scan_matcher_3d_test
[0.658s] [ 79%] Built target cartographer.mapping.internal.2d.overlapping_submaps_trimmer_2d_test
[0.659s] [ 80%] Built target cartographer.mapping.id_test
[0.660s] [ 81%] Built target cartographer.mapping.2d.submap_2d_test
[0.661s] [ 81%] Built target cartographer.common.optional_test
[0.667s] [ 81%] Built target cartographer.common.configuration_files_test
[0.668s] [ 82%] Built target cartographer.mapping.internal.optimization.optimization_problem_3d_test
[0.669s] [ 83%] Built target cartographer.mapping.internal.2d.pose_graph_2d_test
[0.675s] [ 84%] Built target cartographer.mapping.internal.2d.scan_matching.correlative_scan_matcher_test
[0.676s] [ 85%] Built target cartographer.mapping.internal.2d.scan_matching.real_time_correlative_scan_matcher_2d_test
[0.678s] [ 86%] Built target cartographer.mapping.internal.3d.pose_graph_3d_test
[0.684s] [ 87%] Built target cartographer.common.thread_pool_test
[0.691s] [ 87%] Built target cartographer.mapping.pose_graph_trimmer_test
[0.716s] [ 87%] Built target cartographer.mapping.internal.range_data_collator_test
[0.753s] [ 87%] Built target cartographer.mapping.internal.3d.local_trajectory_builder_3d_test
[0.754s] [ 88%] Built target cartographer.mapping.internal.3d.scan_matching.rotation_delta_cost_functor_3d_test
[0.754s] [ 89%] Built target cartographer.mapping.internal.3d.scan_matching.real_time_correlative_scan_matcher_3d_test
[0.754s] [ 90%] Built target cartographer.mapping.internal.3d.scan_matching.interpolated_grid_test
[0.758s] [ 91%] Built target cartographer.sensor.internal.trajectory_collator_test
[0.761s] [ 92%] Built target cartographer.sensor.internal.ordered_multi_queue_test
[0.761s] [ 92%] Built target cartographer.mapping.internal.3d.scan_matching.precomputation_grid_3d_test
[0.761s] [ 92%] Built target cartographer.sensor.map_by_time_test
[0.767s] [ 93%] Built target cartographer.mapping.map_builder_test
[0.768s] [ 94%] Built target cartographer.mapping.probability_values_test
[0.827s] [ 95%] Built target cartographer.sensor.compressed_point_cloud_test
[0.827s] [ 95%] Built target cartographer.mapping.internal.3d.scan_matching.rotational_scan_matcher_test
[0.833s] [ 97%] Built target cartographer.transform.rigid_transform_test
[0.833s] [ 97%] Built target cartographer.mapping.internal.2d.scan_matching.fast_correlative_scan_matcher_2d_test
[0.834s] [ 97%] Built target cartographer.common.task_test
[0.834s] [ 97%] Built target cartographer.mapping.internal.connected_components_test
[0.835s] [ 97%] Built target cartographer.mapping.internal.constraints.constraint_builder_2d_test
[0.836s] [ 97%] Built target cartographer.mapping.imu_tracker_test
[0.836s] [ 97%] Built target cartographer.mapping.internal.optimization.cost_functions.landmark_cost_function_2d_test
[0.841s] [ 97%] Built target cartographer.mapping.2d.xy_index_test
[0.860s] [ 97%] Built target cartographer.sensor.internal.collator_test
[0.867s] [ 98%] Built target cartographer.mapping.internal.trajectory_connectivity_state_test
[0.871s] [100%] Built target cartographer.mapping.internal.optimization.cost_functions.landmark_cost_function_3d_test
[0.871s] [100%] Built target cartographer.mapping.pose_extrapolator_test
[0.889s] Invoked command in '/home/chaung/f_ws/build/cartographer' returned '0': CMAKE_PREFIX_PATH=/opt/ros/foxy /usr/bin/cmake --build /home/chaung/f_ws/build/cartographer -- -j12 -l12
