[0.018s] Invoking command in '/home/chaung/f_ws/build/rtabmap_conversions': CMAKE_PREFIX_PATH=/opt/ros/foxy:/home/chaung/f_ws/install/rtabmap_msgs:/home/chaung/f_ws/install/rtabmap LD_LIBRARY_PATH=/home/chaung/f_ws/install/rtabmap_msgs/lib:/home/chaung/f_ws/install/rtabmap/lib:${LD_LIBRARY_PATH} PATH=/home/chaung/f_ws/install/rtabmap/bin:${PATH} PKG_CONFIG_PATH=/home/chaung/f_ws/install/rtabmap_msgs/lib/x86_64-linux-gnu/pkgconfig:/home/chaung/f_ws/install/rtabmap_msgs/lib/pkgconfig:/home/chaung/f_ws/install/rtabmap/lib/x86_64-linux-gnu/pkgconfig:/home/chaung/f_ws/install/rtabmap/lib/pkgconfig PYTHONPATH=/home/chaung/f_ws/install/rtabmap_msgs/lib/python3.8/site-packages:${PYTHONPATH} ROS_PACKAGE_PATH=/home/chaung/f_ws/install/rtabmap_msgs/share /usr/bin/cmake --build /home/chaung/f_ws/build/rtabmap_conversions -- -j12 -l12
[0.092s] [100%] Built target rtabmap_conversions
[0.099s] Invoked command in '/home/chaung/f_ws/build/rtabmap_conversions' returned '0': CMAKE_PREFIX_PATH=/opt/ros/foxy:/home/chaung/f_ws/install/rtabmap_msgs:/home/chaung/f_ws/install/rtabmap LD_LIBRARY_PATH=/home/chaung/f_ws/install/rtabmap_msgs/lib:/home/chaung/f_ws/install/rtabmap/lib:${LD_LIBRARY_PATH} PATH=/home/chaung/f_ws/install/rtabmap/bin:${PATH} PKG_CONFIG_PATH=/home/chaung/f_ws/install/rtabmap_msgs/lib/x86_64-linux-gnu/pkgconfig:/home/chaung/f_ws/install/rtabmap_msgs/lib/pkgconfig:/home/chaung/f_ws/install/rtabmap/lib/x86_64-linux-gnu/pkgconfig:/home/chaung/f_ws/install/rtabmap/lib/pkgconfig PYTHONPATH=/home/chaung/f_ws/install/rtabmap_msgs/lib/python3.8/site-packages:${PYTHONPATH} ROS_PACKAGE_PATH=/home/chaung/f_ws/install/rtabmap_msgs/share /usr/bin/cmake --build /home/chaung/f_ws/build/rtabmap_conversions -- -j12 -l12
[0.133s] Invoking command in '/home/chaung/f_ws/build/rtabmap_conversions': CMAKE_PREFIX_PATH=/opt/ros/foxy:/home/chaung/f_ws/install/rtabmap_msgs:/home/chaung/f_ws/install/rtabmap LD_LIBRARY_PATH=/home/chaung/f_ws/install/rtabmap_msgs/lib:/home/chaung/f_ws/install/rtabmap/lib:${LD_LIBRARY_PATH} PATH=/home/chaung/f_ws/install/rtabmap/bin:${PATH} PKG_CONFIG_PATH=/home/chaung/f_ws/install/rtabmap_msgs/lib/x86_64-linux-gnu/pkgconfig:/home/chaung/f_ws/install/rtabmap_msgs/lib/pkgconfig:/home/chaung/f_ws/install/rtabmap/lib/x86_64-linux-gnu/pkgconfig:/home/chaung/f_ws/install/rtabmap/lib/pkgconfig PYTHONPATH=/home/chaung/f_ws/install/rtabmap_msgs/lib/python3.8/site-packages:${PYTHONPATH} ROS_PACKAGE_PATH=/home/chaung/f_ws/install/rtabmap_msgs/share /usr/bin/cmake --install /home/chaung/f_ws/build/rtabmap_conversions
[0.146s] -- Install configuration: ""
[0.147s] -- Execute custom install script
[0.148s] -- Up-to-date symlink: /home/chaung/f_ws/install/rtabmap_conversions/share/rtabmap_conversions/environment/library_path.sh
[0.148s] -- Up-to-date symlink: /home/chaung/f_ws/install/rtabmap_conversions/share/rtabmap_conversions/environment/library_path.dsv
[0.149s] -- Up-to-date symlink: /home/chaung/f_ws/install/rtabmap_conversions/share/ament_index/resource_index/package_run_dependencies/rtabmap_conversions
[0.149s] -- Up-to-date symlink: /home/chaung/f_ws/install/rtabmap_conversions/share/ament_index/resource_index/parent_prefix_path/rtabmap_conversions
[0.150s] -- Up-to-date symlink: /home/chaung/f_ws/install/rtabmap_conversions/share/rtabmap_conversions/environment/ament_prefix_path.sh
[0.150s] -- Up-to-date symlink: /home/chaung/f_ws/install/rtabmap_conversions/share/rtabmap_conversions/environment/ament_prefix_path.dsv
[0.151s] -- Up-to-date symlink: /home/chaung/f_ws/install/rtabmap_conversions/share/rtabmap_conversions/environment/path.sh
[0.151s] -- Up-to-date symlink: /home/chaung/f_ws/install/rtabmap_conversions/share/rtabmap_conversions/environment/path.dsv
[0.152s] -- Up-to-date symlink: /home/chaung/f_ws/install/rtabmap_conversions/share/rtabmap_conversions/local_setup.bash
[0.152s] -- Up-to-date symlink: /home/chaung/f_ws/install/rtabmap_conversions/share/rtabmap_conversions/local_setup.sh
[0.152s] -- Up-to-date symlink: /home/chaung/f_ws/install/rtabmap_conversions/share/rtabmap_conversions/local_setup.zsh
[0.152s] -- Up-to-date symlink: /home/chaung/f_ws/install/rtabmap_conversions/share/rtabmap_conversions/local_setup.dsv
[0.153s] -- Symlinking: /home/chaung/f_ws/install/rtabmap_conversions/share/rtabmap_conversions/package.dsv
[0.164s] -- Up-to-date symlink: /home/chaung/f_ws/install/rtabmap_conversions/share/ament_index/resource_index/packages/rtabmap_conversions
[0.165s] -- Up-to-date symlink: /home/chaung/f_ws/install/rtabmap_conversions/share/rtabmap_conversions/cmake/ament_cmake_export_dependencies-extras.cmake
[0.165s] -- Up-to-date symlink: /home/chaung/f_ws/install/rtabmap_conversions/share/rtabmap_conversions/cmake/ament_cmake_export_include_directories-extras.cmake
[0.165s] -- Up-to-date symlink: /home/chaung/f_ws/install/rtabmap_conversions/share/rtabmap_conversions/cmake/ament_cmake_export_targets-extras.cmake
[0.165s] -- Up-to-date symlink: /home/chaung/f_ws/install/rtabmap_conversions/share/rtabmap_conversions/cmake/ament_cmake_export_libraries-extras.cmake
[0.165s] -- Up-to-date symlink: /home/chaung/f_ws/install/rtabmap_conversions/share/rtabmap_conversions/cmake/rtabmap_conversionsConfig.cmake
[0.165s] -- Up-to-date symlink: /home/chaung/f_ws/install/rtabmap_conversions/share/rtabmap_conversions/cmake/rtabmap_conversionsConfig-version.cmake
[0.166s] -- Up-to-date symlink: /home/chaung/f_ws/install/rtabmap_conversions/share/rtabmap_conversions/package.xml
[0.166s] -- Up-to-date: /home/chaung/f_ws/install/rtabmap_conversions/lib/librtabmap_conversions.so
[0.166s] -- Up-to-date: /home/chaung/f_ws/install/rtabmap_conversions/include
[0.167s] -- Up-to-date: /home/chaung/f_ws/install/rtabmap_conversions/include/rtabmap_conversions
[0.167s] -- Up-to-date: /home/chaung/f_ws/install/rtabmap_conversions/include/rtabmap_conversions/MsgConversion.h
[0.167s] -- Up-to-date: /home/chaung/f_ws/install/rtabmap_conversions/share/rtabmap_conversions/cmake/rtabmap_conversionsExport.cmake
[0.167s] -- Up-to-date: /home/chaung/f_ws/install/rtabmap_conversions/share/rtabmap_conversions/cmake/rtabmap_conversionsExport-noconfig.cmake
[0.171s] Invoked command in '/home/chaung/f_ws/build/rtabmap_conversions' returned '0': CMAKE_PREFIX_PATH=/opt/ros/foxy:/home/chaung/f_ws/install/rtabmap_msgs:/home/chaung/f_ws/install/rtabmap LD_LIBRARY_PATH=/home/chaung/f_ws/install/rtabmap_msgs/lib:/home/chaung/f_ws/install/rtabmap/lib:${LD_LIBRARY_PATH} PATH=/home/chaung/f_ws/install/rtabmap/bin:${PATH} PKG_CONFIG_PATH=/home/chaung/f_ws/install/rtabmap_msgs/lib/x86_64-linux-gnu/pkgconfig:/home/chaung/f_ws/install/rtabmap_msgs/lib/pkgconfig:/home/chaung/f_ws/install/rtabmap/lib/x86_64-linux-gnu/pkgconfig:/home/chaung/f_ws/install/rtabmap/lib/pkgconfig PYTHONPATH=/home/chaung/f_ws/install/rtabmap_msgs/lib/python3.8/site-packages:${PYTHONPATH} ROS_PACKAGE_PATH=/home/chaung/f_ws/install/rtabmap_msgs/share /usr/bin/cmake --install /home/chaung/f_ws/build/rtabmap_conversions
