[0.077s] Invoking command in '/home/chaung/f_ws/build/dynamixel_sdk': CMAKE_PREFIX_PATH=${CMAKE_PREFIX_PATH}:/home/chaung/f_ws/install/openslam_gmapping:/home/chaung/f_ws/install/bno055:/opt/ros/foxy /usr/bin/cmake --build /home/chaung/f_ws/build/dynamixel_sdk
[0.788s] [100%] Built target dynamixel_sdk
[0.792s] Invoked command in '/home/chaung/f_ws/build/dynamixel_sdk' returned '0': CMAKE_PREFIX_PATH=${CMAKE_PREFIX_PATH}:/home/chaung/f_ws/install/openslam_gmapping:/home/chaung/f_ws/install/bno055:/opt/ros/foxy /usr/bin/cmake --build /home/chaung/f_ws/build/dynamixel_sdk
[0.876s] Invoking command in '/home/chaung/f_ws/build/dynamixel_sdk': CMAKE_PREFIX_PATH=${CMAKE_PREFIX_PATH}:/home/chaung/f_ws/install/openslam_gmapping:/home/chaung/f_ws/install/bno055:/opt/ros/foxy /usr/bin/cmake --install /home/chaung/f_ws/build/dynamixel_sdk
[0.895s] -- Install configuration: ""
[0.895s] -- Execute custom install script
[0.895s] -- Up-to-date symlink: /home/chaung/f_ws/install/dynamixel_sdk/include//dynamixel_sdk/dynamixel_sdk.h
[0.895s] -- Up-to-date symlink: /home/chaung/f_ws/install/dynamixel_sdk/include//dynamixel_sdk/group_bulk_read.h
[0.895s] -- Up-to-date symlink: /home/chaung/f_ws/install/dynamixel_sdk/include//dynamixel_sdk/group_bulk_write.h
[0.895s] -- Up-to-date symlink: /home/chaung/f_ws/install/dynamixel_sdk/include//dynamixel_sdk/group_sync_read.h
[0.896s] -- Up-to-date symlink: /home/chaung/f_ws/install/dynamixel_sdk/include//dynamixel_sdk/group_sync_write.h
[0.896s] -- Up-to-date symlink: /home/chaung/f_ws/install/dynamixel_sdk/include//dynamixel_sdk/packet_handler.h
[0.896s] -- Up-to-date symlink: /home/chaung/f_ws/install/dynamixel_sdk/include//dynamixel_sdk/port_handler.h
[0.896s] -- Up-to-date symlink: /home/chaung/f_ws/install/dynamixel_sdk/include//dynamixel_sdk/port_handler_arduino.h
[0.896s] -- Up-to-date symlink: /home/chaung/f_ws/install/dynamixel_sdk/include//dynamixel_sdk/port_handler_linux.h
[0.897s] -- Up-to-date symlink: /home/chaung/f_ws/install/dynamixel_sdk/include//dynamixel_sdk/port_handler_mac.h
[0.897s] -- Up-to-date symlink: /home/chaung/f_ws/install/dynamixel_sdk/include//dynamixel_sdk/port_handler_windows.h
[0.897s] -- Up-to-date symlink: /home/chaung/f_ws/install/dynamixel_sdk/include//dynamixel_sdk/protocol1_packet_handler.h
[0.897s] -- Up-to-date symlink: /home/chaung/f_ws/install/dynamixel_sdk/include//dynamixel_sdk/protocol2_packet_handler.h
[0.898s] -- Up-to-date symlink: /home/chaung/f_ws/install/dynamixel_sdk/lib/libdynamixel_sdk.so
[0.898s] -- Up-to-date symlink: /home/chaung/f_ws/install/dynamixel_sdk/share/dynamixel_sdk/environment/library_path.sh
[0.898s] -- Up-to-date symlink: /home/chaung/f_ws/install/dynamixel_sdk/share/dynamixel_sdk/environment/library_path.dsv
[0.898s] -- Up-to-date symlink: /home/chaung/f_ws/install/dynamixel_sdk/share/ament_index/resource_index/package_run_dependencies/dynamixel_sdk
[0.898s] -- Up-to-date symlink: /home/chaung/f_ws/install/dynamixel_sdk/share/ament_index/resource_index/parent_prefix_path/dynamixel_sdk
[0.898s] -- Up-to-date symlink: /home/chaung/f_ws/install/dynamixel_sdk/share/dynamixel_sdk/environment/ament_prefix_path.sh
[0.898s] -- Up-to-date symlink: /home/chaung/f_ws/install/dynamixel_sdk/share/dynamixel_sdk/environment/ament_prefix_path.dsv
[0.899s] -- Up-to-date symlink: /home/chaung/f_ws/install/dynamixel_sdk/share/dynamixel_sdk/environment/path.sh
[0.899s] -- Up-to-date symlink: /home/chaung/f_ws/install/dynamixel_sdk/share/dynamixel_sdk/environment/path.dsv
[0.899s] -- Up-to-date symlink: /home/chaung/f_ws/install/dynamixel_sdk/share/dynamixel_sdk/local_setup.bash
[0.899s] -- Up-to-date symlink: /home/chaung/f_ws/install/dynamixel_sdk/share/dynamixel_sdk/local_setup.sh
[0.899s] -- Up-to-date symlink: /home/chaung/f_ws/install/dynamixel_sdk/share/dynamixel_sdk/local_setup.zsh
[0.906s] -- Up-to-date symlink: /home/chaung/f_ws/install/dynamixel_sdk/share/dynamixel_sdk/local_setup.dsv
[0.907s] -- Symlinking: /home/chaung/f_ws/install/dynamixel_sdk/share/dynamixel_sdk/package.dsv
[0.915s] -- Up-to-date symlink: /home/chaung/f_ws/install/dynamixel_sdk/share/ament_index/resource_index/packages/dynamixel_sdk
[0.915s] -- Up-to-date symlink: /home/chaung/f_ws/install/dynamixel_sdk/share/dynamixel_sdk/cmake/ament_cmake_export_include_directories-extras.cmake
[0.916s] -- Up-to-date symlink: /home/chaung/f_ws/install/dynamixel_sdk/share/dynamixel_sdk/cmake/ament_cmake_export_libraries-extras.cmake
[0.916s] -- Up-to-date symlink: /home/chaung/f_ws/install/dynamixel_sdk/share/dynamixel_sdk/cmake/dynamixel_sdkConfig.cmake
[0.916s] -- Up-to-date symlink: /home/chaung/f_ws/install/dynamixel_sdk/share/dynamixel_sdk/cmake/dynamixel_sdkConfig-version.cmake
[0.916s] -- Up-to-date symlink: /home/chaung/f_ws/install/dynamixel_sdk/share/dynamixel_sdk/package.xml
[0.957s] Invoked command in '/home/chaung/f_ws/build/dynamixel_sdk' returned '0': CMAKE_PREFIX_PATH=${CMAKE_PREFIX_PATH}:/home/chaung/f_ws/install/openslam_gmapping:/home/chaung/f_ws/install/bno055:/opt/ros/foxy /usr/bin/cmake --install /home/chaung/f_ws/build/dynamixel_sdk
