[0.817s] Invoking command in '/home/chaung/f_ws/src/bno055': PYTHONPATH=/home/chaung/f_ws/build/bno055/prefix_override:/home/chaung/f_ws/install/bno055/lib/python3.8/site-packages:${PYTHONPATH} /usr/bin/python3 setup.py egg_info --egg-base ../../build/bno055 build --build-base /home/chaung/f_ws/build/bno055/build install --record /home/chaung/f_ws/build/bno055/install.log --single-version-externally-managed
[0.980s] running egg_info
[0.980s] writing ../../build/bno055/bno055.egg-info/PKG-INFO
[0.980s] writing dependency_links to ../../build/bno055/bno055.egg-info/dependency_links.txt
[0.981s] writing entry points to ../../build/bno055/bno055.egg-info/entry_points.txt
[0.981s] writing requirements to ../../build/bno055/bno055.egg-info/requires.txt
[0.981s] writing top-level names to ../../build/bno055/bno055.egg-info/top_level.txt
[1.006s] reading manifest file '../../build/bno055/bno055.egg-info/SOURCES.txt'
[1.007s] writing manifest file '../../build/bno055/bno055.egg-info/SOURCES.txt'
[1.007s] running build
[1.007s] running build_py
[1.008s] running install
[1.009s] running install_lib
[1.010s] running install_data
[1.011s] running install_egg_info
[1.012s] removing '/home/chaung/f_ws/install/bno055/lib/python3.8/site-packages/bno055-0.4.1-py3.8.egg-info' (and everything under it)
[1.012s] Copying ../../build/bno055/bno055.egg-info to /home/chaung/f_ws/install/bno055/lib/python3.8/site-packages/bno055-0.4.1-py3.8.egg-info
[1.013s] running install_scripts
[1.026s] Installing bno055 script to /home/chaung/f_ws/install/bno055/lib/bno055
[1.027s] writing list of installed files to '/home/chaung/f_ws/build/bno055/install.log'
[1.050s] Invoked command in '/home/chaung/f_ws/src/bno055' returned '0': PYTHONPATH=/home/chaung/f_ws/build/bno055/prefix_override:/home/chaung/f_ws/install/bno055/lib/python3.8/site-packages:${PYTHONPATH} /usr/bin/python3 setup.py egg_info --egg-base ../../build/bno055 build --build-base /home/chaung/f_ws/build/bno055/build install --record /home/chaung/f_ws/build/bno055/install.log --single-version-externally-managed
