[0.626s] Invoking command in '/home/chaung/f_ws/src/bno055': PYTHONPATH=/home/chaung/f_ws/build/bno055/prefix_override:/home/chaung/f_ws/install/bno055/lib/python3.8/site-packages:${PYTHONPATH} /usr/bin/python3 setup.py egg_info --egg-base ../../build/bno055 build --build-base /home/chaung/f_ws/build/bno055/build install --record /home/chaung/f_ws/build/bno055/install.log --single-version-externally-managed
[0.775s] running egg_info
[0.775s] writing ../../build/bno055/bno055.egg-info/PKG-INFO
[0.775s] writing dependency_links to ../../build/bno055/bno055.egg-info/dependency_links.txt
[0.775s] writing entry points to ../../build/bno055/bno055.egg-info/entry_points.txt
[0.775s] writing requirements to ../../build/bno055/bno055.egg-info/requires.txt
[0.775s] writing top-level names to ../../build/bno055/bno055.egg-info/top_level.txt
[0.802s] reading manifest file '../../build/bno055/bno055.egg-info/SOURCES.txt'
[0.803s] writing manifest file '../../build/bno055/bno055.egg-info/SOURCES.txt'
[0.803s] running build
[0.803s] running build_py
[0.804s] running install
[0.805s] running install_lib
[0.807s] running install_data
[0.808s] running install_egg_info
[0.809s] removing '/home/chaung/f_ws/install/bno055/lib/python3.8/site-packages/bno055-0.4.1-py3.8.egg-info' (and everything under it)
[0.809s] Copying ../../build/bno055/bno055.egg-info to /home/chaung/f_ws/install/bno055/lib/python3.8/site-packages/bno055-0.4.1-py3.8.egg-info
[0.809s] running install_scripts
[0.822s] Installing bno055 script to /home/chaung/f_ws/install/bno055/lib/bno055
[0.822s] writing list of installed files to '/home/chaung/f_ws/build/bno055/install.log'
[0.842s] Invoked command in '/home/chaung/f_ws/src/bno055' returned '0': PYTHONPATH=/home/chaung/f_ws/build/bno055/prefix_override:/home/chaung/f_ws/install/bno055/lib/python3.8/site-packages:${PYTHONPATH} /usr/bin/python3 setup.py egg_info --egg-base ../../build/bno055 build --build-base /home/chaung/f_ws/build/bno055/build install --record /home/chaung/f_ws/build/bno055/install.log --single-version-externally-managed
