[0.021s] Invoking command in '/home/chaung/f_ws/build/rtabmap_launch': CMAKE_PREFIX_PATH=/home/chaung/f_ws/install/rtabmap_viz:/home/chaung/f_ws/install/rtabmap_slam:/home/chaung/f_ws/install/rtabmap_odom:/home/chaung/f_ws/install/rtabmap_util:/home/chaung/f_ws/install/rtabmap_sync:/home/chaung/f_ws/install/rtabmap_rviz_plugins:/home/chaung/f_ws/install/rtabmap_conversions:/home/chaung/f_ws/install/rtabmap_python:/home/chaung/f_ws/install/bno055:/opt/ros/foxy:/home/chaung/f_ws/install/rtabmap_msgs:/home/chaung/f_ws/install/rtabmap:/home/chaung/f_ws/install/sllidar_ros2:/home/chaung/f_ws/install/slam_gmapping:/home/chaung/f_ws/install/rtabmap_ros:/home/chaung/f_ws/install/rtabmap_launch:/home/chaung/f_ws/install/rtabmap_examples:/home/chaung/f_ws/install/rtabmap_demos:/home/chaung/f_ws/install/openslam_gmapping:/home/chaung/f_ws/install/hls_lfcd_lds_driver:/home/chaung/f_ws/install/dynamixel_sdk_examples:/home/chaung/f_ws/install/dynamixel_sdk_custom_interfaces:/home/chaung/f_ws/install/dynamixel_sdk PYTHONPATH=/home/chaung/f_ws/install/rtabmap_msgs/lib/python3.8/site-packages:/home/chaung/f_ws/install/rtabmap_python/lib/python3.8/site-packages:/home/chaung/f_ws/install/dynamixel_sdk_custom_interfaces/lib/python3.8/site-packages:/home/chaung/f_ws/install/bno055/lib/python3.8/site-packages:/opt/ros/foxy/lib/python3.8/site-packages /usr/bin/cmake --build /home/chaung/f_ws/build/rtabmap_launch -- -j12 -l12
[0.037s] -- Found ament_cmake: 0.9.11 (/opt/ros/foxy/share/ament_cmake/cmake)
[0.060s] -- Using PYTHON_EXECUTABLE: /usr/bin/python3
[0.194s] -- Override CMake install command with custom implementation using symlinks instead of copying resources
[0.257s] -- Configuring done
[0.259s] -- Generating done
[0.259s] -- Build files have been written to: /home/chaung/f_ws/build/rtabmap_launch
[0.283s] Invoked command in '/home/chaung/f_ws/build/rtabmap_launch' returned '0': CMAKE_PREFIX_PATH=/home/chaung/f_ws/install/rtabmap_viz:/home/chaung/f_ws/install/rtabmap_slam:/home/chaung/f_ws/install/rtabmap_odom:/home/chaung/f_ws/install/rtabmap_util:/home/chaung/f_ws/install/rtabmap_sync:/home/chaung/f_ws/install/rtabmap_rviz_plugins:/home/chaung/f_ws/install/rtabmap_conversions:/home/chaung/f_ws/install/rtabmap_python:/home/chaung/f_ws/install/bno055:/opt/ros/foxy:/home/chaung/f_ws/install/rtabmap_msgs:/home/chaung/f_ws/install/rtabmap:/home/chaung/f_ws/install/sllidar_ros2:/home/chaung/f_ws/install/slam_gmapping:/home/chaung/f_ws/install/rtabmap_ros:/home/chaung/f_ws/install/rtabmap_launch:/home/chaung/f_ws/install/rtabmap_examples:/home/chaung/f_ws/install/rtabmap_demos:/home/chaung/f_ws/install/openslam_gmapping:/home/chaung/f_ws/install/hls_lfcd_lds_driver:/home/chaung/f_ws/install/dynamixel_sdk_examples:/home/chaung/f_ws/install/dynamixel_sdk_custom_interfaces:/home/chaung/f_ws/install/dynamixel_sdk PYTHONPATH=/home/chaung/f_ws/install/rtabmap_msgs/lib/python3.8/site-packages:/home/chaung/f_ws/install/rtabmap_python/lib/python3.8/site-packages:/home/chaung/f_ws/install/dynamixel_sdk_custom_interfaces/lib/python3.8/site-packages:/home/chaung/f_ws/install/bno055/lib/python3.8/site-packages:/opt/ros/foxy/lib/python3.8/site-packages /usr/bin/cmake --build /home/chaung/f_ws/build/rtabmap_launch -- -j12 -l12
[0.310s] Invoking command in '/home/chaung/f_ws/build/rtabmap_launch': CMAKE_PREFIX_PATH=/home/chaung/f_ws/install/rtabmap_viz:/home/chaung/f_ws/install/rtabmap_slam:/home/chaung/f_ws/install/rtabmap_odom:/home/chaung/f_ws/install/rtabmap_util:/home/chaung/f_ws/install/rtabmap_sync:/home/chaung/f_ws/install/rtabmap_rviz_plugins:/home/chaung/f_ws/install/rtabmap_conversions:/home/chaung/f_ws/install/rtabmap_python:/home/chaung/f_ws/install/bno055:/opt/ros/foxy:/home/chaung/f_ws/install/rtabmap_msgs:/home/chaung/f_ws/install/rtabmap:/home/chaung/f_ws/install/sllidar_ros2:/home/chaung/f_ws/install/slam_gmapping:/home/chaung/f_ws/install/rtabmap_ros:/home/chaung/f_ws/install/rtabmap_launch:/home/chaung/f_ws/install/rtabmap_examples:/home/chaung/f_ws/install/rtabmap_demos:/home/chaung/f_ws/install/openslam_gmapping:/home/chaung/f_ws/install/hls_lfcd_lds_driver:/home/chaung/f_ws/install/dynamixel_sdk_examples:/home/chaung/f_ws/install/dynamixel_sdk_custom_interfaces:/home/chaung/f_ws/install/dynamixel_sdk PYTHONPATH=/home/chaung/f_ws/install/rtabmap_msgs/lib/python3.8/site-packages:/home/chaung/f_ws/install/rtabmap_python/lib/python3.8/site-packages:/home/chaung/f_ws/install/dynamixel_sdk_custom_interfaces/lib/python3.8/site-packages:/home/chaung/f_ws/install/bno055/lib/python3.8/site-packages:/opt/ros/foxy/lib/python3.8/site-packages /usr/bin/cmake --install /home/chaung/f_ws/build/rtabmap_launch
[0.316s] -- Install configuration: ""
[0.316s] -- Execute custom install script
[0.317s] -- Up-to-date symlink: /home/chaung/f_ws/install/rtabmap_launch/share/rtabmap_launch/launch/config/rgbd.rviz
[0.317s] -- Up-to-date symlink: /home/chaung/f_ws/install/rtabmap_launch/share/rtabmap_launch/launch/rtabmap.launch.py
[0.317s] -- Up-to-date symlink: /home/chaung/f_ws/install/rtabmap_launch/share/rtabmap_launch/launch/turtlebot3_scan.launch.py
[0.317s] -- Symlinking: /home/chaung/f_ws/install/rtabmap_launch/share/rtabmap_launch//turtlebot3_scan.launch.py
[0.329s] -- Up-to-date symlink: /home/chaung/f_ws/install/rtabmap_launch/share/ament_index/resource_index/package_run_dependencies/rtabmap_launch
[0.329s] -- Up-to-date symlink: /home/chaung/f_ws/install/rtabmap_launch/share/ament_index/resource_index/parent_prefix_path/rtabmap_launch
[0.329s] -- Up-to-date symlink: /home/chaung/f_ws/install/rtabmap_launch/share/rtabmap_launch/environment/ament_prefix_path.sh
[0.329s] -- Up-to-date symlink: /home/chaung/f_ws/install/rtabmap_launch/share/rtabmap_launch/environment/ament_prefix_path.dsv
[0.329s] -- Up-to-date symlink: /home/chaung/f_ws/install/rtabmap_launch/share/rtabmap_launch/environment/path.sh
[0.330s] -- Up-to-date symlink: /home/chaung/f_ws/install/rtabmap_launch/share/rtabmap_launch/environment/path.dsv
[0.330s] -- Up-to-date symlink: /home/chaung/f_ws/install/rtabmap_launch/share/rtabmap_launch/local_setup.bash
[0.330s] -- Up-to-date symlink: /home/chaung/f_ws/install/rtabmap_launch/share/rtabmap_launch/local_setup.sh
[0.330s] -- Up-to-date symlink: /home/chaung/f_ws/install/rtabmap_launch/share/rtabmap_launch/local_setup.zsh
[0.331s] -- Up-to-date symlink: /home/chaung/f_ws/install/rtabmap_launch/share/rtabmap_launch/local_setup.dsv
[0.331s] -- Symlinking: /home/chaung/f_ws/install/rtabmap_launch/share/rtabmap_launch/package.dsv
[0.337s] -- Up-to-date symlink: /home/chaung/f_ws/install/rtabmap_launch/share/ament_index/resource_index/packages/rtabmap_launch
[0.337s] -- Up-to-date symlink: /home/chaung/f_ws/install/rtabmap_launch/share/rtabmap_launch/cmake/rtabmap_launchConfig.cmake
[0.337s] -- Up-to-date symlink: /home/chaung/f_ws/install/rtabmap_launch/share/rtabmap_launch/cmake/rtabmap_launchConfig-version.cmake
[0.337s] -- Up-to-date symlink: /home/chaung/f_ws/install/rtabmap_launch/share/rtabmap_launch/package.xml
[0.343s] Invoked command in '/home/chaung/f_ws/build/rtabmap_launch' returned '0': CMAKE_PREFIX_PATH=/home/chaung/f_ws/install/rtabmap_viz:/home/chaung/f_ws/install/rtabmap_slam:/home/chaung/f_ws/install/rtabmap_odom:/home/chaung/f_ws/install/rtabmap_util:/home/chaung/f_ws/install/rtabmap_sync:/home/chaung/f_ws/install/rtabmap_rviz_plugins:/home/chaung/f_ws/install/rtabmap_conversions:/home/chaung/f_ws/install/rtabmap_python:/home/chaung/f_ws/install/bno055:/opt/ros/foxy:/home/chaung/f_ws/install/rtabmap_msgs:/home/chaung/f_ws/install/rtabmap:/home/chaung/f_ws/install/sllidar_ros2:/home/chaung/f_ws/install/slam_gmapping:/home/chaung/f_ws/install/rtabmap_ros:/home/chaung/f_ws/install/rtabmap_launch:/home/chaung/f_ws/install/rtabmap_examples:/home/chaung/f_ws/install/rtabmap_demos:/home/chaung/f_ws/install/openslam_gmapping:/home/chaung/f_ws/install/hls_lfcd_lds_driver:/home/chaung/f_ws/install/dynamixel_sdk_examples:/home/chaung/f_ws/install/dynamixel_sdk_custom_interfaces:/home/chaung/f_ws/install/dynamixel_sdk PYTHONPATH=/home/chaung/f_ws/install/rtabmap_msgs/lib/python3.8/site-packages:/home/chaung/f_ws/install/rtabmap_python/lib/python3.8/site-packages:/home/chaung/f_ws/install/dynamixel_sdk_custom_interfaces/lib/python3.8/site-packages:/home/chaung/f_ws/install/bno055/lib/python3.8/site-packages:/opt/ros/foxy/lib/python3.8/site-packages /usr/bin/cmake --install /home/chaung/f_ws/build/rtabmap_launch
