[0.038s] Invoking command in '/home/chaung/f_ws/build/slam_gmapping': CMAKE_PREFIX_PATH=/home/chaung/f_ws/install/openslam_gmapping:/home/chaung/f_ws/install/sllidar_ros2:/home/chaung/f_ws/install/slam_gmapping:/home/chaung/f_ws/install/cartographer_ros:/home/chaung/f_ws/install/cartographer_ros_msgs:/home/chaung/f_ws/install/cartographer:/home/chaung/f_ws/install/bno055:/opt/ros/foxy /usr/bin/cmake --build /home/chaung/f_ws/build/slam_gmapping -- -j12 -l12
[0.103s] [ 33%] Built target scan_dilute
[0.105s] [ 66%] Built target slam_gmapping
[0.108s] [100%] Built target transform
[0.114s] Invoked command in '/home/chaung/f_ws/build/slam_gmapping' returned '0': CMAKE_PREFIX_PATH=/home/chaung/f_ws/install/openslam_gmapping:/home/chaung/f_ws/install/sllidar_ros2:/home/chaung/f_ws/install/slam_gmapping:/home/chaung/f_ws/install/cartographer_ros:/home/chaung/f_ws/install/cartographer_ros_msgs:/home/chaung/f_ws/install/cartographer:/home/chaung/f_ws/install/bno055:/opt/ros/foxy /usr/bin/cmake --build /home/chaung/f_ws/build/slam_gmapping -- -j12 -l12
[0.146s] Invoking command in '/home/chaung/f_ws/build/slam_gmapping': CMAKE_PREFIX_PATH=/home/chaung/f_ws/install/openslam_gmapping:/home/chaung/f_ws/install/sllidar_ros2:/home/chaung/f_ws/install/slam_gmapping:/home/chaung/f_ws/install/cartographer_ros:/home/chaung/f_ws/install/cartographer_ros_msgs:/home/chaung/f_ws/install/cartographer:/home/chaung/f_ws/install/bno055:/opt/ros/foxy /usr/bin/cmake --install /home/chaung/f_ws/build/slam_gmapping
[0.146s] -- Install configuration: ""
[0.146s] -- Up-to-date: /home/chaung/f_ws/install/slam_gmapping/lib/slam_gmapping/slam_gmapping
[0.146s] -- Up-to-date: /home/chaung/f_ws/install/slam_gmapping/lib/slam_gmapping/transform
[0.147s] -- Up-to-date: /home/chaung/f_ws/install/slam_gmapping/lib/slam_gmapping/scan_dilute
[0.147s] -- Up-to-date: /home/chaung/f_ws/install/slam_gmapping/share/slam_gmapping/launch
[0.147s] -- Up-to-date: /home/chaung/f_ws/install/slam_gmapping/share/slam_gmapping/launch/slam_gmapping.launch.py
[0.147s] -- Up-to-date: /home/chaung/f_ws/install/slam_gmapping/share/ament_index/resource_index/package_run_dependencies/slam_gmapping
[0.147s] -- Up-to-date: /home/chaung/f_ws/install/slam_gmapping/share/ament_index/resource_index/parent_prefix_path/slam_gmapping
[0.147s] -- Up-to-date: /home/chaung/f_ws/install/slam_gmapping/share/slam_gmapping/environment/ament_prefix_path.sh
[0.147s] -- Up-to-date: /home/chaung/f_ws/install/slam_gmapping/share/slam_gmapping/environment/ament_prefix_path.dsv
[0.147s] -- Up-to-date: /home/chaung/f_ws/install/slam_gmapping/share/slam_gmapping/environment/path.sh
[0.147s] -- Up-to-date: /home/chaung/f_ws/install/slam_gmapping/share/slam_gmapping/environment/path.dsv
[0.147s] -- Up-to-date: /home/chaung/f_ws/install/slam_gmapping/share/slam_gmapping/local_setup.bash
[0.147s] -- Up-to-date: /home/chaung/f_ws/install/slam_gmapping/share/slam_gmapping/local_setup.sh
[0.147s] -- Up-to-date: /home/chaung/f_ws/install/slam_gmapping/share/slam_gmapping/local_setup.zsh
[0.147s] -- Up-to-date: /home/chaung/f_ws/install/slam_gmapping/share/slam_gmapping/local_setup.dsv
[0.147s] -- Installing: /home/chaung/f_ws/install/slam_gmapping/share/slam_gmapping/package.dsv
[0.147s] -- Up-to-date: /home/chaung/f_ws/install/slam_gmapping/share/ament_index/resource_index/packages/slam_gmapping
[0.147s] -- Up-to-date: /home/chaung/f_ws/install/slam_gmapping/share/slam_gmapping/cmake/slam_gmappingConfig.cmake
[0.148s] -- Up-to-date: /home/chaung/f_ws/install/slam_gmapping/share/slam_gmapping/cmake/slam_gmappingConfig-version.cmake
[0.148s] -- Up-to-date: /home/chaung/f_ws/install/slam_gmapping/share/slam_gmapping/package.xml
[0.151s] Invoked command in '/home/chaung/f_ws/build/slam_gmapping' returned '0': CMAKE_PREFIX_PATH=/home/chaung/f_ws/install/openslam_gmapping:/home/chaung/f_ws/install/sllidar_ros2:/home/chaung/f_ws/install/slam_gmapping:/home/chaung/f_ws/install/cartographer_ros:/home/chaung/f_ws/install/cartographer_ros_msgs:/home/chaung/f_ws/install/cartographer:/home/chaung/f_ws/install/bno055:/opt/ros/foxy /usr/bin/cmake --install /home/chaung/f_ws/build/slam_gmapping
