[0.014s] Invoking command in '/home/chaung/f_ws/build/rtabmap_util': AMENT_PREFIX_PATH=/home/chaung/f_ws/install/rtabmap_conversions:${AMENT_PREFIX_PATH} CMAKE_PREFIX_PATH=/home/chaung/f_ws/install/rtabmap_conversions:/opt/ros/foxy:/home/chaung/f_ws/install/rtabmap_msgs:/home/chaung/f_ws/install/rtabmap LD_LIBRARY_PATH=/home/chaung/f_ws/install/rtabmap_conversions/lib:/home/chaung/f_ws/install/rtabmap_msgs/lib:/home/chaung/f_ws/install/rtabmap/lib:${LD_LIBRARY_PATH} PATH=/home/chaung/f_ws/install/rtabmap/bin:${PATH} PKG_CONFIG_PATH=/home/chaung/f_ws/install/rtabmap_msgs/lib/x86_64-linux-gnu/pkgconfig:/home/chaung/f_ws/install/rtabmap_msgs/lib/pkgconfig:/home/chaung/f_ws/install/rtabmap/lib/x86_64-linux-gnu/pkgconfig:/home/chaung/f_ws/install/rtabmap/lib/pkgconfig PYTHONPATH=/home/chaung/f_ws/install/rtabmap_msgs/lib/python3.8/site-packages:${PYTHONPATH} ROS_PACKAGE_PATH=/home/chaung/f_ws/install/rtabmap_msgs/share /usr/bin/cmake /home/chaung/f_ws/src/rtabmap_ros/rtabmap_util -DCMAKE_INSTALL_PREFIX=/home/chaung/f_ws/install/rtabmap_util
[0.044s] -- Eigen found (include: /usr/include/eigen3, version: 3.3.7)
[0.056s] -- OpenNI found (include: /usr/include/ni, lib: /usr/lib/libOpenNI.so)
[0.060s] -- OpenNI2 found (include: /usr/include/openni2, lib: /usr/lib/libOpenNI2.so)
[0.060s] ** WARNING ** io features related to pcap will be disabled
[0.060s] ** WARNING ** io features related to png will be disabled
[0.103s] -- The imported target "vtkParseOGLExt" references the file
[0.103s]    "/usr/bin/vtkParseOGLExt-7.1"
[0.103s] but this file does not exist.  Possible reasons include:
[0.103s] * The file was deleted, renamed, or moved to another location.
[0.103s] * An install or uninstall procedure did not complete successfully.
[0.103s] * The installation package was faulty and contained
[0.104s]    "/usr/lib/cmake/vtk-7.1/VTKTargets.cmake"
[0.104s] but not all the files it references.
[0.104s] 
[0.104s] -- The imported target "vtkRenderingPythonTkWidgets" references the file
[0.104s]    "/usr/lib/x86_64-linux-gnu/libvtkRenderingPythonTkWidgets.so"
[0.104s] but this file does not exist.  Possible reasons include:
[0.104s] * The file was deleted, renamed, or moved to another location.
[0.104s] * An install or uninstall procedure did not complete successfully.
[0.104s] * The installation package was faulty and contained
[0.104s]    "/usr/lib/cmake/vtk-7.1/VTKTargets.cmake"
[0.105s] but not all the files it references.
[0.105s] 
[0.105s] -- The imported target "vtk" references the file
[0.105s]    "/usr/bin/vtk"
[0.105s] but this file does not exist.  Possible reasons include:
[0.105s] * The file was deleted, renamed, or moved to another location.
[0.105s] * An install or uninstall procedure did not complete successfully.
[0.105s] * The installation package was faulty and contained
[0.105s]    "/usr/lib/cmake/vtk-7.1/VTKTargets.cmake"
[0.105s] but not all the files it references.
[0.105s] 
[0.105s] -- The imported target "pvtk" references the file
[0.106s]    "/usr/bin/pvtk"
[0.106s] but this file does not exist.  Possible reasons include:
[0.106s] * The file was deleted, renamed, or moved to another location.
[0.106s] * An install or uninstall procedure did not complete successfully.
[0.106s] * The installation package was faulty and contained
[0.106s]    "/usr/lib/cmake/vtk-7.1/VTKTargets.cmake"
[0.106s] but not all the files it references.
[0.106s] 
[0.115s] ** WARNING ** io features related to libusb-1.0 will be disabled
[0.136s] -- QHULL found (include: /usr/include, lib: optimized;/usr/lib/x86_64-linux-gnu/libqhull.so;debug;/usr/lib/x86_64-linux-gnu/libqhull.so)
[0.159s] -- OpenNI found (include: /usr/include/ni, lib: /usr/lib/libOpenNI.so)
[0.163s] -- OpenNI2 found (include: /usr/include/openni2, lib: /usr/lib/libOpenNI2.so)
[0.173s] -- looking for PCL_COMMON
[0.173s] -- looking for PCL_OCTREE
[0.174s] -- looking for PCL_IO
[0.174s] -- looking for PCL_KDTREE
[0.174s] -- looking for PCL_SEARCH
[0.175s] -- looking for PCL_SURFACE
[0.175s] -- looking for PCL_FILTERS
[0.176s] -- looking for PCL_2D
[0.176s] -- looking for PCL_FEATURES
[0.176s] -- looking for PCL_REGISTRATION
[0.177s] -- looking for PCL_SAMPLE_CONSENSUS
[0.177s] -- looking for PCL_GEOMETRY
[0.177s] -- looking for PCL_ML
[0.178s] -- looking for PCL_SEGMENTATION
[0.178s] -- looking for PCL_VISUALIZATION
[0.189s] -- RTABMap=rtabmap::utilite;rtabmap::core;rtabmap::gui
[0.190s] -- Found ament_cmake: 0.9.11 (/opt/ros/foxy/share/ament_cmake/cmake)
[0.207s] -- Using PYTHON_EXECUTABLE: /usr/bin/python3
[0.336s] -- Override CMake install command with custom implementation using symlinks instead of copying resources
[0.343s] -- Found cv_bridge: 3.0.7 (/opt/ros/foxy/share/cv_bridge/cmake)
[0.354s] -- Using all available rosidl_typesupport_c: rosidl_typesupport_fastrtps_c;rosidl_typesupport_introspection_c
[0.357s] -- Found rosidl_adapter: 1.3.0 (/opt/ros/foxy/share/rosidl_adapter/cmake)
[0.447s] -- Using all available rosidl_typesupport_cpp: rosidl_typesupport_fastrtps_cpp;rosidl_typesupport_introspection_cpp
[0.582s] -- Found image_transport: 2.4.0 (/opt/ros/foxy/share/image_transport/cmake)
[0.613s] -- Found rmw_implementation_cmake: 1.0.4 (/opt/ros/foxy/share/rmw_implementation_cmake/cmake)
[0.614s] -- Using RMW implementation 'rmw_fastrtps_cpp' as default
[0.748s] -- Found rclcpp_components: 2.4.2 (/opt/ros/foxy/share/rclcpp_components/cmake)
[0.787s] -- Found stereo_msgs: 2.0.5 (/opt/ros/foxy/share/stereo_msgs/cmake)
[0.877s] -- Found nav_msgs: 2.0.5 (/opt/ros/foxy/share/nav_msgs/cmake)
[0.933s] -- Found tf2: 0.13.14 (/opt/ros/foxy/share/tf2/cmake)
[0.940s] -- Found tf2_ros: 0.13.14 (/opt/ros/foxy/share/tf2_ros/cmake)
[1.144s] -- Found laser_geometry: 2.2.0 (/opt/ros/foxy/share/laser_geometry/cmake)
[1.147s] -- Found pcl_conversions: 2.2.1 (/opt/ros/foxy/share/pcl_conversions/cmake)
[1.274s] -- Found pcl_ros: 2.2.1 (/opt/ros/foxy/share/pcl_ros/cmake)
[1.557s] -- Found rtabmap_msgs: 0.21.1 (/home/chaung/f_ws/install/rtabmap_msgs/share/rtabmap_msgs/cmake)
[1.672s] -- Found rtabmap_conversions: 0.21.1 (/home/chaung/f_ws/install/rtabmap_conversions/share/rtabmap_conversions/cmake)
[1.784s] -- rtabmap_conversions_TARGETS = rtabmap_conversions::rtabmap_conversions
[1.784s] -- Found octomap_msgs: 2.0.0 (/opt/ros/foxy/share/octomap_msgs/cmake)
[1.835s] -- WITH octomap_msgs
[2.584s] -- Configuring done
[2.617s] CMake Warning at CMakeLists.txt:117 (add_executable):
[2.617s]   Cannot generate a safe runtime search path for target rtabmap_rgbd_relay
[2.617s]   because files in some directories may conflict with libraries in implicit
[2.617s]   directories:
[2.617s] 
[2.617s]     runtime library [liboctomap.so.1.9] in /usr/lib/x86_64-linux-gnu may be hidden by files in:
[2.617s]       /opt/ros/foxy/lib
[2.617s]     runtime library [liboctomath.so.1.9] in /usr/lib/x86_64-linux-gnu may be hidden by files in:
[2.617s]       /opt/ros/foxy/lib
[2.617s] 
[2.617s]   Some of these libraries may not be found correctly.
[2.617s] 
[2.617s] 
[2.657s] CMake Warning at CMakeLists.txt:147 (add_executable):
[2.657s]   Cannot generate a safe runtime search path for target
[2.657s]   rtabmap_point_cloud_xyz because files in some directories may conflict with
[2.657s]   libraries in implicit directories:
[2.657s] 
[2.657s]     runtime library [liboctomap.so.1.9] in /usr/lib/x86_64-linux-gnu may be hidden by files in:
[2.657s]       /opt/ros/foxy/lib
[2.657s]     runtime library [liboctomath.so.1.9] in /usr/lib/x86_64-linux-gnu may be hidden by files in:
[2.657s]       /opt/ros/foxy/lib
[2.657s] 
[2.657s]   Some of these libraries may not be found correctly.
[2.658s] 
[2.658s] 
[2.698s] CMake Warning at CMakeLists.txt:152 (add_executable):
[2.698s]   Cannot generate a safe runtime search path for target
[2.698s]   rtabmap_point_cloud_xyzrgb because files in some directories may conflict
[2.698s]   with libraries in implicit directories:
[2.698s] 
[2.698s]     runtime library [liboctomap.so.1.9] in /usr/lib/x86_64-linux-gnu may be hidden by files in:
[2.698s]       /opt/ros/foxy/lib
[2.698s]     runtime library [liboctomath.so.1.9] in /usr/lib/x86_64-linux-gnu may be hidden by files in:
[2.698s]       /opt/ros/foxy/lib
[2.698s] 
[2.698s]   Some of these libraries may not be found correctly.
[2.698s] 
[2.698s] 
[2.739s] CMake Warning at CMakeLists.txt:122 (add_executable):
[2.739s]   Cannot generate a safe runtime search path for target rtabmap_rgbd_split
[2.739s]   because files in some directories may conflict with libraries in implicit
[2.740s]   directories:
[2.740s] 
[2.740s]     runtime library [liboctomap.so.1.9] in /usr/lib/x86_64-linux-gnu may be hidden by files in:
[2.740s]       /opt/ros/foxy/lib
[2.740s]     runtime library [liboctomath.so.1.9] in /usr/lib/x86_64-linux-gnu may be hidden by files in:
[2.740s]       /opt/ros/foxy/lib
[2.740s] 
[2.740s]   Some of these libraries may not be found correctly.
[2.740s] 
[2.740s] 
[2.781s] CMake Warning at CMakeLists.txt:172 (add_executable):
[2.781s]   Cannot generate a safe runtime search path for target
[2.781s]   rtabmap_obstacles_detection because files in some directories may conflict
[2.781s]   with libraries in implicit directories:
[2.781s] 
[2.781s]     runtime library [liboctomap.so.1.9] in /usr/lib/x86_64-linux-gnu may be hidden by files in:
[2.781s]       /opt/ros/foxy/lib
[2.781s]     runtime library [liboctomath.so.1.9] in /usr/lib/x86_64-linux-gnu may be hidden by files in:
[2.781s]       /opt/ros/foxy/lib
[2.781s] 
[2.781s]   Some of these libraries may not be found correctly.
[2.781s] 
[2.781s] 
[2.821s] CMake Warning at CMakeLists.txt:142 (add_executable):
[2.821s]   Cannot generate a safe runtime search path for target
[2.821s]   rtabmap_lidar_deskewing because files in some directories may conflict with
[2.821s]   libraries in implicit directories:
[2.822s] 
[2.822s]     runtime library [liboctomap.so.1.9] in /usr/lib/x86_64-linux-gnu may be hidden by files in:
[2.822s]       /opt/ros/foxy/lib
[2.822s]     runtime library [liboctomath.so.1.9] in /usr/lib/x86_64-linux-gnu may be hidden by files in:
[2.822s]       /opt/ros/foxy/lib
[2.822s] 
[2.822s]   Some of these libraries may not be found correctly.
[2.822s] 
[2.822s] 
[2.863s] CMake Warning at CMakeLists.txt:167 (add_executable):
[2.863s]   Cannot generate a safe runtime search path for target
[2.863s]   rtabmap_pointcloud_to_depthimage because files in some directories may
[2.863s]   conflict with libraries in implicit directories:
[2.863s] 
[2.863s]     runtime library [liboctomap.so.1.9] in /usr/lib/x86_64-linux-gnu may be hidden by files in:
[2.863s]       /opt/ros/foxy/lib
[2.863s]     runtime library [liboctomath.so.1.9] in /usr/lib/x86_64-linux-gnu may be hidden by files in:
[2.864s]       /opt/ros/foxy/lib
[2.864s] 
[2.864s]   Some of these libraries may not be found correctly.
[2.864s] 
[2.864s] 
[2.905s] CMake Warning at CMakeLists.txt:177 (add_executable):
[2.905s]   Cannot generate a safe runtime search path for target
[2.905s]   rtabmap_point_cloud_aggregator because files in some directories may
[2.905s]   conflict with libraries in implicit directories:
[2.905s] 
[2.905s]     runtime library [liboctomap.so.1.9] in /usr/lib/x86_64-linux-gnu may be hidden by files in:
[2.905s]       /opt/ros/foxy/lib
[2.905s]     runtime library [liboctomath.so.1.9] in /usr/lib/x86_64-linux-gnu may be hidden by files in:
[2.906s]       /opt/ros/foxy/lib
[2.906s] 
[2.906s]   Some of these libraries may not be found correctly.
[2.906s] 
[2.906s] 
[2.947s] CMake Warning at CMakeLists.txt:94 (add_library):
[2.947s]   Cannot generate a safe runtime search path for target rtabmap_util_plugins
[2.948s]   because files in some directories may conflict with libraries in implicit
[2.948s]   directories:
[2.948s] 
[2.948s]     runtime library [liboctomap.so.1.9] in /usr/lib/x86_64-linux-gnu may be hidden by files in:
[2.948s]       /opt/ros/foxy/lib
[2.948s]     runtime library [liboctomath.so.1.9] in /usr/lib/x86_64-linux-gnu may be hidden by files in:
[2.948s]       /opt/ros/foxy/lib
[2.948s] 
[2.948s]   Some of these libraries may not be found correctly.
[2.948s] 
[2.948s] 
[2.989s] CMake Warning at CMakeLists.txt:182 (add_executable):
[2.989s]   Cannot generate a safe runtime search path for target
[2.989s]   rtabmap_point_cloud_assembler because files in some directories may
[2.989s]   conflict with libraries in implicit directories:
[2.989s] 
[2.989s]     runtime library [liboctomap.so.1.9] in /usr/lib/x86_64-linux-gnu may be hidden by files in:
[2.990s]       /opt/ros/foxy/lib
[2.990s]     runtime library [liboctomath.so.1.9] in /usr/lib/x86_64-linux-gnu may be hidden by files in:
[2.990s]       /opt/ros/foxy/lib
[2.990s] 
[2.990s]   Some of these libraries may not be found correctly.
[2.990s] 
[2.990s] 
[3.013s] -- Generating done
[3.015s] -- Build files have been written to: /home/chaung/f_ws/build/rtabmap_util
[3.028s] Invoked command in '/home/chaung/f_ws/build/rtabmap_util' returned '0': AMENT_PREFIX_PATH=/home/chaung/f_ws/install/rtabmap_conversions:${AMENT_PREFIX_PATH} CMAKE_PREFIX_PATH=/home/chaung/f_ws/install/rtabmap_conversions:/opt/ros/foxy:/home/chaung/f_ws/install/rtabmap_msgs:/home/chaung/f_ws/install/rtabmap LD_LIBRARY_PATH=/home/chaung/f_ws/install/rtabmap_conversions/lib:/home/chaung/f_ws/install/rtabmap_msgs/lib:/home/chaung/f_ws/install/rtabmap/lib:${LD_LIBRARY_PATH} PATH=/home/chaung/f_ws/install/rtabmap/bin:${PATH} PKG_CONFIG_PATH=/home/chaung/f_ws/install/rtabmap_msgs/lib/x86_64-linux-gnu/pkgconfig:/home/chaung/f_ws/install/rtabmap_msgs/lib/pkgconfig:/home/chaung/f_ws/install/rtabmap/lib/x86_64-linux-gnu/pkgconfig:/home/chaung/f_ws/install/rtabmap/lib/pkgconfig PYTHONPATH=/home/chaung/f_ws/install/rtabmap_msgs/lib/python3.8/site-packages:${PYTHONPATH} ROS_PACKAGE_PATH=/home/chaung/f_ws/install/rtabmap_msgs/share /usr/bin/cmake /home/chaung/f_ws/src/rtabmap_ros/rtabmap_util -DCMAKE_INSTALL_PREFIX=/home/chaung/f_ws/install/rtabmap_util
[3.030s] Invoking command in '/home/chaung/f_ws/build/rtabmap_util': AMENT_PREFIX_PATH=/home/chaung/f_ws/install/rtabmap_conversions:${AMENT_PREFIX_PATH} CMAKE_PREFIX_PATH=/home/chaung/f_ws/install/rtabmap_conversions:/opt/ros/foxy:/home/chaung/f_ws/install/rtabmap_msgs:/home/chaung/f_ws/install/rtabmap LD_LIBRARY_PATH=/home/chaung/f_ws/install/rtabmap_conversions/lib:/home/chaung/f_ws/install/rtabmap_msgs/lib:/home/chaung/f_ws/install/rtabmap/lib:${LD_LIBRARY_PATH} PATH=/home/chaung/f_ws/install/rtabmap/bin:${PATH} PKG_CONFIG_PATH=/home/chaung/f_ws/install/rtabmap_msgs/lib/x86_64-linux-gnu/pkgconfig:/home/chaung/f_ws/install/rtabmap_msgs/lib/pkgconfig:/home/chaung/f_ws/install/rtabmap/lib/x86_64-linux-gnu/pkgconfig:/home/chaung/f_ws/install/rtabmap/lib/pkgconfig PYTHONPATH=/home/chaung/f_ws/install/rtabmap_msgs/lib/python3.8/site-packages:${PYTHONPATH} ROS_PACKAGE_PATH=/home/chaung/f_ws/install/rtabmap_msgs/share /usr/bin/cmake --build /home/chaung/f_ws/build/rtabmap_util -- -j12 -l12
[3.129s] [ 37%] Built target rtabmap_util_plugins
[3.163s] [ 48%] Built target rtabmap_rgbd_relay
[3.163s] [ 51%] Built target rtabmap_rgbd_split
[3.163s] [ 58%] Built target rtabmap_point_cloud_aggregator
[3.164s] [ 65%] Built target rtabmap_lidar_deskewing
[3.164s] [ 72%] Built target rtabmap_point_cloud_xyzrgb
[3.164s] [ 79%] Built target rtabmap_pointcloud_to_depthimage
[3.165s] [ 86%] Built target rtabmap_point_cloud_xyz
[3.172s] [ 93%] Built target rtabmap_obstacles_detection
[3.174s] [100%] Built target rtabmap_point_cloud_assembler
[3.182s] Invoked command in '/home/chaung/f_ws/build/rtabmap_util' returned '0': AMENT_PREFIX_PATH=/home/chaung/f_ws/install/rtabmap_conversions:${AMENT_PREFIX_PATH} CMAKE_PREFIX_PATH=/home/chaung/f_ws/install/rtabmap_conversions:/opt/ros/foxy:/home/chaung/f_ws/install/rtabmap_msgs:/home/chaung/f_ws/install/rtabmap LD_LIBRARY_PATH=/home/chaung/f_ws/install/rtabmap_conversions/lib:/home/chaung/f_ws/install/rtabmap_msgs/lib:/home/chaung/f_ws/install/rtabmap/lib:${LD_LIBRARY_PATH} PATH=/home/chaung/f_ws/install/rtabmap/bin:${PATH} PKG_CONFIG_PATH=/home/chaung/f_ws/install/rtabmap_msgs/lib/x86_64-linux-gnu/pkgconfig:/home/chaung/f_ws/install/rtabmap_msgs/lib/pkgconfig:/home/chaung/f_ws/install/rtabmap/lib/x86_64-linux-gnu/pkgconfig:/home/chaung/f_ws/install/rtabmap/lib/pkgconfig PYTHONPATH=/home/chaung/f_ws/install/rtabmap_msgs/lib/python3.8/site-packages:${PYTHONPATH} ROS_PACKAGE_PATH=/home/chaung/f_ws/install/rtabmap_msgs/share /usr/bin/cmake --build /home/chaung/f_ws/build/rtabmap_util -- -j12 -l12
[3.222s] Invoking command in '/home/chaung/f_ws/build/rtabmap_util': AMENT_PREFIX_PATH=/home/chaung/f_ws/install/rtabmap_conversions:${AMENT_PREFIX_PATH} CMAKE_PREFIX_PATH=/home/chaung/f_ws/install/rtabmap_conversions:/opt/ros/foxy:/home/chaung/f_ws/install/rtabmap_msgs:/home/chaung/f_ws/install/rtabmap LD_LIBRARY_PATH=/home/chaung/f_ws/install/rtabmap_conversions/lib:/home/chaung/f_ws/install/rtabmap_msgs/lib:/home/chaung/f_ws/install/rtabmap/lib:${LD_LIBRARY_PATH} PATH=/home/chaung/f_ws/install/rtabmap/bin:${PATH} PKG_CONFIG_PATH=/home/chaung/f_ws/install/rtabmap_msgs/lib/x86_64-linux-gnu/pkgconfig:/home/chaung/f_ws/install/rtabmap_msgs/lib/pkgconfig:/home/chaung/f_ws/install/rtabmap/lib/x86_64-linux-gnu/pkgconfig:/home/chaung/f_ws/install/rtabmap/lib/pkgconfig PYTHONPATH=/home/chaung/f_ws/install/rtabmap_msgs/lib/python3.8/site-packages:${PYTHONPATH} ROS_PACKAGE_PATH=/home/chaung/f_ws/install/rtabmap_msgs/share /usr/bin/cmake --install /home/chaung/f_ws/build/rtabmap_util
[3.229s] -- Install configuration: ""
[3.229s] -- Execute custom install script
[3.230s] -- Up-to-date symlink: /home/chaung/f_ws/install/rtabmap_util/share/rtabmap_util/environment/library_path.sh
[3.230s] -- Up-to-date symlink: /home/chaung/f_ws/install/rtabmap_util/share/rtabmap_util/environment/library_path.dsv
[3.230s] -- Up-to-date symlink: /home/chaung/f_ws/install/rtabmap_util/lib/rtabmap_util/transform_to_tf.py
[3.230s] -- Up-to-date symlink: /home/chaung/f_ws/install/rtabmap_util/lib/rtabmap_util/yaml_to_camera_info.py
[3.230s] -- Up-to-date symlink: /home/chaung/f_ws/install/rtabmap_util/lib/rtabmap_util/rgbd_relay
[3.230s] -- Up-to-date symlink: /home/chaung/f_ws/install/rtabmap_util/lib/rtabmap_util/rgbd_split
[3.231s] -- Up-to-date symlink: /home/chaung/f_ws/install/rtabmap_util/lib/rtabmap_util/lidar_deskewing
[3.231s] -- Up-to-date symlink: /home/chaung/f_ws/install/rtabmap_util/lib/rtabmap_util/point_cloud_xyz
[3.231s] -- Up-to-date symlink: /home/chaung/f_ws/install/rtabmap_util/lib/rtabmap_util/point_cloud_xyzrgb
[3.231s] -- Up-to-date symlink: /home/chaung/f_ws/install/rtabmap_util/lib/rtabmap_util/pointcloud_to_depthimage
[3.231s] -- Up-to-date symlink: /home/chaung/f_ws/install/rtabmap_util/lib/rtabmap_util/obstacles_detection
[3.231s] -- Up-to-date symlink: /home/chaung/f_ws/install/rtabmap_util/lib/rtabmap_util/point_cloud_aggregator
[3.231s] -- Up-to-date symlink: /home/chaung/f_ws/install/rtabmap_util/lib/rtabmap_util/point_cloud_assembler
[3.232s] -- Up-to-date symlink: /home/chaung/f_ws/install/rtabmap_util/share/ament_index/resource_index/package_run_dependencies/rtabmap_util
[3.232s] -- Up-to-date symlink: /home/chaung/f_ws/install/rtabmap_util/share/ament_index/resource_index/parent_prefix_path/rtabmap_util
[3.232s] -- Up-to-date symlink: /home/chaung/f_ws/install/rtabmap_util/share/rtabmap_util/environment/ament_prefix_path.sh
[3.232s] -- Up-to-date symlink: /home/chaung/f_ws/install/rtabmap_util/share/rtabmap_util/environment/ament_prefix_path.dsv
[3.232s] -- Up-to-date symlink: /home/chaung/f_ws/install/rtabmap_util/share/rtabmap_util/environment/path.sh
[3.232s] -- Up-to-date symlink: /home/chaung/f_ws/install/rtabmap_util/share/rtabmap_util/environment/path.dsv
[3.233s] -- Up-to-date symlink: /home/chaung/f_ws/install/rtabmap_util/share/rtabmap_util/local_setup.bash
[3.233s] -- Up-to-date symlink: /home/chaung/f_ws/install/rtabmap_util/share/rtabmap_util/local_setup.sh
[3.233s] -- Up-to-date symlink: /home/chaung/f_ws/install/rtabmap_util/share/rtabmap_util/local_setup.zsh
[3.233s] -- Up-to-date symlink: /home/chaung/f_ws/install/rtabmap_util/share/rtabmap_util/local_setup.dsv
[3.233s] -- Symlinking: /home/chaung/f_ws/install/rtabmap_util/share/rtabmap_util/package.dsv
[3.240s] -- Up-to-date symlink: /home/chaung/f_ws/install/rtabmap_util/share/ament_index/resource_index/packages/rtabmap_util
[3.240s] -- Up-to-date symlink: /home/chaung/f_ws/install/rtabmap_util/share/ament_index/resource_index/rclcpp_components/rtabmap_util
[3.240s] -- Up-to-date symlink: /home/chaung/f_ws/install/rtabmap_util/share/rtabmap_util/cmake/ament_cmake_export_dependencies-extras.cmake
[3.241s] -- Up-to-date symlink: /home/chaung/f_ws/install/rtabmap_util/share/rtabmap_util/cmake/ament_cmake_export_include_directories-extras.cmake
[3.241s] -- Up-to-date symlink: /home/chaung/f_ws/install/rtabmap_util/share/rtabmap_util/cmake/ament_cmake_export_targets-extras.cmake
[3.241s] -- Up-to-date symlink: /home/chaung/f_ws/install/rtabmap_util/share/rtabmap_util/cmake/ament_cmake_export_libraries-extras.cmake
[3.241s] -- Up-to-date symlink: /home/chaung/f_ws/install/rtabmap_util/share/rtabmap_util/cmake/rtabmap_utilConfig.cmake
[3.241s] -- Up-to-date symlink: /home/chaung/f_ws/install/rtabmap_util/share/rtabmap_util/cmake/rtabmap_utilConfig-version.cmake
[3.242s] -- Up-to-date symlink: /home/chaung/f_ws/install/rtabmap_util/share/rtabmap_util/package.xml
[3.242s] -- Up-to-date: /home/chaung/f_ws/install/rtabmap_util/lib/librtabmap_util_plugins.so
[3.242s] -- Up-to-date: /home/chaung/f_ws/install/rtabmap_util/include
[3.242s] -- Up-to-date: /home/chaung/f_ws/install/rtabmap_util/include/rtabmap_util
[3.242s] -- Up-to-date: /home/chaung/f_ws/install/rtabmap_util/include/rtabmap_util/MapsManager.h
[3.242s] -- Up-to-date: /home/chaung/f_ws/install/rtabmap_util/include/rtabmap_util/visibility.h
[3.242s] -- Up-to-date: /home/chaung/f_ws/install/rtabmap_util/include/rtabmap_util/ULogToRosout.h
[3.242s] -- Up-to-date: /home/chaung/f_ws/install/rtabmap_util/share/rtabmap_util/cmake/rtabmap_utilExport.cmake
[3.242s] -- Installing: /home/chaung/f_ws/install/rtabmap_util/share/rtabmap_util/cmake/rtabmap_utilExport-noconfig.cmake
[3.245s] Invoked command in '/home/chaung/f_ws/build/rtabmap_util' returned '0': AMENT_PREFIX_PATH=/home/chaung/f_ws/install/rtabmap_conversions:${AMENT_PREFIX_PATH} CMAKE_PREFIX_PATH=/home/chaung/f_ws/install/rtabmap_conversions:/opt/ros/foxy:/home/chaung/f_ws/install/rtabmap_msgs:/home/chaung/f_ws/install/rtabmap LD_LIBRARY_PATH=/home/chaung/f_ws/install/rtabmap_conversions/lib:/home/chaung/f_ws/install/rtabmap_msgs/lib:/home/chaung/f_ws/install/rtabmap/lib:${LD_LIBRARY_PATH} PATH=/home/chaung/f_ws/install/rtabmap/bin:${PATH} PKG_CONFIG_PATH=/home/chaung/f_ws/install/rtabmap_msgs/lib/x86_64-linux-gnu/pkgconfig:/home/chaung/f_ws/install/rtabmap_msgs/lib/pkgconfig:/home/chaung/f_ws/install/rtabmap/lib/x86_64-linux-gnu/pkgconfig:/home/chaung/f_ws/install/rtabmap/lib/pkgconfig PYTHONPATH=/home/chaung/f_ws/install/rtabmap_msgs/lib/python3.8/site-packages:${PYTHONPATH} ROS_PACKAGE_PATH=/home/chaung/f_ws/install/rtabmap_msgs/share /usr/bin/cmake --install /home/chaung/f_ws/build/rtabmap_util
