[0.038s] Invoking command in '/home/chaung/f_ws/build/cartographer_ros_msgs': CMAKE_PREFIX_PATH=${CMAKE_PREFIX_PATH}:/home/chaung/f_ws/install/bno055:/opt/ros/foxy /usr/bin/cmake --build /home/chaung/f_ws/build/cartographer_ros_msgs -- -j12 -l12
[0.252s] [  0%] Built target cartographer_ros_msgs__cpp
[0.253s] [ 12%] Built target cartographer_ros_msgs__rosidl_generator_c
[0.255s] [ 24%] Built target cartographer_ros_msgs__rosidl_typesupport_cpp
[0.255s] [ 36%] Built target cartographer_ros_msgs__rosidl_typesupport_introspection_cpp
[0.256s] [ 48%] Built target cartographer_ros_msgs__rosidl_typesupport_fastrtps_cpp
[0.256s] [ 60%] Built target cartographer_ros_msgs__rosidl_typesupport_c
[0.256s] [ 72%] Built target cartographer_ros_msgs__rosidl_typesupport_introspection_c
[0.256s] [ 84%] Built target cartographer_ros_msgs__rosidl_typesupport_fastrtps_c
[0.256s] [ 84%] Built target cartographer_ros_msgs
[0.256s] [ 85%] Built target cartographer_ros_msgs__py
[0.256s] [ 96%] Built target cartographer_ros_msgs__python
[0.256s] [ 97%] Built target cartographer_ros_msgs__rosidl_typesupport_fastrtps_c__pyext
[0.256s] [ 98%] Built target cartographer_ros_msgs__rosidl_typesupport_c__pyext
[0.256s] [100%] Built target cartographer_ros_msgs__rosidl_typesupport_introspection_c__pyext
[0.257s] Invoked command in '/home/chaung/f_ws/build/cartographer_ros_msgs' returned '0': CMAKE_PREFIX_PATH=${CMAKE_PREFIX_PATH}:/home/chaung/f_ws/install/bno055:/opt/ros/foxy /usr/bin/cmake --build /home/chaung/f_ws/build/cartographer_ros_msgs -- -j12 -l12
[0.489s] Invoking command in '/home/chaung/f_ws/build/cartographer_ros_msgs': CMAKE_PREFIX_PATH=${CMAKE_PREFIX_PATH}:/home/chaung/f_ws/install/bno055:/opt/ros/foxy /usr/bin/cmake --install /home/chaung/f_ws/build/cartographer_ros_msgs
[0.494s] -- Install configuration: ""
[0.494s] -- Up-to-date: /home/chaung/f_ws/install/cartographer_ros_msgs/share/ament_index/resource_index/rosidl_interfaces/cartographer_ros_msgs
[0.494s] -- Up-to-date: /home/chaung/f_ws/install/cartographer_ros_msgs/include/cartographer_ros_msgs
[0.495s] -- Up-to-date: /home/chaung/f_ws/install/cartographer_ros_msgs/include/cartographer_ros_msgs/srv
[0.495s] -- Up-to-date: /home/chaung/f_ws/install/cartographer_ros_msgs/include/cartographer_ros_msgs/srv/submap_query.h
[0.495s] -- Up-to-date: /home/chaung/f_ws/install/cartographer_ros_msgs/include/cartographer_ros_msgs/srv/detail
[0.495s] -- Up-to-date: /home/chaung/f_ws/install/cartographer_ros_msgs/include/cartographer_ros_msgs/srv/detail/submap_query__type_support.h
[0.495s] -- Up-to-date: /home/chaung/f_ws/install/cartographer_ros_msgs/include/cartographer_ros_msgs/srv/detail/finish_trajectory__type_support.h
[0.495s] -- Up-to-date: /home/chaung/f_ws/install/cartographer_ros_msgs/include/cartographer_ros_msgs/srv/detail/write_state__type_support.h
[0.495s] -- Up-to-date: /home/chaung/f_ws/install/cartographer_ros_msgs/include/cartographer_ros_msgs/srv/detail/write_state__struct.h
[0.495s] -- Up-to-date: /home/chaung/f_ws/install/cartographer_ros_msgs/include/cartographer_ros_msgs/srv/detail/submap_query__functions.c
[0.495s] -- Up-to-date: /home/chaung/f_ws/install/cartographer_ros_msgs/include/cartographer_ros_msgs/srv/detail/submap_query__functions.h
[0.495s] -- Up-to-date: /home/chaung/f_ws/install/cartographer_ros_msgs/include/cartographer_ros_msgs/srv/detail/write_state__functions.h
[0.496s] -- Up-to-date: /home/chaung/f_ws/install/cartographer_ros_msgs/include/cartographer_ros_msgs/srv/detail/start_trajectory__struct.h
[0.496s] -- Up-to-date: /home/chaung/f_ws/install/cartographer_ros_msgs/include/cartographer_ros_msgs/srv/detail/submap_query__struct.h
[0.496s] -- Up-to-date: /home/chaung/f_ws/install/cartographer_ros_msgs/include/cartographer_ros_msgs/srv/detail/finish_trajectory__functions.c
[0.496s] -- Up-to-date: /home/chaung/f_ws/install/cartographer_ros_msgs/include/cartographer_ros_msgs/srv/detail/start_trajectory__type_support.h
[0.496s] -- Up-to-date: /home/chaung/f_ws/install/cartographer_ros_msgs/include/cartographer_ros_msgs/srv/detail/finish_trajectory__struct.h
[0.496s] -- Up-to-date: /home/chaung/f_ws/install/cartographer_ros_msgs/include/cartographer_ros_msgs/srv/detail/write_state__functions.c
[0.496s] -- Up-to-date: /home/chaung/f_ws/install/cartographer_ros_msgs/include/cartographer_ros_msgs/srv/detail/start_trajectory__functions.c
[0.497s] -- Up-to-date: /home/chaung/f_ws/install/cartographer_ros_msgs/include/cartographer_ros_msgs/srv/detail/start_trajectory__functions.h
[0.497s] -- Up-to-date: /home/chaung/f_ws/install/cartographer_ros_msgs/include/cartographer_ros_msgs/srv/detail/finish_trajectory__functions.h
[0.497s] -- Up-to-date: /home/chaung/f_ws/install/cartographer_ros_msgs/include/cartographer_ros_msgs/srv/write_state.h
[0.497s] -- Up-to-date: /home/chaung/f_ws/install/cartographer_ros_msgs/include/cartographer_ros_msgs/srv/finish_trajectory.h
[0.497s] -- Up-to-date: /home/chaung/f_ws/install/cartographer_ros_msgs/include/cartographer_ros_msgs/srv/start_trajectory.h
[0.497s] -- Up-to-date: /home/chaung/f_ws/install/cartographer_ros_msgs/include/cartographer_ros_msgs/msg
[0.497s] -- Up-to-date: /home/chaung/f_ws/install/cartographer_ros_msgs/include/cartographer_ros_msgs/msg/status_response.h
[0.497s] -- Up-to-date: /home/chaung/f_ws/install/cartographer_ros_msgs/include/cartographer_ros_msgs/msg/sensor_topics.h
[0.497s] -- Up-to-date: /home/chaung/f_ws/install/cartographer_ros_msgs/include/cartographer_ros_msgs/msg/detail
[0.498s] -- Up-to-date: /home/chaung/f_ws/install/cartographer_ros_msgs/include/cartographer_ros_msgs/msg/detail/submap_list__type_support.h
[0.498s] -- Up-to-date: /home/chaung/f_ws/install/cartographer_ros_msgs/include/cartographer_ros_msgs/msg/detail/status_response__struct.h
[0.498s] -- Up-to-date: /home/chaung/f_ws/install/cartographer_ros_msgs/include/cartographer_ros_msgs/msg/detail/status_response__functions.h
[0.498s] -- Up-to-date: /home/chaung/f_ws/install/cartographer_ros_msgs/include/cartographer_ros_msgs/msg/detail/status_response__functions.c
[0.498s] -- Up-to-date: /home/chaung/f_ws/install/cartographer_ros_msgs/include/cartographer_ros_msgs/msg/detail/trajectory_options__functions.c
[0.498s] -- Up-to-date: /home/chaung/f_ws/install/cartographer_ros_msgs/include/cartographer_ros_msgs/msg/detail/submap_texture__type_support.h
[0.498s] -- Up-to-date: /home/chaung/f_ws/install/cartographer_ros_msgs/include/cartographer_ros_msgs/msg/detail/trajectory_options__functions.h
[0.498s] -- Up-to-date: /home/chaung/f_ws/install/cartographer_ros_msgs/include/cartographer_ros_msgs/msg/detail/landmark_entry__type_support.h
[0.499s] -- Up-to-date: /home/chaung/f_ws/install/cartographer_ros_msgs/include/cartographer_ros_msgs/msg/detail/submap_entry__functions.c
[0.499s] -- Up-to-date: /home/chaung/f_ws/install/cartographer_ros_msgs/include/cartographer_ros_msgs/msg/detail/sensor_topics__functions.h
[0.499s] -- Up-to-date: /home/chaung/f_ws/install/cartographer_ros_msgs/include/cartographer_ros_msgs/msg/detail/trajectory_options__struct.h
[0.499s] -- Up-to-date: /home/chaung/f_ws/install/cartographer_ros_msgs/include/cartographer_ros_msgs/msg/detail/status_code__type_support.h
[0.499s] -- Up-to-date: /home/chaung/f_ws/install/cartographer_ros_msgs/include/cartographer_ros_msgs/msg/detail/sensor_topics__type_support.h
[0.499s] -- Up-to-date: /home/chaung/f_ws/install/cartographer_ros_msgs/include/cartographer_ros_msgs/msg/detail/trajectory_options__type_support.h
[0.499s] -- Up-to-date: /home/chaung/f_ws/install/cartographer_ros_msgs/include/cartographer_ros_msgs/msg/detail/status_code__functions.h
[0.499s] -- Up-to-date: /home/chaung/f_ws/install/cartographer_ros_msgs/include/cartographer_ros_msgs/msg/detail/submap_list__functions.c
[0.499s] -- Up-to-date: /home/chaung/f_ws/install/cartographer_ros_msgs/include/cartographer_ros_msgs/msg/detail/landmark_entry__functions.c
[0.500s] -- Up-to-date: /home/chaung/f_ws/install/cartographer_ros_msgs/include/cartographer_ros_msgs/msg/detail/status_code__functions.c
[0.500s] -- Up-to-date: /home/chaung/f_ws/install/cartographer_ros_msgs/include/cartographer_ros_msgs/msg/detail/status_code__struct.h
[0.500s] -- Up-to-date: /home/chaung/f_ws/install/cartographer_ros_msgs/include/cartographer_ros_msgs/msg/detail/landmark_entry__functions.h
[0.500s] -- Up-to-date: /home/chaung/f_ws/install/cartographer_ros_msgs/include/cartographer_ros_msgs/msg/detail/submap_entry__type_support.h
[0.500s] -- Up-to-date: /home/chaung/f_ws/install/cartographer_ros_msgs/include/cartographer_ros_msgs/msg/detail/landmark_list__functions.c
[0.501s] -- Up-to-date: /home/chaung/f_ws/install/cartographer_ros_msgs/include/cartographer_ros_msgs/msg/detail/sensor_topics__struct.h
[0.501s] -- Up-to-date: /home/chaung/f_ws/install/cartographer_ros_msgs/include/cartographer_ros_msgs/msg/detail/submap_entry__functions.h
[0.501s] -- Up-to-date: /home/chaung/f_ws/install/cartographer_ros_msgs/include/cartographer_ros_msgs/msg/detail/sensor_topics__functions.c
[0.501s] -- Up-to-date: /home/chaung/f_ws/install/cartographer_ros_msgs/include/cartographer_ros_msgs/msg/detail/submap_entry__struct.h
[0.501s] -- Up-to-date: /home/chaung/f_ws/install/cartographer_ros_msgs/include/cartographer_ros_msgs/msg/detail/status_response__type_support.h
[0.501s] -- Up-to-date: /home/chaung/f_ws/install/cartographer_ros_msgs/include/cartographer_ros_msgs/msg/detail/submap_list__functions.h
[0.501s] -- Up-to-date: /home/chaung/f_ws/install/cartographer_ros_msgs/include/cartographer_ros_msgs/msg/detail/landmark_list__type_support.h
[0.501s] -- Up-to-date: /home/chaung/f_ws/install/cartographer_ros_msgs/include/cartographer_ros_msgs/msg/detail/submap_texture__functions.c
[0.501s] -- Up-to-date: /home/chaung/f_ws/install/cartographer_ros_msgs/include/cartographer_ros_msgs/msg/detail/landmark_list__functions.h
[0.501s] -- Up-to-date: /home/chaung/f_ws/install/cartographer_ros_msgs/include/cartographer_ros_msgs/msg/detail/submap_texture__struct.h
[0.501s] -- Up-to-date: /home/chaung/f_ws/install/cartographer_ros_msgs/include/cartographer_ros_msgs/msg/detail/landmark_list__struct.h
[0.502s] -- Up-to-date: /home/chaung/f_ws/install/cartographer_ros_msgs/include/cartographer_ros_msgs/msg/detail/submap_texture__functions.h
[0.502s] -- Up-to-date: /home/chaung/f_ws/install/cartographer_ros_msgs/include/cartographer_ros_msgs/msg/detail/submap_list__struct.h
[0.502s] -- Up-to-date: /home/chaung/f_ws/install/cartographer_ros_msgs/include/cartographer_ros_msgs/msg/detail/landmark_entry__struct.h
[0.502s] -- Up-to-date: /home/chaung/f_ws/install/cartographer_ros_msgs/include/cartographer_ros_msgs/msg/landmark_entry.h
[0.502s] -- Up-to-date: /home/chaung/f_ws/install/cartographer_ros_msgs/include/cartographer_ros_msgs/msg/submap_list.h
[0.502s] -- Up-to-date: /home/chaung/f_ws/install/cartographer_ros_msgs/include/cartographer_ros_msgs/msg/submap_entry.h
[0.502s] -- Up-to-date: /home/chaung/f_ws/install/cartographer_ros_msgs/include/cartographer_ros_msgs/msg/trajectory_options.h
[0.502s] -- Up-to-date: /home/chaung/f_ws/install/cartographer_ros_msgs/include/cartographer_ros_msgs/msg/submap_texture.h
[0.502s] -- Up-to-date: /home/chaung/f_ws/install/cartographer_ros_msgs/include/cartographer_ros_msgs/msg/rosidl_generator_c__visibility_control.h
[0.502s] -- Up-to-date: /home/chaung/f_ws/install/cartographer_ros_msgs/include/cartographer_ros_msgs/msg/landmark_list.h
[0.502s] -- Up-to-date: /home/chaung/f_ws/install/cartographer_ros_msgs/include/cartographer_ros_msgs/msg/status_code.h
[0.503s] -- Up-to-date: /home/chaung/f_ws/install/cartographer_ros_msgs/share/cartographer_ros_msgs/environment/library_path.sh
[0.503s] -- Up-to-date: /home/chaung/f_ws/install/cartographer_ros_msgs/share/cartographer_ros_msgs/environment/library_path.dsv
[0.503s] -- Up-to-date: /home/chaung/f_ws/install/cartographer_ros_msgs/lib/libcartographer_ros_msgs__rosidl_generator_c.so
[0.503s] -- Up-to-date: /home/chaung/f_ws/install/cartographer_ros_msgs/include/cartographer_ros_msgs
[0.503s] -- Up-to-date: /home/chaung/f_ws/install/cartographer_ros_msgs/include/cartographer_ros_msgs/srv
[0.503s] -- Up-to-date: /home/chaung/f_ws/install/cartographer_ros_msgs/include/cartographer_ros_msgs/srv/detail
[0.503s] -- Up-to-date: /home/chaung/f_ws/install/cartographer_ros_msgs/include/cartographer_ros_msgs/srv/detail/start_trajectory__rosidl_typesupport_fastrtps_c.h
[0.503s] -- Up-to-date: /home/chaung/f_ws/install/cartographer_ros_msgs/include/cartographer_ros_msgs/srv/detail/finish_trajectory__rosidl_typesupport_fastrtps_c.h
[0.503s] -- Up-to-date: /home/chaung/f_ws/install/cartographer_ros_msgs/include/cartographer_ros_msgs/srv/detail/submap_query__rosidl_typesupport_fastrtps_c.h
[0.503s] -- Up-to-date: /home/chaung/f_ws/install/cartographer_ros_msgs/include/cartographer_ros_msgs/srv/detail/write_state__rosidl_typesupport_fastrtps_c.h
[0.503s] -- Up-to-date: /home/chaung/f_ws/install/cartographer_ros_msgs/include/cartographer_ros_msgs/msg
[0.503s] -- Up-to-date: /home/chaung/f_ws/install/cartographer_ros_msgs/include/cartographer_ros_msgs/msg/detail
[0.503s] -- Up-to-date: /home/chaung/f_ws/install/cartographer_ros_msgs/include/cartographer_ros_msgs/msg/detail/sensor_topics__rosidl_typesupport_fastrtps_c.h
[0.504s] -- Up-to-date: /home/chaung/f_ws/install/cartographer_ros_msgs/include/cartographer_ros_msgs/msg/detail/status_response__rosidl_typesupport_fastrtps_c.h
[0.504s] -- Up-to-date: /home/chaung/f_ws/install/cartographer_ros_msgs/include/cartographer_ros_msgs/msg/detail/landmark_list__rosidl_typesupport_fastrtps_c.h
[0.504s] -- Up-to-date: /home/chaung/f_ws/install/cartographer_ros_msgs/include/cartographer_ros_msgs/msg/detail/landmark_entry__rosidl_typesupport_fastrtps_c.h
[0.505s] -- Up-to-date: /home/chaung/f_ws/install/cartographer_ros_msgs/include/cartographer_ros_msgs/msg/detail/submap_texture__rosidl_typesupport_fastrtps_c.h
[0.506s] -- Up-to-date: /home/chaung/f_ws/install/cartographer_ros_msgs/include/cartographer_ros_msgs/msg/detail/submap_entry__rosidl_typesupport_fastrtps_c.h
[0.506s] -- Up-to-date: /home/chaung/f_ws/install/cartographer_ros_msgs/include/cartographer_ros_msgs/msg/detail/submap_list__rosidl_typesupport_fastrtps_c.h
[0.506s] -- Up-to-date: /home/chaung/f_ws/install/cartographer_ros_msgs/include/cartographer_ros_msgs/msg/detail/status_code__rosidl_typesupport_fastrtps_c.h
[0.506s] -- Up-to-date: /home/chaung/f_ws/install/cartographer_ros_msgs/include/cartographer_ros_msgs/msg/detail/trajectory_options__rosidl_typesupport_fastrtps_c.h
[0.507s] -- Up-to-date: /home/chaung/f_ws/install/cartographer_ros_msgs/include/cartographer_ros_msgs/msg/rosidl_typesupport_fastrtps_c__visibility_control.h
[0.507s] -- Up-to-date: /home/chaung/f_ws/install/cartographer_ros_msgs/lib/libcartographer_ros_msgs__rosidl_typesupport_fastrtps_c.so
[0.507s] -- Up-to-date: /home/chaung/f_ws/install/cartographer_ros_msgs/include/cartographer_ros_msgs
[0.507s] -- Up-to-date: /home/chaung/f_ws/install/cartographer_ros_msgs/include/cartographer_ros_msgs/srv
[0.507s] -- Up-to-date: /home/chaung/f_ws/install/cartographer_ros_msgs/include/cartographer_ros_msgs/srv/detail
[0.507s] -- Up-to-date: /home/chaung/f_ws/install/cartographer_ros_msgs/include/cartographer_ros_msgs/srv/detail/dds_fastrtps
[0.507s] -- Up-to-date: /home/chaung/f_ws/install/cartographer_ros_msgs/include/cartographer_ros_msgs/srv/detail/start_trajectory__rosidl_typesupport_fastrtps_cpp.hpp
[0.507s] -- Up-to-date: /home/chaung/f_ws/install/cartographer_ros_msgs/include/cartographer_ros_msgs/srv/detail/write_state__rosidl_typesupport_fastrtps_cpp.hpp
[0.507s] -- Up-to-date: /home/chaung/f_ws/install/cartographer_ros_msgs/include/cartographer_ros_msgs/srv/detail/finish_trajectory__rosidl_typesupport_fastrtps_cpp.hpp
[0.507s] -- Up-to-date: /home/chaung/f_ws/install/cartographer_ros_msgs/include/cartographer_ros_msgs/srv/detail/submap_query__rosidl_typesupport_fastrtps_cpp.hpp
[0.507s] -- Up-to-date: /home/chaung/f_ws/install/cartographer_ros_msgs/include/cartographer_ros_msgs/msg
[0.507s] -- Up-to-date: /home/chaung/f_ws/install/cartographer_ros_msgs/include/cartographer_ros_msgs/msg/detail
[0.507s] -- Up-to-date: /home/chaung/f_ws/install/cartographer_ros_msgs/include/cartographer_ros_msgs/msg/detail/submap_list__rosidl_typesupport_fastrtps_cpp.hpp
[0.508s] -- Up-to-date: /home/chaung/f_ws/install/cartographer_ros_msgs/include/cartographer_ros_msgs/msg/detail/dds_fastrtps
[0.508s] -- Up-to-date: /home/chaung/f_ws/install/cartographer_ros_msgs/include/cartographer_ros_msgs/msg/detail/landmark_entry__rosidl_typesupport_fastrtps_cpp.hpp
[0.508s] -- Up-to-date: /home/chaung/f_ws/install/cartographer_ros_msgs/include/cartographer_ros_msgs/msg/detail/submap_texture__rosidl_typesupport_fastrtps_cpp.hpp
[0.508s] -- Up-to-date: /home/chaung/f_ws/install/cartographer_ros_msgs/include/cartographer_ros_msgs/msg/detail/sensor_topics__rosidl_typesupport_fastrtps_cpp.hpp
[0.508s] -- Up-to-date: /home/chaung/f_ws/install/cartographer_ros_msgs/include/cartographer_ros_msgs/msg/detail/landmark_list__rosidl_typesupport_fastrtps_cpp.hpp
[0.508s] -- Up-to-date: /home/chaung/f_ws/install/cartographer_ros_msgs/include/cartographer_ros_msgs/msg/detail/status_response__rosidl_typesupport_fastrtps_cpp.hpp
[0.508s] -- Up-to-date: /home/chaung/f_ws/install/cartographer_ros_msgs/include/cartographer_ros_msgs/msg/detail/status_code__rosidl_typesupport_fastrtps_cpp.hpp
[0.508s] -- Up-to-date: /home/chaung/f_ws/install/cartographer_ros_msgs/include/cartographer_ros_msgs/msg/detail/submap_entry__rosidl_typesupport_fastrtps_cpp.hpp
[0.508s] -- Up-to-date: /home/chaung/f_ws/install/cartographer_ros_msgs/include/cartographer_ros_msgs/msg/detail/trajectory_options__rosidl_typesupport_fastrtps_cpp.hpp
[0.508s] -- Up-to-date: /home/chaung/f_ws/install/cartographer_ros_msgs/include/cartographer_ros_msgs/msg/rosidl_typesupport_fastrtps_cpp__visibility_control.h
[0.508s] -- Up-to-date: /home/chaung/f_ws/install/cartographer_ros_msgs/lib/libcartographer_ros_msgs__rosidl_typesupport_fastrtps_cpp.so
[0.508s] -- Up-to-date: /home/chaung/f_ws/install/cartographer_ros_msgs/include/cartographer_ros_msgs
[0.508s] -- Up-to-date: /home/chaung/f_ws/install/cartographer_ros_msgs/include/cartographer_ros_msgs/srv
[0.508s] -- Up-to-date: /home/chaung/f_ws/install/cartographer_ros_msgs/include/cartographer_ros_msgs/srv/detail
[0.509s] -- Up-to-date: /home/chaung/f_ws/install/cartographer_ros_msgs/include/cartographer_ros_msgs/srv/detail/write_state__rosidl_typesupport_introspection_c.h
[0.509s] -- Up-to-date: /home/chaung/f_ws/install/cartographer_ros_msgs/include/cartographer_ros_msgs/srv/detail/finish_trajectory__type_support.c
[0.509s] -- Up-to-date: /home/chaung/f_ws/install/cartographer_ros_msgs/include/cartographer_ros_msgs/srv/detail/write_state__type_support.c
[0.509s] -- Up-to-date: /home/chaung/f_ws/install/cartographer_ros_msgs/include/cartographer_ros_msgs/srv/detail/start_trajectory__type_support.c
[0.509s] -- Up-to-date: /home/chaung/f_ws/install/cartographer_ros_msgs/include/cartographer_ros_msgs/srv/detail/finish_trajectory__rosidl_typesupport_introspection_c.h
[0.509s] -- Up-to-date: /home/chaung/f_ws/install/cartographer_ros_msgs/include/cartographer_ros_msgs/srv/detail/submap_query__type_support.c
[0.509s] -- Up-to-date: /home/chaung/f_ws/install/cartographer_ros_msgs/include/cartographer_ros_msgs/srv/detail/submap_query__rosidl_typesupport_introspection_c.h
[0.509s] -- Up-to-date: /home/chaung/f_ws/install/cartographer_ros_msgs/include/cartographer_ros_msgs/srv/detail/start_trajectory__rosidl_typesupport_introspection_c.h
[0.509s] -- Up-to-date: /home/chaung/f_ws/install/cartographer_ros_msgs/include/cartographer_ros_msgs/msg
[0.509s] -- Up-to-date: /home/chaung/f_ws/install/cartographer_ros_msgs/include/cartographer_ros_msgs/msg/rosidl_typesupport_introspection_c__visibility_control.h
[0.509s] -- Up-to-date: /home/chaung/f_ws/install/cartographer_ros_msgs/include/cartographer_ros_msgs/msg/detail
[0.509s] -- Up-to-date: /home/chaung/f_ws/install/cartographer_ros_msgs/include/cartographer_ros_msgs/msg/detail/submap_entry__rosidl_typesupport_introspection_c.h
[0.510s] -- Up-to-date: /home/chaung/f_ws/install/cartographer_ros_msgs/include/cartographer_ros_msgs/msg/detail/sensor_topics__type_support.c
[0.510s] -- Up-to-date: /home/chaung/f_ws/install/cartographer_ros_msgs/include/cartographer_ros_msgs/msg/detail/landmark_entry__type_support.c
[0.510s] -- Up-to-date: /home/chaung/f_ws/install/cartographer_ros_msgs/include/cartographer_ros_msgs/msg/detail/submap_list__rosidl_typesupport_introspection_c.h
[0.510s] -- Up-to-date: /home/chaung/f_ws/install/cartographer_ros_msgs/include/cartographer_ros_msgs/msg/detail/landmark_entry__rosidl_typesupport_introspection_c.h
[0.510s] -- Up-to-date: /home/chaung/f_ws/install/cartographer_ros_msgs/include/cartographer_ros_msgs/msg/detail/sensor_topics__rosidl_typesupport_introspection_c.h
[0.510s] -- Up-to-date: /home/chaung/f_ws/install/cartographer_ros_msgs/include/cartographer_ros_msgs/msg/detail/status_response__type_support.c
[0.510s] -- Up-to-date: /home/chaung/f_ws/install/cartographer_ros_msgs/include/cartographer_ros_msgs/msg/detail/submap_entry__type_support.c
[0.510s] -- Up-to-date: /home/chaung/f_ws/install/cartographer_ros_msgs/include/cartographer_ros_msgs/msg/detail/submap_texture__type_support.c
[0.510s] -- Up-to-date: /home/chaung/f_ws/install/cartographer_ros_msgs/include/cartographer_ros_msgs/msg/detail/status_code__type_support.c
[0.510s] -- Up-to-date: /home/chaung/f_ws/install/cartographer_ros_msgs/include/cartographer_ros_msgs/msg/detail/status_code__rosidl_typesupport_introspection_c.h
[0.510s] -- Up-to-date: /home/chaung/f_ws/install/cartographer_ros_msgs/include/cartographer_ros_msgs/msg/detail/status_response__rosidl_typesupport_introspection_c.h
[0.511s] -- Up-to-date: /home/chaung/f_ws/install/cartographer_ros_msgs/include/cartographer_ros_msgs/msg/detail/landmark_list__type_support.c
[0.511s] -- Up-to-date: /home/chaung/f_ws/install/cartographer_ros_msgs/include/cartographer_ros_msgs/msg/detail/trajectory_options__type_support.c
[0.511s] -- Up-to-date: /home/chaung/f_ws/install/cartographer_ros_msgs/include/cartographer_ros_msgs/msg/detail/submap_list__type_support.c
[0.511s] -- Up-to-date: /home/chaung/f_ws/install/cartographer_ros_msgs/include/cartographer_ros_msgs/msg/detail/submap_texture__rosidl_typesupport_introspection_c.h
[0.511s] -- Up-to-date: /home/chaung/f_ws/install/cartographer_ros_msgs/include/cartographer_ros_msgs/msg/detail/landmark_list__rosidl_typesupport_introspection_c.h
[0.511s] -- Up-to-date: /home/chaung/f_ws/install/cartographer_ros_msgs/include/cartographer_ros_msgs/msg/detail/trajectory_options__rosidl_typesupport_introspection_c.h
[0.511s] -- Up-to-date: /home/chaung/f_ws/install/cartographer_ros_msgs/lib/libcartographer_ros_msgs__rosidl_typesupport_introspection_c.so
[0.511s] -- Up-to-date: /home/chaung/f_ws/install/cartographer_ros_msgs/lib/libcartographer_ros_msgs__rosidl_typesupport_c.so
[0.511s] -- Up-to-date: /home/chaung/f_ws/install/cartographer_ros_msgs/include/cartographer_ros_msgs
[0.511s] -- Up-to-date: /home/chaung/f_ws/install/cartographer_ros_msgs/include/cartographer_ros_msgs/srv
[0.511s] -- Up-to-date: /home/chaung/f_ws/install/cartographer_ros_msgs/include/cartographer_ros_msgs/srv/detail
[0.511s] -- Up-to-date: /home/chaung/f_ws/install/cartographer_ros_msgs/include/cartographer_ros_msgs/srv/detail/finish_trajectory__traits.hpp
[0.512s] -- Up-to-date: /home/chaung/f_ws/install/cartographer_ros_msgs/include/cartographer_ros_msgs/srv/detail/write_state__traits.hpp
[0.512s] -- Up-to-date: /home/chaung/f_ws/install/cartographer_ros_msgs/include/cartographer_ros_msgs/srv/detail/write_state__builder.hpp
[0.512s] -- Up-to-date: /home/chaung/f_ws/install/cartographer_ros_msgs/include/cartographer_ros_msgs/srv/detail/submap_query__traits.hpp
[0.512s] -- Up-to-date: /home/chaung/f_ws/install/cartographer_ros_msgs/include/cartographer_ros_msgs/srv/detail/start_trajectory__builder.hpp
[0.512s] -- Up-to-date: /home/chaung/f_ws/install/cartographer_ros_msgs/include/cartographer_ros_msgs/srv/detail/write_state__struct.hpp
[0.512s] -- Up-to-date: /home/chaung/f_ws/install/cartographer_ros_msgs/include/cartographer_ros_msgs/srv/detail/finish_trajectory__builder.hpp
[0.512s] -- Up-to-date: /home/chaung/f_ws/install/cartographer_ros_msgs/include/cartographer_ros_msgs/srv/detail/start_trajectory__struct.hpp
[0.512s] -- Up-to-date: /home/chaung/f_ws/install/cartographer_ros_msgs/include/cartographer_ros_msgs/srv/detail/submap_query__struct.hpp
[0.512s] -- Up-to-date: /home/chaung/f_ws/install/cartographer_ros_msgs/include/cartographer_ros_msgs/srv/detail/submap_query__builder.hpp
[0.512s] -- Up-to-date: /home/chaung/f_ws/install/cartographer_ros_msgs/include/cartographer_ros_msgs/srv/detail/start_trajectory__traits.hpp
[0.512s] -- Up-to-date: /home/chaung/f_ws/install/cartographer_ros_msgs/include/cartographer_ros_msgs/srv/detail/finish_trajectory__struct.hpp
[0.512s] -- Up-to-date: /home/chaung/f_ws/install/cartographer_ros_msgs/include/cartographer_ros_msgs/srv/finish_trajectory.hpp
[0.512s] -- Up-to-date: /home/chaung/f_ws/install/cartographer_ros_msgs/include/cartographer_ros_msgs/srv/write_state.hpp
[0.512s] -- Up-to-date: /home/chaung/f_ws/install/cartographer_ros_msgs/include/cartographer_ros_msgs/srv/start_trajectory.hpp
[0.513s] -- Up-to-date: /home/chaung/f_ws/install/cartographer_ros_msgs/include/cartographer_ros_msgs/srv/submap_query.hpp
[0.513s] -- Up-to-date: /home/chaung/f_ws/install/cartographer_ros_msgs/include/cartographer_ros_msgs/msg
[0.513s] -- Up-to-date: /home/chaung/f_ws/install/cartographer_ros_msgs/include/cartographer_ros_msgs/msg/status_response.hpp
[0.513s] -- Up-to-date: /home/chaung/f_ws/install/cartographer_ros_msgs/include/cartographer_ros_msgs/msg/submap_texture.hpp
[0.513s] -- Up-to-date: /home/chaung/f_ws/install/cartographer_ros_msgs/include/cartographer_ros_msgs/msg/landmark_entry.hpp
[0.513s] -- Up-to-date: /home/chaung/f_ws/install/cartographer_ros_msgs/include/cartographer_ros_msgs/msg/detail
[0.513s] -- Up-to-date: /home/chaung/f_ws/install/cartographer_ros_msgs/include/cartographer_ros_msgs/msg/detail/submap_texture__struct.hpp
[0.513s] -- Up-to-date: /home/chaung/f_ws/install/cartographer_ros_msgs/include/cartographer_ros_msgs/msg/detail/sensor_topics__struct.hpp
[0.514s] -- Up-to-date: /home/chaung/f_ws/install/cartographer_ros_msgs/include/cartographer_ros_msgs/msg/detail/sensor_topics__traits.hpp
[0.514s] -- Up-to-date: /home/chaung/f_ws/install/cartographer_ros_msgs/include/cartographer_ros_msgs/msg/detail/submap_entry__traits.hpp
[0.514s] -- Up-to-date: /home/chaung/f_ws/install/cartographer_ros_msgs/include/cartographer_ros_msgs/msg/detail/status_code__traits.hpp
[0.514s] -- Up-to-date: /home/chaung/f_ws/install/cartographer_ros_msgs/include/cartographer_ros_msgs/msg/detail/trajectory_options__builder.hpp
[0.514s] -- Up-to-date: /home/chaung/f_ws/install/cartographer_ros_msgs/include/cartographer_ros_msgs/msg/detail/submap_entry__struct.hpp
[0.514s] -- Up-to-date: /home/chaung/f_ws/install/cartographer_ros_msgs/include/cartographer_ros_msgs/msg/detail/submap_entry__builder.hpp
[0.514s] -- Up-to-date: /home/chaung/f_ws/install/cartographer_ros_msgs/include/cartographer_ros_msgs/msg/detail/status_response__builder.hpp
[0.514s] -- Up-to-date: /home/chaung/f_ws/install/cartographer_ros_msgs/include/cartographer_ros_msgs/msg/detail/submap_texture__builder.hpp
[0.514s] -- Up-to-date: /home/chaung/f_ws/install/cartographer_ros_msgs/include/cartographer_ros_msgs/msg/detail/submap_list__traits.hpp
[0.514s] -- Up-to-date: /home/chaung/f_ws/install/cartographer_ros_msgs/include/cartographer_ros_msgs/msg/detail/landmark_entry__struct.hpp
[0.514s] -- Up-to-date: /home/chaung/f_ws/install/cartographer_ros_msgs/include/cartographer_ros_msgs/msg/detail/landmark_list__traits.hpp
[0.514s] -- Up-to-date: /home/chaung/f_ws/install/cartographer_ros_msgs/include/cartographer_ros_msgs/msg/detail/status_code__struct.hpp
[0.514s] -- Up-to-date: /home/chaung/f_ws/install/cartographer_ros_msgs/include/cartographer_ros_msgs/msg/detail/status_response__traits.hpp
[0.514s] -- Up-to-date: /home/chaung/f_ws/install/cartographer_ros_msgs/include/cartographer_ros_msgs/msg/detail/sensor_topics__builder.hpp
[0.514s] -- Up-to-date: /home/chaung/f_ws/install/cartographer_ros_msgs/include/cartographer_ros_msgs/msg/detail/status_response__struct.hpp
[0.514s] -- Up-to-date: /home/chaung/f_ws/install/cartographer_ros_msgs/include/cartographer_ros_msgs/msg/detail/submap_list__struct.hpp
[0.515s] -- Up-to-date: /home/chaung/f_ws/install/cartographer_ros_msgs/include/cartographer_ros_msgs/msg/detail/landmark_entry__builder.hpp
[0.515s] -- Up-to-date: /home/chaung/f_ws/install/cartographer_ros_msgs/include/cartographer_ros_msgs/msg/detail/trajectory_options__traits.hpp
[0.515s] -- Up-to-date: /home/chaung/f_ws/install/cartographer_ros_msgs/include/cartographer_ros_msgs/msg/detail/submap_texture__traits.hpp
[0.515s] -- Up-to-date: /home/chaung/f_ws/install/cartographer_ros_msgs/include/cartographer_ros_msgs/msg/detail/landmark_entry__traits.hpp
[0.515s] -- Up-to-date: /home/chaung/f_ws/install/cartographer_ros_msgs/include/cartographer_ros_msgs/msg/detail/trajectory_options__struct.hpp
[0.515s] -- Up-to-date: /home/chaung/f_ws/install/cartographer_ros_msgs/include/cartographer_ros_msgs/msg/detail/landmark_list__builder.hpp
[0.515s] -- Up-to-date: /home/chaung/f_ws/install/cartographer_ros_msgs/include/cartographer_ros_msgs/msg/detail/landmark_list__struct.hpp
[0.515s] -- Up-to-date: /home/chaung/f_ws/install/cartographer_ros_msgs/include/cartographer_ros_msgs/msg/detail/status_code__builder.hpp
[0.515s] -- Up-to-date: /home/chaung/f_ws/install/cartographer_ros_msgs/include/cartographer_ros_msgs/msg/detail/submap_list__builder.hpp
[0.515s] -- Up-to-date: /home/chaung/f_ws/install/cartographer_ros_msgs/include/cartographer_ros_msgs/msg/submap_entry.hpp
[0.515s] -- Up-to-date: /home/chaung/f_ws/install/cartographer_ros_msgs/include/cartographer_ros_msgs/msg/landmark_list.hpp
[0.515s] -- Up-to-date: /home/chaung/f_ws/install/cartographer_ros_msgs/include/cartographer_ros_msgs/msg/sensor_topics.hpp
[0.515s] -- Up-to-date: /home/chaung/f_ws/install/cartographer_ros_msgs/include/cartographer_ros_msgs/msg/submap_list.hpp
[0.515s] -- Up-to-date: /home/chaung/f_ws/install/cartographer_ros_msgs/include/cartographer_ros_msgs/msg/status_code.hpp
[0.515s] -- Up-to-date: /home/chaung/f_ws/install/cartographer_ros_msgs/include/cartographer_ros_msgs/msg/trajectory_options.hpp
[0.515s] -- Up-to-date: /home/chaung/f_ws/install/cartographer_ros_msgs/include/cartographer_ros_msgs
[0.516s] -- Up-to-date: /home/chaung/f_ws/install/cartographer_ros_msgs/include/cartographer_ros_msgs/srv
[0.516s] -- Up-to-date: /home/chaung/f_ws/install/cartographer_ros_msgs/include/cartographer_ros_msgs/srv/detail
[0.516s] -- Up-to-date: /home/chaung/f_ws/install/cartographer_ros_msgs/include/cartographer_ros_msgs/srv/detail/start_trajectory__rosidl_typesupport_introspection_cpp.hpp
[0.516s] -- Up-to-date: /home/chaung/f_ws/install/cartographer_ros_msgs/include/cartographer_ros_msgs/srv/detail/write_state__rosidl_typesupport_introspection_cpp.hpp
[0.516s] -- Up-to-date: /home/chaung/f_ws/install/cartographer_ros_msgs/include/cartographer_ros_msgs/srv/detail/start_trajectory__type_support.cpp
[0.516s] -- Up-to-date: /home/chaung/f_ws/install/cartographer_ros_msgs/include/cartographer_ros_msgs/srv/detail/submap_query__type_support.cpp
[0.516s] -- Up-to-date: /home/chaung/f_ws/install/cartographer_ros_msgs/include/cartographer_ros_msgs/srv/detail/submap_query__rosidl_typesupport_introspection_cpp.hpp
[0.516s] -- Up-to-date: /home/chaung/f_ws/install/cartographer_ros_msgs/include/cartographer_ros_msgs/srv/detail/finish_trajectory__type_support.cpp
[0.516s] -- Up-to-date: /home/chaung/f_ws/install/cartographer_ros_msgs/include/cartographer_ros_msgs/srv/detail/finish_trajectory__rosidl_typesupport_introspection_cpp.hpp
[0.516s] -- Up-to-date: /home/chaung/f_ws/install/cartographer_ros_msgs/include/cartographer_ros_msgs/srv/detail/write_state__type_support.cpp
[0.516s] -- Up-to-date: /home/chaung/f_ws/install/cartographer_ros_msgs/include/cartographer_ros_msgs/msg
[0.517s] -- Up-to-date: /home/chaung/f_ws/install/cartographer_ros_msgs/include/cartographer_ros_msgs/msg/detail
[0.517s] -- Up-to-date: /home/chaung/f_ws/install/cartographer_ros_msgs/include/cartographer_ros_msgs/msg/detail/submap_entry__type_support.cpp
[0.517s] -- Up-to-date: /home/chaung/f_ws/install/cartographer_ros_msgs/include/cartographer_ros_msgs/msg/detail/landmark_entry__type_support.cpp
[0.517s] -- Up-to-date: /home/chaung/f_ws/install/cartographer_ros_msgs/include/cartographer_ros_msgs/msg/detail/landmark_list__type_support.cpp
[0.517s] -- Up-to-date: /home/chaung/f_ws/install/cartographer_ros_msgs/include/cartographer_ros_msgs/msg/detail/trajectory_options__type_support.cpp
[0.517s] -- Up-to-date: /home/chaung/f_ws/install/cartographer_ros_msgs/include/cartographer_ros_msgs/msg/detail/status_code__type_support.cpp
[0.517s] -- Up-to-date: /home/chaung/f_ws/install/cartographer_ros_msgs/include/cartographer_ros_msgs/msg/detail/sensor_topics__type_support.cpp
[0.517s] -- Up-to-date: /home/chaung/f_ws/install/cartographer_ros_msgs/include/cartographer_ros_msgs/msg/detail/submap_list__rosidl_typesupport_introspection_cpp.hpp
[0.517s] -- Up-to-date: /home/chaung/f_ws/install/cartographer_ros_msgs/include/cartographer_ros_msgs/msg/detail/trajectory_options__rosidl_typesupport_introspection_cpp.hpp
[0.517s] -- Up-to-date: /home/chaung/f_ws/install/cartographer_ros_msgs/include/cartographer_ros_msgs/msg/detail/status_response__type_support.cpp
[0.519s] -- Up-to-date: /home/chaung/f_ws/install/cartographer_ros_msgs/include/cartographer_ros_msgs/msg/detail/submap_entry__rosidl_typesupport_introspection_cpp.hpp
[0.519s] -- Up-to-date: /home/chaung/f_ws/install/cartographer_ros_msgs/include/cartographer_ros_msgs/msg/detail/submap_texture__type_support.cpp
[0.519s] -- Up-to-date: /home/chaung/f_ws/install/cartographer_ros_msgs/include/cartographer_ros_msgs/msg/detail/landmark_entry__rosidl_typesupport_introspection_cpp.hpp
[0.519s] -- Up-to-date: /home/chaung/f_ws/install/cartographer_ros_msgs/include/cartographer_ros_msgs/msg/detail/submap_list__type_support.cpp
[0.520s] -- Up-to-date: /home/chaung/f_ws/install/cartographer_ros_msgs/include/cartographer_ros_msgs/msg/detail/status_code__rosidl_typesupport_introspection_cpp.hpp
[0.520s] -- Up-to-date: /home/chaung/f_ws/install/cartographer_ros_msgs/include/cartographer_ros_msgs/msg/detail/landmark_list__rosidl_typesupport_introspection_cpp.hpp
[0.520s] -- Up-to-date: /home/chaung/f_ws/install/cartographer_ros_msgs/include/cartographer_ros_msgs/msg/detail/submap_texture__rosidl_typesupport_introspection_cpp.hpp
[0.520s] -- Up-to-date: /home/chaung/f_ws/install/cartographer_ros_msgs/include/cartographer_ros_msgs/msg/detail/sensor_topics__rosidl_typesupport_introspection_cpp.hpp
[0.520s] -- Up-to-date: /home/chaung/f_ws/install/cartographer_ros_msgs/include/cartographer_ros_msgs/msg/detail/status_response__rosidl_typesupport_introspection_cpp.hpp
[0.520s] -- Up-to-date: /home/chaung/f_ws/install/cartographer_ros_msgs/lib/libcartographer_ros_msgs__rosidl_typesupport_introspection_cpp.so
[0.520s] -- Up-to-date: /home/chaung/f_ws/install/cartographer_ros_msgs/lib/libcartographer_ros_msgs__rosidl_typesupport_cpp.so
[0.520s] -- Up-to-date: /home/chaung/f_ws/install/cartographer_ros_msgs/share/cartographer_ros_msgs/environment/pythonpath.sh
[0.521s] -- Up-to-date: /home/chaung/f_ws/install/cartographer_ros_msgs/share/cartographer_ros_msgs/environment/pythonpath.dsv
[0.521s] -- Up-to-date: /home/chaung/f_ws/install/cartographer_ros_msgs/lib/python3.8/site-packages/cartographer_ros_msgs/__init__.py
[0.527s] -- Up-to-date: /home/chaung/f_ws/install/cartographer_ros_msgs/lib/python3.8/site-packages/cartographer_ros_msgs/msg
[0.527s] -- Up-to-date: /home/chaung/f_ws/install/cartographer_ros_msgs/lib/python3.8/site-packages/cartographer_ros_msgs/msg/__init__.py
[0.527s] -- Up-to-date: /home/chaung/f_ws/install/cartographer_ros_msgs/lib/python3.8/site-packages/cartographer_ros_msgs/msg/_submap_list_s.c
[0.527s] -- Up-to-date: /home/chaung/f_ws/install/cartographer_ros_msgs/lib/python3.8/site-packages/cartographer_ros_msgs/msg/_landmark_entry_s.c
[0.527s] -- Up-to-date: /home/chaung/f_ws/install/cartographer_ros_msgs/lib/python3.8/site-packages/cartographer_ros_msgs/msg/_submap_texture.py
[0.527s] -- Up-to-date: /home/chaung/f_ws/install/cartographer_ros_msgs/lib/python3.8/site-packages/cartographer_ros_msgs/msg/_submap_texture_s.c
[0.527s] -- Up-to-date: /home/chaung/f_ws/install/cartographer_ros_msgs/lib/python3.8/site-packages/cartographer_ros_msgs/msg/_status_code_s.c
[0.527s] -- Up-to-date: /home/chaung/f_ws/install/cartographer_ros_msgs/lib/python3.8/site-packages/cartographer_ros_msgs/msg/_sensor_topics_s.c
[0.528s] -- Up-to-date: /home/chaung/f_ws/install/cartographer_ros_msgs/lib/python3.8/site-packages/cartographer_ros_msgs/msg/_submap_entry_s.c
[0.528s] -- Up-to-date: /home/chaung/f_ws/install/cartographer_ros_msgs/lib/python3.8/site-packages/cartographer_ros_msgs/msg/_sensor_topics.py
[0.528s] -- Up-to-date: /home/chaung/f_ws/install/cartographer_ros_msgs/lib/python3.8/site-packages/cartographer_ros_msgs/msg/_submap_entry.py
[0.528s] -- Up-to-date: /home/chaung/f_ws/install/cartographer_ros_msgs/lib/python3.8/site-packages/cartographer_ros_msgs/msg/_submap_list.py
[0.528s] -- Up-to-date: /home/chaung/f_ws/install/cartographer_ros_msgs/lib/python3.8/site-packages/cartographer_ros_msgs/msg/_landmark_list_s.c
[0.528s] -- Up-to-date: /home/chaung/f_ws/install/cartographer_ros_msgs/lib/python3.8/site-packages/cartographer_ros_msgs/msg/_trajectory_options.py
[0.528s] -- Up-to-date: /home/chaung/f_ws/install/cartographer_ros_msgs/lib/python3.8/site-packages/cartographer_ros_msgs/msg/_status_response_s.c
[0.528s] -- Up-to-date: /home/chaung/f_ws/install/cartographer_ros_msgs/lib/python3.8/site-packages/cartographer_ros_msgs/msg/_trajectory_options_s.c
[0.528s] -- Up-to-date: /home/chaung/f_ws/install/cartographer_ros_msgs/lib/python3.8/site-packages/cartographer_ros_msgs/msg/_landmark_entry.py
[0.528s] -- Up-to-date: /home/chaung/f_ws/install/cartographer_ros_msgs/lib/python3.8/site-packages/cartographer_ros_msgs/msg/_landmark_list.py
[0.528s] -- Up-to-date: /home/chaung/f_ws/install/cartographer_ros_msgs/lib/python3.8/site-packages/cartographer_ros_msgs/msg/_status_response.py
[0.528s] -- Up-to-date: /home/chaung/f_ws/install/cartographer_ros_msgs/lib/python3.8/site-packages/cartographer_ros_msgs/msg/_status_code.py
[0.528s] -- Up-to-date: /home/chaung/f_ws/install/cartographer_ros_msgs/lib/python3.8/site-packages/cartographer_ros_msgs/srv
[0.529s] -- Up-to-date: /home/chaung/f_ws/install/cartographer_ros_msgs/lib/python3.8/site-packages/cartographer_ros_msgs/srv/__init__.py
[0.529s] -- Up-to-date: /home/chaung/f_ws/install/cartographer_ros_msgs/lib/python3.8/site-packages/cartographer_ros_msgs/srv/_write_state_s.c
[0.529s] -- Up-to-date: /home/chaung/f_ws/install/cartographer_ros_msgs/lib/python3.8/site-packages/cartographer_ros_msgs/srv/_finish_trajectory_s.c
[0.529s] -- Up-to-date: /home/chaung/f_ws/install/cartographer_ros_msgs/lib/python3.8/site-packages/cartographer_ros_msgs/srv/_finish_trajectory.py
[0.529s] -- Up-to-date: /home/chaung/f_ws/install/cartographer_ros_msgs/lib/python3.8/site-packages/cartographer_ros_msgs/srv/_submap_query_s.c
[0.529s] -- Up-to-date: /home/chaung/f_ws/install/cartographer_ros_msgs/lib/python3.8/site-packages/cartographer_ros_msgs/srv/_start_trajectory_s.c
[0.529s] -- Up-to-date: /home/chaung/f_ws/install/cartographer_ros_msgs/lib/python3.8/site-packages/cartographer_ros_msgs/srv/_write_state.py
[0.529s] -- Up-to-date: /home/chaung/f_ws/install/cartographer_ros_msgs/lib/python3.8/site-packages/cartographer_ros_msgs/srv/_start_trajectory.py
[0.529s] -- Up-to-date: /home/chaung/f_ws/install/cartographer_ros_msgs/lib/python3.8/site-packages/cartographer_ros_msgs/srv/_submap_query.py
[0.529s] -- Up-to-date: /home/chaung/f_ws/install/cartographer_ros_msgs/lib/python3.8/site-packages/cartographer_ros_msgs/cartographer_ros_msgs_s__rosidl_typesupport_fastrtps_c.cpython-38-x86_64-linux-gnu.so
[0.529s] -- Up-to-date: /home/chaung/f_ws/install/cartographer_ros_msgs/lib/python3.8/site-packages/cartographer_ros_msgs/cartographer_ros_msgs_s__rosidl_typesupport_introspection_c.cpython-38-x86_64-linux-gnu.so
[0.529s] -- Up-to-date: /home/chaung/f_ws/install/cartographer_ros_msgs/lib/python3.8/site-packages/cartographer_ros_msgs/cartographer_ros_msgs_s__rosidl_typesupport_c.cpython-38-x86_64-linux-gnu.so
[0.530s] -- Up-to-date: /home/chaung/f_ws/install/cartographer_ros_msgs/lib/libcartographer_ros_msgs__python.so
[0.530s] -- Up-to-date: /home/chaung/f_ws/install/cartographer_ros_msgs/share/cartographer_ros_msgs/msg/LandmarkEntry.idl
[0.530s] -- Up-to-date: /home/chaung/f_ws/install/cartographer_ros_msgs/share/cartographer_ros_msgs/msg/LandmarkList.idl
[0.530s] -- Up-to-date: /home/chaung/f_ws/install/cartographer_ros_msgs/share/cartographer_ros_msgs/msg/SensorTopics.idl
[0.530s] -- Up-to-date: /home/chaung/f_ws/install/cartographer_ros_msgs/share/cartographer_ros_msgs/msg/StatusCode.idl
[0.530s] -- Up-to-date: /home/chaung/f_ws/install/cartographer_ros_msgs/share/cartographer_ros_msgs/msg/StatusResponse.idl
[0.530s] -- Up-to-date: /home/chaung/f_ws/install/cartographer_ros_msgs/share/cartographer_ros_msgs/msg/SubmapEntry.idl
[0.530s] -- Up-to-date: /home/chaung/f_ws/install/cartographer_ros_msgs/share/cartographer_ros_msgs/msg/SubmapList.idl
[0.530s] -- Up-to-date: /home/chaung/f_ws/install/cartographer_ros_msgs/share/cartographer_ros_msgs/msg/SubmapTexture.idl
[0.530s] -- Up-to-date: /home/chaung/f_ws/install/cartographer_ros_msgs/share/cartographer_ros_msgs/msg/TrajectoryOptions.idl
[0.530s] -- Up-to-date: /home/chaung/f_ws/install/cartographer_ros_msgs/share/cartographer_ros_msgs/srv/FinishTrajectory.idl
[0.530s] -- Up-to-date: /home/chaung/f_ws/install/cartographer_ros_msgs/share/cartographer_ros_msgs/srv/StartTrajectory.idl
[0.530s] -- Up-to-date: /home/chaung/f_ws/install/cartographer_ros_msgs/share/cartographer_ros_msgs/srv/SubmapQuery.idl
[0.530s] -- Up-to-date: /home/chaung/f_ws/install/cartographer_ros_msgs/share/cartographer_ros_msgs/srv/WriteState.idl
[0.530s] -- Up-to-date: /home/chaung/f_ws/install/cartographer_ros_msgs/share/cartographer_ros_msgs/msg/LandmarkEntry.msg
[0.531s] -- Up-to-date: /home/chaung/f_ws/install/cartographer_ros_msgs/share/cartographer_ros_msgs/msg/LandmarkList.msg
[0.531s] -- Up-to-date: /home/chaung/f_ws/install/cartographer_ros_msgs/share/cartographer_ros_msgs/msg/SensorTopics.msg
[0.531s] -- Up-to-date: /home/chaung/f_ws/install/cartographer_ros_msgs/share/cartographer_ros_msgs/msg/StatusCode.msg
[0.531s] -- Up-to-date: /home/chaung/f_ws/install/cartographer_ros_msgs/share/cartographer_ros_msgs/msg/StatusResponse.msg
[0.531s] -- Up-to-date: /home/chaung/f_ws/install/cartographer_ros_msgs/share/cartographer_ros_msgs/msg/SubmapEntry.msg
[0.531s] -- Up-to-date: /home/chaung/f_ws/install/cartographer_ros_msgs/share/cartographer_ros_msgs/msg/SubmapList.msg
[0.531s] -- Up-to-date: /home/chaung/f_ws/install/cartographer_ros_msgs/share/cartographer_ros_msgs/msg/SubmapTexture.msg
[0.531s] -- Up-to-date: /home/chaung/f_ws/install/cartographer_ros_msgs/share/cartographer_ros_msgs/msg/TrajectoryOptions.msg
[0.531s] -- Up-to-date: /home/chaung/f_ws/install/cartographer_ros_msgs/share/cartographer_ros_msgs/srv/FinishTrajectory.srv
[0.531s] -- Up-to-date: /home/chaung/f_ws/install/cartographer_ros_msgs/share/cartographer_ros_msgs/srv/FinishTrajectory_Request.msg
[0.531s] -- Up-to-date: /home/chaung/f_ws/install/cartographer_ros_msgs/share/cartographer_ros_msgs/srv/FinishTrajectory_Response.msg
[0.531s] -- Up-to-date: /home/chaung/f_ws/install/cartographer_ros_msgs/share/cartographer_ros_msgs/srv/StartTrajectory.srv
[0.531s] -- Up-to-date: /home/chaung/f_ws/install/cartographer_ros_msgs/share/cartographer_ros_msgs/srv/StartTrajectory_Request.msg
[0.532s] -- Up-to-date: /home/chaung/f_ws/install/cartographer_ros_msgs/share/cartographer_ros_msgs/srv/StartTrajectory_Response.msg
[0.532s] -- Up-to-date: /home/chaung/f_ws/install/cartographer_ros_msgs/share/cartographer_ros_msgs/srv/SubmapQuery.srv
[0.532s] -- Up-to-date: /home/chaung/f_ws/install/cartographer_ros_msgs/share/cartographer_ros_msgs/srv/SubmapQuery_Request.msg
[0.532s] -- Up-to-date: /home/chaung/f_ws/install/cartographer_ros_msgs/share/cartographer_ros_msgs/srv/SubmapQuery_Response.msg
[0.532s] -- Up-to-date: /home/chaung/f_ws/install/cartographer_ros_msgs/share/cartographer_ros_msgs/srv/WriteState.srv
[0.532s] -- Up-to-date: /home/chaung/f_ws/install/cartographer_ros_msgs/share/cartographer_ros_msgs/srv/WriteState_Request.msg
[0.532s] -- Up-to-date: /home/chaung/f_ws/install/cartographer_ros_msgs/share/cartographer_ros_msgs/srv/WriteState_Response.msg
[0.532s] -- Up-to-date: /home/chaung/f_ws/install/cartographer_ros_msgs/share/ament_index/resource_index/package_run_dependencies/cartographer_ros_msgs
[0.532s] -- Up-to-date: /home/chaung/f_ws/install/cartographer_ros_msgs/share/ament_index/resource_index/parent_prefix_path/cartographer_ros_msgs
[0.532s] -- Up-to-date: /home/chaung/f_ws/install/cartographer_ros_msgs/share/cartographer_ros_msgs/environment/ament_prefix_path.sh
[0.532s] -- Up-to-date: /home/chaung/f_ws/install/cartographer_ros_msgs/share/cartographer_ros_msgs/environment/ament_prefix_path.dsv
[0.532s] -- Up-to-date: /home/chaung/f_ws/install/cartographer_ros_msgs/share/cartographer_ros_msgs/environment/path.sh
[0.533s] -- Up-to-date: /home/chaung/f_ws/install/cartographer_ros_msgs/share/cartographer_ros_msgs/environment/path.dsv
[0.533s] -- Up-to-date: /home/chaung/f_ws/install/cartographer_ros_msgs/share/cartographer_ros_msgs/local_setup.bash
[0.533s] -- Up-to-date: /home/chaung/f_ws/install/cartographer_ros_msgs/share/cartographer_ros_msgs/local_setup.sh
[0.534s] -- Up-to-date: /home/chaung/f_ws/install/cartographer_ros_msgs/share/cartographer_ros_msgs/local_setup.zsh
[0.534s] -- Up-to-date: /home/chaung/f_ws/install/cartographer_ros_msgs/share/cartographer_ros_msgs/local_setup.dsv
[0.534s] -- Installing: /home/chaung/f_ws/install/cartographer_ros_msgs/share/cartographer_ros_msgs/package.dsv
[0.534s] -- Up-to-date: /home/chaung/f_ws/install/cartographer_ros_msgs/share/ament_index/resource_index/packages/cartographer_ros_msgs
[0.534s] -- Up-to-date: /home/chaung/f_ws/install/cartographer_ros_msgs/share/cartographer_ros_msgs/cmake/cartographer_ros_msgs__rosidl_generator_cExport.cmake
[0.534s] -- Up-to-date: /home/chaung/f_ws/install/cartographer_ros_msgs/share/cartographer_ros_msgs/cmake/cartographer_ros_msgs__rosidl_generator_cExport-noconfig.cmake
[0.534s] -- Up-to-date: /home/chaung/f_ws/install/cartographer_ros_msgs/share/cartographer_ros_msgs/cmake/cartographer_ros_msgs__rosidl_typesupport_introspection_cExport.cmake
[0.535s] -- Up-to-date: /home/chaung/f_ws/install/cartographer_ros_msgs/share/cartographer_ros_msgs/cmake/cartographer_ros_msgs__rosidl_typesupport_introspection_cExport-noconfig.cmake
[0.535s] -- Up-to-date: /home/chaung/f_ws/install/cartographer_ros_msgs/share/cartographer_ros_msgs/cmake/cartographer_ros_msgs__rosidl_typesupport_cExport.cmake
[0.535s] -- Up-to-date: /home/chaung/f_ws/install/cartographer_ros_msgs/share/cartographer_ros_msgs/cmake/cartographer_ros_msgs__rosidl_typesupport_cExport-noconfig.cmake
[0.535s] -- Up-to-date: /home/chaung/f_ws/install/cartographer_ros_msgs/share/cartographer_ros_msgs/cmake/cartographer_ros_msgs__rosidl_generator_cppExport.cmake
[0.535s] -- Up-to-date: /home/chaung/f_ws/install/cartographer_ros_msgs/share/cartographer_ros_msgs/cmake/cartographer_ros_msgs__rosidl_typesupport_introspection_cppExport.cmake
[0.535s] -- Up-to-date: /home/chaung/f_ws/install/cartographer_ros_msgs/share/cartographer_ros_msgs/cmake/cartographer_ros_msgs__rosidl_typesupport_introspection_cppExport-noconfig.cmake
[0.535s] -- Up-to-date: /home/chaung/f_ws/install/cartographer_ros_msgs/share/cartographer_ros_msgs/cmake/cartographer_ros_msgs__rosidl_typesupport_cppExport.cmake
[0.535s] -- Up-to-date: /home/chaung/f_ws/install/cartographer_ros_msgs/share/cartographer_ros_msgs/cmake/cartographer_ros_msgs__rosidl_typesupport_cppExport-noconfig.cmake
[0.535s] -- Up-to-date: /home/chaung/f_ws/install/cartographer_ros_msgs/share/cartographer_ros_msgs/cmake/rosidl_cmake-extras.cmake
[0.535s] -- Up-to-date: /home/chaung/f_ws/install/cartographer_ros_msgs/share/cartographer_ros_msgs/cmake/ament_cmake_export_dependencies-extras.cmake
[0.536s] -- Up-to-date: /home/chaung/f_ws/install/cartographer_ros_msgs/share/cartographer_ros_msgs/cmake/ament_cmake_export_libraries-extras.cmake
[0.536s] -- Up-to-date: /home/chaung/f_ws/install/cartographer_ros_msgs/share/cartographer_ros_msgs/cmake/ament_cmake_export_targets-extras.cmake
[0.536s] -- Up-to-date: /home/chaung/f_ws/install/cartographer_ros_msgs/share/cartographer_ros_msgs/cmake/ament_cmake_export_include_directories-extras.cmake
[0.536s] -- Up-to-date: /home/chaung/f_ws/install/cartographer_ros_msgs/share/cartographer_ros_msgs/cmake/rosidl_cmake_export_typesupport_libraries-extras.cmake
[0.536s] -- Up-to-date: /home/chaung/f_ws/install/cartographer_ros_msgs/share/cartographer_ros_msgs/cmake/rosidl_cmake_export_typesupport_targets-extras.cmake
[0.536s] -- Up-to-date: /home/chaung/f_ws/install/cartographer_ros_msgs/share/cartographer_ros_msgs/cmake/cartographer_ros_msgsConfig.cmake
[0.537s] -- Up-to-date: /home/chaung/f_ws/install/cartographer_ros_msgs/share/cartographer_ros_msgs/cmake/cartographer_ros_msgsConfig-version.cmake
[0.537s] -- Up-to-date: /home/chaung/f_ws/install/cartographer_ros_msgs/share/cartographer_ros_msgs/package.xml
[0.539s] Invoked command in '/home/chaung/f_ws/build/cartographer_ros_msgs' returned '0': CMAKE_PREFIX_PATH=${CMAKE_PREFIX_PATH}:/home/chaung/f_ws/install/bno055:/opt/ros/foxy /usr/bin/cmake --install /home/chaung/f_ws/build/cartographer_ros_msgs
